Alpha: alpha_0.50
Using device: NVIDIA A100-SXM4-80GB
############################## cifar10.cnn ##############################
Running experiment with server servers.fedopt_server and client clients.sam_client
Verify client and server: <class 'clients.sam_client.SAMClient'> <class 'servers.fedopt_server.FedOptServer'>
Running influence estimation:   0%|          | 0/20 [00:00<?, ?it/s]wandb: WARNING `resume` will be ignored since W&B syncing is set to `offline`. Starting a new run with run id luaml77h.
wandb: Tracking run with wandb version 0.23.0
wandb: W&B syncing is set to `offline` in this directory. Run `wandb online` or set WANDB_MODE=online to enable cloud syncing.
wandb: Run data is saved locally in /home/mlr570t1/FedSAM_mem_inf-main/models/wandb/offline-run-20251121_192855-luaml77h
Server optimizer: sgd with lr 1.0 and momentum 0
Start round: 0
Clients in Total: 100 training clients and 1 test clients
--- Random Initialization ---
--- Round 1 of 10000: Training 5 Clients ---
Selected clients: ['92', '27', '19', '34', '2']
--- Updating central model ---
Checkpoint saved in path: checkpoints/cifar10/alpha0.5_K5_N10000_cnn_E1_clr0.01_fedopt_sgd_slr1.0_sam_rho0.1_112125_19:29:46.ckpt
--- Round 2 of 10000: Training 5 Clients ---
Selected clients: ['62', '30', '25', '36', '29']
--- Updating central model ---
Checkpoint saved in path: checkpoints/cifar10/alpha0.5_K5_N10000_cnn_E1_clr0.01_fedopt_sgd_slr1.0_sam_rho0.1_112125_19:29:46.ckpt
--- Round 3 of 10000: Training 5 Clients ---
Selected clients: ['93', '51', '38', '25', '36']
--- Updating central model ---
Checkpoint saved in path: checkpoints/cifar10/alpha0.5_K5_N10000_cnn_E1_clr0.01_fedopt_sgd_slr1.0_sam_rho0.1_112125_19:29:46.ckpt
--- Round 4 of 10000: Training 5 Clients ---
Selected clients: ['26', '42', '9', '96', '49']
--- Updating central model ---
Checkpoint saved in path: checkpoints/cifar10/alpha0.5_K5_N10000_cnn_E1_clr0.01_fedopt_sgd_slr1.0_sam_rho0.1_112125_19:29:46.ckpt
--- Round 5 of 10000: Training 5 Clients ---
Selected clients: ['94', '28', '39', '8', '33']
--- Updating central model ---
Checkpoint saved in path: checkpoints/cifar10/alpha0.5_K5_N10000_cnn_E1_clr0.01_fedopt_sgd_slr1.0_sam_rho0.1_112125_19:29:46.ckpt
--- Round 6 of 10000: Training 5 Clients ---
Selected clients: ['42', '26', '94', '89', '2']
--- Updating central model ---
Checkpoint saved in path: checkpoints/cifar10/alpha0.5_K5_N10000_cnn_E1_clr0.01_fedopt_sgd_slr1.0_sam_rho0.1_112125_19:29:46.ckpt
--- Round 7 of 10000: Training 5 Clients ---
Selected clients: ['93', '95', '83', '31', '2']
--- Updating central model ---
Checkpoint saved in path: checkpoints/cifar10/alpha0.5_K5_N10000_cnn_E1_clr0.01_fedopt_sgd_slr1.0_sam_rho0.1_112125_19:29:46.ckpt
--- Round 8 of 10000: Training 5 Clients ---
Selected clients: ['29', '54', '47', '86', '4']
--- Updating central model ---
Checkpoint saved in path: checkpoints/cifar10/alpha0.5_K5_N10000_cnn_E1_clr0.01_fedopt_sgd_slr1.0_sam_rho0.1_112125_19:29:46.ckpt
--- Round 9 of 10000: Training 5 Clients ---
Selected clients: ['38', '76', '11', '20', '55']
--- Updating central model ---
Checkpoint saved in path: checkpoints/cifar10/alpha0.5_K5_N10000_cnn_E1_clr0.01_fedopt_sgd_slr1.0_sam_rho0.1_112125_19:29:46.ckpt
--- Round 10 of 10000: Training 5 Clients ---
Selected clients: ['45', '57', '20', '98', '51']
--- Updating central model ---
Checkpoint saved in path: checkpoints/cifar10/alpha0.5_K5_N10000_cnn_E1_clr0.01_fedopt_sgd_slr1.0_sam_rho0.1_112125_19:29:46.ckpt
--- Round 11 of 10000: Training 5 Clients ---
Selected clients: ['84', '14', '71', '23', '65']
--- Updating central model ---
Checkpoint saved in path: checkpoints/cifar10/alpha0.5_K5_N10000_cnn_E1_clr0.01_fedopt_sgd_slr1.0_sam_rho0.1_112125_19:29:46.ckpt
--- Round 12 of 10000: Training 5 Clients ---
Selected clients: ['2', '4', '61', '90', '88']
--- Updating central model ---
Checkpoint saved in path: checkpoints/cifar10/alpha0.5_K5_N10000_cnn_E1_clr0.01_fedopt_sgd_slr1.0_sam_rho0.1_112125_19:29:46.ckpt
--- Round 13 of 10000: Training 5 Clients ---
Selected clients: ['30', '93', '54', '39', '45']
--- Updating central model ---
Checkpoint saved in path: checkpoints/cifar10/alpha0.5_K5_N10000_cnn_E1_clr0.01_fedopt_sgd_slr1.0_sam_rho0.1_112125_19:29:46.ckpt
--- Round 14 of 10000: Training 5 Clients ---
Selected clients: ['73', '4', '61', '89', '31']
--- Updating central model ---
Checkpoint saved in path: checkpoints/cifar10/alpha0.5_K5_N10000_cnn_E1_clr0.01_fedopt_sgd_slr1.0_sam_rho0.1_112125_19:29:46.ckpt
--- Round 15 of 10000: Training 5 Clients ---
Selected clients: ['86', '20', '38', '34', '10']
--- Updating central model ---
Checkpoint saved in path: checkpoints/cifar10/alpha0.5_K5_N10000_cnn_E1_clr0.01_fedopt_sgd_slr1.0_sam_rho0.1_112125_19:29:46.ckpt
--- Round 16 of 10000: Training 5 Clients ---
Selected clients: ['87', '83', '37', '7', '70']
--- Updating central model ---
Checkpoint saved in path: checkpoints/cifar10/alpha0.5_K5_N10000_cnn_E1_clr0.01_fedopt_sgd_slr1.0_sam_rho0.1_112125_19:29:46.ckpt
--- Round 17 of 10000: Training 5 Clients ---
Selected clients: ['13', '46', '42', '45', '40']
--- Updating central model ---
Checkpoint saved in path: checkpoints/cifar10/alpha0.5_K5_N10000_cnn_E1_clr0.01_fedopt_sgd_slr1.0_sam_rho0.1_112125_19:29:46.ckpt
--- Round 18 of 10000: Training 5 Clients ---
Selected clients: ['0', '8', '10', '71', '67']
--- Updating central model ---
Checkpoint saved in path: checkpoints/cifar10/alpha0.5_K5_N10000_cnn_E1_clr0.01_fedopt_sgd_slr1.0_sam_rho0.1_112125_19:29:46.ckpt
--- Round 19 of 10000: Training 5 Clients ---
Selected clients: ['58', '85', '36', '45', '94']
--- Updating central model ---
Checkpoint saved in path: checkpoints/cifar10/alpha0.5_K5_N10000_cnn_E1_clr0.01_fedopt_sgd_slr1.0_sam_rho0.1_112125_19:29:46.ckpt
--- Round 20 of 10000: Training 5 Clients ---
Selected clients: ['21', '85', '73', '35', '18']
--- Updating central model ---
Checkpoint saved in path: checkpoints/cifar10/alpha0.5_K5_N10000_cnn_E1_clr0.01_fedopt_sgd_slr1.0_sam_rho0.1_112125_19:29:46.ckpt
--- Round 21 of 10000: Training 5 Clients ---
Selected clients: ['40', '73', '2', '36', '44']
--- Updating central model ---
Checkpoint saved in path: checkpoints/cifar10/alpha0.5_K5_N10000_cnn_E1_clr0.01_fedopt_sgd_slr1.0_sam_rho0.1_112125_19:29:46.ckpt
--- Round 22 of 10000: Training 5 Clients ---
Selected clients: ['65', '70', '5', '78', '79']
--- Updating central model ---
Checkpoint saved in path: checkpoints/cifar10/alpha0.5_K5_N10000_cnn_E1_clr0.01_fedopt_sgd_slr1.0_sam_rho0.1_112125_19:29:46.ckpt
--- Round 23 of 10000: Training 5 Clients ---
Selected clients: ['12', '94', '93', '19', '42']
--- Updating central model ---
Checkpoint saved in path: checkpoints/cifar10/alpha0.5_K5_N10000_cnn_E1_clr0.01_fedopt_sgd_slr1.0_sam_rho0.1_112125_19:29:46.ckpt
--- Round 24 of 10000: Training 5 Clients ---
Selected clients: ['36', '0', '83', '46', '77']
--- Updating central model ---
Checkpoint saved in path: checkpoints/cifar10/alpha0.5_K5_N10000_cnn_E1_clr0.01_fedopt_sgd_slr1.0_sam_rho0.1_112125_19:29:46.ckpt
--- Round 25 of 10000: Training 5 Clients ---
Selected clients: ['45', '88', '35', '96', '78']
--- Updating central model ---
Checkpoint saved in path: checkpoints/cifar10/alpha0.5_K5_N10000_cnn_E1_clr0.01_fedopt_sgd_slr1.0_sam_rho0.1_112125_19:29:46.ckpt
--- Round 26 of 10000: Training 5 Clients ---
Selected clients: ['38', '43', '87', '26', '94']
--- Updating central model ---
Checkpoint saved in path: checkpoints/cifar10/alpha0.5_K5_N10000_cnn_E1_clr0.01_fedopt_sgd_slr1.0_sam_rho0.1_112125_19:29:46.ckpt
--- Round 27 of 10000: Training 5 Clients ---
Selected clients: ['80', '77', '95', '61', '76']
--- Updating central model ---
Checkpoint saved in path: checkpoints/cifar10/alpha0.5_K5_N10000_cnn_E1_clr0.01_fedopt_sgd_slr1.0_sam_rho0.1_112125_19:29:46.ckpt
--- Round 28 of 10000: Training 5 Clients ---
Selected clients: ['92', '79', '21', '67', '49']
--- Updating central model ---
Checkpoint saved in path: checkpoints/cifar10/alpha0.5_K5_N10000_cnn_E1_clr0.01_fedopt_sgd_slr1.0_sam_rho0.1_112125_19:29:46.ckpt
--- Round 29 of 10000: Training 5 Clients ---
Selected clients: ['48', '67', '15', '17', '90']
--- Updating central model ---
Checkpoint saved in path: checkpoints/cifar10/alpha0.5_K5_N10000_cnn_E1_clr0.01_fedopt_sgd_slr1.0_sam_rho0.1_112125_19:29:46.ckpt
--- Round 30 of 10000: Training 5 Clients ---
Selected clients: ['56', '19', '62', '32', '31']
--- Updating central model ---
Checkpoint saved in path: checkpoints/cifar10/alpha0.5_K5_N10000_cnn_E1_clr0.01_fedopt_sgd_slr1.0_sam_rho0.1_112125_19:29:46.ckpt
--- Round 31 of 10000: Training 5 Clients ---
Selected clients: ['30', '28', '99', '74', '0']
--- Updating central model ---
Checkpoint saved in path: checkpoints/cifar10/alpha0.5_K5_N10000_cnn_E1_clr0.01_fedopt_sgd_slr1.0_sam_rho0.1_112125_19:29:46.ckpt
--- Round 32 of 10000: Training 5 Clients ---
Selected clients: ['44', '66', '41', '31', '58']
--- Updating central model ---
Checkpoint saved in path: checkpoints/cifar10/alpha0.5_K5_N10000_cnn_E1_clr0.01_fedopt_sgd_slr1.0_sam_rho0.1_112125_19:29:46.ckpt
--- Round 33 of 10000: Training 5 Clients ---
Selected clients: ['36', '40', '35', '70', '4']
--- Updating central model ---
Checkpoint saved in path: checkpoints/cifar10/alpha0.5_K5_N10000_cnn_E1_clr0.01_fedopt_sgd_slr1.0_sam_rho0.1_112125_19:29:46.ckpt
--- Round 34 of 10000: Training 5 Clients ---
Selected clients: ['52', '31', '5', '54', '80']
--- Updating central model ---
Checkpoint saved in path: checkpoints/cifar10/alpha0.5_K5_N10000_cnn_E1_clr0.01_fedopt_sgd_slr1.0_sam_rho0.1_112125_19:29:46.ckpt
--- Round 35 of 10000: Training 5 Clients ---
Selected clients: ['76', '38', '47', '42', '18']
--- Updating central model ---
Checkpoint saved in path: checkpoints/cifar10/alpha0.5_K5_N10000_cnn_E1_clr0.01_fedopt_sgd_slr1.0_sam_rho0.1_112125_19:29:46.ckpt
--- Round 36 of 10000: Training 5 Clients ---
Selected clients: ['16', '23', '20', '1', '42']
--- Updating central model ---
Checkpoint saved in path: checkpoints/cifar10/alpha0.5_K5_N10000_cnn_E1_clr0.01_fedopt_sgd_slr1.0_sam_rho0.1_112125_19:29:46.ckpt
--- Round 37 of 10000: Training 5 Clients ---
Selected clients: ['79', '48', '11', '51', '46']
--- Updating central model ---
Checkpoint saved in path: checkpoints/cifar10/alpha0.5_K5_N10000_cnn_E1_clr0.01_fedopt_sgd_slr1.0_sam_rho0.1_112125_19:29:46.ckpt
--- Round 38 of 10000: Training 5 Clients ---
Selected clients: ['21', '55', '5', '13', '6']
--- Updating central model ---
Checkpoint saved in path: checkpoints/cifar10/alpha0.5_K5_N10000_cnn_E1_clr0.01_fedopt_sgd_slr1.0_sam_rho0.1_112125_19:29:46.ckpt
--- Round 39 of 10000: Training 5 Clients ---
Selected clients: ['32', '63', '82', '69', '57']
--- Updating central model ---
Checkpoint saved in path: checkpoints/cifar10/alpha0.5_K5_N10000_cnn_E1_clr0.01_fedopt_sgd_slr1.0_sam_rho0.1_112125_19:29:46.ckpt
--- Round 40 of 10000: Training 5 Clients ---
Selected clients: ['71', '17', '53', '49', '47']
--- Updating central model ---
Checkpoint saved in path: checkpoints/cifar10/alpha0.5_K5_N10000_cnn_E1_clr0.01_fedopt_sgd_slr1.0_sam_rho0.1_112125_19:29:46.ckpt
--- Round 41 of 10000: Training 5 Clients ---
Selected clients: ['59', '84', '68', '35', '8']
--- Updating central model ---
Checkpoint saved in path: checkpoints/cifar10/alpha0.5_K5_N10000_cnn_E1_clr0.01_fedopt_sgd_slr1.0_sam_rho0.1_112125_19:29:46.ckpt
--- Round 42 of 10000: Training 5 Clients ---
Selected clients: ['44', '62', '91', '24', '98']
--- Updating central model ---
Checkpoint saved in path: checkpoints/cifar10/alpha0.5_K5_N10000_cnn_E1_clr0.01_fedopt_sgd_slr1.0_sam_rho0.1_112125_19:29:46.ckpt
--- Round 43 of 10000: Training 5 Clients ---
Selected clients: ['52', '33', '19', '88', '95']
--- Updating central model ---
Checkpoint saved in path: checkpoints/cifar10/alpha0.5_K5_N10000_cnn_E1_clr0.01_fedopt_sgd_slr1.0_sam_rho0.1_112125_19:29:46.ckpt
--- Round 44 of 10000: Training 5 Clients ---
Selected clients: ['5', '40', '64', '4', '80']
--- Updating central model ---
Checkpoint saved in path: checkpoints/cifar10/alpha0.5_K5_N10000_cnn_E1_clr0.01_fedopt_sgd_slr1.0_sam_rho0.1_112125_19:29:46.ckpt
--- Round 45 of 10000: Training 5 Clients ---
Selected clients: ['32', '59', '56', '41', '60']
--- Updating central model ---
Checkpoint saved in path: checkpoints/cifar10/alpha0.5_K5_N10000_cnn_E1_clr0.01_fedopt_sgd_slr1.0_sam_rho0.1_112125_19:29:46.ckpt
--- Round 46 of 10000: Training 5 Clients ---
Selected clients: ['54', '22', '34', '62', '77']
--- Updating central model ---
Checkpoint saved in path: checkpoints/cifar10/alpha0.5_K5_N10000_cnn_E1_clr0.01_fedopt_sgd_slr1.0_sam_rho0.1_112125_19:29:46.ckpt
--- Round 47 of 10000: Training 5 Clients ---
Selected clients: ['97', '74', '63', '68', '92']
--- Updating central model ---
Checkpoint saved in path: checkpoints/cifar10/alpha0.5_K5_N10000_cnn_E1_clr0.01_fedopt_sgd_slr1.0_sam_rho0.1_112125_19:29:46.ckpt
--- Round 48 of 10000: Training 5 Clients ---
Selected clients: ['9', '95', '81', '72', '74']
--- Updating central model ---
Checkpoint saved in path: checkpoints/cifar10/alpha0.5_K5_N10000_cnn_E1_clr0.01_fedopt_sgd_slr1.0_sam_rho0.1_112125_19:29:46.ckpt
--- Round 49 of 10000: Training 5 Clients ---
Selected clients: ['66', '40', '7', '49', '74']
--- Updating central model ---
Checkpoint saved in path: checkpoints/cifar10/alpha0.5_K5_N10000_cnn_E1_clr0.01_fedopt_sgd_slr1.0_sam_rho0.1_112125_19:29:46.ckpt
--- Round 50 of 10000: Training 5 Clients ---
Selected clients: ['61', '82', '92', '21', '7']
--- Updating central model ---
Checkpoint saved in path: checkpoints/cifar10/alpha0.5_K5_N10000_cnn_E1_clr0.01_fedopt_sgd_slr1.0_sam_rho0.1_112125_19:29:46.ckpt
--- Round 51 of 10000: Training 5 Clients ---
Selected clients: ['13', '82', '56', '69', '62']
--- Updating central model ---
Checkpoint saved in path: checkpoints/cifar10/alpha0.5_K5_N10000_cnn_E1_clr0.01_fedopt_sgd_slr1.0_sam_rho0.1_112125_19:29:46.ckpt
--- Round 52 of 10000: Training 5 Clients ---
Selected clients: ['28', '38', '6', '20', '82']
--- Updating central model ---
Checkpoint saved in path: checkpoints/cifar10/alpha0.5_K5_N10000_cnn_E1_clr0.01_fedopt_sgd_slr1.0_sam_rho0.1_112125_19:29:46.ckpt
--- Round 53 of 10000: Training 5 Clients ---
Selected clients: ['86', '12', '25', '21', '18']
--- Updating central model ---
Checkpoint saved in path: checkpoints/cifar10/alpha0.5_K5_N10000_cnn_E1_clr0.01_fedopt_sgd_slr1.0_sam_rho0.1_112125_19:29:46.ckpt
--- Round 54 of 10000: Training 5 Clients ---
Selected clients: ['86', '97', '32', '26', '56']
--- Updating central model ---
Checkpoint saved in path: checkpoints/cifar10/alpha0.5_K5_N10000_cnn_E1_clr0.01_fedopt_sgd_slr1.0_sam_rho0.1_112125_19:29:46.ckpt
--- Round 55 of 10000: Training 5 Clients ---
Selected clients: ['96', '69', '28', '7', '73']
--- Updating central model ---
Checkpoint saved in path: checkpoints/cifar10/alpha0.5_K5_N10000_cnn_E1_clr0.01_fedopt_sgd_slr1.0_sam_rho0.1_112125_19:29:46.ckpt
--- Round 56 of 10000: Training 5 Clients ---
Selected clients: ['66', '0', '11', '44', '33']
--- Updating central model ---
Checkpoint saved in path: checkpoints/cifar10/alpha0.5_K5_N10000_cnn_E1_clr0.01_fedopt_sgd_slr1.0_sam_rho0.1_112125_19:29:46.ckpt
--- Round 57 of 10000: Training 5 Clients ---
Selected clients: ['0', '13', '60', '27', '43']
--- Updating central model ---
Checkpoint saved in path: checkpoints/cifar10/alpha0.5_K5_N10000_cnn_E1_clr0.01_fedopt_sgd_slr1.0_sam_rho0.1_112125_19:29:46.ckpt
--- Round 58 of 10000: Training 5 Clients ---
Selected clients: ['51', '89', '42', '19', '53']
--- Updating central model ---
Checkpoint saved in path: checkpoints/cifar10/alpha0.5_K5_N10000_cnn_E1_clr0.01_fedopt_sgd_slr1.0_sam_rho0.1_112125_19:29:46.ckpt
--- Round 59 of 10000: Training 5 Clients ---
Selected clients: ['90', '83', '6', '71', '48']
--- Updating central model ---
Checkpoint saved in path: checkpoints/cifar10/alpha0.5_K5_N10000_cnn_E1_clr0.01_fedopt_sgd_slr1.0_sam_rho0.1_112125_19:29:46.ckpt
--- Round 60 of 10000: Training 5 Clients ---
Selected clients: ['3', '57', '56', '41', '59']
--- Updating central model ---
Checkpoint saved in path: checkpoints/cifar10/alpha0.5_K5_N10000_cnn_E1_clr0.01_fedopt_sgd_slr1.0_sam_rho0.1_112125_19:29:46.ckpt
--- Round 61 of 10000: Training 5 Clients ---
Selected clients: ['88', '41', '25', '72', '12']
--- Updating central model ---
Checkpoint saved in path: checkpoints/cifar10/alpha0.5_K5_N10000_cnn_E1_clr0.01_fedopt_sgd_slr1.0_sam_rho0.1_112125_19:29:46.ckpt
--- Round 62 of 10000: Training 5 Clients ---
Selected clients: ['26', '52', '16', '21', '54']
--- Updating central model ---
Checkpoint saved in path: checkpoints/cifar10/alpha0.5_K5_N10000_cnn_E1_clr0.01_fedopt_sgd_slr1.0_sam_rho0.1_112125_19:29:46.ckpt
--- Round 63 of 10000: Training 5 Clients ---
Selected clients: ['1', '94', '37', '5', '65']
--- Updating central model ---
Checkpoint saved in path: checkpoints/cifar10/alpha0.5_K5_N10000_cnn_E1_clr0.01_fedopt_sgd_slr1.0_sam_rho0.1_112125_19:29:46.ckpt
--- Round 64 of 10000: Training 5 Clients ---
Selected clients: ['52', '6', '92', '98', '19']
--- Updating central model ---
Checkpoint saved in path: checkpoints/cifar10/alpha0.5_K5_N10000_cnn_E1_clr0.01_fedopt_sgd_slr1.0_sam_rho0.1_112125_19:29:46.ckpt
--- Round 65 of 10000: Training 5 Clients ---
Selected clients: ['79', '31', '36', '14', '80']
--- Updating central model ---
Checkpoint saved in path: checkpoints/cifar10/alpha0.5_K5_N10000_cnn_E1_clr0.01_fedopt_sgd_slr1.0_sam_rho0.1_112125_19:29:46.ckpt
--- Round 66 of 10000: Training 5 Clients ---
Selected clients: ['9', '3', '82', '93', '2']
--- Updating central model ---
Checkpoint saved in path: checkpoints/cifar10/alpha0.5_K5_N10000_cnn_E1_clr0.01_fedopt_sgd_slr1.0_sam_rho0.1_112125_19:29:46.ckpt
--- Round 67 of 10000: Training 5 Clients ---
Selected clients: ['52', '85', '76', '45', '18']
--- Updating central model ---
Checkpoint saved in path: checkpoints/cifar10/alpha0.5_K5_N10000_cnn_E1_clr0.01_fedopt_sgd_slr1.0_sam_rho0.1_112125_19:29:46.ckpt
--- Round 68 of 10000: Training 5 Clients ---
Selected clients: ['51', '95', '39', '9', '22']
--- Updating central model ---
Checkpoint saved in path: checkpoints/cifar10/alpha0.5_K5_N10000_cnn_E1_clr0.01_fedopt_sgd_slr1.0_sam_rho0.1_112125_19:29:46.ckpt
--- Round 69 of 10000: Training 5 Clients ---
Selected clients: ['12', '2', '81', '51', '76']
--- Updating central model ---
Checkpoint saved in path: checkpoints/cifar10/alpha0.5_K5_N10000_cnn_E1_clr0.01_fedopt_sgd_slr1.0_sam_rho0.1_112125_19:29:46.ckpt
--- Round 70 of 10000: Training 5 Clients ---
Selected clients: ['75', '61', '71', '47', '58']
--- Updating central model ---
Checkpoint saved in path: checkpoints/cifar10/alpha0.5_K5_N10000_cnn_E1_clr0.01_fedopt_sgd_slr1.0_sam_rho0.1_112125_19:29:46.ckpt
--- Round 71 of 10000: Training 5 Clients ---
Selected clients: ['76', '55', '24', '21', '17']
--- Updating central model ---
Checkpoint saved in path: checkpoints/cifar10/alpha0.5_K5_N10000_cnn_E1_clr0.01_fedopt_sgd_slr1.0_sam_rho0.1_112125_19:29:46.ckpt
--- Round 72 of 10000: Training 5 Clients ---
Selected clients: ['23', '45', '89', '62', '6']
--- Updating central model ---
Checkpoint saved in path: checkpoints/cifar10/alpha0.5_K5_N10000_cnn_E1_clr0.01_fedopt_sgd_slr1.0_sam_rho0.1_112125_19:29:46.ckpt
--- Round 73 of 10000: Training 5 Clients ---
Selected clients: ['18', '17', '86', '30', '88']
--- Updating central model ---
Checkpoint saved in path: checkpoints/cifar10/alpha0.5_K5_N10000_cnn_E1_clr0.01_fedopt_sgd_slr1.0_sam_rho0.1_112125_19:29:46.ckpt
--- Round 74 of 10000: Training 5 Clients ---
Selected clients: ['55', '15', '61', '14', '76']
--- Updating central model ---
Checkpoint saved in path: checkpoints/cifar10/alpha0.5_K5_N10000_cnn_E1_clr0.01_fedopt_sgd_slr1.0_sam_rho0.1_112125_19:29:46.ckpt
--- Round 75 of 10000: Training 5 Clients ---
Selected clients: ['31', '75', '48', '55', '4']
--- Updating central model ---
Checkpoint saved in path: checkpoints/cifar10/alpha0.5_K5_N10000_cnn_E1_clr0.01_fedopt_sgd_slr1.0_sam_rho0.1_112125_19:29:46.ckpt
--- Round 76 of 10000: Training 5 Clients ---
Selected clients: ['60', '61', '49', '1', '17']
--- Updating central model ---
Checkpoint saved in path: checkpoints/cifar10/alpha0.5_K5_N10000_cnn_E1_clr0.01_fedopt_sgd_slr1.0_sam_rho0.1_112125_19:29:46.ckpt
--- Round 77 of 10000: Training 5 Clients ---
Selected clients: ['27', '42', '4', '40', '43']
--- Updating central model ---
Checkpoint saved in path: checkpoints/cifar10/alpha0.5_K5_N10000_cnn_E1_clr0.01_fedopt_sgd_slr1.0_sam_rho0.1_112125_19:29:46.ckpt
--- Round 78 of 10000: Training 5 Clients ---
Selected clients: ['67', '1', '6', '47', '54']
--- Updating central model ---
Checkpoint saved in path: checkpoints/cifar10/alpha0.5_K5_N10000_cnn_E1_clr0.01_fedopt_sgd_slr1.0_sam_rho0.1_112125_19:29:46.ckpt
--- Round 79 of 10000: Training 5 Clients ---
Selected clients: ['40', '0', '80', '72', '16']
--- Updating central model ---
Checkpoint saved in path: checkpoints/cifar10/alpha0.5_K5_N10000_cnn_E1_clr0.01_fedopt_sgd_slr1.0_sam_rho0.1_112125_19:29:46.ckpt
--- Round 80 of 10000: Training 5 Clients ---
Selected clients: ['48', '29', '10', '30', '37']
--- Updating central model ---
Checkpoint saved in path: checkpoints/cifar10/alpha0.5_K5_N10000_cnn_E1_clr0.01_fedopt_sgd_slr1.0_sam_rho0.1_112125_19:29:46.ckpt
--- Round 81 of 10000: Training 5 Clients ---
Selected clients: ['12', '57', '24', '92', '77']
--- Updating central model ---
Checkpoint saved in path: checkpoints/cifar10/alpha0.5_K5_N10000_cnn_E1_clr0.01_fedopt_sgd_slr1.0_sam_rho0.1_112125_19:29:46.ckpt
--- Round 82 of 10000: Training 5 Clients ---
Selected clients: ['94', '58', '46', '48', '5']
--- Updating central model ---
Checkpoint saved in path: checkpoints/cifar10/alpha0.5_K5_N10000_cnn_E1_clr0.01_fedopt_sgd_slr1.0_sam_rho0.1_112125_19:29:46.ckpt
--- Round 83 of 10000: Training 5 Clients ---
Selected clients: ['73', '6', '46', '92', '43']
--- Updating central model ---
Checkpoint saved in path: checkpoints/cifar10/alpha0.5_K5_N10000_cnn_E1_clr0.01_fedopt_sgd_slr1.0_sam_rho0.1_112125_19:29:46.ckpt
--- Round 84 of 10000: Training 5 Clients ---
Selected clients: ['4', '35', '75', '53', '89']
--- Updating central model ---
Checkpoint saved in path: checkpoints/cifar10/alpha0.5_K5_N10000_cnn_E1_clr0.01_fedopt_sgd_slr1.0_sam_rho0.1_112125_19:29:46.ckpt
--- Round 85 of 10000: Training 5 Clients ---
Selected clients: ['89', '6', '40', '83', '79']
--- Updating central model ---
Checkpoint saved in path: checkpoints/cifar10/alpha0.5_K5_N10000_cnn_E1_clr0.01_fedopt_sgd_slr1.0_sam_rho0.1_112125_19:29:46.ckpt
--- Round 86 of 10000: Training 5 Clients ---
Selected clients: ['51', '2', '57', '97', '47']
--- Updating central model ---
Checkpoint saved in path: checkpoints/cifar10/alpha0.5_K5_N10000_cnn_E1_clr0.01_fedopt_sgd_slr1.0_sam_rho0.1_112125_19:29:46.ckpt
--- Round 87 of 10000: Training 5 Clients ---
Selected clients: ['50', '93', '39', '9', '32']
--- Updating central model ---
Checkpoint saved in path: checkpoints/cifar10/alpha0.5_K5_N10000_cnn_E1_clr0.01_fedopt_sgd_slr1.0_sam_rho0.1_112125_19:29:46.ckpt
--- Round 88 of 10000: Training 5 Clients ---
Selected clients: ['37', '38', '42', '13', '7']
--- Updating central model ---
Checkpoint saved in path: checkpoints/cifar10/alpha0.5_K5_N10000_cnn_E1_clr0.01_fedopt_sgd_slr1.0_sam_rho0.1_112125_19:29:46.ckpt
--- Round 89 of 10000: Training 5 Clients ---
Selected clients: ['43', '68', '52', '21', '75']
--- Updating central model ---
Checkpoint saved in path: checkpoints/cifar10/alpha0.5_K5_N10000_cnn_E1_clr0.01_fedopt_sgd_slr1.0_sam_rho0.1_112125_19:29:46.ckpt
--- Round 90 of 10000: Training 5 Clients ---
Selected clients: ['58', '4', '93', '56', '2']
--- Updating central model ---
Checkpoint saved in path: checkpoints/cifar10/alpha0.5_K5_N10000_cnn_E1_clr0.01_fedopt_sgd_slr1.0_sam_rho0.1_112125_19:29:46.ckpt
--- Round 91 of 10000: Training 5 Clients ---
Selected clients: ['46', '51', '60', '32', '29']
--- Updating central model ---
Checkpoint saved in path: checkpoints/cifar10/alpha0.5_K5_N10000_cnn_E1_clr0.01_fedopt_sgd_slr1.0_sam_rho0.1_112125_19:29:46.ckpt
--- Round 92 of 10000: Training 5 Clients ---
Selected clients: ['35', '20', '68', '7', '57']
--- Updating central model ---
Checkpoint saved in path: checkpoints/cifar10/alpha0.5_K5_N10000_cnn_E1_clr0.01_fedopt_sgd_slr1.0_sam_rho0.1_112125_19:29:46.ckpt
--- Round 93 of 10000: Training 5 Clients ---
Selected clients: ['54', '99', '80', '22', '48']
--- Updating central model ---
Checkpoint saved in path: checkpoints/cifar10/alpha0.5_K5_N10000_cnn_E1_clr0.01_fedopt_sgd_slr1.0_sam_rho0.1_112125_19:29:46.ckpt
--- Round 94 of 10000: Training 5 Clients ---
Selected clients: ['17', '23', '70', '22', '52']
--- Updating central model ---
Checkpoint saved in path: checkpoints/cifar10/alpha0.5_K5_N10000_cnn_E1_clr0.01_fedopt_sgd_slr1.0_sam_rho0.1_112125_19:29:46.ckpt
--- Round 95 of 10000: Training 5 Clients ---
Selected clients: ['40', '34', '9', '12', '20']
--- Updating central model ---
Checkpoint saved in path: checkpoints/cifar10/alpha0.5_K5_N10000_cnn_E1_clr0.01_fedopt_sgd_slr1.0_sam_rho0.1_112125_19:29:46.ckpt
--- Round 96 of 10000: Training 5 Clients ---
Selected clients: ['58', '46', '84', '66', '26']
--- Updating central model ---
Checkpoint saved in path: checkpoints/cifar10/alpha0.5_K5_N10000_cnn_E1_clr0.01_fedopt_sgd_slr1.0_sam_rho0.1_112125_19:29:46.ckpt
--- Round 97 of 10000: Training 5 Clients ---
Selected clients: ['97', '55', '13', '72', '46']
--- Updating central model ---
Checkpoint saved in path: checkpoints/cifar10/alpha0.5_K5_N10000_cnn_E1_clr0.01_fedopt_sgd_slr1.0_sam_rho0.1_112125_19:29:46.ckpt
--- Round 98 of 10000: Training 5 Clients ---
Selected clients: ['78', '13', '86', '73', '80']
--- Updating central model ---
Checkpoint saved in path: checkpoints/cifar10/alpha0.5_K5_N10000_cnn_E1_clr0.01_fedopt_sgd_slr1.0_sam_rho0.1_112125_19:29:46.ckpt
--- Round 99 of 10000: Training 5 Clients ---
Selected clients: ['59', '28', '32', '42', '11']
--- Updating central model ---
Checkpoint saved in path: checkpoints/cifar10/alpha0.5_K5_N10000_cnn_E1_clr0.01_fedopt_sgd_slr1.0_sam_rho0.1_112125_19:29:46.ckpt
--- Round 100 of 10000: Training 5 Clients ---
Selected clients: ['55', '83', '59', '77', '36']
--- Updating central model ---
train_accuracy: 11.7429, 10th percentile: 1.35325, 50th percentile: 8.18592, 90th percentile 27.9894
train_loss: 2.30084, 10th percentile: 2.28378, 50th percentile: 2.30117, 90th percentile 2.31675
test_accuracy: 11.52, 10th percentile: 11.52, 50th percentile: 11.52, 90th percentile 11.52
test_loss: 2.30063, 10th percentile: 2.30063, 50th percentile: 2.30063, 90th percentile 2.30063
Checkpoint saved in path: checkpoints/cifar10/alpha0.5_K5_N10000_cnn_E1_clr0.01_fedopt_sgd_slr1.0_sam_rho0.1_112125_19:29:46.ckpt
--- Round 101 of 10000: Training 5 Clients ---
Selected clients: ['90', '94', '16', '19', '21']
--- Updating central model ---
Checkpoint saved in path: checkpoints/cifar10/alpha0.5_K5_N10000_cnn_E1_clr0.01_fedopt_sgd_slr1.0_sam_rho0.1_112125_19:29:46.ckpt
--- Round 102 of 10000: Training 5 Clients ---
Selected clients: ['16', '22', '41', '46', '78']
--- Updating central model ---
Checkpoint saved in path: checkpoints/cifar10/alpha0.5_K5_N10000_cnn_E1_clr0.01_fedopt_sgd_slr1.0_sam_rho0.1_112125_19:29:46.ckpt
--- Round 103 of 10000: Training 5 Clients ---
Selected clients: ['11', '66', '49', '93', '14']
--- Updating central model ---
Checkpoint saved in path: checkpoints/cifar10/alpha0.5_K5_N10000_cnn_E1_clr0.01_fedopt_sgd_slr1.0_sam_rho0.1_112125_19:29:46.ckpt
--- Round 104 of 10000: Training 5 Clients ---
Selected clients: ['61', '98', '78', '48', '68']
--- Updating central model ---
Checkpoint saved in path: checkpoints/cifar10/alpha0.5_K5_N10000_cnn_E1_clr0.01_fedopt_sgd_slr1.0_sam_rho0.1_112125_19:29:46.ckpt
--- Round 105 of 10000: Training 5 Clients ---
Selected clients: ['15', '18', '24', '23', '79']
--- Updating central model ---
Checkpoint saved in path: checkpoints/cifar10/alpha0.5_K5_N10000_cnn_E1_clr0.01_fedopt_sgd_slr1.0_sam_rho0.1_112125_19:29:46.ckpt
--- Round 106 of 10000: Training 5 Clients ---
Selected clients: ['29', '11', '73', '53', '99']
--- Updating central model ---
Checkpoint saved in path: checkpoints/cifar10/alpha0.5_K5_N10000_cnn_E1_clr0.01_fedopt_sgd_slr1.0_sam_rho0.1_112125_19:29:46.ckpt
--- Round 107 of 10000: Training 5 Clients ---
Selected clients: ['39', '11', '50', '7', '53']
--- Updating central model ---
Checkpoint saved in path: checkpoints/cifar10/alpha0.5_K5_N10000_cnn_E1_clr0.01_fedopt_sgd_slr1.0_sam_rho0.1_112125_19:29:46.ckpt
--- Round 108 of 10000: Training 5 Clients ---
Selected clients: ['25', '85', '42', '72', '19']
--- Updating central model ---
Checkpoint saved in path: checkpoints/cifar10/alpha0.5_K5_N10000_cnn_E1_clr0.01_fedopt_sgd_slr1.0_sam_rho0.1_112125_19:29:46.ckpt
--- Round 109 of 10000: Training 5 Clients ---
Selected clients: ['7', '48', '16', '94', '98']
--- Updating central model ---
Checkpoint saved in path: checkpoints/cifar10/alpha0.5_K5_N10000_cnn_E1_clr0.01_fedopt_sgd_slr1.0_sam_rho0.1_112125_19:29:46.ckpt
--- Round 110 of 10000: Training 5 Clients ---
Selected clients: ['69', '6', '70', '96', '99']
--- Updating central model ---
Checkpoint saved in path: checkpoints/cifar10/alpha0.5_K5_N10000_cnn_E1_clr0.01_fedopt_sgd_slr1.0_sam_rho0.1_112125_19:29:46.ckpt
--- Round 111 of 10000: Training 5 Clients ---
Selected clients: ['47', '12', '68', '89', '98']
--- Updating central model ---
Checkpoint saved in path: checkpoints/cifar10/alpha0.5_K5_N10000_cnn_E1_clr0.01_fedopt_sgd_slr1.0_sam_rho0.1_112125_19:29:46.ckpt
--- Round 112 of 10000: Training 5 Clients ---
Selected clients: ['77', '87', '52', '36', '34']
--- Updating central model ---
Checkpoint saved in path: checkpoints/cifar10/alpha0.5_K5_N10000_cnn_E1_clr0.01_fedopt_sgd_slr1.0_sam_rho0.1_112125_19:29:46.ckpt
--- Round 113 of 10000: Training 5 Clients ---
Selected clients: ['60', '79', '26', '90', '96']
--- Updating central model ---
Checkpoint saved in path: checkpoints/cifar10/alpha0.5_K5_N10000_cnn_E1_clr0.01_fedopt_sgd_slr1.0_sam_rho0.1_112125_19:29:46.ckpt
--- Round 114 of 10000: Training 5 Clients ---
Selected clients: ['44', '25', '98', '12', '47']
--- Updating central model ---
Checkpoint saved in path: checkpoints/cifar10/alpha0.5_K5_N10000_cnn_E1_clr0.01_fedopt_sgd_slr1.0_sam_rho0.1_112125_19:29:46.ckpt
--- Round 115 of 10000: Training 5 Clients ---
Selected clients: ['57', '52', '80', '84', '3']
--- Updating central model ---
Checkpoint saved in path: checkpoints/cifar10/alpha0.5_K5_N10000_cnn_E1_clr0.01_fedopt_sgd_slr1.0_sam_rho0.1_112125_19:29:46.ckpt
--- Round 116 of 10000: Training 5 Clients ---
Selected clients: ['15', '35', '60', '4', '89']
--- Updating central model ---
Checkpoint saved in path: checkpoints/cifar10/alpha0.5_K5_N10000_cnn_E1_clr0.01_fedopt_sgd_slr1.0_sam_rho0.1_112125_19:29:46.ckpt
--- Round 117 of 10000: Training 5 Clients ---
Selected clients: ['5', '64', '78', '88', '92']
--- Updating central model ---
Checkpoint saved in path: checkpoints/cifar10/alpha0.5_K5_N10000_cnn_E1_clr0.01_fedopt_sgd_slr1.0_sam_rho0.1_112125_19:29:46.ckpt
--- Round 118 of 10000: Training 5 Clients ---
Selected clients: ['29', '31', '27', '35', '46']
--- Updating central model ---
Checkpoint saved in path: checkpoints/cifar10/alpha0.5_K5_N10000_cnn_E1_clr0.01_fedopt_sgd_slr1.0_sam_rho0.1_112125_19:29:46.ckpt
--- Round 119 of 10000: Training 5 Clients ---
Selected clients: ['47', '4', '49', '29', '51']
--- Updating central model ---
Checkpoint saved in path: checkpoints/cifar10/alpha0.5_K5_N10000_cnn_E1_clr0.01_fedopt_sgd_slr1.0_sam_rho0.1_112125_19:29:46.ckpt
--- Round 120 of 10000: Training 5 Clients ---
Selected clients: ['79', '74', '16', '81', '32']
--- Updating central model ---
Checkpoint saved in path: checkpoints/cifar10/alpha0.5_K5_N10000_cnn_E1_clr0.01_fedopt_sgd_slr1.0_sam_rho0.1_112125_19:29:46.ckpt
--- Round 121 of 10000: Training 5 Clients ---
Selected clients: ['78', '16', '36', '47', '64']
--- Updating central model ---
Checkpoint saved in path: checkpoints/cifar10/alpha0.5_K5_N10000_cnn_E1_clr0.01_fedopt_sgd_slr1.0_sam_rho0.1_112125_19:29:46.ckpt
--- Round 122 of 10000: Training 5 Clients ---
Selected clients: ['37', '96', '36', '27', '7']
--- Updating central model ---
Checkpoint saved in path: checkpoints/cifar10/alpha0.5_K5_N10000_cnn_E1_clr0.01_fedopt_sgd_slr1.0_sam_rho0.1_112125_19:29:46.ckpt
--- Round 123 of 10000: Training 5 Clients ---
Selected clients: ['94', '28', '71', '40', '93']
--- Updating central model ---
Checkpoint saved in path: checkpoints/cifar10/alpha0.5_K5_N10000_cnn_E1_clr0.01_fedopt_sgd_slr1.0_sam_rho0.1_112125_19:29:46.ckpt
--- Round 124 of 10000: Training 5 Clients ---
Selected clients: ['79', '52', '98', '11', '40']
--- Updating central model ---
Checkpoint saved in path: checkpoints/cifar10/alpha0.5_K5_N10000_cnn_E1_clr0.01_fedopt_sgd_slr1.0_sam_rho0.1_112125_19:29:46.ckpt
--- Round 125 of 10000: Training 5 Clients ---
Selected clients: ['42', '32', '91', '59', '89']
--- Updating central model ---
Checkpoint saved in path: checkpoints/cifar10/alpha0.5_K5_N10000_cnn_E1_clr0.01_fedopt_sgd_slr1.0_sam_rho0.1_112125_19:29:46.ckpt
--- Round 126 of 10000: Training 5 Clients ---
Selected clients: ['18', '19', '87', '67', '46']
--- Updating central model ---
Checkpoint saved in path: checkpoints/cifar10/alpha0.5_K5_N10000_cnn_E1_clr0.01_fedopt_sgd_slr1.0_sam_rho0.1_112125_19:29:46.ckpt
--- Round 127 of 10000: Training 5 Clients ---
Selected clients: ['44', '91', '8', '0', '15']
--- Updating central model ---
Checkpoint saved in path: checkpoints/cifar10/alpha0.5_K5_N10000_cnn_E1_clr0.01_fedopt_sgd_slr1.0_sam_rho0.1_112125_19:29:46.ckpt
--- Round 128 of 10000: Training 5 Clients ---
Selected clients: ['96', '32', '8', '11', '41']
--- Updating central model ---
Checkpoint saved in path: checkpoints/cifar10/alpha0.5_K5_N10000_cnn_E1_clr0.01_fedopt_sgd_slr1.0_sam_rho0.1_112125_19:29:46.ckpt
--- Round 129 of 10000: Training 5 Clients ---
Selected clients: ['89', '43', '63', '93', '51']
--- Updating central model ---
Checkpoint saved in path: checkpoints/cifar10/alpha0.5_K5_N10000_cnn_E1_clr0.01_fedopt_sgd_slr1.0_sam_rho0.1_112125_19:29:46.ckpt
--- Round 130 of 10000: Training 5 Clients ---
Selected clients: ['34', '8', '75', '15', '48']
--- Updating central model ---
Checkpoint saved in path: checkpoints/cifar10/alpha0.5_K5_N10000_cnn_E1_clr0.01_fedopt_sgd_slr1.0_sam_rho0.1_112125_19:29:46.ckpt
--- Round 131 of 10000: Training 5 Clients ---
Selected clients: ['19', '97', '75', '98', '71']
--- Updating central model ---
Checkpoint saved in path: checkpoints/cifar10/alpha0.5_K5_N10000_cnn_E1_clr0.01_fedopt_sgd_slr1.0_sam_rho0.1_112125_19:29:46.ckpt
--- Round 132 of 10000: Training 5 Clients ---
Selected clients: ['89', '83', '43', '16', '64']
--- Updating central model ---
Checkpoint saved in path: checkpoints/cifar10/alpha0.5_K5_N10000_cnn_E1_clr0.01_fedopt_sgd_slr1.0_sam_rho0.1_112125_19:29:46.ckpt
--- Round 133 of 10000: Training 5 Clients ---
Selected clients: ['21', '90', '41', '45', '93']
--- Updating central model ---
Checkpoint saved in path: checkpoints/cifar10/alpha0.5_K5_N10000_cnn_E1_clr0.01_fedopt_sgd_slr1.0_sam_rho0.1_112125_19:29:46.ckpt
--- Round 134 of 10000: Training 5 Clients ---
Selected clients: ['66', '64', '9', '25', '4']
--- Updating central model ---
Checkpoint saved in path: checkpoints/cifar10/alpha0.5_K5_N10000_cnn_E1_clr0.01_fedopt_sgd_slr1.0_sam_rho0.1_112125_19:29:46.ckpt
--- Round 135 of 10000: Training 5 Clients ---
Selected clients: ['20', '34', '40', '46', '90']
--- Updating central model ---
Checkpoint saved in path: checkpoints/cifar10/alpha0.5_K5_N10000_cnn_E1_clr0.01_fedopt_sgd_slr1.0_sam_rho0.1_112125_19:29:46.ckpt
--- Round 136 of 10000: Training 5 Clients ---
Selected clients: ['8', '68', '93', '64', '35']
--- Updating central model ---
Checkpoint saved in path: checkpoints/cifar10/alpha0.5_K5_N10000_cnn_E1_clr0.01_fedopt_sgd_slr1.0_sam_rho0.1_112125_19:29:46.ckpt
--- Round 137 of 10000: Training 5 Clients ---
Selected clients: ['18', '11', '67', '21', '36']
--- Updating central model ---
Checkpoint saved in path: checkpoints/cifar10/alpha0.5_K5_N10000_cnn_E1_clr0.01_fedopt_sgd_slr1.0_sam_rho0.1_112125_19:29:46.ckpt
--- Round 138 of 10000: Training 5 Clients ---
Selected clients: ['66', '58', '17', '83', '19']
--- Updating central model ---
Checkpoint saved in path: checkpoints/cifar10/alpha0.5_K5_N10000_cnn_E1_clr0.01_fedopt_sgd_slr1.0_sam_rho0.1_112125_19:29:46.ckpt
--- Round 139 of 10000: Training 5 Clients ---
Selected clients: ['49', '22', '7', '86', '74']
--- Updating central model ---
Checkpoint saved in path: checkpoints/cifar10/alpha0.5_K5_N10000_cnn_E1_clr0.01_fedopt_sgd_slr1.0_sam_rho0.1_112125_19:29:46.ckpt
--- Round 140 of 10000: Training 5 Clients ---
Selected clients: ['54', '59', '60', '73', '20']
--- Updating central model ---
Checkpoint saved in path: checkpoints/cifar10/alpha0.5_K5_N10000_cnn_E1_clr0.01_fedopt_sgd_slr1.0_sam_rho0.1_112125_19:29:46.ckpt
--- Round 141 of 10000: Training 5 Clients ---
Selected clients: ['61', '58', '11', '67', '7']
--- Updating central model ---
Checkpoint saved in path: checkpoints/cifar10/alpha0.5_K5_N10000_cnn_E1_clr0.01_fedopt_sgd_slr1.0_sam_rho0.1_112125_19:29:46.ckpt
--- Round 142 of 10000: Training 5 Clients ---
Selected clients: ['48', '11', '6', '17', '65']
--- Updating central model ---
Checkpoint saved in path: checkpoints/cifar10/alpha0.5_K5_N10000_cnn_E1_clr0.01_fedopt_sgd_slr1.0_sam_rho0.1_112125_19:29:46.ckpt
--- Round 143 of 10000: Training 5 Clients ---
Selected clients: ['97', '76', '77', '50', '89']
--- Updating central model ---
Checkpoint saved in path: checkpoints/cifar10/alpha0.5_K5_N10000_cnn_E1_clr0.01_fedopt_sgd_slr1.0_sam_rho0.1_112125_19:29:46.ckpt
--- Round 144 of 10000: Training 5 Clients ---
Selected clients: ['71', '60', '88', '94', '61']
--- Updating central model ---
Checkpoint saved in path: checkpoints/cifar10/alpha0.5_K5_N10000_cnn_E1_clr0.01_fedopt_sgd_slr1.0_sam_rho0.1_112125_19:29:46.ckpt
--- Round 145 of 10000: Training 5 Clients ---
Selected clients: ['60', '89', '70', '76', '48']
--- Updating central model ---
Checkpoint saved in path: checkpoints/cifar10/alpha0.5_K5_N10000_cnn_E1_clr0.01_fedopt_sgd_slr1.0_sam_rho0.1_112125_19:29:46.ckpt
--- Round 146 of 10000: Training 5 Clients ---
Selected clients: ['50', '46', '77', '15', '28']
--- Updating central model ---
Checkpoint saved in path: checkpoints/cifar10/alpha0.5_K5_N10000_cnn_E1_clr0.01_fedopt_sgd_slr1.0_sam_rho0.1_112125_19:29:46.ckpt
--- Round 147 of 10000: Training 5 Clients ---
Selected clients: ['56', '63', '74', '14', '47']
--- Updating central model ---
Checkpoint saved in path: checkpoints/cifar10/alpha0.5_K5_N10000_cnn_E1_clr0.01_fedopt_sgd_slr1.0_sam_rho0.1_112125_19:29:46.ckpt
--- Round 148 of 10000: Training 5 Clients ---
Selected clients: ['36', '8', '67', '30', '84']
--- Updating central model ---
Checkpoint saved in path: checkpoints/cifar10/alpha0.5_K5_N10000_cnn_E1_clr0.01_fedopt_sgd_slr1.0_sam_rho0.1_112125_19:29:46.ckpt
--- Round 149 of 10000: Training 5 Clients ---
Selected clients: ['29', '31', '46', '12', '53']
--- Updating central model ---
Checkpoint saved in path: checkpoints/cifar10/alpha0.5_K5_N10000_cnn_E1_clr0.01_fedopt_sgd_slr1.0_sam_rho0.1_112125_19:29:46.ckpt
--- Round 150 of 10000: Training 5 Clients ---
Selected clients: ['93', '95', '85', '16', '86']
--- Updating central model ---
Checkpoint saved in path: checkpoints/cifar10/alpha0.5_K5_N10000_cnn_E1_clr0.01_fedopt_sgd_slr1.0_sam_rho0.1_112125_19:29:46.ckpt
--- Round 151 of 10000: Training 5 Clients ---
Selected clients: ['21', '16', '70', '82', '75']
--- Updating central model ---
Checkpoint saved in path: checkpoints/cifar10/alpha0.5_K5_N10000_cnn_E1_clr0.01_fedopt_sgd_slr1.0_sam_rho0.1_112125_19:29:46.ckpt
--- Round 152 of 10000: Training 5 Clients ---
Selected clients: ['41', '48', '18', '98', '13']
--- Updating central model ---
Checkpoint saved in path: checkpoints/cifar10/alpha0.5_K5_N10000_cnn_E1_clr0.01_fedopt_sgd_slr1.0_sam_rho0.1_112125_19:29:46.ckpt
--- Round 153 of 10000: Training 5 Clients ---
Selected clients: ['53', '26', '94', '45', '72']
--- Updating central model ---
Checkpoint saved in path: checkpoints/cifar10/alpha0.5_K5_N10000_cnn_E1_clr0.01_fedopt_sgd_slr1.0_sam_rho0.1_112125_19:29:46.ckpt
--- Round 154 of 10000: Training 5 Clients ---
Selected clients: ['34', '24', '87', '22', '15']
--- Updating central model ---
Checkpoint saved in path: checkpoints/cifar10/alpha0.5_K5_N10000_cnn_E1_clr0.01_fedopt_sgd_slr1.0_sam_rho0.1_112125_19:29:46.ckpt
--- Round 155 of 10000: Training 5 Clients ---
Selected clients: ['22', '45', '59', '40', '18']
--- Updating central model ---
Checkpoint saved in path: checkpoints/cifar10/alpha0.5_K5_N10000_cnn_E1_clr0.01_fedopt_sgd_slr1.0_sam_rho0.1_112125_19:29:46.ckpt
--- Round 156 of 10000: Training 5 Clients ---
Selected clients: ['38', '43', '89', '67', '85']
--- Updating central model ---
Checkpoint saved in path: checkpoints/cifar10/alpha0.5_K5_N10000_cnn_E1_clr0.01_fedopt_sgd_slr1.0_sam_rho0.1_112125_19:29:46.ckpt
--- Round 157 of 10000: Training 5 Clients ---
Selected clients: ['57', '69', '92', '46', '94']
--- Updating central model ---
Checkpoint saved in path: checkpoints/cifar10/alpha0.5_K5_N10000_cnn_E1_clr0.01_fedopt_sgd_slr1.0_sam_rho0.1_112125_19:29:46.ckpt
--- Round 158 of 10000: Training 5 Clients ---
Selected clients: ['83', '13', '38', '14', '10']
--- Updating central model ---
Checkpoint saved in path: checkpoints/cifar10/alpha0.5_K5_N10000_cnn_E1_clr0.01_fedopt_sgd_slr1.0_sam_rho0.1_112125_19:29:46.ckpt
--- Round 159 of 10000: Training 5 Clients ---
Selected clients: ['13', '83', '54', '94', '36']
--- Updating central model ---
Checkpoint saved in path: checkpoints/cifar10/alpha0.5_K5_N10000_cnn_E1_clr0.01_fedopt_sgd_slr1.0_sam_rho0.1_112125_19:29:46.ckpt
--- Round 160 of 10000: Training 5 Clients ---
Selected clients: ['35', '16', '56', '76', '52']
--- Updating central model ---
Checkpoint saved in path: checkpoints/cifar10/alpha0.5_K5_N10000_cnn_E1_clr0.01_fedopt_sgd_slr1.0_sam_rho0.1_112125_19:29:46.ckpt
--- Round 161 of 10000: Training 5 Clients ---
Selected clients: ['22', '57', '52', '63', '58']
--- Updating central model ---
Checkpoint saved in path: checkpoints/cifar10/alpha0.5_K5_N10000_cnn_E1_clr0.01_fedopt_sgd_slr1.0_sam_rho0.1_112125_19:29:46.ckpt
--- Round 162 of 10000: Training 5 Clients ---
Selected clients: ['45', '56', '41', '53', '8']
--- Updating central model ---
Checkpoint saved in path: checkpoints/cifar10/alpha0.5_K5_N10000_cnn_E1_clr0.01_fedopt_sgd_slr1.0_sam_rho0.1_112125_19:29:46.ckpt
--- Round 163 of 10000: Training 5 Clients ---
Selected clients: ['19', '29', '77', '39', '9']
--- Updating central model ---
Checkpoint saved in path: checkpoints/cifar10/alpha0.5_K5_N10000_cnn_E1_clr0.01_fedopt_sgd_slr1.0_sam_rho0.1_112125_19:29:46.ckpt
--- Round 164 of 10000: Training 5 Clients ---
Selected clients: ['85', '52', '23', '96', '47']
--- Updating central model ---
Checkpoint saved in path: checkpoints/cifar10/alpha0.5_K5_N10000_cnn_E1_clr0.01_fedopt_sgd_slr1.0_sam_rho0.1_112125_19:29:46.ckpt
--- Round 165 of 10000: Training 5 Clients ---
Selected clients: ['45', '51', '44', '18', '24']
--- Updating central model ---
Checkpoint saved in path: checkpoints/cifar10/alpha0.5_K5_N10000_cnn_E1_clr0.01_fedopt_sgd_slr1.0_sam_rho0.1_112125_19:29:46.ckpt
--- Round 166 of 10000: Training 5 Clients ---
Selected clients: ['45', '72', '1', '3', '82']
--- Updating central model ---
Checkpoint saved in path: checkpoints/cifar10/alpha0.5_K5_N10000_cnn_E1_clr0.01_fedopt_sgd_slr1.0_sam_rho0.1_112125_19:29:46.ckpt
--- Round 167 of 10000: Training 5 Clients ---
Selected clients: ['43', '30', '62', '28', '79']
--- Updating central model ---
Checkpoint saved in path: checkpoints/cifar10/alpha0.5_K5_N10000_cnn_E1_clr0.01_fedopt_sgd_slr1.0_sam_rho0.1_112125_19:29:46.ckpt
--- Round 168 of 10000: Training 5 Clients ---
Selected clients: ['34', '23', '69', '44', '98']
--- Updating central model ---
Checkpoint saved in path: checkpoints/cifar10/alpha0.5_K5_N10000_cnn_E1_clr0.01_fedopt_sgd_slr1.0_sam_rho0.1_112125_19:29:46.ckpt
--- Round 169 of 10000: Training 5 Clients ---
Selected clients: ['73', '85', '86', '1', '8']
--- Updating central model ---
Checkpoint saved in path: checkpoints/cifar10/alpha0.5_K5_N10000_cnn_E1_clr0.01_fedopt_sgd_slr1.0_sam_rho0.1_112125_19:29:46.ckpt
--- Round 170 of 10000: Training 5 Clients ---
Selected clients: ['0', '6', '81', '80', '68']
--- Updating central model ---
Checkpoint saved in path: checkpoints/cifar10/alpha0.5_K5_N10000_cnn_E1_clr0.01_fedopt_sgd_slr1.0_sam_rho0.1_112125_19:29:46.ckpt
--- Round 171 of 10000: Training 5 Clients ---
Selected clients: ['98', '39', '16', '4', '6']
--- Updating central model ---
Checkpoint saved in path: checkpoints/cifar10/alpha0.5_K5_N10000_cnn_E1_clr0.01_fedopt_sgd_slr1.0_sam_rho0.1_112125_19:29:46.ckpt
--- Round 172 of 10000: Training 5 Clients ---
Selected clients: ['63', '60', '86', '20', '77']
--- Updating central model ---
Checkpoint saved in path: checkpoints/cifar10/alpha0.5_K5_N10000_cnn_E1_clr0.01_fedopt_sgd_slr1.0_sam_rho0.1_112125_19:29:46.ckpt
--- Round 173 of 10000: Training 5 Clients ---
Selected clients: ['34', '42', '5', '48', '51']
--- Updating central model ---
Checkpoint saved in path: checkpoints/cifar10/alpha0.5_K5_N10000_cnn_E1_clr0.01_fedopt_sgd_slr1.0_sam_rho0.1_112125_19:29:46.ckpt
--- Round 174 of 10000: Training 5 Clients ---
Selected clients: ['81', '16', '3', '87', '32']
--- Updating central model ---
Checkpoint saved in path: checkpoints/cifar10/alpha0.5_K5_N10000_cnn_E1_clr0.01_fedopt_sgd_slr1.0_sam_rho0.1_112125_19:29:46.ckpt
--- Round 175 of 10000: Training 5 Clients ---
Selected clients: ['20', '52', '80', '55', '35']
--- Updating central model ---
Checkpoint saved in path: checkpoints/cifar10/alpha0.5_K5_N10000_cnn_E1_clr0.01_fedopt_sgd_slr1.0_sam_rho0.1_112125_19:29:46.ckpt
--- Round 176 of 10000: Training 5 Clients ---
Selected clients: ['95', '55', '25', '84', '78']
--- Updating central model ---
Checkpoint saved in path: checkpoints/cifar10/alpha0.5_K5_N10000_cnn_E1_clr0.01_fedopt_sgd_slr1.0_sam_rho0.1_112125_19:29:46.ckpt
--- Round 177 of 10000: Training 5 Clients ---
Selected clients: ['85', '39', '30', '49', '0']
--- Updating central model ---
Checkpoint saved in path: checkpoints/cifar10/alpha0.5_K5_N10000_cnn_E1_clr0.01_fedopt_sgd_slr1.0_sam_rho0.1_112125_19:29:46.ckpt
--- Round 178 of 10000: Training 5 Clients ---
Selected clients: ['21', '74', '14', '70', '57']
--- Updating central model ---
Checkpoint saved in path: checkpoints/cifar10/alpha0.5_K5_N10000_cnn_E1_clr0.01_fedopt_sgd_slr1.0_sam_rho0.1_112125_19:29:46.ckpt
--- Round 179 of 10000: Training 5 Clients ---
Selected clients: ['63', '98', '30', '97', '11']
--- Updating central model ---
Checkpoint saved in path: checkpoints/cifar10/alpha0.5_K5_N10000_cnn_E1_clr0.01_fedopt_sgd_slr1.0_sam_rho0.1_112125_19:29:46.ckpt
--- Round 180 of 10000: Training 5 Clients ---
Selected clients: ['64', '67', '23', '44', '53']
--- Updating central model ---
Checkpoint saved in path: checkpoints/cifar10/alpha0.5_K5_N10000_cnn_E1_clr0.01_fedopt_sgd_slr1.0_sam_rho0.1_112125_19:29:46.ckpt
--- Round 181 of 10000: Training 5 Clients ---
Selected clients: ['87', '95', '27', '50', '44']
--- Updating central model ---
Checkpoint saved in path: checkpoints/cifar10/alpha0.5_K5_N10000_cnn_E1_clr0.01_fedopt_sgd_slr1.0_sam_rho0.1_112125_19:29:46.ckpt
--- Round 182 of 10000: Training 5 Clients ---
Selected clients: ['72', '5', '8', '45', '70']
--- Updating central model ---
Checkpoint saved in path: checkpoints/cifar10/alpha0.5_K5_N10000_cnn_E1_clr0.01_fedopt_sgd_slr1.0_sam_rho0.1_112125_19:29:46.ckpt
--- Round 183 of 10000: Training 5 Clients ---
Selected clients: ['72', '66', '34', '53', '20']
--- Updating central model ---
Checkpoint saved in path: checkpoints/cifar10/alpha0.5_K5_N10000_cnn_E1_clr0.01_fedopt_sgd_slr1.0_sam_rho0.1_112125_19:29:46.ckpt
--- Round 184 of 10000: Training 5 Clients ---
Selected clients: ['91', '72', '36', '53', '37']
--- Updating central model ---
Checkpoint saved in path: checkpoints/cifar10/alpha0.5_K5_N10000_cnn_E1_clr0.01_fedopt_sgd_slr1.0_sam_rho0.1_112125_19:29:46.ckpt
--- Round 185 of 10000: Training 5 Clients ---
Selected clients: ['85', '65', '31', '99', '62']
--- Updating central model ---
Checkpoint saved in path: checkpoints/cifar10/alpha0.5_K5_N10000_cnn_E1_clr0.01_fedopt_sgd_slr1.0_sam_rho0.1_112125_19:29:46.ckpt
--- Round 186 of 10000: Training 5 Clients ---
Selected clients: ['6', '29', '3', '7', '40']
--- Updating central model ---
Checkpoint saved in path: checkpoints/cifar10/alpha0.5_K5_N10000_cnn_E1_clr0.01_fedopt_sgd_slr1.0_sam_rho0.1_112125_19:29:46.ckpt
--- Round 187 of 10000: Training 5 Clients ---
Selected clients: ['16', '13', '76', '24', '55']
--- Updating central model ---
Checkpoint saved in path: checkpoints/cifar10/alpha0.5_K5_N10000_cnn_E1_clr0.01_fedopt_sgd_slr1.0_sam_rho0.1_112125_19:29:46.ckpt
--- Round 188 of 10000: Training 5 Clients ---
Selected clients: ['35', '6', '72', '87', '36']
--- Updating central model ---
Checkpoint saved in path: checkpoints/cifar10/alpha0.5_K5_N10000_cnn_E1_clr0.01_fedopt_sgd_slr1.0_sam_rho0.1_112125_19:29:46.ckpt
--- Round 189 of 10000: Training 5 Clients ---
Selected clients: ['9', '42', '84', '2', '6']
--- Updating central model ---
Checkpoint saved in path: checkpoints/cifar10/alpha0.5_K5_N10000_cnn_E1_clr0.01_fedopt_sgd_slr1.0_sam_rho0.1_112125_19:29:46.ckpt
--- Round 190 of 10000: Training 5 Clients ---
Selected clients: ['31', '83', '20', '52', '21']
--- Updating central model ---
Checkpoint saved in path: checkpoints/cifar10/alpha0.5_K5_N10000_cnn_E1_clr0.01_fedopt_sgd_slr1.0_sam_rho0.1_112125_19:29:46.ckpt
--- Round 191 of 10000: Training 5 Clients ---
Selected clients: ['3', '43', '79', '95', '67']
--- Updating central model ---
Checkpoint saved in path: checkpoints/cifar10/alpha0.5_K5_N10000_cnn_E1_clr0.01_fedopt_sgd_slr1.0_sam_rho0.1_112125_19:29:46.ckpt
--- Round 192 of 10000: Training 5 Clients ---
Selected clients: ['33', '25', '51', '42', '83']
--- Updating central model ---
Checkpoint saved in path: checkpoints/cifar10/alpha0.5_K5_N10000_cnn_E1_clr0.01_fedopt_sgd_slr1.0_sam_rho0.1_112125_19:29:46.ckpt
--- Round 193 of 10000: Training 5 Clients ---
Selected clients: ['18', '93', '61', '64', '44']
--- Updating central model ---
Checkpoint saved in path: checkpoints/cifar10/alpha0.5_K5_N10000_cnn_E1_clr0.01_fedopt_sgd_slr1.0_sam_rho0.1_112125_19:29:46.ckpt
--- Round 194 of 10000: Training 5 Clients ---
Selected clients: ['13', '16', '89', '91', '47']
--- Updating central model ---
Checkpoint saved in path: checkpoints/cifar10/alpha0.5_K5_N10000_cnn_E1_clr0.01_fedopt_sgd_slr1.0_sam_rho0.1_112125_19:29:46.ckpt
--- Round 195 of 10000: Training 5 Clients ---
Selected clients: ['75', '8', '64', '46', '84']
--- Updating central model ---
Checkpoint saved in path: checkpoints/cifar10/alpha0.5_K5_N10000_cnn_E1_clr0.01_fedopt_sgd_slr1.0_sam_rho0.1_112125_19:29:46.ckpt
--- Round 196 of 10000: Training 5 Clients ---
Selected clients: ['63', '85', '46', '21', '82']
--- Updating central model ---
Checkpoint saved in path: checkpoints/cifar10/alpha0.5_K5_N10000_cnn_E1_clr0.01_fedopt_sgd_slr1.0_sam_rho0.1_112125_19:29:46.ckpt
--- Round 197 of 10000: Training 5 Clients ---
Selected clients: ['76', '71', '32', '45', '16']
--- Updating central model ---
Checkpoint saved in path: checkpoints/cifar10/alpha0.5_K5_N10000_cnn_E1_clr0.01_fedopt_sgd_slr1.0_sam_rho0.1_112125_19:29:46.ckpt
--- Round 198 of 10000: Training 5 Clients ---
Selected clients: ['71', '91', '85', '64', '95']
--- Updating central model ---
Checkpoint saved in path: checkpoints/cifar10/alpha0.5_K5_N10000_cnn_E1_clr0.01_fedopt_sgd_slr1.0_sam_rho0.1_112125_19:29:46.ckpt
--- Round 199 of 10000: Training 5 Clients ---
Selected clients: ['71', '18', '50', '63', '72']
--- Updating central model ---
Checkpoint saved in path: checkpoints/cifar10/alpha0.5_K5_N10000_cnn_E1_clr0.01_fedopt_sgd_slr1.0_sam_rho0.1_112125_19:29:46.ckpt
--- Round 200 of 10000: Training 5 Clients ---
Selected clients: ['41', '74', '61', '16', '94']
--- Updating central model ---
train_accuracy: 16.4029, 10th percentile: 3.029, 50th percentile: 13.2187, 90th percentile 31.5315
train_loss: 2.29637, 10th percentile: 2.27654, 50th percentile: 2.29566, 90th percentile 2.31595
test_accuracy: 16.33, 10th percentile: 16.33, 50th percentile: 16.33, 90th percentile 16.33
test_loss: 2.29591, 10th percentile: 2.29591, 50th percentile: 2.29591, 90th percentile 2.29591
Checkpoint saved in path: checkpoints/cifar10/alpha0.5_K5_N10000_cnn_E1_clr0.01_fedopt_sgd_slr1.0_sam_rho0.1_112125_19:29:46.ckpt
--- Round 201 of 10000: Training 5 Clients ---
Selected clients: ['65', '89', '48', '70', '32']
--- Updating central model ---
Checkpoint saved in path: checkpoints/cifar10/alpha0.5_K5_N10000_cnn_E1_clr0.01_fedopt_sgd_slr1.0_sam_rho0.1_112125_19:29:46.ckpt
--- Round 202 of 10000: Training 5 Clients ---
Selected clients: ['60', '30', '14', '37', '88']
--- Updating central model ---
Checkpoint saved in path: checkpoints/cifar10/alpha0.5_K5_N10000_cnn_E1_clr0.01_fedopt_sgd_slr1.0_sam_rho0.1_112125_19:29:46.ckpt
--- Round 203 of 10000: Training 5 Clients ---
Selected clients: ['69', '33', '12', '84', '23']
--- Updating central model ---
Checkpoint saved in path: checkpoints/cifar10/alpha0.5_K5_N10000_cnn_E1_clr0.01_fedopt_sgd_slr1.0_sam_rho0.1_112125_19:29:46.ckpt
--- Round 204 of 10000: Training 5 Clients ---
Selected clients: ['19', '43', '32', '16', '94']
--- Updating central model ---
Checkpoint saved in path: checkpoints/cifar10/alpha0.5_K5_N10000_cnn_E1_clr0.01_fedopt_sgd_slr1.0_sam_rho0.1_112125_19:29:46.ckpt
--- Round 205 of 10000: Training 5 Clients ---
Selected clients: ['44', '16', '86', '78', '10']
--- Updating central model ---
Checkpoint saved in path: checkpoints/cifar10/alpha0.5_K5_N10000_cnn_E1_clr0.01_fedopt_sgd_slr1.0_sam_rho0.1_112125_19:29:46.ckpt
--- Round 206 of 10000: Training 5 Clients ---
Selected clients: ['76', '12', '3', '54', '44']
--- Updating central model ---
Checkpoint saved in path: checkpoints/cifar10/alpha0.5_K5_N10000_cnn_E1_clr0.01_fedopt_sgd_slr1.0_sam_rho0.1_112125_19:29:46.ckpt
--- Round 207 of 10000: Training 5 Clients ---
Selected clients: ['96', '62', '68', '72', '61']
--- Updating central model ---
Checkpoint saved in path: checkpoints/cifar10/alpha0.5_K5_N10000_cnn_E1_clr0.01_fedopt_sgd_slr1.0_sam_rho0.1_112125_19:29:46.ckpt
--- Round 208 of 10000: Training 5 Clients ---
Selected clients: ['41', '87', '22', '36', '77']
--- Updating central model ---
Checkpoint saved in path: checkpoints/cifar10/alpha0.5_K5_N10000_cnn_E1_clr0.01_fedopt_sgd_slr1.0_sam_rho0.1_112125_19:29:46.ckpt
--- Round 209 of 10000: Training 5 Clients ---
Selected clients: ['94', '13', '23', '80', '69']
--- Updating central model ---
Checkpoint saved in path: checkpoints/cifar10/alpha0.5_K5_N10000_cnn_E1_clr0.01_fedopt_sgd_slr1.0_sam_rho0.1_112125_19:29:46.ckpt
--- Round 210 of 10000: Training 5 Clients ---
Selected clients: ['32', '43', '17', '67', '60']
--- Updating central model ---
Checkpoint saved in path: checkpoints/cifar10/alpha0.5_K5_N10000_cnn_E1_clr0.01_fedopt_sgd_slr1.0_sam_rho0.1_112125_19:29:46.ckpt
--- Round 211 of 10000: Training 5 Clients ---
Selected clients: ['87', '9', '60', '44', '64']
--- Updating central model ---
Checkpoint saved in path: checkpoints/cifar10/alpha0.5_K5_N10000_cnn_E1_clr0.01_fedopt_sgd_slr1.0_sam_rho0.1_112125_19:29:46.ckpt
--- Round 212 of 10000: Training 5 Clients ---
Selected clients: ['36', '27', '85', '68', '0']
--- Updating central model ---
Checkpoint saved in path: checkpoints/cifar10/alpha0.5_K5_N10000_cnn_E1_clr0.01_fedopt_sgd_slr1.0_sam_rho0.1_112125_19:29:46.ckpt
--- Round 213 of 10000: Training 5 Clients ---
Selected clients: ['98', '37', '19', '54', '73']
--- Updating central model ---
Checkpoint saved in path: checkpoints/cifar10/alpha0.5_K5_N10000_cnn_E1_clr0.01_fedopt_sgd_slr1.0_sam_rho0.1_112125_19:29:46.ckpt
--- Round 214 of 10000: Training 5 Clients ---
Selected clients: ['89', '93', '19', '15', '22']
--- Updating central model ---
Checkpoint saved in path: checkpoints/cifar10/alpha0.5_K5_N10000_cnn_E1_clr0.01_fedopt_sgd_slr1.0_sam_rho0.1_112125_19:29:46.ckpt
--- Round 215 of 10000: Training 5 Clients ---
Selected clients: ['32', '5', '49', '29', '6']
--- Updating central model ---
Checkpoint saved in path: checkpoints/cifar10/alpha0.5_K5_N10000_cnn_E1_clr0.01_fedopt_sgd_slr1.0_sam_rho0.1_112125_19:29:46.ckpt
--- Round 216 of 10000: Training 5 Clients ---
Selected clients: ['21', '57', '66', '2', '31']
--- Updating central model ---
Checkpoint saved in path: checkpoints/cifar10/alpha0.5_K5_N10000_cnn_E1_clr0.01_fedopt_sgd_slr1.0_sam_rho0.1_112125_19:29:46.ckpt
--- Round 217 of 10000: Training 5 Clients ---
Selected clients: ['88', '13', '17', '83', '89']
--- Updating central model ---
Checkpoint saved in path: checkpoints/cifar10/alpha0.5_K5_N10000_cnn_E1_clr0.01_fedopt_sgd_slr1.0_sam_rho0.1_112125_19:29:46.ckpt
--- Round 218 of 10000: Training 5 Clients ---
Selected clients: ['34', '45', '52', '33', '98']
--- Updating central model ---
Checkpoint saved in path: checkpoints/cifar10/alpha0.5_K5_N10000_cnn_E1_clr0.01_fedopt_sgd_slr1.0_sam_rho0.1_112125_19:29:46.ckpt
--- Round 219 of 10000: Training 5 Clients ---
Selected clients: ['81', '53', '86', '26', '35']
--- Updating central model ---
Checkpoint saved in path: checkpoints/cifar10/alpha0.5_K5_N10000_cnn_E1_clr0.01_fedopt_sgd_slr1.0_sam_rho0.1_112125_19:29:46.ckpt
--- Round 220 of 10000: Training 5 Clients ---
Selected clients: ['12', '77', '9', '65', '26']
--- Updating central model ---
Checkpoint saved in path: checkpoints/cifar10/alpha0.5_K5_N10000_cnn_E1_clr0.01_fedopt_sgd_slr1.0_sam_rho0.1_112125_19:29:46.ckpt
--- Round 221 of 10000: Training 5 Clients ---
Selected clients: ['80', '75', '38', '15', '47']
--- Updating central model ---
Checkpoint saved in path: checkpoints/cifar10/alpha0.5_K5_N10000_cnn_E1_clr0.01_fedopt_sgd_slr1.0_sam_rho0.1_112125_19:29:46.ckpt
--- Round 222 of 10000: Training 5 Clients ---
Selected clients: ['64', '55', '83', '85', '29']
--- Updating central model ---
Checkpoint saved in path: checkpoints/cifar10/alpha0.5_K5_N10000_cnn_E1_clr0.01_fedopt_sgd_slr1.0_sam_rho0.1_112125_19:29:46.ckpt
--- Round 223 of 10000: Training 5 Clients ---
Selected clients: ['32', '57', '34', '80', '7']
--- Updating central model ---
Checkpoint saved in path: checkpoints/cifar10/alpha0.5_K5_N10000_cnn_E1_clr0.01_fedopt_sgd_slr1.0_sam_rho0.1_112125_19:29:46.ckpt
--- Round 224 of 10000: Training 5 Clients ---
Selected clients: ['88', '14', '81', '60', '11']
--- Updating central model ---
Checkpoint saved in path: checkpoints/cifar10/alpha0.5_K5_N10000_cnn_E1_clr0.01_fedopt_sgd_slr1.0_sam_rho0.1_112125_19:29:46.ckpt
--- Round 225 of 10000: Training 5 Clients ---
Selected clients: ['16', '89', '80', '0', '55']
--- Updating central model ---
Checkpoint saved in path: checkpoints/cifar10/alpha0.5_K5_N10000_cnn_E1_clr0.01_fedopt_sgd_slr1.0_sam_rho0.1_112125_19:29:46.ckpt
--- Round 226 of 10000: Training 5 Clients ---
Selected clients: ['76', '34', '63', '87', '39']
--- Updating central model ---
Checkpoint saved in path: checkpoints/cifar10/alpha0.5_K5_N10000_cnn_E1_clr0.01_fedopt_sgd_slr1.0_sam_rho0.1_112125_19:29:46.ckpt
--- Round 227 of 10000: Training 5 Clients ---
Selected clients: ['24', '91', '95', '22', '75']
--- Updating central model ---
Checkpoint saved in path: checkpoints/cifar10/alpha0.5_K5_N10000_cnn_E1_clr0.01_fedopt_sgd_slr1.0_sam_rho0.1_112125_19:29:46.ckpt
--- Round 228 of 10000: Training 5 Clients ---
Selected clients: ['67', '78', '59', '93', '27']
--- Updating central model ---
Checkpoint saved in path: checkpoints/cifar10/alpha0.5_K5_N10000_cnn_E1_clr0.01_fedopt_sgd_slr1.0_sam_rho0.1_112125_19:29:46.ckpt
--- Round 229 of 10000: Training 5 Clients ---
Selected clients: ['65', '7', '41', '94', '22']
--- Updating central model ---
Checkpoint saved in path: checkpoints/cifar10/alpha0.5_K5_N10000_cnn_E1_clr0.01_fedopt_sgd_slr1.0_sam_rho0.1_112125_19:29:46.ckpt
--- Round 230 of 10000: Training 5 Clients ---
Selected clients: ['38', '37', '21', '60', '98']
--- Updating central model ---
Checkpoint saved in path: checkpoints/cifar10/alpha0.5_K5_N10000_cnn_E1_clr0.01_fedopt_sgd_slr1.0_sam_rho0.1_112125_19:29:46.ckpt
--- Round 231 of 10000: Training 5 Clients ---
Selected clients: ['46', '38', '90', '96', '3']
--- Updating central model ---
Checkpoint saved in path: checkpoints/cifar10/alpha0.5_K5_N10000_cnn_E1_clr0.01_fedopt_sgd_slr1.0_sam_rho0.1_112125_19:29:46.ckpt
--- Round 232 of 10000: Training 5 Clients ---
Selected clients: ['93', '96', '4', '27', '86']
--- Updating central model ---
Checkpoint saved in path: checkpoints/cifar10/alpha0.5_K5_N10000_cnn_E1_clr0.01_fedopt_sgd_slr1.0_sam_rho0.1_112125_19:29:46.ckpt
--- Round 233 of 10000: Training 5 Clients ---
Selected clients: ['95', '58', '44', '68', '5']
--- Updating central model ---
Checkpoint saved in path: checkpoints/cifar10/alpha0.5_K5_N10000_cnn_E1_clr0.01_fedopt_sgd_slr1.0_sam_rho0.1_112125_19:29:46.ckpt
--- Round 234 of 10000: Training 5 Clients ---
Selected clients: ['45', '25', '56', '37', '9']
--- Updating central model ---
Checkpoint saved in path: checkpoints/cifar10/alpha0.5_K5_N10000_cnn_E1_clr0.01_fedopt_sgd_slr1.0_sam_rho0.1_112125_19:29:46.ckpt
--- Round 235 of 10000: Training 5 Clients ---
Selected clients: ['31', '12', '29', '37', '24']
--- Updating central model ---
Checkpoint saved in path: checkpoints/cifar10/alpha0.5_K5_N10000_cnn_E1_clr0.01_fedopt_sgd_slr1.0_sam_rho0.1_112125_19:29:46.ckpt
--- Round 236 of 10000: Training 5 Clients ---
Selected clients: ['85', '63', '1', '23', '89']
--- Updating central model ---
Checkpoint saved in path: checkpoints/cifar10/alpha0.5_K5_N10000_cnn_E1_clr0.01_fedopt_sgd_slr1.0_sam_rho0.1_112125_19:29:46.ckpt
--- Round 237 of 10000: Training 5 Clients ---
Selected clients: ['65', '46', '51', '93', '12']
--- Updating central model ---
Checkpoint saved in path: checkpoints/cifar10/alpha0.5_K5_N10000_cnn_E1_clr0.01_fedopt_sgd_slr1.0_sam_rho0.1_112125_19:29:46.ckpt
--- Round 238 of 10000: Training 5 Clients ---
Selected clients: ['57', '67', '3', '49', '76']
--- Updating central model ---
Checkpoint saved in path: checkpoints/cifar10/alpha0.5_K5_N10000_cnn_E1_clr0.01_fedopt_sgd_slr1.0_sam_rho0.1_112125_19:29:46.ckpt
--- Round 239 of 10000: Training 5 Clients ---
Selected clients: ['18', '9', '82', '49', '40']
--- Updating central model ---
Checkpoint saved in path: checkpoints/cifar10/alpha0.5_K5_N10000_cnn_E1_clr0.01_fedopt_sgd_slr1.0_sam_rho0.1_112125_19:29:46.ckpt
--- Round 240 of 10000: Training 5 Clients ---
Selected clients: ['83', '6', '78', '76', '30']
--- Updating central model ---
Checkpoint saved in path: checkpoints/cifar10/alpha0.5_K5_N10000_cnn_E1_clr0.01_fedopt_sgd_slr1.0_sam_rho0.1_112125_19:29:46.ckpt
--- Round 241 of 10000: Training 5 Clients ---
Selected clients: ['79', '65', '32', '41', '88']
--- Updating central model ---
Checkpoint saved in path: checkpoints/cifar10/alpha0.5_K5_N10000_cnn_E1_clr0.01_fedopt_sgd_slr1.0_sam_rho0.1_112125_19:29:46.ckpt
--- Round 242 of 10000: Training 5 Clients ---
Selected clients: ['48', '34', '11', '75', '42']
--- Updating central model ---
Checkpoint saved in path: checkpoints/cifar10/alpha0.5_K5_N10000_cnn_E1_clr0.01_fedopt_sgd_slr1.0_sam_rho0.1_112125_19:29:46.ckpt
--- Round 243 of 10000: Training 5 Clients ---
Selected clients: ['31', '26', '23', '63', '57']
--- Updating central model ---
Checkpoint saved in path: checkpoints/cifar10/alpha0.5_K5_N10000_cnn_E1_clr0.01_fedopt_sgd_slr1.0_sam_rho0.1_112125_19:29:46.ckpt
--- Round 244 of 10000: Training 5 Clients ---
Selected clients: ['63', '15', '56', '70', '82']
--- Updating central model ---
Checkpoint saved in path: checkpoints/cifar10/alpha0.5_K5_N10000_cnn_E1_clr0.01_fedopt_sgd_slr1.0_sam_rho0.1_112125_19:29:46.ckpt
--- Round 245 of 10000: Training 5 Clients ---
Selected clients: ['0', '84', '13', '36', '64']
--- Updating central model ---
Checkpoint saved in path: checkpoints/cifar10/alpha0.5_K5_N10000_cnn_E1_clr0.01_fedopt_sgd_slr1.0_sam_rho0.1_112125_19:29:46.ckpt
--- Round 246 of 10000: Training 5 Clients ---
Selected clients: ['8', '72', '0', '37', '95']
--- Updating central model ---
Checkpoint saved in path: checkpoints/cifar10/alpha0.5_K5_N10000_cnn_E1_clr0.01_fedopt_sgd_slr1.0_sam_rho0.1_112125_19:29:46.ckpt
--- Round 247 of 10000: Training 5 Clients ---
Selected clients: ['92', '75', '88', '49', '10']
--- Updating central model ---
Checkpoint saved in path: checkpoints/cifar10/alpha0.5_K5_N10000_cnn_E1_clr0.01_fedopt_sgd_slr1.0_sam_rho0.1_112125_19:29:46.ckpt
--- Round 248 of 10000: Training 5 Clients ---
Selected clients: ['96', '84', '75', '61', '17']
--- Updating central model ---
Checkpoint saved in path: checkpoints/cifar10/alpha0.5_K5_N10000_cnn_E1_clr0.01_fedopt_sgd_slr1.0_sam_rho0.1_112125_19:29:46.ckpt
--- Round 249 of 10000: Training 5 Clients ---
Selected clients: ['3', '29', '37', '53', '97']
--- Updating central model ---
Checkpoint saved in path: checkpoints/cifar10/alpha0.5_K5_N10000_cnn_E1_clr0.01_fedopt_sgd_slr1.0_sam_rho0.1_112125_19:29:46.ckpt
--- Round 250 of 10000: Training 5 Clients ---
Selected clients: ['45', '81', '9', '11', '49']
--- Updating central model ---
Checkpoint saved in path: checkpoints/cifar10/alpha0.5_K5_N10000_cnn_E1_clr0.01_fedopt_sgd_slr1.0_sam_rho0.1_112125_19:29:46.ckpt
--- Round 251 of 10000: Training 5 Clients ---
Selected clients: ['4', '25', '99', '91', '53']
--- Updating central model ---
Checkpoint saved in path: checkpoints/cifar10/alpha0.5_K5_N10000_cnn_E1_clr0.01_fedopt_sgd_slr1.0_sam_rho0.1_112125_19:29:46.ckpt
--- Round 252 of 10000: Training 5 Clients ---
Selected clients: ['5', '17', '83', '33', '49']
--- Updating central model ---
Checkpoint saved in path: checkpoints/cifar10/alpha0.5_K5_N10000_cnn_E1_clr0.01_fedopt_sgd_slr1.0_sam_rho0.1_112125_19:29:46.ckpt
--- Round 253 of 10000: Training 5 Clients ---
Selected clients: ['89', '59', '33', '39', '4']
--- Updating central model ---
Checkpoint saved in path: checkpoints/cifar10/alpha0.5_K5_N10000_cnn_E1_clr0.01_fedopt_sgd_slr1.0_sam_rho0.1_112125_19:29:46.ckpt
--- Round 254 of 10000: Training 5 Clients ---
Selected clients: ['34', '32', '79', '31', '63']
--- Updating central model ---
Checkpoint saved in path: checkpoints/cifar10/alpha0.5_K5_N10000_cnn_E1_clr0.01_fedopt_sgd_slr1.0_sam_rho0.1_112125_19:29:46.ckpt
--- Round 255 of 10000: Training 5 Clients ---
Selected clients: ['81', '41', '87', '16', '22']
--- Updating central model ---
Checkpoint saved in path: checkpoints/cifar10/alpha0.5_K5_N10000_cnn_E1_clr0.01_fedopt_sgd_slr1.0_sam_rho0.1_112125_19:29:46.ckpt
--- Round 256 of 10000: Training 5 Clients ---
Selected clients: ['4', '88', '51', '59', '8']
--- Updating central model ---
Checkpoint saved in path: checkpoints/cifar10/alpha0.5_K5_N10000_cnn_E1_clr0.01_fedopt_sgd_slr1.0_sam_rho0.1_112125_19:29:46.ckpt
--- Round 257 of 10000: Training 5 Clients ---
Selected clients: ['74', '59', '29', '19', '10']
--- Updating central model ---
Checkpoint saved in path: checkpoints/cifar10/alpha0.5_K5_N10000_cnn_E1_clr0.01_fedopt_sgd_slr1.0_sam_rho0.1_112125_19:29:46.ckpt
--- Round 258 of 10000: Training 5 Clients ---
Selected clients: ['56', '76', '67', '61', '60']
--- Updating central model ---
Checkpoint saved in path: checkpoints/cifar10/alpha0.5_K5_N10000_cnn_E1_clr0.01_fedopt_sgd_slr1.0_sam_rho0.1_112125_19:29:46.ckpt
--- Round 259 of 10000: Training 5 Clients ---
Selected clients: ['60', '72', '2', '41', '3']
--- Updating central model ---
Checkpoint saved in path: checkpoints/cifar10/alpha0.5_K5_N10000_cnn_E1_clr0.01_fedopt_sgd_slr1.0_sam_rho0.1_112125_19:29:46.ckpt
--- Round 260 of 10000: Training 5 Clients ---
Selected clients: ['74', '55', '60', '30', '50']
--- Updating central model ---
Checkpoint saved in path: checkpoints/cifar10/alpha0.5_K5_N10000_cnn_E1_clr0.01_fedopt_sgd_slr1.0_sam_rho0.1_112125_19:29:46.ckpt
--- Round 261 of 10000: Training 5 Clients ---
Selected clients: ['89', '86', '96', '15', '98']
--- Updating central model ---
Checkpoint saved in path: checkpoints/cifar10/alpha0.5_K5_N10000_cnn_E1_clr0.01_fedopt_sgd_slr1.0_sam_rho0.1_112125_19:29:46.ckpt
--- Round 262 of 10000: Training 5 Clients ---
Selected clients: ['24', '21', '79', '40', '36']
--- Updating central model ---
Checkpoint saved in path: checkpoints/cifar10/alpha0.5_K5_N10000_cnn_E1_clr0.01_fedopt_sgd_slr1.0_sam_rho0.1_112125_19:29:46.ckpt
--- Round 263 of 10000: Training 5 Clients ---
Selected clients: ['96', '5', '90', '10', '85']
--- Updating central model ---
Checkpoint saved in path: checkpoints/cifar10/alpha0.5_K5_N10000_cnn_E1_clr0.01_fedopt_sgd_slr1.0_sam_rho0.1_112125_19:29:46.ckpt
--- Round 264 of 10000: Training 5 Clients ---
Selected clients: ['63', '72', '45', '20', '43']
--- Updating central model ---
Checkpoint saved in path: checkpoints/cifar10/alpha0.5_K5_N10000_cnn_E1_clr0.01_fedopt_sgd_slr1.0_sam_rho0.1_112125_19:29:46.ckpt
--- Round 265 of 10000: Training 5 Clients ---
Selected clients: ['16', '29', '8', '64', '2']
--- Updating central model ---
Checkpoint saved in path: checkpoints/cifar10/alpha0.5_K5_N10000_cnn_E1_clr0.01_fedopt_sgd_slr1.0_sam_rho0.1_112125_19:29:46.ckpt
--- Round 266 of 10000: Training 5 Clients ---
Selected clients: ['25', '86', '74', '89', '8']
--- Updating central model ---
Checkpoint saved in path: checkpoints/cifar10/alpha0.5_K5_N10000_cnn_E1_clr0.01_fedopt_sgd_slr1.0_sam_rho0.1_112125_19:29:46.ckpt
--- Round 267 of 10000: Training 5 Clients ---
Selected clients: ['22', '87', '25', '83', '94']
--- Updating central model ---
Checkpoint saved in path: checkpoints/cifar10/alpha0.5_K5_N10000_cnn_E1_clr0.01_fedopt_sgd_slr1.0_sam_rho0.1_112125_19:29:46.ckpt
--- Round 268 of 10000: Training 5 Clients ---
Selected clients: ['64', '18', '72', '31', '73']
--- Updating central model ---
Checkpoint saved in path: checkpoints/cifar10/alpha0.5_K5_N10000_cnn_E1_clr0.01_fedopt_sgd_slr1.0_sam_rho0.1_112125_19:29:46.ckpt
--- Round 269 of 10000: Training 5 Clients ---
Selected clients: ['72', '39', '1', '80', '51']
--- Updating central model ---
Checkpoint saved in path: checkpoints/cifar10/alpha0.5_K5_N10000_cnn_E1_clr0.01_fedopt_sgd_slr1.0_sam_rho0.1_112125_19:29:46.ckpt
--- Round 270 of 10000: Training 5 Clients ---
Selected clients: ['3', '35', '14', '97', '95']
--- Updating central model ---
Checkpoint saved in path: checkpoints/cifar10/alpha0.5_K5_N10000_cnn_E1_clr0.01_fedopt_sgd_slr1.0_sam_rho0.1_112125_19:29:46.ckpt
--- Round 271 of 10000: Training 5 Clients ---
Selected clients: ['88', '54', '35', '92', '25']
--- Updating central model ---
Checkpoint saved in path: checkpoints/cifar10/alpha0.5_K5_N10000_cnn_E1_clr0.01_fedopt_sgd_slr1.0_sam_rho0.1_112125_19:29:46.ckpt
--- Round 272 of 10000: Training 5 Clients ---
Selected clients: ['45', '76', '52', '75', '32']
--- Updating central model ---
Checkpoint saved in path: checkpoints/cifar10/alpha0.5_K5_N10000_cnn_E1_clr0.01_fedopt_sgd_slr1.0_sam_rho0.1_112125_19:29:46.ckpt
--- Round 273 of 10000: Training 5 Clients ---
Selected clients: ['4', '42', '97', '20', '77']
--- Updating central model ---
Checkpoint saved in path: checkpoints/cifar10/alpha0.5_K5_N10000_cnn_E1_clr0.01_fedopt_sgd_slr1.0_sam_rho0.1_112125_19:29:46.ckpt
--- Round 274 of 10000: Training 5 Clients ---
Selected clients: ['3', '38', '76', '58', '23']
--- Updating central model ---
Checkpoint saved in path: checkpoints/cifar10/alpha0.5_K5_N10000_cnn_E1_clr0.01_fedopt_sgd_slr1.0_sam_rho0.1_112125_19:29:46.ckpt
--- Round 275 of 10000: Training 5 Clients ---
Selected clients: ['92', '10', '18', '51', '43']
--- Updating central model ---
Checkpoint saved in path: checkpoints/cifar10/alpha0.5_K5_N10000_cnn_E1_clr0.01_fedopt_sgd_slr1.0_sam_rho0.1_112125_19:29:46.ckpt
--- Round 276 of 10000: Training 5 Clients ---
Selected clients: ['76', '54', '10', '65', '81']
--- Updating central model ---
Checkpoint saved in path: checkpoints/cifar10/alpha0.5_K5_N10000_cnn_E1_clr0.01_fedopt_sgd_slr1.0_sam_rho0.1_112125_19:29:46.ckpt
--- Round 277 of 10000: Training 5 Clients ---
Selected clients: ['89', '72', '18', '16', '65']
--- Updating central model ---
Checkpoint saved in path: checkpoints/cifar10/alpha0.5_K5_N10000_cnn_E1_clr0.01_fedopt_sgd_slr1.0_sam_rho0.1_112125_19:29:46.ckpt
--- Round 278 of 10000: Training 5 Clients ---
Selected clients: ['59', '3', '66', '98', '67']
--- Updating central model ---
Checkpoint saved in path: checkpoints/cifar10/alpha0.5_K5_N10000_cnn_E1_clr0.01_fedopt_sgd_slr1.0_sam_rho0.1_112125_19:29:46.ckpt
--- Round 279 of 10000: Training 5 Clients ---
Selected clients: ['65', '70', '91', '16', '84']
--- Updating central model ---
Checkpoint saved in path: checkpoints/cifar10/alpha0.5_K5_N10000_cnn_E1_clr0.01_fedopt_sgd_slr1.0_sam_rho0.1_112125_19:29:46.ckpt
--- Round 280 of 10000: Training 5 Clients ---
Selected clients: ['86', '24', '31', '28', '4']
--- Updating central model ---
Checkpoint saved in path: checkpoints/cifar10/alpha0.5_K5_N10000_cnn_E1_clr0.01_fedopt_sgd_slr1.0_sam_rho0.1_112125_19:29:46.ckpt
--- Round 281 of 10000: Training 5 Clients ---
Selected clients: ['44', '51', '7', '66', '2']
--- Updating central model ---
Checkpoint saved in path: checkpoints/cifar10/alpha0.5_K5_N10000_cnn_E1_clr0.01_fedopt_sgd_slr1.0_sam_rho0.1_112125_19:29:46.ckpt
--- Round 282 of 10000: Training 5 Clients ---
Selected clients: ['93', '88', '85', '72', '4']
--- Updating central model ---
Checkpoint saved in path: checkpoints/cifar10/alpha0.5_K5_N10000_cnn_E1_clr0.01_fedopt_sgd_slr1.0_sam_rho0.1_112125_19:29:46.ckpt
--- Round 283 of 10000: Training 5 Clients ---
Selected clients: ['14', '8', '52', '68', '76']
--- Updating central model ---
Checkpoint saved in path: checkpoints/cifar10/alpha0.5_K5_N10000_cnn_E1_clr0.01_fedopt_sgd_slr1.0_sam_rho0.1_112125_19:29:46.ckpt
--- Round 284 of 10000: Training 5 Clients ---
Selected clients: ['91', '8', '52', '82', '76']
--- Updating central model ---
Checkpoint saved in path: checkpoints/cifar10/alpha0.5_K5_N10000_cnn_E1_clr0.01_fedopt_sgd_slr1.0_sam_rho0.1_112125_19:29:46.ckpt
--- Round 285 of 10000: Training 5 Clients ---
Selected clients: ['98', '82', '55', '0', '16']
--- Updating central model ---
Checkpoint saved in path: checkpoints/cifar10/alpha0.5_K5_N10000_cnn_E1_clr0.01_fedopt_sgd_slr1.0_sam_rho0.1_112125_19:29:46.ckpt
--- Round 286 of 10000: Training 5 Clients ---
Selected clients: ['11', '42', '33', '81', '35']
--- Updating central model ---
Checkpoint saved in path: checkpoints/cifar10/alpha0.5_K5_N10000_cnn_E1_clr0.01_fedopt_sgd_slr1.0_sam_rho0.1_112125_19:29:46.ckpt
--- Round 287 of 10000: Training 5 Clients ---
Selected clients: ['35', '16', '57', '76', '31']
--- Updating central model ---
Checkpoint saved in path: checkpoints/cifar10/alpha0.5_K5_N10000_cnn_E1_clr0.01_fedopt_sgd_slr1.0_sam_rho0.1_112125_19:29:46.ckpt
--- Round 288 of 10000: Training 5 Clients ---
Selected clients: ['9', '11', '26', '90', '70']
--- Updating central model ---
Checkpoint saved in path: checkpoints/cifar10/alpha0.5_K5_N10000_cnn_E1_clr0.01_fedopt_sgd_slr1.0_sam_rho0.1_112125_19:29:46.ckpt
--- Round 289 of 10000: Training 5 Clients ---
Selected clients: ['66', '27', '97', '17', '12']
--- Updating central model ---
Checkpoint saved in path: checkpoints/cifar10/alpha0.5_K5_N10000_cnn_E1_clr0.01_fedopt_sgd_slr1.0_sam_rho0.1_112125_19:29:46.ckpt
--- Round 290 of 10000: Training 5 Clients ---
Selected clients: ['95', '67', '38', '51', '75']
--- Updating central model ---
Checkpoint saved in path: checkpoints/cifar10/alpha0.5_K5_N10000_cnn_E1_clr0.01_fedopt_sgd_slr1.0_sam_rho0.1_112125_19:29:46.ckpt
--- Round 291 of 10000: Training 5 Clients ---
Selected clients: ['75', '12', '69', '81', '13']
--- Updating central model ---
Checkpoint saved in path: checkpoints/cifar10/alpha0.5_K5_N10000_cnn_E1_clr0.01_fedopt_sgd_slr1.0_sam_rho0.1_112125_19:29:46.ckpt
--- Round 292 of 10000: Training 5 Clients ---
Selected clients: ['60', '29', '91', '37', '1']
--- Updating central model ---
Checkpoint saved in path: checkpoints/cifar10/alpha0.5_K5_N10000_cnn_E1_clr0.01_fedopt_sgd_slr1.0_sam_rho0.1_112125_19:29:46.ckpt
--- Round 293 of 10000: Training 5 Clients ---
Selected clients: ['90', '70', '11', '79', '43']
--- Updating central model ---
Checkpoint saved in path: checkpoints/cifar10/alpha0.5_K5_N10000_cnn_E1_clr0.01_fedopt_sgd_slr1.0_sam_rho0.1_112125_19:29:46.ckpt
--- Round 294 of 10000: Training 5 Clients ---
Selected clients: ['67', '87', '52', '92', '29']
--- Updating central model ---
Checkpoint saved in path: checkpoints/cifar10/alpha0.5_K5_N10000_cnn_E1_clr0.01_fedopt_sgd_slr1.0_sam_rho0.1_112125_19:29:46.ckpt
--- Round 295 of 10000: Training 5 Clients ---
Selected clients: ['61', '50', '94', '15', '66']
--- Updating central model ---
Checkpoint saved in path: checkpoints/cifar10/alpha0.5_K5_N10000_cnn_E1_clr0.01_fedopt_sgd_slr1.0_sam_rho0.1_112125_19:29:46.ckpt
--- Round 296 of 10000: Training 5 Clients ---
Selected clients: ['82', '19', '41', '21', '42']
--- Updating central model ---
Checkpoint saved in path: checkpoints/cifar10/alpha0.5_K5_N10000_cnn_E1_clr0.01_fedopt_sgd_slr1.0_sam_rho0.1_112125_19:29:46.ckpt
--- Round 297 of 10000: Training 5 Clients ---
Selected clients: ['22', '23', '9', '11', '33']
--- Updating central model ---
Checkpoint saved in path: checkpoints/cifar10/alpha0.5_K5_N10000_cnn_E1_clr0.01_fedopt_sgd_slr1.0_sam_rho0.1_112125_19:29:46.ckpt
--- Round 298 of 10000: Training 5 Clients ---
Selected clients: ['57', '20', '24', '23', '15']
--- Updating central model ---
Checkpoint saved in path: checkpoints/cifar10/alpha0.5_K5_N10000_cnn_E1_clr0.01_fedopt_sgd_slr1.0_sam_rho0.1_112125_19:29:46.ckpt
--- Round 299 of 10000: Training 5 Clients ---
Selected clients: ['47', '26', '4', '15', '3']
--- Updating central model ---
Checkpoint saved in path: checkpoints/cifar10/alpha0.5_K5_N10000_cnn_E1_clr0.01_fedopt_sgd_slr1.0_sam_rho0.1_112125_19:29:46.ckpt
--- Round 300 of 10000: Training 5 Clients ---
Selected clients: ['5', '60', '22', '89', '58']
--- Updating central model ---
train_accuracy: 18.7057, 10th percentile: 6.36728, 50th percentile: 16.8544, 90th percentile 31.614
train_loss: 2.22879, 10th percentile: 2.15246, 50th percentile: 2.23582, 90th percentile 2.29012
test_accuracy: 18.32, 10th percentile: 18.32, 50th percentile: 18.32, 90th percentile 18.32
test_loss: 2.22505, 10th percentile: 2.22505, 50th percentile: 2.22505, 90th percentile 2.22505
Checkpoint saved in path: checkpoints/cifar10/alpha0.5_K5_N10000_cnn_E1_clr0.01_fedopt_sgd_slr1.0_sam_rho0.1_112125_19:29:46.ckpt
--- Round 301 of 10000: Training 5 Clients ---
Selected clients: ['94', '96', '0', '42', '84']
--- Updating central model ---
Checkpoint saved in path: checkpoints/cifar10/alpha0.5_K5_N10000_cnn_E1_clr0.01_fedopt_sgd_slr1.0_sam_rho0.1_112125_19:29:46.ckpt
--- Round 302 of 10000: Training 5 Clients ---
Selected clients: ['87', '11', '14', '18', '88']
--- Updating central model ---
Checkpoint saved in path: checkpoints/cifar10/alpha0.5_K5_N10000_cnn_E1_clr0.01_fedopt_sgd_slr1.0_sam_rho0.1_112125_19:29:46.ckpt
--- Round 303 of 10000: Training 5 Clients ---
Selected clients: ['55', '42', '17', '20', '76']
--- Updating central model ---
Checkpoint saved in path: checkpoints/cifar10/alpha0.5_K5_N10000_cnn_E1_clr0.01_fedopt_sgd_slr1.0_sam_rho0.1_112125_19:29:46.ckpt
--- Round 304 of 10000: Training 5 Clients ---
Selected clients: ['18', '59', '24', '0', '98']
--- Updating central model ---
Checkpoint saved in path: checkpoints/cifar10/alpha0.5_K5_N10000_cnn_E1_clr0.01_fedopt_sgd_slr1.0_sam_rho0.1_112125_19:29:46.ckpt
--- Round 305 of 10000: Training 5 Clients ---
Selected clients: ['5', '88', '29', '59', '69']
--- Updating central model ---
Checkpoint saved in path: checkpoints/cifar10/alpha0.5_K5_N10000_cnn_E1_clr0.01_fedopt_sgd_slr1.0_sam_rho0.1_112125_19:29:46.ckpt
--- Round 306 of 10000: Training 5 Clients ---
Selected clients: ['21', '49', '82', '88', '72']
--- Updating central model ---
Checkpoint saved in path: checkpoints/cifar10/alpha0.5_K5_N10000_cnn_E1_clr0.01_fedopt_sgd_slr1.0_sam_rho0.1_112125_19:29:46.ckpt
--- Round 307 of 10000: Training 5 Clients ---
Selected clients: ['74', '31', '49', '19', '87']
--- Updating central model ---
Checkpoint saved in path: checkpoints/cifar10/alpha0.5_K5_N10000_cnn_E1_clr0.01_fedopt_sgd_slr1.0_sam_rho0.1_112125_19:29:46.ckpt
--- Round 308 of 10000: Training 5 Clients ---
Selected clients: ['79', '35', '68', '44', '51']
--- Updating central model ---
Checkpoint saved in path: checkpoints/cifar10/alpha0.5_K5_N10000_cnn_E1_clr0.01_fedopt_sgd_slr1.0_sam_rho0.1_112125_19:29:46.ckpt
--- Round 309 of 10000: Training 5 Clients ---
Selected clients: ['59', '5', '53', '95', '93']
--- Updating central model ---
Checkpoint saved in path: checkpoints/cifar10/alpha0.5_K5_N10000_cnn_E1_clr0.01_fedopt_sgd_slr1.0_sam_rho0.1_112125_19:29:46.ckpt
--- Round 310 of 10000: Training 5 Clients ---
Selected clients: ['93', '41', '36', '22', '50']
--- Updating central model ---
Checkpoint saved in path: checkpoints/cifar10/alpha0.5_K5_N10000_cnn_E1_clr0.01_fedopt_sgd_slr1.0_sam_rho0.1_112125_19:29:46.ckpt
--- Round 311 of 10000: Training 5 Clients ---
Selected clients: ['71', '19', '60', '51', '50']
--- Updating central model ---
Checkpoint saved in path: checkpoints/cifar10/alpha0.5_K5_N10000_cnn_E1_clr0.01_fedopt_sgd_slr1.0_sam_rho0.1_112125_19:29:46.ckpt
--- Round 312 of 10000: Training 5 Clients ---
Selected clients: ['6', '41', '4', '55', '29']
--- Updating central model ---
Checkpoint saved in path: checkpoints/cifar10/alpha0.5_K5_N10000_cnn_E1_clr0.01_fedopt_sgd_slr1.0_sam_rho0.1_112125_19:29:46.ckpt
--- Round 313 of 10000: Training 5 Clients ---
Selected clients: ['41', '9', '53', '94', '0']
--- Updating central model ---
Checkpoint saved in path: checkpoints/cifar10/alpha0.5_K5_N10000_cnn_E1_clr0.01_fedopt_sgd_slr1.0_sam_rho0.1_112125_19:29:46.ckpt
--- Round 314 of 10000: Training 5 Clients ---
Selected clients: ['52', '39', '83', '95', '82']
--- Updating central model ---
Checkpoint saved in path: checkpoints/cifar10/alpha0.5_K5_N10000_cnn_E1_clr0.01_fedopt_sgd_slr1.0_sam_rho0.1_112125_19:29:46.ckpt
--- Round 315 of 10000: Training 5 Clients ---
Selected clients: ['31', '61', '22', '59', '29']
--- Updating central model ---
Checkpoint saved in path: checkpoints/cifar10/alpha0.5_K5_N10000_cnn_E1_clr0.01_fedopt_sgd_slr1.0_sam_rho0.1_112125_19:29:46.ckpt
--- Round 316 of 10000: Training 5 Clients ---
Selected clients: ['50', '8', '60', '91', '22']
--- Updating central model ---
Checkpoint saved in path: checkpoints/cifar10/alpha0.5_K5_N10000_cnn_E1_clr0.01_fedopt_sgd_slr1.0_sam_rho0.1_112125_19:29:46.ckpt
--- Round 317 of 10000: Training 5 Clients ---
Selected clients: ['56', '35', '21', '9', '42']
--- Updating central model ---
Checkpoint saved in path: checkpoints/cifar10/alpha0.5_K5_N10000_cnn_E1_clr0.01_fedopt_sgd_slr1.0_sam_rho0.1_112125_19:29:46.ckpt
--- Round 318 of 10000: Training 5 Clients ---
Selected clients: ['26', '41', '48', '33', '70']
--- Updating central model ---
Checkpoint saved in path: checkpoints/cifar10/alpha0.5_K5_N10000_cnn_E1_clr0.01_fedopt_sgd_slr1.0_sam_rho0.1_112125_19:29:46.ckpt
--- Round 319 of 10000: Training 5 Clients ---
Selected clients: ['27', '48', '78', '99', '56']
--- Updating central model ---
Checkpoint saved in path: checkpoints/cifar10/alpha0.5_K5_N10000_cnn_E1_clr0.01_fedopt_sgd_slr1.0_sam_rho0.1_112125_19:29:46.ckpt
--- Round 320 of 10000: Training 5 Clients ---
Selected clients: ['41', '15', '92', '51', '54']
--- Updating central model ---
Checkpoint saved in path: checkpoints/cifar10/alpha0.5_K5_N10000_cnn_E1_clr0.01_fedopt_sgd_slr1.0_sam_rho0.1_112125_19:29:46.ckpt
--- Round 321 of 10000: Training 5 Clients ---
Selected clients: ['59', '61', '45', '28', '91']
--- Updating central model ---
Checkpoint saved in path: checkpoints/cifar10/alpha0.5_K5_N10000_cnn_E1_clr0.01_fedopt_sgd_slr1.0_sam_rho0.1_112125_19:29:46.ckpt
--- Round 322 of 10000: Training 5 Clients ---
Selected clients: ['46', '81', '33', '8', '10']
--- Updating central model ---
Checkpoint saved in path: checkpoints/cifar10/alpha0.5_K5_N10000_cnn_E1_clr0.01_fedopt_sgd_slr1.0_sam_rho0.1_112125_19:29:46.ckpt
--- Round 323 of 10000: Training 5 Clients ---
Selected clients: ['24', '61', '59', '45', '9']
--- Updating central model ---
Checkpoint saved in path: checkpoints/cifar10/alpha0.5_K5_N10000_cnn_E1_clr0.01_fedopt_sgd_slr1.0_sam_rho0.1_112125_19:29:46.ckpt
--- Round 324 of 10000: Training 5 Clients ---
Selected clients: ['16', '34', '96', '6', '99']
--- Updating central model ---
Checkpoint saved in path: checkpoints/cifar10/alpha0.5_K5_N10000_cnn_E1_clr0.01_fedopt_sgd_slr1.0_sam_rho0.1_112125_19:29:46.ckpt
--- Round 325 of 10000: Training 5 Clients ---
Selected clients: ['49', '95', '15', '1', '61']
--- Updating central model ---
Checkpoint saved in path: checkpoints/cifar10/alpha0.5_K5_N10000_cnn_E1_clr0.01_fedopt_sgd_slr1.0_sam_rho0.1_112125_19:29:46.ckpt
--- Round 326 of 10000: Training 5 Clients ---
Selected clients: ['86', '93', '48', '53', '6']
--- Updating central model ---
Checkpoint saved in path: checkpoints/cifar10/alpha0.5_K5_N10000_cnn_E1_clr0.01_fedopt_sgd_slr1.0_sam_rho0.1_112125_19:29:46.ckpt
--- Round 327 of 10000: Training 5 Clients ---
Selected clients: ['62', '21', '8', '96', '13']
--- Updating central model ---
Checkpoint saved in path: checkpoints/cifar10/alpha0.5_K5_N10000_cnn_E1_clr0.01_fedopt_sgd_slr1.0_sam_rho0.1_112125_19:29:46.ckpt
--- Round 328 of 10000: Training 5 Clients ---
Selected clients: ['27', '97', '54', '80', '4']
--- Updating central model ---
Checkpoint saved in path: checkpoints/cifar10/alpha0.5_K5_N10000_cnn_E1_clr0.01_fedopt_sgd_slr1.0_sam_rho0.1_112125_19:29:46.ckpt
--- Round 329 of 10000: Training 5 Clients ---
Selected clients: ['83', '56', '94', '95', '22']
--- Updating central model ---
Checkpoint saved in path: checkpoints/cifar10/alpha0.5_K5_N10000_cnn_E1_clr0.01_fedopt_sgd_slr1.0_sam_rho0.1_112125_19:29:46.ckpt
--- Round 330 of 10000: Training 5 Clients ---
Selected clients: ['96', '15', '46', '39', '57']
--- Updating central model ---
Checkpoint saved in path: checkpoints/cifar10/alpha0.5_K5_N10000_cnn_E1_clr0.01_fedopt_sgd_slr1.0_sam_rho0.1_112125_19:29:46.ckpt
--- Round 331 of 10000: Training 5 Clients ---
Selected clients: ['10', '19', '59', '77', '50']
--- Updating central model ---
Checkpoint saved in path: checkpoints/cifar10/alpha0.5_K5_N10000_cnn_E1_clr0.01_fedopt_sgd_slr1.0_sam_rho0.1_112125_19:29:46.ckpt
--- Round 332 of 10000: Training 5 Clients ---
Selected clients: ['83', '53', '59', '25', '40']
--- Updating central model ---
Checkpoint saved in path: checkpoints/cifar10/alpha0.5_K5_N10000_cnn_E1_clr0.01_fedopt_sgd_slr1.0_sam_rho0.1_112125_19:29:46.ckpt
--- Round 333 of 10000: Training 5 Clients ---
Selected clients: ['18', '80', '89', '75', '46']
--- Updating central model ---
Checkpoint saved in path: checkpoints/cifar10/alpha0.5_K5_N10000_cnn_E1_clr0.01_fedopt_sgd_slr1.0_sam_rho0.1_112125_19:29:46.ckpt
--- Round 334 of 10000: Training 5 Clients ---
Selected clients: ['14', '55', '91', '11', '46']
--- Updating central model ---
Checkpoint saved in path: checkpoints/cifar10/alpha0.5_K5_N10000_cnn_E1_clr0.01_fedopt_sgd_slr1.0_sam_rho0.1_112125_19:29:46.ckpt
--- Round 335 of 10000: Training 5 Clients ---
Selected clients: ['74', '22', '5', '11', '9']
--- Updating central model ---
Checkpoint saved in path: checkpoints/cifar10/alpha0.5_K5_N10000_cnn_E1_clr0.01_fedopt_sgd_slr1.0_sam_rho0.1_112125_19:29:46.ckpt
--- Round 336 of 10000: Training 5 Clients ---
Selected clients: ['67', '80', '35', '16', '48']
--- Updating central model ---
Checkpoint saved in path: checkpoints/cifar10/alpha0.5_K5_N10000_cnn_E1_clr0.01_fedopt_sgd_slr1.0_sam_rho0.1_112125_19:29:46.ckpt
--- Round 337 of 10000: Training 5 Clients ---
Selected clients: ['24', '25', '56', '23', '3']
--- Updating central model ---
Checkpoint saved in path: checkpoints/cifar10/alpha0.5_K5_N10000_cnn_E1_clr0.01_fedopt_sgd_slr1.0_sam_rho0.1_112125_19:29:46.ckpt
--- Round 338 of 10000: Training 5 Clients ---
Selected clients: ['56', '1', '84', '25', '92']
--- Updating central model ---
Checkpoint saved in path: checkpoints/cifar10/alpha0.5_K5_N10000_cnn_E1_clr0.01_fedopt_sgd_slr1.0_sam_rho0.1_112125_19:29:46.ckpt
--- Round 339 of 10000: Training 5 Clients ---
Selected clients: ['9', '84', '12', '59', '32']
--- Updating central model ---
Checkpoint saved in path: checkpoints/cifar10/alpha0.5_K5_N10000_cnn_E1_clr0.01_fedopt_sgd_slr1.0_sam_rho0.1_112125_19:29:46.ckpt
--- Round 340 of 10000: Training 5 Clients ---
Selected clients: ['43', '65', '76', '3', '69']
--- Updating central model ---
Checkpoint saved in path: checkpoints/cifar10/alpha0.5_K5_N10000_cnn_E1_clr0.01_fedopt_sgd_slr1.0_sam_rho0.1_112125_19:29:46.ckpt
--- Round 341 of 10000: Training 5 Clients ---
Selected clients: ['41', '53', '8', '12', '59']
--- Updating central model ---
Checkpoint saved in path: checkpoints/cifar10/alpha0.5_K5_N10000_cnn_E1_clr0.01_fedopt_sgd_slr1.0_sam_rho0.1_112125_19:29:46.ckpt
--- Round 342 of 10000: Training 5 Clients ---
Selected clients: ['47', '90', '52', '67', '39']
--- Updating central model ---
Checkpoint saved in path: checkpoints/cifar10/alpha0.5_K5_N10000_cnn_E1_clr0.01_fedopt_sgd_slr1.0_sam_rho0.1_112125_19:29:46.ckpt
--- Round 343 of 10000: Training 5 Clients ---
Selected clients: ['5', '45', '93', '50', '16']
--- Updating central model ---
Checkpoint saved in path: checkpoints/cifar10/alpha0.5_K5_N10000_cnn_E1_clr0.01_fedopt_sgd_slr1.0_sam_rho0.1_112125_19:29:46.ckpt
--- Round 344 of 10000: Training 5 Clients ---
Selected clients: ['68', '44', '15', '34', '91']
--- Updating central model ---
Checkpoint saved in path: checkpoints/cifar10/alpha0.5_K5_N10000_cnn_E1_clr0.01_fedopt_sgd_slr1.0_sam_rho0.1_112125_19:29:46.ckpt
--- Round 345 of 10000: Training 5 Clients ---
Selected clients: ['97', '91', '68', '73', '25']
--- Updating central model ---
Checkpoint saved in path: checkpoints/cifar10/alpha0.5_K5_N10000_cnn_E1_clr0.01_fedopt_sgd_slr1.0_sam_rho0.1_112125_19:29:46.ckpt
--- Round 346 of 10000: Training 5 Clients ---
Selected clients: ['36', '7', '28', '70', '96']
--- Updating central model ---
Checkpoint saved in path: checkpoints/cifar10/alpha0.5_K5_N10000_cnn_E1_clr0.01_fedopt_sgd_slr1.0_sam_rho0.1_112125_19:29:46.ckpt
--- Round 347 of 10000: Training 5 Clients ---
Selected clients: ['22', '46', '51', '33', '92']
--- Updating central model ---
Checkpoint saved in path: checkpoints/cifar10/alpha0.5_K5_N10000_cnn_E1_clr0.01_fedopt_sgd_slr1.0_sam_rho0.1_112125_19:29:46.ckpt
--- Round 348 of 10000: Training 5 Clients ---
Selected clients: ['79', '38', '82', '84', '15']
--- Updating central model ---
Checkpoint saved in path: checkpoints/cifar10/alpha0.5_K5_N10000_cnn_E1_clr0.01_fedopt_sgd_slr1.0_sam_rho0.1_112125_19:29:46.ckpt