Alpha: alpha_0.50
Using device: NVIDIA A100-SXM4-80GB
############################## cifar10.cnn ##############################
Running experiment with server servers.fedopt_server and client clients.sam_client
Verify client and server: <class 'clients.sam_client.SAMClient'> <class 'servers.fedopt_server.FedOptServer'>
Running influence estimation:   0%|          | 0/20 [00:00<?, ?it/s]wandb: WARNING `resume` will be ignored since W&B syncing is set to `offline`. Starting a new run with run id uxm6hx71.
wandb: Tracking run with wandb version 0.23.0
wandb: W&B syncing is set to `offline` in this directory. Run `wandb online` or set WANDB_MODE=online to enable cloud syncing.
wandb: Run data is saved locally in /home/mlr570t1/FedSAM_mem_inf-main/models/wandb/offline-run-20251121_192855-uxm6hx71
Server optimizer: sgd with lr 1.0 and momentum 0
Start round: 0
Clients in Total: 100 training clients and 1 test clients
--- Random Initialization ---
--- Round 1 of 10000: Training 5 Clients ---
Selected clients: ['56', '9', '82', '85', '3']
--- Updating central model ---
Checkpoint saved in path: checkpoints/cifar10/alpha0.5_K5_N10000_cnn_E1_clr0.01_fedopt_sgd_slr1.0_sam_rho0.1_112125_19:29:44.ckpt
--- Round 2 of 10000: Training 5 Clients ---
Selected clients: ['21', '98', '48', '24', '31']
--- Updating central model ---
Checkpoint saved in path: checkpoints/cifar10/alpha0.5_K5_N10000_cnn_E1_clr0.01_fedopt_sgd_slr1.0_sam_rho0.1_112125_19:29:44.ckpt
--- Round 3 of 10000: Training 5 Clients ---
Selected clients: ['47', '16', '26', '86', '81']
--- Updating central model ---
Checkpoint saved in path: checkpoints/cifar10/alpha0.5_K5_N10000_cnn_E1_clr0.01_fedopt_sgd_slr1.0_sam_rho0.1_112125_19:29:44.ckpt
--- Round 4 of 10000: Training 5 Clients ---
Selected clients: ['88', '63', '43', '36', '95']
--- Updating central model ---
Checkpoint saved in path: checkpoints/cifar10/alpha0.5_K5_N10000_cnn_E1_clr0.01_fedopt_sgd_slr1.0_sam_rho0.1_112125_19:29:44.ckpt
--- Round 5 of 10000: Training 5 Clients ---
Selected clients: ['60', '81', '39', '54', '93']
--- Updating central model ---
Checkpoint saved in path: checkpoints/cifar10/alpha0.5_K5_N10000_cnn_E1_clr0.01_fedopt_sgd_slr1.0_sam_rho0.1_112125_19:29:44.ckpt
--- Round 6 of 10000: Training 5 Clients ---
Selected clients: ['41', '9', '76', '22', '5']
--- Updating central model ---
Checkpoint saved in path: checkpoints/cifar10/alpha0.5_K5_N10000_cnn_E1_clr0.01_fedopt_sgd_slr1.0_sam_rho0.1_112125_19:29:44.ckpt
--- Round 7 of 10000: Training 5 Clients ---
Selected clients: ['68', '71', '16', '35', '20']
--- Updating central model ---
Checkpoint saved in path: checkpoints/cifar10/alpha0.5_K5_N10000_cnn_E1_clr0.01_fedopt_sgd_slr1.0_sam_rho0.1_112125_19:29:44.ckpt
--- Round 8 of 10000: Training 5 Clients ---
Selected clients: ['81', '89', '70', '66', '39']
--- Updating central model ---
Checkpoint saved in path: checkpoints/cifar10/alpha0.5_K5_N10000_cnn_E1_clr0.01_fedopt_sgd_slr1.0_sam_rho0.1_112125_19:29:44.ckpt
--- Round 9 of 10000: Training 5 Clients ---
Selected clients: ['59', '57', '55', '18', '31']
--- Updating central model ---
Checkpoint saved in path: checkpoints/cifar10/alpha0.5_K5_N10000_cnn_E1_clr0.01_fedopt_sgd_slr1.0_sam_rho0.1_112125_19:29:44.ckpt
--- Round 10 of 10000: Training 5 Clients ---
Selected clients: ['78', '91', '60', '18', '65']
--- Updating central model ---
Checkpoint saved in path: checkpoints/cifar10/alpha0.5_K5_N10000_cnn_E1_clr0.01_fedopt_sgd_slr1.0_sam_rho0.1_112125_19:29:44.ckpt
--- Round 11 of 10000: Training 5 Clients ---
Selected clients: ['74', '1', '55', '73', '59']
--- Updating central model ---
Checkpoint saved in path: checkpoints/cifar10/alpha0.5_K5_N10000_cnn_E1_clr0.01_fedopt_sgd_slr1.0_sam_rho0.1_112125_19:29:44.ckpt
--- Round 12 of 10000: Training 5 Clients ---
Selected clients: ['99', '14', '45', '18', '91']
--- Updating central model ---
Checkpoint saved in path: checkpoints/cifar10/alpha0.5_K5_N10000_cnn_E1_clr0.01_fedopt_sgd_slr1.0_sam_rho0.1_112125_19:29:44.ckpt
--- Round 13 of 10000: Training 5 Clients ---
Selected clients: ['55', '31', '91', '2', '53']
--- Updating central model ---
Checkpoint saved in path: checkpoints/cifar10/alpha0.5_K5_N10000_cnn_E1_clr0.01_fedopt_sgd_slr1.0_sam_rho0.1_112125_19:29:44.ckpt
--- Round 14 of 10000: Training 5 Clients ---
Selected clients: ['88', '47', '9', '94', '62']
--- Updating central model ---
Checkpoint saved in path: checkpoints/cifar10/alpha0.5_K5_N10000_cnn_E1_clr0.01_fedopt_sgd_slr1.0_sam_rho0.1_112125_19:29:44.ckpt
--- Round 15 of 10000: Training 5 Clients ---
Selected clients: ['49', '38', '48', '84', '14']
--- Updating central model ---
Checkpoint saved in path: checkpoints/cifar10/alpha0.5_K5_N10000_cnn_E1_clr0.01_fedopt_sgd_slr1.0_sam_rho0.1_112125_19:29:44.ckpt
--- Round 16 of 10000: Training 5 Clients ---
Selected clients: ['30', '96', '59', '45', '74']
--- Updating central model ---
Checkpoint saved in path: checkpoints/cifar10/alpha0.5_K5_N10000_cnn_E1_clr0.01_fedopt_sgd_slr1.0_sam_rho0.1_112125_19:29:44.ckpt
--- Round 17 of 10000: Training 5 Clients ---
Selected clients: ['6', '84', '21', '71', '72']
--- Updating central model ---
Checkpoint saved in path: checkpoints/cifar10/alpha0.5_K5_N10000_cnn_E1_clr0.01_fedopt_sgd_slr1.0_sam_rho0.1_112125_19:29:44.ckpt
--- Round 18 of 10000: Training 5 Clients ---
Selected clients: ['6', '74', '27', '59', '11']
--- Updating central model ---
Checkpoint saved in path: checkpoints/cifar10/alpha0.5_K5_N10000_cnn_E1_clr0.01_fedopt_sgd_slr1.0_sam_rho0.1_112125_19:29:44.ckpt
--- Round 19 of 10000: Training 5 Clients ---
Selected clients: ['78', '2', '67', '72', '85']
--- Updating central model ---
Checkpoint saved in path: checkpoints/cifar10/alpha0.5_K5_N10000_cnn_E1_clr0.01_fedopt_sgd_slr1.0_sam_rho0.1_112125_19:29:44.ckpt
--- Round 20 of 10000: Training 5 Clients ---
Selected clients: ['48', '30', '16', '27', '20']
--- Updating central model ---
Checkpoint saved in path: checkpoints/cifar10/alpha0.5_K5_N10000_cnn_E1_clr0.01_fedopt_sgd_slr1.0_sam_rho0.1_112125_19:29:44.ckpt
--- Round 21 of 10000: Training 5 Clients ---
Selected clients: ['58', '87', '60', '19', '46']
--- Updating central model ---
Checkpoint saved in path: checkpoints/cifar10/alpha0.5_K5_N10000_cnn_E1_clr0.01_fedopt_sgd_slr1.0_sam_rho0.1_112125_19:29:44.ckpt
--- Round 22 of 10000: Training 5 Clients ---
Selected clients: ['45', '60', '48', '89', '74']
--- Updating central model ---
Checkpoint saved in path: checkpoints/cifar10/alpha0.5_K5_N10000_cnn_E1_clr0.01_fedopt_sgd_slr1.0_sam_rho0.1_112125_19:29:44.ckpt
--- Round 23 of 10000: Training 5 Clients ---
Selected clients: ['55', '10', '20', '28', '97']
--- Updating central model ---
Checkpoint saved in path: checkpoints/cifar10/alpha0.5_K5_N10000_cnn_E1_clr0.01_fedopt_sgd_slr1.0_sam_rho0.1_112125_19:29:44.ckpt
--- Round 24 of 10000: Training 5 Clients ---
Selected clients: ['83', '28', '74', '23', '4']
--- Updating central model ---
Checkpoint saved in path: checkpoints/cifar10/alpha0.5_K5_N10000_cnn_E1_clr0.01_fedopt_sgd_slr1.0_sam_rho0.1_112125_19:29:44.ckpt
--- Round 25 of 10000: Training 5 Clients ---
Selected clients: ['31', '29', '69', '99', '50']
--- Updating central model ---
Checkpoint saved in path: checkpoints/cifar10/alpha0.5_K5_N10000_cnn_E1_clr0.01_fedopt_sgd_slr1.0_sam_rho0.1_112125_19:29:44.ckpt
--- Round 26 of 10000: Training 5 Clients ---
Selected clients: ['82', '40', '77', '65', '94']
--- Updating central model ---
Checkpoint saved in path: checkpoints/cifar10/alpha0.5_K5_N10000_cnn_E1_clr0.01_fedopt_sgd_slr1.0_sam_rho0.1_112125_19:29:44.ckpt
--- Round 27 of 10000: Training 5 Clients ---
Selected clients: ['50', '0', '82', '4', '38']
--- Updating central model ---
Checkpoint saved in path: checkpoints/cifar10/alpha0.5_K5_N10000_cnn_E1_clr0.01_fedopt_sgd_slr1.0_sam_rho0.1_112125_19:29:44.ckpt
--- Round 28 of 10000: Training 5 Clients ---
Selected clients: ['27', '22', '25', '13', '30']
--- Updating central model ---
Checkpoint saved in path: checkpoints/cifar10/alpha0.5_K5_N10000_cnn_E1_clr0.01_fedopt_sgd_slr1.0_sam_rho0.1_112125_19:29:44.ckpt
--- Round 29 of 10000: Training 5 Clients ---
Selected clients: ['54', '78', '9', '7', '3']
--- Updating central model ---
Checkpoint saved in path: checkpoints/cifar10/alpha0.5_K5_N10000_cnn_E1_clr0.01_fedopt_sgd_slr1.0_sam_rho0.1_112125_19:29:44.ckpt
--- Round 30 of 10000: Training 5 Clients ---
Selected clients: ['69', '47', '90', '29', '79']
--- Updating central model ---
Checkpoint saved in path: checkpoints/cifar10/alpha0.5_K5_N10000_cnn_E1_clr0.01_fedopt_sgd_slr1.0_sam_rho0.1_112125_19:29:44.ckpt
--- Round 31 of 10000: Training 5 Clients ---
Selected clients: ['79', '56', '49', '13', '42']
--- Updating central model ---
Checkpoint saved in path: checkpoints/cifar10/alpha0.5_K5_N10000_cnn_E1_clr0.01_fedopt_sgd_slr1.0_sam_rho0.1_112125_19:29:44.ckpt
--- Round 32 of 10000: Training 5 Clients ---
Selected clients: ['96', '71', '0', '75', '9']
--- Updating central model ---
Checkpoint saved in path: checkpoints/cifar10/alpha0.5_K5_N10000_cnn_E1_clr0.01_fedopt_sgd_slr1.0_sam_rho0.1_112125_19:29:44.ckpt
--- Round 33 of 10000: Training 5 Clients ---
Selected clients: ['15', '23', '24', '26', '20']
--- Updating central model ---
Checkpoint saved in path: checkpoints/cifar10/alpha0.5_K5_N10000_cnn_E1_clr0.01_fedopt_sgd_slr1.0_sam_rho0.1_112125_19:29:44.ckpt
--- Round 34 of 10000: Training 5 Clients ---
Selected clients: ['87', '26', '34', '15', '74']
--- Updating central model ---
Checkpoint saved in path: checkpoints/cifar10/alpha0.5_K5_N10000_cnn_E1_clr0.01_fedopt_sgd_slr1.0_sam_rho0.1_112125_19:29:44.ckpt
--- Round 35 of 10000: Training 5 Clients ---
Selected clients: ['26', '75', '11', '19', '82']
--- Updating central model ---
Checkpoint saved in path: checkpoints/cifar10/alpha0.5_K5_N10000_cnn_E1_clr0.01_fedopt_sgd_slr1.0_sam_rho0.1_112125_19:29:44.ckpt
--- Round 36 of 10000: Training 5 Clients ---
Selected clients: ['12', '96', '44', '10', '68']
--- Updating central model ---
Checkpoint saved in path: checkpoints/cifar10/alpha0.5_K5_N10000_cnn_E1_clr0.01_fedopt_sgd_slr1.0_sam_rho0.1_112125_19:29:44.ckpt
--- Round 37 of 10000: Training 5 Clients ---
Selected clients: ['11', '94', '67', '68', '96']
--- Updating central model ---
Checkpoint saved in path: checkpoints/cifar10/alpha0.5_K5_N10000_cnn_E1_clr0.01_fedopt_sgd_slr1.0_sam_rho0.1_112125_19:29:44.ckpt
--- Round 38 of 10000: Training 5 Clients ---
Selected clients: ['31', '48', '50', '33', '61']
--- Updating central model ---
Checkpoint saved in path: checkpoints/cifar10/alpha0.5_K5_N10000_cnn_E1_clr0.01_fedopt_sgd_slr1.0_sam_rho0.1_112125_19:29:44.ckpt
--- Round 39 of 10000: Training 5 Clients ---
Selected clients: ['59', '98', '37', '1', '67']
--- Updating central model ---
Checkpoint saved in path: checkpoints/cifar10/alpha0.5_K5_N10000_cnn_E1_clr0.01_fedopt_sgd_slr1.0_sam_rho0.1_112125_19:29:44.ckpt
--- Round 40 of 10000: Training 5 Clients ---
Selected clients: ['83', '44', '27', '1', '63']
--- Updating central model ---
Checkpoint saved in path: checkpoints/cifar10/alpha0.5_K5_N10000_cnn_E1_clr0.01_fedopt_sgd_slr1.0_sam_rho0.1_112125_19:29:44.ckpt
--- Round 41 of 10000: Training 5 Clients ---
Selected clients: ['11', '71', '43', '93', '59']
--- Updating central model ---
Checkpoint saved in path: checkpoints/cifar10/alpha0.5_K5_N10000_cnn_E1_clr0.01_fedopt_sgd_slr1.0_sam_rho0.1_112125_19:29:44.ckpt
--- Round 42 of 10000: Training 5 Clients ---
Selected clients: ['25', '15', '62', '34', '98']
--- Updating central model ---
Checkpoint saved in path: checkpoints/cifar10/alpha0.5_K5_N10000_cnn_E1_clr0.01_fedopt_sgd_slr1.0_sam_rho0.1_112125_19:29:44.ckpt
--- Round 43 of 10000: Training 5 Clients ---
Selected clients: ['40', '57', '2', '32', '41']
--- Updating central model ---
Checkpoint saved in path: checkpoints/cifar10/alpha0.5_K5_N10000_cnn_E1_clr0.01_fedopt_sgd_slr1.0_sam_rho0.1_112125_19:29:44.ckpt
--- Round 44 of 10000: Training 5 Clients ---
Selected clients: ['50', '12', '19', '77', '4']
--- Updating central model ---
Checkpoint saved in path: checkpoints/cifar10/alpha0.5_K5_N10000_cnn_E1_clr0.01_fedopt_sgd_slr1.0_sam_rho0.1_112125_19:29:44.ckpt
--- Round 45 of 10000: Training 5 Clients ---
Selected clients: ['95', '53', '65', '56', '96']
--- Updating central model ---
Checkpoint saved in path: checkpoints/cifar10/alpha0.5_K5_N10000_cnn_E1_clr0.01_fedopt_sgd_slr1.0_sam_rho0.1_112125_19:29:44.ckpt
--- Round 46 of 10000: Training 5 Clients ---
Selected clients: ['27', '11', '16', '19', '86']
--- Updating central model ---
Checkpoint saved in path: checkpoints/cifar10/alpha0.5_K5_N10000_cnn_E1_clr0.01_fedopt_sgd_slr1.0_sam_rho0.1_112125_19:29:44.ckpt
--- Round 47 of 10000: Training 5 Clients ---
Selected clients: ['97', '12', '34', '54', '94']
--- Updating central model ---
Checkpoint saved in path: checkpoints/cifar10/alpha0.5_K5_N10000_cnn_E1_clr0.01_fedopt_sgd_slr1.0_sam_rho0.1_112125_19:29:44.ckpt
--- Round 48 of 10000: Training 5 Clients ---
Selected clients: ['42', '47', '98', '58', '40']
--- Updating central model ---
Checkpoint saved in path: checkpoints/cifar10/alpha0.5_K5_N10000_cnn_E1_clr0.01_fedopt_sgd_slr1.0_sam_rho0.1_112125_19:29:44.ckpt
--- Round 49 of 10000: Training 5 Clients ---
Selected clients: ['37', '56', '92', '63', '53']
--- Updating central model ---
Checkpoint saved in path: checkpoints/cifar10/alpha0.5_K5_N10000_cnn_E1_clr0.01_fedopt_sgd_slr1.0_sam_rho0.1_112125_19:29:44.ckpt
--- Round 50 of 10000: Training 5 Clients ---
Selected clients: ['11', '53', '66', '93', '24']
--- Updating central model ---
Checkpoint saved in path: checkpoints/cifar10/alpha0.5_K5_N10000_cnn_E1_clr0.01_fedopt_sgd_slr1.0_sam_rho0.1_112125_19:29:44.ckpt
--- Round 51 of 10000: Training 5 Clients ---
Selected clients: ['8', '49', '57', '61', '5']
--- Updating central model ---
Checkpoint saved in path: checkpoints/cifar10/alpha0.5_K5_N10000_cnn_E1_clr0.01_fedopt_sgd_slr1.0_sam_rho0.1_112125_19:29:44.ckpt
--- Round 52 of 10000: Training 5 Clients ---
Selected clients: ['4', '0', '12', '79', '32']
--- Updating central model ---
Checkpoint saved in path: checkpoints/cifar10/alpha0.5_K5_N10000_cnn_E1_clr0.01_fedopt_sgd_slr1.0_sam_rho0.1_112125_19:29:44.ckpt
--- Round 53 of 10000: Training 5 Clients ---
Selected clients: ['37', '15', '8', '78', '22']
--- Updating central model ---
Checkpoint saved in path: checkpoints/cifar10/alpha0.5_K5_N10000_cnn_E1_clr0.01_fedopt_sgd_slr1.0_sam_rho0.1_112125_19:29:44.ckpt
--- Round 54 of 10000: Training 5 Clients ---
Selected clients: ['27', '3', '46', '21', '1']
--- Updating central model ---
Checkpoint saved in path: checkpoints/cifar10/alpha0.5_K5_N10000_cnn_E1_clr0.01_fedopt_sgd_slr1.0_sam_rho0.1_112125_19:29:44.ckpt
--- Round 55 of 10000: Training 5 Clients ---
Selected clients: ['4', '85', '29', '17', '62']
--- Updating central model ---
Checkpoint saved in path: checkpoints/cifar10/alpha0.5_K5_N10000_cnn_E1_clr0.01_fedopt_sgd_slr1.0_sam_rho0.1_112125_19:29:44.ckpt
--- Round 56 of 10000: Training 5 Clients ---
Selected clients: ['54', '73', '66', '11', '92']
--- Updating central model ---
Checkpoint saved in path: checkpoints/cifar10/alpha0.5_K5_N10000_cnn_E1_clr0.01_fedopt_sgd_slr1.0_sam_rho0.1_112125_19:29:44.ckpt
--- Round 57 of 10000: Training 5 Clients ---
Selected clients: ['10', '49', '28', '31', '87']
--- Updating central model ---
Checkpoint saved in path: checkpoints/cifar10/alpha0.5_K5_N10000_cnn_E1_clr0.01_fedopt_sgd_slr1.0_sam_rho0.1_112125_19:29:44.ckpt
--- Round 58 of 10000: Training 5 Clients ---
Selected clients: ['38', '89', '1', '97', '87']
--- Updating central model ---
Checkpoint saved in path: checkpoints/cifar10/alpha0.5_K5_N10000_cnn_E1_clr0.01_fedopt_sgd_slr1.0_sam_rho0.1_112125_19:29:44.ckpt
--- Round 59 of 10000: Training 5 Clients ---
Selected clients: ['31', '22', '56', '52', '59']
--- Updating central model ---
Checkpoint saved in path: checkpoints/cifar10/alpha0.5_K5_N10000_cnn_E1_clr0.01_fedopt_sgd_slr1.0_sam_rho0.1_112125_19:29:44.ckpt
--- Round 60 of 10000: Training 5 Clients ---
Selected clients: ['72', '79', '13', '38', '20']
--- Updating central model ---
Checkpoint saved in path: checkpoints/cifar10/alpha0.5_K5_N10000_cnn_E1_clr0.01_fedopt_sgd_slr1.0_sam_rho0.1_112125_19:29:44.ckpt
--- Round 61 of 10000: Training 5 Clients ---
Selected clients: ['63', '66', '40', '83', '38']
--- Updating central model ---
Checkpoint saved in path: checkpoints/cifar10/alpha0.5_K5_N10000_cnn_E1_clr0.01_fedopt_sgd_slr1.0_sam_rho0.1_112125_19:29:44.ckpt
--- Round 62 of 10000: Training 5 Clients ---
Selected clients: ['15', '16', '95', '98', '18']
--- Updating central model ---
Checkpoint saved in path: checkpoints/cifar10/alpha0.5_K5_N10000_cnn_E1_clr0.01_fedopt_sgd_slr1.0_sam_rho0.1_112125_19:29:44.ckpt
--- Round 63 of 10000: Training 5 Clients ---
Selected clients: ['42', '90', '51', '59', '80']
--- Updating central model ---
Checkpoint saved in path: checkpoints/cifar10/alpha0.5_K5_N10000_cnn_E1_clr0.01_fedopt_sgd_slr1.0_sam_rho0.1_112125_19:29:44.ckpt
--- Round 64 of 10000: Training 5 Clients ---
Selected clients: ['83', '44', '60', '51', '27']
--- Updating central model ---
Checkpoint saved in path: checkpoints/cifar10/alpha0.5_K5_N10000_cnn_E1_clr0.01_fedopt_sgd_slr1.0_sam_rho0.1_112125_19:29:44.ckpt
--- Round 65 of 10000: Training 5 Clients ---
Selected clients: ['69', '96', '52', '53', '28']
--- Updating central model ---
Checkpoint saved in path: checkpoints/cifar10/alpha0.5_K5_N10000_cnn_E1_clr0.01_fedopt_sgd_slr1.0_sam_rho0.1_112125_19:29:44.ckpt
--- Round 66 of 10000: Training 5 Clients ---
Selected clients: ['87', '18', '70', '46', '49']
--- Updating central model ---
Checkpoint saved in path: checkpoints/cifar10/alpha0.5_K5_N10000_cnn_E1_clr0.01_fedopt_sgd_slr1.0_sam_rho0.1_112125_19:29:44.ckpt
--- Round 67 of 10000: Training 5 Clients ---
Selected clients: ['1', '68', '47', '39', '25']
--- Updating central model ---
Checkpoint saved in path: checkpoints/cifar10/alpha0.5_K5_N10000_cnn_E1_clr0.01_fedopt_sgd_slr1.0_sam_rho0.1_112125_19:29:44.ckpt
--- Round 68 of 10000: Training 5 Clients ---
Selected clients: ['31', '15', '96', '63', '81']
--- Updating central model ---
Checkpoint saved in path: checkpoints/cifar10/alpha0.5_K5_N10000_cnn_E1_clr0.01_fedopt_sgd_slr1.0_sam_rho0.1_112125_19:29:44.ckpt
--- Round 69 of 10000: Training 5 Clients ---
Selected clients: ['69', '49', '56', '82', '50']
--- Updating central model ---
Checkpoint saved in path: checkpoints/cifar10/alpha0.5_K5_N10000_cnn_E1_clr0.01_fedopt_sgd_slr1.0_sam_rho0.1_112125_19:29:44.ckpt
--- Round 70 of 10000: Training 5 Clients ---
Selected clients: ['70', '13', '41', '74', '44']
--- Updating central model ---
Checkpoint saved in path: checkpoints/cifar10/alpha0.5_K5_N10000_cnn_E1_clr0.01_fedopt_sgd_slr1.0_sam_rho0.1_112125_19:29:44.ckpt
--- Round 71 of 10000: Training 5 Clients ---
Selected clients: ['55', '98', '26', '89', '14']
--- Updating central model ---
Checkpoint saved in path: checkpoints/cifar10/alpha0.5_K5_N10000_cnn_E1_clr0.01_fedopt_sgd_slr1.0_sam_rho0.1_112125_19:29:44.ckpt
--- Round 72 of 10000: Training 5 Clients ---
Selected clients: ['40', '46', '56', '71', '59']
--- Updating central model ---
Checkpoint saved in path: checkpoints/cifar10/alpha0.5_K5_N10000_cnn_E1_clr0.01_fedopt_sgd_slr1.0_sam_rho0.1_112125_19:29:44.ckpt
--- Round 73 of 10000: Training 5 Clients ---
Selected clients: ['38', '14', '87', '88', '9']
--- Updating central model ---
Checkpoint saved in path: checkpoints/cifar10/alpha0.5_K5_N10000_cnn_E1_clr0.01_fedopt_sgd_slr1.0_sam_rho0.1_112125_19:29:44.ckpt
--- Round 74 of 10000: Training 5 Clients ---
Selected clients: ['41', '40', '66', '76', '60']
--- Updating central model ---
Checkpoint saved in path: checkpoints/cifar10/alpha0.5_K5_N10000_cnn_E1_clr0.01_fedopt_sgd_slr1.0_sam_rho0.1_112125_19:29:44.ckpt
--- Round 75 of 10000: Training 5 Clients ---
Selected clients: ['39', '82', '92', '35', '23']
--- Updating central model ---
Checkpoint saved in path: checkpoints/cifar10/alpha0.5_K5_N10000_cnn_E1_clr0.01_fedopt_sgd_slr1.0_sam_rho0.1_112125_19:29:44.ckpt
--- Round 76 of 10000: Training 5 Clients ---
Selected clients: ['87', '30', '14', '61', '68']
--- Updating central model ---
Checkpoint saved in path: checkpoints/cifar10/alpha0.5_K5_N10000_cnn_E1_clr0.01_fedopt_sgd_slr1.0_sam_rho0.1_112125_19:29:44.ckpt
--- Round 77 of 10000: Training 5 Clients ---
Selected clients: ['37', '97', '56', '94', '33']
--- Updating central model ---
Checkpoint saved in path: checkpoints/cifar10/alpha0.5_K5_N10000_cnn_E1_clr0.01_fedopt_sgd_slr1.0_sam_rho0.1_112125_19:29:44.ckpt
--- Round 78 of 10000: Training 5 Clients ---
Selected clients: ['82', '2', '59', '29', '79']
--- Updating central model ---
Checkpoint saved in path: checkpoints/cifar10/alpha0.5_K5_N10000_cnn_E1_clr0.01_fedopt_sgd_slr1.0_sam_rho0.1_112125_19:29:44.ckpt
--- Round 79 of 10000: Training 5 Clients ---
Selected clients: ['65', '33', '94', '75', '8']
--- Updating central model ---
Checkpoint saved in path: checkpoints/cifar10/alpha0.5_K5_N10000_cnn_E1_clr0.01_fedopt_sgd_slr1.0_sam_rho0.1_112125_19:29:44.ckpt
--- Round 80 of 10000: Training 5 Clients ---
Selected clients: ['47', '42', '45', '73', '98']
--- Updating central model ---
Checkpoint saved in path: checkpoints/cifar10/alpha0.5_K5_N10000_cnn_E1_clr0.01_fedopt_sgd_slr1.0_sam_rho0.1_112125_19:29:44.ckpt
--- Round 81 of 10000: Training 5 Clients ---
Selected clients: ['54', '33', '79', '65', '1']
--- Updating central model ---
Checkpoint saved in path: checkpoints/cifar10/alpha0.5_K5_N10000_cnn_E1_clr0.01_fedopt_sgd_slr1.0_sam_rho0.1_112125_19:29:44.ckpt
--- Round 82 of 10000: Training 5 Clients ---
Selected clients: ['4', '17', '95', '73', '26']
--- Updating central model ---
Checkpoint saved in path: checkpoints/cifar10/alpha0.5_K5_N10000_cnn_E1_clr0.01_fedopt_sgd_slr1.0_sam_rho0.1_112125_19:29:44.ckpt
--- Round 83 of 10000: Training 5 Clients ---
Selected clients: ['32', '72', '7', '95', '70']
--- Updating central model ---
Checkpoint saved in path: checkpoints/cifar10/alpha0.5_K5_N10000_cnn_E1_clr0.01_fedopt_sgd_slr1.0_sam_rho0.1_112125_19:29:44.ckpt
--- Round 84 of 10000: Training 5 Clients ---
Selected clients: ['12', '79', '5', '48', '61']
--- Updating central model ---
Checkpoint saved in path: checkpoints/cifar10/alpha0.5_K5_N10000_cnn_E1_clr0.01_fedopt_sgd_slr1.0_sam_rho0.1_112125_19:29:44.ckpt
--- Round 85 of 10000: Training 5 Clients ---
Selected clients: ['19', '0', '95', '67', '89']
--- Updating central model ---
Checkpoint saved in path: checkpoints/cifar10/alpha0.5_K5_N10000_cnn_E1_clr0.01_fedopt_sgd_slr1.0_sam_rho0.1_112125_19:29:44.ckpt
--- Round 86 of 10000: Training 5 Clients ---
Selected clients: ['36', '16', '31', '25', '19']
--- Updating central model ---
Checkpoint saved in path: checkpoints/cifar10/alpha0.5_K5_N10000_cnn_E1_clr0.01_fedopt_sgd_slr1.0_sam_rho0.1_112125_19:29:44.ckpt
--- Round 87 of 10000: Training 5 Clients ---
Selected clients: ['95', '12', '6', '20', '83']
--- Updating central model ---
Checkpoint saved in path: checkpoints/cifar10/alpha0.5_K5_N10000_cnn_E1_clr0.01_fedopt_sgd_slr1.0_sam_rho0.1_112125_19:29:44.ckpt
--- Round 88 of 10000: Training 5 Clients ---
Selected clients: ['49', '55', '18', '40', '10']
--- Updating central model ---
Checkpoint saved in path: checkpoints/cifar10/alpha0.5_K5_N10000_cnn_E1_clr0.01_fedopt_sgd_slr1.0_sam_rho0.1_112125_19:29:44.ckpt
--- Round 89 of 10000: Training 5 Clients ---
Selected clients: ['75', '37', '77', '40', '41']
--- Updating central model ---
Checkpoint saved in path: checkpoints/cifar10/alpha0.5_K5_N10000_cnn_E1_clr0.01_fedopt_sgd_slr1.0_sam_rho0.1_112125_19:29:44.ckpt
--- Round 90 of 10000: Training 5 Clients ---
Selected clients: ['80', '16', '18', '69', '51']
--- Updating central model ---
Checkpoint saved in path: checkpoints/cifar10/alpha0.5_K5_N10000_cnn_E1_clr0.01_fedopt_sgd_slr1.0_sam_rho0.1_112125_19:29:44.ckpt
--- Round 91 of 10000: Training 5 Clients ---
Selected clients: ['87', '88', '71', '67', '72']
--- Updating central model ---
Checkpoint saved in path: checkpoints/cifar10/alpha0.5_K5_N10000_cnn_E1_clr0.01_fedopt_sgd_slr1.0_sam_rho0.1_112125_19:29:44.ckpt
--- Round 92 of 10000: Training 5 Clients ---
Selected clients: ['17', '65', '66', '22', '25']
--- Updating central model ---
Checkpoint saved in path: checkpoints/cifar10/alpha0.5_K5_N10000_cnn_E1_clr0.01_fedopt_sgd_slr1.0_sam_rho0.1_112125_19:29:44.ckpt
--- Round 93 of 10000: Training 5 Clients ---
Selected clients: ['62', '82', '96', '36', '76']
--- Updating central model ---
Checkpoint saved in path: checkpoints/cifar10/alpha0.5_K5_N10000_cnn_E1_clr0.01_fedopt_sgd_slr1.0_sam_rho0.1_112125_19:29:44.ckpt
--- Round 94 of 10000: Training 5 Clients ---
Selected clients: ['64', '78', '21', '88', '71']
--- Updating central model ---
Checkpoint saved in path: checkpoints/cifar10/alpha0.5_K5_N10000_cnn_E1_clr0.01_fedopt_sgd_slr1.0_sam_rho0.1_112125_19:29:44.ckpt
--- Round 95 of 10000: Training 5 Clients ---
Selected clients: ['6', '19', '60', '38', '28']
--- Updating central model ---
Checkpoint saved in path: checkpoints/cifar10/alpha0.5_K5_N10000_cnn_E1_clr0.01_fedopt_sgd_slr1.0_sam_rho0.1_112125_19:29:44.ckpt
--- Round 96 of 10000: Training 5 Clients ---
Selected clients: ['3', '27', '53', '37', '67']
--- Updating central model ---
Checkpoint saved in path: checkpoints/cifar10/alpha0.5_K5_N10000_cnn_E1_clr0.01_fedopt_sgd_slr1.0_sam_rho0.1_112125_19:29:44.ckpt
--- Round 97 of 10000: Training 5 Clients ---
Selected clients: ['95', '88', '78', '73', '32']
--- Updating central model ---
Checkpoint saved in path: checkpoints/cifar10/alpha0.5_K5_N10000_cnn_E1_clr0.01_fedopt_sgd_slr1.0_sam_rho0.1_112125_19:29:44.ckpt
--- Round 98 of 10000: Training 5 Clients ---
Selected clients: ['72', '13', '1', '44', '74']
--- Updating central model ---
Checkpoint saved in path: checkpoints/cifar10/alpha0.5_K5_N10000_cnn_E1_clr0.01_fedopt_sgd_slr1.0_sam_rho0.1_112125_19:29:44.ckpt
--- Round 99 of 10000: Training 5 Clients ---
Selected clients: ['74', '48', '15', '29', '82']
--- Updating central model ---
Checkpoint saved in path: checkpoints/cifar10/alpha0.5_K5_N10000_cnn_E1_clr0.01_fedopt_sgd_slr1.0_sam_rho0.1_112125_19:29:44.ckpt
--- Round 100 of 10000: Training 5 Clients ---
Selected clients: ['63', '49', '24', '72', '85']
--- Updating central model ---
train_accuracy: 12.5971, 10th percentile: 1.23083, 50th percentile: 8.19179, 90th percentile 26.3075
train_loss: 2.29849, 10th percentile: 2.27817, 50th percentile: 2.299, 90th percentile 2.32533
test_accuracy: 12.61, 10th percentile: 12.61, 50th percentile: 12.61, 90th percentile 12.61
test_loss: 2.29797, 10th percentile: 2.29797, 50th percentile: 2.29797, 90th percentile 2.29797
Checkpoint saved in path: checkpoints/cifar10/alpha0.5_K5_N10000_cnn_E1_clr0.01_fedopt_sgd_slr1.0_sam_rho0.1_112125_19:29:44.ckpt
--- Round 101 of 10000: Training 5 Clients ---
Selected clients: ['12', '99', '3', '75', '90']
--- Updating central model ---
Checkpoint saved in path: checkpoints/cifar10/alpha0.5_K5_N10000_cnn_E1_clr0.01_fedopt_sgd_slr1.0_sam_rho0.1_112125_19:29:44.ckpt
--- Round 102 of 10000: Training 5 Clients ---
Selected clients: ['14', '34', '8', '77', '6']
--- Updating central model ---
Checkpoint saved in path: checkpoints/cifar10/alpha0.5_K5_N10000_cnn_E1_clr0.01_fedopt_sgd_slr1.0_sam_rho0.1_112125_19:29:44.ckpt
--- Round 103 of 10000: Training 5 Clients ---
Selected clients: ['27', '68', '82', '62', '57']
--- Updating central model ---
Checkpoint saved in path: checkpoints/cifar10/alpha0.5_K5_N10000_cnn_E1_clr0.01_fedopt_sgd_slr1.0_sam_rho0.1_112125_19:29:44.ckpt
--- Round 104 of 10000: Training 5 Clients ---
Selected clients: ['92', '84', '71', '83', '48']
--- Updating central model ---
Checkpoint saved in path: checkpoints/cifar10/alpha0.5_K5_N10000_cnn_E1_clr0.01_fedopt_sgd_slr1.0_sam_rho0.1_112125_19:29:44.ckpt
--- Round 105 of 10000: Training 5 Clients ---
Selected clients: ['1', '58', '16', '79', '55']
--- Updating central model ---
Checkpoint saved in path: checkpoints/cifar10/alpha0.5_K5_N10000_cnn_E1_clr0.01_fedopt_sgd_slr1.0_sam_rho0.1_112125_19:29:44.ckpt
--- Round 106 of 10000: Training 5 Clients ---
Selected clients: ['64', '12', '95', '43', '77']
--- Updating central model ---
Checkpoint saved in path: checkpoints/cifar10/alpha0.5_K5_N10000_cnn_E1_clr0.01_fedopt_sgd_slr1.0_sam_rho0.1_112125_19:29:44.ckpt
--- Round 107 of 10000: Training 5 Clients ---
Selected clients: ['47', '82', '86', '14', '45']
--- Updating central model ---
Checkpoint saved in path: checkpoints/cifar10/alpha0.5_K5_N10000_cnn_E1_clr0.01_fedopt_sgd_slr1.0_sam_rho0.1_112125_19:29:44.ckpt
--- Round 108 of 10000: Training 5 Clients ---
Selected clients: ['90', '78', '5', '73', '32']
--- Updating central model ---
Checkpoint saved in path: checkpoints/cifar10/alpha0.5_K5_N10000_cnn_E1_clr0.01_fedopt_sgd_slr1.0_sam_rho0.1_112125_19:29:44.ckpt
--- Round 109 of 10000: Training 5 Clients ---
Selected clients: ['74', '75', '8', '61', '4']
--- Updating central model ---
Checkpoint saved in path: checkpoints/cifar10/alpha0.5_K5_N10000_cnn_E1_clr0.01_fedopt_sgd_slr1.0_sam_rho0.1_112125_19:29:44.ckpt
--- Round 110 of 10000: Training 5 Clients ---
Selected clients: ['86', '15', '90', '34', '25']
--- Updating central model ---
Checkpoint saved in path: checkpoints/cifar10/alpha0.5_K5_N10000_cnn_E1_clr0.01_fedopt_sgd_slr1.0_sam_rho0.1_112125_19:29:44.ckpt
--- Round 111 of 10000: Training 5 Clients ---
Selected clients: ['4', '38', '34', '5', '19']
--- Updating central model ---
Checkpoint saved in path: checkpoints/cifar10/alpha0.5_K5_N10000_cnn_E1_clr0.01_fedopt_sgd_slr1.0_sam_rho0.1_112125_19:29:44.ckpt
--- Round 112 of 10000: Training 5 Clients ---
Selected clients: ['81', '15', '29', '40', '1']
--- Updating central model ---
Checkpoint saved in path: checkpoints/cifar10/alpha0.5_K5_N10000_cnn_E1_clr0.01_fedopt_sgd_slr1.0_sam_rho0.1_112125_19:29:44.ckpt
--- Round 113 of 10000: Training 5 Clients ---
Selected clients: ['91', '57', '5', '72', '79']
--- Updating central model ---
Checkpoint saved in path: checkpoints/cifar10/alpha0.5_K5_N10000_cnn_E1_clr0.01_fedopt_sgd_slr1.0_sam_rho0.1_112125_19:29:44.ckpt
--- Round 114 of 10000: Training 5 Clients ---
Selected clients: ['11', '78', '15', '98', '46']
--- Updating central model ---
Checkpoint saved in path: checkpoints/cifar10/alpha0.5_K5_N10000_cnn_E1_clr0.01_fedopt_sgd_slr1.0_sam_rho0.1_112125_19:29:44.ckpt
--- Round 115 of 10000: Training 5 Clients ---
Selected clients: ['16', '35', '27', '1', '71']
--- Updating central model ---
Checkpoint saved in path: checkpoints/cifar10/alpha0.5_K5_N10000_cnn_E1_clr0.01_fedopt_sgd_slr1.0_sam_rho0.1_112125_19:29:44.ckpt
--- Round 116 of 10000: Training 5 Clients ---
Selected clients: ['43', '92', '13', '28', '25']
--- Updating central model ---
Checkpoint saved in path: checkpoints/cifar10/alpha0.5_K5_N10000_cnn_E1_clr0.01_fedopt_sgd_slr1.0_sam_rho0.1_112125_19:29:44.ckpt
--- Round 117 of 10000: Training 5 Clients ---
Selected clients: ['22', '17', '96', '57', '29']
--- Updating central model ---
Checkpoint saved in path: checkpoints/cifar10/alpha0.5_K5_N10000_cnn_E1_clr0.01_fedopt_sgd_slr1.0_sam_rho0.1_112125_19:29:44.ckpt
--- Round 118 of 10000: Training 5 Clients ---
Selected clients: ['44', '40', '33', '76', '84']
--- Updating central model ---
Checkpoint saved in path: checkpoints/cifar10/alpha0.5_K5_N10000_cnn_E1_clr0.01_fedopt_sgd_slr1.0_sam_rho0.1_112125_19:29:44.ckpt
--- Round 119 of 10000: Training 5 Clients ---
Selected clients: ['75', '77', '87', '12', '36']
--- Updating central model ---
Checkpoint saved in path: checkpoints/cifar10/alpha0.5_K5_N10000_cnn_E1_clr0.01_fedopt_sgd_slr1.0_sam_rho0.1_112125_19:29:44.ckpt
--- Round 120 of 10000: Training 5 Clients ---
Selected clients: ['56', '22', '78', '12', '74']
--- Updating central model ---
Checkpoint saved in path: checkpoints/cifar10/alpha0.5_K5_N10000_cnn_E1_clr0.01_fedopt_sgd_slr1.0_sam_rho0.1_112125_19:29:44.ckpt
--- Round 121 of 10000: Training 5 Clients ---
Selected clients: ['50', '59', '36', '69', '2']
--- Updating central model ---
Checkpoint saved in path: checkpoints/cifar10/alpha0.5_K5_N10000_cnn_E1_clr0.01_fedopt_sgd_slr1.0_sam_rho0.1_112125_19:29:44.ckpt
--- Round 122 of 10000: Training 5 Clients ---
Selected clients: ['82', '44', '60', '94', '38']
--- Updating central model ---
Checkpoint saved in path: checkpoints/cifar10/alpha0.5_K5_N10000_cnn_E1_clr0.01_fedopt_sgd_slr1.0_sam_rho0.1_112125_19:29:44.ckpt
--- Round 123 of 10000: Training 5 Clients ---
Selected clients: ['67', '13', '45', '41', '71']
--- Updating central model ---
Checkpoint saved in path: checkpoints/cifar10/alpha0.5_K5_N10000_cnn_E1_clr0.01_fedopt_sgd_slr1.0_sam_rho0.1_112125_19:29:44.ckpt
--- Round 124 of 10000: Training 5 Clients ---
Selected clients: ['59', '54', '56', '58', '73']
--- Updating central model ---
Checkpoint saved in path: checkpoints/cifar10/alpha0.5_K5_N10000_cnn_E1_clr0.01_fedopt_sgd_slr1.0_sam_rho0.1_112125_19:29:44.ckpt
--- Round 125 of 10000: Training 5 Clients ---
Selected clients: ['10', '25', '55', '7', '41']
--- Updating central model ---
Checkpoint saved in path: checkpoints/cifar10/alpha0.5_K5_N10000_cnn_E1_clr0.01_fedopt_sgd_slr1.0_sam_rho0.1_112125_19:29:44.ckpt
--- Round 126 of 10000: Training 5 Clients ---
Selected clients: ['97', '47', '31', '79', '29']
--- Updating central model ---
Checkpoint saved in path: checkpoints/cifar10/alpha0.5_K5_N10000_cnn_E1_clr0.01_fedopt_sgd_slr1.0_sam_rho0.1_112125_19:29:44.ckpt
--- Round 127 of 10000: Training 5 Clients ---
Selected clients: ['60', '97', '47', '44', '15']
--- Updating central model ---
Checkpoint saved in path: checkpoints/cifar10/alpha0.5_K5_N10000_cnn_E1_clr0.01_fedopt_sgd_slr1.0_sam_rho0.1_112125_19:29:44.ckpt
--- Round 128 of 10000: Training 5 Clients ---
Selected clients: ['43', '99', '93', '61', '1']
--- Updating central model ---
Checkpoint saved in path: checkpoints/cifar10/alpha0.5_K5_N10000_cnn_E1_clr0.01_fedopt_sgd_slr1.0_sam_rho0.1_112125_19:29:44.ckpt
--- Round 129 of 10000: Training 5 Clients ---
Selected clients: ['35', '86', '42', '88', '34']
--- Updating central model ---
Checkpoint saved in path: checkpoints/cifar10/alpha0.5_K5_N10000_cnn_E1_clr0.01_fedopt_sgd_slr1.0_sam_rho0.1_112125_19:29:44.ckpt
--- Round 130 of 10000: Training 5 Clients ---
Selected clients: ['32', '38', '9', '75', '12']
--- Updating central model ---
Checkpoint saved in path: checkpoints/cifar10/alpha0.5_K5_N10000_cnn_E1_clr0.01_fedopt_sgd_slr1.0_sam_rho0.1_112125_19:29:44.ckpt
--- Round 131 of 10000: Training 5 Clients ---
Selected clients: ['54', '40', '31', '22', '17']
--- Updating central model ---
Checkpoint saved in path: checkpoints/cifar10/alpha0.5_K5_N10000_cnn_E1_clr0.01_fedopt_sgd_slr1.0_sam_rho0.1_112125_19:29:44.ckpt
--- Round 132 of 10000: Training 5 Clients ---
Selected clients: ['27', '12', '56', '41', '30']
--- Updating central model ---
Checkpoint saved in path: checkpoints/cifar10/alpha0.5_K5_N10000_cnn_E1_clr0.01_fedopt_sgd_slr1.0_sam_rho0.1_112125_19:29:44.ckpt
--- Round 133 of 10000: Training 5 Clients ---
Selected clients: ['19', '77', '4', '13', '18']
--- Updating central model ---
Checkpoint saved in path: checkpoints/cifar10/alpha0.5_K5_N10000_cnn_E1_clr0.01_fedopt_sgd_slr1.0_sam_rho0.1_112125_19:29:44.ckpt
--- Round 134 of 10000: Training 5 Clients ---
Selected clients: ['66', '47', '28', '59', '15']
--- Updating central model ---
Checkpoint saved in path: checkpoints/cifar10/alpha0.5_K5_N10000_cnn_E1_clr0.01_fedopt_sgd_slr1.0_sam_rho0.1_112125_19:29:44.ckpt
--- Round 135 of 10000: Training 5 Clients ---
Selected clients: ['34', '40', '21', '23', '61']
--- Updating central model ---
Checkpoint saved in path: checkpoints/cifar10/alpha0.5_K5_N10000_cnn_E1_clr0.01_fedopt_sgd_slr1.0_sam_rho0.1_112125_19:29:44.ckpt
--- Round 136 of 10000: Training 5 Clients ---
Selected clients: ['27', '43', '7', '45', '34']
--- Updating central model ---
Checkpoint saved in path: checkpoints/cifar10/alpha0.5_K5_N10000_cnn_E1_clr0.01_fedopt_sgd_slr1.0_sam_rho0.1_112125_19:29:44.ckpt
--- Round 137 of 10000: Training 5 Clients ---
Selected clients: ['2', '70', '44', '85', '86']
--- Updating central model ---
Checkpoint saved in path: checkpoints/cifar10/alpha0.5_K5_N10000_cnn_E1_clr0.01_fedopt_sgd_slr1.0_sam_rho0.1_112125_19:29:44.ckpt
--- Round 138 of 10000: Training 5 Clients ---
Selected clients: ['59', '53', '26', '61', '95']
--- Updating central model ---
Checkpoint saved in path: checkpoints/cifar10/alpha0.5_K5_N10000_cnn_E1_clr0.01_fedopt_sgd_slr1.0_sam_rho0.1_112125_19:29:44.ckpt
--- Round 139 of 10000: Training 5 Clients ---
Selected clients: ['51', '70', '63', '52', '75']
--- Updating central model ---
Checkpoint saved in path: checkpoints/cifar10/alpha0.5_K5_N10000_cnn_E1_clr0.01_fedopt_sgd_slr1.0_sam_rho0.1_112125_19:29:44.ckpt
--- Round 140 of 10000: Training 5 Clients ---
Selected clients: ['12', '48', '93', '41', '53']
--- Updating central model ---
Checkpoint saved in path: checkpoints/cifar10/alpha0.5_K5_N10000_cnn_E1_clr0.01_fedopt_sgd_slr1.0_sam_rho0.1_112125_19:29:44.ckpt
--- Round 141 of 10000: Training 5 Clients ---
Selected clients: ['67', '18', '23', '97', '58']
--- Updating central model ---
Checkpoint saved in path: checkpoints/cifar10/alpha0.5_K5_N10000_cnn_E1_clr0.01_fedopt_sgd_slr1.0_sam_rho0.1_112125_19:29:44.ckpt
--- Round 142 of 10000: Training 5 Clients ---
Selected clients: ['19', '78', '27', '12', '98']
--- Updating central model ---
Checkpoint saved in path: checkpoints/cifar10/alpha0.5_K5_N10000_cnn_E1_clr0.01_fedopt_sgd_slr1.0_sam_rho0.1_112125_19:29:44.ckpt
--- Round 143 of 10000: Training 5 Clients ---
Selected clients: ['9', '75', '28', '81', '10']
--- Updating central model ---
Checkpoint saved in path: checkpoints/cifar10/alpha0.5_K5_N10000_cnn_E1_clr0.01_fedopt_sgd_slr1.0_sam_rho0.1_112125_19:29:44.ckpt
--- Round 144 of 10000: Training 5 Clients ---
Selected clients: ['78', '76', '56', '8', '48']
--- Updating central model ---
Checkpoint saved in path: checkpoints/cifar10/alpha0.5_K5_N10000_cnn_E1_clr0.01_fedopt_sgd_slr1.0_sam_rho0.1_112125_19:29:44.ckpt
--- Round 145 of 10000: Training 5 Clients ---
Selected clients: ['4', '38', '27', '78', '34']
--- Updating central model ---
Checkpoint saved in path: checkpoints/cifar10/alpha0.5_K5_N10000_cnn_E1_clr0.01_fedopt_sgd_slr1.0_sam_rho0.1_112125_19:29:44.ckpt
--- Round 146 of 10000: Training 5 Clients ---
Selected clients: ['79', '49', '22', '46', '33']
--- Updating central model ---
Checkpoint saved in path: checkpoints/cifar10/alpha0.5_K5_N10000_cnn_E1_clr0.01_fedopt_sgd_slr1.0_sam_rho0.1_112125_19:29:44.ckpt
--- Round 147 of 10000: Training 5 Clients ---
Selected clients: ['31', '42', '9', '87', '23']
--- Updating central model ---
Checkpoint saved in path: checkpoints/cifar10/alpha0.5_K5_N10000_cnn_E1_clr0.01_fedopt_sgd_slr1.0_sam_rho0.1_112125_19:29:44.ckpt
--- Round 148 of 10000: Training 5 Clients ---
Selected clients: ['5', '11', '84', '97', '78']
--- Updating central model ---
Checkpoint saved in path: checkpoints/cifar10/alpha0.5_K5_N10000_cnn_E1_clr0.01_fedopt_sgd_slr1.0_sam_rho0.1_112125_19:29:44.ckpt
--- Round 149 of 10000: Training 5 Clients ---
Selected clients: ['70', '9', '56', '72', '99']
--- Updating central model ---
Checkpoint saved in path: checkpoints/cifar10/alpha0.5_K5_N10000_cnn_E1_clr0.01_fedopt_sgd_slr1.0_sam_rho0.1_112125_19:29:44.ckpt
--- Round 150 of 10000: Training 5 Clients ---
Selected clients: ['32', '51', '76', '26', '42']
--- Updating central model ---
Checkpoint saved in path: checkpoints/cifar10/alpha0.5_K5_N10000_cnn_E1_clr0.01_fedopt_sgd_slr1.0_sam_rho0.1_112125_19:29:44.ckpt
--- Round 151 of 10000: Training 5 Clients ---
Selected clients: ['54', '68', '49', '9', '61']
--- Updating central model ---
Checkpoint saved in path: checkpoints/cifar10/alpha0.5_K5_N10000_cnn_E1_clr0.01_fedopt_sgd_slr1.0_sam_rho0.1_112125_19:29:44.ckpt
--- Round 152 of 10000: Training 5 Clients ---
Selected clients: ['9', '18', '50', '42', '70']
--- Updating central model ---
Checkpoint saved in path: checkpoints/cifar10/alpha0.5_K5_N10000_cnn_E1_clr0.01_fedopt_sgd_slr1.0_sam_rho0.1_112125_19:29:44.ckpt
--- Round 153 of 10000: Training 5 Clients ---
Selected clients: ['91', '14', '25', '75', '47']
--- Updating central model ---
Checkpoint saved in path: checkpoints/cifar10/alpha0.5_K5_N10000_cnn_E1_clr0.01_fedopt_sgd_slr1.0_sam_rho0.1_112125_19:29:44.ckpt
--- Round 154 of 10000: Training 5 Clients ---
Selected clients: ['66', '89', '97', '18', '46']
--- Updating central model ---
Checkpoint saved in path: checkpoints/cifar10/alpha0.5_K5_N10000_cnn_E1_clr0.01_fedopt_sgd_slr1.0_sam_rho0.1_112125_19:29:44.ckpt
--- Round 155 of 10000: Training 5 Clients ---
Selected clients: ['84', '18', '66', '94', '47']
--- Updating central model ---
Checkpoint saved in path: checkpoints/cifar10/alpha0.5_K5_N10000_cnn_E1_clr0.01_fedopt_sgd_slr1.0_sam_rho0.1_112125_19:29:44.ckpt
--- Round 156 of 10000: Training 5 Clients ---
Selected clients: ['41', '89', '34', '24', '22']
--- Updating central model ---
Checkpoint saved in path: checkpoints/cifar10/alpha0.5_K5_N10000_cnn_E1_clr0.01_fedopt_sgd_slr1.0_sam_rho0.1_112125_19:29:44.ckpt
--- Round 157 of 10000: Training 5 Clients ---
Selected clients: ['57', '62', '23', '33', '35']
--- Updating central model ---
Checkpoint saved in path: checkpoints/cifar10/alpha0.5_K5_N10000_cnn_E1_clr0.01_fedopt_sgd_slr1.0_sam_rho0.1_112125_19:29:44.ckpt
--- Round 158 of 10000: Training 5 Clients ---
Selected clients: ['68', '82', '21', '70', '29']
--- Updating central model ---
Checkpoint saved in path: checkpoints/cifar10/alpha0.5_K5_N10000_cnn_E1_clr0.01_fedopt_sgd_slr1.0_sam_rho0.1_112125_19:29:44.ckpt
--- Round 159 of 10000: Training 5 Clients ---
Selected clients: ['81', '30', '26', '23', '10']
--- Updating central model ---
Checkpoint saved in path: checkpoints/cifar10/alpha0.5_K5_N10000_cnn_E1_clr0.01_fedopt_sgd_slr1.0_sam_rho0.1_112125_19:29:44.ckpt
--- Round 160 of 10000: Training 5 Clients ---
Selected clients: ['41', '23', '34', '17', '67']
--- Updating central model ---
Checkpoint saved in path: checkpoints/cifar10/alpha0.5_K5_N10000_cnn_E1_clr0.01_fedopt_sgd_slr1.0_sam_rho0.1_112125_19:29:44.ckpt
--- Round 161 of 10000: Training 5 Clients ---
Selected clients: ['58', '50', '23', '92', '31']
--- Updating central model ---
Checkpoint saved in path: checkpoints/cifar10/alpha0.5_K5_N10000_cnn_E1_clr0.01_fedopt_sgd_slr1.0_sam_rho0.1_112125_19:29:44.ckpt
--- Round 162 of 10000: Training 5 Clients ---
Selected clients: ['8', '14', '84', '25', '60']
--- Updating central model ---
Checkpoint saved in path: checkpoints/cifar10/alpha0.5_K5_N10000_cnn_E1_clr0.01_fedopt_sgd_slr1.0_sam_rho0.1_112125_19:29:44.ckpt
--- Round 163 of 10000: Training 5 Clients ---
Selected clients: ['22', '99', '36', '32', '24']
--- Updating central model ---
Checkpoint saved in path: checkpoints/cifar10/alpha0.5_K5_N10000_cnn_E1_clr0.01_fedopt_sgd_slr1.0_sam_rho0.1_112125_19:29:44.ckpt
--- Round 164 of 10000: Training 5 Clients ---
Selected clients: ['28', '66', '98', '37', '3']
--- Updating central model ---
Checkpoint saved in path: checkpoints/cifar10/alpha0.5_K5_N10000_cnn_E1_clr0.01_fedopt_sgd_slr1.0_sam_rho0.1_112125_19:29:44.ckpt
--- Round 165 of 10000: Training 5 Clients ---
Selected clients: ['21', '77', '98', '23', '5']
--- Updating central model ---
Checkpoint saved in path: checkpoints/cifar10/alpha0.5_K5_N10000_cnn_E1_clr0.01_fedopt_sgd_slr1.0_sam_rho0.1_112125_19:29:44.ckpt
--- Round 166 of 10000: Training 5 Clients ---
Selected clients: ['79', '92', '90', '96', '37']
--- Updating central model ---
Checkpoint saved in path: checkpoints/cifar10/alpha0.5_K5_N10000_cnn_E1_clr0.01_fedopt_sgd_slr1.0_sam_rho0.1_112125_19:29:44.ckpt
--- Round 167 of 10000: Training 5 Clients ---
Selected clients: ['83', '89', '44', '19', '73']
--- Updating central model ---
Checkpoint saved in path: checkpoints/cifar10/alpha0.5_K5_N10000_cnn_E1_clr0.01_fedopt_sgd_slr1.0_sam_rho0.1_112125_19:29:44.ckpt
--- Round 168 of 10000: Training 5 Clients ---
Selected clients: ['80', '86', '27', '71', '12']
--- Updating central model ---
Checkpoint saved in path: checkpoints/cifar10/alpha0.5_K5_N10000_cnn_E1_clr0.01_fedopt_sgd_slr1.0_sam_rho0.1_112125_19:29:44.ckpt
--- Round 169 of 10000: Training 5 Clients ---
Selected clients: ['72', '16', '95', '36', '61']
--- Updating central model ---
Checkpoint saved in path: checkpoints/cifar10/alpha0.5_K5_N10000_cnn_E1_clr0.01_fedopt_sgd_slr1.0_sam_rho0.1_112125_19:29:44.ckpt
--- Round 170 of 10000: Training 5 Clients ---
Selected clients: ['80', '96', '63', '98', '34']
--- Updating central model ---
Checkpoint saved in path: checkpoints/cifar10/alpha0.5_K5_N10000_cnn_E1_clr0.01_fedopt_sgd_slr1.0_sam_rho0.1_112125_19:29:44.ckpt
--- Round 171 of 10000: Training 5 Clients ---
Selected clients: ['91', '52', '25', '44', '16']
--- Updating central model ---
Checkpoint saved in path: checkpoints/cifar10/alpha0.5_K5_N10000_cnn_E1_clr0.01_fedopt_sgd_slr1.0_sam_rho0.1_112125_19:29:44.ckpt
--- Round 172 of 10000: Training 5 Clients ---
Selected clients: ['82', '8', '4', '35', '15']
--- Updating central model ---
Checkpoint saved in path: checkpoints/cifar10/alpha0.5_K5_N10000_cnn_E1_clr0.01_fedopt_sgd_slr1.0_sam_rho0.1_112125_19:29:44.ckpt
--- Round 173 of 10000: Training 5 Clients ---
Selected clients: ['49', '27', '36', '10', '38']
--- Updating central model ---
Checkpoint saved in path: checkpoints/cifar10/alpha0.5_K5_N10000_cnn_E1_clr0.01_fedopt_sgd_slr1.0_sam_rho0.1_112125_19:29:44.ckpt
--- Round 174 of 10000: Training 5 Clients ---
Selected clients: ['71', '34', '82', '17', '44']
--- Updating central model ---
Checkpoint saved in path: checkpoints/cifar10/alpha0.5_K5_N10000_cnn_E1_clr0.01_fedopt_sgd_slr1.0_sam_rho0.1_112125_19:29:44.ckpt
--- Round 175 of 10000: Training 5 Clients ---
Selected clients: ['59', '17', '96', '67', '0']
--- Updating central model ---
Checkpoint saved in path: checkpoints/cifar10/alpha0.5_K5_N10000_cnn_E1_clr0.01_fedopt_sgd_slr1.0_sam_rho0.1_112125_19:29:44.ckpt
--- Round 176 of 10000: Training 5 Clients ---
Selected clients: ['19', '83', '22', '13', '20']
--- Updating central model ---
Checkpoint saved in path: checkpoints/cifar10/alpha0.5_K5_N10000_cnn_E1_clr0.01_fedopt_sgd_slr1.0_sam_rho0.1_112125_19:29:44.ckpt
--- Round 177 of 10000: Training 5 Clients ---
Selected clients: ['3', '31', '44', '6', '7']
--- Updating central model ---
Checkpoint saved in path: checkpoints/cifar10/alpha0.5_K5_N10000_cnn_E1_clr0.01_fedopt_sgd_slr1.0_sam_rho0.1_112125_19:29:44.ckpt
--- Round 178 of 10000: Training 5 Clients ---
Selected clients: ['59', '56', '52', '3', '28']
--- Updating central model ---
Checkpoint saved in path: checkpoints/cifar10/alpha0.5_K5_N10000_cnn_E1_clr0.01_fedopt_sgd_slr1.0_sam_rho0.1_112125_19:29:44.ckpt
--- Round 179 of 10000: Training 5 Clients ---
Selected clients: ['10', '70', '71', '8', '17']
--- Updating central model ---
Checkpoint saved in path: checkpoints/cifar10/alpha0.5_K5_N10000_cnn_E1_clr0.01_fedopt_sgd_slr1.0_sam_rho0.1_112125_19:29:44.ckpt
--- Round 180 of 10000: Training 5 Clients ---
Selected clients: ['83', '78', '6', '97', '31']
--- Updating central model ---
Checkpoint saved in path: checkpoints/cifar10/alpha0.5_K5_N10000_cnn_E1_clr0.01_fedopt_sgd_slr1.0_sam_rho0.1_112125_19:29:44.ckpt
--- Round 181 of 10000: Training 5 Clients ---
Selected clients: ['36', '31', '9', '62', '43']
--- Updating central model ---
Checkpoint saved in path: checkpoints/cifar10/alpha0.5_K5_N10000_cnn_E1_clr0.01_fedopt_sgd_slr1.0_sam_rho0.1_112125_19:29:44.ckpt
--- Round 182 of 10000: Training 5 Clients ---
Selected clients: ['3', '82', '56', '41', '11']
--- Updating central model ---
Checkpoint saved in path: checkpoints/cifar10/alpha0.5_K5_N10000_cnn_E1_clr0.01_fedopt_sgd_slr1.0_sam_rho0.1_112125_19:29:44.ckpt
--- Round 183 of 10000: Training 5 Clients ---
Selected clients: ['51', '42', '40', '85', '19']
--- Updating central model ---
Checkpoint saved in path: checkpoints/cifar10/alpha0.5_K5_N10000_cnn_E1_clr0.01_fedopt_sgd_slr1.0_sam_rho0.1_112125_19:29:44.ckpt
--- Round 184 of 10000: Training 5 Clients ---
Selected clients: ['29', '5', '92', '28', '33']
--- Updating central model ---
Checkpoint saved in path: checkpoints/cifar10/alpha0.5_K5_N10000_cnn_E1_clr0.01_fedopt_sgd_slr1.0_sam_rho0.1_112125_19:29:44.ckpt
--- Round 185 of 10000: Training 5 Clients ---
Selected clients: ['96', '68', '95', '1', '38']
--- Updating central model ---
Checkpoint saved in path: checkpoints/cifar10/alpha0.5_K5_N10000_cnn_E1_clr0.01_fedopt_sgd_slr1.0_sam_rho0.1_112125_19:29:44.ckpt
--- Round 186 of 10000: Training 5 Clients ---
Selected clients: ['29', '90', '75', '18', '36']
--- Updating central model ---
Checkpoint saved in path: checkpoints/cifar10/alpha0.5_K5_N10000_cnn_E1_clr0.01_fedopt_sgd_slr1.0_sam_rho0.1_112125_19:29:44.ckpt
--- Round 187 of 10000: Training 5 Clients ---
Selected clients: ['38', '58', '20', '40', '12']
--- Updating central model ---
Checkpoint saved in path: checkpoints/cifar10/alpha0.5_K5_N10000_cnn_E1_clr0.01_fedopt_sgd_slr1.0_sam_rho0.1_112125_19:29:44.ckpt
--- Round 188 of 10000: Training 5 Clients ---
Selected clients: ['22', '27', '81', '62', '48']
--- Updating central model ---
Checkpoint saved in path: checkpoints/cifar10/alpha0.5_K5_N10000_cnn_E1_clr0.01_fedopt_sgd_slr1.0_sam_rho0.1_112125_19:29:44.ckpt
--- Round 189 of 10000: Training 5 Clients ---
Selected clients: ['43', '29', '75', '8', '26']
--- Updating central model ---
Checkpoint saved in path: checkpoints/cifar10/alpha0.5_K5_N10000_cnn_E1_clr0.01_fedopt_sgd_slr1.0_sam_rho0.1_112125_19:29:44.ckpt
--- Round 190 of 10000: Training 5 Clients ---
Selected clients: ['9', '49', '82', '65', '31']
--- Updating central model ---
Checkpoint saved in path: checkpoints/cifar10/alpha0.5_K5_N10000_cnn_E1_clr0.01_fedopt_sgd_slr1.0_sam_rho0.1_112125_19:29:44.ckpt
--- Round 191 of 10000: Training 5 Clients ---
Selected clients: ['82', '65', '92', '56', '33']
--- Updating central model ---
Checkpoint saved in path: checkpoints/cifar10/alpha0.5_K5_N10000_cnn_E1_clr0.01_fedopt_sgd_slr1.0_sam_rho0.1_112125_19:29:44.ckpt
--- Round 192 of 10000: Training 5 Clients ---
Selected clients: ['26', '84', '82', '36', '10']
--- Updating central model ---
Checkpoint saved in path: checkpoints/cifar10/alpha0.5_K5_N10000_cnn_E1_clr0.01_fedopt_sgd_slr1.0_sam_rho0.1_112125_19:29:44.ckpt
--- Round 193 of 10000: Training 5 Clients ---
Selected clients: ['17', '65', '63', '26', '38']
--- Updating central model ---
Checkpoint saved in path: checkpoints/cifar10/alpha0.5_K5_N10000_cnn_E1_clr0.01_fedopt_sgd_slr1.0_sam_rho0.1_112125_19:29:44.ckpt
--- Round 194 of 10000: Training 5 Clients ---
Selected clients: ['67', '38', '65', '98', '3']
--- Updating central model ---
Checkpoint saved in path: checkpoints/cifar10/alpha0.5_K5_N10000_cnn_E1_clr0.01_fedopt_sgd_slr1.0_sam_rho0.1_112125_19:29:44.ckpt
--- Round 195 of 10000: Training 5 Clients ---
Selected clients: ['37', '68', '16', '51', '70']
--- Updating central model ---
Checkpoint saved in path: checkpoints/cifar10/alpha0.5_K5_N10000_cnn_E1_clr0.01_fedopt_sgd_slr1.0_sam_rho0.1_112125_19:29:44.ckpt
--- Round 196 of 10000: Training 5 Clients ---
Selected clients: ['49', '80', '67', '5', '33']
--- Updating central model ---
Checkpoint saved in path: checkpoints/cifar10/alpha0.5_K5_N10000_cnn_E1_clr0.01_fedopt_sgd_slr1.0_sam_rho0.1_112125_19:29:44.ckpt
--- Round 197 of 10000: Training 5 Clients ---
Selected clients: ['24', '90', '52', '12', '87']
--- Updating central model ---
Checkpoint saved in path: checkpoints/cifar10/alpha0.5_K5_N10000_cnn_E1_clr0.01_fedopt_sgd_slr1.0_sam_rho0.1_112125_19:29:44.ckpt
--- Round 198 of 10000: Training 5 Clients ---
Selected clients: ['83', '59', '20', '25', '27']
--- Updating central model ---
Checkpoint saved in path: checkpoints/cifar10/alpha0.5_K5_N10000_cnn_E1_clr0.01_fedopt_sgd_slr1.0_sam_rho0.1_112125_19:29:44.ckpt
--- Round 199 of 10000: Training 5 Clients ---
Selected clients: ['69', '54', '67', '91', '99']
--- Updating central model ---
Checkpoint saved in path: checkpoints/cifar10/alpha0.5_K5_N10000_cnn_E1_clr0.01_fedopt_sgd_slr1.0_sam_rho0.1_112125_19:29:44.ckpt
--- Round 200 of 10000: Training 5 Clients ---
Selected clients: ['2', '37', '60', '38', '25']
--- Updating central model ---
train_accuracy: 12.6114, 10th percentile: 1.25643, 50th percentile: 9.03605, 90th percentile 26.4223
train_loss: 2.25461, 10th percentile: 2.18361, 50th percentile: 2.26181, 90th percentile 2.32174
test_accuracy: 12.14, 10th percentile: 12.14, 50th percentile: 12.14, 90th percentile 12.14
test_loss: 2.25111, 10th percentile: 2.25111, 50th percentile: 2.25111, 90th percentile 2.25111
Checkpoint saved in path: checkpoints/cifar10/alpha0.5_K5_N10000_cnn_E1_clr0.01_fedopt_sgd_slr1.0_sam_rho0.1_112125_19:29:44.ckpt
--- Round 201 of 10000: Training 5 Clients ---
Selected clients: ['45', '54', '44', '15', '18']
--- Updating central model ---
Checkpoint saved in path: checkpoints/cifar10/alpha0.5_K5_N10000_cnn_E1_clr0.01_fedopt_sgd_slr1.0_sam_rho0.1_112125_19:29:44.ckpt
--- Round 202 of 10000: Training 5 Clients ---
Selected clients: ['95', '51', '16', '23', '29']
--- Updating central model ---
Checkpoint saved in path: checkpoints/cifar10/alpha0.5_K5_N10000_cnn_E1_clr0.01_fedopt_sgd_slr1.0_sam_rho0.1_112125_19:29:44.ckpt
--- Round 203 of 10000: Training 5 Clients ---
Selected clients: ['13', '56', '41', '64', '25']
--- Updating central model ---
Checkpoint saved in path: checkpoints/cifar10/alpha0.5_K5_N10000_cnn_E1_clr0.01_fedopt_sgd_slr1.0_sam_rho0.1_112125_19:29:44.ckpt
--- Round 204 of 10000: Training 5 Clients ---
Selected clients: ['17', '46', '50', '79', '49']
--- Updating central model ---
Checkpoint saved in path: checkpoints/cifar10/alpha0.5_K5_N10000_cnn_E1_clr0.01_fedopt_sgd_slr1.0_sam_rho0.1_112125_19:29:44.ckpt
--- Round 205 of 10000: Training 5 Clients ---
Selected clients: ['90', '60', '80', '17', '41']
--- Updating central model ---
Checkpoint saved in path: checkpoints/cifar10/alpha0.5_K5_N10000_cnn_E1_clr0.01_fedopt_sgd_slr1.0_sam_rho0.1_112125_19:29:44.ckpt
--- Round 206 of 10000: Training 5 Clients ---
Selected clients: ['67', '16', '31', '15', '56']
--- Updating central model ---
Checkpoint saved in path: checkpoints/cifar10/alpha0.5_K5_N10000_cnn_E1_clr0.01_fedopt_sgd_slr1.0_sam_rho0.1_112125_19:29:44.ckpt
--- Round 207 of 10000: Training 5 Clients ---
Selected clients: ['37', '6', '24', '79', '29']
--- Updating central model ---
Checkpoint saved in path: checkpoints/cifar10/alpha0.5_K5_N10000_cnn_E1_clr0.01_fedopt_sgd_slr1.0_sam_rho0.1_112125_19:29:44.ckpt
--- Round 208 of 10000: Training 5 Clients ---
Selected clients: ['35', '3', '62', '91', '57']
--- Updating central model ---
Checkpoint saved in path: checkpoints/cifar10/alpha0.5_K5_N10000_cnn_E1_clr0.01_fedopt_sgd_slr1.0_sam_rho0.1_112125_19:29:44.ckpt
--- Round 209 of 10000: Training 5 Clients ---
Selected clients: ['79', '57', '52', '35', '13']
--- Updating central model ---
Checkpoint saved in path: checkpoints/cifar10/alpha0.5_K5_N10000_cnn_E1_clr0.01_fedopt_sgd_slr1.0_sam_rho0.1_112125_19:29:44.ckpt
--- Round 210 of 10000: Training 5 Clients ---
Selected clients: ['8', '80', '86', '69', '62']
--- Updating central model ---
Checkpoint saved in path: checkpoints/cifar10/alpha0.5_K5_N10000_cnn_E1_clr0.01_fedopt_sgd_slr1.0_sam_rho0.1_112125_19:29:44.ckpt
--- Round 211 of 10000: Training 5 Clients ---
Selected clients: ['56', '28', '43', '18', '23']
--- Updating central model ---
Checkpoint saved in path: checkpoints/cifar10/alpha0.5_K5_N10000_cnn_E1_clr0.01_fedopt_sgd_slr1.0_sam_rho0.1_112125_19:29:44.ckpt
--- Round 212 of 10000: Training 5 Clients ---
Selected clients: ['99', '87', '5', '28', '24']
--- Updating central model ---
Checkpoint saved in path: checkpoints/cifar10/alpha0.5_K5_N10000_cnn_E1_clr0.01_fedopt_sgd_slr1.0_sam_rho0.1_112125_19:29:44.ckpt
--- Round 213 of 10000: Training 5 Clients ---
Selected clients: ['3', '7', '30', '40', '76']
--- Updating central model ---
Checkpoint saved in path: checkpoints/cifar10/alpha0.5_K5_N10000_cnn_E1_clr0.01_fedopt_sgd_slr1.0_sam_rho0.1_112125_19:29:44.ckpt
--- Round 214 of 10000: Training 5 Clients ---
Selected clients: ['17', '39', '96', '92', '58']
--- Updating central model ---
Checkpoint saved in path: checkpoints/cifar10/alpha0.5_K5_N10000_cnn_E1_clr0.01_fedopt_sgd_slr1.0_sam_rho0.1_112125_19:29:44.ckpt
--- Round 215 of 10000: Training 5 Clients ---
Selected clients: ['90', '33', '16', '3', '41']
--- Updating central model ---
Checkpoint saved in path: checkpoints/cifar10/alpha0.5_K5_N10000_cnn_E1_clr0.01_fedopt_sgd_slr1.0_sam_rho0.1_112125_19:29:44.ckpt
--- Round 216 of 10000: Training 5 Clients ---
Selected clients: ['91', '79', '28', '97', '1']
--- Updating central model ---
Checkpoint saved in path: checkpoints/cifar10/alpha0.5_K5_N10000_cnn_E1_clr0.01_fedopt_sgd_slr1.0_sam_rho0.1_112125_19:29:44.ckpt
--- Round 217 of 10000: Training 5 Clients ---
Selected clients: ['20', '87', '27', '45', '34']
--- Updating central model ---
Checkpoint saved in path: checkpoints/cifar10/alpha0.5_K5_N10000_cnn_E1_clr0.01_fedopt_sgd_slr1.0_sam_rho0.1_112125_19:29:44.ckpt
--- Round 218 of 10000: Training 5 Clients ---
Selected clients: ['43', '24', '58', '92', '57']
--- Updating central model ---
Checkpoint saved in path: checkpoints/cifar10/alpha0.5_K5_N10000_cnn_E1_clr0.01_fedopt_sgd_slr1.0_sam_rho0.1_112125_19:29:44.ckpt
--- Round 219 of 10000: Training 5 Clients ---
Selected clients: ['90', '71', '63', '25', '53']
--- Updating central model ---
Checkpoint saved in path: checkpoints/cifar10/alpha0.5_K5_N10000_cnn_E1_clr0.01_fedopt_sgd_slr1.0_sam_rho0.1_112125_19:29:44.ckpt
--- Round 220 of 10000: Training 5 Clients ---
Selected clients: ['9', '25', '51', '65', '18']
--- Updating central model ---
Checkpoint saved in path: checkpoints/cifar10/alpha0.5_K5_N10000_cnn_E1_clr0.01_fedopt_sgd_slr1.0_sam_rho0.1_112125_19:29:44.ckpt
--- Round 221 of 10000: Training 5 Clients ---
Selected clients: ['14', '75', '12', '91', '20']
--- Updating central model ---
Checkpoint saved in path: checkpoints/cifar10/alpha0.5_K5_N10000_cnn_E1_clr0.01_fedopt_sgd_slr1.0_sam_rho0.1_112125_19:29:44.ckpt
--- Round 222 of 10000: Training 5 Clients ---
Selected clients: ['18', '2', '68', '73', '45']
--- Updating central model ---
Checkpoint saved in path: checkpoints/cifar10/alpha0.5_K5_N10000_cnn_E1_clr0.01_fedopt_sgd_slr1.0_sam_rho0.1_112125_19:29:44.ckpt
--- Round 223 of 10000: Training 5 Clients ---
Selected clients: ['93', '77', '99', '36', '94']
--- Updating central model ---
Checkpoint saved in path: checkpoints/cifar10/alpha0.5_K5_N10000_cnn_E1_clr0.01_fedopt_sgd_slr1.0_sam_rho0.1_112125_19:29:44.ckpt
--- Round 224 of 10000: Training 5 Clients ---
Selected clients: ['1', '24', '34', '7', '15']
--- Updating central model ---
Checkpoint saved in path: checkpoints/cifar10/alpha0.5_K5_N10000_cnn_E1_clr0.01_fedopt_sgd_slr1.0_sam_rho0.1_112125_19:29:44.ckpt
--- Round 225 of 10000: Training 5 Clients ---
Selected clients: ['85', '67', '82', '80', '99']
--- Updating central model ---
Checkpoint saved in path: checkpoints/cifar10/alpha0.5_K5_N10000_cnn_E1_clr0.01_fedopt_sgd_slr1.0_sam_rho0.1_112125_19:29:44.ckpt
--- Round 226 of 10000: Training 5 Clients ---
Selected clients: ['12', '40', '7', '3', '33']
--- Updating central model ---
Checkpoint saved in path: checkpoints/cifar10/alpha0.5_K5_N10000_cnn_E1_clr0.01_fedopt_sgd_slr1.0_sam_rho0.1_112125_19:29:44.ckpt
--- Round 227 of 10000: Training 5 Clients ---
Selected clients: ['50', '83', '77', '39', '67']
--- Updating central model ---
Checkpoint saved in path: checkpoints/cifar10/alpha0.5_K5_N10000_cnn_E1_clr0.01_fedopt_sgd_slr1.0_sam_rho0.1_112125_19:29:44.ckpt
--- Round 228 of 10000: Training 5 Clients ---
Selected clients: ['60', '96', '26', '77', '41']
--- Updating central model ---
Checkpoint saved in path: checkpoints/cifar10/alpha0.5_K5_N10000_cnn_E1_clr0.01_fedopt_sgd_slr1.0_sam_rho0.1_112125_19:29:44.ckpt
--- Round 229 of 10000: Training 5 Clients ---
Selected clients: ['74', '76', '30', '90', '11']
--- Updating central model ---
Checkpoint saved in path: checkpoints/cifar10/alpha0.5_K5_N10000_cnn_E1_clr0.01_fedopt_sgd_slr1.0_sam_rho0.1_112125_19:29:44.ckpt
--- Round 230 of 10000: Training 5 Clients ---
Selected clients: ['83', '41', '64', '31', '88']
--- Updating central model ---
Checkpoint saved in path: checkpoints/cifar10/alpha0.5_K5_N10000_cnn_E1_clr0.01_fedopt_sgd_slr1.0_sam_rho0.1_112125_19:29:44.ckpt
--- Round 231 of 10000: Training 5 Clients ---
Selected clients: ['79', '9', '24', '17', '31']
--- Updating central model ---
Checkpoint saved in path: checkpoints/cifar10/alpha0.5_K5_N10000_cnn_E1_clr0.01_fedopt_sgd_slr1.0_sam_rho0.1_112125_19:29:44.ckpt
--- Round 232 of 10000: Training 5 Clients ---
Selected clients: ['68', '92', '71', '66', '17']
--- Updating central model ---
Checkpoint saved in path: checkpoints/cifar10/alpha0.5_K5_N10000_cnn_E1_clr0.01_fedopt_sgd_slr1.0_sam_rho0.1_112125_19:29:44.ckpt
--- Round 233 of 10000: Training 5 Clients ---
Selected clients: ['60', '33', '22', '8', '97']
--- Updating central model ---
Checkpoint saved in path: checkpoints/cifar10/alpha0.5_K5_N10000_cnn_E1_clr0.01_fedopt_sgd_slr1.0_sam_rho0.1_112125_19:29:44.ckpt
--- Round 234 of 10000: Training 5 Clients ---
Selected clients: ['76', '8', '45', '33', '19']
--- Updating central model ---
Checkpoint saved in path: checkpoints/cifar10/alpha0.5_K5_N10000_cnn_E1_clr0.01_fedopt_sgd_slr1.0_sam_rho0.1_112125_19:29:44.ckpt
--- Round 235 of 10000: Training 5 Clients ---
Selected clients: ['29', '18', '20', '77', '71']
--- Updating central model ---
Checkpoint saved in path: checkpoints/cifar10/alpha0.5_K5_N10000_cnn_E1_clr0.01_fedopt_sgd_slr1.0_sam_rho0.1_112125_19:29:44.ckpt
--- Round 236 of 10000: Training 5 Clients ---
Selected clients: ['13', '36', '9', '56', '61']
--- Updating central model ---
Checkpoint saved in path: checkpoints/cifar10/alpha0.5_K5_N10000_cnn_E1_clr0.01_fedopt_sgd_slr1.0_sam_rho0.1_112125_19:29:44.ckpt
--- Round 237 of 10000: Training 5 Clients ---
Selected clients: ['9', '70', '57', '97', '48']
--- Updating central model ---
Checkpoint saved in path: checkpoints/cifar10/alpha0.5_K5_N10000_cnn_E1_clr0.01_fedopt_sgd_slr1.0_sam_rho0.1_112125_19:29:44.ckpt
--- Round 238 of 10000: Training 5 Clients ---
Selected clients: ['19', '11', '6', '46', '32']
--- Updating central model ---
Checkpoint saved in path: checkpoints/cifar10/alpha0.5_K5_N10000_cnn_E1_clr0.01_fedopt_sgd_slr1.0_sam_rho0.1_112125_19:29:44.ckpt
--- Round 239 of 10000: Training 5 Clients ---
Selected clients: ['76', '71', '32', '6', '48']
--- Updating central model ---
Checkpoint saved in path: checkpoints/cifar10/alpha0.5_K5_N10000_cnn_E1_clr0.01_fedopt_sgd_slr1.0_sam_rho0.1_112125_19:29:44.ckpt
--- Round 240 of 10000: Training 5 Clients ---
Selected clients: ['32', '27', '2', '20', '9']
--- Updating central model ---
Checkpoint saved in path: checkpoints/cifar10/alpha0.5_K5_N10000_cnn_E1_clr0.01_fedopt_sgd_slr1.0_sam_rho0.1_112125_19:29:44.ckpt
--- Round 241 of 10000: Training 5 Clients ---
Selected clients: ['65', '77', '81', '68', '35']
--- Updating central model ---
Checkpoint saved in path: checkpoints/cifar10/alpha0.5_K5_N10000_cnn_E1_clr0.01_fedopt_sgd_slr1.0_sam_rho0.1_112125_19:29:44.ckpt
--- Round 242 of 10000: Training 5 Clients ---
Selected clients: ['54', '17', '66', '45', '81']
--- Updating central model ---
Checkpoint saved in path: checkpoints/cifar10/alpha0.5_K5_N10000_cnn_E1_clr0.01_fedopt_sgd_slr1.0_sam_rho0.1_112125_19:29:44.ckpt
--- Round 243 of 10000: Training 5 Clients ---
Selected clients: ['44', '76', '37', '50', '53']
--- Updating central model ---
Checkpoint saved in path: checkpoints/cifar10/alpha0.5_K5_N10000_cnn_E1_clr0.01_fedopt_sgd_slr1.0_sam_rho0.1_112125_19:29:44.ckpt
--- Round 244 of 10000: Training 5 Clients ---
Selected clients: ['94', '28', '93', '22', '86']
--- Updating central model ---
Checkpoint saved in path: checkpoints/cifar10/alpha0.5_K5_N10000_cnn_E1_clr0.01_fedopt_sgd_slr1.0_sam_rho0.1_112125_19:29:44.ckpt
--- Round 245 of 10000: Training 5 Clients ---
Selected clients: ['96', '39', '0', '55', '44']
--- Updating central model ---
Checkpoint saved in path: checkpoints/cifar10/alpha0.5_K5_N10000_cnn_E1_clr0.01_fedopt_sgd_slr1.0_sam_rho0.1_112125_19:29:44.ckpt
--- Round 246 of 10000: Training 5 Clients ---
Selected clients: ['88', '65', '56', '54', '35']
--- Updating central model ---
Checkpoint saved in path: checkpoints/cifar10/alpha0.5_K5_N10000_cnn_E1_clr0.01_fedopt_sgd_slr1.0_sam_rho0.1_112125_19:29:44.ckpt
--- Round 247 of 10000: Training 5 Clients ---
Selected clients: ['2', '71', '24', '61', '85']
--- Updating central model ---
Checkpoint saved in path: checkpoints/cifar10/alpha0.5_K5_N10000_cnn_E1_clr0.01_fedopt_sgd_slr1.0_sam_rho0.1_112125_19:29:44.ckpt
--- Round 248 of 10000: Training 5 Clients ---
Selected clients: ['60', '51', '30', '88', '92']
--- Updating central model ---
Checkpoint saved in path: checkpoints/cifar10/alpha0.5_K5_N10000_cnn_E1_clr0.01_fedopt_sgd_slr1.0_sam_rho0.1_112125_19:29:44.ckpt
--- Round 249 of 10000: Training 5 Clients ---
Selected clients: ['84', '34', '80', '3', '99']
--- Updating central model ---
Checkpoint saved in path: checkpoints/cifar10/alpha0.5_K5_N10000_cnn_E1_clr0.01_fedopt_sgd_slr1.0_sam_rho0.1_112125_19:29:44.ckpt
--- Round 250 of 10000: Training 5 Clients ---
Selected clients: ['44', '65', '47', '8', '22']
--- Updating central model ---
Checkpoint saved in path: checkpoints/cifar10/alpha0.5_K5_N10000_cnn_E1_clr0.01_fedopt_sgd_slr1.0_sam_rho0.1_112125_19:29:44.ckpt
--- Round 251 of 10000: Training 5 Clients ---
Selected clients: ['22', '15', '8', '53', '71']
--- Updating central model ---
Checkpoint saved in path: checkpoints/cifar10/alpha0.5_K5_N10000_cnn_E1_clr0.01_fedopt_sgd_slr1.0_sam_rho0.1_112125_19:29:44.ckpt
--- Round 252 of 10000: Training 5 Clients ---
Selected clients: ['44', '87', '0', '98', '48']
--- Updating central model ---
Checkpoint saved in path: checkpoints/cifar10/alpha0.5_K5_N10000_cnn_E1_clr0.01_fedopt_sgd_slr1.0_sam_rho0.1_112125_19:29:44.ckpt
--- Round 253 of 10000: Training 5 Clients ---
Selected clients: ['60', '16', '91', '4', '46']
--- Updating central model ---
Checkpoint saved in path: checkpoints/cifar10/alpha0.5_K5_N10000_cnn_E1_clr0.01_fedopt_sgd_slr1.0_sam_rho0.1_112125_19:29:44.ckpt
--- Round 254 of 10000: Training 5 Clients ---
Selected clients: ['86', '40', '37', '90', '87']
--- Updating central model ---
Checkpoint saved in path: checkpoints/cifar10/alpha0.5_K5_N10000_cnn_E1_clr0.01_fedopt_sgd_slr1.0_sam_rho0.1_112125_19:29:44.ckpt
--- Round 255 of 10000: Training 5 Clients ---
Selected clients: ['55', '70', '87', '0', '13']
--- Updating central model ---
Checkpoint saved in path: checkpoints/cifar10/alpha0.5_K5_N10000_cnn_E1_clr0.01_fedopt_sgd_slr1.0_sam_rho0.1_112125_19:29:44.ckpt
--- Round 256 of 10000: Training 5 Clients ---
Selected clients: ['32', '89', '39', '94', '22']
--- Updating central model ---
Checkpoint saved in path: checkpoints/cifar10/alpha0.5_K5_N10000_cnn_E1_clr0.01_fedopt_sgd_slr1.0_sam_rho0.1_112125_19:29:44.ckpt
--- Round 257 of 10000: Training 5 Clients ---
Selected clients: ['41', '8', '40', '99', '9']
--- Updating central model ---
Checkpoint saved in path: checkpoints/cifar10/alpha0.5_K5_N10000_cnn_E1_clr0.01_fedopt_sgd_slr1.0_sam_rho0.1_112125_19:29:44.ckpt
--- Round 258 of 10000: Training 5 Clients ---
Selected clients: ['66', '16', '25', '30', '53']
--- Updating central model ---
Checkpoint saved in path: checkpoints/cifar10/alpha0.5_K5_N10000_cnn_E1_clr0.01_fedopt_sgd_slr1.0_sam_rho0.1_112125_19:29:44.ckpt
--- Round 259 of 10000: Training 5 Clients ---
Selected clients: ['47', '99', '81', '79', '38']
--- Updating central model ---
Checkpoint saved in path: checkpoints/cifar10/alpha0.5_K5_N10000_cnn_E1_clr0.01_fedopt_sgd_slr1.0_sam_rho0.1_112125_19:29:44.ckpt
--- Round 260 of 10000: Training 5 Clients ---
Selected clients: ['86', '63', '15', '99', '93']
--- Updating central model ---
Checkpoint saved in path: checkpoints/cifar10/alpha0.5_K5_N10000_cnn_E1_clr0.01_fedopt_sgd_slr1.0_sam_rho0.1_112125_19:29:44.ckpt
--- Round 261 of 10000: Training 5 Clients ---
Selected clients: ['70', '13', '3', '35', '71']
--- Updating central model ---
Checkpoint saved in path: checkpoints/cifar10/alpha0.5_K5_N10000_cnn_E1_clr0.01_fedopt_sgd_slr1.0_sam_rho0.1_112125_19:29:44.ckpt
--- Round 262 of 10000: Training 5 Clients ---
Selected clients: ['85', '62', '59', '53', '72']
--- Updating central model ---
Checkpoint saved in path: checkpoints/cifar10/alpha0.5_K5_N10000_cnn_E1_clr0.01_fedopt_sgd_slr1.0_sam_rho0.1_112125_19:29:44.ckpt
--- Round 263 of 10000: Training 5 Clients ---
Selected clients: ['17', '94', '78', '32', '56']
--- Updating central model ---
Checkpoint saved in path: checkpoints/cifar10/alpha0.5_K5_N10000_cnn_E1_clr0.01_fedopt_sgd_slr1.0_sam_rho0.1_112125_19:29:44.ckpt
--- Round 264 of 10000: Training 5 Clients ---
Selected clients: ['48', '79', '71', '20', '56']
--- Updating central model ---
Checkpoint saved in path: checkpoints/cifar10/alpha0.5_K5_N10000_cnn_E1_clr0.01_fedopt_sgd_slr1.0_sam_rho0.1_112125_19:29:44.ckpt
--- Round 265 of 10000: Training 5 Clients ---
Selected clients: ['57', '63', '0', '58', '66']
--- Updating central model ---
Checkpoint saved in path: checkpoints/cifar10/alpha0.5_K5_N10000_cnn_E1_clr0.01_fedopt_sgd_slr1.0_sam_rho0.1_112125_19:29:44.ckpt
--- Round 266 of 10000: Training 5 Clients ---
Selected clients: ['85', '55', '32', '86', '26']
--- Updating central model ---
Checkpoint saved in path: checkpoints/cifar10/alpha0.5_K5_N10000_cnn_E1_clr0.01_fedopt_sgd_slr1.0_sam_rho0.1_112125_19:29:44.ckpt
--- Round 267 of 10000: Training 5 Clients ---
Selected clients: ['83', '15', '97', '7', '51']
--- Updating central model ---
Checkpoint saved in path: checkpoints/cifar10/alpha0.5_K5_N10000_cnn_E1_clr0.01_fedopt_sgd_slr1.0_sam_rho0.1_112125_19:29:44.ckpt
--- Round 268 of 10000: Training 5 Clients ---
Selected clients: ['40', '72', '30', '50', '23']
--- Updating central model ---
Checkpoint saved in path: checkpoints/cifar10/alpha0.5_K5_N10000_cnn_E1_clr0.01_fedopt_sgd_slr1.0_sam_rho0.1_112125_19:29:44.ckpt
--- Round 269 of 10000: Training 5 Clients ---
Selected clients: ['18', '69', '67', '58', '81']
--- Updating central model ---
Checkpoint saved in path: checkpoints/cifar10/alpha0.5_K5_N10000_cnn_E1_clr0.01_fedopt_sgd_slr1.0_sam_rho0.1_112125_19:29:44.ckpt
--- Round 270 of 10000: Training 5 Clients ---
Selected clients: ['53', '62', '75', '0', '93']
--- Updating central model ---
Checkpoint saved in path: checkpoints/cifar10/alpha0.5_K5_N10000_cnn_E1_clr0.01_fedopt_sgd_slr1.0_sam_rho0.1_112125_19:29:44.ckpt
--- Round 271 of 10000: Training 5 Clients ---
Selected clients: ['32', '3', '39', '79', '98']
--- Updating central model ---
Checkpoint saved in path: checkpoints/cifar10/alpha0.5_K5_N10000_cnn_E1_clr0.01_fedopt_sgd_slr1.0_sam_rho0.1_112125_19:29:44.ckpt
--- Round 272 of 10000: Training 5 Clients ---
Selected clients: ['48', '6', '12', '59', '5']
--- Updating central model ---
Checkpoint saved in path: checkpoints/cifar10/alpha0.5_K5_N10000_cnn_E1_clr0.01_fedopt_sgd_slr1.0_sam_rho0.1_112125_19:29:44.ckpt
--- Round 273 of 10000: Training 5 Clients ---
Selected clients: ['68', '37', '72', '78', '59']
--- Updating central model ---
Checkpoint saved in path: checkpoints/cifar10/alpha0.5_K5_N10000_cnn_E1_clr0.01_fedopt_sgd_slr1.0_sam_rho0.1_112125_19:29:44.ckpt
--- Round 274 of 10000: Training 5 Clients ---
Selected clients: ['88', '22', '71', '65', '77']
--- Updating central model ---
Checkpoint saved in path: checkpoints/cifar10/alpha0.5_K5_N10000_cnn_E1_clr0.01_fedopt_sgd_slr1.0_sam_rho0.1_112125_19:29:44.ckpt
--- Round 275 of 10000: Training 5 Clients ---
Selected clients: ['10', '84', '26', '79', '45']
--- Updating central model ---
Checkpoint saved in path: checkpoints/cifar10/alpha0.5_K5_N10000_cnn_E1_clr0.01_fedopt_sgd_slr1.0_sam_rho0.1_112125_19:29:44.ckpt
--- Round 276 of 10000: Training 5 Clients ---
Selected clients: ['9', '58', '85', '51', '15']
--- Updating central model ---
Checkpoint saved in path: checkpoints/cifar10/alpha0.5_K5_N10000_cnn_E1_clr0.01_fedopt_sgd_slr1.0_sam_rho0.1_112125_19:29:44.ckpt
--- Round 277 of 10000: Training 5 Clients ---
Selected clients: ['31', '73', '82', '94', '52']
--- Updating central model ---
Checkpoint saved in path: checkpoints/cifar10/alpha0.5_K5_N10000_cnn_E1_clr0.01_fedopt_sgd_slr1.0_sam_rho0.1_112125_19:29:44.ckpt
--- Round 278 of 10000: Training 5 Clients ---
Selected clients: ['64', '98', '35', '79', '70']
--- Updating central model ---
Checkpoint saved in path: checkpoints/cifar10/alpha0.5_K5_N10000_cnn_E1_clr0.01_fedopt_sgd_slr1.0_sam_rho0.1_112125_19:29:44.ckpt
--- Round 279 of 10000: Training 5 Clients ---
Selected clients: ['91', '24', '37', '1', '96']
--- Updating central model ---
Checkpoint saved in path: checkpoints/cifar10/alpha0.5_K5_N10000_cnn_E1_clr0.01_fedopt_sgd_slr1.0_sam_rho0.1_112125_19:29:44.ckpt
--- Round 280 of 10000: Training 5 Clients ---
Selected clients: ['45', '73', '56', '86', '26']
--- Updating central model ---
Checkpoint saved in path: checkpoints/cifar10/alpha0.5_K5_N10000_cnn_E1_clr0.01_fedopt_sgd_slr1.0_sam_rho0.1_112125_19:29:44.ckpt
--- Round 281 of 10000: Training 5 Clients ---
Selected clients: ['92', '40', '13', '98', '91']
--- Updating central model ---
Checkpoint saved in path: checkpoints/cifar10/alpha0.5_K5_N10000_cnn_E1_clr0.01_fedopt_sgd_slr1.0_sam_rho0.1_112125_19:29:44.ckpt
--- Round 282 of 10000: Training 5 Clients ---
Selected clients: ['28', '56', '24', '36', '84']
--- Updating central model ---
Checkpoint saved in path: checkpoints/cifar10/alpha0.5_K5_N10000_cnn_E1_clr0.01_fedopt_sgd_slr1.0_sam_rho0.1_112125_19:29:44.ckpt
--- Round 283 of 10000: Training 5 Clients ---
Selected clients: ['87', '49', '47', '60', '26']
--- Updating central model ---
Checkpoint saved in path: checkpoints/cifar10/alpha0.5_K5_N10000_cnn_E1_clr0.01_fedopt_sgd_slr1.0_sam_rho0.1_112125_19:29:44.ckpt
--- Round 284 of 10000: Training 5 Clients ---
Selected clients: ['29', '6', '16', '14', '62']
--- Updating central model ---
Checkpoint saved in path: checkpoints/cifar10/alpha0.5_K5_N10000_cnn_E1_clr0.01_fedopt_sgd_slr1.0_sam_rho0.1_112125_19:29:44.ckpt
--- Round 285 of 10000: Training 5 Clients ---
Selected clients: ['43', '38', '56', '41', '40']
--- Updating central model ---
Checkpoint saved in path: checkpoints/cifar10/alpha0.5_K5_N10000_cnn_E1_clr0.01_fedopt_sgd_slr1.0_sam_rho0.1_112125_19:29:44.ckpt
--- Round 286 of 10000: Training 5 Clients ---
Selected clients: ['2', '72', '91', '87', '14']
--- Updating central model ---
Checkpoint saved in path: checkpoints/cifar10/alpha0.5_K5_N10000_cnn_E1_clr0.01_fedopt_sgd_slr1.0_sam_rho0.1_112125_19:29:44.ckpt
--- Round 287 of 10000: Training 5 Clients ---
Selected clients: ['11', '37', '84', '66', '44']
--- Updating central model ---
Checkpoint saved in path: checkpoints/cifar10/alpha0.5_K5_N10000_cnn_E1_clr0.01_fedopt_sgd_slr1.0_sam_rho0.1_112125_19:29:44.ckpt
--- Round 288 of 10000: Training 5 Clients ---
Selected clients: ['93', '55', '10', '76', '2']
--- Updating central model ---
Checkpoint saved in path: checkpoints/cifar10/alpha0.5_K5_N10000_cnn_E1_clr0.01_fedopt_sgd_slr1.0_sam_rho0.1_112125_19:29:44.ckpt
--- Round 289 of 10000: Training 5 Clients ---
Selected clients: ['17', '22', '67', '76', '72']
--- Updating central model ---
Checkpoint saved in path: checkpoints/cifar10/alpha0.5_K5_N10000_cnn_E1_clr0.01_fedopt_sgd_slr1.0_sam_rho0.1_112125_19:29:44.ckpt
--- Round 290 of 10000: Training 5 Clients ---
Selected clients: ['66', '79', '90', '41', '86']
--- Updating central model ---
Checkpoint saved in path: checkpoints/cifar10/alpha0.5_K5_N10000_cnn_E1_clr0.01_fedopt_sgd_slr1.0_sam_rho0.1_112125_19:29:44.ckpt
--- Round 291 of 10000: Training 5 Clients ---
Selected clients: ['37', '69', '0', '32', '85']
--- Updating central model ---
Checkpoint saved in path: checkpoints/cifar10/alpha0.5_K5_N10000_cnn_E1_clr0.01_fedopt_sgd_slr1.0_sam_rho0.1_112125_19:29:44.ckpt
--- Round 292 of 10000: Training 5 Clients ---
Selected clients: ['27', '10', '4', '47', '36']
--- Updating central model ---
Checkpoint saved in path: checkpoints/cifar10/alpha0.5_K5_N10000_cnn_E1_clr0.01_fedopt_sgd_slr1.0_sam_rho0.1_112125_19:29:44.ckpt
--- Round 293 of 10000: Training 5 Clients ---
Selected clients: ['14', '26', '52', '45', '30']
--- Updating central model ---
Checkpoint saved in path: checkpoints/cifar10/alpha0.5_K5_N10000_cnn_E1_clr0.01_fedopt_sgd_slr1.0_sam_rho0.1_112125_19:29:44.ckpt
--- Round 294 of 10000: Training 5 Clients ---
Selected clients: ['79', '35', '4', '49', '52']
--- Updating central model ---
Checkpoint saved in path: checkpoints/cifar10/alpha0.5_K5_N10000_cnn_E1_clr0.01_fedopt_sgd_slr1.0_sam_rho0.1_112125_19:29:44.ckpt
--- Round 295 of 10000: Training 5 Clients ---
Selected clients: ['48', '5', '73', '67', '15']
--- Updating central model ---
Checkpoint saved in path: checkpoints/cifar10/alpha0.5_K5_N10000_cnn_E1_clr0.01_fedopt_sgd_slr1.0_sam_rho0.1_112125_19:29:44.ckpt
--- Round 296 of 10000: Training 5 Clients ---
Selected clients: ['98', '15', '74', '70', '59']
--- Updating central model ---
Checkpoint saved in path: checkpoints/cifar10/alpha0.5_K5_N10000_cnn_E1_clr0.01_fedopt_sgd_slr1.0_sam_rho0.1_112125_19:29:44.ckpt
--- Round 297 of 10000: Training 5 Clients ---
Selected clients: ['60', '25', '56', '8', '6']
--- Updating central model ---
Checkpoint saved in path: checkpoints/cifar10/alpha0.5_K5_N10000_cnn_E1_clr0.01_fedopt_sgd_slr1.0_sam_rho0.1_112125_19:29:44.ckpt
--- Round 298 of 10000: Training 5 Clients ---
Selected clients: ['2', '48', '56', '13', '29']
--- Updating central model ---
Checkpoint saved in path: checkpoints/cifar10/alpha0.5_K5_N10000_cnn_E1_clr0.01_fedopt_sgd_slr1.0_sam_rho0.1_112125_19:29:44.ckpt
--- Round 299 of 10000: Training 5 Clients ---
Selected clients: ['95', '30', '23', '29', '28']
--- Updating central model ---
Checkpoint saved in path: checkpoints/cifar10/alpha0.5_K5_N10000_cnn_E1_clr0.01_fedopt_sgd_slr1.0_sam_rho0.1_112125_19:29:44.ckpt
--- Round 300 of 10000: Training 5 Clients ---
Selected clients: ['49', '39', '13', '38', '30']
--- Updating central model ---
train_accuracy: 20.8343, 10th percentile: 7.10275, 50th percentile: 17.0133, 90th percentile 35.7989
train_loss: 2.08509, 10th percentile: 1.96471, 50th percentile: 2.10078, 90th percentile 2.213
test_accuracy: 21.37, 10th percentile: 21.37, 50th percentile: 21.37, 90th percentile 21.37
test_loss: 2.07086, 10th percentile: 2.07086, 50th percentile: 2.07086, 90th percentile 2.07086
Checkpoint saved in path: checkpoints/cifar10/alpha0.5_K5_N10000_cnn_E1_clr0.01_fedopt_sgd_slr1.0_sam_rho0.1_112125_19:29:44.ckpt
--- Round 301 of 10000: Training 5 Clients ---
Selected clients: ['25', '61', '11', '5', '74']
--- Updating central model ---
Checkpoint saved in path: checkpoints/cifar10/alpha0.5_K5_N10000_cnn_E1_clr0.01_fedopt_sgd_slr1.0_sam_rho0.1_112125_19:29:44.ckpt
--- Round 302 of 10000: Training 5 Clients ---
Selected clients: ['78', '34', '6', '21', '46']
--- Updating central model ---
Checkpoint saved in path: checkpoints/cifar10/alpha0.5_K5_N10000_cnn_E1_clr0.01_fedopt_sgd_slr1.0_sam_rho0.1_112125_19:29:44.ckpt
--- Round 303 of 10000: Training 5 Clients ---
Selected clients: ['86', '43', '18', '78', '39']
--- Updating central model ---
Checkpoint saved in path: checkpoints/cifar10/alpha0.5_K5_N10000_cnn_E1_clr0.01_fedopt_sgd_slr1.0_sam_rho0.1_112125_19:29:44.ckpt
--- Round 304 of 10000: Training 5 Clients ---
Selected clients: ['58', '36', '85', '53', '78']
--- Updating central model ---
Checkpoint saved in path: checkpoints/cifar10/alpha0.5_K5_N10000_cnn_E1_clr0.01_fedopt_sgd_slr1.0_sam_rho0.1_112125_19:29:44.ckpt
--- Round 305 of 10000: Training 5 Clients ---
Selected clients: ['15', '32', '5', '35', '19']
--- Updating central model ---
Checkpoint saved in path: checkpoints/cifar10/alpha0.5_K5_N10000_cnn_E1_clr0.01_fedopt_sgd_slr1.0_sam_rho0.1_112125_19:29:44.ckpt
--- Round 306 of 10000: Training 5 Clients ---
Selected clients: ['64', '78', '85', '87', '42']
--- Updating central model ---
Checkpoint saved in path: checkpoints/cifar10/alpha0.5_K5_N10000_cnn_E1_clr0.01_fedopt_sgd_slr1.0_sam_rho0.1_112125_19:29:44.ckpt
--- Round 307 of 10000: Training 5 Clients ---
Selected clients: ['76', '48', '20', '75', '73']
--- Updating central model ---
Checkpoint saved in path: checkpoints/cifar10/alpha0.5_K5_N10000_cnn_E1_clr0.01_fedopt_sgd_slr1.0_sam_rho0.1_112125_19:29:44.ckpt
--- Round 308 of 10000: Training 5 Clients ---
Selected clients: ['16', '94', '54', '12', '23']
--- Updating central model ---
Checkpoint saved in path: checkpoints/cifar10/alpha0.5_K5_N10000_cnn_E1_clr0.01_fedopt_sgd_slr1.0_sam_rho0.1_112125_19:29:44.ckpt
--- Round 309 of 10000: Training 5 Clients ---
Selected clients: ['95', '17', '29', '50', '4']
--- Updating central model ---
Checkpoint saved in path: checkpoints/cifar10/alpha0.5_K5_N10000_cnn_E1_clr0.01_fedopt_sgd_slr1.0_sam_rho0.1_112125_19:29:44.ckpt
--- Round 310 of 10000: Training 5 Clients ---
Selected clients: ['89', '37', '70', '96', '94']
--- Updating central model ---
Checkpoint saved in path: checkpoints/cifar10/alpha0.5_K5_N10000_cnn_E1_clr0.01_fedopt_sgd_slr1.0_sam_rho0.1_112125_19:29:44.ckpt
--- Round 311 of 10000: Training 5 Clients ---
Selected clients: ['75', '47', '6', '46', '55']
--- Updating central model ---
Checkpoint saved in path: checkpoints/cifar10/alpha0.5_K5_N10000_cnn_E1_clr0.01_fedopt_sgd_slr1.0_sam_rho0.1_112125_19:29:44.ckpt
--- Round 312 of 10000: Training 5 Clients ---
Selected clients: ['57', '5', '60', '61', '45']
--- Updating central model ---
Checkpoint saved in path: checkpoints/cifar10/alpha0.5_K5_N10000_cnn_E1_clr0.01_fedopt_sgd_slr1.0_sam_rho0.1_112125_19:29:44.ckpt
--- Round 313 of 10000: Training 5 Clients ---
Selected clients: ['20', '18', '83', '45', '95']
--- Updating central model ---
Checkpoint saved in path: checkpoints/cifar10/alpha0.5_K5_N10000_cnn_E1_clr0.01_fedopt_sgd_slr1.0_sam_rho0.1_112125_19:29:44.ckpt
--- Round 314 of 10000: Training 5 Clients ---
Selected clients: ['49', '96', '38', '81', '7']
--- Updating central model ---
Checkpoint saved in path: checkpoints/cifar10/alpha0.5_K5_N10000_cnn_E1_clr0.01_fedopt_sgd_slr1.0_sam_rho0.1_112125_19:29:44.ckpt
--- Round 315 of 10000: Training 5 Clients ---
Selected clients: ['94', '86', '43', '11', '73']
--- Updating central model ---
Checkpoint saved in path: checkpoints/cifar10/alpha0.5_K5_N10000_cnn_E1_clr0.01_fedopt_sgd_slr1.0_sam_rho0.1_112125_19:29:44.ckpt
--- Round 316 of 10000: Training 5 Clients ---
Selected clients: ['76', '93', '63', '90', '52']
--- Updating central model ---
Checkpoint saved in path: checkpoints/cifar10/alpha0.5_K5_N10000_cnn_E1_clr0.01_fedopt_sgd_slr1.0_sam_rho0.1_112125_19:29:44.ckpt