Alpha: alpha_0.50
Using device: NVIDIA A100-SXM4-80GB
############################## cifar10.cnn ##############################
Running experiment with server servers.fedopt_server and client clients.sam_client
Verify client and server: <class 'clients.sam_client.SAMClient'> <class 'servers.fedopt_server.FedOptServer'>
Running influence estimation:   0%|          | 0/20 [00:00<?, ?it/s]wandb: WARNING `resume` will be ignored since W&B syncing is set to `offline`. Starting a new run with run id otc9ux1y.
wandb: Tracking run with wandb version 0.23.0
wandb: W&B syncing is set to `offline` in this directory. Run `wandb online` or set WANDB_MODE=online to enable cloud syncing.
wandb: Run data is saved locally in /home/mlr570t1/FedSAM_mem_inf-main/models/wandb/offline-run-20251121_192854-otc9ux1y
Server optimizer: sgd with lr 1.0 and momentum 0
Start round: 0
Clients in Total: 100 training clients and 1 test clients
--- Random Initialization ---
--- Round 1 of 10000: Training 5 Clients ---
Selected clients: ['21', '51', '9', '74', '72']
--- Updating central model ---
Checkpoint saved in path: checkpoints/cifar10/alpha0.5_K5_N10000_cnn_E1_clr0.01_fedopt_sgd_slr1.0_sam_rho0.1_112125_19:29:23.ckpt
--- Round 2 of 10000: Training 5 Clients ---
Selected clients: ['91', '74', '4', '84', '16']
--- Updating central model ---
Checkpoint saved in path: checkpoints/cifar10/alpha0.5_K5_N10000_cnn_E1_clr0.01_fedopt_sgd_slr1.0_sam_rho0.1_112125_19:29:23.ckpt
--- Round 3 of 10000: Training 5 Clients ---
Selected clients: ['16', '19', '23', '61', '95']
--- Updating central model ---
Checkpoint saved in path: checkpoints/cifar10/alpha0.5_K5_N10000_cnn_E1_clr0.01_fedopt_sgd_slr1.0_sam_rho0.1_112125_19:29:23.ckpt
--- Round 4 of 10000: Training 5 Clients ---
Selected clients: ['52', '59', '28', '41', '8']
--- Updating central model ---
Checkpoint saved in path: checkpoints/cifar10/alpha0.5_K5_N10000_cnn_E1_clr0.01_fedopt_sgd_slr1.0_sam_rho0.1_112125_19:29:23.ckpt
--- Round 5 of 10000: Training 5 Clients ---
Selected clients: ['97', '2', '86', '18', '31']
--- Updating central model ---
Checkpoint saved in path: checkpoints/cifar10/alpha0.5_K5_N10000_cnn_E1_clr0.01_fedopt_sgd_slr1.0_sam_rho0.1_112125_19:29:23.ckpt
--- Round 6 of 10000: Training 5 Clients ---
Selected clients: ['99', '78', '67', '35', '0']
--- Updating central model ---
Checkpoint saved in path: checkpoints/cifar10/alpha0.5_K5_N10000_cnn_E1_clr0.01_fedopt_sgd_slr1.0_sam_rho0.1_112125_19:29:23.ckpt
--- Round 7 of 10000: Training 5 Clients ---
Selected clients: ['53', '19', '61', '93', '77']
--- Updating central model ---
Checkpoint saved in path: checkpoints/cifar10/alpha0.5_K5_N10000_cnn_E1_clr0.01_fedopt_sgd_slr1.0_sam_rho0.1_112125_19:29:23.ckpt
--- Round 8 of 10000: Training 5 Clients ---
Selected clients: ['95', '10', '76', '81', '46']
--- Updating central model ---
Checkpoint saved in path: checkpoints/cifar10/alpha0.5_K5_N10000_cnn_E1_clr0.01_fedopt_sgd_slr1.0_sam_rho0.1_112125_19:29:23.ckpt
--- Round 9 of 10000: Training 5 Clients ---
Selected clients: ['73', '15', '70', '29', '57']
--- Updating central model ---
Checkpoint saved in path: checkpoints/cifar10/alpha0.5_K5_N10000_cnn_E1_clr0.01_fedopt_sgd_slr1.0_sam_rho0.1_112125_19:29:23.ckpt
--- Round 10 of 10000: Training 5 Clients ---
Selected clients: ['50', '82', '96', '31', '75']
--- Updating central model ---
Checkpoint saved in path: checkpoints/cifar10/alpha0.5_K5_N10000_cnn_E1_clr0.01_fedopt_sgd_slr1.0_sam_rho0.1_112125_19:29:23.ckpt
--- Round 11 of 10000: Training 5 Clients ---
Selected clients: ['51', '8', '67', '44', '6']
--- Updating central model ---
Checkpoint saved in path: checkpoints/cifar10/alpha0.5_K5_N10000_cnn_E1_clr0.01_fedopt_sgd_slr1.0_sam_rho0.1_112125_19:29:23.ckpt
--- Round 12 of 10000: Training 5 Clients ---
Selected clients: ['58', '16', '19', '96', '4']
--- Updating central model ---
Checkpoint saved in path: checkpoints/cifar10/alpha0.5_K5_N10000_cnn_E1_clr0.01_fedopt_sgd_slr1.0_sam_rho0.1_112125_19:29:23.ckpt
--- Round 13 of 10000: Training 5 Clients ---
Selected clients: ['24', '26', '10', '66', '2']
--- Updating central model ---
Checkpoint saved in path: checkpoints/cifar10/alpha0.5_K5_N10000_cnn_E1_clr0.01_fedopt_sgd_slr1.0_sam_rho0.1_112125_19:29:23.ckpt
--- Round 14 of 10000: Training 5 Clients ---
Selected clients: ['97', '67', '46', '21', '78']
--- Updating central model ---
Checkpoint saved in path: checkpoints/cifar10/alpha0.5_K5_N10000_cnn_E1_clr0.01_fedopt_sgd_slr1.0_sam_rho0.1_112125_19:29:23.ckpt
--- Round 15 of 10000: Training 5 Clients ---
Selected clients: ['92', '37', '46', '56', '36']
--- Updating central model ---
Checkpoint saved in path: checkpoints/cifar10/alpha0.5_K5_N10000_cnn_E1_clr0.01_fedopt_sgd_slr1.0_sam_rho0.1_112125_19:29:23.ckpt
--- Round 16 of 10000: Training 5 Clients ---
Selected clients: ['44', '49', '55', '9', '81']
--- Updating central model ---
Checkpoint saved in path: checkpoints/cifar10/alpha0.5_K5_N10000_cnn_E1_clr0.01_fedopt_sgd_slr1.0_sam_rho0.1_112125_19:29:23.ckpt
--- Round 17 of 10000: Training 5 Clients ---
Selected clients: ['54', '14', '48', '70', '96']
--- Updating central model ---
Checkpoint saved in path: checkpoints/cifar10/alpha0.5_K5_N10000_cnn_E1_clr0.01_fedopt_sgd_slr1.0_sam_rho0.1_112125_19:29:23.ckpt
--- Round 18 of 10000: Training 5 Clients ---
Selected clients: ['75', '77', '50', '12', '15']
--- Updating central model ---
Checkpoint saved in path: checkpoints/cifar10/alpha0.5_K5_N10000_cnn_E1_clr0.01_fedopt_sgd_slr1.0_sam_rho0.1_112125_19:29:23.ckpt
--- Round 19 of 10000: Training 5 Clients ---
Selected clients: ['45', '88', '71', '63', '29']
--- Updating central model ---
Checkpoint saved in path: checkpoints/cifar10/alpha0.5_K5_N10000_cnn_E1_clr0.01_fedopt_sgd_slr1.0_sam_rho0.1_112125_19:29:23.ckpt
--- Round 20 of 10000: Training 5 Clients ---
Selected clients: ['66', '97', '83', '44', '81']
--- Updating central model ---
Checkpoint saved in path: checkpoints/cifar10/alpha0.5_K5_N10000_cnn_E1_clr0.01_fedopt_sgd_slr1.0_sam_rho0.1_112125_19:29:23.ckpt
--- Round 21 of 10000: Training 5 Clients ---
Selected clients: ['9', '54', '58', '63', '70']
--- Updating central model ---
Checkpoint saved in path: checkpoints/cifar10/alpha0.5_K5_N10000_cnn_E1_clr0.01_fedopt_sgd_slr1.0_sam_rho0.1_112125_19:29:23.ckpt
--- Round 22 of 10000: Training 5 Clients ---
Selected clients: ['24', '27', '73', '38', '66']
--- Updating central model ---
Checkpoint saved in path: checkpoints/cifar10/alpha0.5_K5_N10000_cnn_E1_clr0.01_fedopt_sgd_slr1.0_sam_rho0.1_112125_19:29:23.ckpt
--- Round 23 of 10000: Training 5 Clients ---
Selected clients: ['58', '78', '73', '42', '82']
--- Updating central model ---
Checkpoint saved in path: checkpoints/cifar10/alpha0.5_K5_N10000_cnn_E1_clr0.01_fedopt_sgd_slr1.0_sam_rho0.1_112125_19:29:23.ckpt
--- Round 24 of 10000: Training 5 Clients ---
Selected clients: ['16', '69', '6', '94', '93']
--- Updating central model ---
Checkpoint saved in path: checkpoints/cifar10/alpha0.5_K5_N10000_cnn_E1_clr0.01_fedopt_sgd_slr1.0_sam_rho0.1_112125_19:29:23.ckpt
--- Round 25 of 10000: Training 5 Clients ---
Selected clients: ['32', '95', '55', '90', '63']
--- Updating central model ---
Checkpoint saved in path: checkpoints/cifar10/alpha0.5_K5_N10000_cnn_E1_clr0.01_fedopt_sgd_slr1.0_sam_rho0.1_112125_19:29:23.ckpt
--- Round 26 of 10000: Training 5 Clients ---
Selected clients: ['23', '11', '34', '24', '6']
--- Updating central model ---
Checkpoint saved in path: checkpoints/cifar10/alpha0.5_K5_N10000_cnn_E1_clr0.01_fedopt_sgd_slr1.0_sam_rho0.1_112125_19:29:23.ckpt
--- Round 27 of 10000: Training 5 Clients ---
Selected clients: ['65', '66', '94', '27', '50']
--- Updating central model ---
Checkpoint saved in path: checkpoints/cifar10/alpha0.5_K5_N10000_cnn_E1_clr0.01_fedopt_sgd_slr1.0_sam_rho0.1_112125_19:29:23.ckpt
--- Round 28 of 10000: Training 5 Clients ---
Selected clients: ['61', '7', '43', '45', '68']
--- Updating central model ---
Checkpoint saved in path: checkpoints/cifar10/alpha0.5_K5_N10000_cnn_E1_clr0.01_fedopt_sgd_slr1.0_sam_rho0.1_112125_19:29:23.ckpt
--- Round 29 of 10000: Training 5 Clients ---
Selected clients: ['43', '65', '13', '57', '89']
--- Updating central model ---
Checkpoint saved in path: checkpoints/cifar10/alpha0.5_K5_N10000_cnn_E1_clr0.01_fedopt_sgd_slr1.0_sam_rho0.1_112125_19:29:23.ckpt
--- Round 30 of 10000: Training 5 Clients ---
Selected clients: ['38', '10', '93', '12', '13']
--- Updating central model ---
Checkpoint saved in path: checkpoints/cifar10/alpha0.5_K5_N10000_cnn_E1_clr0.01_fedopt_sgd_slr1.0_sam_rho0.1_112125_19:29:23.ckpt
--- Round 31 of 10000: Training 5 Clients ---
Selected clients: ['82', '43', '97', '7', '46']
--- Updating central model ---
Checkpoint saved in path: checkpoints/cifar10/alpha0.5_K5_N10000_cnn_E1_clr0.01_fedopt_sgd_slr1.0_sam_rho0.1_112125_19:29:23.ckpt
--- Round 32 of 10000: Training 5 Clients ---
Selected clients: ['48', '9', '49', '50', '32']
--- Updating central model ---
Checkpoint saved in path: checkpoints/cifar10/alpha0.5_K5_N10000_cnn_E1_clr0.01_fedopt_sgd_slr1.0_sam_rho0.1_112125_19:29:23.ckpt
--- Round 33 of 10000: Training 5 Clients ---
Selected clients: ['63', '23', '83', '73', '28']
--- Updating central model ---
Checkpoint saved in path: checkpoints/cifar10/alpha0.5_K5_N10000_cnn_E1_clr0.01_fedopt_sgd_slr1.0_sam_rho0.1_112125_19:29:23.ckpt
--- Round 34 of 10000: Training 5 Clients ---
Selected clients: ['18', '89', '77', '29', '43']
--- Updating central model ---
Checkpoint saved in path: checkpoints/cifar10/alpha0.5_K5_N10000_cnn_E1_clr0.01_fedopt_sgd_slr1.0_sam_rho0.1_112125_19:29:23.ckpt
--- Round 35 of 10000: Training 5 Clients ---
Selected clients: ['31', '89', '21', '72', '43']
--- Updating central model ---
Checkpoint saved in path: checkpoints/cifar10/alpha0.5_K5_N10000_cnn_E1_clr0.01_fedopt_sgd_slr1.0_sam_rho0.1_112125_19:29:23.ckpt
--- Round 36 of 10000: Training 5 Clients ---
Selected clients: ['38', '13', '68', '92', '53']
--- Updating central model ---
Checkpoint saved in path: checkpoints/cifar10/alpha0.5_K5_N10000_cnn_E1_clr0.01_fedopt_sgd_slr1.0_sam_rho0.1_112125_19:29:23.ckpt
--- Round 37 of 10000: Training 5 Clients ---
Selected clients: ['37', '97', '73', '64', '28']
--- Updating central model ---
Checkpoint saved in path: checkpoints/cifar10/alpha0.5_K5_N10000_cnn_E1_clr0.01_fedopt_sgd_slr1.0_sam_rho0.1_112125_19:29:23.ckpt
--- Round 38 of 10000: Training 5 Clients ---
Selected clients: ['84', '3', '32', '47', '31']
--- Updating central model ---
Checkpoint saved in path: checkpoints/cifar10/alpha0.5_K5_N10000_cnn_E1_clr0.01_fedopt_sgd_slr1.0_sam_rho0.1_112125_19:29:23.ckpt
--- Round 39 of 10000: Training 5 Clients ---
Selected clients: ['4', '73', '82', '96', '98']
--- Updating central model ---
Checkpoint saved in path: checkpoints/cifar10/alpha0.5_K5_N10000_cnn_E1_clr0.01_fedopt_sgd_slr1.0_sam_rho0.1_112125_19:29:23.ckpt
--- Round 40 of 10000: Training 5 Clients ---
Selected clients: ['54', '47', '84', '89', '60']
--- Updating central model ---
Checkpoint saved in path: checkpoints/cifar10/alpha0.5_K5_N10000_cnn_E1_clr0.01_fedopt_sgd_slr1.0_sam_rho0.1_112125_19:29:23.ckpt
--- Round 41 of 10000: Training 5 Clients ---
Selected clients: ['63', '64', '48', '67', '61']
--- Updating central model ---
Checkpoint saved in path: checkpoints/cifar10/alpha0.5_K5_N10000_cnn_E1_clr0.01_fedopt_sgd_slr1.0_sam_rho0.1_112125_19:29:23.ckpt
--- Round 42 of 10000: Training 5 Clients ---
Selected clients: ['12', '90', '39', '93', '62']
--- Updating central model ---
Checkpoint saved in path: checkpoints/cifar10/alpha0.5_K5_N10000_cnn_E1_clr0.01_fedopt_sgd_slr1.0_sam_rho0.1_112125_19:29:23.ckpt
--- Round 43 of 10000: Training 5 Clients ---
Selected clients: ['61', '38', '81', '78', '94']
--- Updating central model ---
Checkpoint saved in path: checkpoints/cifar10/alpha0.5_K5_N10000_cnn_E1_clr0.01_fedopt_sgd_slr1.0_sam_rho0.1_112125_19:29:23.ckpt
--- Round 44 of 10000: Training 5 Clients ---
Selected clients: ['69', '41', '54', '80', '90']
--- Updating central model ---
Checkpoint saved in path: checkpoints/cifar10/alpha0.5_K5_N10000_cnn_E1_clr0.01_fedopt_sgd_slr1.0_sam_rho0.1_112125_19:29:23.ckpt
--- Round 45 of 10000: Training 5 Clients ---
Selected clients: ['91', '77', '14', '85', '53']
--- Updating central model ---
Checkpoint saved in path: checkpoints/cifar10/alpha0.5_K5_N10000_cnn_E1_clr0.01_fedopt_sgd_slr1.0_sam_rho0.1_112125_19:29:23.ckpt
--- Round 46 of 10000: Training 5 Clients ---
Selected clients: ['54', '95', '18', '10', '8']
--- Updating central model ---
Checkpoint saved in path: checkpoints/cifar10/alpha0.5_K5_N10000_cnn_E1_clr0.01_fedopt_sgd_slr1.0_sam_rho0.1_112125_19:29:23.ckpt
--- Round 47 of 10000: Training 5 Clients ---
Selected clients: ['18', '2', '39', '43', '84']
--- Updating central model ---
Checkpoint saved in path: checkpoints/cifar10/alpha0.5_K5_N10000_cnn_E1_clr0.01_fedopt_sgd_slr1.0_sam_rho0.1_112125_19:29:23.ckpt
--- Round 48 of 10000: Training 5 Clients ---
Selected clients: ['68', '43', '34', '85', '94']
--- Updating central model ---
Checkpoint saved in path: checkpoints/cifar10/alpha0.5_K5_N10000_cnn_E1_clr0.01_fedopt_sgd_slr1.0_sam_rho0.1_112125_19:29:23.ckpt
--- Round 49 of 10000: Training 5 Clients ---
Selected clients: ['8', '47', '33', '46', '4']
--- Updating central model ---
Checkpoint saved in path: checkpoints/cifar10/alpha0.5_K5_N10000_cnn_E1_clr0.01_fedopt_sgd_slr1.0_sam_rho0.1_112125_19:29:23.ckpt
--- Round 50 of 10000: Training 5 Clients ---
Selected clients: ['55', '52', '43', '17', '39']
--- Updating central model ---
Checkpoint saved in path: checkpoints/cifar10/alpha0.5_K5_N10000_cnn_E1_clr0.01_fedopt_sgd_slr1.0_sam_rho0.1_112125_19:29:23.ckpt
--- Round 51 of 10000: Training 5 Clients ---
Selected clients: ['59', '81', '3', '1', '6']
--- Updating central model ---
Checkpoint saved in path: checkpoints/cifar10/alpha0.5_K5_N10000_cnn_E1_clr0.01_fedopt_sgd_slr1.0_sam_rho0.1_112125_19:29:23.ckpt
--- Round 52 of 10000: Training 5 Clients ---
Selected clients: ['12', '40', '11', '56', '38']
--- Updating central model ---
Checkpoint saved in path: checkpoints/cifar10/alpha0.5_K5_N10000_cnn_E1_clr0.01_fedopt_sgd_slr1.0_sam_rho0.1_112125_19:29:23.ckpt
--- Round 53 of 10000: Training 5 Clients ---
Selected clients: ['49', '36', '18', '27', '39']
--- Updating central model ---
Checkpoint saved in path: checkpoints/cifar10/alpha0.5_K5_N10000_cnn_E1_clr0.01_fedopt_sgd_slr1.0_sam_rho0.1_112125_19:29:23.ckpt
--- Round 54 of 10000: Training 5 Clients ---
Selected clients: ['22', '81', '75', '69', '6']
--- Updating central model ---
Checkpoint saved in path: checkpoints/cifar10/alpha0.5_K5_N10000_cnn_E1_clr0.01_fedopt_sgd_slr1.0_sam_rho0.1_112125_19:29:23.ckpt
--- Round 55 of 10000: Training 5 Clients ---
Selected clients: ['8', '13', '88', '25', '93']
--- Updating central model ---
Checkpoint saved in path: checkpoints/cifar10/alpha0.5_K5_N10000_cnn_E1_clr0.01_fedopt_sgd_slr1.0_sam_rho0.1_112125_19:29:23.ckpt
--- Round 56 of 10000: Training 5 Clients ---
Selected clients: ['12', '82', '9', '79', '97']
--- Updating central model ---
Checkpoint saved in path: checkpoints/cifar10/alpha0.5_K5_N10000_cnn_E1_clr0.01_fedopt_sgd_slr1.0_sam_rho0.1_112125_19:29:23.ckpt
--- Round 57 of 10000: Training 5 Clients ---
Selected clients: ['17', '74', '73', '97', '7']
--- Updating central model ---
Checkpoint saved in path: checkpoints/cifar10/alpha0.5_K5_N10000_cnn_E1_clr0.01_fedopt_sgd_slr1.0_sam_rho0.1_112125_19:29:23.ckpt
--- Round 58 of 10000: Training 5 Clients ---
Selected clients: ['74', '93', '26', '80', '88']
--- Updating central model ---
Checkpoint saved in path: checkpoints/cifar10/alpha0.5_K5_N10000_cnn_E1_clr0.01_fedopt_sgd_slr1.0_sam_rho0.1_112125_19:29:23.ckpt
--- Round 59 of 10000: Training 5 Clients ---
Selected clients: ['77', '5', '49', '96', '55']
--- Updating central model ---
Checkpoint saved in path: checkpoints/cifar10/alpha0.5_K5_N10000_cnn_E1_clr0.01_fedopt_sgd_slr1.0_sam_rho0.1_112125_19:29:23.ckpt
--- Round 60 of 10000: Training 5 Clients ---
Selected clients: ['29', '56', '81', '32', '93']
--- Updating central model ---
Checkpoint saved in path: checkpoints/cifar10/alpha0.5_K5_N10000_cnn_E1_clr0.01_fedopt_sgd_slr1.0_sam_rho0.1_112125_19:29:23.ckpt
--- Round 61 of 10000: Training 5 Clients ---
Selected clients: ['44', '28', '72', '80', '79']
--- Updating central model ---
Checkpoint saved in path: checkpoints/cifar10/alpha0.5_K5_N10000_cnn_E1_clr0.01_fedopt_sgd_slr1.0_sam_rho0.1_112125_19:29:23.ckpt
--- Round 62 of 10000: Training 5 Clients ---
Selected clients: ['52', '15', '72', '8', '31']
--- Updating central model ---
Checkpoint saved in path: checkpoints/cifar10/alpha0.5_K5_N10000_cnn_E1_clr0.01_fedopt_sgd_slr1.0_sam_rho0.1_112125_19:29:23.ckpt
--- Round 63 of 10000: Training 5 Clients ---
Selected clients: ['2', '29', '65', '84', '72']
--- Updating central model ---
Checkpoint saved in path: checkpoints/cifar10/alpha0.5_K5_N10000_cnn_E1_clr0.01_fedopt_sgd_slr1.0_sam_rho0.1_112125_19:29:23.ckpt
--- Round 64 of 10000: Training 5 Clients ---
Selected clients: ['22', '91', '8', '28', '75']
--- Updating central model ---
Checkpoint saved in path: checkpoints/cifar10/alpha0.5_K5_N10000_cnn_E1_clr0.01_fedopt_sgd_slr1.0_sam_rho0.1_112125_19:29:23.ckpt
--- Round 65 of 10000: Training 5 Clients ---
Selected clients: ['85', '80', '89', '2', '67']
--- Updating central model ---
Checkpoint saved in path: checkpoints/cifar10/alpha0.5_K5_N10000_cnn_E1_clr0.01_fedopt_sgd_slr1.0_sam_rho0.1_112125_19:29:23.ckpt
--- Round 66 of 10000: Training 5 Clients ---
Selected clients: ['59', '24', '86', '32', '67']
--- Updating central model ---
Checkpoint saved in path: checkpoints/cifar10/alpha0.5_K5_N10000_cnn_E1_clr0.01_fedopt_sgd_slr1.0_sam_rho0.1_112125_19:29:23.ckpt
--- Round 67 of 10000: Training 5 Clients ---
Selected clients: ['87', '48', '32', '31', '16']
--- Updating central model ---
Checkpoint saved in path: checkpoints/cifar10/alpha0.5_K5_N10000_cnn_E1_clr0.01_fedopt_sgd_slr1.0_sam_rho0.1_112125_19:29:23.ckpt
--- Round 68 of 10000: Training 5 Clients ---
Selected clients: ['62', '84', '54', '51', '88']
--- Updating central model ---
Checkpoint saved in path: checkpoints/cifar10/alpha0.5_K5_N10000_cnn_E1_clr0.01_fedopt_sgd_slr1.0_sam_rho0.1_112125_19:29:23.ckpt
--- Round 69 of 10000: Training 5 Clients ---
Selected clients: ['39', '40', '0', '19', '37']
--- Updating central model ---
Checkpoint saved in path: checkpoints/cifar10/alpha0.5_K5_N10000_cnn_E1_clr0.01_fedopt_sgd_slr1.0_sam_rho0.1_112125_19:29:23.ckpt
--- Round 70 of 10000: Training 5 Clients ---
Selected clients: ['11', '37', '29', '4', '90']
--- Updating central model ---
Checkpoint saved in path: checkpoints/cifar10/alpha0.5_K5_N10000_cnn_E1_clr0.01_fedopt_sgd_slr1.0_sam_rho0.1_112125_19:29:23.ckpt
--- Round 71 of 10000: Training 5 Clients ---
Selected clients: ['35', '82', '29', '95', '6']
--- Updating central model ---
Checkpoint saved in path: checkpoints/cifar10/alpha0.5_K5_N10000_cnn_E1_clr0.01_fedopt_sgd_slr1.0_sam_rho0.1_112125_19:29:23.ckpt
--- Round 72 of 10000: Training 5 Clients ---
Selected clients: ['42', '8', '71', '87', '72']
--- Updating central model ---
Checkpoint saved in path: checkpoints/cifar10/alpha0.5_K5_N10000_cnn_E1_clr0.01_fedopt_sgd_slr1.0_sam_rho0.1_112125_19:29:23.ckpt
--- Round 73 of 10000: Training 5 Clients ---
Selected clients: ['62', '89', '10', '64', '99']
--- Updating central model ---
Checkpoint saved in path: checkpoints/cifar10/alpha0.5_K5_N10000_cnn_E1_clr0.01_fedopt_sgd_slr1.0_sam_rho0.1_112125_19:29:23.ckpt
--- Round 74 of 10000: Training 5 Clients ---
Selected clients: ['30', '10', '19', '29', '16']
--- Updating central model ---
Checkpoint saved in path: checkpoints/cifar10/alpha0.5_K5_N10000_cnn_E1_clr0.01_fedopt_sgd_slr1.0_sam_rho0.1_112125_19:29:23.ckpt
--- Round 75 of 10000: Training 5 Clients ---
Selected clients: ['83', '54', '2', '3', '85']
--- Updating central model ---
Checkpoint saved in path: checkpoints/cifar10/alpha0.5_K5_N10000_cnn_E1_clr0.01_fedopt_sgd_slr1.0_sam_rho0.1_112125_19:29:23.ckpt
--- Round 76 of 10000: Training 5 Clients ---
Selected clients: ['94', '70', '60', '95', '37']
--- Updating central model ---
Checkpoint saved in path: checkpoints/cifar10/alpha0.5_K5_N10000_cnn_E1_clr0.01_fedopt_sgd_slr1.0_sam_rho0.1_112125_19:29:23.ckpt
--- Round 77 of 10000: Training 5 Clients ---
Selected clients: ['32', '41', '35', '37', '69']
--- Updating central model ---
Checkpoint saved in path: checkpoints/cifar10/alpha0.5_K5_N10000_cnn_E1_clr0.01_fedopt_sgd_slr1.0_sam_rho0.1_112125_19:29:23.ckpt
--- Round 78 of 10000: Training 5 Clients ---
Selected clients: ['29', '87', '47', '10', '83']
--- Updating central model ---
Checkpoint saved in path: checkpoints/cifar10/alpha0.5_K5_N10000_cnn_E1_clr0.01_fedopt_sgd_slr1.0_sam_rho0.1_112125_19:29:23.ckpt
--- Round 79 of 10000: Training 5 Clients ---
Selected clients: ['36', '90', '18', '63', '33']
--- Updating central model ---
Checkpoint saved in path: checkpoints/cifar10/alpha0.5_K5_N10000_cnn_E1_clr0.01_fedopt_sgd_slr1.0_sam_rho0.1_112125_19:29:23.ckpt
--- Round 80 of 10000: Training 5 Clients ---
Selected clients: ['37', '71', '78', '57', '27']
--- Updating central model ---
Checkpoint saved in path: checkpoints/cifar10/alpha0.5_K5_N10000_cnn_E1_clr0.01_fedopt_sgd_slr1.0_sam_rho0.1_112125_19:29:23.ckpt
--- Round 81 of 10000: Training 5 Clients ---
Selected clients: ['43', '69', '44', '77', '1']
--- Updating central model ---
Checkpoint saved in path: checkpoints/cifar10/alpha0.5_K5_N10000_cnn_E1_clr0.01_fedopt_sgd_slr1.0_sam_rho0.1_112125_19:29:23.ckpt
--- Round 82 of 10000: Training 5 Clients ---
Selected clients: ['26', '23', '52', '7', '92']
--- Updating central model ---
Checkpoint saved in path: checkpoints/cifar10/alpha0.5_K5_N10000_cnn_E1_clr0.01_fedopt_sgd_slr1.0_sam_rho0.1_112125_19:29:23.ckpt
--- Round 83 of 10000: Training 5 Clients ---
Selected clients: ['69', '62', '57', '10', '47']
--- Updating central model ---
Checkpoint saved in path: checkpoints/cifar10/alpha0.5_K5_N10000_cnn_E1_clr0.01_fedopt_sgd_slr1.0_sam_rho0.1_112125_19:29:23.ckpt
--- Round 84 of 10000: Training 5 Clients ---
Selected clients: ['62', '38', '52', '44', '80']
--- Updating central model ---
Checkpoint saved in path: checkpoints/cifar10/alpha0.5_K5_N10000_cnn_E1_clr0.01_fedopt_sgd_slr1.0_sam_rho0.1_112125_19:29:23.ckpt
--- Round 85 of 10000: Training 5 Clients ---
Selected clients: ['41', '59', '28', '23', '65']
--- Updating central model ---
Checkpoint saved in path: checkpoints/cifar10/alpha0.5_K5_N10000_cnn_E1_clr0.01_fedopt_sgd_slr1.0_sam_rho0.1_112125_19:29:23.ckpt
--- Round 86 of 10000: Training 5 Clients ---
Selected clients: ['49', '14', '90', '17', '66']
--- Updating central model ---
Checkpoint saved in path: checkpoints/cifar10/alpha0.5_K5_N10000_cnn_E1_clr0.01_fedopt_sgd_slr1.0_sam_rho0.1_112125_19:29:23.ckpt
--- Round 87 of 10000: Training 5 Clients ---
Selected clients: ['73', '60', '34', '13', '9']
--- Updating central model ---
Checkpoint saved in path: checkpoints/cifar10/alpha0.5_K5_N10000_cnn_E1_clr0.01_fedopt_sgd_slr1.0_sam_rho0.1_112125_19:29:23.ckpt
--- Round 88 of 10000: Training 5 Clients ---
Selected clients: ['13', '78', '15', '25', '74']
--- Updating central model ---
Checkpoint saved in path: checkpoints/cifar10/alpha0.5_K5_N10000_cnn_E1_clr0.01_fedopt_sgd_slr1.0_sam_rho0.1_112125_19:29:23.ckpt
--- Round 89 of 10000: Training 5 Clients ---
Selected clients: ['17', '60', '99', '64', '86']
--- Updating central model ---
Checkpoint saved in path: checkpoints/cifar10/alpha0.5_K5_N10000_cnn_E1_clr0.01_fedopt_sgd_slr1.0_sam_rho0.1_112125_19:29:23.ckpt
--- Round 90 of 10000: Training 5 Clients ---
Selected clients: ['33', '90', '48', '95', '58']
--- Updating central model ---
Checkpoint saved in path: checkpoints/cifar10/alpha0.5_K5_N10000_cnn_E1_clr0.01_fedopt_sgd_slr1.0_sam_rho0.1_112125_19:29:23.ckpt
--- Round 91 of 10000: Training 5 Clients ---
Selected clients: ['47', '70', '64', '79', '24']
--- Updating central model ---
Checkpoint saved in path: checkpoints/cifar10/alpha0.5_K5_N10000_cnn_E1_clr0.01_fedopt_sgd_slr1.0_sam_rho0.1_112125_19:29:23.ckpt
--- Round 92 of 10000: Training 5 Clients ---
Selected clients: ['99', '74', '54', '29', '47']
--- Updating central model ---
Checkpoint saved in path: checkpoints/cifar10/alpha0.5_K5_N10000_cnn_E1_clr0.01_fedopt_sgd_slr1.0_sam_rho0.1_112125_19:29:23.ckpt
--- Round 93 of 10000: Training 5 Clients ---
Selected clients: ['25', '41', '58', '91', '80']
--- Updating central model ---
Checkpoint saved in path: checkpoints/cifar10/alpha0.5_K5_N10000_cnn_E1_clr0.01_fedopt_sgd_slr1.0_sam_rho0.1_112125_19:29:23.ckpt
--- Round 94 of 10000: Training 5 Clients ---
Selected clients: ['89', '11', '39', '34', '37']
--- Updating central model ---
Checkpoint saved in path: checkpoints/cifar10/alpha0.5_K5_N10000_cnn_E1_clr0.01_fedopt_sgd_slr1.0_sam_rho0.1_112125_19:29:23.ckpt
--- Round 95 of 10000: Training 5 Clients ---
Selected clients: ['30', '48', '64', '5', '97']
--- Updating central model ---
Checkpoint saved in path: checkpoints/cifar10/alpha0.5_K5_N10000_cnn_E1_clr0.01_fedopt_sgd_slr1.0_sam_rho0.1_112125_19:29:23.ckpt
--- Round 96 of 10000: Training 5 Clients ---
Selected clients: ['17', '78', '38', '6', '36']
--- Updating central model ---
Checkpoint saved in path: checkpoints/cifar10/alpha0.5_K5_N10000_cnn_E1_clr0.01_fedopt_sgd_slr1.0_sam_rho0.1_112125_19:29:23.ckpt
--- Round 97 of 10000: Training 5 Clients ---
Selected clients: ['66', '46', '7', '13', '31']
--- Updating central model ---
Checkpoint saved in path: checkpoints/cifar10/alpha0.5_K5_N10000_cnn_E1_clr0.01_fedopt_sgd_slr1.0_sam_rho0.1_112125_19:29:23.ckpt
--- Round 98 of 10000: Training 5 Clients ---
Selected clients: ['31', '55', '29', '4', '70']
--- Updating central model ---
Checkpoint saved in path: checkpoints/cifar10/alpha0.5_K5_N10000_cnn_E1_clr0.01_fedopt_sgd_slr1.0_sam_rho0.1_112125_19:29:23.ckpt
--- Round 99 of 10000: Training 5 Clients ---
Selected clients: ['13', '88', '93', '59', '80']
--- Updating central model ---
Checkpoint saved in path: checkpoints/cifar10/alpha0.5_K5_N10000_cnn_E1_clr0.01_fedopt_sgd_slr1.0_sam_rho0.1_112125_19:29:23.ckpt
--- Round 100 of 10000: Training 5 Clients ---
Selected clients: ['8', '41', '56', '26', '55']
--- Updating central model ---
train_accuracy: 10.0086, 10th percentile: 0.608641, 50th percentile: 5.31008, 90th percentile 23.9176
train_loss: 2.30189, 10th percentile: 2.27356, 50th percentile: 2.30718, 90th percentile 2.33042
test_accuracy: 10, 10th percentile: 10, 50th percentile: 10, 90th percentile 10
test_loss: 2.30175, 10th percentile: 2.30175, 50th percentile: 2.30175, 90th percentile 2.30175
Checkpoint saved in path: checkpoints/cifar10/alpha0.5_K5_N10000_cnn_E1_clr0.01_fedopt_sgd_slr1.0_sam_rho0.1_112125_19:29:23.ckpt
--- Round 101 of 10000: Training 5 Clients ---
Selected clients: ['89', '68', '87', '13', '72']
--- Updating central model ---
Checkpoint saved in path: checkpoints/cifar10/alpha0.5_K5_N10000_cnn_E1_clr0.01_fedopt_sgd_slr1.0_sam_rho0.1_112125_19:29:23.ckpt
--- Round 102 of 10000: Training 5 Clients ---
Selected clients: ['3', '14', '82', '41', '52']
--- Updating central model ---
Checkpoint saved in path: checkpoints/cifar10/alpha0.5_K5_N10000_cnn_E1_clr0.01_fedopt_sgd_slr1.0_sam_rho0.1_112125_19:29:23.ckpt
--- Round 103 of 10000: Training 5 Clients ---
Selected clients: ['10', '13', '0', '54', '14']
--- Updating central model ---
Checkpoint saved in path: checkpoints/cifar10/alpha0.5_K5_N10000_cnn_E1_clr0.01_fedopt_sgd_slr1.0_sam_rho0.1_112125_19:29:23.ckpt
--- Round 104 of 10000: Training 5 Clients ---
Selected clients: ['50', '0', '56', '59', '86']
--- Updating central model ---
Checkpoint saved in path: checkpoints/cifar10/alpha0.5_K5_N10000_cnn_E1_clr0.01_fedopt_sgd_slr1.0_sam_rho0.1_112125_19:29:23.ckpt
--- Round 105 of 10000: Training 5 Clients ---
Selected clients: ['84', '78', '90', '73', '21']
--- Updating central model ---
Checkpoint saved in path: checkpoints/cifar10/alpha0.5_K5_N10000_cnn_E1_clr0.01_fedopt_sgd_slr1.0_sam_rho0.1_112125_19:29:23.ckpt
--- Round 106 of 10000: Training 5 Clients ---
Selected clients: ['74', '48', '98', '5', '27']
--- Updating central model ---
Checkpoint saved in path: checkpoints/cifar10/alpha0.5_K5_N10000_cnn_E1_clr0.01_fedopt_sgd_slr1.0_sam_rho0.1_112125_19:29:23.ckpt
--- Round 107 of 10000: Training 5 Clients ---
Selected clients: ['45', '21', '1', '84', '6']
--- Updating central model ---
Checkpoint saved in path: checkpoints/cifar10/alpha0.5_K5_N10000_cnn_E1_clr0.01_fedopt_sgd_slr1.0_sam_rho0.1_112125_19:29:23.ckpt
--- Round 108 of 10000: Training 5 Clients ---
Selected clients: ['68', '86', '66', '17', '88']
--- Updating central model ---
Checkpoint saved in path: checkpoints/cifar10/alpha0.5_K5_N10000_cnn_E1_clr0.01_fedopt_sgd_slr1.0_sam_rho0.1_112125_19:29:23.ckpt
--- Round 109 of 10000: Training 5 Clients ---
Selected clients: ['31', '63', '69', '22', '29']
--- Updating central model ---
Checkpoint saved in path: checkpoints/cifar10/alpha0.5_K5_N10000_cnn_E1_clr0.01_fedopt_sgd_slr1.0_sam_rho0.1_112125_19:29:23.ckpt
--- Round 110 of 10000: Training 5 Clients ---
Selected clients: ['12', '97', '83', '35', '47']
--- Updating central model ---
Checkpoint saved in path: checkpoints/cifar10/alpha0.5_K5_N10000_cnn_E1_clr0.01_fedopt_sgd_slr1.0_sam_rho0.1_112125_19:29:23.ckpt
--- Round 111 of 10000: Training 5 Clients ---
Selected clients: ['64', '79', '11', '38', '92']
--- Updating central model ---
Checkpoint saved in path: checkpoints/cifar10/alpha0.5_K5_N10000_cnn_E1_clr0.01_fedopt_sgd_slr1.0_sam_rho0.1_112125_19:29:23.ckpt
--- Round 112 of 10000: Training 5 Clients ---
Selected clients: ['18', '11', '92', '23', '51']
--- Updating central model ---
Checkpoint saved in path: checkpoints/cifar10/alpha0.5_K5_N10000_cnn_E1_clr0.01_fedopt_sgd_slr1.0_sam_rho0.1_112125_19:29:23.ckpt
--- Round 113 of 10000: Training 5 Clients ---
Selected clients: ['72', '47', '43', '65', '50']
--- Updating central model ---
Checkpoint saved in path: checkpoints/cifar10/alpha0.5_K5_N10000_cnn_E1_clr0.01_fedopt_sgd_slr1.0_sam_rho0.1_112125_19:29:23.ckpt
--- Round 114 of 10000: Training 5 Clients ---
Selected clients: ['83', '51', '60', '62', '41']
--- Updating central model ---
Checkpoint saved in path: checkpoints/cifar10/alpha0.5_K5_N10000_cnn_E1_clr0.01_fedopt_sgd_slr1.0_sam_rho0.1_112125_19:29:23.ckpt
--- Round 115 of 10000: Training 5 Clients ---
Selected clients: ['29', '87', '92', '22', '14']
--- Updating central model ---
Checkpoint saved in path: checkpoints/cifar10/alpha0.5_K5_N10000_cnn_E1_clr0.01_fedopt_sgd_slr1.0_sam_rho0.1_112125_19:29:23.ckpt
--- Round 116 of 10000: Training 5 Clients ---
Selected clients: ['21', '69', '62', '42', '52']
--- Updating central model ---
Checkpoint saved in path: checkpoints/cifar10/alpha0.5_K5_N10000_cnn_E1_clr0.01_fedopt_sgd_slr1.0_sam_rho0.1_112125_19:29:23.ckpt
--- Round 117 of 10000: Training 5 Clients ---
Selected clients: ['71', '41', '19', '29', '39']
--- Updating central model ---
Checkpoint saved in path: checkpoints/cifar10/alpha0.5_K5_N10000_cnn_E1_clr0.01_fedopt_sgd_slr1.0_sam_rho0.1_112125_19:29:23.ckpt
--- Round 118 of 10000: Training 5 Clients ---
Selected clients: ['94', '27', '57', '45', '29']
--- Updating central model ---
Checkpoint saved in path: checkpoints/cifar10/alpha0.5_K5_N10000_cnn_E1_clr0.01_fedopt_sgd_slr1.0_sam_rho0.1_112125_19:29:23.ckpt
--- Round 119 of 10000: Training 5 Clients ---
Selected clients: ['29', '22', '68', '16', '11']
--- Updating central model ---
Checkpoint saved in path: checkpoints/cifar10/alpha0.5_K5_N10000_cnn_E1_clr0.01_fedopt_sgd_slr1.0_sam_rho0.1_112125_19:29:23.ckpt
--- Round 120 of 10000: Training 5 Clients ---
Selected clients: ['92', '84', '43', '15', '58']
--- Updating central model ---
Checkpoint saved in path: checkpoints/cifar10/alpha0.5_K5_N10000_cnn_E1_clr0.01_fedopt_sgd_slr1.0_sam_rho0.1_112125_19:29:23.ckpt
--- Round 121 of 10000: Training 5 Clients ---
Selected clients: ['86', '63', '84', '0', '26']
--- Updating central model ---
Checkpoint saved in path: checkpoints/cifar10/alpha0.5_K5_N10000_cnn_E1_clr0.01_fedopt_sgd_slr1.0_sam_rho0.1_112125_19:29:23.ckpt
--- Round 122 of 10000: Training 5 Clients ---
Selected clients: ['81', '72', '22', '75', '84']
--- Updating central model ---
Checkpoint saved in path: checkpoints/cifar10/alpha0.5_K5_N10000_cnn_E1_clr0.01_fedopt_sgd_slr1.0_sam_rho0.1_112125_19:29:23.ckpt
--- Round 123 of 10000: Training 5 Clients ---
Selected clients: ['86', '84', '12', '88', '57']
--- Updating central model ---
Checkpoint saved in path: checkpoints/cifar10/alpha0.5_K5_N10000_cnn_E1_clr0.01_fedopt_sgd_slr1.0_sam_rho0.1_112125_19:29:23.ckpt
--- Round 124 of 10000: Training 5 Clients ---
Selected clients: ['99', '82', '77', '67', '7']
--- Updating central model ---
Checkpoint saved in path: checkpoints/cifar10/alpha0.5_K5_N10000_cnn_E1_clr0.01_fedopt_sgd_slr1.0_sam_rho0.1_112125_19:29:23.ckpt
--- Round 125 of 10000: Training 5 Clients ---
Selected clients: ['37', '49', '2', '75', '84']
--- Updating central model ---
Checkpoint saved in path: checkpoints/cifar10/alpha0.5_K5_N10000_cnn_E1_clr0.01_fedopt_sgd_slr1.0_sam_rho0.1_112125_19:29:23.ckpt
--- Round 126 of 10000: Training 5 Clients ---
Selected clients: ['62', '11', '54', '0', '34']
--- Updating central model ---
Checkpoint saved in path: checkpoints/cifar10/alpha0.5_K5_N10000_cnn_E1_clr0.01_fedopt_sgd_slr1.0_sam_rho0.1_112125_19:29:23.ckpt
--- Round 127 of 10000: Training 5 Clients ---
Selected clients: ['99', '83', '35', '94', '33']
--- Updating central model ---
Checkpoint saved in path: checkpoints/cifar10/alpha0.5_K5_N10000_cnn_E1_clr0.01_fedopt_sgd_slr1.0_sam_rho0.1_112125_19:29:23.ckpt
--- Round 128 of 10000: Training 5 Clients ---
Selected clients: ['57', '68', '16', '59', '90']
--- Updating central model ---
Checkpoint saved in path: checkpoints/cifar10/alpha0.5_K5_N10000_cnn_E1_clr0.01_fedopt_sgd_slr1.0_sam_rho0.1_112125_19:29:23.ckpt
--- Round 129 of 10000: Training 5 Clients ---
Selected clients: ['98', '72', '71', '56', '15']
--- Updating central model ---
Checkpoint saved in path: checkpoints/cifar10/alpha0.5_K5_N10000_cnn_E1_clr0.01_fedopt_sgd_slr1.0_sam_rho0.1_112125_19:29:23.ckpt
--- Round 130 of 10000: Training 5 Clients ---
Selected clients: ['13', '71', '8', '55', '99']
--- Updating central model ---
Checkpoint saved in path: checkpoints/cifar10/alpha0.5_K5_N10000_cnn_E1_clr0.01_fedopt_sgd_slr1.0_sam_rho0.1_112125_19:29:23.ckpt
--- Round 131 of 10000: Training 5 Clients ---
Selected clients: ['41', '46', '0', '50', '47']
--- Updating central model ---
Checkpoint saved in path: checkpoints/cifar10/alpha0.5_K5_N10000_cnn_E1_clr0.01_fedopt_sgd_slr1.0_sam_rho0.1_112125_19:29:23.ckpt
--- Round 132 of 10000: Training 5 Clients ---
Selected clients: ['47', '44', '93', '99', '23']
--- Updating central model ---
Checkpoint saved in path: checkpoints/cifar10/alpha0.5_K5_N10000_cnn_E1_clr0.01_fedopt_sgd_slr1.0_sam_rho0.1_112125_19:29:23.ckpt
--- Round 133 of 10000: Training 5 Clients ---
Selected clients: ['72', '95', '3', '70', '99']
--- Updating central model ---
Checkpoint saved in path: checkpoints/cifar10/alpha0.5_K5_N10000_cnn_E1_clr0.01_fedopt_sgd_slr1.0_sam_rho0.1_112125_19:29:23.ckpt
--- Round 134 of 10000: Training 5 Clients ---
Selected clients: ['93', '81', '79', '96', '15']
--- Updating central model ---
Checkpoint saved in path: checkpoints/cifar10/alpha0.5_K5_N10000_cnn_E1_clr0.01_fedopt_sgd_slr1.0_sam_rho0.1_112125_19:29:23.ckpt
--- Round 135 of 10000: Training 5 Clients ---
Selected clients: ['81', '59', '56', '41', '8']
--- Updating central model ---
Checkpoint saved in path: checkpoints/cifar10/alpha0.5_K5_N10000_cnn_E1_clr0.01_fedopt_sgd_slr1.0_sam_rho0.1_112125_19:29:23.ckpt
--- Round 136 of 10000: Training 5 Clients ---
Selected clients: ['59', '37', '36', '40', '85']
--- Updating central model ---
Checkpoint saved in path: checkpoints/cifar10/alpha0.5_K5_N10000_cnn_E1_clr0.01_fedopt_sgd_slr1.0_sam_rho0.1_112125_19:29:23.ckpt
--- Round 137 of 10000: Training 5 Clients ---
Selected clients: ['5', '11', '71', '78', '70']
--- Updating central model ---
Checkpoint saved in path: checkpoints/cifar10/alpha0.5_K5_N10000_cnn_E1_clr0.01_fedopt_sgd_slr1.0_sam_rho0.1_112125_19:29:23.ckpt
--- Round 138 of 10000: Training 5 Clients ---
Selected clients: ['99', '13', '10', '43', '98']
--- Updating central model ---
Checkpoint saved in path: checkpoints/cifar10/alpha0.5_K5_N10000_cnn_E1_clr0.01_fedopt_sgd_slr1.0_sam_rho0.1_112125_19:29:23.ckpt
--- Round 139 of 10000: Training 5 Clients ---
Selected clients: ['42', '59', '85', '75', '9']
--- Updating central model ---
Checkpoint saved in path: checkpoints/cifar10/alpha0.5_K5_N10000_cnn_E1_clr0.01_fedopt_sgd_slr1.0_sam_rho0.1_112125_19:29:23.ckpt
--- Round 140 of 10000: Training 5 Clients ---
Selected clients: ['15', '94', '13', '75', '87']
--- Updating central model ---
Checkpoint saved in path: checkpoints/cifar10/alpha0.5_K5_N10000_cnn_E1_clr0.01_fedopt_sgd_slr1.0_sam_rho0.1_112125_19:29:23.ckpt
--- Round 141 of 10000: Training 5 Clients ---
Selected clients: ['48', '10', '40', '54', '65']
--- Updating central model ---
Checkpoint saved in path: checkpoints/cifar10/alpha0.5_K5_N10000_cnn_E1_clr0.01_fedopt_sgd_slr1.0_sam_rho0.1_112125_19:29:23.ckpt
--- Round 142 of 10000: Training 5 Clients ---
Selected clients: ['99', '7', '63', '40', '72']
--- Updating central model ---
Checkpoint saved in path: checkpoints/cifar10/alpha0.5_K5_N10000_cnn_E1_clr0.01_fedopt_sgd_slr1.0_sam_rho0.1_112125_19:29:23.ckpt
--- Round 143 of 10000: Training 5 Clients ---
Selected clients: ['80', '83', '29', '6', '34']
--- Updating central model ---
Checkpoint saved in path: checkpoints/cifar10/alpha0.5_K5_N10000_cnn_E1_clr0.01_fedopt_sgd_slr1.0_sam_rho0.1_112125_19:29:23.ckpt
--- Round 144 of 10000: Training 5 Clients ---
Selected clients: ['41', '57', '6', '19', '71']
--- Updating central model ---
Checkpoint saved in path: checkpoints/cifar10/alpha0.5_K5_N10000_cnn_E1_clr0.01_fedopt_sgd_slr1.0_sam_rho0.1_112125_19:29:23.ckpt
--- Round 145 of 10000: Training 5 Clients ---
Selected clients: ['91', '68', '24', '1', '78']
--- Updating central model ---
Checkpoint saved in path: checkpoints/cifar10/alpha0.5_K5_N10000_cnn_E1_clr0.01_fedopt_sgd_slr1.0_sam_rho0.1_112125_19:29:23.ckpt
--- Round 146 of 10000: Training 5 Clients ---
Selected clients: ['37', '66', '76', '1', '51']
--- Updating central model ---
Checkpoint saved in path: checkpoints/cifar10/alpha0.5_K5_N10000_cnn_E1_clr0.01_fedopt_sgd_slr1.0_sam_rho0.1_112125_19:29:23.ckpt
--- Round 147 of 10000: Training 5 Clients ---
Selected clients: ['20', '39', '6', '91', '72']
--- Updating central model ---
Checkpoint saved in path: checkpoints/cifar10/alpha0.5_K5_N10000_cnn_E1_clr0.01_fedopt_sgd_slr1.0_sam_rho0.1_112125_19:29:23.ckpt
--- Round 148 of 10000: Training 5 Clients ---
Selected clients: ['21', '38', '76', '50', '79']
--- Updating central model ---
Checkpoint saved in path: checkpoints/cifar10/alpha0.5_K5_N10000_cnn_E1_clr0.01_fedopt_sgd_slr1.0_sam_rho0.1_112125_19:29:23.ckpt
--- Round 149 of 10000: Training 5 Clients ---
Selected clients: ['36', '12', '78', '81', '63']
--- Updating central model ---
Checkpoint saved in path: checkpoints/cifar10/alpha0.5_K5_N10000_cnn_E1_clr0.01_fedopt_sgd_slr1.0_sam_rho0.1_112125_19:29:23.ckpt
--- Round 150 of 10000: Training 5 Clients ---
Selected clients: ['36', '80', '87', '38', '48']
--- Updating central model ---
Checkpoint saved in path: checkpoints/cifar10/alpha0.5_K5_N10000_cnn_E1_clr0.01_fedopt_sgd_slr1.0_sam_rho0.1_112125_19:29:23.ckpt
--- Round 151 of 10000: Training 5 Clients ---
Selected clients: ['78', '63', '98', '4', '97']
--- Updating central model ---
Checkpoint saved in path: checkpoints/cifar10/alpha0.5_K5_N10000_cnn_E1_clr0.01_fedopt_sgd_slr1.0_sam_rho0.1_112125_19:29:23.ckpt
--- Round 152 of 10000: Training 5 Clients ---
Selected clients: ['32', '83', '22', '66', '39']
--- Updating central model ---
Checkpoint saved in path: checkpoints/cifar10/alpha0.5_K5_N10000_cnn_E1_clr0.01_fedopt_sgd_slr1.0_sam_rho0.1_112125_19:29:23.ckpt
--- Round 153 of 10000: Training 5 Clients ---
Selected clients: ['4', '30', '1', '33', '89']
--- Updating central model ---
Checkpoint saved in path: checkpoints/cifar10/alpha0.5_K5_N10000_cnn_E1_clr0.01_fedopt_sgd_slr1.0_sam_rho0.1_112125_19:29:23.ckpt
--- Round 154 of 10000: Training 5 Clients ---
Selected clients: ['98', '93', '5', '35', '24']
--- Updating central model ---
Checkpoint saved in path: checkpoints/cifar10/alpha0.5_K5_N10000_cnn_E1_clr0.01_fedopt_sgd_slr1.0_sam_rho0.1_112125_19:29:23.ckpt
--- Round 155 of 10000: Training 5 Clients ---
Selected clients: ['38', '9', '1', '74', '72']
--- Updating central model ---
Checkpoint saved in path: checkpoints/cifar10/alpha0.5_K5_N10000_cnn_E1_clr0.01_fedopt_sgd_slr1.0_sam_rho0.1_112125_19:29:23.ckpt
--- Round 156 of 10000: Training 5 Clients ---
Selected clients: ['56', '44', '20', '29', '31']
--- Updating central model ---
Checkpoint saved in path: checkpoints/cifar10/alpha0.5_K5_N10000_cnn_E1_clr0.01_fedopt_sgd_slr1.0_sam_rho0.1_112125_19:29:23.ckpt
--- Round 157 of 10000: Training 5 Clients ---
Selected clients: ['25', '24', '99', '6', '79']
--- Updating central model ---
Checkpoint saved in path: checkpoints/cifar10/alpha0.5_K5_N10000_cnn_E1_clr0.01_fedopt_sgd_slr1.0_sam_rho0.1_112125_19:29:23.ckpt
--- Round 158 of 10000: Training 5 Clients ---
Selected clients: ['7', '86', '58', '61', '20']
--- Updating central model ---
Checkpoint saved in path: checkpoints/cifar10/alpha0.5_K5_N10000_cnn_E1_clr0.01_fedopt_sgd_slr1.0_sam_rho0.1_112125_19:29:23.ckpt
--- Round 159 of 10000: Training 5 Clients ---
Selected clients: ['70', '0', '3', '99', '94']
--- Updating central model ---
Checkpoint saved in path: checkpoints/cifar10/alpha0.5_K5_N10000_cnn_E1_clr0.01_fedopt_sgd_slr1.0_sam_rho0.1_112125_19:29:23.ckpt
--- Round 160 of 10000: Training 5 Clients ---
Selected clients: ['2', '88', '38', '15', '58']
--- Updating central model ---
Checkpoint saved in path: checkpoints/cifar10/alpha0.5_K5_N10000_cnn_E1_clr0.01_fedopt_sgd_slr1.0_sam_rho0.1_112125_19:29:23.ckpt
--- Round 161 of 10000: Training 5 Clients ---
Selected clients: ['21', '27', '59', '4', '71']
--- Updating central model ---
Checkpoint saved in path: checkpoints/cifar10/alpha0.5_K5_N10000_cnn_E1_clr0.01_fedopt_sgd_slr1.0_sam_rho0.1_112125_19:29:23.ckpt
--- Round 162 of 10000: Training 5 Clients ---
Selected clients: ['51', '34', '86', '63', '25']
--- Updating central model ---
Checkpoint saved in path: checkpoints/cifar10/alpha0.5_K5_N10000_cnn_E1_clr0.01_fedopt_sgd_slr1.0_sam_rho0.1_112125_19:29:23.ckpt
--- Round 163 of 10000: Training 5 Clients ---
Selected clients: ['17', '80', '61', '63', '31']
--- Updating central model ---
Checkpoint saved in path: checkpoints/cifar10/alpha0.5_K5_N10000_cnn_E1_clr0.01_fedopt_sgd_slr1.0_sam_rho0.1_112125_19:29:23.ckpt
--- Round 164 of 10000: Training 5 Clients ---
Selected clients: ['53', '96', '41', '56', '50']
--- Updating central model ---
Checkpoint saved in path: checkpoints/cifar10/alpha0.5_K5_N10000_cnn_E1_clr0.01_fedopt_sgd_slr1.0_sam_rho0.1_112125_19:29:23.ckpt
--- Round 165 of 10000: Training 5 Clients ---
Selected clients: ['71', '68', '90', '49', '97']
--- Updating central model ---
Checkpoint saved in path: checkpoints/cifar10/alpha0.5_K5_N10000_cnn_E1_clr0.01_fedopt_sgd_slr1.0_sam_rho0.1_112125_19:29:23.ckpt
--- Round 166 of 10000: Training 5 Clients ---
Selected clients: ['20', '24', '95', '47', '49']
--- Updating central model ---
Checkpoint saved in path: checkpoints/cifar10/alpha0.5_K5_N10000_cnn_E1_clr0.01_fedopt_sgd_slr1.0_sam_rho0.1_112125_19:29:23.ckpt
--- Round 167 of 10000: Training 5 Clients ---
Selected clients: ['57', '8', '70', '43', '46']
--- Updating central model ---
Checkpoint saved in path: checkpoints/cifar10/alpha0.5_K5_N10000_cnn_E1_clr0.01_fedopt_sgd_slr1.0_sam_rho0.1_112125_19:29:23.ckpt
--- Round 168 of 10000: Training 5 Clients ---
Selected clients: ['80', '32', '96', '54', '94']
--- Updating central model ---
Checkpoint saved in path: checkpoints/cifar10/alpha0.5_K5_N10000_cnn_E1_clr0.01_fedopt_sgd_slr1.0_sam_rho0.1_112125_19:29:23.ckpt
--- Round 169 of 10000: Training 5 Clients ---
Selected clients: ['14', '30', '19', '33', '55']
--- Updating central model ---
Checkpoint saved in path: checkpoints/cifar10/alpha0.5_K5_N10000_cnn_E1_clr0.01_fedopt_sgd_slr1.0_sam_rho0.1_112125_19:29:23.ckpt
--- Round 170 of 10000: Training 5 Clients ---
Selected clients: ['72', '21', '28', '16', '49']
--- Updating central model ---
Checkpoint saved in path: checkpoints/cifar10/alpha0.5_K5_N10000_cnn_E1_clr0.01_fedopt_sgd_slr1.0_sam_rho0.1_112125_19:29:23.ckpt
--- Round 171 of 10000: Training 5 Clients ---
Selected clients: ['56', '8', '75', '67', '95']
--- Updating central model ---
Checkpoint saved in path: checkpoints/cifar10/alpha0.5_K5_N10000_cnn_E1_clr0.01_fedopt_sgd_slr1.0_sam_rho0.1_112125_19:29:23.ckpt
--- Round 172 of 10000: Training 5 Clients ---
Selected clients: ['80', '69', '5', '2', '65']
--- Updating central model ---
Checkpoint saved in path: checkpoints/cifar10/alpha0.5_K5_N10000_cnn_E1_clr0.01_fedopt_sgd_slr1.0_sam_rho0.1_112125_19:29:23.ckpt
--- Round 173 of 10000: Training 5 Clients ---
Selected clients: ['43', '60', '31', '94', '57']
--- Updating central model ---
Checkpoint saved in path: checkpoints/cifar10/alpha0.5_K5_N10000_cnn_E1_clr0.01_fedopt_sgd_slr1.0_sam_rho0.1_112125_19:29:23.ckpt
--- Round 174 of 10000: Training 5 Clients ---
Selected clients: ['92', '74', '86', '73', '7']
--- Updating central model ---
Checkpoint saved in path: checkpoints/cifar10/alpha0.5_K5_N10000_cnn_E1_clr0.01_fedopt_sgd_slr1.0_sam_rho0.1_112125_19:29:23.ckpt
--- Round 175 of 10000: Training 5 Clients ---
Selected clients: ['33', '61', '88', '84', '80']
--- Updating central model ---
Checkpoint saved in path: checkpoints/cifar10/alpha0.5_K5_N10000_cnn_E1_clr0.01_fedopt_sgd_slr1.0_sam_rho0.1_112125_19:29:23.ckpt
--- Round 176 of 10000: Training 5 Clients ---
Selected clients: ['24', '59', '5', '48', '97']
--- Updating central model ---
Checkpoint saved in path: checkpoints/cifar10/alpha0.5_K5_N10000_cnn_E1_clr0.01_fedopt_sgd_slr1.0_sam_rho0.1_112125_19:29:23.ckpt
--- Round 177 of 10000: Training 5 Clients ---
Selected clients: ['45', '64', '60', '88', '29']
--- Updating central model ---
Checkpoint saved in path: checkpoints/cifar10/alpha0.5_K5_N10000_cnn_E1_clr0.01_fedopt_sgd_slr1.0_sam_rho0.1_112125_19:29:23.ckpt
--- Round 178 of 10000: Training 5 Clients ---
Selected clients: ['72', '84', '9', '22', '74']
--- Updating central model ---
Checkpoint saved in path: checkpoints/cifar10/alpha0.5_K5_N10000_cnn_E1_clr0.01_fedopt_sgd_slr1.0_sam_rho0.1_112125_19:29:23.ckpt
--- Round 179 of 10000: Training 5 Clients ---
Selected clients: ['50', '62', '2', '23', '1']
--- Updating central model ---
Checkpoint saved in path: checkpoints/cifar10/alpha0.5_K5_N10000_cnn_E1_clr0.01_fedopt_sgd_slr1.0_sam_rho0.1_112125_19:29:23.ckpt
--- Round 180 of 10000: Training 5 Clients ---
Selected clients: ['92', '50', '4', '82', '96']
--- Updating central model ---
Checkpoint saved in path: checkpoints/cifar10/alpha0.5_K5_N10000_cnn_E1_clr0.01_fedopt_sgd_slr1.0_sam_rho0.1_112125_19:29:23.ckpt
--- Round 181 of 10000: Training 5 Clients ---
Selected clients: ['48', '51', '59', '35', '58']
--- Updating central model ---
Checkpoint saved in path: checkpoints/cifar10/alpha0.5_K5_N10000_cnn_E1_clr0.01_fedopt_sgd_slr1.0_sam_rho0.1_112125_19:29:23.ckpt
--- Round 182 of 10000: Training 5 Clients ---
Selected clients: ['2', '88', '96', '81', '27']
--- Updating central model ---
Checkpoint saved in path: checkpoints/cifar10/alpha0.5_K5_N10000_cnn_E1_clr0.01_fedopt_sgd_slr1.0_sam_rho0.1_112125_19:29:23.ckpt
--- Round 183 of 10000: Training 5 Clients ---
Selected clients: ['74', '28', '11', '76', '25']
--- Updating central model ---
Checkpoint saved in path: checkpoints/cifar10/alpha0.5_K5_N10000_cnn_E1_clr0.01_fedopt_sgd_slr1.0_sam_rho0.1_112125_19:29:23.ckpt
--- Round 184 of 10000: Training 5 Clients ---
Selected clients: ['3', '75', '21', '24', '85']
--- Updating central model ---
Checkpoint saved in path: checkpoints/cifar10/alpha0.5_K5_N10000_cnn_E1_clr0.01_fedopt_sgd_slr1.0_sam_rho0.1_112125_19:29:23.ckpt
--- Round 185 of 10000: Training 5 Clients ---
Selected clients: ['68', '77', '14', '12', '90']
--- Updating central model ---
Checkpoint saved in path: checkpoints/cifar10/alpha0.5_K5_N10000_cnn_E1_clr0.01_fedopt_sgd_slr1.0_sam_rho0.1_112125_19:29:23.ckpt
--- Round 186 of 10000: Training 5 Clients ---
Selected clients: ['52', '66', '50', '7', '73']
--- Updating central model ---
Checkpoint saved in path: checkpoints/cifar10/alpha0.5_K5_N10000_cnn_E1_clr0.01_fedopt_sgd_slr1.0_sam_rho0.1_112125_19:29:23.ckpt
--- Round 187 of 10000: Training 5 Clients ---
Selected clients: ['67', '12', '77', '86', '72']
--- Updating central model ---
Checkpoint saved in path: checkpoints/cifar10/alpha0.5_K5_N10000_cnn_E1_clr0.01_fedopt_sgd_slr1.0_sam_rho0.1_112125_19:29:23.ckpt
--- Round 188 of 10000: Training 5 Clients ---
Selected clients: ['54', '79', '20', '93', '72']
--- Updating central model ---
Checkpoint saved in path: checkpoints/cifar10/alpha0.5_K5_N10000_cnn_E1_clr0.01_fedopt_sgd_slr1.0_sam_rho0.1_112125_19:29:23.ckpt
--- Round 189 of 10000: Training 5 Clients ---
Selected clients: ['66', '54', '2', '38', '82']
--- Updating central model ---
Checkpoint saved in path: checkpoints/cifar10/alpha0.5_K5_N10000_cnn_E1_clr0.01_fedopt_sgd_slr1.0_sam_rho0.1_112125_19:29:23.ckpt
--- Round 190 of 10000: Training 5 Clients ---
Selected clients: ['94', '50', '28', '30', '96']
--- Updating central model ---
Checkpoint saved in path: checkpoints/cifar10/alpha0.5_K5_N10000_cnn_E1_clr0.01_fedopt_sgd_slr1.0_sam_rho0.1_112125_19:29:23.ckpt
--- Round 191 of 10000: Training 5 Clients ---
Selected clients: ['91', '12', '65', '34', '15']
--- Updating central model ---
Checkpoint saved in path: checkpoints/cifar10/alpha0.5_K5_N10000_cnn_E1_clr0.01_fedopt_sgd_slr1.0_sam_rho0.1_112125_19:29:23.ckpt
--- Round 192 of 10000: Training 5 Clients ---
Selected clients: ['84', '70', '5', '27', '47']
--- Updating central model ---
Checkpoint saved in path: checkpoints/cifar10/alpha0.5_K5_N10000_cnn_E1_clr0.01_fedopt_sgd_slr1.0_sam_rho0.1_112125_19:29:23.ckpt
--- Round 193 of 10000: Training 5 Clients ---
Selected clients: ['12', '52', '49', '10', '88']
--- Updating central model ---
Checkpoint saved in path: checkpoints/cifar10/alpha0.5_K5_N10000_cnn_E1_clr0.01_fedopt_sgd_slr1.0_sam_rho0.1_112125_19:29:23.ckpt
--- Round 194 of 10000: Training 5 Clients ---
Selected clients: ['68', '67', '84', '34', '79']
--- Updating central model ---
Checkpoint saved in path: checkpoints/cifar10/alpha0.5_K5_N10000_cnn_E1_clr0.01_fedopt_sgd_slr1.0_sam_rho0.1_112125_19:29:23.ckpt
--- Round 195 of 10000: Training 5 Clients ---
Selected clients: ['65', '58', '23', '28', '32']
--- Updating central model ---
Checkpoint saved in path: checkpoints/cifar10/alpha0.5_K5_N10000_cnn_E1_clr0.01_fedopt_sgd_slr1.0_sam_rho0.1_112125_19:29:23.ckpt
--- Round 196 of 10000: Training 5 Clients ---
Selected clients: ['0', '24', '67', '29', '77']
--- Updating central model ---
Checkpoint saved in path: checkpoints/cifar10/alpha0.5_K5_N10000_cnn_E1_clr0.01_fedopt_sgd_slr1.0_sam_rho0.1_112125_19:29:23.ckpt
--- Round 197 of 10000: Training 5 Clients ---
Selected clients: ['12', '44', '68', '77', '24']
--- Updating central model ---
Checkpoint saved in path: checkpoints/cifar10/alpha0.5_K5_N10000_cnn_E1_clr0.01_fedopt_sgd_slr1.0_sam_rho0.1_112125_19:29:23.ckpt
--- Round 198 of 10000: Training 5 Clients ---
Selected clients: ['75', '4', '83', '41', '11']
--- Updating central model ---
Checkpoint saved in path: checkpoints/cifar10/alpha0.5_K5_N10000_cnn_E1_clr0.01_fedopt_sgd_slr1.0_sam_rho0.1_112125_19:29:23.ckpt
--- Round 199 of 10000: Training 5 Clients ---
Selected clients: ['24', '81', '39', '59', '74']
--- Updating central model ---
Checkpoint saved in path: checkpoints/cifar10/alpha0.5_K5_N10000_cnn_E1_clr0.01_fedopt_sgd_slr1.0_sam_rho0.1_112125_19:29:23.ckpt
--- Round 200 of 10000: Training 5 Clients ---
Selected clients: ['80', '98', '25', '37', '78']
--- Updating central model ---
train_accuracy: 12.8829, 10th percentile: 1.38898, 50th percentile: 9.26069, 90th percentile 25.9506
train_loss: 2.29105, 10th percentile: 2.27027, 50th percentile: 2.29591, 90th percentile 2.31401
test_accuracy: 13.73, 10th percentile: 13.73, 50th percentile: 13.73, 90th percentile 13.73
test_loss: 2.29053, 10th percentile: 2.29053, 50th percentile: 2.29053, 90th percentile 2.29053
Checkpoint saved in path: checkpoints/cifar10/alpha0.5_K5_N10000_cnn_E1_clr0.01_fedopt_sgd_slr1.0_sam_rho0.1_112125_19:29:23.ckpt
--- Round 201 of 10000: Training 5 Clients ---
Selected clients: ['43', '57', '90', '88', '33']
--- Updating central model ---
Checkpoint saved in path: checkpoints/cifar10/alpha0.5_K5_N10000_cnn_E1_clr0.01_fedopt_sgd_slr1.0_sam_rho0.1_112125_19:29:23.ckpt
--- Round 202 of 10000: Training 5 Clients ---
Selected clients: ['30', '82', '58', '22', '62']
--- Updating central model ---
Checkpoint saved in path: checkpoints/cifar10/alpha0.5_K5_N10000_cnn_E1_clr0.01_fedopt_sgd_slr1.0_sam_rho0.1_112125_19:29:23.ckpt
--- Round 203 of 10000: Training 5 Clients ---
Selected clients: ['33', '4', '48', '21', '61']
--- Updating central model ---
Checkpoint saved in path: checkpoints/cifar10/alpha0.5_K5_N10000_cnn_E1_clr0.01_fedopt_sgd_slr1.0_sam_rho0.1_112125_19:29:23.ckpt
--- Round 204 of 10000: Training 5 Clients ---
Selected clients: ['46', '67', '68', '63', '89']
--- Updating central model ---
Checkpoint saved in path: checkpoints/cifar10/alpha0.5_K5_N10000_cnn_E1_clr0.01_fedopt_sgd_slr1.0_sam_rho0.1_112125_19:29:23.ckpt
--- Round 205 of 10000: Training 5 Clients ---
Selected clients: ['93', '40', '63', '75', '4']
--- Updating central model ---
Checkpoint saved in path: checkpoints/cifar10/alpha0.5_K5_N10000_cnn_E1_clr0.01_fedopt_sgd_slr1.0_sam_rho0.1_112125_19:29:23.ckpt
--- Round 206 of 10000: Training 5 Clients ---
Selected clients: ['46', '78', '73', '76', '93']
--- Updating central model ---
Checkpoint saved in path: checkpoints/cifar10/alpha0.5_K5_N10000_cnn_E1_clr0.01_fedopt_sgd_slr1.0_sam_rho0.1_112125_19:29:23.ckpt
--- Round 207 of 10000: Training 5 Clients ---
Selected clients: ['95', '4', '2', '61', '9']
--- Updating central model ---
Checkpoint saved in path: checkpoints/cifar10/alpha0.5_K5_N10000_cnn_E1_clr0.01_fedopt_sgd_slr1.0_sam_rho0.1_112125_19:29:23.ckpt
--- Round 208 of 10000: Training 5 Clients ---
Selected clients: ['38', '92', '9', '96', '41']
--- Updating central model ---
Checkpoint saved in path: checkpoints/cifar10/alpha0.5_K5_N10000_cnn_E1_clr0.01_fedopt_sgd_slr1.0_sam_rho0.1_112125_19:29:23.ckpt
--- Round 209 of 10000: Training 5 Clients ---
Selected clients: ['97', '23', '17', '53', '91']
--- Updating central model ---
Checkpoint saved in path: checkpoints/cifar10/alpha0.5_K5_N10000_cnn_E1_clr0.01_fedopt_sgd_slr1.0_sam_rho0.1_112125_19:29:23.ckpt
--- Round 210 of 10000: Training 5 Clients ---
Selected clients: ['33', '56', '74', '78', '3']
--- Updating central model ---
Checkpoint saved in path: checkpoints/cifar10/alpha0.5_K5_N10000_cnn_E1_clr0.01_fedopt_sgd_slr1.0_sam_rho0.1_112125_19:29:23.ckpt
--- Round 211 of 10000: Training 5 Clients ---
Selected clients: ['59', '81', '53', '38', '72']
--- Updating central model ---
Checkpoint saved in path: checkpoints/cifar10/alpha0.5_K5_N10000_cnn_E1_clr0.01_fedopt_sgd_slr1.0_sam_rho0.1_112125_19:29:23.ckpt
--- Round 212 of 10000: Training 5 Clients ---
Selected clients: ['99', '79', '17', '39', '43']
--- Updating central model ---
Checkpoint saved in path: checkpoints/cifar10/alpha0.5_K5_N10000_cnn_E1_clr0.01_fedopt_sgd_slr1.0_sam_rho0.1_112125_19:29:23.ckpt
--- Round 213 of 10000: Training 5 Clients ---
Selected clients: ['83', '7', '63', '4', '70']
--- Updating central model ---
Checkpoint saved in path: checkpoints/cifar10/alpha0.5_K5_N10000_cnn_E1_clr0.01_fedopt_sgd_slr1.0_sam_rho0.1_112125_19:29:23.ckpt
--- Round 214 of 10000: Training 5 Clients ---
Selected clients: ['20', '56', '91', '36', '22']
--- Updating central model ---
Checkpoint saved in path: checkpoints/cifar10/alpha0.5_K5_N10000_cnn_E1_clr0.01_fedopt_sgd_slr1.0_sam_rho0.1_112125_19:29:23.ckpt
--- Round 215 of 10000: Training 5 Clients ---
Selected clients: ['68', '30', '87', '10', '47']
--- Updating central model ---
Checkpoint saved in path: checkpoints/cifar10/alpha0.5_K5_N10000_cnn_E1_clr0.01_fedopt_sgd_slr1.0_sam_rho0.1_112125_19:29:23.ckpt
--- Round 216 of 10000: Training 5 Clients ---
Selected clients: ['50', '14', '57', '74', '55']
--- Updating central model ---
Checkpoint saved in path: checkpoints/cifar10/alpha0.5_K5_N10000_cnn_E1_clr0.01_fedopt_sgd_slr1.0_sam_rho0.1_112125_19:29:23.ckpt
--- Round 217 of 10000: Training 5 Clients ---
Selected clients: ['67', '41', '70', '97', '32']
--- Updating central model ---
Checkpoint saved in path: checkpoints/cifar10/alpha0.5_K5_N10000_cnn_E1_clr0.01_fedopt_sgd_slr1.0_sam_rho0.1_112125_19:29:23.ckpt
--- Round 218 of 10000: Training 5 Clients ---
Selected clients: ['70', '63', '94', '22', '19']
--- Updating central model ---
Checkpoint saved in path: checkpoints/cifar10/alpha0.5_K5_N10000_cnn_E1_clr0.01_fedopt_sgd_slr1.0_sam_rho0.1_112125_19:29:23.ckpt
--- Round 219 of 10000: Training 5 Clients ---
Selected clients: ['93', '29', '13', '82', '31']
--- Updating central model ---
Checkpoint saved in path: checkpoints/cifar10/alpha0.5_K5_N10000_cnn_E1_clr0.01_fedopt_sgd_slr1.0_sam_rho0.1_112125_19:29:23.ckpt
--- Round 220 of 10000: Training 5 Clients ---
Selected clients: ['48', '8', '21', '47', '22']
--- Updating central model ---
Checkpoint saved in path: checkpoints/cifar10/alpha0.5_K5_N10000_cnn_E1_clr0.01_fedopt_sgd_slr1.0_sam_rho0.1_112125_19:29:23.ckpt
--- Round 221 of 10000: Training 5 Clients ---
Selected clients: ['89', '15', '72', '28', '85']
--- Updating central model ---
Checkpoint saved in path: checkpoints/cifar10/alpha0.5_K5_N10000_cnn_E1_clr0.01_fedopt_sgd_slr1.0_sam_rho0.1_112125_19:29:23.ckpt
--- Round 222 of 10000: Training 5 Clients ---
Selected clients: ['62', '74', '10', '12', '41']
--- Updating central model ---
Checkpoint saved in path: checkpoints/cifar10/alpha0.5_K5_N10000_cnn_E1_clr0.01_fedopt_sgd_slr1.0_sam_rho0.1_112125_19:29:23.ckpt
--- Round 223 of 10000: Training 5 Clients ---
Selected clients: ['77', '41', '42', '9', '69']
--- Updating central model ---
Checkpoint saved in path: checkpoints/cifar10/alpha0.5_K5_N10000_cnn_E1_clr0.01_fedopt_sgd_slr1.0_sam_rho0.1_112125_19:29:23.ckpt
--- Round 224 of 10000: Training 5 Clients ---
Selected clients: ['66', '76', '87', '71', '59']
--- Updating central model ---
Checkpoint saved in path: checkpoints/cifar10/alpha0.5_K5_N10000_cnn_E1_clr0.01_fedopt_sgd_slr1.0_sam_rho0.1_112125_19:29:23.ckpt
--- Round 225 of 10000: Training 5 Clients ---
Selected clients: ['79', '14', '41', '95', '48']
--- Updating central model ---
Checkpoint saved in path: checkpoints/cifar10/alpha0.5_K5_N10000_cnn_E1_clr0.01_fedopt_sgd_slr1.0_sam_rho0.1_112125_19:29:23.ckpt
--- Round 226 of 10000: Training 5 Clients ---
Selected clients: ['28', '13', '59', '14', '7']
--- Updating central model ---
Checkpoint saved in path: checkpoints/cifar10/alpha0.5_K5_N10000_cnn_E1_clr0.01_fedopt_sgd_slr1.0_sam_rho0.1_112125_19:29:23.ckpt
--- Round 227 of 10000: Training 5 Clients ---
Selected clients: ['59', '87', '74', '85', '64']
--- Updating central model ---
Checkpoint saved in path: checkpoints/cifar10/alpha0.5_K5_N10000_cnn_E1_clr0.01_fedopt_sgd_slr1.0_sam_rho0.1_112125_19:29:23.ckpt
--- Round 228 of 10000: Training 5 Clients ---
Selected clients: ['45', '19', '29', '39', '28']
--- Updating central model ---
Checkpoint saved in path: checkpoints/cifar10/alpha0.5_K5_N10000_cnn_E1_clr0.01_fedopt_sgd_slr1.0_sam_rho0.1_112125_19:29:23.ckpt
--- Round 229 of 10000: Training 5 Clients ---
Selected clients: ['3', '76', '80', '42', '17']
--- Updating central model ---
Checkpoint saved in path: checkpoints/cifar10/alpha0.5_K5_N10000_cnn_E1_clr0.01_fedopt_sgd_slr1.0_sam_rho0.1_112125_19:29:23.ckpt
--- Round 230 of 10000: Training 5 Clients ---
Selected clients: ['12', '80', '0', '64', '69']
--- Updating central model ---
Checkpoint saved in path: checkpoints/cifar10/alpha0.5_K5_N10000_cnn_E1_clr0.01_fedopt_sgd_slr1.0_sam_rho0.1_112125_19:29:23.ckpt
--- Round 231 of 10000: Training 5 Clients ---
Selected clients: ['11', '36', '59', '56', '94']
--- Updating central model ---
Checkpoint saved in path: checkpoints/cifar10/alpha0.5_K5_N10000_cnn_E1_clr0.01_fedopt_sgd_slr1.0_sam_rho0.1_112125_19:29:23.ckpt
--- Round 232 of 10000: Training 5 Clients ---
Selected clients: ['23', '92', '14', '37', '95']
--- Updating central model ---
Checkpoint saved in path: checkpoints/cifar10/alpha0.5_K5_N10000_cnn_E1_clr0.01_fedopt_sgd_slr1.0_sam_rho0.1_112125_19:29:23.ckpt
--- Round 233 of 10000: Training 5 Clients ---
Selected clients: ['57', '76', '55', '0', '89']
--- Updating central model ---
Checkpoint saved in path: checkpoints/cifar10/alpha0.5_K5_N10000_cnn_E1_clr0.01_fedopt_sgd_slr1.0_sam_rho0.1_112125_19:29:23.ckpt
--- Round 234 of 10000: Training 5 Clients ---
Selected clients: ['8', '63', '86', '22', '16']
--- Updating central model ---
Checkpoint saved in path: checkpoints/cifar10/alpha0.5_K5_N10000_cnn_E1_clr0.01_fedopt_sgd_slr1.0_sam_rho0.1_112125_19:29:23.ckpt
--- Round 235 of 10000: Training 5 Clients ---
Selected clients: ['14', '61', '80', '39', '17']
--- Updating central model ---
Checkpoint saved in path: checkpoints/cifar10/alpha0.5_K5_N10000_cnn_E1_clr0.01_fedopt_sgd_slr1.0_sam_rho0.1_112125_19:29:23.ckpt
--- Round 236 of 10000: Training 5 Clients ---
Selected clients: ['72', '86', '26', '1', '22']
--- Updating central model ---
Checkpoint saved in path: checkpoints/cifar10/alpha0.5_K5_N10000_cnn_E1_clr0.01_fedopt_sgd_slr1.0_sam_rho0.1_112125_19:29:23.ckpt
--- Round 237 of 10000: Training 5 Clients ---
Selected clients: ['80', '34', '52', '89', '27']
--- Updating central model ---
Checkpoint saved in path: checkpoints/cifar10/alpha0.5_K5_N10000_cnn_E1_clr0.01_fedopt_sgd_slr1.0_sam_rho0.1_112125_19:29:23.ckpt
--- Round 238 of 10000: Training 5 Clients ---
Selected clients: ['27', '43', '76', '46', '4']
--- Updating central model ---
Checkpoint saved in path: checkpoints/cifar10/alpha0.5_K5_N10000_cnn_E1_clr0.01_fedopt_sgd_slr1.0_sam_rho0.1_112125_19:29:23.ckpt
--- Round 239 of 10000: Training 5 Clients ---
Selected clients: ['96', '85', '68', '32', '23']
--- Updating central model ---
Checkpoint saved in path: checkpoints/cifar10/alpha0.5_K5_N10000_cnn_E1_clr0.01_fedopt_sgd_slr1.0_sam_rho0.1_112125_19:29:23.ckpt
--- Round 240 of 10000: Training 5 Clients ---
Selected clients: ['42', '65', '87', '11', '51']
--- Updating central model ---
Checkpoint saved in path: checkpoints/cifar10/alpha0.5_K5_N10000_cnn_E1_clr0.01_fedopt_sgd_slr1.0_sam_rho0.1_112125_19:29:23.ckpt
--- Round 241 of 10000: Training 5 Clients ---
Selected clients: ['47', '56', '52', '46', '50']
--- Updating central model ---
Checkpoint saved in path: checkpoints/cifar10/alpha0.5_K5_N10000_cnn_E1_clr0.01_fedopt_sgd_slr1.0_sam_rho0.1_112125_19:29:23.ckpt
--- Round 242 of 10000: Training 5 Clients ---
Selected clients: ['39', '44', '64', '40', '95']
--- Updating central model ---
Checkpoint saved in path: checkpoints/cifar10/alpha0.5_K5_N10000_cnn_E1_clr0.01_fedopt_sgd_slr1.0_sam_rho0.1_112125_19:29:23.ckpt
--- Round 243 of 10000: Training 5 Clients ---
Selected clients: ['77', '93', '55', '12', '29']
--- Updating central model ---
Checkpoint saved in path: checkpoints/cifar10/alpha0.5_K5_N10000_cnn_E1_clr0.01_fedopt_sgd_slr1.0_sam_rho0.1_112125_19:29:23.ckpt
--- Round 244 of 10000: Training 5 Clients ---
Selected clients: ['72', '47', '49', '96', '4']
--- Updating central model ---
Checkpoint saved in path: checkpoints/cifar10/alpha0.5_K5_N10000_cnn_E1_clr0.01_fedopt_sgd_slr1.0_sam_rho0.1_112125_19:29:23.ckpt
--- Round 245 of 10000: Training 5 Clients ---
Selected clients: ['91', '16', '18', '81', '97']
--- Updating central model ---
Checkpoint saved in path: checkpoints/cifar10/alpha0.5_K5_N10000_cnn_E1_clr0.01_fedopt_sgd_slr1.0_sam_rho0.1_112125_19:29:23.ckpt
--- Round 246 of 10000: Training 5 Clients ---
Selected clients: ['89', '35', '78', '5', '85']
--- Updating central model ---
Checkpoint saved in path: checkpoints/cifar10/alpha0.5_K5_N10000_cnn_E1_clr0.01_fedopt_sgd_slr1.0_sam_rho0.1_112125_19:29:23.ckpt
--- Round 247 of 10000: Training 5 Clients ---
Selected clients: ['93', '55', '4', '23', '91']
--- Updating central model ---
Checkpoint saved in path: checkpoints/cifar10/alpha0.5_K5_N10000_cnn_E1_clr0.01_fedopt_sgd_slr1.0_sam_rho0.1_112125_19:29:23.ckpt
--- Round 248 of 10000: Training 5 Clients ---
Selected clients: ['13', '31', '55', '88', '79']
--- Updating central model ---
Checkpoint saved in path: checkpoints/cifar10/alpha0.5_K5_N10000_cnn_E1_clr0.01_fedopt_sgd_slr1.0_sam_rho0.1_112125_19:29:23.ckpt
--- Round 249 of 10000: Training 5 Clients ---
Selected clients: ['58', '44', '53', '39', '23']
--- Updating central model ---
Checkpoint saved in path: checkpoints/cifar10/alpha0.5_K5_N10000_cnn_E1_clr0.01_fedopt_sgd_slr1.0_sam_rho0.1_112125_19:29:23.ckpt
--- Round 250 of 10000: Training 5 Clients ---
Selected clients: ['5', '39', '20', '0', '49']
--- Updating central model ---
Checkpoint saved in path: checkpoints/cifar10/alpha0.5_K5_N10000_cnn_E1_clr0.01_fedopt_sgd_slr1.0_sam_rho0.1_112125_19:29:23.ckpt
--- Round 251 of 10000: Training 5 Clients ---
Selected clients: ['12', '82', '56', '28', '31']
--- Updating central model ---
Checkpoint saved in path: checkpoints/cifar10/alpha0.5_K5_N10000_cnn_E1_clr0.01_fedopt_sgd_slr1.0_sam_rho0.1_112125_19:29:23.ckpt
--- Round 252 of 10000: Training 5 Clients ---
Selected clients: ['18', '36', '21', '27', '15']
--- Updating central model ---
Checkpoint saved in path: checkpoints/cifar10/alpha0.5_K5_N10000_cnn_E1_clr0.01_fedopt_sgd_slr1.0_sam_rho0.1_112125_19:29:23.ckpt
--- Round 253 of 10000: Training 5 Clients ---
Selected clients: ['30', '97', '89', '73', '85']
--- Updating central model ---
Checkpoint saved in path: checkpoints/cifar10/alpha0.5_K5_N10000_cnn_E1_clr0.01_fedopt_sgd_slr1.0_sam_rho0.1_112125_19:29:23.ckpt
--- Round 254 of 10000: Training 5 Clients ---
Selected clients: ['95', '66', '44', '81', '99']
--- Updating central model ---
Checkpoint saved in path: checkpoints/cifar10/alpha0.5_K5_N10000_cnn_E1_clr0.01_fedopt_sgd_slr1.0_sam_rho0.1_112125_19:29:23.ckpt
--- Round 255 of 10000: Training 5 Clients ---
Selected clients: ['54', '17', '14', '27', '85']
--- Updating central model ---
Checkpoint saved in path: checkpoints/cifar10/alpha0.5_K5_N10000_cnn_E1_clr0.01_fedopt_sgd_slr1.0_sam_rho0.1_112125_19:29:23.ckpt
--- Round 256 of 10000: Training 5 Clients ---
Selected clients: ['67', '76', '64', '59', '47']
--- Updating central model ---
Checkpoint saved in path: checkpoints/cifar10/alpha0.5_K5_N10000_cnn_E1_clr0.01_fedopt_sgd_slr1.0_sam_rho0.1_112125_19:29:23.ckpt
--- Round 257 of 10000: Training 5 Clients ---
Selected clients: ['65', '35', '25', '69', '96']
--- Updating central model ---
Checkpoint saved in path: checkpoints/cifar10/alpha0.5_K5_N10000_cnn_E1_clr0.01_fedopt_sgd_slr1.0_sam_rho0.1_112125_19:29:23.ckpt
--- Round 258 of 10000: Training 5 Clients ---
Selected clients: ['57', '97', '98', '4', '36']
--- Updating central model ---
Checkpoint saved in path: checkpoints/cifar10/alpha0.5_K5_N10000_cnn_E1_clr0.01_fedopt_sgd_slr1.0_sam_rho0.1_112125_19:29:23.ckpt
--- Round 259 of 10000: Training 5 Clients ---
Selected clients: ['84', '21', '75', '27', '81']
--- Updating central model ---
Checkpoint saved in path: checkpoints/cifar10/alpha0.5_K5_N10000_cnn_E1_clr0.01_fedopt_sgd_slr1.0_sam_rho0.1_112125_19:29:23.ckpt
--- Round 260 of 10000: Training 5 Clients ---
Selected clients: ['23', '73', '88', '19', '30']
--- Updating central model ---
Checkpoint saved in path: checkpoints/cifar10/alpha0.5_K5_N10000_cnn_E1_clr0.01_fedopt_sgd_slr1.0_sam_rho0.1_112125_19:29:23.ckpt
--- Round 261 of 10000: Training 5 Clients ---
Selected clients: ['67', '28', '96', '30', '88']
--- Updating central model ---
Checkpoint saved in path: checkpoints/cifar10/alpha0.5_K5_N10000_cnn_E1_clr0.01_fedopt_sgd_slr1.0_sam_rho0.1_112125_19:29:23.ckpt
--- Round 262 of 10000: Training 5 Clients ---
Selected clients: ['36', '71', '27', '97', '63']
--- Updating central model ---
Checkpoint saved in path: checkpoints/cifar10/alpha0.5_K5_N10000_cnn_E1_clr0.01_fedopt_sgd_slr1.0_sam_rho0.1_112125_19:29:23.ckpt
--- Round 263 of 10000: Training 5 Clients ---
Selected clients: ['68', '67', '35', '13', '75']
--- Updating central model ---
Checkpoint saved in path: checkpoints/cifar10/alpha0.5_K5_N10000_cnn_E1_clr0.01_fedopt_sgd_slr1.0_sam_rho0.1_112125_19:29:23.ckpt
--- Round 264 of 10000: Training 5 Clients ---
Selected clients: ['75', '29', '43', '39', '56']
--- Updating central model ---
Checkpoint saved in path: checkpoints/cifar10/alpha0.5_K5_N10000_cnn_E1_clr0.01_fedopt_sgd_slr1.0_sam_rho0.1_112125_19:29:23.ckpt
--- Round 265 of 10000: Training 5 Clients ---
Selected clients: ['45', '17', '18', '48', '89']
--- Updating central model ---
Checkpoint saved in path: checkpoints/cifar10/alpha0.5_K5_N10000_cnn_E1_clr0.01_fedopt_sgd_slr1.0_sam_rho0.1_112125_19:29:23.ckpt
--- Round 266 of 10000: Training 5 Clients ---
Selected clients: ['0', '44', '98', '80', '72']
--- Updating central model ---
Checkpoint saved in path: checkpoints/cifar10/alpha0.5_K5_N10000_cnn_E1_clr0.01_fedopt_sgd_slr1.0_sam_rho0.1_112125_19:29:23.ckpt
--- Round 267 of 10000: Training 5 Clients ---
Selected clients: ['42', '54', '84', '53', '78']
--- Updating central model ---
Checkpoint saved in path: checkpoints/cifar10/alpha0.5_K5_N10000_cnn_E1_clr0.01_fedopt_sgd_slr1.0_sam_rho0.1_112125_19:29:23.ckpt
--- Round 268 of 10000: Training 5 Clients ---
Selected clients: ['31', '65', '95', '16', '97']
--- Updating central model ---
Checkpoint saved in path: checkpoints/cifar10/alpha0.5_K5_N10000_cnn_E1_clr0.01_fedopt_sgd_slr1.0_sam_rho0.1_112125_19:29:23.ckpt
--- Round 269 of 10000: Training 5 Clients ---
Selected clients: ['12', '15', '3', '47', '76']
--- Updating central model ---
Checkpoint saved in path: checkpoints/cifar10/alpha0.5_K5_N10000_cnn_E1_clr0.01_fedopt_sgd_slr1.0_sam_rho0.1_112125_19:29:23.ckpt
--- Round 270 of 10000: Training 5 Clients ---
Selected clients: ['8', '35', '39', '32', '99']
--- Updating central model ---
Checkpoint saved in path: checkpoints/cifar10/alpha0.5_K5_N10000_cnn_E1_clr0.01_fedopt_sgd_slr1.0_sam_rho0.1_112125_19:29:23.ckpt
--- Round 271 of 10000: Training 5 Clients ---
Selected clients: ['21', '53', '59', '86', '72']
--- Updating central model ---
Checkpoint saved in path: checkpoints/cifar10/alpha0.5_K5_N10000_cnn_E1_clr0.01_fedopt_sgd_slr1.0_sam_rho0.1_112125_19:29:23.ckpt
--- Round 272 of 10000: Training 5 Clients ---
Selected clients: ['98', '71', '29', '4', '41']
--- Updating central model ---
Checkpoint saved in path: checkpoints/cifar10/alpha0.5_K5_N10000_cnn_E1_clr0.01_fedopt_sgd_slr1.0_sam_rho0.1_112125_19:29:23.ckpt
--- Round 273 of 10000: Training 5 Clients ---
Selected clients: ['9', '99', '37', '40', '74']
--- Updating central model ---
Checkpoint saved in path: checkpoints/cifar10/alpha0.5_K5_N10000_cnn_E1_clr0.01_fedopt_sgd_slr1.0_sam_rho0.1_112125_19:29:23.ckpt
--- Round 274 of 10000: Training 5 Clients ---
Selected clients: ['83', '49', '76', '52', '98']
--- Updating central model ---
Checkpoint saved in path: checkpoints/cifar10/alpha0.5_K5_N10000_cnn_E1_clr0.01_fedopt_sgd_slr1.0_sam_rho0.1_112125_19:29:23.ckpt
--- Round 275 of 10000: Training 5 Clients ---
Selected clients: ['18', '35', '33', '90', '98']
--- Updating central model ---
Checkpoint saved in path: checkpoints/cifar10/alpha0.5_K5_N10000_cnn_E1_clr0.01_fedopt_sgd_slr1.0_sam_rho0.1_112125_19:29:23.ckpt
--- Round 276 of 10000: Training 5 Clients ---
Selected clients: ['71', '7', '91', '87', '4']
--- Updating central model ---
Checkpoint saved in path: checkpoints/cifar10/alpha0.5_K5_N10000_cnn_E1_clr0.01_fedopt_sgd_slr1.0_sam_rho0.1_112125_19:29:23.ckpt
--- Round 277 of 10000: Training 5 Clients ---
Selected clients: ['42', '49', '81', '17', '29']
--- Updating central model ---
Checkpoint saved in path: checkpoints/cifar10/alpha0.5_K5_N10000_cnn_E1_clr0.01_fedopt_sgd_slr1.0_sam_rho0.1_112125_19:29:23.ckpt
--- Round 278 of 10000: Training 5 Clients ---
Selected clients: ['8', '36', '47', '54', '20']
--- Updating central model ---
Checkpoint saved in path: checkpoints/cifar10/alpha0.5_K5_N10000_cnn_E1_clr0.01_fedopt_sgd_slr1.0_sam_rho0.1_112125_19:29:23.ckpt
--- Round 279 of 10000: Training 5 Clients ---
Selected clients: ['69', '97', '30', '70', '14']
--- Updating central model ---
Checkpoint saved in path: checkpoints/cifar10/alpha0.5_K5_N10000_cnn_E1_clr0.01_fedopt_sgd_slr1.0_sam_rho0.1_112125_19:29:23.ckpt
--- Round 280 of 10000: Training 5 Clients ---
Selected clients: ['33', '83', '6', '24', '38']
--- Updating central model ---
Checkpoint saved in path: checkpoints/cifar10/alpha0.5_K5_N10000_cnn_E1_clr0.01_fedopt_sgd_slr1.0_sam_rho0.1_112125_19:29:23.ckpt
--- Round 281 of 10000: Training 5 Clients ---
Selected clients: ['54', '20', '32', '68', '6']
--- Updating central model ---
Checkpoint saved in path: checkpoints/cifar10/alpha0.5_K5_N10000_cnn_E1_clr0.01_fedopt_sgd_slr1.0_sam_rho0.1_112125_19:29:23.ckpt
--- Round 282 of 10000: Training 5 Clients ---
Selected clients: ['76', '52', '65', '60', '48']
--- Updating central model ---
Checkpoint saved in path: checkpoints/cifar10/alpha0.5_K5_N10000_cnn_E1_clr0.01_fedopt_sgd_slr1.0_sam_rho0.1_112125_19:29:23.ckpt
--- Round 283 of 10000: Training 5 Clients ---
Selected clients: ['19', '99', '15', '83', '84']
--- Updating central model ---
Checkpoint saved in path: checkpoints/cifar10/alpha0.5_K5_N10000_cnn_E1_clr0.01_fedopt_sgd_slr1.0_sam_rho0.1_112125_19:29:23.ckpt
--- Round 284 of 10000: Training 5 Clients ---
Selected clients: ['36', '31', '73', '42', '59']
--- Updating central model ---
Checkpoint saved in path: checkpoints/cifar10/alpha0.5_K5_N10000_cnn_E1_clr0.01_fedopt_sgd_slr1.0_sam_rho0.1_112125_19:29:23.ckpt
--- Round 285 of 10000: Training 5 Clients ---
Selected clients: ['65', '48', '81', '42', '3']
--- Updating central model ---
Checkpoint saved in path: checkpoints/cifar10/alpha0.5_K5_N10000_cnn_E1_clr0.01_fedopt_sgd_slr1.0_sam_rho0.1_112125_19:29:23.ckpt
--- Round 286 of 10000: Training 5 Clients ---
Selected clients: ['36', '31', '93', '74', '24']
--- Updating central model ---
Checkpoint saved in path: checkpoints/cifar10/alpha0.5_K5_N10000_cnn_E1_clr0.01_fedopt_sgd_slr1.0_sam_rho0.1_112125_19:29:23.ckpt
--- Round 287 of 10000: Training 5 Clients ---
Selected clients: ['40', '15', '11', '49', '75']
--- Updating central model ---
Checkpoint saved in path: checkpoints/cifar10/alpha0.5_K5_N10000_cnn_E1_clr0.01_fedopt_sgd_slr1.0_sam_rho0.1_112125_19:29:23.ckpt
--- Round 288 of 10000: Training 5 Clients ---
Selected clients: ['96', '48', '0', '50', '51']
--- Updating central model ---
Checkpoint saved in path: checkpoints/cifar10/alpha0.5_K5_N10000_cnn_E1_clr0.01_fedopt_sgd_slr1.0_sam_rho0.1_112125_19:29:23.ckpt
--- Round 289 of 10000: Training 5 Clients ---
Selected clients: ['84', '93', '21', '39', '36']
--- Updating central model ---
Checkpoint saved in path: checkpoints/cifar10/alpha0.5_K5_N10000_cnn_E1_clr0.01_fedopt_sgd_slr1.0_sam_rho0.1_112125_19:29:23.ckpt
--- Round 290 of 10000: Training 5 Clients ---
Selected clients: ['73', '63', '71', '11', '54']
--- Updating central model ---
Checkpoint saved in path: checkpoints/cifar10/alpha0.5_K5_N10000_cnn_E1_clr0.01_fedopt_sgd_slr1.0_sam_rho0.1_112125_19:29:23.ckpt
--- Round 291 of 10000: Training 5 Clients ---
Selected clients: ['76', '23', '4', '44', '60']
--- Updating central model ---
Checkpoint saved in path: checkpoints/cifar10/alpha0.5_K5_N10000_cnn_E1_clr0.01_fedopt_sgd_slr1.0_sam_rho0.1_112125_19:29:23.ckpt
--- Round 292 of 10000: Training 5 Clients ---
Selected clients: ['2', '31', '86', '34', '4']
--- Updating central model ---
Checkpoint saved in path: checkpoints/cifar10/alpha0.5_K5_N10000_cnn_E1_clr0.01_fedopt_sgd_slr1.0_sam_rho0.1_112125_19:29:23.ckpt
--- Round 293 of 10000: Training 5 Clients ---
Selected clients: ['58', '33', '65', '4', '63']
--- Updating central model ---
Checkpoint saved in path: checkpoints/cifar10/alpha0.5_K5_N10000_cnn_E1_clr0.01_fedopt_sgd_slr1.0_sam_rho0.1_112125_19:29:23.ckpt
--- Round 294 of 10000: Training 5 Clients ---
Selected clients: ['13', '55', '59', '73', '81']
--- Updating central model ---
Checkpoint saved in path: checkpoints/cifar10/alpha0.5_K5_N10000_cnn_E1_clr0.01_fedopt_sgd_slr1.0_sam_rho0.1_112125_19:29:23.ckpt
--- Round 295 of 10000: Training 5 Clients ---
Selected clients: ['30', '83', '16', '35', '6']
--- Updating central model ---
Checkpoint saved in path: checkpoints/cifar10/alpha0.5_K5_N10000_cnn_E1_clr0.01_fedopt_sgd_slr1.0_sam_rho0.1_112125_19:29:23.ckpt
--- Round 296 of 10000: Training 5 Clients ---
Selected clients: ['70', '22', '93', '49', '74']
--- Updating central model ---
Checkpoint saved in path: checkpoints/cifar10/alpha0.5_K5_N10000_cnn_E1_clr0.01_fedopt_sgd_slr1.0_sam_rho0.1_112125_19:29:23.ckpt
--- Round 297 of 10000: Training 5 Clients ---
Selected clients: ['75', '6', '87', '22', '54']
--- Updating central model ---
Checkpoint saved in path: checkpoints/cifar10/alpha0.5_K5_N10000_cnn_E1_clr0.01_fedopt_sgd_slr1.0_sam_rho0.1_112125_19:29:23.ckpt
--- Round 298 of 10000: Training 5 Clients ---
Selected clients: ['64', '92', '15', '66', '70']
--- Updating central model ---
Checkpoint saved in path: checkpoints/cifar10/alpha0.5_K5_N10000_cnn_E1_clr0.01_fedopt_sgd_slr1.0_sam_rho0.1_112125_19:29:23.ckpt
--- Round 299 of 10000: Training 5 Clients ---
Selected clients: ['24', '30', '3', '40', '95']
--- Updating central model ---
Checkpoint saved in path: checkpoints/cifar10/alpha0.5_K5_N10000_cnn_E1_clr0.01_fedopt_sgd_slr1.0_sam_rho0.1_112125_19:29:23.ckpt
--- Round 300 of 10000: Training 5 Clients ---
Selected clients: ['43', '92', '12', '95', '89']
--- Updating central model ---
train_accuracy: 19.4257, 10th percentile: 6.46512, 50th percentile: 16.714, 90th percentile 31.6437
train_loss: 2.15669, 10th percentile: 2.04314, 50th percentile: 2.17843, 90th percentile 2.24426
test_accuracy: 19.92, 10th percentile: 19.92, 50th percentile: 19.92, 90th percentile 19.92
test_loss: 2.14757, 10th percentile: 2.14757, 50th percentile: 2.14757, 90th percentile 2.14757
Checkpoint saved in path: checkpoints/cifar10/alpha0.5_K5_N10000_cnn_E1_clr0.01_fedopt_sgd_slr1.0_sam_rho0.1_112125_19:29:23.ckpt
--- Round 301 of 10000: Training 5 Clients ---
Selected clients: ['96', '91', '97', '93', '32']
--- Updating central model ---
Checkpoint saved in path: checkpoints/cifar10/alpha0.5_K5_N10000_cnn_E1_clr0.01_fedopt_sgd_slr1.0_sam_rho0.1_112125_19:29:23.ckpt
--- Round 302 of 10000: Training 5 Clients ---
Selected clients: ['96', '91', '34', '56', '32']
--- Updating central model ---
Checkpoint saved in path: checkpoints/cifar10/alpha0.5_K5_N10000_cnn_E1_clr0.01_fedopt_sgd_slr1.0_sam_rho0.1_112125_19:29:23.ckpt
--- Round 303 of 10000: Training 5 Clients ---
Selected clients: ['74', '4', '19', '73', '36']
--- Updating central model ---
Checkpoint saved in path: checkpoints/cifar10/alpha0.5_K5_N10000_cnn_E1_clr0.01_fedopt_sgd_slr1.0_sam_rho0.1_112125_19:29:23.ckpt
--- Round 304 of 10000: Training 5 Clients ---
Selected clients: ['65', '11', '79', '6', '7']
--- Updating central model ---
Checkpoint saved in path: checkpoints/cifar10/alpha0.5_K5_N10000_cnn_E1_clr0.01_fedopt_sgd_slr1.0_sam_rho0.1_112125_19:29:23.ckpt
--- Round 305 of 10000: Training 5 Clients ---
Selected clients: ['45', '93', '62', '64', '74']
--- Updating central model ---
Checkpoint saved in path: checkpoints/cifar10/alpha0.5_K5_N10000_cnn_E1_clr0.01_fedopt_sgd_slr1.0_sam_rho0.1_112125_19:29:23.ckpt
--- Round 306 of 10000: Training 5 Clients ---
Selected clients: ['71', '62', '11', '59', '81']
--- Updating central model ---
Checkpoint saved in path: checkpoints/cifar10/alpha0.5_K5_N10000_cnn_E1_clr0.01_fedopt_sgd_slr1.0_sam_rho0.1_112125_19:29:23.ckpt
--- Round 307 of 10000: Training 5 Clients ---
Selected clients: ['81', '87', '27', '2', '89']
--- Updating central model ---
Checkpoint saved in path: checkpoints/cifar10/alpha0.5_K5_N10000_cnn_E1_clr0.01_fedopt_sgd_slr1.0_sam_rho0.1_112125_19:29:23.ckpt
--- Round 308 of 10000: Training 5 Clients ---
Selected clients: ['82', '60', '81', '10', '83']
--- Updating central model ---
Checkpoint saved in path: checkpoints/cifar10/alpha0.5_K5_N10000_cnn_E1_clr0.01_fedopt_sgd_slr1.0_sam_rho0.1_112125_19:29:23.ckpt
--- Round 309 of 10000: Training 5 Clients ---
Selected clients: ['64', '78', '50', '13', '93']
--- Updating central model ---
Checkpoint saved in path: checkpoints/cifar10/alpha0.5_K5_N10000_cnn_E1_clr0.01_fedopt_sgd_slr1.0_sam_rho0.1_112125_19:29:23.ckpt
--- Round 310 of 10000: Training 5 Clients ---
Selected clients: ['27', '52', '47', '5', '34']
--- Updating central model ---
Checkpoint saved in path: checkpoints/cifar10/alpha0.5_K5_N10000_cnn_E1_clr0.01_fedopt_sgd_slr1.0_sam_rho0.1_112125_19:29:23.ckpt
--- Round 311 of 10000: Training 5 Clients ---
Selected clients: ['24', '65', '42', '45', '8']
--- Updating central model ---
Checkpoint saved in path: checkpoints/cifar10/alpha0.5_K5_N10000_cnn_E1_clr0.01_fedopt_sgd_slr1.0_sam_rho0.1_112125_19:29:23.ckpt
--- Round 312 of 10000: Training 5 Clients ---
Selected clients: ['35', '70', '49', '99', '4']
--- Updating central model ---
Checkpoint saved in path: checkpoints/cifar10/alpha0.5_K5_N10000_cnn_E1_clr0.01_fedopt_sgd_slr1.0_sam_rho0.1_112125_19:29:23.ckpt
--- Round 313 of 10000: Training 5 Clients ---
Selected clients: ['27', '84', '30', '31', '52']
--- Updating central model ---
Checkpoint saved in path: checkpoints/cifar10/alpha0.5_K5_N10000_cnn_E1_clr0.01_fedopt_sgd_slr1.0_sam_rho0.1_112125_19:29:23.ckpt
--- Round 314 of 10000: Training 5 Clients ---
Selected clients: ['78', '7', '85', '43', '14']
--- Updating central model ---
Checkpoint saved in path: checkpoints/cifar10/alpha0.5_K5_N10000_cnn_E1_clr0.01_fedopt_sgd_slr1.0_sam_rho0.1_112125_19:29:23.ckpt
--- Round 315 of 10000: Training 5 Clients ---
Selected clients: ['3', '52', '23', '31', '50']
--- Updating central model ---
Checkpoint saved in path: checkpoints/cifar10/alpha0.5_K5_N10000_cnn_E1_clr0.01_fedopt_sgd_slr1.0_sam_rho0.1_112125_19:29:23.ckpt
--- Round 316 of 10000: Training 5 Clients ---
Selected clients: ['14', '81', '51', '82', '87']
--- Updating central model ---
Checkpoint saved in path: checkpoints/cifar10/alpha0.5_K5_N10000_cnn_E1_clr0.01_fedopt_sgd_slr1.0_sam_rho0.1_112125_19:29:23.ckpt
--- Round 317 of 10000: Training 5 Clients ---
Selected clients: ['46', '89', '19', '82', '86']
--- Updating central model ---
Checkpoint saved in path: checkpoints/cifar10/alpha0.5_K5_N10000_cnn_E1_clr0.01_fedopt_sgd_slr1.0_sam_rho0.1_112125_19:29:23.ckpt
--- Round 318 of 10000: Training 5 Clients ---
Selected clients: ['48', '32', '7', '54', '58']
--- Updating central model ---
Checkpoint saved in path: checkpoints/cifar10/alpha0.5_K5_N10000_cnn_E1_clr0.01_fedopt_sgd_slr1.0_sam_rho0.1_112125_19:29:23.ckpt
--- Round 319 of 10000: Training 5 Clients ---
Selected clients: ['37', '36', '19', '62', '6']
--- Updating central model ---
Checkpoint saved in path: checkpoints/cifar10/alpha0.5_K5_N10000_cnn_E1_clr0.01_fedopt_sgd_slr1.0_sam_rho0.1_112125_19:29:23.ckpt
--- Round 320 of 10000: Training 5 Clients ---
Selected clients: ['91', '22', '76', '12', '64']
--- Updating central model ---
Checkpoint saved in path: checkpoints/cifar10/alpha0.5_K5_N10000_cnn_E1_clr0.01_fedopt_sgd_slr1.0_sam_rho0.1_112125_19:29:23.ckpt
--- Round 321 of 10000: Training 5 Clients ---
Selected clients: ['91', '22', '18', '60', '50']
--- Updating central model ---
Checkpoint saved in path: checkpoints/cifar10/alpha0.5_K5_N10000_cnn_E1_clr0.01_fedopt_sgd_slr1.0_sam_rho0.1_112125_19:29:23.ckpt
--- Round 322 of 10000: Training 5 Clients ---
Selected clients: ['33', '28', '1', '12', '25']
--- Updating central model ---
Checkpoint saved in path: checkpoints/cifar10/alpha0.5_K5_N10000_cnn_E1_clr0.01_fedopt_sgd_slr1.0_sam_rho0.1_112125_19:29:23.ckpt
--- Round 323 of 10000: Training 5 Clients ---
Selected clients: ['99', '0', '63', '97', '3']
--- Updating central model ---
Checkpoint saved in path: checkpoints/cifar10/alpha0.5_K5_N10000_cnn_E1_clr0.01_fedopt_sgd_slr1.0_sam_rho0.1_112125_19:29:23.ckpt
--- Round 324 of 10000: Training 5 Clients ---
Selected clients: ['5', '30', '70', '8', '11']
--- Updating central model ---
Checkpoint saved in path: checkpoints/cifar10/alpha0.5_K5_N10000_cnn_E1_clr0.01_fedopt_sgd_slr1.0_sam_rho0.1_112125_19:29:23.ckpt
--- Round 325 of 10000: Training 5 Clients ---
Selected clients: ['10', '64', '86', '29', '67']
--- Updating central model ---
Checkpoint saved in path: checkpoints/cifar10/alpha0.5_K5_N10000_cnn_E1_clr0.01_fedopt_sgd_slr1.0_sam_rho0.1_112125_19:29:23.ckpt
--- Round 326 of 10000: Training 5 Clients ---
Selected clients: ['9', '2', '93', '53', '39']
--- Updating central model ---
Checkpoint saved in path: checkpoints/cifar10/alpha0.5_K5_N10000_cnn_E1_clr0.01_fedopt_sgd_slr1.0_sam_rho0.1_112125_19:29:23.ckpt
--- Round 327 of 10000: Training 5 Clients ---
Selected clients: ['62', '48', '83', '27', '54']
--- Updating central model ---
Checkpoint saved in path: checkpoints/cifar10/alpha0.5_K5_N10000_cnn_E1_clr0.01_fedopt_sgd_slr1.0_sam_rho0.1_112125_19:29:23.ckpt
--- Round 328 of 10000: Training 5 Clients ---
Selected clients: ['19', '68', '41', '67', '63']
--- Updating central model ---
Checkpoint saved in path: checkpoints/cifar10/alpha0.5_K5_N10000_cnn_E1_clr0.01_fedopt_sgd_slr1.0_sam_rho0.1_112125_19:29:23.ckpt
--- Round 329 of 10000: Training 5 Clients ---
Selected clients: ['25', '20', '58', '47', '53']
--- Updating central model ---
Checkpoint saved in path: checkpoints/cifar10/alpha0.5_K5_N10000_cnn_E1_clr0.01_fedopt_sgd_slr1.0_sam_rho0.1_112125_19:29:23.ckpt
--- Round 330 of 10000: Training 5 Clients ---
Selected clients: ['23', '42', '79', '82', '10']
--- Updating central model ---
Checkpoint saved in path: checkpoints/cifar10/alpha0.5_K5_N10000_cnn_E1_clr0.01_fedopt_sgd_slr1.0_sam_rho0.1_112125_19:29:23.ckpt
--- Round 331 of 10000: Training 5 Clients ---
Selected clients: ['1', '33', '64', '44', '50']
--- Updating central model ---
Checkpoint saved in path: checkpoints/cifar10/alpha0.5_K5_N10000_cnn_E1_clr0.01_fedopt_sgd_slr1.0_sam_rho0.1_112125_19:29:23.ckpt
--- Round 332 of 10000: Training 5 Clients ---
Selected clients: ['15', '82', '93', '63', '80']
--- Updating central model ---
Checkpoint saved in path: checkpoints/cifar10/alpha0.5_K5_N10000_cnn_E1_clr0.01_fedopt_sgd_slr1.0_sam_rho0.1_112125_19:29:23.ckpt
--- Round 333 of 10000: Training 5 Clients ---
Selected clients: ['95', '34', '73', '12', '20']
--- Updating central model ---
Checkpoint saved in path: checkpoints/cifar10/alpha0.5_K5_N10000_cnn_E1_clr0.01_fedopt_sgd_slr1.0_sam_rho0.1_112125_19:29:23.ckpt
--- Round 334 of 10000: Training 5 Clients ---
Selected clients: ['10', '39', '54', '90', '20']
--- Updating central model ---
Checkpoint saved in path: checkpoints/cifar10/alpha0.5_K5_N10000_cnn_E1_clr0.01_fedopt_sgd_slr1.0_sam_rho0.1_112125_19:29:23.ckpt
--- Round 335 of 10000: Training 5 Clients ---
Selected clients: ['54', '92', '48', '38', '11']
--- Updating central model ---
Checkpoint saved in path: checkpoints/cifar10/alpha0.5_K5_N10000_cnn_E1_clr0.01_fedopt_sgd_slr1.0_sam_rho0.1_112125_19:29:23.ckpt
--- Round 336 of 10000: Training 5 Clients ---
Selected clients: ['92', '15', '59', '3', '47']
--- Updating central model ---
Checkpoint saved in path: checkpoints/cifar10/alpha0.5_K5_N10000_cnn_E1_clr0.01_fedopt_sgd_slr1.0_sam_rho0.1_112125_19:29:23.ckpt
--- Round 337 of 10000: Training 5 Clients ---
Selected clients: ['13', '99', '47', '58', '94']
--- Updating central model ---
Checkpoint saved in path: checkpoints/cifar10/alpha0.5_K5_N10000_cnn_E1_clr0.01_fedopt_sgd_slr1.0_sam_rho0.1_112125_19:29:23.ckpt
--- Round 338 of 10000: Training 5 Clients ---
Selected clients: ['23', '97', '32', '5', '78']
--- Updating central model ---
Checkpoint saved in path: checkpoints/cifar10/alpha0.5_K5_N10000_cnn_E1_clr0.01_fedopt_sgd_slr1.0_sam_rho0.1_112125_19:29:23.ckpt
--- Round 339 of 10000: Training 5 Clients ---
Selected clients: ['48', '34', '31', '73', '59']
--- Updating central model ---
Checkpoint saved in path: checkpoints/cifar10/alpha0.5_K5_N10000_cnn_E1_clr0.01_fedopt_sgd_slr1.0_sam_rho0.1_112125_19:29:23.ckpt
--- Round 340 of 10000: Training 5 Clients ---
Selected clients: ['90', '33', '19', '89', '31']
--- Updating central model ---
Checkpoint saved in path: checkpoints/cifar10/alpha0.5_K5_N10000_cnn_E1_clr0.01_fedopt_sgd_slr1.0_sam_rho0.1_112125_19:29:23.ckpt
--- Round 341 of 10000: Training 5 Clients ---
Selected clients: ['67', '66', '92', '83', '72']
--- Updating central model ---
Checkpoint saved in path: checkpoints/cifar10/alpha0.5_K5_N10000_cnn_E1_clr0.01_fedopt_sgd_slr1.0_sam_rho0.1_112125_19:29:23.ckpt
--- Round 342 of 10000: Training 5 Clients ---
Selected clients: ['52', '97', '47', '11', '38']
--- Updating central model ---
Checkpoint saved in path: checkpoints/cifar10/alpha0.5_K5_N10000_cnn_E1_clr0.01_fedopt_sgd_slr1.0_sam_rho0.1_112125_19:29:23.ckpt
--- Round 343 of 10000: Training 5 Clients ---
Selected clients: ['96', '81', '11', '93', '22']
--- Updating central model ---
Checkpoint saved in path: checkpoints/cifar10/alpha0.5_K5_N10000_cnn_E1_clr0.01_fedopt_sgd_slr1.0_sam_rho0.1_112125_19:29:23.ckpt
--- Round 344 of 10000: Training 5 Clients ---
Selected clients: ['91', '66', '17', '58', '41']
--- Updating central model ---
Checkpoint saved in path: checkpoints/cifar10/alpha0.5_K5_N10000_cnn_E1_clr0.01_fedopt_sgd_slr1.0_sam_rho0.1_112125_19:29:23.ckpt
--- Round 345 of 10000: Training 5 Clients ---
Selected clients: ['1', '35', '89', '77', '64']
--- Updating central model ---
Checkpoint saved in path: checkpoints/cifar10/alpha0.5_K5_N10000_cnn_E1_clr0.01_fedopt_sgd_slr1.0_sam_rho0.1_112125_19:29:23.ckpt
--- Round 346 of 10000: Training 5 Clients ---
Selected clients: ['39', '81', '67', '87', '41']
--- Updating central model ---
Checkpoint saved in path: checkpoints/cifar10/alpha0.5_K5_N10000_cnn_E1_clr0.01_fedopt_sgd_slr1.0_sam_rho0.1_112125_19:29:23.ckpt
--- Round 347 of 10000: Training 5 Clients ---
Selected clients: ['62', '98', '81', '56', '87']
--- Updating central model ---
Checkpoint saved in path: checkpoints/cifar10/alpha0.5_K5_N10000_cnn_E1_clr0.01_fedopt_sgd_slr1.0_sam_rho0.1_112125_19:29:23.ckpt
--- Round 348 of 10000: Training 5 Clients ---
Selected clients: ['55', '15', '14', '73', '57']
--- Updating central model ---
Checkpoint saved in path: checkpoints/cifar10/alpha0.5_K5_N10000_cnn_E1_clr0.01_fedopt_sgd_slr1.0_sam_rho0.1_112125_19:29:23.ckpt