Alpha: alpha_0.50
Using device: NVIDIA A100-SXM4-80GB
############################## cifar10.cnn ##############################
Running experiment with server servers.fedopt_server and client clients.sam_client
Verify client and server: <class 'clients.sam_client.SAMClient'> <class 'servers.fedopt_server.FedOptServer'>
Running influence estimation:   0%|          | 0/20 [00:00<?, ?it/s]wandb: WARNING `resume` will be ignored since W&B syncing is set to `offline`. Starting a new run with run id x6lu4q4t.
wandb: Tracking run with wandb version 0.23.0
wandb: W&B syncing is set to `offline` in this directory. Run `wandb online` or set WANDB_MODE=online to enable cloud syncing.
wandb: Run data is saved locally in /home/mlr570t1/FedSAM_mem_inf-main/models/wandb/offline-run-20251121_192854-x6lu4q4t
Server optimizer: sgd with lr 1.0 and momentum 0
Start round: 0
Clients in Total: 100 training clients and 1 test clients
--- Random Initialization ---
--- Round 1 of 10000: Training 5 Clients ---
Selected clients: ['28', '8', '13', '58', '81']
--- Updating central model ---
Checkpoint saved in path: checkpoints/cifar10/alpha0.5_K5_N10000_cnn_E1_clr0.01_fedopt_sgd_slr1.0_sam_rho0.1_112125_19:29:24.ckpt
--- Round 2 of 10000: Training 5 Clients ---
Selected clients: ['73', '0', '36', '52', '34']
--- Updating central model ---
Checkpoint saved in path: checkpoints/cifar10/alpha0.5_K5_N10000_cnn_E1_clr0.01_fedopt_sgd_slr1.0_sam_rho0.1_112125_19:29:24.ckpt
--- Round 3 of 10000: Training 5 Clients ---
Selected clients: ['82', '53', '49', '40', '74']
--- Updating central model ---
Checkpoint saved in path: checkpoints/cifar10/alpha0.5_K5_N10000_cnn_E1_clr0.01_fedopt_sgd_slr1.0_sam_rho0.1_112125_19:29:24.ckpt
--- Round 4 of 10000: Training 5 Clients ---
Selected clients: ['3', '22', '95', '46', '51']
--- Updating central model ---
Checkpoint saved in path: checkpoints/cifar10/alpha0.5_K5_N10000_cnn_E1_clr0.01_fedopt_sgd_slr1.0_sam_rho0.1_112125_19:29:24.ckpt
--- Round 5 of 10000: Training 5 Clients ---
Selected clients: ['95', '88', '47', '94', '28']
--- Updating central model ---
Checkpoint saved in path: checkpoints/cifar10/alpha0.5_K5_N10000_cnn_E1_clr0.01_fedopt_sgd_slr1.0_sam_rho0.1_112125_19:29:24.ckpt
--- Round 6 of 10000: Training 5 Clients ---
Selected clients: ['72', '9', '45', '71', '98']
--- Updating central model ---
Checkpoint saved in path: checkpoints/cifar10/alpha0.5_K5_N10000_cnn_E1_clr0.01_fedopt_sgd_slr1.0_sam_rho0.1_112125_19:29:24.ckpt
--- Round 7 of 10000: Training 5 Clients ---
Selected clients: ['29', '62', '92', '83', '50']
--- Updating central model ---
Checkpoint saved in path: checkpoints/cifar10/alpha0.5_K5_N10000_cnn_E1_clr0.01_fedopt_sgd_slr1.0_sam_rho0.1_112125_19:29:24.ckpt
--- Round 8 of 10000: Training 5 Clients ---
Selected clients: ['91', '76', '97', '69', '85']
--- Updating central model ---
Checkpoint saved in path: checkpoints/cifar10/alpha0.5_K5_N10000_cnn_E1_clr0.01_fedopt_sgd_slr1.0_sam_rho0.1_112125_19:29:24.ckpt
--- Round 9 of 10000: Training 5 Clients ---
Selected clients: ['73', '58', '72', '12', '92']
--- Updating central model ---
Checkpoint saved in path: checkpoints/cifar10/alpha0.5_K5_N10000_cnn_E1_clr0.01_fedopt_sgd_slr1.0_sam_rho0.1_112125_19:29:24.ckpt
--- Round 10 of 10000: Training 5 Clients ---
Selected clients: ['60', '85', '26', '64', '24']
--- Updating central model ---
Checkpoint saved in path: checkpoints/cifar10/alpha0.5_K5_N10000_cnn_E1_clr0.01_fedopt_sgd_slr1.0_sam_rho0.1_112125_19:29:24.ckpt
--- Round 11 of 10000: Training 5 Clients ---
Selected clients: ['53', '88', '77', '27', '87']
--- Updating central model ---
Checkpoint saved in path: checkpoints/cifar10/alpha0.5_K5_N10000_cnn_E1_clr0.01_fedopt_sgd_slr1.0_sam_rho0.1_112125_19:29:24.ckpt
--- Round 12 of 10000: Training 5 Clients ---
Selected clients: ['90', '33', '58', '26', '64']
--- Updating central model ---
Checkpoint saved in path: checkpoints/cifar10/alpha0.5_K5_N10000_cnn_E1_clr0.01_fedopt_sgd_slr1.0_sam_rho0.1_112125_19:29:24.ckpt
--- Round 13 of 10000: Training 5 Clients ---
Selected clients: ['58', '92', '62', '27', '79']
--- Updating central model ---
Checkpoint saved in path: checkpoints/cifar10/alpha0.5_K5_N10000_cnn_E1_clr0.01_fedopt_sgd_slr1.0_sam_rho0.1_112125_19:29:24.ckpt
--- Round 14 of 10000: Training 5 Clients ---
Selected clients: ['95', '17', '61', '25', '92']
--- Updating central model ---
Checkpoint saved in path: checkpoints/cifar10/alpha0.5_K5_N10000_cnn_E1_clr0.01_fedopt_sgd_slr1.0_sam_rho0.1_112125_19:29:24.ckpt
--- Round 15 of 10000: Training 5 Clients ---
Selected clients: ['73', '56', '92', '41', '87']
--- Updating central model ---
Checkpoint saved in path: checkpoints/cifar10/alpha0.5_K5_N10000_cnn_E1_clr0.01_fedopt_sgd_slr1.0_sam_rho0.1_112125_19:29:24.ckpt
--- Round 16 of 10000: Training 5 Clients ---
Selected clients: ['3', '39', '52', '2', '32']
--- Updating central model ---
Checkpoint saved in path: checkpoints/cifar10/alpha0.5_K5_N10000_cnn_E1_clr0.01_fedopt_sgd_slr1.0_sam_rho0.1_112125_19:29:24.ckpt
--- Round 17 of 10000: Training 5 Clients ---
Selected clients: ['69', '37', '84', '12', '27']
--- Updating central model ---
Checkpoint saved in path: checkpoints/cifar10/alpha0.5_K5_N10000_cnn_E1_clr0.01_fedopt_sgd_slr1.0_sam_rho0.1_112125_19:29:24.ckpt
--- Round 18 of 10000: Training 5 Clients ---
Selected clients: ['44', '54', '10', '80', '79']
--- Updating central model ---
Checkpoint saved in path: checkpoints/cifar10/alpha0.5_K5_N10000_cnn_E1_clr0.01_fedopt_sgd_slr1.0_sam_rho0.1_112125_19:29:24.ckpt
--- Round 19 of 10000: Training 5 Clients ---
Selected clients: ['72', '60', '53', '65', '67']
--- Updating central model ---
Checkpoint saved in path: checkpoints/cifar10/alpha0.5_K5_N10000_cnn_E1_clr0.01_fedopt_sgd_slr1.0_sam_rho0.1_112125_19:29:24.ckpt
--- Round 20 of 10000: Training 5 Clients ---
Selected clients: ['71', '58', '85', '73', '35']
--- Updating central model ---
Checkpoint saved in path: checkpoints/cifar10/alpha0.5_K5_N10000_cnn_E1_clr0.01_fedopt_sgd_slr1.0_sam_rho0.1_112125_19:29:24.ckpt
--- Round 21 of 10000: Training 5 Clients ---
Selected clients: ['6', '62', '50', '52', '31']
--- Updating central model ---
Checkpoint saved in path: checkpoints/cifar10/alpha0.5_K5_N10000_cnn_E1_clr0.01_fedopt_sgd_slr1.0_sam_rho0.1_112125_19:29:24.ckpt
--- Round 22 of 10000: Training 5 Clients ---
Selected clients: ['53', '60', '91', '93', '31']
--- Updating central model ---
Checkpoint saved in path: checkpoints/cifar10/alpha0.5_K5_N10000_cnn_E1_clr0.01_fedopt_sgd_slr1.0_sam_rho0.1_112125_19:29:24.ckpt
--- Round 23 of 10000: Training 5 Clients ---
Selected clients: ['5', '69', '80', '20', '35']
--- Updating central model ---
Checkpoint saved in path: checkpoints/cifar10/alpha0.5_K5_N10000_cnn_E1_clr0.01_fedopt_sgd_slr1.0_sam_rho0.1_112125_19:29:24.ckpt
--- Round 24 of 10000: Training 5 Clients ---
Selected clients: ['27', '42', '11', '6', '73']
--- Updating central model ---
Checkpoint saved in path: checkpoints/cifar10/alpha0.5_K5_N10000_cnn_E1_clr0.01_fedopt_sgd_slr1.0_sam_rho0.1_112125_19:29:24.ckpt
--- Round 25 of 10000: Training 5 Clients ---
Selected clients: ['27', '35', '17', '41', '97']
--- Updating central model ---
Checkpoint saved in path: checkpoints/cifar10/alpha0.5_K5_N10000_cnn_E1_clr0.01_fedopt_sgd_slr1.0_sam_rho0.1_112125_19:29:24.ckpt
--- Round 26 of 10000: Training 5 Clients ---
Selected clients: ['78', '70', '20', '8', '41']
--- Updating central model ---
Checkpoint saved in path: checkpoints/cifar10/alpha0.5_K5_N10000_cnn_E1_clr0.01_fedopt_sgd_slr1.0_sam_rho0.1_112125_19:29:24.ckpt
--- Round 27 of 10000: Training 5 Clients ---
Selected clients: ['51', '69', '88', '79', '52']
--- Updating central model ---
Checkpoint saved in path: checkpoints/cifar10/alpha0.5_K5_N10000_cnn_E1_clr0.01_fedopt_sgd_slr1.0_sam_rho0.1_112125_19:29:24.ckpt
--- Round 28 of 10000: Training 5 Clients ---
Selected clients: ['99', '40', '48', '47', '98']
--- Updating central model ---
Checkpoint saved in path: checkpoints/cifar10/alpha0.5_K5_N10000_cnn_E1_clr0.01_fedopt_sgd_slr1.0_sam_rho0.1_112125_19:29:24.ckpt
--- Round 29 of 10000: Training 5 Clients ---
Selected clients: ['3', '92', '24', '19', '93']
--- Updating central model ---
Checkpoint saved in path: checkpoints/cifar10/alpha0.5_K5_N10000_cnn_E1_clr0.01_fedopt_sgd_slr1.0_sam_rho0.1_112125_19:29:24.ckpt
--- Round 30 of 10000: Training 5 Clients ---
Selected clients: ['33', '78', '75', '70', '29']
--- Updating central model ---
Checkpoint saved in path: checkpoints/cifar10/alpha0.5_K5_N10000_cnn_E1_clr0.01_fedopt_sgd_slr1.0_sam_rho0.1_112125_19:29:24.ckpt
--- Round 31 of 10000: Training 5 Clients ---
Selected clients: ['87', '62', '6', '44', '86']
--- Updating central model ---
Checkpoint saved in path: checkpoints/cifar10/alpha0.5_K5_N10000_cnn_E1_clr0.01_fedopt_sgd_slr1.0_sam_rho0.1_112125_19:29:24.ckpt
--- Round 32 of 10000: Training 5 Clients ---
Selected clients: ['26', '89', '1', '44', '91']
--- Updating central model ---
Checkpoint saved in path: checkpoints/cifar10/alpha0.5_K5_N10000_cnn_E1_clr0.01_fedopt_sgd_slr1.0_sam_rho0.1_112125_19:29:24.ckpt
--- Round 33 of 10000: Training 5 Clients ---
Selected clients: ['89', '38', '59', '22', '4']
--- Updating central model ---
Checkpoint saved in path: checkpoints/cifar10/alpha0.5_K5_N10000_cnn_E1_clr0.01_fedopt_sgd_slr1.0_sam_rho0.1_112125_19:29:24.ckpt
--- Round 34 of 10000: Training 5 Clients ---
Selected clients: ['79', '22', '20', '10', '40']
--- Updating central model ---
Checkpoint saved in path: checkpoints/cifar10/alpha0.5_K5_N10000_cnn_E1_clr0.01_fedopt_sgd_slr1.0_sam_rho0.1_112125_19:29:24.ckpt
--- Round 35 of 10000: Training 5 Clients ---
Selected clients: ['25', '5', '74', '13', '17']
--- Updating central model ---
Checkpoint saved in path: checkpoints/cifar10/alpha0.5_K5_N10000_cnn_E1_clr0.01_fedopt_sgd_slr1.0_sam_rho0.1_112125_19:29:24.ckpt
--- Round 36 of 10000: Training 5 Clients ---
Selected clients: ['39', '45', '89', '43', '63']
--- Updating central model ---
Checkpoint saved in path: checkpoints/cifar10/alpha0.5_K5_N10000_cnn_E1_clr0.01_fedopt_sgd_slr1.0_sam_rho0.1_112125_19:29:24.ckpt
--- Round 37 of 10000: Training 5 Clients ---
Selected clients: ['22', '17', '67', '42', '79']
--- Updating central model ---
Checkpoint saved in path: checkpoints/cifar10/alpha0.5_K5_N10000_cnn_E1_clr0.01_fedopt_sgd_slr1.0_sam_rho0.1_112125_19:29:24.ckpt
--- Round 38 of 10000: Training 5 Clients ---
Selected clients: ['26', '52', '66', '74', '32']
--- Updating central model ---
Checkpoint saved in path: checkpoints/cifar10/alpha0.5_K5_N10000_cnn_E1_clr0.01_fedopt_sgd_slr1.0_sam_rho0.1_112125_19:29:24.ckpt
--- Round 39 of 10000: Training 5 Clients ---
Selected clients: ['12', '52', '48', '67', '17']
--- Updating central model ---
Checkpoint saved in path: checkpoints/cifar10/alpha0.5_K5_N10000_cnn_E1_clr0.01_fedopt_sgd_slr1.0_sam_rho0.1_112125_19:29:24.ckpt
--- Round 40 of 10000: Training 5 Clients ---
Selected clients: ['99', '49', '18', '97', '87']
--- Updating central model ---
Checkpoint saved in path: checkpoints/cifar10/alpha0.5_K5_N10000_cnn_E1_clr0.01_fedopt_sgd_slr1.0_sam_rho0.1_112125_19:29:24.ckpt
--- Round 41 of 10000: Training 5 Clients ---
Selected clients: ['68', '7', '3', '79', '18']
--- Updating central model ---
Checkpoint saved in path: checkpoints/cifar10/alpha0.5_K5_N10000_cnn_E1_clr0.01_fedopt_sgd_slr1.0_sam_rho0.1_112125_19:29:24.ckpt
--- Round 42 of 10000: Training 5 Clients ---
Selected clients: ['29', '69', '51', '63', '12']
--- Updating central model ---
Checkpoint saved in path: checkpoints/cifar10/alpha0.5_K5_N10000_cnn_E1_clr0.01_fedopt_sgd_slr1.0_sam_rho0.1_112125_19:29:24.ckpt
--- Round 43 of 10000: Training 5 Clients ---
Selected clients: ['90', '40', '62', '8', '10']
--- Updating central model ---
Checkpoint saved in path: checkpoints/cifar10/alpha0.5_K5_N10000_cnn_E1_clr0.01_fedopt_sgd_slr1.0_sam_rho0.1_112125_19:29:24.ckpt
--- Round 44 of 10000: Training 5 Clients ---
Selected clients: ['32', '15', '20', '50', '75']
--- Updating central model ---
Checkpoint saved in path: checkpoints/cifar10/alpha0.5_K5_N10000_cnn_E1_clr0.01_fedopt_sgd_slr1.0_sam_rho0.1_112125_19:29:24.ckpt
--- Round 45 of 10000: Training 5 Clients ---
Selected clients: ['8', '1', '51', '84', '64']
--- Updating central model ---
Checkpoint saved in path: checkpoints/cifar10/alpha0.5_K5_N10000_cnn_E1_clr0.01_fedopt_sgd_slr1.0_sam_rho0.1_112125_19:29:24.ckpt
--- Round 46 of 10000: Training 5 Clients ---
Selected clients: ['89', '27', '74', '45', '96']
--- Updating central model ---
Checkpoint saved in path: checkpoints/cifar10/alpha0.5_K5_N10000_cnn_E1_clr0.01_fedopt_sgd_slr1.0_sam_rho0.1_112125_19:29:24.ckpt
--- Round 47 of 10000: Training 5 Clients ---
Selected clients: ['47', '49', '37', '82', '14']
--- Updating central model ---
Checkpoint saved in path: checkpoints/cifar10/alpha0.5_K5_N10000_cnn_E1_clr0.01_fedopt_sgd_slr1.0_sam_rho0.1_112125_19:29:24.ckpt
--- Round 48 of 10000: Training 5 Clients ---
Selected clients: ['91', '14', '5', '13', '43']
--- Updating central model ---
Checkpoint saved in path: checkpoints/cifar10/alpha0.5_K5_N10000_cnn_E1_clr0.01_fedopt_sgd_slr1.0_sam_rho0.1_112125_19:29:24.ckpt
--- Round 49 of 10000: Training 5 Clients ---
Selected clients: ['70', '64', '1', '15', '75']
--- Updating central model ---
Checkpoint saved in path: checkpoints/cifar10/alpha0.5_K5_N10000_cnn_E1_clr0.01_fedopt_sgd_slr1.0_sam_rho0.1_112125_19:29:24.ckpt
--- Round 50 of 10000: Training 5 Clients ---
Selected clients: ['78', '71', '79', '58', '16']
--- Updating central model ---
Checkpoint saved in path: checkpoints/cifar10/alpha0.5_K5_N10000_cnn_E1_clr0.01_fedopt_sgd_slr1.0_sam_rho0.1_112125_19:29:24.ckpt
--- Round 51 of 10000: Training 5 Clients ---
Selected clients: ['90', '34', '60', '41', '85']
--- Updating central model ---
Checkpoint saved in path: checkpoints/cifar10/alpha0.5_K5_N10000_cnn_E1_clr0.01_fedopt_sgd_slr1.0_sam_rho0.1_112125_19:29:24.ckpt
--- Round 52 of 10000: Training 5 Clients ---
Selected clients: ['3', '15', '0', '74', '39']
--- Updating central model ---
Checkpoint saved in path: checkpoints/cifar10/alpha0.5_K5_N10000_cnn_E1_clr0.01_fedopt_sgd_slr1.0_sam_rho0.1_112125_19:29:24.ckpt
--- Round 53 of 10000: Training 5 Clients ---
Selected clients: ['84', '36', '44', '98', '86']
--- Updating central model ---
Checkpoint saved in path: checkpoints/cifar10/alpha0.5_K5_N10000_cnn_E1_clr0.01_fedopt_sgd_slr1.0_sam_rho0.1_112125_19:29:24.ckpt
--- Round 54 of 10000: Training 5 Clients ---
Selected clients: ['47', '2', '46', '6', '38']
--- Updating central model ---
Checkpoint saved in path: checkpoints/cifar10/alpha0.5_K5_N10000_cnn_E1_clr0.01_fedopt_sgd_slr1.0_sam_rho0.1_112125_19:29:24.ckpt
--- Round 55 of 10000: Training 5 Clients ---
Selected clients: ['26', '22', '37', '2', '92']
--- Updating central model ---
Checkpoint saved in path: checkpoints/cifar10/alpha0.5_K5_N10000_cnn_E1_clr0.01_fedopt_sgd_slr1.0_sam_rho0.1_112125_19:29:24.ckpt
--- Round 56 of 10000: Training 5 Clients ---
Selected clients: ['31', '17', '44', '81', '21']
--- Updating central model ---
Checkpoint saved in path: checkpoints/cifar10/alpha0.5_K5_N10000_cnn_E1_clr0.01_fedopt_sgd_slr1.0_sam_rho0.1_112125_19:29:24.ckpt
--- Round 57 of 10000: Training 5 Clients ---
Selected clients: ['28', '22', '10', '12', '59']
--- Updating central model ---
Checkpoint saved in path: checkpoints/cifar10/alpha0.5_K5_N10000_cnn_E1_clr0.01_fedopt_sgd_slr1.0_sam_rho0.1_112125_19:29:24.ckpt
--- Round 58 of 10000: Training 5 Clients ---
Selected clients: ['86', '52', '67', '34', '84']
--- Updating central model ---
Checkpoint saved in path: checkpoints/cifar10/alpha0.5_K5_N10000_cnn_E1_clr0.01_fedopt_sgd_slr1.0_sam_rho0.1_112125_19:29:24.ckpt
--- Round 59 of 10000: Training 5 Clients ---
Selected clients: ['98', '50', '63', '73', '25']
--- Updating central model ---
Checkpoint saved in path: checkpoints/cifar10/alpha0.5_K5_N10000_cnn_E1_clr0.01_fedopt_sgd_slr1.0_sam_rho0.1_112125_19:29:24.ckpt
--- Round 60 of 10000: Training 5 Clients ---
Selected clients: ['85', '38', '9', '98', '99']
--- Updating central model ---
Checkpoint saved in path: checkpoints/cifar10/alpha0.5_K5_N10000_cnn_E1_clr0.01_fedopt_sgd_slr1.0_sam_rho0.1_112125_19:29:24.ckpt
--- Round 61 of 10000: Training 5 Clients ---
Selected clients: ['75', '32', '95', '23', '8']
--- Updating central model ---
Checkpoint saved in path: checkpoints/cifar10/alpha0.5_K5_N10000_cnn_E1_clr0.01_fedopt_sgd_slr1.0_sam_rho0.1_112125_19:29:24.ckpt
--- Round 62 of 10000: Training 5 Clients ---
Selected clients: ['20', '19', '35', '10', '91']
--- Updating central model ---
Checkpoint saved in path: checkpoints/cifar10/alpha0.5_K5_N10000_cnn_E1_clr0.01_fedopt_sgd_slr1.0_sam_rho0.1_112125_19:29:24.ckpt
--- Round 63 of 10000: Training 5 Clients ---
Selected clients: ['80', '3', '53', '76', '99']
--- Updating central model ---
Checkpoint saved in path: checkpoints/cifar10/alpha0.5_K5_N10000_cnn_E1_clr0.01_fedopt_sgd_slr1.0_sam_rho0.1_112125_19:29:24.ckpt
--- Round 64 of 10000: Training 5 Clients ---
Selected clients: ['26', '56', '84', '37', '21']
--- Updating central model ---
Checkpoint saved in path: checkpoints/cifar10/alpha0.5_K5_N10000_cnn_E1_clr0.01_fedopt_sgd_slr1.0_sam_rho0.1_112125_19:29:24.ckpt
--- Round 65 of 10000: Training 5 Clients ---
Selected clients: ['21', '57', '58', '43', '54']
--- Updating central model ---
Checkpoint saved in path: checkpoints/cifar10/alpha0.5_K5_N10000_cnn_E1_clr0.01_fedopt_sgd_slr1.0_sam_rho0.1_112125_19:29:24.ckpt
--- Round 66 of 10000: Training 5 Clients ---
Selected clients: ['49', '90', '80', '3', '31']
--- Updating central model ---
Checkpoint saved in path: checkpoints/cifar10/alpha0.5_K5_N10000_cnn_E1_clr0.01_fedopt_sgd_slr1.0_sam_rho0.1_112125_19:29:24.ckpt
--- Round 67 of 10000: Training 5 Clients ---
Selected clients: ['75', '45', '25', '51', '99']
--- Updating central model ---
Checkpoint saved in path: checkpoints/cifar10/alpha0.5_K5_N10000_cnn_E1_clr0.01_fedopt_sgd_slr1.0_sam_rho0.1_112125_19:29:24.ckpt
--- Round 68 of 10000: Training 5 Clients ---
Selected clients: ['72', '71', '44', '74', '97']
--- Updating central model ---
Checkpoint saved in path: checkpoints/cifar10/alpha0.5_K5_N10000_cnn_E1_clr0.01_fedopt_sgd_slr1.0_sam_rho0.1_112125_19:29:24.ckpt
--- Round 69 of 10000: Training 5 Clients ---
Selected clients: ['56', '71', '98', '67', '34']
--- Updating central model ---
Checkpoint saved in path: checkpoints/cifar10/alpha0.5_K5_N10000_cnn_E1_clr0.01_fedopt_sgd_slr1.0_sam_rho0.1_112125_19:29:24.ckpt
--- Round 70 of 10000: Training 5 Clients ---
Selected clients: ['58', '37', '45', '12', '84']
--- Updating central model ---
Checkpoint saved in path: checkpoints/cifar10/alpha0.5_K5_N10000_cnn_E1_clr0.01_fedopt_sgd_slr1.0_sam_rho0.1_112125_19:29:24.ckpt
--- Round 71 of 10000: Training 5 Clients ---
Selected clients: ['91', '80', '1', '7', '26']
--- Updating central model ---
Checkpoint saved in path: checkpoints/cifar10/alpha0.5_K5_N10000_cnn_E1_clr0.01_fedopt_sgd_slr1.0_sam_rho0.1_112125_19:29:24.ckpt
--- Round 72 of 10000: Training 5 Clients ---
Selected clients: ['86', '0', '56', '19', '70']
--- Updating central model ---
Checkpoint saved in path: checkpoints/cifar10/alpha0.5_K5_N10000_cnn_E1_clr0.01_fedopt_sgd_slr1.0_sam_rho0.1_112125_19:29:24.ckpt
--- Round 73 of 10000: Training 5 Clients ---
Selected clients: ['88', '25', '14', '93', '7']
--- Updating central model ---
Checkpoint saved in path: checkpoints/cifar10/alpha0.5_K5_N10000_cnn_E1_clr0.01_fedopt_sgd_slr1.0_sam_rho0.1_112125_19:29:24.ckpt
--- Round 74 of 10000: Training 5 Clients ---
Selected clients: ['40', '0', '24', '50', '46']
--- Updating central model ---
Checkpoint saved in path: checkpoints/cifar10/alpha0.5_K5_N10000_cnn_E1_clr0.01_fedopt_sgd_slr1.0_sam_rho0.1_112125_19:29:24.ckpt
--- Round 75 of 10000: Training 5 Clients ---
Selected clients: ['28', '44', '10', '75', '63']
--- Updating central model ---
Checkpoint saved in path: checkpoints/cifar10/alpha0.5_K5_N10000_cnn_E1_clr0.01_fedopt_sgd_slr1.0_sam_rho0.1_112125_19:29:24.ckpt
--- Round 76 of 10000: Training 5 Clients ---
Selected clients: ['28', '75', '40', '54', '76']
--- Updating central model ---
Checkpoint saved in path: checkpoints/cifar10/alpha0.5_K5_N10000_cnn_E1_clr0.01_fedopt_sgd_slr1.0_sam_rho0.1_112125_19:29:24.ckpt
--- Round 77 of 10000: Training 5 Clients ---
Selected clients: ['58', '11', '82', '51', '35']
--- Updating central model ---
Checkpoint saved in path: checkpoints/cifar10/alpha0.5_K5_N10000_cnn_E1_clr0.01_fedopt_sgd_slr1.0_sam_rho0.1_112125_19:29:24.ckpt
--- Round 78 of 10000: Training 5 Clients ---
Selected clients: ['51', '23', '59', '63', '37']
--- Updating central model ---
Checkpoint saved in path: checkpoints/cifar10/alpha0.5_K5_N10000_cnn_E1_clr0.01_fedopt_sgd_slr1.0_sam_rho0.1_112125_19:29:24.ckpt
--- Round 79 of 10000: Training 5 Clients ---
Selected clients: ['44', '32', '26', '3', '71']
--- Updating central model ---
Checkpoint saved in path: checkpoints/cifar10/alpha0.5_K5_N10000_cnn_E1_clr0.01_fedopt_sgd_slr1.0_sam_rho0.1_112125_19:29:24.ckpt
--- Round 80 of 10000: Training 5 Clients ---
Selected clients: ['30', '44', '33', '26', '10']
--- Updating central model ---
Checkpoint saved in path: checkpoints/cifar10/alpha0.5_K5_N10000_cnn_E1_clr0.01_fedopt_sgd_slr1.0_sam_rho0.1_112125_19:29:24.ckpt
--- Round 81 of 10000: Training 5 Clients ---
Selected clients: ['68', '44', '34', '21', '86']
--- Updating central model ---
Checkpoint saved in path: checkpoints/cifar10/alpha0.5_K5_N10000_cnn_E1_clr0.01_fedopt_sgd_slr1.0_sam_rho0.1_112125_19:29:24.ckpt
--- Round 82 of 10000: Training 5 Clients ---
Selected clients: ['71', '21', '34', '5', '47']
--- Updating central model ---
Checkpoint saved in path: checkpoints/cifar10/alpha0.5_K5_N10000_cnn_E1_clr0.01_fedopt_sgd_slr1.0_sam_rho0.1_112125_19:29:24.ckpt
--- Round 83 of 10000: Training 5 Clients ---
Selected clients: ['19', '93', '65', '95', '39']
--- Updating central model ---
Checkpoint saved in path: checkpoints/cifar10/alpha0.5_K5_N10000_cnn_E1_clr0.01_fedopt_sgd_slr1.0_sam_rho0.1_112125_19:29:24.ckpt
--- Round 84 of 10000: Training 5 Clients ---
Selected clients: ['5', '77', '16', '17', '0']
--- Updating central model ---
Checkpoint saved in path: checkpoints/cifar10/alpha0.5_K5_N10000_cnn_E1_clr0.01_fedopt_sgd_slr1.0_sam_rho0.1_112125_19:29:24.ckpt
--- Round 85 of 10000: Training 5 Clients ---
Selected clients: ['39', '46', '91', '83', '60']
--- Updating central model ---
Checkpoint saved in path: checkpoints/cifar10/alpha0.5_K5_N10000_cnn_E1_clr0.01_fedopt_sgd_slr1.0_sam_rho0.1_112125_19:29:24.ckpt
--- Round 86 of 10000: Training 5 Clients ---
Selected clients: ['38', '67', '88', '56', '54']
--- Updating central model ---
Checkpoint saved in path: checkpoints/cifar10/alpha0.5_K5_N10000_cnn_E1_clr0.01_fedopt_sgd_slr1.0_sam_rho0.1_112125_19:29:24.ckpt
--- Round 87 of 10000: Training 5 Clients ---
Selected clients: ['19', '83', '90', '49', '81']
--- Updating central model ---
Checkpoint saved in path: checkpoints/cifar10/alpha0.5_K5_N10000_cnn_E1_clr0.01_fedopt_sgd_slr1.0_sam_rho0.1_112125_19:29:24.ckpt
--- Round 88 of 10000: Training 5 Clients ---
Selected clients: ['60', '35', '96', '9', '86']
--- Updating central model ---
Checkpoint saved in path: checkpoints/cifar10/alpha0.5_K5_N10000_cnn_E1_clr0.01_fedopt_sgd_slr1.0_sam_rho0.1_112125_19:29:24.ckpt
--- Round 89 of 10000: Training 5 Clients ---
Selected clients: ['49', '64', '37', '52', '3']
--- Updating central model ---
Checkpoint saved in path: checkpoints/cifar10/alpha0.5_K5_N10000_cnn_E1_clr0.01_fedopt_sgd_slr1.0_sam_rho0.1_112125_19:29:24.ckpt
--- Round 90 of 10000: Training 5 Clients ---
Selected clients: ['35', '77', '28', '97', '2']
--- Updating central model ---
Checkpoint saved in path: checkpoints/cifar10/alpha0.5_K5_N10000_cnn_E1_clr0.01_fedopt_sgd_slr1.0_sam_rho0.1_112125_19:29:24.ckpt
--- Round 91 of 10000: Training 5 Clients ---
Selected clients: ['43', '23', '55', '83', '21']
--- Updating central model ---
Checkpoint saved in path: checkpoints/cifar10/alpha0.5_K5_N10000_cnn_E1_clr0.01_fedopt_sgd_slr1.0_sam_rho0.1_112125_19:29:24.ckpt
--- Round 92 of 10000: Training 5 Clients ---
Selected clients: ['23', '24', '52', '96', '11']
--- Updating central model ---
Checkpoint saved in path: checkpoints/cifar10/alpha0.5_K5_N10000_cnn_E1_clr0.01_fedopt_sgd_slr1.0_sam_rho0.1_112125_19:29:24.ckpt
--- Round 93 of 10000: Training 5 Clients ---
Selected clients: ['59', '48', '93', '33', '17']
--- Updating central model ---
Checkpoint saved in path: checkpoints/cifar10/alpha0.5_K5_N10000_cnn_E1_clr0.01_fedopt_sgd_slr1.0_sam_rho0.1_112125_19:29:24.ckpt
--- Round 94 of 10000: Training 5 Clients ---
Selected clients: ['24', '78', '47', '85', '46']
--- Updating central model ---
Checkpoint saved in path: checkpoints/cifar10/alpha0.5_K5_N10000_cnn_E1_clr0.01_fedopt_sgd_slr1.0_sam_rho0.1_112125_19:29:24.ckpt
--- Round 95 of 10000: Training 5 Clients ---
Selected clients: ['39', '37', '80', '41', '35']
--- Updating central model ---
Checkpoint saved in path: checkpoints/cifar10/alpha0.5_K5_N10000_cnn_E1_clr0.01_fedopt_sgd_slr1.0_sam_rho0.1_112125_19:29:24.ckpt
--- Round 96 of 10000: Training 5 Clients ---
Selected clients: ['5', '87', '90', '20', '82']
--- Updating central model ---
Checkpoint saved in path: checkpoints/cifar10/alpha0.5_K5_N10000_cnn_E1_clr0.01_fedopt_sgd_slr1.0_sam_rho0.1_112125_19:29:24.ckpt
--- Round 97 of 10000: Training 5 Clients ---
Selected clients: ['21', '6', '0', '12', '18']
--- Updating central model ---
Checkpoint saved in path: checkpoints/cifar10/alpha0.5_K5_N10000_cnn_E1_clr0.01_fedopt_sgd_slr1.0_sam_rho0.1_112125_19:29:24.ckpt
--- Round 98 of 10000: Training 5 Clients ---
Selected clients: ['30', '87', '21', '97', '58']
--- Updating central model ---
Checkpoint saved in path: checkpoints/cifar10/alpha0.5_K5_N10000_cnn_E1_clr0.01_fedopt_sgd_slr1.0_sam_rho0.1_112125_19:29:24.ckpt
--- Round 99 of 10000: Training 5 Clients ---
Selected clients: ['15', '28', '35', '21', '85']
--- Updating central model ---
Checkpoint saved in path: checkpoints/cifar10/alpha0.5_K5_N10000_cnn_E1_clr0.01_fedopt_sgd_slr1.0_sam_rho0.1_112125_19:29:24.ckpt
--- Round 100 of 10000: Training 5 Clients ---
Selected clients: ['60', '62', '50', '19', '46']
--- Updating central model ---
train_accuracy: 11.3314, 10th percentile: 1.30849, 50th percentile: 7.12149, 90th percentile 27.395
train_loss: 2.30229, 10th percentile: 2.2806, 50th percentile: 2.30073, 90th percentile 2.32913
test_accuracy: 11.14, 10th percentile: 11.14, 50th percentile: 11.14, 90th percentile 11.14
test_loss: 2.30218, 10th percentile: 2.30218, 50th percentile: 2.30218, 90th percentile 2.30218
Checkpoint saved in path: checkpoints/cifar10/alpha0.5_K5_N10000_cnn_E1_clr0.01_fedopt_sgd_slr1.0_sam_rho0.1_112125_19:29:24.ckpt
--- Round 101 of 10000: Training 5 Clients ---
Selected clients: ['42', '50', '57', '82', '65']
--- Updating central model ---
Checkpoint saved in path: checkpoints/cifar10/alpha0.5_K5_N10000_cnn_E1_clr0.01_fedopt_sgd_slr1.0_sam_rho0.1_112125_19:29:24.ckpt
--- Round 102 of 10000: Training 5 Clients ---
Selected clients: ['92', '44', '59', '26', '30']
--- Updating central model ---
Checkpoint saved in path: checkpoints/cifar10/alpha0.5_K5_N10000_cnn_E1_clr0.01_fedopt_sgd_slr1.0_sam_rho0.1_112125_19:29:24.ckpt
--- Round 103 of 10000: Training 5 Clients ---
Selected clients: ['49', '93', '8', '26', '27']
--- Updating central model ---
Checkpoint saved in path: checkpoints/cifar10/alpha0.5_K5_N10000_cnn_E1_clr0.01_fedopt_sgd_slr1.0_sam_rho0.1_112125_19:29:24.ckpt
--- Round 104 of 10000: Training 5 Clients ---
Selected clients: ['81', '8', '97', '92', '43']
--- Updating central model ---
Checkpoint saved in path: checkpoints/cifar10/alpha0.5_K5_N10000_cnn_E1_clr0.01_fedopt_sgd_slr1.0_sam_rho0.1_112125_19:29:24.ckpt
--- Round 105 of 10000: Training 5 Clients ---
Selected clients: ['61', '94', '77', '64', '89']
--- Updating central model ---
Checkpoint saved in path: checkpoints/cifar10/alpha0.5_K5_N10000_cnn_E1_clr0.01_fedopt_sgd_slr1.0_sam_rho0.1_112125_19:29:24.ckpt
--- Round 106 of 10000: Training 5 Clients ---
Selected clients: ['52', '49', '5', '45', '7']
--- Updating central model ---
Checkpoint saved in path: checkpoints/cifar10/alpha0.5_K5_N10000_cnn_E1_clr0.01_fedopt_sgd_slr1.0_sam_rho0.1_112125_19:29:24.ckpt
--- Round 107 of 10000: Training 5 Clients ---
Selected clients: ['17', '34', '50', '90', '68']
--- Updating central model ---
Checkpoint saved in path: checkpoints/cifar10/alpha0.5_K5_N10000_cnn_E1_clr0.01_fedopt_sgd_slr1.0_sam_rho0.1_112125_19:29:24.ckpt
--- Round 108 of 10000: Training 5 Clients ---
Selected clients: ['90', '36', '25', '48', '94']
--- Updating central model ---
Checkpoint saved in path: checkpoints/cifar10/alpha0.5_K5_N10000_cnn_E1_clr0.01_fedopt_sgd_slr1.0_sam_rho0.1_112125_19:29:24.ckpt
--- Round 109 of 10000: Training 5 Clients ---
Selected clients: ['72', '40', '85', '3', '33']
--- Updating central model ---
Checkpoint saved in path: checkpoints/cifar10/alpha0.5_K5_N10000_cnn_E1_clr0.01_fedopt_sgd_slr1.0_sam_rho0.1_112125_19:29:24.ckpt
--- Round 110 of 10000: Training 5 Clients ---
Selected clients: ['98', '38', '10', '14', '90']
--- Updating central model ---
Checkpoint saved in path: checkpoints/cifar10/alpha0.5_K5_N10000_cnn_E1_clr0.01_fedopt_sgd_slr1.0_sam_rho0.1_112125_19:29:24.ckpt
--- Round 111 of 10000: Training 5 Clients ---
Selected clients: ['78', '2', '28', '84', '38']
--- Updating central model ---
Checkpoint saved in path: checkpoints/cifar10/alpha0.5_K5_N10000_cnn_E1_clr0.01_fedopt_sgd_slr1.0_sam_rho0.1_112125_19:29:24.ckpt
--- Round 112 of 10000: Training 5 Clients ---
Selected clients: ['48', '86', '27', '51', '85']
--- Updating central model ---
Checkpoint saved in path: checkpoints/cifar10/alpha0.5_K5_N10000_cnn_E1_clr0.01_fedopt_sgd_slr1.0_sam_rho0.1_112125_19:29:24.ckpt
--- Round 113 of 10000: Training 5 Clients ---
Selected clients: ['51', '70', '3', '95', '2']
--- Updating central model ---
Checkpoint saved in path: checkpoints/cifar10/alpha0.5_K5_N10000_cnn_E1_clr0.01_fedopt_sgd_slr1.0_sam_rho0.1_112125_19:29:24.ckpt
--- Round 114 of 10000: Training 5 Clients ---
Selected clients: ['78', '85', '2', '33', '30']
--- Updating central model ---
Checkpoint saved in path: checkpoints/cifar10/alpha0.5_K5_N10000_cnn_E1_clr0.01_fedopt_sgd_slr1.0_sam_rho0.1_112125_19:29:24.ckpt
--- Round 115 of 10000: Training 5 Clients ---
Selected clients: ['67', '91', '6', '21', '1']
--- Updating central model ---
Checkpoint saved in path: checkpoints/cifar10/alpha0.5_K5_N10000_cnn_E1_clr0.01_fedopt_sgd_slr1.0_sam_rho0.1_112125_19:29:24.ckpt
--- Round 116 of 10000: Training 5 Clients ---
Selected clients: ['3', '92', '23', '71', '48']
--- Updating central model ---
Checkpoint saved in path: checkpoints/cifar10/alpha0.5_K5_N10000_cnn_E1_clr0.01_fedopt_sgd_slr1.0_sam_rho0.1_112125_19:29:24.ckpt
--- Round 117 of 10000: Training 5 Clients ---
Selected clients: ['80', '28', '6', '12', '16']
--- Updating central model ---
Checkpoint saved in path: checkpoints/cifar10/alpha0.5_K5_N10000_cnn_E1_clr0.01_fedopt_sgd_slr1.0_sam_rho0.1_112125_19:29:24.ckpt
--- Round 118 of 10000: Training 5 Clients ---
Selected clients: ['86', '23', '73', '85', '12']
--- Updating central model ---
Checkpoint saved in path: checkpoints/cifar10/alpha0.5_K5_N10000_cnn_E1_clr0.01_fedopt_sgd_slr1.0_sam_rho0.1_112125_19:29:24.ckpt
--- Round 119 of 10000: Training 5 Clients ---
Selected clients: ['59', '6', '54', '96', '20']
--- Updating central model ---
Checkpoint saved in path: checkpoints/cifar10/alpha0.5_K5_N10000_cnn_E1_clr0.01_fedopt_sgd_slr1.0_sam_rho0.1_112125_19:29:24.ckpt
--- Round 120 of 10000: Training 5 Clients ---
Selected clients: ['74', '69', '50', '31', '14']
--- Updating central model ---
Checkpoint saved in path: checkpoints/cifar10/alpha0.5_K5_N10000_cnn_E1_clr0.01_fedopt_sgd_slr1.0_sam_rho0.1_112125_19:29:24.ckpt
--- Round 121 of 10000: Training 5 Clients ---
Selected clients: ['37', '54', '57', '64', '50']
--- Updating central model ---
Checkpoint saved in path: checkpoints/cifar10/alpha0.5_K5_N10000_cnn_E1_clr0.01_fedopt_sgd_slr1.0_sam_rho0.1_112125_19:29:24.ckpt
--- Round 122 of 10000: Training 5 Clients ---
Selected clients: ['33', '43', '79', '97', '53']
--- Updating central model ---
Checkpoint saved in path: checkpoints/cifar10/alpha0.5_K5_N10000_cnn_E1_clr0.01_fedopt_sgd_slr1.0_sam_rho0.1_112125_19:29:24.ckpt
--- Round 123 of 10000: Training 5 Clients ---
Selected clients: ['46', '54', '96', '99', '51']
--- Updating central model ---
Checkpoint saved in path: checkpoints/cifar10/alpha0.5_K5_N10000_cnn_E1_clr0.01_fedopt_sgd_slr1.0_sam_rho0.1_112125_19:29:24.ckpt
--- Round 124 of 10000: Training 5 Clients ---
Selected clients: ['76', '73', '22', '4', '10']
--- Updating central model ---
Checkpoint saved in path: checkpoints/cifar10/alpha0.5_K5_N10000_cnn_E1_clr0.01_fedopt_sgd_slr1.0_sam_rho0.1_112125_19:29:24.ckpt
--- Round 125 of 10000: Training 5 Clients ---
Selected clients: ['54', '45', '57', '10', '4']
--- Updating central model ---
Checkpoint saved in path: checkpoints/cifar10/alpha0.5_K5_N10000_cnn_E1_clr0.01_fedopt_sgd_slr1.0_sam_rho0.1_112125_19:29:24.ckpt
--- Round 126 of 10000: Training 5 Clients ---
Selected clients: ['19', '84', '49', '80', '16']
--- Updating central model ---
Checkpoint saved in path: checkpoints/cifar10/alpha0.5_K5_N10000_cnn_E1_clr0.01_fedopt_sgd_slr1.0_sam_rho0.1_112125_19:29:24.ckpt
--- Round 127 of 10000: Training 5 Clients ---
Selected clients: ['60', '31', '13', '22', '29']
--- Updating central model ---
Checkpoint saved in path: checkpoints/cifar10/alpha0.5_K5_N10000_cnn_E1_clr0.01_fedopt_sgd_slr1.0_sam_rho0.1_112125_19:29:24.ckpt
--- Round 128 of 10000: Training 5 Clients ---
Selected clients: ['77', '45', '19', '63', '16']
--- Updating central model ---
Checkpoint saved in path: checkpoints/cifar10/alpha0.5_K5_N10000_cnn_E1_clr0.01_fedopt_sgd_slr1.0_sam_rho0.1_112125_19:29:24.ckpt
--- Round 129 of 10000: Training 5 Clients ---
Selected clients: ['81', '26', '2', '57', '43']
--- Updating central model ---
Checkpoint saved in path: checkpoints/cifar10/alpha0.5_K5_N10000_cnn_E1_clr0.01_fedopt_sgd_slr1.0_sam_rho0.1_112125_19:29:24.ckpt
--- Round 130 of 10000: Training 5 Clients ---
Selected clients: ['70', '45', '89', '7', '59']
--- Updating central model ---
Checkpoint saved in path: checkpoints/cifar10/alpha0.5_K5_N10000_cnn_E1_clr0.01_fedopt_sgd_slr1.0_sam_rho0.1_112125_19:29:24.ckpt
--- Round 131 of 10000: Training 5 Clients ---
Selected clients: ['3', '25', '68', '86', '88']
--- Updating central model ---
Checkpoint saved in path: checkpoints/cifar10/alpha0.5_K5_N10000_cnn_E1_clr0.01_fedopt_sgd_slr1.0_sam_rho0.1_112125_19:29:24.ckpt
--- Round 132 of 10000: Training 5 Clients ---
Selected clients: ['98', '67', '68', '52', '53']
--- Updating central model ---
Checkpoint saved in path: checkpoints/cifar10/alpha0.5_K5_N10000_cnn_E1_clr0.01_fedopt_sgd_slr1.0_sam_rho0.1_112125_19:29:24.ckpt
--- Round 133 of 10000: Training 5 Clients ---
Selected clients: ['54', '15', '32', '95', '39']
--- Updating central model ---
Checkpoint saved in path: checkpoints/cifar10/alpha0.5_K5_N10000_cnn_E1_clr0.01_fedopt_sgd_slr1.0_sam_rho0.1_112125_19:29:24.ckpt
--- Round 134 of 10000: Training 5 Clients ---
Selected clients: ['68', '81', '5', '18', '56']
--- Updating central model ---
Checkpoint saved in path: checkpoints/cifar10/alpha0.5_K5_N10000_cnn_E1_clr0.01_fedopt_sgd_slr1.0_sam_rho0.1_112125_19:29:24.ckpt
--- Round 135 of 10000: Training 5 Clients ---
Selected clients: ['98', '71', '60', '30', '68']
--- Updating central model ---
Checkpoint saved in path: checkpoints/cifar10/alpha0.5_K5_N10000_cnn_E1_clr0.01_fedopt_sgd_slr1.0_sam_rho0.1_112125_19:29:24.ckpt
--- Round 136 of 10000: Training 5 Clients ---
Selected clients: ['82', '22', '74', '2', '20']
--- Updating central model ---
Checkpoint saved in path: checkpoints/cifar10/alpha0.5_K5_N10000_cnn_E1_clr0.01_fedopt_sgd_slr1.0_sam_rho0.1_112125_19:29:24.ckpt
--- Round 137 of 10000: Training 5 Clients ---
Selected clients: ['92', '34', '61', '39', '26']
--- Updating central model ---
Checkpoint saved in path: checkpoints/cifar10/alpha0.5_K5_N10000_cnn_E1_clr0.01_fedopt_sgd_slr1.0_sam_rho0.1_112125_19:29:24.ckpt
--- Round 138 of 10000: Training 5 Clients ---
Selected clients: ['6', '54', '11', '92', '28']
--- Updating central model ---
Checkpoint saved in path: checkpoints/cifar10/alpha0.5_K5_N10000_cnn_E1_clr0.01_fedopt_sgd_slr1.0_sam_rho0.1_112125_19:29:24.ckpt
--- Round 139 of 10000: Training 5 Clients ---
Selected clients: ['3', '48', '28', '43', '95']
--- Updating central model ---
Checkpoint saved in path: checkpoints/cifar10/alpha0.5_K5_N10000_cnn_E1_clr0.01_fedopt_sgd_slr1.0_sam_rho0.1_112125_19:29:24.ckpt
--- Round 140 of 10000: Training 5 Clients ---
Selected clients: ['67', '11', '83', '24', '38']
--- Updating central model ---
Checkpoint saved in path: checkpoints/cifar10/alpha0.5_K5_N10000_cnn_E1_clr0.01_fedopt_sgd_slr1.0_sam_rho0.1_112125_19:29:24.ckpt
--- Round 141 of 10000: Training 5 Clients ---
Selected clients: ['51', '41', '27', '11', '65']
--- Updating central model ---
Checkpoint saved in path: checkpoints/cifar10/alpha0.5_K5_N10000_cnn_E1_clr0.01_fedopt_sgd_slr1.0_sam_rho0.1_112125_19:29:24.ckpt
--- Round 142 of 10000: Training 5 Clients ---
Selected clients: ['86', '36', '79', '32', '47']
--- Updating central model ---
Checkpoint saved in path: checkpoints/cifar10/alpha0.5_K5_N10000_cnn_E1_clr0.01_fedopt_sgd_slr1.0_sam_rho0.1_112125_19:29:24.ckpt
--- Round 143 of 10000: Training 5 Clients ---
Selected clients: ['56', '29', '5', '52', '99']
--- Updating central model ---
Checkpoint saved in path: checkpoints/cifar10/alpha0.5_K5_N10000_cnn_E1_clr0.01_fedopt_sgd_slr1.0_sam_rho0.1_112125_19:29:24.ckpt
--- Round 144 of 10000: Training 5 Clients ---
Selected clients: ['67', '98', '45', '32', '80']
--- Updating central model ---
Checkpoint saved in path: checkpoints/cifar10/alpha0.5_K5_N10000_cnn_E1_clr0.01_fedopt_sgd_slr1.0_sam_rho0.1_112125_19:29:24.ckpt
--- Round 145 of 10000: Training 5 Clients ---
Selected clients: ['68', '56', '1', '96', '61']
--- Updating central model ---
Checkpoint saved in path: checkpoints/cifar10/alpha0.5_K5_N10000_cnn_E1_clr0.01_fedopt_sgd_slr1.0_sam_rho0.1_112125_19:29:24.ckpt
--- Round 146 of 10000: Training 5 Clients ---
Selected clients: ['48', '86', '5', '44', '41']
--- Updating central model ---
Checkpoint saved in path: checkpoints/cifar10/alpha0.5_K5_N10000_cnn_E1_clr0.01_fedopt_sgd_slr1.0_sam_rho0.1_112125_19:29:24.ckpt
--- Round 147 of 10000: Training 5 Clients ---
Selected clients: ['40', '59', '24', '52', '93']
--- Updating central model ---
Checkpoint saved in path: checkpoints/cifar10/alpha0.5_K5_N10000_cnn_E1_clr0.01_fedopt_sgd_slr1.0_sam_rho0.1_112125_19:29:24.ckpt
--- Round 148 of 10000: Training 5 Clients ---
Selected clients: ['23', '54', '3', '5', '51']
--- Updating central model ---
Checkpoint saved in path: checkpoints/cifar10/alpha0.5_K5_N10000_cnn_E1_clr0.01_fedopt_sgd_slr1.0_sam_rho0.1_112125_19:29:24.ckpt
--- Round 149 of 10000: Training 5 Clients ---
Selected clients: ['80', '33', '58', '50', '32']
--- Updating central model ---
Checkpoint saved in path: checkpoints/cifar10/alpha0.5_K5_N10000_cnn_E1_clr0.01_fedopt_sgd_slr1.0_sam_rho0.1_112125_19:29:24.ckpt
--- Round 150 of 10000: Training 5 Clients ---
Selected clients: ['69', '97', '27', '30', '61']
--- Updating central model ---
Checkpoint saved in path: checkpoints/cifar10/alpha0.5_K5_N10000_cnn_E1_clr0.01_fedopt_sgd_slr1.0_sam_rho0.1_112125_19:29:24.ckpt
--- Round 151 of 10000: Training 5 Clients ---
Selected clients: ['38', '91', '73', '24', '8']
--- Updating central model ---
Checkpoint saved in path: checkpoints/cifar10/alpha0.5_K5_N10000_cnn_E1_clr0.01_fedopt_sgd_slr1.0_sam_rho0.1_112125_19:29:24.ckpt
--- Round 152 of 10000: Training 5 Clients ---
Selected clients: ['30', '51', '19', '90', '9']
--- Updating central model ---
Checkpoint saved in path: checkpoints/cifar10/alpha0.5_K5_N10000_cnn_E1_clr0.01_fedopt_sgd_slr1.0_sam_rho0.1_112125_19:29:24.ckpt
--- Round 153 of 10000: Training 5 Clients ---
Selected clients: ['85', '64', '12', '6', '48']
--- Updating central model ---
Checkpoint saved in path: checkpoints/cifar10/alpha0.5_K5_N10000_cnn_E1_clr0.01_fedopt_sgd_slr1.0_sam_rho0.1_112125_19:29:24.ckpt
--- Round 154 of 10000: Training 5 Clients ---
Selected clients: ['36', '43', '77', '31', '96']
--- Updating central model ---
Checkpoint saved in path: checkpoints/cifar10/alpha0.5_K5_N10000_cnn_E1_clr0.01_fedopt_sgd_slr1.0_sam_rho0.1_112125_19:29:24.ckpt
--- Round 155 of 10000: Training 5 Clients ---
Selected clients: ['22', '21', '94', '10', '1']
--- Updating central model ---
Checkpoint saved in path: checkpoints/cifar10/alpha0.5_K5_N10000_cnn_E1_clr0.01_fedopt_sgd_slr1.0_sam_rho0.1_112125_19:29:24.ckpt
--- Round 156 of 10000: Training 5 Clients ---
Selected clients: ['50', '72', '96', '15', '9']
--- Updating central model ---
Checkpoint saved in path: checkpoints/cifar10/alpha0.5_K5_N10000_cnn_E1_clr0.01_fedopt_sgd_slr1.0_sam_rho0.1_112125_19:29:24.ckpt
--- Round 157 of 10000: Training 5 Clients ---
Selected clients: ['22', '40', '51', '48', '79']
--- Updating central model ---
Checkpoint saved in path: checkpoints/cifar10/alpha0.5_K5_N10000_cnn_E1_clr0.01_fedopt_sgd_slr1.0_sam_rho0.1_112125_19:29:24.ckpt
--- Round 158 of 10000: Training 5 Clients ---
Selected clients: ['58', '45', '88', '28', '66']
--- Updating central model ---
Checkpoint saved in path: checkpoints/cifar10/alpha0.5_K5_N10000_cnn_E1_clr0.01_fedopt_sgd_slr1.0_sam_rho0.1_112125_19:29:24.ckpt
--- Round 159 of 10000: Training 5 Clients ---
Selected clients: ['27', '69', '14', '20', '42']
--- Updating central model ---
Checkpoint saved in path: checkpoints/cifar10/alpha0.5_K5_N10000_cnn_E1_clr0.01_fedopt_sgd_slr1.0_sam_rho0.1_112125_19:29:24.ckpt
--- Round 160 of 10000: Training 5 Clients ---
Selected clients: ['71', '74', '83', '94', '25']
--- Updating central model ---
Checkpoint saved in path: checkpoints/cifar10/alpha0.5_K5_N10000_cnn_E1_clr0.01_fedopt_sgd_slr1.0_sam_rho0.1_112125_19:29:24.ckpt
--- Round 161 of 10000: Training 5 Clients ---
Selected clients: ['43', '61', '24', '9', '75']
--- Updating central model ---
Checkpoint saved in path: checkpoints/cifar10/alpha0.5_K5_N10000_cnn_E1_clr0.01_fedopt_sgd_slr1.0_sam_rho0.1_112125_19:29:24.ckpt
--- Round 162 of 10000: Training 5 Clients ---
Selected clients: ['99', '97', '85', '53', '38']
--- Updating central model ---
Checkpoint saved in path: checkpoints/cifar10/alpha0.5_K5_N10000_cnn_E1_clr0.01_fedopt_sgd_slr1.0_sam_rho0.1_112125_19:29:24.ckpt
--- Round 163 of 10000: Training 5 Clients ---
Selected clients: ['26', '37', '48', '34', '95']
--- Updating central model ---
Checkpoint saved in path: checkpoints/cifar10/alpha0.5_K5_N10000_cnn_E1_clr0.01_fedopt_sgd_slr1.0_sam_rho0.1_112125_19:29:24.ckpt
--- Round 164 of 10000: Training 5 Clients ---
Selected clients: ['64', '15', '99', '29', '10']
--- Updating central model ---
Checkpoint saved in path: checkpoints/cifar10/alpha0.5_K5_N10000_cnn_E1_clr0.01_fedopt_sgd_slr1.0_sam_rho0.1_112125_19:29:24.ckpt
--- Round 165 of 10000: Training 5 Clients ---
Selected clients: ['80', '49', '77', '55', '3']
--- Updating central model ---
Checkpoint saved in path: checkpoints/cifar10/alpha0.5_K5_N10000_cnn_E1_clr0.01_fedopt_sgd_slr1.0_sam_rho0.1_112125_19:29:24.ckpt
--- Round 166 of 10000: Training 5 Clients ---
Selected clients: ['66', '80', '75', '27', '50']
--- Updating central model ---
Checkpoint saved in path: checkpoints/cifar10/alpha0.5_K5_N10000_cnn_E1_clr0.01_fedopt_sgd_slr1.0_sam_rho0.1_112125_19:29:24.ckpt
--- Round 167 of 10000: Training 5 Clients ---
Selected clients: ['40', '52', '93', '35', '45']
--- Updating central model ---
Checkpoint saved in path: checkpoints/cifar10/alpha0.5_K5_N10000_cnn_E1_clr0.01_fedopt_sgd_slr1.0_sam_rho0.1_112125_19:29:24.ckpt
--- Round 168 of 10000: Training 5 Clients ---
Selected clients: ['26', '12', '71', '63', '56']
--- Updating central model ---
Checkpoint saved in path: checkpoints/cifar10/alpha0.5_K5_N10000_cnn_E1_clr0.01_fedopt_sgd_slr1.0_sam_rho0.1_112125_19:29:24.ckpt
--- Round 169 of 10000: Training 5 Clients ---
Selected clients: ['28', '46', '80', '71', '17']
--- Updating central model ---
Checkpoint saved in path: checkpoints/cifar10/alpha0.5_K5_N10000_cnn_E1_clr0.01_fedopt_sgd_slr1.0_sam_rho0.1_112125_19:29:24.ckpt
--- Round 170 of 10000: Training 5 Clients ---
Selected clients: ['46', '19', '61', '59', '5']
--- Updating central model ---
Checkpoint saved in path: checkpoints/cifar10/alpha0.5_K5_N10000_cnn_E1_clr0.01_fedopt_sgd_slr1.0_sam_rho0.1_112125_19:29:24.ckpt
--- Round 171 of 10000: Training 5 Clients ---
Selected clients: ['50', '57', '73', '86', '3']
--- Updating central model ---
Checkpoint saved in path: checkpoints/cifar10/alpha0.5_K5_N10000_cnn_E1_clr0.01_fedopt_sgd_slr1.0_sam_rho0.1_112125_19:29:24.ckpt
--- Round 172 of 10000: Training 5 Clients ---
Selected clients: ['60', '37', '96', '62', '55']
--- Updating central model ---
Checkpoint saved in path: checkpoints/cifar10/alpha0.5_K5_N10000_cnn_E1_clr0.01_fedopt_sgd_slr1.0_sam_rho0.1_112125_19:29:24.ckpt
--- Round 173 of 10000: Training 5 Clients ---
Selected clients: ['75', '61', '36', '56', '59']
--- Updating central model ---
Checkpoint saved in path: checkpoints/cifar10/alpha0.5_K5_N10000_cnn_E1_clr0.01_fedopt_sgd_slr1.0_sam_rho0.1_112125_19:29:24.ckpt
--- Round 174 of 10000: Training 5 Clients ---
Selected clients: ['91', '80', '54', '66', '92']
--- Updating central model ---
Checkpoint saved in path: checkpoints/cifar10/alpha0.5_K5_N10000_cnn_E1_clr0.01_fedopt_sgd_slr1.0_sam_rho0.1_112125_19:29:24.ckpt
--- Round 175 of 10000: Training 5 Clients ---
Selected clients: ['77', '80', '70', '60', '44']
--- Updating central model ---
Checkpoint saved in path: checkpoints/cifar10/alpha0.5_K5_N10000_cnn_E1_clr0.01_fedopt_sgd_slr1.0_sam_rho0.1_112125_19:29:24.ckpt
--- Round 176 of 10000: Training 5 Clients ---
Selected clients: ['17', '43', '75', '36', '54']
--- Updating central model ---
Checkpoint saved in path: checkpoints/cifar10/alpha0.5_K5_N10000_cnn_E1_clr0.01_fedopt_sgd_slr1.0_sam_rho0.1_112125_19:29:24.ckpt
--- Round 177 of 10000: Training 5 Clients ---
Selected clients: ['43', '29', '11', '87', '34']
--- Updating central model ---
Checkpoint saved in path: checkpoints/cifar10/alpha0.5_K5_N10000_cnn_E1_clr0.01_fedopt_sgd_slr1.0_sam_rho0.1_112125_19:29:24.ckpt
--- Round 178 of 10000: Training 5 Clients ---
Selected clients: ['21', '48', '18', '61', '78']
--- Updating central model ---
Checkpoint saved in path: checkpoints/cifar10/alpha0.5_K5_N10000_cnn_E1_clr0.01_fedopt_sgd_slr1.0_sam_rho0.1_112125_19:29:24.ckpt
--- Round 179 of 10000: Training 5 Clients ---
Selected clients: ['51', '77', '24', '65', '19']
--- Updating central model ---
Checkpoint saved in path: checkpoints/cifar10/alpha0.5_K5_N10000_cnn_E1_clr0.01_fedopt_sgd_slr1.0_sam_rho0.1_112125_19:29:24.ckpt
--- Round 180 of 10000: Training 5 Clients ---
Selected clients: ['49', '97', '33', '27', '23']
--- Updating central model ---
Checkpoint saved in path: checkpoints/cifar10/alpha0.5_K5_N10000_cnn_E1_clr0.01_fedopt_sgd_slr1.0_sam_rho0.1_112125_19:29:24.ckpt
--- Round 181 of 10000: Training 5 Clients ---
Selected clients: ['54', '43', '4', '70', '44']
--- Updating central model ---
Checkpoint saved in path: checkpoints/cifar10/alpha0.5_K5_N10000_cnn_E1_clr0.01_fedopt_sgd_slr1.0_sam_rho0.1_112125_19:29:24.ckpt
--- Round 182 of 10000: Training 5 Clients ---
Selected clients: ['48', '57', '37', '0', '95']
--- Updating central model ---
Checkpoint saved in path: checkpoints/cifar10/alpha0.5_K5_N10000_cnn_E1_clr0.01_fedopt_sgd_slr1.0_sam_rho0.1_112125_19:29:24.ckpt
--- Round 183 of 10000: Training 5 Clients ---
Selected clients: ['44', '88', '25', '62', '3']
--- Updating central model ---
Checkpoint saved in path: checkpoints/cifar10/alpha0.5_K5_N10000_cnn_E1_clr0.01_fedopt_sgd_slr1.0_sam_rho0.1_112125_19:29:24.ckpt
--- Round 184 of 10000: Training 5 Clients ---
Selected clients: ['20', '97', '85', '14', '7']
--- Updating central model ---
Checkpoint saved in path: checkpoints/cifar10/alpha0.5_K5_N10000_cnn_E1_clr0.01_fedopt_sgd_slr1.0_sam_rho0.1_112125_19:29:24.ckpt
--- Round 185 of 10000: Training 5 Clients ---
Selected clients: ['0', '48', '52', '49', '43']
--- Updating central model ---
Checkpoint saved in path: checkpoints/cifar10/alpha0.5_K5_N10000_cnn_E1_clr0.01_fedopt_sgd_slr1.0_sam_rho0.1_112125_19:29:24.ckpt
--- Round 186 of 10000: Training 5 Clients ---
Selected clients: ['51', '80', '32', '37', '4']
--- Updating central model ---
Checkpoint saved in path: checkpoints/cifar10/alpha0.5_K5_N10000_cnn_E1_clr0.01_fedopt_sgd_slr1.0_sam_rho0.1_112125_19:29:24.ckpt
--- Round 187 of 10000: Training 5 Clients ---
Selected clients: ['71', '70', '30', '90', '36']
--- Updating central model ---
Checkpoint saved in path: checkpoints/cifar10/alpha0.5_K5_N10000_cnn_E1_clr0.01_fedopt_sgd_slr1.0_sam_rho0.1_112125_19:29:24.ckpt
--- Round 188 of 10000: Training 5 Clients ---
Selected clients: ['17', '16', '90', '48', '8']
--- Updating central model ---
Checkpoint saved in path: checkpoints/cifar10/alpha0.5_K5_N10000_cnn_E1_clr0.01_fedopt_sgd_slr1.0_sam_rho0.1_112125_19:29:24.ckpt
--- Round 189 of 10000: Training 5 Clients ---
Selected clients: ['37', '45', '5', '93', '72']
--- Updating central model ---
Checkpoint saved in path: checkpoints/cifar10/alpha0.5_K5_N10000_cnn_E1_clr0.01_fedopt_sgd_slr1.0_sam_rho0.1_112125_19:29:24.ckpt
--- Round 190 of 10000: Training 5 Clients ---
Selected clients: ['89', '60', '6', '3', '66']
--- Updating central model ---
Checkpoint saved in path: checkpoints/cifar10/alpha0.5_K5_N10000_cnn_E1_clr0.01_fedopt_sgd_slr1.0_sam_rho0.1_112125_19:29:24.ckpt
--- Round 191 of 10000: Training 5 Clients ---
Selected clients: ['79', '31', '51', '85', '37']
--- Updating central model ---
Checkpoint saved in path: checkpoints/cifar10/alpha0.5_K5_N10000_cnn_E1_clr0.01_fedopt_sgd_slr1.0_sam_rho0.1_112125_19:29:24.ckpt
--- Round 192 of 10000: Training 5 Clients ---
Selected clients: ['52', '75', '87', '41', '96']
--- Updating central model ---
Checkpoint saved in path: checkpoints/cifar10/alpha0.5_K5_N10000_cnn_E1_clr0.01_fedopt_sgd_slr1.0_sam_rho0.1_112125_19:29:24.ckpt
--- Round 193 of 10000: Training 5 Clients ---
Selected clients: ['71', '10', '92', '44', '21']
--- Updating central model ---
Checkpoint saved in path: checkpoints/cifar10/alpha0.5_K5_N10000_cnn_E1_clr0.01_fedopt_sgd_slr1.0_sam_rho0.1_112125_19:29:24.ckpt
--- Round 194 of 10000: Training 5 Clients ---
Selected clients: ['60', '85', '56', '46', '33']
--- Updating central model ---
Checkpoint saved in path: checkpoints/cifar10/alpha0.5_K5_N10000_cnn_E1_clr0.01_fedopt_sgd_slr1.0_sam_rho0.1_112125_19:29:24.ckpt
--- Round 195 of 10000: Training 5 Clients ---
Selected clients: ['12', '78', '87', '32', '47']
--- Updating central model ---
Checkpoint saved in path: checkpoints/cifar10/alpha0.5_K5_N10000_cnn_E1_clr0.01_fedopt_sgd_slr1.0_sam_rho0.1_112125_19:29:24.ckpt
--- Round 196 of 10000: Training 5 Clients ---
Selected clients: ['14', '18', '74', '89', '26']
--- Updating central model ---
Checkpoint saved in path: checkpoints/cifar10/alpha0.5_K5_N10000_cnn_E1_clr0.01_fedopt_sgd_slr1.0_sam_rho0.1_112125_19:29:24.ckpt
--- Round 197 of 10000: Training 5 Clients ---
Selected clients: ['12', '66', '45', '3', '21']
--- Updating central model ---
Checkpoint saved in path: checkpoints/cifar10/alpha0.5_K5_N10000_cnn_E1_clr0.01_fedopt_sgd_slr1.0_sam_rho0.1_112125_19:29:24.ckpt
--- Round 198 of 10000: Training 5 Clients ---
Selected clients: ['76', '0', '51', '47', '82']
--- Updating central model ---
Checkpoint saved in path: checkpoints/cifar10/alpha0.5_K5_N10000_cnn_E1_clr0.01_fedopt_sgd_slr1.0_sam_rho0.1_112125_19:29:24.ckpt
--- Round 199 of 10000: Training 5 Clients ---
Selected clients: ['26', '52', '45', '4', '13']
--- Updating central model ---
Checkpoint saved in path: checkpoints/cifar10/alpha0.5_K5_N10000_cnn_E1_clr0.01_fedopt_sgd_slr1.0_sam_rho0.1_112125_19:29:24.ckpt
--- Round 200 of 10000: Training 5 Clients ---
Selected clients: ['16', '91', '75', '48', '34']
--- Updating central model ---
train_accuracy: 9.96286, 10th percentile: 0.237682, 50th percentile: 5.16232, 90th percentile 24.953
train_loss: 2.29923, 10th percentile: 2.27892, 50th percentile: 2.29929, 90th percentile 2.31967
test_accuracy: 9.98, 10th percentile: 9.98, 50th percentile: 9.98, 90th percentile 9.98
test_loss: 2.29902, 10th percentile: 2.29902, 50th percentile: 2.29902, 90th percentile 2.29902
Checkpoint saved in path: checkpoints/cifar10/alpha0.5_K5_N10000_cnn_E1_clr0.01_fedopt_sgd_slr1.0_sam_rho0.1_112125_19:29:24.ckpt
--- Round 201 of 10000: Training 5 Clients ---
Selected clients: ['65', '88', '51', '78', '91']
--- Updating central model ---
Checkpoint saved in path: checkpoints/cifar10/alpha0.5_K5_N10000_cnn_E1_clr0.01_fedopt_sgd_slr1.0_sam_rho0.1_112125_19:29:24.ckpt
--- Round 202 of 10000: Training 5 Clients ---
Selected clients: ['2', '54', '7', '61', '22']
--- Updating central model ---
Checkpoint saved in path: checkpoints/cifar10/alpha0.5_K5_N10000_cnn_E1_clr0.01_fedopt_sgd_slr1.0_sam_rho0.1_112125_19:29:24.ckpt
--- Round 203 of 10000: Training 5 Clients ---
Selected clients: ['10', '71', '37', '16', '28']
--- Updating central model ---
Checkpoint saved in path: checkpoints/cifar10/alpha0.5_K5_N10000_cnn_E1_clr0.01_fedopt_sgd_slr1.0_sam_rho0.1_112125_19:29:24.ckpt
--- Round 204 of 10000: Training 5 Clients ---
Selected clients: ['96', '94', '57', '97', '54']
--- Updating central model ---
Checkpoint saved in path: checkpoints/cifar10/alpha0.5_K5_N10000_cnn_E1_clr0.01_fedopt_sgd_slr1.0_sam_rho0.1_112125_19:29:24.ckpt
--- Round 205 of 10000: Training 5 Clients ---
Selected clients: ['85', '38', '45', '72', '1']
--- Updating central model ---
Checkpoint saved in path: checkpoints/cifar10/alpha0.5_K5_N10000_cnn_E1_clr0.01_fedopt_sgd_slr1.0_sam_rho0.1_112125_19:29:24.ckpt
--- Round 206 of 10000: Training 5 Clients ---
Selected clients: ['39', '89', '95', '25', '79']
--- Updating central model ---
Checkpoint saved in path: checkpoints/cifar10/alpha0.5_K5_N10000_cnn_E1_clr0.01_fedopt_sgd_slr1.0_sam_rho0.1_112125_19:29:24.ckpt
--- Round 207 of 10000: Training 5 Clients ---
Selected clients: ['0', '2', '25', '95', '18']
--- Updating central model ---
Checkpoint saved in path: checkpoints/cifar10/alpha0.5_K5_N10000_cnn_E1_clr0.01_fedopt_sgd_slr1.0_sam_rho0.1_112125_19:29:24.ckpt
--- Round 208 of 10000: Training 5 Clients ---
Selected clients: ['16', '5', '93', '11', '39']
--- Updating central model ---
Checkpoint saved in path: checkpoints/cifar10/alpha0.5_K5_N10000_cnn_E1_clr0.01_fedopt_sgd_slr1.0_sam_rho0.1_112125_19:29:24.ckpt
--- Round 209 of 10000: Training 5 Clients ---
Selected clients: ['91', '12', '88', '61', '54']
--- Updating central model ---
Checkpoint saved in path: checkpoints/cifar10/alpha0.5_K5_N10000_cnn_E1_clr0.01_fedopt_sgd_slr1.0_sam_rho0.1_112125_19:29:24.ckpt
--- Round 210 of 10000: Training 5 Clients ---
Selected clients: ['23', '79', '25', '97', '13']
--- Updating central model ---
Checkpoint saved in path: checkpoints/cifar10/alpha0.5_K5_N10000_cnn_E1_clr0.01_fedopt_sgd_slr1.0_sam_rho0.1_112125_19:29:24.ckpt
--- Round 211 of 10000: Training 5 Clients ---
Selected clients: ['73', '27', '2', '13', '26']
--- Updating central model ---
Checkpoint saved in path: checkpoints/cifar10/alpha0.5_K5_N10000_cnn_E1_clr0.01_fedopt_sgd_slr1.0_sam_rho0.1_112125_19:29:24.ckpt
--- Round 212 of 10000: Training 5 Clients ---
Selected clients: ['51', '22', '70', '11', '34']
--- Updating central model ---
Checkpoint saved in path: checkpoints/cifar10/alpha0.5_K5_N10000_cnn_E1_clr0.01_fedopt_sgd_slr1.0_sam_rho0.1_112125_19:29:24.ckpt
--- Round 213 of 10000: Training 5 Clients ---
Selected clients: ['56', '98', '36', '8', '89']
--- Updating central model ---
Checkpoint saved in path: checkpoints/cifar10/alpha0.5_K5_N10000_cnn_E1_clr0.01_fedopt_sgd_slr1.0_sam_rho0.1_112125_19:29:24.ckpt
--- Round 214 of 10000: Training 5 Clients ---
Selected clients: ['59', '88', '73', '74', '13']
--- Updating central model ---
Checkpoint saved in path: checkpoints/cifar10/alpha0.5_K5_N10000_cnn_E1_clr0.01_fedopt_sgd_slr1.0_sam_rho0.1_112125_19:29:24.ckpt
--- Round 215 of 10000: Training 5 Clients ---
Selected clients: ['42', '86', '53', '52', '5']
--- Updating central model ---
Checkpoint saved in path: checkpoints/cifar10/alpha0.5_K5_N10000_cnn_E1_clr0.01_fedopt_sgd_slr1.0_sam_rho0.1_112125_19:29:24.ckpt
--- Round 216 of 10000: Training 5 Clients ---
Selected clients: ['69', '47', '99', '68', '83']
--- Updating central model ---
Checkpoint saved in path: checkpoints/cifar10/alpha0.5_K5_N10000_cnn_E1_clr0.01_fedopt_sgd_slr1.0_sam_rho0.1_112125_19:29:24.ckpt
--- Round 217 of 10000: Training 5 Clients ---
Selected clients: ['87', '74', '46', '92', '44']
--- Updating central model ---
Checkpoint saved in path: checkpoints/cifar10/alpha0.5_K5_N10000_cnn_E1_clr0.01_fedopt_sgd_slr1.0_sam_rho0.1_112125_19:29:24.ckpt
--- Round 218 of 10000: Training 5 Clients ---
Selected clients: ['20', '95', '1', '72', '17']
--- Updating central model ---
Checkpoint saved in path: checkpoints/cifar10/alpha0.5_K5_N10000_cnn_E1_clr0.01_fedopt_sgd_slr1.0_sam_rho0.1_112125_19:29:24.ckpt
--- Round 219 of 10000: Training 5 Clients ---
Selected clients: ['85', '83', '7', '17', '60']
--- Updating central model ---
Checkpoint saved in path: checkpoints/cifar10/alpha0.5_K5_N10000_cnn_E1_clr0.01_fedopt_sgd_slr1.0_sam_rho0.1_112125_19:29:24.ckpt
--- Round 220 of 10000: Training 5 Clients ---
Selected clients: ['79', '42', '8', '3', '61']
--- Updating central model ---
Checkpoint saved in path: checkpoints/cifar10/alpha0.5_K5_N10000_cnn_E1_clr0.01_fedopt_sgd_slr1.0_sam_rho0.1_112125_19:29:24.ckpt
--- Round 221 of 10000: Training 5 Clients ---
Selected clients: ['59', '62', '77', '20', '28']
--- Updating central model ---
Checkpoint saved in path: checkpoints/cifar10/alpha0.5_K5_N10000_cnn_E1_clr0.01_fedopt_sgd_slr1.0_sam_rho0.1_112125_19:29:24.ckpt
--- Round 222 of 10000: Training 5 Clients ---
Selected clients: ['88', '98', '94', '78', '47']
--- Updating central model ---
Checkpoint saved in path: checkpoints/cifar10/alpha0.5_K5_N10000_cnn_E1_clr0.01_fedopt_sgd_slr1.0_sam_rho0.1_112125_19:29:24.ckpt
--- Round 223 of 10000: Training 5 Clients ---
Selected clients: ['23', '63', '54', '0', '69']
--- Updating central model ---
Checkpoint saved in path: checkpoints/cifar10/alpha0.5_K5_N10000_cnn_E1_clr0.01_fedopt_sgd_slr1.0_sam_rho0.1_112125_19:29:24.ckpt
--- Round 224 of 10000: Training 5 Clients ---
Selected clients: ['77', '21', '98', '18', '76']
--- Updating central model ---
Checkpoint saved in path: checkpoints/cifar10/alpha0.5_K5_N10000_cnn_E1_clr0.01_fedopt_sgd_slr1.0_sam_rho0.1_112125_19:29:24.ckpt
--- Round 225 of 10000: Training 5 Clients ---
Selected clients: ['67', '89', '64', '31', '22']
--- Updating central model ---
Checkpoint saved in path: checkpoints/cifar10/alpha0.5_K5_N10000_cnn_E1_clr0.01_fedopt_sgd_slr1.0_sam_rho0.1_112125_19:29:24.ckpt
--- Round 226 of 10000: Training 5 Clients ---
Selected clients: ['60', '72', '45', '5', '90']
--- Updating central model ---
Checkpoint saved in path: checkpoints/cifar10/alpha0.5_K5_N10000_cnn_E1_clr0.01_fedopt_sgd_slr1.0_sam_rho0.1_112125_19:29:24.ckpt
--- Round 227 of 10000: Training 5 Clients ---
Selected clients: ['87', '20', '73', '4', '61']
--- Updating central model ---
Checkpoint saved in path: checkpoints/cifar10/alpha0.5_K5_N10000_cnn_E1_clr0.01_fedopt_sgd_slr1.0_sam_rho0.1_112125_19:29:24.ckpt
--- Round 228 of 10000: Training 5 Clients ---
Selected clients: ['96', '32', '22', '1', '25']
--- Updating central model ---
Checkpoint saved in path: checkpoints/cifar10/alpha0.5_K5_N10000_cnn_E1_clr0.01_fedopt_sgd_slr1.0_sam_rho0.1_112125_19:29:24.ckpt
--- Round 229 of 10000: Training 5 Clients ---
Selected clients: ['36', '59', '15', '64', '56']
--- Updating central model ---
Checkpoint saved in path: checkpoints/cifar10/alpha0.5_K5_N10000_cnn_E1_clr0.01_fedopt_sgd_slr1.0_sam_rho0.1_112125_19:29:24.ckpt
--- Round 230 of 10000: Training 5 Clients ---
Selected clients: ['11', '18', '83', '9', '74']
--- Updating central model ---
Checkpoint saved in path: checkpoints/cifar10/alpha0.5_K5_N10000_cnn_E1_clr0.01_fedopt_sgd_slr1.0_sam_rho0.1_112125_19:29:24.ckpt
--- Round 231 of 10000: Training 5 Clients ---
Selected clients: ['87', '10', '18', '91', '98']
--- Updating central model ---
Checkpoint saved in path: checkpoints/cifar10/alpha0.5_K5_N10000_cnn_E1_clr0.01_fedopt_sgd_slr1.0_sam_rho0.1_112125_19:29:24.ckpt
--- Round 232 of 10000: Training 5 Clients ---
Selected clients: ['20', '28', '80', '82', '70']
--- Updating central model ---
Checkpoint saved in path: checkpoints/cifar10/alpha0.5_K5_N10000_cnn_E1_clr0.01_fedopt_sgd_slr1.0_sam_rho0.1_112125_19:29:24.ckpt
--- Round 233 of 10000: Training 5 Clients ---
Selected clients: ['86', '54', '50', '10', '26']
--- Updating central model ---
Checkpoint saved in path: checkpoints/cifar10/alpha0.5_K5_N10000_cnn_E1_clr0.01_fedopt_sgd_slr1.0_sam_rho0.1_112125_19:29:24.ckpt
--- Round 234 of 10000: Training 5 Clients ---
Selected clients: ['91', '80', '60', '27', '61']
--- Updating central model ---
Checkpoint saved in path: checkpoints/cifar10/alpha0.5_K5_N10000_cnn_E1_clr0.01_fedopt_sgd_slr1.0_sam_rho0.1_112125_19:29:24.ckpt
--- Round 235 of 10000: Training 5 Clients ---
Selected clients: ['34', '4', '30', '53', '40']
--- Updating central model ---
Checkpoint saved in path: checkpoints/cifar10/alpha0.5_K5_N10000_cnn_E1_clr0.01_fedopt_sgd_slr1.0_sam_rho0.1_112125_19:29:24.ckpt
--- Round 236 of 10000: Training 5 Clients ---
Selected clients: ['5', '80', '70', '31', '87']
--- Updating central model ---
Checkpoint saved in path: checkpoints/cifar10/alpha0.5_K5_N10000_cnn_E1_clr0.01_fedopt_sgd_slr1.0_sam_rho0.1_112125_19:29:24.ckpt
--- Round 237 of 10000: Training 5 Clients ---
Selected clients: ['2', '80', '43', '94', '61']
--- Updating central model ---
Checkpoint saved in path: checkpoints/cifar10/alpha0.5_K5_N10000_cnn_E1_clr0.01_fedopt_sgd_slr1.0_sam_rho0.1_112125_19:29:24.ckpt
--- Round 238 of 10000: Training 5 Clients ---
Selected clients: ['53', '20', '50', '49', '18']
--- Updating central model ---
Checkpoint saved in path: checkpoints/cifar10/alpha0.5_K5_N10000_cnn_E1_clr0.01_fedopt_sgd_slr1.0_sam_rho0.1_112125_19:29:24.ckpt
--- Round 239 of 10000: Training 5 Clients ---
Selected clients: ['34', '59', '2', '81', '23']
--- Updating central model ---
Checkpoint saved in path: checkpoints/cifar10/alpha0.5_K5_N10000_cnn_E1_clr0.01_fedopt_sgd_slr1.0_sam_rho0.1_112125_19:29:24.ckpt
--- Round 240 of 10000: Training 5 Clients ---
Selected clients: ['40', '7', '77', '54', '21']
--- Updating central model ---
Checkpoint saved in path: checkpoints/cifar10/alpha0.5_K5_N10000_cnn_E1_clr0.01_fedopt_sgd_slr1.0_sam_rho0.1_112125_19:29:24.ckpt
--- Round 241 of 10000: Training 5 Clients ---
Selected clients: ['9', '20', '47', '43', '3']
--- Updating central model ---
Checkpoint saved in path: checkpoints/cifar10/alpha0.5_K5_N10000_cnn_E1_clr0.01_fedopt_sgd_slr1.0_sam_rho0.1_112125_19:29:24.ckpt
--- Round 242 of 10000: Training 5 Clients ---
Selected clients: ['41', '24', '40', '75', '45']
--- Updating central model ---
Checkpoint saved in path: checkpoints/cifar10/alpha0.5_K5_N10000_cnn_E1_clr0.01_fedopt_sgd_slr1.0_sam_rho0.1_112125_19:29:24.ckpt
--- Round 243 of 10000: Training 5 Clients ---
Selected clients: ['77', '80', '13', '43', '69']
--- Updating central model ---
Checkpoint saved in path: checkpoints/cifar10/alpha0.5_K5_N10000_cnn_E1_clr0.01_fedopt_sgd_slr1.0_sam_rho0.1_112125_19:29:24.ckpt
--- Round 244 of 10000: Training 5 Clients ---
Selected clients: ['23', '56', '33', '87', '79']
--- Updating central model ---
Checkpoint saved in path: checkpoints/cifar10/alpha0.5_K5_N10000_cnn_E1_clr0.01_fedopt_sgd_slr1.0_sam_rho0.1_112125_19:29:24.ckpt
--- Round 245 of 10000: Training 5 Clients ---
Selected clients: ['3', '47', '44', '67', '70']
--- Updating central model ---
Checkpoint saved in path: checkpoints/cifar10/alpha0.5_K5_N10000_cnn_E1_clr0.01_fedopt_sgd_slr1.0_sam_rho0.1_112125_19:29:24.ckpt
--- Round 246 of 10000: Training 5 Clients ---
Selected clients: ['51', '96', '65', '12', '1']
--- Updating central model ---
Checkpoint saved in path: checkpoints/cifar10/alpha0.5_K5_N10000_cnn_E1_clr0.01_fedopt_sgd_slr1.0_sam_rho0.1_112125_19:29:24.ckpt
--- Round 247 of 10000: Training 5 Clients ---
Selected clients: ['87', '52', '99', '83', '10']
--- Updating central model ---
Checkpoint saved in path: checkpoints/cifar10/alpha0.5_K5_N10000_cnn_E1_clr0.01_fedopt_sgd_slr1.0_sam_rho0.1_112125_19:29:24.ckpt
--- Round 248 of 10000: Training 5 Clients ---
Selected clients: ['7', '32', '49', '46', '92']
--- Updating central model ---
Checkpoint saved in path: checkpoints/cifar10/alpha0.5_K5_N10000_cnn_E1_clr0.01_fedopt_sgd_slr1.0_sam_rho0.1_112125_19:29:24.ckpt
--- Round 249 of 10000: Training 5 Clients ---
Selected clients: ['7', '96', '5', '88', '91']
--- Updating central model ---
Checkpoint saved in path: checkpoints/cifar10/alpha0.5_K5_N10000_cnn_E1_clr0.01_fedopt_sgd_slr1.0_sam_rho0.1_112125_19:29:24.ckpt
--- Round 250 of 10000: Training 5 Clients ---
Selected clients: ['61', '79', '76', '70', '58']
--- Updating central model ---
Checkpoint saved in path: checkpoints/cifar10/alpha0.5_K5_N10000_cnn_E1_clr0.01_fedopt_sgd_slr1.0_sam_rho0.1_112125_19:29:24.ckpt
--- Round 251 of 10000: Training 5 Clients ---
Selected clients: ['83', '89', '64', '5', '9']
--- Updating central model ---
Checkpoint saved in path: checkpoints/cifar10/alpha0.5_K5_N10000_cnn_E1_clr0.01_fedopt_sgd_slr1.0_sam_rho0.1_112125_19:29:24.ckpt
--- Round 252 of 10000: Training 5 Clients ---
Selected clients: ['56', '28', '79', '25', '62']
--- Updating central model ---
Checkpoint saved in path: checkpoints/cifar10/alpha0.5_K5_N10000_cnn_E1_clr0.01_fedopt_sgd_slr1.0_sam_rho0.1_112125_19:29:24.ckpt
--- Round 253 of 10000: Training 5 Clients ---
Selected clients: ['26', '85', '17', '37', '3']
--- Updating central model ---
Checkpoint saved in path: checkpoints/cifar10/alpha0.5_K5_N10000_cnn_E1_clr0.01_fedopt_sgd_slr1.0_sam_rho0.1_112125_19:29:24.ckpt
--- Round 254 of 10000: Training 5 Clients ---
Selected clients: ['59', '29', '87', '1', '32']
--- Updating central model ---
Checkpoint saved in path: checkpoints/cifar10/alpha0.5_K5_N10000_cnn_E1_clr0.01_fedopt_sgd_slr1.0_sam_rho0.1_112125_19:29:24.ckpt
--- Round 255 of 10000: Training 5 Clients ---
Selected clients: ['34', '31', '65', '41', '91']
--- Updating central model ---
Checkpoint saved in path: checkpoints/cifar10/alpha0.5_K5_N10000_cnn_E1_clr0.01_fedopt_sgd_slr1.0_sam_rho0.1_112125_19:29:24.ckpt
--- Round 256 of 10000: Training 5 Clients ---
Selected clients: ['1', '57', '97', '84', '50']
--- Updating central model ---
Checkpoint saved in path: checkpoints/cifar10/alpha0.5_K5_N10000_cnn_E1_clr0.01_fedopt_sgd_slr1.0_sam_rho0.1_112125_19:29:24.ckpt
--- Round 257 of 10000: Training 5 Clients ---
Selected clients: ['51', '30', '71', '36', '52']
--- Updating central model ---
Checkpoint saved in path: checkpoints/cifar10/alpha0.5_K5_N10000_cnn_E1_clr0.01_fedopt_sgd_slr1.0_sam_rho0.1_112125_19:29:24.ckpt
--- Round 258 of 10000: Training 5 Clients ---
Selected clients: ['39', '57', '11', '74', '31']
--- Updating central model ---
Checkpoint saved in path: checkpoints/cifar10/alpha0.5_K5_N10000_cnn_E1_clr0.01_fedopt_sgd_slr1.0_sam_rho0.1_112125_19:29:24.ckpt
--- Round 259 of 10000: Training 5 Clients ---
Selected clients: ['86', '92', '31', '25', '65']
--- Updating central model ---
Checkpoint saved in path: checkpoints/cifar10/alpha0.5_K5_N10000_cnn_E1_clr0.01_fedopt_sgd_slr1.0_sam_rho0.1_112125_19:29:24.ckpt
--- Round 260 of 10000: Training 5 Clients ---
Selected clients: ['56', '3', '70', '86', '98']
--- Updating central model ---
Checkpoint saved in path: checkpoints/cifar10/alpha0.5_K5_N10000_cnn_E1_clr0.01_fedopt_sgd_slr1.0_sam_rho0.1_112125_19:29:24.ckpt
--- Round 261 of 10000: Training 5 Clients ---
Selected clients: ['36', '91', '15', '20', '9']
--- Updating central model ---
Checkpoint saved in path: checkpoints/cifar10/alpha0.5_K5_N10000_cnn_E1_clr0.01_fedopt_sgd_slr1.0_sam_rho0.1_112125_19:29:24.ckpt
--- Round 262 of 10000: Training 5 Clients ---
Selected clients: ['99', '80', '63', '7', '86']
--- Updating central model ---
Checkpoint saved in path: checkpoints/cifar10/alpha0.5_K5_N10000_cnn_E1_clr0.01_fedopt_sgd_slr1.0_sam_rho0.1_112125_19:29:24.ckpt
--- Round 263 of 10000: Training 5 Clients ---
Selected clients: ['31', '87', '82', '92', '58']
--- Updating central model ---
Checkpoint saved in path: checkpoints/cifar10/alpha0.5_K5_N10000_cnn_E1_clr0.01_fedopt_sgd_slr1.0_sam_rho0.1_112125_19:29:24.ckpt
--- Round 264 of 10000: Training 5 Clients ---
Selected clients: ['11', '29', '67', '33', '5']
--- Updating central model ---
Checkpoint saved in path: checkpoints/cifar10/alpha0.5_K5_N10000_cnn_E1_clr0.01_fedopt_sgd_slr1.0_sam_rho0.1_112125_19:29:24.ckpt
--- Round 265 of 10000: Training 5 Clients ---
Selected clients: ['32', '7', '8', '42', '65']
--- Updating central model ---
Checkpoint saved in path: checkpoints/cifar10/alpha0.5_K5_N10000_cnn_E1_clr0.01_fedopt_sgd_slr1.0_sam_rho0.1_112125_19:29:24.ckpt
--- Round 266 of 10000: Training 5 Clients ---
Selected clients: ['75', '0', '46', '73', '71']
--- Updating central model ---
Checkpoint saved in path: checkpoints/cifar10/alpha0.5_K5_N10000_cnn_E1_clr0.01_fedopt_sgd_slr1.0_sam_rho0.1_112125_19:29:24.ckpt
--- Round 267 of 10000: Training 5 Clients ---
Selected clients: ['36', '86', '31', '76', '20']
--- Updating central model ---
Checkpoint saved in path: checkpoints/cifar10/alpha0.5_K5_N10000_cnn_E1_clr0.01_fedopt_sgd_slr1.0_sam_rho0.1_112125_19:29:24.ckpt
--- Round 268 of 10000: Training 5 Clients ---
Selected clients: ['19', '14', '43', '85', '26']
--- Updating central model ---
Checkpoint saved in path: checkpoints/cifar10/alpha0.5_K5_N10000_cnn_E1_clr0.01_fedopt_sgd_slr1.0_sam_rho0.1_112125_19:29:24.ckpt
--- Round 269 of 10000: Training 5 Clients ---
Selected clients: ['71', '25', '21', '54', '12']
--- Updating central model ---
Checkpoint saved in path: checkpoints/cifar10/alpha0.5_K5_N10000_cnn_E1_clr0.01_fedopt_sgd_slr1.0_sam_rho0.1_112125_19:29:24.ckpt
--- Round 270 of 10000: Training 5 Clients ---
Selected clients: ['8', '60', '95', '35', '81']
--- Updating central model ---
Checkpoint saved in path: checkpoints/cifar10/alpha0.5_K5_N10000_cnn_E1_clr0.01_fedopt_sgd_slr1.0_sam_rho0.1_112125_19:29:24.ckpt
--- Round 271 of 10000: Training 5 Clients ---
Selected clients: ['91', '57', '8', '1', '54']
--- Updating central model ---
Checkpoint saved in path: checkpoints/cifar10/alpha0.5_K5_N10000_cnn_E1_clr0.01_fedopt_sgd_slr1.0_sam_rho0.1_112125_19:29:24.ckpt
--- Round 272 of 10000: Training 5 Clients ---
Selected clients: ['86', '80', '68', '88', '8']
--- Updating central model ---
Checkpoint saved in path: checkpoints/cifar10/alpha0.5_K5_N10000_cnn_E1_clr0.01_fedopt_sgd_slr1.0_sam_rho0.1_112125_19:29:24.ckpt
--- Round 273 of 10000: Training 5 Clients ---
Selected clients: ['93', '62', '43', '69', '63']
--- Updating central model ---
Checkpoint saved in path: checkpoints/cifar10/alpha0.5_K5_N10000_cnn_E1_clr0.01_fedopt_sgd_slr1.0_sam_rho0.1_112125_19:29:24.ckpt
--- Round 274 of 10000: Training 5 Clients ---
Selected clients: ['61', '84', '33', '38', '42']
--- Updating central model ---
Checkpoint saved in path: checkpoints/cifar10/alpha0.5_K5_N10000_cnn_E1_clr0.01_fedopt_sgd_slr1.0_sam_rho0.1_112125_19:29:24.ckpt
--- Round 275 of 10000: Training 5 Clients ---
Selected clients: ['28', '47', '24', '5', '9']
--- Updating central model ---
Checkpoint saved in path: checkpoints/cifar10/alpha0.5_K5_N10000_cnn_E1_clr0.01_fedopt_sgd_slr1.0_sam_rho0.1_112125_19:29:24.ckpt
--- Round 276 of 10000: Training 5 Clients ---
Selected clients: ['60', '75', '64', '96', '81']
--- Updating central model ---
Checkpoint saved in path: checkpoints/cifar10/alpha0.5_K5_N10000_cnn_E1_clr0.01_fedopt_sgd_slr1.0_sam_rho0.1_112125_19:29:24.ckpt
--- Round 277 of 10000: Training 5 Clients ---
Selected clients: ['35', '10', '87', '52', '92']
--- Updating central model ---
Checkpoint saved in path: checkpoints/cifar10/alpha0.5_K5_N10000_cnn_E1_clr0.01_fedopt_sgd_slr1.0_sam_rho0.1_112125_19:29:24.ckpt
--- Round 278 of 10000: Training 5 Clients ---
Selected clients: ['45', '27', '64', '13', '6']
--- Updating central model ---
Checkpoint saved in path: checkpoints/cifar10/alpha0.5_K5_N10000_cnn_E1_clr0.01_fedopt_sgd_slr1.0_sam_rho0.1_112125_19:29:24.ckpt
--- Round 279 of 10000: Training 5 Clients ---
Selected clients: ['83', '45', '85', '47', '81']
--- Updating central model ---
Checkpoint saved in path: checkpoints/cifar10/alpha0.5_K5_N10000_cnn_E1_clr0.01_fedopt_sgd_slr1.0_sam_rho0.1_112125_19:29:24.ckpt
--- Round 280 of 10000: Training 5 Clients ---
Selected clients: ['17', '79', '49', '50', '3']
--- Updating central model ---
Checkpoint saved in path: checkpoints/cifar10/alpha0.5_K5_N10000_cnn_E1_clr0.01_fedopt_sgd_slr1.0_sam_rho0.1_112125_19:29:24.ckpt
--- Round 281 of 10000: Training 5 Clients ---
Selected clients: ['60', '9', '64', '5', '13']
--- Updating central model ---
Checkpoint saved in path: checkpoints/cifar10/alpha0.5_K5_N10000_cnn_E1_clr0.01_fedopt_sgd_slr1.0_sam_rho0.1_112125_19:29:24.ckpt
--- Round 282 of 10000: Training 5 Clients ---
Selected clients: ['4', '58', '1', '88', '34']
--- Updating central model ---
Checkpoint saved in path: checkpoints/cifar10/alpha0.5_K5_N10000_cnn_E1_clr0.01_fedopt_sgd_slr1.0_sam_rho0.1_112125_19:29:24.ckpt
--- Round 283 of 10000: Training 5 Clients ---
Selected clients: ['2', '48', '16', '39', '26']
--- Updating central model ---
Checkpoint saved in path: checkpoints/cifar10/alpha0.5_K5_N10000_cnn_E1_clr0.01_fedopt_sgd_slr1.0_sam_rho0.1_112125_19:29:24.ckpt
--- Round 284 of 10000: Training 5 Clients ---
Selected clients: ['36', '73', '1', '99', '33']
--- Updating central model ---
Checkpoint saved in path: checkpoints/cifar10/alpha0.5_K5_N10000_cnn_E1_clr0.01_fedopt_sgd_slr1.0_sam_rho0.1_112125_19:29:24.ckpt
--- Round 285 of 10000: Training 5 Clients ---
Selected clients: ['37', '95', '70', '89', '77']
--- Updating central model ---
Checkpoint saved in path: checkpoints/cifar10/alpha0.5_K5_N10000_cnn_E1_clr0.01_fedopt_sgd_slr1.0_sam_rho0.1_112125_19:29:24.ckpt
--- Round 286 of 10000: Training 5 Clients ---
Selected clients: ['60', '27', '30', '90', '33']
--- Updating central model ---
Checkpoint saved in path: checkpoints/cifar10/alpha0.5_K5_N10000_cnn_E1_clr0.01_fedopt_sgd_slr1.0_sam_rho0.1_112125_19:29:24.ckpt
--- Round 287 of 10000: Training 5 Clients ---
Selected clients: ['88', '9', '85', '40', '74']
--- Updating central model ---
Checkpoint saved in path: checkpoints/cifar10/alpha0.5_K5_N10000_cnn_E1_clr0.01_fedopt_sgd_slr1.0_sam_rho0.1_112125_19:29:24.ckpt
--- Round 288 of 10000: Training 5 Clients ---
Selected clients: ['20', '55', '78', '87', '82']
--- Updating central model ---
Checkpoint saved in path: checkpoints/cifar10/alpha0.5_K5_N10000_cnn_E1_clr0.01_fedopt_sgd_slr1.0_sam_rho0.1_112125_19:29:24.ckpt
--- Round 289 of 10000: Training 5 Clients ---
Selected clients: ['54', '25', '89', '58', '79']
--- Updating central model ---
Checkpoint saved in path: checkpoints/cifar10/alpha0.5_K5_N10000_cnn_E1_clr0.01_fedopt_sgd_slr1.0_sam_rho0.1_112125_19:29:24.ckpt
--- Round 290 of 10000: Training 5 Clients ---
Selected clients: ['92', '26', '61', '50', '15']
--- Updating central model ---
Checkpoint saved in path: checkpoints/cifar10/alpha0.5_K5_N10000_cnn_E1_clr0.01_fedopt_sgd_slr1.0_sam_rho0.1_112125_19:29:24.ckpt
--- Round 291 of 10000: Training 5 Clients ---
Selected clients: ['53', '77', '47', '14', '89']
--- Updating central model ---
Checkpoint saved in path: checkpoints/cifar10/alpha0.5_K5_N10000_cnn_E1_clr0.01_fedopt_sgd_slr1.0_sam_rho0.1_112125_19:29:24.ckpt
--- Round 292 of 10000: Training 5 Clients ---
Selected clients: ['37', '36', '59', '31', '81']
--- Updating central model ---
Checkpoint saved in path: checkpoints/cifar10/alpha0.5_K5_N10000_cnn_E1_clr0.01_fedopt_sgd_slr1.0_sam_rho0.1_112125_19:29:24.ckpt
--- Round 293 of 10000: Training 5 Clients ---
Selected clients: ['84', '0', '62', '17', '31']
--- Updating central model ---
Checkpoint saved in path: checkpoints/cifar10/alpha0.5_K5_N10000_cnn_E1_clr0.01_fedopt_sgd_slr1.0_sam_rho0.1_112125_19:29:24.ckpt
--- Round 294 of 10000: Training 5 Clients ---
Selected clients: ['60', '76', '63', '25', '66']
--- Updating central model ---
Checkpoint saved in path: checkpoints/cifar10/alpha0.5_K5_N10000_cnn_E1_clr0.01_fedopt_sgd_slr1.0_sam_rho0.1_112125_19:29:24.ckpt
--- Round 295 of 10000: Training 5 Clients ---
Selected clients: ['60', '78', '13', '98', '3']
--- Updating central model ---
Checkpoint saved in path: checkpoints/cifar10/alpha0.5_K5_N10000_cnn_E1_clr0.01_fedopt_sgd_slr1.0_sam_rho0.1_112125_19:29:24.ckpt
--- Round 296 of 10000: Training 5 Clients ---
Selected clients: ['11', '67', '45', '31', '64']
--- Updating central model ---
Checkpoint saved in path: checkpoints/cifar10/alpha0.5_K5_N10000_cnn_E1_clr0.01_fedopt_sgd_slr1.0_sam_rho0.1_112125_19:29:24.ckpt
--- Round 297 of 10000: Training 5 Clients ---
Selected clients: ['11', '43', '51', '32', '64']
--- Updating central model ---
Checkpoint saved in path: checkpoints/cifar10/alpha0.5_K5_N10000_cnn_E1_clr0.01_fedopt_sgd_slr1.0_sam_rho0.1_112125_19:29:24.ckpt
--- Round 298 of 10000: Training 5 Clients ---
Selected clients: ['75', '44', '83', '16', '15']
--- Updating central model ---
Checkpoint saved in path: checkpoints/cifar10/alpha0.5_K5_N10000_cnn_E1_clr0.01_fedopt_sgd_slr1.0_sam_rho0.1_112125_19:29:24.ckpt
--- Round 299 of 10000: Training 5 Clients ---
Selected clients: ['70', '56', '73', '79', '46']
--- Updating central model ---
Checkpoint saved in path: checkpoints/cifar10/alpha0.5_K5_N10000_cnn_E1_clr0.01_fedopt_sgd_slr1.0_sam_rho0.1_112125_19:29:24.ckpt
--- Round 300 of 10000: Training 5 Clients ---
Selected clients: ['48', '74', '49', '2', '22']
--- Updating central model ---
train_accuracy: 14.5286, 10th percentile: 2.8293, 50th percentile: 10.5418, 90th percentile 33.7771
train_loss: 2.27851, 10th percentile: 2.26515, 50th percentile: 2.28008, 90th percentile 2.29064
test_accuracy: 14.88, 10th percentile: 14.88, 50th percentile: 14.88, 90th percentile 14.88
test_loss: 2.2775, 10th percentile: 2.2775, 50th percentile: 2.2775, 90th percentile 2.2775
Checkpoint saved in path: checkpoints/cifar10/alpha0.5_K5_N10000_cnn_E1_clr0.01_fedopt_sgd_slr1.0_sam_rho0.1_112125_19:29:24.ckpt
--- Round 301 of 10000: Training 5 Clients ---
Selected clients: ['61', '27', '42', '6', '70']
--- Updating central model ---
Checkpoint saved in path: checkpoints/cifar10/alpha0.5_K5_N10000_cnn_E1_clr0.01_fedopt_sgd_slr1.0_sam_rho0.1_112125_19:29:24.ckpt
--- Round 302 of 10000: Training 5 Clients ---
Selected clients: ['17', '83', '7', '24', '98']
--- Updating central model ---
Checkpoint saved in path: checkpoints/cifar10/alpha0.5_K5_N10000_cnn_E1_clr0.01_fedopt_sgd_slr1.0_sam_rho0.1_112125_19:29:24.ckpt
--- Round 303 of 10000: Training 5 Clients ---
Selected clients: ['42', '98', '14', '67', '54']
--- Updating central model ---
Checkpoint saved in path: checkpoints/cifar10/alpha0.5_K5_N10000_cnn_E1_clr0.01_fedopt_sgd_slr1.0_sam_rho0.1_112125_19:29:24.ckpt
--- Round 304 of 10000: Training 5 Clients ---
Selected clients: ['20', '40', '75', '95', '77']
--- Updating central model ---
Checkpoint saved in path: checkpoints/cifar10/alpha0.5_K5_N10000_cnn_E1_clr0.01_fedopt_sgd_slr1.0_sam_rho0.1_112125_19:29:24.ckpt
--- Round 305 of 10000: Training 5 Clients ---
Selected clients: ['2', '86', '47', '23', '46']
--- Updating central model ---
Checkpoint saved in path: checkpoints/cifar10/alpha0.5_K5_N10000_cnn_E1_clr0.01_fedopt_sgd_slr1.0_sam_rho0.1_112125_19:29:24.ckpt
--- Round 306 of 10000: Training 5 Clients ---
Selected clients: ['42', '28', '17', '90', '0']
--- Updating central model ---
Checkpoint saved in path: checkpoints/cifar10/alpha0.5_K5_N10000_cnn_E1_clr0.01_fedopt_sgd_slr1.0_sam_rho0.1_112125_19:29:24.ckpt
--- Round 307 of 10000: Training 5 Clients ---
Selected clients: ['75', '45', '42', '5', '93']
--- Updating central model ---
Checkpoint saved in path: checkpoints/cifar10/alpha0.5_K5_N10000_cnn_E1_clr0.01_fedopt_sgd_slr1.0_sam_rho0.1_112125_19:29:24.ckpt
--- Round 308 of 10000: Training 5 Clients ---
Selected clients: ['87', '57', '47', '20', '22']
--- Updating central model ---
Checkpoint saved in path: checkpoints/cifar10/alpha0.5_K5_N10000_cnn_E1_clr0.01_fedopt_sgd_slr1.0_sam_rho0.1_112125_19:29:24.ckpt
--- Round 309 of 10000: Training 5 Clients ---
Selected clients: ['12', '24', '88', '27', '41']
--- Updating central model ---
Checkpoint saved in path: checkpoints/cifar10/alpha0.5_K5_N10000_cnn_E1_clr0.01_fedopt_sgd_slr1.0_sam_rho0.1_112125_19:29:24.ckpt
--- Round 310 of 10000: Training 5 Clients ---
Selected clients: ['39', '23', '27', '29', '96']
--- Updating central model ---
Checkpoint saved in path: checkpoints/cifar10/alpha0.5_K5_N10000_cnn_E1_clr0.01_fedopt_sgd_slr1.0_sam_rho0.1_112125_19:29:24.ckpt
--- Round 311 of 10000: Training 5 Clients ---
Selected clients: ['42', '96', '76', '17', '86']
--- Updating central model ---
Checkpoint saved in path: checkpoints/cifar10/alpha0.5_K5_N10000_cnn_E1_clr0.01_fedopt_sgd_slr1.0_sam_rho0.1_112125_19:29:24.ckpt
--- Round 312 of 10000: Training 5 Clients ---
Selected clients: ['78', '22', '99', '47', '10']
--- Updating central model ---
Checkpoint saved in path: checkpoints/cifar10/alpha0.5_K5_N10000_cnn_E1_clr0.01_fedopt_sgd_slr1.0_sam_rho0.1_112125_19:29:24.ckpt
--- Round 313 of 10000: Training 5 Clients ---
Selected clients: ['16', '41', '84', '90', '67']
--- Updating central model ---
Checkpoint saved in path: checkpoints/cifar10/alpha0.5_K5_N10000_cnn_E1_clr0.01_fedopt_sgd_slr1.0_sam_rho0.1_112125_19:29:24.ckpt
--- Round 314 of 10000: Training 5 Clients ---
Selected clients: ['53', '58', '55', '0', '92']
--- Updating central model ---
Checkpoint saved in path: checkpoints/cifar10/alpha0.5_K5_N10000_cnn_E1_clr0.01_fedopt_sgd_slr1.0_sam_rho0.1_112125_19:29:24.ckpt
--- Round 315 of 10000: Training 5 Clients ---
Selected clients: ['85', '76', '68', '36', '48']
--- Updating central model ---
Checkpoint saved in path: checkpoints/cifar10/alpha0.5_K5_N10000_cnn_E1_clr0.01_fedopt_sgd_slr1.0_sam_rho0.1_112125_19:29:24.ckpt
--- Round 316 of 10000: Training 5 Clients ---
Selected clients: ['85', '38', '39', '97', '96']
--- Updating central model ---
Checkpoint saved in path: checkpoints/cifar10/alpha0.5_K5_N10000_cnn_E1_clr0.01_fedopt_sgd_slr1.0_sam_rho0.1_112125_19:29:24.ckpt
--- Round 317 of 10000: Training 5 Clients ---
Selected clients: ['10', '5', '13', '37', '11']
--- Updating central model ---
Checkpoint saved in path: checkpoints/cifar10/alpha0.5_K5_N10000_cnn_E1_clr0.01_fedopt_sgd_slr1.0_sam_rho0.1_112125_19:29:24.ckpt
--- Round 318 of 10000: Training 5 Clients ---
Selected clients: ['3', '29', '65', '53', '8']
--- Updating central model ---
Checkpoint saved in path: checkpoints/cifar10/alpha0.5_K5_N10000_cnn_E1_clr0.01_fedopt_sgd_slr1.0_sam_rho0.1_112125_19:29:24.ckpt
--- Round 319 of 10000: Training 5 Clients ---
Selected clients: ['22', '49', '74', '28', '83']
--- Updating central model ---
Checkpoint saved in path: checkpoints/cifar10/alpha0.5_K5_N10000_cnn_E1_clr0.01_fedopt_sgd_slr1.0_sam_rho0.1_112125_19:29:24.ckpt
--- Round 320 of 10000: Training 5 Clients ---
Selected clients: ['13', '19', '1', '3', '29']
--- Updating central model ---
Checkpoint saved in path: checkpoints/cifar10/alpha0.5_K5_N10000_cnn_E1_clr0.01_fedopt_sgd_slr1.0_sam_rho0.1_112125_19:29:24.ckpt
--- Round 321 of 10000: Training 5 Clients ---
Selected clients: ['1', '58', '73', '49', '60']
--- Updating central model ---
Checkpoint saved in path: checkpoints/cifar10/alpha0.5_K5_N10000_cnn_E1_clr0.01_fedopt_sgd_slr1.0_sam_rho0.1_112125_19:29:24.ckpt
--- Round 322 of 10000: Training 5 Clients ---
Selected clients: ['95', '89', '64', '41', '30']
--- Updating central model ---
Checkpoint saved in path: checkpoints/cifar10/alpha0.5_K5_N10000_cnn_E1_clr0.01_fedopt_sgd_slr1.0_sam_rho0.1_112125_19:29:24.ckpt
--- Round 323 of 10000: Training 5 Clients ---
Selected clients: ['89', '51', '97', '4', '48']
--- Updating central model ---
Checkpoint saved in path: checkpoints/cifar10/alpha0.5_K5_N10000_cnn_E1_clr0.01_fedopt_sgd_slr1.0_sam_rho0.1_112125_19:29:24.ckpt
--- Round 324 of 10000: Training 5 Clients ---
Selected clients: ['55', '0', '31', '41', '22']
--- Updating central model ---
Checkpoint saved in path: checkpoints/cifar10/alpha0.5_K5_N10000_cnn_E1_clr0.01_fedopt_sgd_slr1.0_sam_rho0.1_112125_19:29:24.ckpt
--- Round 325 of 10000: Training 5 Clients ---
Selected clients: ['40', '5', '95', '89', '70']
--- Updating central model ---
Checkpoint saved in path: checkpoints/cifar10/alpha0.5_K5_N10000_cnn_E1_clr0.01_fedopt_sgd_slr1.0_sam_rho0.1_112125_19:29:24.ckpt
--- Round 326 of 10000: Training 5 Clients ---
Selected clients: ['68', '95', '97', '37', '85']
--- Updating central model ---
Checkpoint saved in path: checkpoints/cifar10/alpha0.5_K5_N10000_cnn_E1_clr0.01_fedopt_sgd_slr1.0_sam_rho0.1_112125_19:29:24.ckpt
--- Round 327 of 10000: Training 5 Clients ---
Selected clients: ['68', '64', '65', '75', '24']
--- Updating central model ---
Checkpoint saved in path: checkpoints/cifar10/alpha0.5_K5_N10000_cnn_E1_clr0.01_fedopt_sgd_slr1.0_sam_rho0.1_112125_19:29:24.ckpt
--- Round 328 of 10000: Training 5 Clients ---
Selected clients: ['82', '18', '98', '30', '29']
--- Updating central model ---
Checkpoint saved in path: checkpoints/cifar10/alpha0.5_K5_N10000_cnn_E1_clr0.01_fedopt_sgd_slr1.0_sam_rho0.1_112125_19:29:24.ckpt
--- Round 329 of 10000: Training 5 Clients ---
Selected clients: ['37', '70', '79', '18', '42']
--- Updating central model ---
Checkpoint saved in path: checkpoints/cifar10/alpha0.5_K5_N10000_cnn_E1_clr0.01_fedopt_sgd_slr1.0_sam_rho0.1_112125_19:29:24.ckpt
--- Round 330 of 10000: Training 5 Clients ---
Selected clients: ['84', '96', '12', '51', '91']
--- Updating central model ---
Checkpoint saved in path: checkpoints/cifar10/alpha0.5_K5_N10000_cnn_E1_clr0.01_fedopt_sgd_slr1.0_sam_rho0.1_112125_19:29:24.ckpt
--- Round 331 of 10000: Training 5 Clients ---
Selected clients: ['21', '91', '61', '2', '81']
--- Updating central model ---
Checkpoint saved in path: checkpoints/cifar10/alpha0.5_K5_N10000_cnn_E1_clr0.01_fedopt_sgd_slr1.0_sam_rho0.1_112125_19:29:24.ckpt
--- Round 332 of 10000: Training 5 Clients ---
Selected clients: ['44', '90', '59', '46', '8']
--- Updating central model ---
Checkpoint saved in path: checkpoints/cifar10/alpha0.5_K5_N10000_cnn_E1_clr0.01_fedopt_sgd_slr1.0_sam_rho0.1_112125_19:29:24.ckpt
--- Round 333 of 10000: Training 5 Clients ---
Selected clients: ['18', '58', '70', '89', '27']
--- Updating central model ---
Checkpoint saved in path: checkpoints/cifar10/alpha0.5_K5_N10000_cnn_E1_clr0.01_fedopt_sgd_slr1.0_sam_rho0.1_112125_19:29:24.ckpt
--- Round 334 of 10000: Training 5 Clients ---
Selected clients: ['38', '86', '10', '41', '34']
--- Updating central model ---
Checkpoint saved in path: checkpoints/cifar10/alpha0.5_K5_N10000_cnn_E1_clr0.01_fedopt_sgd_slr1.0_sam_rho0.1_112125_19:29:24.ckpt
--- Round 335 of 10000: Training 5 Clients ---
Selected clients: ['66', '5', '72', '58', '19']
--- Updating central model ---
Checkpoint saved in path: checkpoints/cifar10/alpha0.5_K5_N10000_cnn_E1_clr0.01_fedopt_sgd_slr1.0_sam_rho0.1_112125_19:29:24.ckpt
--- Round 336 of 10000: Training 5 Clients ---
Selected clients: ['4', '39', '5', '81', '30']
--- Updating central model ---
Checkpoint saved in path: checkpoints/cifar10/alpha0.5_K5_N10000_cnn_E1_clr0.01_fedopt_sgd_slr1.0_sam_rho0.1_112125_19:29:24.ckpt
--- Round 337 of 10000: Training 5 Clients ---
Selected clients: ['76', '31', '1', '91', '25']
--- Updating central model ---
Checkpoint saved in path: checkpoints/cifar10/alpha0.5_K5_N10000_cnn_E1_clr0.01_fedopt_sgd_slr1.0_sam_rho0.1_112125_19:29:24.ckpt
--- Round 338 of 10000: Training 5 Clients ---
Selected clients: ['0', '38', '15', '56', '32']
--- Updating central model ---
Checkpoint saved in path: checkpoints/cifar10/alpha0.5_K5_N10000_cnn_E1_clr0.01_fedopt_sgd_slr1.0_sam_rho0.1_112125_19:29:24.ckpt
--- Round 339 of 10000: Training 5 Clients ---
Selected clients: ['11', '86', '68', '87', '12']
--- Updating central model ---
Checkpoint saved in path: checkpoints/cifar10/alpha0.5_K5_N10000_cnn_E1_clr0.01_fedopt_sgd_slr1.0_sam_rho0.1_112125_19:29:24.ckpt
--- Round 340 of 10000: Training 5 Clients ---
Selected clients: ['80', '95', '89', '72', '63']
--- Updating central model ---
Checkpoint saved in path: checkpoints/cifar10/alpha0.5_K5_N10000_cnn_E1_clr0.01_fedopt_sgd_slr1.0_sam_rho0.1_112125_19:29:24.ckpt
--- Round 341 of 10000: Training 5 Clients ---
Selected clients: ['17', '65', '61', '69', '2']
--- Updating central model ---
Checkpoint saved in path: checkpoints/cifar10/alpha0.5_K5_N10000_cnn_E1_clr0.01_fedopt_sgd_slr1.0_sam_rho0.1_112125_19:29:24.ckpt
--- Round 342 of 10000: Training 5 Clients ---
Selected clients: ['39', '97', '98', '14', '17']
--- Updating central model ---
Checkpoint saved in path: checkpoints/cifar10/alpha0.5_K5_N10000_cnn_E1_clr0.01_fedopt_sgd_slr1.0_sam_rho0.1_112125_19:29:24.ckpt
--- Round 343 of 10000: Training 5 Clients ---
Selected clients: ['93', '81', '43', '13', '18']
--- Updating central model ---
Checkpoint saved in path: checkpoints/cifar10/alpha0.5_K5_N10000_cnn_E1_clr0.01_fedopt_sgd_slr1.0_sam_rho0.1_112125_19:29:24.ckpt
--- Round 344 of 10000: Training 5 Clients ---
Selected clients: ['26', '70', '11', '91', '73']
--- Updating central model ---
Checkpoint saved in path: checkpoints/cifar10/alpha0.5_K5_N10000_cnn_E1_clr0.01_fedopt_sgd_slr1.0_sam_rho0.1_112125_19:29:24.ckpt
--- Round 345 of 10000: Training 5 Clients ---
Selected clients: ['83', '62', '18', '61', '5']
--- Updating central model ---
Checkpoint saved in path: checkpoints/cifar10/alpha0.5_K5_N10000_cnn_E1_clr0.01_fedopt_sgd_slr1.0_sam_rho0.1_112125_19:29:24.ckpt
--- Round 346 of 10000: Training 5 Clients ---
Selected clients: ['33', '69', '62', '72', '27']
--- Updating central model ---
Checkpoint saved in path: checkpoints/cifar10/alpha0.5_K5_N10000_cnn_E1_clr0.01_fedopt_sgd_slr1.0_sam_rho0.1_112125_19:29:24.ckpt
--- Round 347 of 10000: Training 5 Clients ---
Selected clients: ['81', '68', '69', '35', '7']
--- Updating central model ---
Checkpoint saved in path: checkpoints/cifar10/alpha0.5_K5_N10000_cnn_E1_clr0.01_fedopt_sgd_slr1.0_sam_rho0.1_112125_19:29:24.ckpt
--- Round 348 of 10000: Training 5 Clients ---
Selected clients: ['5', '73', '97', '45', '19']
--- Updating central model ---
Checkpoint saved in path: checkpoints/cifar10/alpha0.5_K5_N10000_cnn_E1_clr0.01_fedopt_sgd_slr1.0_sam_rho0.1_112125_19:29:24.ckpt