Alpha: alpha_0.50
Using device: NVIDIA A100-SXM4-80GB
############################## cifar10.cnn ##############################
Running experiment with server servers.fedopt_server and client clients.sam_client
Verify client and server: <class 'clients.sam_client.SAMClient'> <class 'servers.fedopt_server.FedOptServer'>
Running influence estimation:   0%|          | 0/20 [00:00<?, ?it/s]wandb: WARNING `resume` will be ignored since W&B syncing is set to `offline`. Starting a new run with run id 73iyjegc.
wandb: Tracking run with wandb version 0.23.0
wandb: W&B syncing is set to `offline` in this directory. Run `wandb online` or set WANDB_MODE=online to enable cloud syncing.
wandb: Run data is saved locally in /home/mlr570t1/FedSAM_mem_inf-main/models/wandb/offline-run-20251121_192854-73iyjegc
Server optimizer: sgd with lr 1.0 and momentum 0
Start round: 0
Clients in Total: 100 training clients and 1 test clients
--- Random Initialization ---
--- Round 1 of 10000: Training 5 Clients ---
Selected clients: ['60', '62', '42', '26', '77']
--- Updating central model ---
Checkpoint saved in path: checkpoints/cifar10/alpha0.5_K5_N10000_cnn_E1_clr0.01_fedopt_sgd_slr1.0_sam_rho0.1_112125_19:29:46.ckpt
--- Round 2 of 10000: Training 5 Clients ---
Selected clients: ['0', '91', '86', '30', '21']
--- Updating central model ---
Checkpoint saved in path: checkpoints/cifar10/alpha0.5_K5_N10000_cnn_E1_clr0.01_fedopt_sgd_slr1.0_sam_rho0.1_112125_19:29:46.ckpt
--- Round 3 of 10000: Training 5 Clients ---
Selected clients: ['54', '11', '9', '28', '75']
--- Updating central model ---
Checkpoint saved in path: checkpoints/cifar10/alpha0.5_K5_N10000_cnn_E1_clr0.01_fedopt_sgd_slr1.0_sam_rho0.1_112125_19:29:46.ckpt
--- Round 4 of 10000: Training 5 Clients ---
Selected clients: ['79', '76', '34', '35', '75']
--- Updating central model ---
Checkpoint saved in path: checkpoints/cifar10/alpha0.5_K5_N10000_cnn_E1_clr0.01_fedopt_sgd_slr1.0_sam_rho0.1_112125_19:29:46.ckpt
--- Round 5 of 10000: Training 5 Clients ---
Selected clients: ['22', '78', '68', '95', '62']
--- Updating central model ---
Checkpoint saved in path: checkpoints/cifar10/alpha0.5_K5_N10000_cnn_E1_clr0.01_fedopt_sgd_slr1.0_sam_rho0.1_112125_19:29:46.ckpt
--- Round 6 of 10000: Training 5 Clients ---
Selected clients: ['61', '49', '39', '21', '2']
--- Updating central model ---
Checkpoint saved in path: checkpoints/cifar10/alpha0.5_K5_N10000_cnn_E1_clr0.01_fedopt_sgd_slr1.0_sam_rho0.1_112125_19:29:46.ckpt
--- Round 7 of 10000: Training 5 Clients ---
Selected clients: ['68', '85', '62', '36', '6']
--- Updating central model ---
Checkpoint saved in path: checkpoints/cifar10/alpha0.5_K5_N10000_cnn_E1_clr0.01_fedopt_sgd_slr1.0_sam_rho0.1_112125_19:29:46.ckpt
--- Round 8 of 10000: Training 5 Clients ---
Selected clients: ['16', '48', '36', '63', '59']
--- Updating central model ---
Checkpoint saved in path: checkpoints/cifar10/alpha0.5_K5_N10000_cnn_E1_clr0.01_fedopt_sgd_slr1.0_sam_rho0.1_112125_19:29:46.ckpt
--- Round 9 of 10000: Training 5 Clients ---
Selected clients: ['32', '31', '51', '22', '8']
--- Updating central model ---
Checkpoint saved in path: checkpoints/cifar10/alpha0.5_K5_N10000_cnn_E1_clr0.01_fedopt_sgd_slr1.0_sam_rho0.1_112125_19:29:46.ckpt
--- Round 10 of 10000: Training 5 Clients ---
Selected clients: ['51', '81', '24', '66', '4']
--- Updating central model ---
Checkpoint saved in path: checkpoints/cifar10/alpha0.5_K5_N10000_cnn_E1_clr0.01_fedopt_sgd_slr1.0_sam_rho0.1_112125_19:29:46.ckpt
--- Round 11 of 10000: Training 5 Clients ---
Selected clients: ['9', '71', '33', '63', '18']
--- Updating central model ---
Checkpoint saved in path: checkpoints/cifar10/alpha0.5_K5_N10000_cnn_E1_clr0.01_fedopt_sgd_slr1.0_sam_rho0.1_112125_19:29:46.ckpt
--- Round 12 of 10000: Training 5 Clients ---
Selected clients: ['90', '93', '64', '54', '62']
--- Updating central model ---
Checkpoint saved in path: checkpoints/cifar10/alpha0.5_K5_N10000_cnn_E1_clr0.01_fedopt_sgd_slr1.0_sam_rho0.1_112125_19:29:46.ckpt
--- Round 13 of 10000: Training 5 Clients ---
Selected clients: ['61', '38', '85', '8', '43']
--- Updating central model ---
Checkpoint saved in path: checkpoints/cifar10/alpha0.5_K5_N10000_cnn_E1_clr0.01_fedopt_sgd_slr1.0_sam_rho0.1_112125_19:29:46.ckpt
--- Round 14 of 10000: Training 5 Clients ---
Selected clients: ['37', '7', '39', '68', '41']
--- Updating central model ---
Checkpoint saved in path: checkpoints/cifar10/alpha0.5_K5_N10000_cnn_E1_clr0.01_fedopt_sgd_slr1.0_sam_rho0.1_112125_19:29:46.ckpt
--- Round 15 of 10000: Training 5 Clients ---
Selected clients: ['19', '45', '37', '11', '53']
--- Updating central model ---
Checkpoint saved in path: checkpoints/cifar10/alpha0.5_K5_N10000_cnn_E1_clr0.01_fedopt_sgd_slr1.0_sam_rho0.1_112125_19:29:46.ckpt
--- Round 16 of 10000: Training 5 Clients ---
Selected clients: ['45', '58', '78', '71', '88']
--- Updating central model ---
Checkpoint saved in path: checkpoints/cifar10/alpha0.5_K5_N10000_cnn_E1_clr0.01_fedopt_sgd_slr1.0_sam_rho0.1_112125_19:29:46.ckpt
--- Round 17 of 10000: Training 5 Clients ---
Selected clients: ['8', '72', '41', '63', '23']
--- Updating central model ---
Checkpoint saved in path: checkpoints/cifar10/alpha0.5_K5_N10000_cnn_E1_clr0.01_fedopt_sgd_slr1.0_sam_rho0.1_112125_19:29:46.ckpt
--- Round 18 of 10000: Training 5 Clients ---
Selected clients: ['97', '59', '64', '66', '16']
--- Updating central model ---
Checkpoint saved in path: checkpoints/cifar10/alpha0.5_K5_N10000_cnn_E1_clr0.01_fedopt_sgd_slr1.0_sam_rho0.1_112125_19:29:46.ckpt
--- Round 19 of 10000: Training 5 Clients ---
Selected clients: ['9', '20', '5', '43', '19']
--- Updating central model ---
Checkpoint saved in path: checkpoints/cifar10/alpha0.5_K5_N10000_cnn_E1_clr0.01_fedopt_sgd_slr1.0_sam_rho0.1_112125_19:29:46.ckpt
--- Round 20 of 10000: Training 5 Clients ---
Selected clients: ['10', '2', '76', '41', '3']
--- Updating central model ---
Checkpoint saved in path: checkpoints/cifar10/alpha0.5_K5_N10000_cnn_E1_clr0.01_fedopt_sgd_slr1.0_sam_rho0.1_112125_19:29:46.ckpt
--- Round 21 of 10000: Training 5 Clients ---
Selected clients: ['4', '23', '40', '22', '71']
--- Updating central model ---
Checkpoint saved in path: checkpoints/cifar10/alpha0.5_K5_N10000_cnn_E1_clr0.01_fedopt_sgd_slr1.0_sam_rho0.1_112125_19:29:46.ckpt
--- Round 22 of 10000: Training 5 Clients ---
Selected clients: ['8', '57', '48', '38', '10']
--- Updating central model ---
Checkpoint saved in path: checkpoints/cifar10/alpha0.5_K5_N10000_cnn_E1_clr0.01_fedopt_sgd_slr1.0_sam_rho0.1_112125_19:29:46.ckpt
--- Round 23 of 10000: Training 5 Clients ---
Selected clients: ['5', '9', '30', '41', '96']
--- Updating central model ---
Checkpoint saved in path: checkpoints/cifar10/alpha0.5_K5_N10000_cnn_E1_clr0.01_fedopt_sgd_slr1.0_sam_rho0.1_112125_19:29:46.ckpt
--- Round 24 of 10000: Training 5 Clients ---
Selected clients: ['38', '13', '49', '15', '83']
--- Updating central model ---
Checkpoint saved in path: checkpoints/cifar10/alpha0.5_K5_N10000_cnn_E1_clr0.01_fedopt_sgd_slr1.0_sam_rho0.1_112125_19:29:46.ckpt
--- Round 25 of 10000: Training 5 Clients ---
Selected clients: ['36', '11', '96', '52', '25']
--- Updating central model ---
Checkpoint saved in path: checkpoints/cifar10/alpha0.5_K5_N10000_cnn_E1_clr0.01_fedopt_sgd_slr1.0_sam_rho0.1_112125_19:29:46.ckpt
--- Round 26 of 10000: Training 5 Clients ---
Selected clients: ['17', '10', '58', '27', '32']
--- Updating central model ---
Checkpoint saved in path: checkpoints/cifar10/alpha0.5_K5_N10000_cnn_E1_clr0.01_fedopt_sgd_slr1.0_sam_rho0.1_112125_19:29:46.ckpt
--- Round 27 of 10000: Training 5 Clients ---
Selected clients: ['89', '92', '88', '26', '41']
--- Updating central model ---
Checkpoint saved in path: checkpoints/cifar10/alpha0.5_K5_N10000_cnn_E1_clr0.01_fedopt_sgd_slr1.0_sam_rho0.1_112125_19:29:46.ckpt
--- Round 28 of 10000: Training 5 Clients ---
Selected clients: ['46', '23', '47', '21', '97']
--- Updating central model ---
Checkpoint saved in path: checkpoints/cifar10/alpha0.5_K5_N10000_cnn_E1_clr0.01_fedopt_sgd_slr1.0_sam_rho0.1_112125_19:29:46.ckpt
--- Round 29 of 10000: Training 5 Clients ---
Selected clients: ['38', '86', '54', '67', '41']
--- Updating central model ---
Checkpoint saved in path: checkpoints/cifar10/alpha0.5_K5_N10000_cnn_E1_clr0.01_fedopt_sgd_slr1.0_sam_rho0.1_112125_19:29:46.ckpt
--- Round 30 of 10000: Training 5 Clients ---
Selected clients: ['78', '8', '30', '66', '2']
--- Updating central model ---
Checkpoint saved in path: checkpoints/cifar10/alpha0.5_K5_N10000_cnn_E1_clr0.01_fedopt_sgd_slr1.0_sam_rho0.1_112125_19:29:46.ckpt
--- Round 31 of 10000: Training 5 Clients ---
Selected clients: ['10', '70', '37', '0', '72']
--- Updating central model ---
Checkpoint saved in path: checkpoints/cifar10/alpha0.5_K5_N10000_cnn_E1_clr0.01_fedopt_sgd_slr1.0_sam_rho0.1_112125_19:29:46.ckpt
--- Round 32 of 10000: Training 5 Clients ---
Selected clients: ['11', '2', '23', '74', '17']
--- Updating central model ---
Checkpoint saved in path: checkpoints/cifar10/alpha0.5_K5_N10000_cnn_E1_clr0.01_fedopt_sgd_slr1.0_sam_rho0.1_112125_19:29:46.ckpt
--- Round 33 of 10000: Training 5 Clients ---
Selected clients: ['90', '11', '3', '39', '22']
--- Updating central model ---
Checkpoint saved in path: checkpoints/cifar10/alpha0.5_K5_N10000_cnn_E1_clr0.01_fedopt_sgd_slr1.0_sam_rho0.1_112125_19:29:46.ckpt
--- Round 34 of 10000: Training 5 Clients ---
Selected clients: ['54', '13', '22', '6', '28']
--- Updating central model ---
Checkpoint saved in path: checkpoints/cifar10/alpha0.5_K5_N10000_cnn_E1_clr0.01_fedopt_sgd_slr1.0_sam_rho0.1_112125_19:29:46.ckpt
--- Round 35 of 10000: Training 5 Clients ---
Selected clients: ['41', '53', '26', '93', '23']
--- Updating central model ---
Checkpoint saved in path: checkpoints/cifar10/alpha0.5_K5_N10000_cnn_E1_clr0.01_fedopt_sgd_slr1.0_sam_rho0.1_112125_19:29:46.ckpt
--- Round 36 of 10000: Training 5 Clients ---
Selected clients: ['93', '26', '8', '62', '50']
--- Updating central model ---
Checkpoint saved in path: checkpoints/cifar10/alpha0.5_K5_N10000_cnn_E1_clr0.01_fedopt_sgd_slr1.0_sam_rho0.1_112125_19:29:46.ckpt
--- Round 37 of 10000: Training 5 Clients ---
Selected clients: ['20', '80', '2', '13', '66']
--- Updating central model ---
Checkpoint saved in path: checkpoints/cifar10/alpha0.5_K5_N10000_cnn_E1_clr0.01_fedopt_sgd_slr1.0_sam_rho0.1_112125_19:29:46.ckpt
--- Round 38 of 10000: Training 5 Clients ---
Selected clients: ['91', '60', '13', '10', '59']
--- Updating central model ---
Checkpoint saved in path: checkpoints/cifar10/alpha0.5_K5_N10000_cnn_E1_clr0.01_fedopt_sgd_slr1.0_sam_rho0.1_112125_19:29:46.ckpt
--- Round 39 of 10000: Training 5 Clients ---
Selected clients: ['72', '33', '70', '25', '80']
--- Updating central model ---
Checkpoint saved in path: checkpoints/cifar10/alpha0.5_K5_N10000_cnn_E1_clr0.01_fedopt_sgd_slr1.0_sam_rho0.1_112125_19:29:46.ckpt
--- Round 40 of 10000: Training 5 Clients ---
Selected clients: ['14', '60', '13', '93', '79']
--- Updating central model ---
Checkpoint saved in path: checkpoints/cifar10/alpha0.5_K5_N10000_cnn_E1_clr0.01_fedopt_sgd_slr1.0_sam_rho0.1_112125_19:29:46.ckpt
--- Round 41 of 10000: Training 5 Clients ---
Selected clients: ['53', '39', '58', '37', '99']
--- Updating central model ---
Checkpoint saved in path: checkpoints/cifar10/alpha0.5_K5_N10000_cnn_E1_clr0.01_fedopt_sgd_slr1.0_sam_rho0.1_112125_19:29:46.ckpt
--- Round 42 of 10000: Training 5 Clients ---
Selected clients: ['10', '94', '0', '57', '31']
--- Updating central model ---
Checkpoint saved in path: checkpoints/cifar10/alpha0.5_K5_N10000_cnn_E1_clr0.01_fedopt_sgd_slr1.0_sam_rho0.1_112125_19:29:46.ckpt
--- Round 43 of 10000: Training 5 Clients ---
Selected clients: ['80', '96', '76', '32', '91']
--- Updating central model ---
Checkpoint saved in path: checkpoints/cifar10/alpha0.5_K5_N10000_cnn_E1_clr0.01_fedopt_sgd_slr1.0_sam_rho0.1_112125_19:29:46.ckpt
--- Round 44 of 10000: Training 5 Clients ---
Selected clients: ['47', '21', '3', '68', '60']
--- Updating central model ---
Checkpoint saved in path: checkpoints/cifar10/alpha0.5_K5_N10000_cnn_E1_clr0.01_fedopt_sgd_slr1.0_sam_rho0.1_112125_19:29:46.ckpt
--- Round 45 of 10000: Training 5 Clients ---
Selected clients: ['35', '67', '70', '27', '5']
--- Updating central model ---
Checkpoint saved in path: checkpoints/cifar10/alpha0.5_K5_N10000_cnn_E1_clr0.01_fedopt_sgd_slr1.0_sam_rho0.1_112125_19:29:46.ckpt
--- Round 46 of 10000: Training 5 Clients ---
Selected clients: ['52', '33', '85', '75', '26']
--- Updating central model ---
Checkpoint saved in path: checkpoints/cifar10/alpha0.5_K5_N10000_cnn_E1_clr0.01_fedopt_sgd_slr1.0_sam_rho0.1_112125_19:29:46.ckpt
--- Round 47 of 10000: Training 5 Clients ---
Selected clients: ['33', '2', '77', '5', '56']
--- Updating central model ---
Checkpoint saved in path: checkpoints/cifar10/alpha0.5_K5_N10000_cnn_E1_clr0.01_fedopt_sgd_slr1.0_sam_rho0.1_112125_19:29:46.ckpt
--- Round 48 of 10000: Training 5 Clients ---
Selected clients: ['80', '98', '29', '99', '63']
--- Updating central model ---
Checkpoint saved in path: checkpoints/cifar10/alpha0.5_K5_N10000_cnn_E1_clr0.01_fedopt_sgd_slr1.0_sam_rho0.1_112125_19:29:46.ckpt
--- Round 49 of 10000: Training 5 Clients ---
Selected clients: ['90', '18', '0', '73', '92']
--- Updating central model ---
Checkpoint saved in path: checkpoints/cifar10/alpha0.5_K5_N10000_cnn_E1_clr0.01_fedopt_sgd_slr1.0_sam_rho0.1_112125_19:29:46.ckpt
--- Round 50 of 10000: Training 5 Clients ---
Selected clients: ['78', '66', '32', '30', '47']
--- Updating central model ---
Checkpoint saved in path: checkpoints/cifar10/alpha0.5_K5_N10000_cnn_E1_clr0.01_fedopt_sgd_slr1.0_sam_rho0.1_112125_19:29:46.ckpt
--- Round 51 of 10000: Training 5 Clients ---
Selected clients: ['47', '67', '75', '36', '5']
--- Updating central model ---
Checkpoint saved in path: checkpoints/cifar10/alpha0.5_K5_N10000_cnn_E1_clr0.01_fedopt_sgd_slr1.0_sam_rho0.1_112125_19:29:46.ckpt
--- Round 52 of 10000: Training 5 Clients ---
Selected clients: ['78', '19', '9', '49', '76']
--- Updating central model ---
Checkpoint saved in path: checkpoints/cifar10/alpha0.5_K5_N10000_cnn_E1_clr0.01_fedopt_sgd_slr1.0_sam_rho0.1_112125_19:29:46.ckpt
--- Round 53 of 10000: Training 5 Clients ---
Selected clients: ['93', '83', '63', '97', '48']
--- Updating central model ---
Checkpoint saved in path: checkpoints/cifar10/alpha0.5_K5_N10000_cnn_E1_clr0.01_fedopt_sgd_slr1.0_sam_rho0.1_112125_19:29:46.ckpt
--- Round 54 of 10000: Training 5 Clients ---
Selected clients: ['87', '68', '42', '4', '14']
--- Updating central model ---
Checkpoint saved in path: checkpoints/cifar10/alpha0.5_K5_N10000_cnn_E1_clr0.01_fedopt_sgd_slr1.0_sam_rho0.1_112125_19:29:46.ckpt
--- Round 55 of 10000: Training 5 Clients ---
Selected clients: ['11', '18', '14', '33', '55']
--- Updating central model ---
Checkpoint saved in path: checkpoints/cifar10/alpha0.5_K5_N10000_cnn_E1_clr0.01_fedopt_sgd_slr1.0_sam_rho0.1_112125_19:29:46.ckpt
--- Round 56 of 10000: Training 5 Clients ---
Selected clients: ['61', '69', '49', '35', '11']
--- Updating central model ---
Checkpoint saved in path: checkpoints/cifar10/alpha0.5_K5_N10000_cnn_E1_clr0.01_fedopt_sgd_slr1.0_sam_rho0.1_112125_19:29:46.ckpt
--- Round 57 of 10000: Training 5 Clients ---
Selected clients: ['46', '51', '54', '45', '1']
--- Updating central model ---
Checkpoint saved in path: checkpoints/cifar10/alpha0.5_K5_N10000_cnn_E1_clr0.01_fedopt_sgd_slr1.0_sam_rho0.1_112125_19:29:46.ckpt
--- Round 58 of 10000: Training 5 Clients ---
Selected clients: ['28', '17', '31', '80', '51']
--- Updating central model ---
Checkpoint saved in path: checkpoints/cifar10/alpha0.5_K5_N10000_cnn_E1_clr0.01_fedopt_sgd_slr1.0_sam_rho0.1_112125_19:29:46.ckpt
--- Round 59 of 10000: Training 5 Clients ---
Selected clients: ['17', '14', '15', '87', '9']
--- Updating central model ---
Checkpoint saved in path: checkpoints/cifar10/alpha0.5_K5_N10000_cnn_E1_clr0.01_fedopt_sgd_slr1.0_sam_rho0.1_112125_19:29:46.ckpt
--- Round 60 of 10000: Training 5 Clients ---
Selected clients: ['44', '43', '74', '18', '52']
--- Updating central model ---
Checkpoint saved in path: checkpoints/cifar10/alpha0.5_K5_N10000_cnn_E1_clr0.01_fedopt_sgd_slr1.0_sam_rho0.1_112125_19:29:46.ckpt
--- Round 61 of 10000: Training 5 Clients ---
Selected clients: ['77', '82', '8', '46', '57']
--- Updating central model ---
Checkpoint saved in path: checkpoints/cifar10/alpha0.5_K5_N10000_cnn_E1_clr0.01_fedopt_sgd_slr1.0_sam_rho0.1_112125_19:29:46.ckpt
--- Round 62 of 10000: Training 5 Clients ---
Selected clients: ['24', '53', '67', '66', '60']
--- Updating central model ---
Checkpoint saved in path: checkpoints/cifar10/alpha0.5_K5_N10000_cnn_E1_clr0.01_fedopt_sgd_slr1.0_sam_rho0.1_112125_19:29:46.ckpt
--- Round 63 of 10000: Training 5 Clients ---
Selected clients: ['34', '46', '4', '51', '50']
--- Updating central model ---
Checkpoint saved in path: checkpoints/cifar10/alpha0.5_K5_N10000_cnn_E1_clr0.01_fedopt_sgd_slr1.0_sam_rho0.1_112125_19:29:46.ckpt
--- Round 64 of 10000: Training 5 Clients ---
Selected clients: ['67', '35', '90', '74', '69']
--- Updating central model ---
Checkpoint saved in path: checkpoints/cifar10/alpha0.5_K5_N10000_cnn_E1_clr0.01_fedopt_sgd_slr1.0_sam_rho0.1_112125_19:29:46.ckpt
--- Round 65 of 10000: Training 5 Clients ---
Selected clients: ['55', '48', '64', '45', '4']
--- Updating central model ---
Checkpoint saved in path: checkpoints/cifar10/alpha0.5_K5_N10000_cnn_E1_clr0.01_fedopt_sgd_slr1.0_sam_rho0.1_112125_19:29:46.ckpt
--- Round 66 of 10000: Training 5 Clients ---
Selected clients: ['52', '64', '78', '80', '69']
--- Updating central model ---
Checkpoint saved in path: checkpoints/cifar10/alpha0.5_K5_N10000_cnn_E1_clr0.01_fedopt_sgd_slr1.0_sam_rho0.1_112125_19:29:46.ckpt
--- Round 67 of 10000: Training 5 Clients ---
Selected clients: ['22', '79', '31', '95', '67']
--- Updating central model ---
Checkpoint saved in path: checkpoints/cifar10/alpha0.5_K5_N10000_cnn_E1_clr0.01_fedopt_sgd_slr1.0_sam_rho0.1_112125_19:29:46.ckpt
--- Round 68 of 10000: Training 5 Clients ---
Selected clients: ['2', '12', '73', '81', '74']
--- Updating central model ---
Checkpoint saved in path: checkpoints/cifar10/alpha0.5_K5_N10000_cnn_E1_clr0.01_fedopt_sgd_slr1.0_sam_rho0.1_112125_19:29:46.ckpt
--- Round 69 of 10000: Training 5 Clients ---
Selected clients: ['18', '6', '88', '76', '35']
--- Updating central model ---
Checkpoint saved in path: checkpoints/cifar10/alpha0.5_K5_N10000_cnn_E1_clr0.01_fedopt_sgd_slr1.0_sam_rho0.1_112125_19:29:46.ckpt
--- Round 70 of 10000: Training 5 Clients ---
Selected clients: ['84', '90', '75', '56', '32']
--- Updating central model ---
Checkpoint saved in path: checkpoints/cifar10/alpha0.5_K5_N10000_cnn_E1_clr0.01_fedopt_sgd_slr1.0_sam_rho0.1_112125_19:29:46.ckpt
--- Round 71 of 10000: Training 5 Clients ---
Selected clients: ['50', '12', '86', '82', '76']
--- Updating central model ---
Checkpoint saved in path: checkpoints/cifar10/alpha0.5_K5_N10000_cnn_E1_clr0.01_fedopt_sgd_slr1.0_sam_rho0.1_112125_19:29:46.ckpt
--- Round 72 of 10000: Training 5 Clients ---
Selected clients: ['85', '77', '89', '9', '64']
--- Updating central model ---
Checkpoint saved in path: checkpoints/cifar10/alpha0.5_K5_N10000_cnn_E1_clr0.01_fedopt_sgd_slr1.0_sam_rho0.1_112125_19:29:46.ckpt
--- Round 73 of 10000: Training 5 Clients ---
Selected clients: ['26', '82', '27', '22', '48']
--- Updating central model ---
Checkpoint saved in path: checkpoints/cifar10/alpha0.5_K5_N10000_cnn_E1_clr0.01_fedopt_sgd_slr1.0_sam_rho0.1_112125_19:29:46.ckpt
--- Round 74 of 10000: Training 5 Clients ---
Selected clients: ['61', '52', '35', '41', '78']
--- Updating central model ---
Checkpoint saved in path: checkpoints/cifar10/alpha0.5_K5_N10000_cnn_E1_clr0.01_fedopt_sgd_slr1.0_sam_rho0.1_112125_19:29:46.ckpt
--- Round 75 of 10000: Training 5 Clients ---
Selected clients: ['52', '25', '73', '41', '98']
--- Updating central model ---
Checkpoint saved in path: checkpoints/cifar10/alpha0.5_K5_N10000_cnn_E1_clr0.01_fedopt_sgd_slr1.0_sam_rho0.1_112125_19:29:46.ckpt
--- Round 76 of 10000: Training 5 Clients ---
Selected clients: ['67', '36', '20', '58', '97']
--- Updating central model ---
Checkpoint saved in path: checkpoints/cifar10/alpha0.5_K5_N10000_cnn_E1_clr0.01_fedopt_sgd_slr1.0_sam_rho0.1_112125_19:29:46.ckpt
--- Round 77 of 10000: Training 5 Clients ---
Selected clients: ['19', '43', '45', '65', '18']
--- Updating central model ---
Checkpoint saved in path: checkpoints/cifar10/alpha0.5_K5_N10000_cnn_E1_clr0.01_fedopt_sgd_slr1.0_sam_rho0.1_112125_19:29:46.ckpt
--- Round 78 of 10000: Training 5 Clients ---
Selected clients: ['35', '40', '87', '60', '24']
--- Updating central model ---
Checkpoint saved in path: checkpoints/cifar10/alpha0.5_K5_N10000_cnn_E1_clr0.01_fedopt_sgd_slr1.0_sam_rho0.1_112125_19:29:46.ckpt
--- Round 79 of 10000: Training 5 Clients ---
Selected clients: ['21', '10', '98', '7', '52']
--- Updating central model ---
Checkpoint saved in path: checkpoints/cifar10/alpha0.5_K5_N10000_cnn_E1_clr0.01_fedopt_sgd_slr1.0_sam_rho0.1_112125_19:29:46.ckpt
--- Round 80 of 10000: Training 5 Clients ---
Selected clients: ['40', '71', '42', '82', '85']
--- Updating central model ---
Checkpoint saved in path: checkpoints/cifar10/alpha0.5_K5_N10000_cnn_E1_clr0.01_fedopt_sgd_slr1.0_sam_rho0.1_112125_19:29:46.ckpt
--- Round 81 of 10000: Training 5 Clients ---
Selected clients: ['15', '32', '86', '23', '73']
--- Updating central model ---
Checkpoint saved in path: checkpoints/cifar10/alpha0.5_K5_N10000_cnn_E1_clr0.01_fedopt_sgd_slr1.0_sam_rho0.1_112125_19:29:46.ckpt
--- Round 82 of 10000: Training 5 Clients ---
Selected clients: ['88', '25', '42', '96', '85']
--- Updating central model ---
Checkpoint saved in path: checkpoints/cifar10/alpha0.5_K5_N10000_cnn_E1_clr0.01_fedopt_sgd_slr1.0_sam_rho0.1_112125_19:29:46.ckpt
--- Round 83 of 10000: Training 5 Clients ---
Selected clients: ['34', '79', '94', '48', '96']
--- Updating central model ---
Checkpoint saved in path: checkpoints/cifar10/alpha0.5_K5_N10000_cnn_E1_clr0.01_fedopt_sgd_slr1.0_sam_rho0.1_112125_19:29:46.ckpt
--- Round 84 of 10000: Training 5 Clients ---
Selected clients: ['91', '34', '32', '49', '54']
--- Updating central model ---
Checkpoint saved in path: checkpoints/cifar10/alpha0.5_K5_N10000_cnn_E1_clr0.01_fedopt_sgd_slr1.0_sam_rho0.1_112125_19:29:46.ckpt
--- Round 85 of 10000: Training 5 Clients ---
Selected clients: ['32', '44', '14', '74', '95']
--- Updating central model ---
Checkpoint saved in path: checkpoints/cifar10/alpha0.5_K5_N10000_cnn_E1_clr0.01_fedopt_sgd_slr1.0_sam_rho0.1_112125_19:29:46.ckpt
--- Round 86 of 10000: Training 5 Clients ---
Selected clients: ['91', '13', '64', '75', '65']
--- Updating central model ---
Checkpoint saved in path: checkpoints/cifar10/alpha0.5_K5_N10000_cnn_E1_clr0.01_fedopt_sgd_slr1.0_sam_rho0.1_112125_19:29:46.ckpt
--- Round 87 of 10000: Training 5 Clients ---
Selected clients: ['18', '66', '48', '30', '20']
--- Updating central model ---
Checkpoint saved in path: checkpoints/cifar10/alpha0.5_K5_N10000_cnn_E1_clr0.01_fedopt_sgd_slr1.0_sam_rho0.1_112125_19:29:46.ckpt
--- Round 88 of 10000: Training 5 Clients ---
Selected clients: ['98', '16', '91', '63', '84']
--- Updating central model ---
Checkpoint saved in path: checkpoints/cifar10/alpha0.5_K5_N10000_cnn_E1_clr0.01_fedopt_sgd_slr1.0_sam_rho0.1_112125_19:29:46.ckpt
--- Round 89 of 10000: Training 5 Clients ---
Selected clients: ['72', '20', '94', '58', '68']
--- Updating central model ---
Checkpoint saved in path: checkpoints/cifar10/alpha0.5_K5_N10000_cnn_E1_clr0.01_fedopt_sgd_slr1.0_sam_rho0.1_112125_19:29:46.ckpt
--- Round 90 of 10000: Training 5 Clients ---
Selected clients: ['17', '49', '86', '39', '45']
--- Updating central model ---
Checkpoint saved in path: checkpoints/cifar10/alpha0.5_K5_N10000_cnn_E1_clr0.01_fedopt_sgd_slr1.0_sam_rho0.1_112125_19:29:46.ckpt
--- Round 91 of 10000: Training 5 Clients ---
Selected clients: ['18', '55', '28', '38', '37']
--- Updating central model ---
Checkpoint saved in path: checkpoints/cifar10/alpha0.5_K5_N10000_cnn_E1_clr0.01_fedopt_sgd_slr1.0_sam_rho0.1_112125_19:29:46.ckpt
--- Round 92 of 10000: Training 5 Clients ---
Selected clients: ['99', '18', '26', '74', '70']
--- Updating central model ---
Checkpoint saved in path: checkpoints/cifar10/alpha0.5_K5_N10000_cnn_E1_clr0.01_fedopt_sgd_slr1.0_sam_rho0.1_112125_19:29:46.ckpt
--- Round 93 of 10000: Training 5 Clients ---
Selected clients: ['16', '49', '12', '4', '2']
--- Updating central model ---
Checkpoint saved in path: checkpoints/cifar10/alpha0.5_K5_N10000_cnn_E1_clr0.01_fedopt_sgd_slr1.0_sam_rho0.1_112125_19:29:46.ckpt
--- Round 94 of 10000: Training 5 Clients ---
Selected clients: ['88', '17', '98', '95', '55']
--- Updating central model ---
Checkpoint saved in path: checkpoints/cifar10/alpha0.5_K5_N10000_cnn_E1_clr0.01_fedopt_sgd_slr1.0_sam_rho0.1_112125_19:29:46.ckpt
--- Round 95 of 10000: Training 5 Clients ---
Selected clients: ['61', '29', '8', '25', '40']
--- Updating central model ---
Checkpoint saved in path: checkpoints/cifar10/alpha0.5_K5_N10000_cnn_E1_clr0.01_fedopt_sgd_slr1.0_sam_rho0.1_112125_19:29:46.ckpt
--- Round 96 of 10000: Training 5 Clients ---
Selected clients: ['49', '26', '18', '8', '55']
--- Updating central model ---
Checkpoint saved in path: checkpoints/cifar10/alpha0.5_K5_N10000_cnn_E1_clr0.01_fedopt_sgd_slr1.0_sam_rho0.1_112125_19:29:46.ckpt
--- Round 97 of 10000: Training 5 Clients ---
Selected clients: ['37', '72', '56', '71', '69']
--- Updating central model ---
Checkpoint saved in path: checkpoints/cifar10/alpha0.5_K5_N10000_cnn_E1_clr0.01_fedopt_sgd_slr1.0_sam_rho0.1_112125_19:29:46.ckpt
--- Round 98 of 10000: Training 5 Clients ---
Selected clients: ['15', '42', '60', '40', '19']
--- Updating central model ---
Checkpoint saved in path: checkpoints/cifar10/alpha0.5_K5_N10000_cnn_E1_clr0.01_fedopt_sgd_slr1.0_sam_rho0.1_112125_19:29:46.ckpt
--- Round 99 of 10000: Training 5 Clients ---
Selected clients: ['95', '71', '80', '57', '58']
--- Updating central model ---
Checkpoint saved in path: checkpoints/cifar10/alpha0.5_K5_N10000_cnn_E1_clr0.01_fedopt_sgd_slr1.0_sam_rho0.1_112125_19:29:46.ckpt
--- Round 100 of 10000: Training 5 Clients ---
Selected clients: ['76', '57', '64', '17', '73']
--- Updating central model ---
train_accuracy: 10.0571, 10th percentile: 0.280188, 50th percentile: 4.72069, 90th percentile 28.9182
train_loss: 2.30066, 10th percentile: 2.28638, 50th percentile: 2.30232, 90th percentile 2.31928
test_accuracy: 10, 10th percentile: 10, 50th percentile: 10, 90th percentile 10
test_loss: 2.30069, 10th percentile: 2.30069, 50th percentile: 2.30069, 90th percentile 2.30069
Checkpoint saved in path: checkpoints/cifar10/alpha0.5_K5_N10000_cnn_E1_clr0.01_fedopt_sgd_slr1.0_sam_rho0.1_112125_19:29:46.ckpt
--- Round 101 of 10000: Training 5 Clients ---
Selected clients: ['59', '98', '69', '75', '68']
--- Updating central model ---
Checkpoint saved in path: checkpoints/cifar10/alpha0.5_K5_N10000_cnn_E1_clr0.01_fedopt_sgd_slr1.0_sam_rho0.1_112125_19:29:46.ckpt
--- Round 102 of 10000: Training 5 Clients ---
Selected clients: ['23', '17', '43', '72', '99']
--- Updating central model ---
Checkpoint saved in path: checkpoints/cifar10/alpha0.5_K5_N10000_cnn_E1_clr0.01_fedopt_sgd_slr1.0_sam_rho0.1_112125_19:29:46.ckpt
--- Round 103 of 10000: Training 5 Clients ---
Selected clients: ['7', '39', '69', '56', '18']
--- Updating central model ---
Checkpoint saved in path: checkpoints/cifar10/alpha0.5_K5_N10000_cnn_E1_clr0.01_fedopt_sgd_slr1.0_sam_rho0.1_112125_19:29:46.ckpt
--- Round 104 of 10000: Training 5 Clients ---
Selected clients: ['90', '52', '5', '82', '56']
--- Updating central model ---
Checkpoint saved in path: checkpoints/cifar10/alpha0.5_K5_N10000_cnn_E1_clr0.01_fedopt_sgd_slr1.0_sam_rho0.1_112125_19:29:46.ckpt
--- Round 105 of 10000: Training 5 Clients ---
Selected clients: ['67', '25', '71', '86', '34']
--- Updating central model ---
Checkpoint saved in path: checkpoints/cifar10/alpha0.5_K5_N10000_cnn_E1_clr0.01_fedopt_sgd_slr1.0_sam_rho0.1_112125_19:29:46.ckpt
--- Round 106 of 10000: Training 5 Clients ---
Selected clients: ['61', '94', '17', '76', '79']
--- Updating central model ---
Checkpoint saved in path: checkpoints/cifar10/alpha0.5_K5_N10000_cnn_E1_clr0.01_fedopt_sgd_slr1.0_sam_rho0.1_112125_19:29:46.ckpt
--- Round 107 of 10000: Training 5 Clients ---
Selected clients: ['36', '78', '6', '84', '33']
--- Updating central model ---
Checkpoint saved in path: checkpoints/cifar10/alpha0.5_K5_N10000_cnn_E1_clr0.01_fedopt_sgd_slr1.0_sam_rho0.1_112125_19:29:46.ckpt
--- Round 108 of 10000: Training 5 Clients ---
Selected clients: ['42', '44', '81', '88', '66']
--- Updating central model ---
Checkpoint saved in path: checkpoints/cifar10/alpha0.5_K5_N10000_cnn_E1_clr0.01_fedopt_sgd_slr1.0_sam_rho0.1_112125_19:29:46.ckpt
--- Round 109 of 10000: Training 5 Clients ---
Selected clients: ['36', '43', '16', '40', '44']
--- Updating central model ---
Checkpoint saved in path: checkpoints/cifar10/alpha0.5_K5_N10000_cnn_E1_clr0.01_fedopt_sgd_slr1.0_sam_rho0.1_112125_19:29:46.ckpt
--- Round 110 of 10000: Training 5 Clients ---
Selected clients: ['80', '64', '6', '66', '34']
--- Updating central model ---
Checkpoint saved in path: checkpoints/cifar10/alpha0.5_K5_N10000_cnn_E1_clr0.01_fedopt_sgd_slr1.0_sam_rho0.1_112125_19:29:46.ckpt
--- Round 111 of 10000: Training 5 Clients ---
Selected clients: ['20', '14', '81', '49', '79']
--- Updating central model ---
Checkpoint saved in path: checkpoints/cifar10/alpha0.5_K5_N10000_cnn_E1_clr0.01_fedopt_sgd_slr1.0_sam_rho0.1_112125_19:29:46.ckpt
--- Round 112 of 10000: Training 5 Clients ---
Selected clients: ['44', '67', '85', '82', '76']
--- Updating central model ---
Checkpoint saved in path: checkpoints/cifar10/alpha0.5_K5_N10000_cnn_E1_clr0.01_fedopt_sgd_slr1.0_sam_rho0.1_112125_19:29:46.ckpt
--- Round 113 of 10000: Training 5 Clients ---
Selected clients: ['88', '24', '63', '41', '39']
--- Updating central model ---
Checkpoint saved in path: checkpoints/cifar10/alpha0.5_K5_N10000_cnn_E1_clr0.01_fedopt_sgd_slr1.0_sam_rho0.1_112125_19:29:46.ckpt
--- Round 114 of 10000: Training 5 Clients ---
Selected clients: ['91', '99', '31', '12', '29']
--- Updating central model ---
Checkpoint saved in path: checkpoints/cifar10/alpha0.5_K5_N10000_cnn_E1_clr0.01_fedopt_sgd_slr1.0_sam_rho0.1_112125_19:29:46.ckpt
--- Round 115 of 10000: Training 5 Clients ---
Selected clients: ['14', '22', '41', '99', '15']
--- Updating central model ---
Checkpoint saved in path: checkpoints/cifar10/alpha0.5_K5_N10000_cnn_E1_clr0.01_fedopt_sgd_slr1.0_sam_rho0.1_112125_19:29:46.ckpt
--- Round 116 of 10000: Training 5 Clients ---
Selected clients: ['44', '66', '48', '77', '93']
--- Updating central model ---
Checkpoint saved in path: checkpoints/cifar10/alpha0.5_K5_N10000_cnn_E1_clr0.01_fedopt_sgd_slr1.0_sam_rho0.1_112125_19:29:46.ckpt
--- Round 117 of 10000: Training 5 Clients ---
Selected clients: ['22', '98', '57', '24', '86']
--- Updating central model ---
Checkpoint saved in path: checkpoints/cifar10/alpha0.5_K5_N10000_cnn_E1_clr0.01_fedopt_sgd_slr1.0_sam_rho0.1_112125_19:29:46.ckpt
--- Round 118 of 10000: Training 5 Clients ---
Selected clients: ['88', '42', '72', '57', '77']
--- Updating central model ---
Checkpoint saved in path: checkpoints/cifar10/alpha0.5_K5_N10000_cnn_E1_clr0.01_fedopt_sgd_slr1.0_sam_rho0.1_112125_19:29:46.ckpt
--- Round 119 of 10000: Training 5 Clients ---
Selected clients: ['19', '47', '56', '92', '1']
--- Updating central model ---
Checkpoint saved in path: checkpoints/cifar10/alpha0.5_K5_N10000_cnn_E1_clr0.01_fedopt_sgd_slr1.0_sam_rho0.1_112125_19:29:46.ckpt
--- Round 120 of 10000: Training 5 Clients ---
Selected clients: ['3', '41', '53', '0', '54']
--- Updating central model ---
Checkpoint saved in path: checkpoints/cifar10/alpha0.5_K5_N10000_cnn_E1_clr0.01_fedopt_sgd_slr1.0_sam_rho0.1_112125_19:29:46.ckpt
--- Round 121 of 10000: Training 5 Clients ---
Selected clients: ['97', '54', '25', '17', '15']
--- Updating central model ---
Checkpoint saved in path: checkpoints/cifar10/alpha0.5_K5_N10000_cnn_E1_clr0.01_fedopt_sgd_slr1.0_sam_rho0.1_112125_19:29:46.ckpt
--- Round 122 of 10000: Training 5 Clients ---
Selected clients: ['79', '60', '27', '50', '91']
--- Updating central model ---
Checkpoint saved in path: checkpoints/cifar10/alpha0.5_K5_N10000_cnn_E1_clr0.01_fedopt_sgd_slr1.0_sam_rho0.1_112125_19:29:46.ckpt
--- Round 123 of 10000: Training 5 Clients ---
Selected clients: ['24', '69', '42', '33', '14']
--- Updating central model ---
Checkpoint saved in path: checkpoints/cifar10/alpha0.5_K5_N10000_cnn_E1_clr0.01_fedopt_sgd_slr1.0_sam_rho0.1_112125_19:29:46.ckpt
--- Round 124 of 10000: Training 5 Clients ---
Selected clients: ['26', '85', '64', '24', '0']
--- Updating central model ---
Checkpoint saved in path: checkpoints/cifar10/alpha0.5_K5_N10000_cnn_E1_clr0.01_fedopt_sgd_slr1.0_sam_rho0.1_112125_19:29:46.ckpt
--- Round 125 of 10000: Training 5 Clients ---
Selected clients: ['33', '67', '20', '6', '1']
--- Updating central model ---
Checkpoint saved in path: checkpoints/cifar10/alpha0.5_K5_N10000_cnn_E1_clr0.01_fedopt_sgd_slr1.0_sam_rho0.1_112125_19:29:46.ckpt
--- Round 126 of 10000: Training 5 Clients ---
Selected clients: ['67', '60', '88', '92', '57']
--- Updating central model ---
Checkpoint saved in path: checkpoints/cifar10/alpha0.5_K5_N10000_cnn_E1_clr0.01_fedopt_sgd_slr1.0_sam_rho0.1_112125_19:29:46.ckpt
--- Round 127 of 10000: Training 5 Clients ---
Selected clients: ['78', '11', '90', '13', '43']
--- Updating central model ---
Checkpoint saved in path: checkpoints/cifar10/alpha0.5_K5_N10000_cnn_E1_clr0.01_fedopt_sgd_slr1.0_sam_rho0.1_112125_19:29:46.ckpt
--- Round 128 of 10000: Training 5 Clients ---
Selected clients: ['70', '25', '72', '30', '1']
--- Updating central model ---
Checkpoint saved in path: checkpoints/cifar10/alpha0.5_K5_N10000_cnn_E1_clr0.01_fedopt_sgd_slr1.0_sam_rho0.1_112125_19:29:46.ckpt
--- Round 129 of 10000: Training 5 Clients ---
Selected clients: ['85', '13', '24', '93', '45']
--- Updating central model ---
Checkpoint saved in path: checkpoints/cifar10/alpha0.5_K5_N10000_cnn_E1_clr0.01_fedopt_sgd_slr1.0_sam_rho0.1_112125_19:29:46.ckpt
--- Round 130 of 10000: Training 5 Clients ---
Selected clients: ['7', '51', '88', '13', '64']
--- Updating central model ---
Checkpoint saved in path: checkpoints/cifar10/alpha0.5_K5_N10000_cnn_E1_clr0.01_fedopt_sgd_slr1.0_sam_rho0.1_112125_19:29:46.ckpt
--- Round 131 of 10000: Training 5 Clients ---
Selected clients: ['80', '56', '76', '30', '49']
--- Updating central model ---
Checkpoint saved in path: checkpoints/cifar10/alpha0.5_K5_N10000_cnn_E1_clr0.01_fedopt_sgd_slr1.0_sam_rho0.1_112125_19:29:46.ckpt
--- Round 132 of 10000: Training 5 Clients ---
Selected clients: ['37', '35', '43', '95', '9']
--- Updating central model ---
Checkpoint saved in path: checkpoints/cifar10/alpha0.5_K5_N10000_cnn_E1_clr0.01_fedopt_sgd_slr1.0_sam_rho0.1_112125_19:29:46.ckpt
--- Round 133 of 10000: Training 5 Clients ---
Selected clients: ['22', '31', '82', '12', '77']
--- Updating central model ---
Checkpoint saved in path: checkpoints/cifar10/alpha0.5_K5_N10000_cnn_E1_clr0.01_fedopt_sgd_slr1.0_sam_rho0.1_112125_19:29:46.ckpt
--- Round 134 of 10000: Training 5 Clients ---
Selected clients: ['28', '94', '81', '74', '50']
--- Updating central model ---
Checkpoint saved in path: checkpoints/cifar10/alpha0.5_K5_N10000_cnn_E1_clr0.01_fedopt_sgd_slr1.0_sam_rho0.1_112125_19:29:46.ckpt
--- Round 135 of 10000: Training 5 Clients ---
Selected clients: ['1', '71', '6', '25', '34']
--- Updating central model ---
Checkpoint saved in path: checkpoints/cifar10/alpha0.5_K5_N10000_cnn_E1_clr0.01_fedopt_sgd_slr1.0_sam_rho0.1_112125_19:29:46.ckpt
--- Round 136 of 10000: Training 5 Clients ---
Selected clients: ['96', '34', '17', '74', '0']
--- Updating central model ---
Checkpoint saved in path: checkpoints/cifar10/alpha0.5_K5_N10000_cnn_E1_clr0.01_fedopt_sgd_slr1.0_sam_rho0.1_112125_19:29:46.ckpt
--- Round 137 of 10000: Training 5 Clients ---
Selected clients: ['76', '87', '90', '65', '40']
--- Updating central model ---
Checkpoint saved in path: checkpoints/cifar10/alpha0.5_K5_N10000_cnn_E1_clr0.01_fedopt_sgd_slr1.0_sam_rho0.1_112125_19:29:46.ckpt
--- Round 138 of 10000: Training 5 Clients ---
Selected clients: ['11', '19', '27', '40', '6']
--- Updating central model ---
Checkpoint saved in path: checkpoints/cifar10/alpha0.5_K5_N10000_cnn_E1_clr0.01_fedopt_sgd_slr1.0_sam_rho0.1_112125_19:29:46.ckpt
--- Round 139 of 10000: Training 5 Clients ---
Selected clients: ['84', '6', '81', '68', '75']
--- Updating central model ---
Checkpoint saved in path: checkpoints/cifar10/alpha0.5_K5_N10000_cnn_E1_clr0.01_fedopt_sgd_slr1.0_sam_rho0.1_112125_19:29:46.ckpt
--- Round 140 of 10000: Training 5 Clients ---
Selected clients: ['57', '27', '83', '12', '26']
--- Updating central model ---
Checkpoint saved in path: checkpoints/cifar10/alpha0.5_K5_N10000_cnn_E1_clr0.01_fedopt_sgd_slr1.0_sam_rho0.1_112125_19:29:46.ckpt
--- Round 141 of 10000: Training 5 Clients ---
Selected clients: ['21', '66', '99', '11', '63']
--- Updating central model ---
Checkpoint saved in path: checkpoints/cifar10/alpha0.5_K5_N10000_cnn_E1_clr0.01_fedopt_sgd_slr1.0_sam_rho0.1_112125_19:29:46.ckpt
--- Round 142 of 10000: Training 5 Clients ---
Selected clients: ['3', '78', '20', '32', '60']
--- Updating central model ---
Checkpoint saved in path: checkpoints/cifar10/alpha0.5_K5_N10000_cnn_E1_clr0.01_fedopt_sgd_slr1.0_sam_rho0.1_112125_19:29:46.ckpt
--- Round 143 of 10000: Training 5 Clients ---
Selected clients: ['61', '81', '88', '70', '22']
--- Updating central model ---
Checkpoint saved in path: checkpoints/cifar10/alpha0.5_K5_N10000_cnn_E1_clr0.01_fedopt_sgd_slr1.0_sam_rho0.1_112125_19:29:46.ckpt
--- Round 144 of 10000: Training 5 Clients ---
Selected clients: ['4', '96', '57', '26', '95']
--- Updating central model ---
Checkpoint saved in path: checkpoints/cifar10/alpha0.5_K5_N10000_cnn_E1_clr0.01_fedopt_sgd_slr1.0_sam_rho0.1_112125_19:29:46.ckpt
--- Round 145 of 10000: Training 5 Clients ---
Selected clients: ['8', '64', '63', '7', '94']
--- Updating central model ---
Checkpoint saved in path: checkpoints/cifar10/alpha0.5_K5_N10000_cnn_E1_clr0.01_fedopt_sgd_slr1.0_sam_rho0.1_112125_19:29:46.ckpt
--- Round 146 of 10000: Training 5 Clients ---
Selected clients: ['62', '92', '11', '59', '29']
--- Updating central model ---
Checkpoint saved in path: checkpoints/cifar10/alpha0.5_K5_N10000_cnn_E1_clr0.01_fedopt_sgd_slr1.0_sam_rho0.1_112125_19:29:46.ckpt
--- Round 147 of 10000: Training 5 Clients ---
Selected clients: ['5', '62', '76', '67', '42']
--- Updating central model ---
Checkpoint saved in path: checkpoints/cifar10/alpha0.5_K5_N10000_cnn_E1_clr0.01_fedopt_sgd_slr1.0_sam_rho0.1_112125_19:29:46.ckpt
--- Round 148 of 10000: Training 5 Clients ---
Selected clients: ['23', '27', '20', '18', '35']
--- Updating central model ---
Checkpoint saved in path: checkpoints/cifar10/alpha0.5_K5_N10000_cnn_E1_clr0.01_fedopt_sgd_slr1.0_sam_rho0.1_112125_19:29:46.ckpt
--- Round 149 of 10000: Training 5 Clients ---
Selected clients: ['33', '74', '12', '75', '97']
--- Updating central model ---
Checkpoint saved in path: checkpoints/cifar10/alpha0.5_K5_N10000_cnn_E1_clr0.01_fedopt_sgd_slr1.0_sam_rho0.1_112125_19:29:46.ckpt
--- Round 150 of 10000: Training 5 Clients ---
Selected clients: ['90', '42', '51', '66', '57']
--- Updating central model ---
Checkpoint saved in path: checkpoints/cifar10/alpha0.5_K5_N10000_cnn_E1_clr0.01_fedopt_sgd_slr1.0_sam_rho0.1_112125_19:29:46.ckpt
--- Round 151 of 10000: Training 5 Clients ---
Selected clients: ['88', '93', '98', '6', '25']
--- Updating central model ---
Checkpoint saved in path: checkpoints/cifar10/alpha0.5_K5_N10000_cnn_E1_clr0.01_fedopt_sgd_slr1.0_sam_rho0.1_112125_19:29:46.ckpt
--- Round 152 of 10000: Training 5 Clients ---
Selected clients: ['22', '19', '76', '38', '42']
--- Updating central model ---
Checkpoint saved in path: checkpoints/cifar10/alpha0.5_K5_N10000_cnn_E1_clr0.01_fedopt_sgd_slr1.0_sam_rho0.1_112125_19:29:46.ckpt
--- Round 153 of 10000: Training 5 Clients ---
Selected clients: ['11', '42', '91', '93', '58']
--- Updating central model ---
Checkpoint saved in path: checkpoints/cifar10/alpha0.5_K5_N10000_cnn_E1_clr0.01_fedopt_sgd_slr1.0_sam_rho0.1_112125_19:29:46.ckpt
--- Round 154 of 10000: Training 5 Clients ---
Selected clients: ['42', '10', '50', '99', '71']
--- Updating central model ---
Checkpoint saved in path: checkpoints/cifar10/alpha0.5_K5_N10000_cnn_E1_clr0.01_fedopt_sgd_slr1.0_sam_rho0.1_112125_19:29:46.ckpt
--- Round 155 of 10000: Training 5 Clients ---
Selected clients: ['73', '99', '0', '3', '48']
--- Updating central model ---
Checkpoint saved in path: checkpoints/cifar10/alpha0.5_K5_N10000_cnn_E1_clr0.01_fedopt_sgd_slr1.0_sam_rho0.1_112125_19:29:46.ckpt
--- Round 156 of 10000: Training 5 Clients ---
Selected clients: ['37', '21', '67', '7', '43']
--- Updating central model ---
Checkpoint saved in path: checkpoints/cifar10/alpha0.5_K5_N10000_cnn_E1_clr0.01_fedopt_sgd_slr1.0_sam_rho0.1_112125_19:29:46.ckpt
--- Round 157 of 10000: Training 5 Clients ---
Selected clients: ['0', '78', '77', '8', '67']
--- Updating central model ---
Checkpoint saved in path: checkpoints/cifar10/alpha0.5_K5_N10000_cnn_E1_clr0.01_fedopt_sgd_slr1.0_sam_rho0.1_112125_19:29:46.ckpt
--- Round 158 of 10000: Training 5 Clients ---
Selected clients: ['84', '23', '94', '25', '41']
--- Updating central model ---
Checkpoint saved in path: checkpoints/cifar10/alpha0.5_K5_N10000_cnn_E1_clr0.01_fedopt_sgd_slr1.0_sam_rho0.1_112125_19:29:46.ckpt
--- Round 159 of 10000: Training 5 Clients ---
Selected clients: ['64', '90', '88', '92', '94']
--- Updating central model ---
Checkpoint saved in path: checkpoints/cifar10/alpha0.5_K5_N10000_cnn_E1_clr0.01_fedopt_sgd_slr1.0_sam_rho0.1_112125_19:29:46.ckpt
--- Round 160 of 10000: Training 5 Clients ---
Selected clients: ['4', '81', '11', '25', '48']
--- Updating central model ---
Checkpoint saved in path: checkpoints/cifar10/alpha0.5_K5_N10000_cnn_E1_clr0.01_fedopt_sgd_slr1.0_sam_rho0.1_112125_19:29:46.ckpt
--- Round 161 of 10000: Training 5 Clients ---
Selected clients: ['60', '8', '78', '40', '11']
--- Updating central model ---
Checkpoint saved in path: checkpoints/cifar10/alpha0.5_K5_N10000_cnn_E1_clr0.01_fedopt_sgd_slr1.0_sam_rho0.1_112125_19:29:46.ckpt
--- Round 162 of 10000: Training 5 Clients ---
Selected clients: ['0', '30', '80', '34', '12']
--- Updating central model ---
Checkpoint saved in path: checkpoints/cifar10/alpha0.5_K5_N10000_cnn_E1_clr0.01_fedopt_sgd_slr1.0_sam_rho0.1_112125_19:29:46.ckpt
--- Round 163 of 10000: Training 5 Clients ---
Selected clients: ['67', '91', '77', '34', '93']
--- Updating central model ---
Checkpoint saved in path: checkpoints/cifar10/alpha0.5_K5_N10000_cnn_E1_clr0.01_fedopt_sgd_slr1.0_sam_rho0.1_112125_19:29:46.ckpt
--- Round 164 of 10000: Training 5 Clients ---
Selected clients: ['28', '20', '91', '70', '3']
--- Updating central model ---
Checkpoint saved in path: checkpoints/cifar10/alpha0.5_K5_N10000_cnn_E1_clr0.01_fedopt_sgd_slr1.0_sam_rho0.1_112125_19:29:46.ckpt
--- Round 165 of 10000: Training 5 Clients ---
Selected clients: ['59', '74', '61', '34', '50']
--- Updating central model ---
Checkpoint saved in path: checkpoints/cifar10/alpha0.5_K5_N10000_cnn_E1_clr0.01_fedopt_sgd_slr1.0_sam_rho0.1_112125_19:29:46.ckpt
--- Round 166 of 10000: Training 5 Clients ---
Selected clients: ['68', '0', '50', '71', '6']
--- Updating central model ---
Checkpoint saved in path: checkpoints/cifar10/alpha0.5_K5_N10000_cnn_E1_clr0.01_fedopt_sgd_slr1.0_sam_rho0.1_112125_19:29:46.ckpt
--- Round 167 of 10000: Training 5 Clients ---
Selected clients: ['40', '20', '12', '69', '48']
--- Updating central model ---
Checkpoint saved in path: checkpoints/cifar10/alpha0.5_K5_N10000_cnn_E1_clr0.01_fedopt_sgd_slr1.0_sam_rho0.1_112125_19:29:46.ckpt
--- Round 168 of 10000: Training 5 Clients ---
Selected clients: ['9', '6', '21', '36', '42']
--- Updating central model ---
Checkpoint saved in path: checkpoints/cifar10/alpha0.5_K5_N10000_cnn_E1_clr0.01_fedopt_sgd_slr1.0_sam_rho0.1_112125_19:29:46.ckpt
--- Round 169 of 10000: Training 5 Clients ---
Selected clients: ['59', '48', '51', '12', '2']
--- Updating central model ---
Checkpoint saved in path: checkpoints/cifar10/alpha0.5_K5_N10000_cnn_E1_clr0.01_fedopt_sgd_slr1.0_sam_rho0.1_112125_19:29:46.ckpt
--- Round 170 of 10000: Training 5 Clients ---
Selected clients: ['99', '79', '90', '13', '82']
--- Updating central model ---
Checkpoint saved in path: checkpoints/cifar10/alpha0.5_K5_N10000_cnn_E1_clr0.01_fedopt_sgd_slr1.0_sam_rho0.1_112125_19:29:46.ckpt
--- Round 171 of 10000: Training 5 Clients ---
Selected clients: ['45', '93', '26', '20', '55']
--- Updating central model ---
Checkpoint saved in path: checkpoints/cifar10/alpha0.5_K5_N10000_cnn_E1_clr0.01_fedopt_sgd_slr1.0_sam_rho0.1_112125_19:29:46.ckpt
--- Round 172 of 10000: Training 5 Clients ---
Selected clients: ['69', '35', '32', '27', '88']
--- Updating central model ---
Checkpoint saved in path: checkpoints/cifar10/alpha0.5_K5_N10000_cnn_E1_clr0.01_fedopt_sgd_slr1.0_sam_rho0.1_112125_19:29:46.ckpt
--- Round 173 of 10000: Training 5 Clients ---
Selected clients: ['48', '47', '53', '84', '99']
--- Updating central model ---
Checkpoint saved in path: checkpoints/cifar10/alpha0.5_K5_N10000_cnn_E1_clr0.01_fedopt_sgd_slr1.0_sam_rho0.1_112125_19:29:46.ckpt
--- Round 174 of 10000: Training 5 Clients ---
Selected clients: ['17', '31', '15', '49', '99']
--- Updating central model ---
Checkpoint saved in path: checkpoints/cifar10/alpha0.5_K5_N10000_cnn_E1_clr0.01_fedopt_sgd_slr1.0_sam_rho0.1_112125_19:29:46.ckpt
--- Round 175 of 10000: Training 5 Clients ---
Selected clients: ['53', '58', '42', '12', '5']
--- Updating central model ---
Checkpoint saved in path: checkpoints/cifar10/alpha0.5_K5_N10000_cnn_E1_clr0.01_fedopt_sgd_slr1.0_sam_rho0.1_112125_19:29:46.ckpt
--- Round 176 of 10000: Training 5 Clients ---
Selected clients: ['79', '63', '2', '84', '42']
--- Updating central model ---
Checkpoint saved in path: checkpoints/cifar10/alpha0.5_K5_N10000_cnn_E1_clr0.01_fedopt_sgd_slr1.0_sam_rho0.1_112125_19:29:46.ckpt
--- Round 177 of 10000: Training 5 Clients ---
Selected clients: ['7', '96', '73', '69', '63']
--- Updating central model ---
Checkpoint saved in path: checkpoints/cifar10/alpha0.5_K5_N10000_cnn_E1_clr0.01_fedopt_sgd_slr1.0_sam_rho0.1_112125_19:29:46.ckpt
--- Round 178 of 10000: Training 5 Clients ---
Selected clients: ['47', '11', '10', '72', '85']
--- Updating central model ---
Checkpoint saved in path: checkpoints/cifar10/alpha0.5_K5_N10000_cnn_E1_clr0.01_fedopt_sgd_slr1.0_sam_rho0.1_112125_19:29:46.ckpt
--- Round 179 of 10000: Training 5 Clients ---
Selected clients: ['22', '24', '51', '73', '90']
--- Updating central model ---
Checkpoint saved in path: checkpoints/cifar10/alpha0.5_K5_N10000_cnn_E1_clr0.01_fedopt_sgd_slr1.0_sam_rho0.1_112125_19:29:46.ckpt
--- Round 180 of 10000: Training 5 Clients ---
Selected clients: ['30', '40', '89', '43', '14']
--- Updating central model ---
Checkpoint saved in path: checkpoints/cifar10/alpha0.5_K5_N10000_cnn_E1_clr0.01_fedopt_sgd_slr1.0_sam_rho0.1_112125_19:29:46.ckpt
--- Round 181 of 10000: Training 5 Clients ---
Selected clients: ['47', '4', '60', '73', '36']
--- Updating central model ---
Checkpoint saved in path: checkpoints/cifar10/alpha0.5_K5_N10000_cnn_E1_clr0.01_fedopt_sgd_slr1.0_sam_rho0.1_112125_19:29:46.ckpt
--- Round 182 of 10000: Training 5 Clients ---
Selected clients: ['99', '28', '87', '50', '80']
--- Updating central model ---
Checkpoint saved in path: checkpoints/cifar10/alpha0.5_K5_N10000_cnn_E1_clr0.01_fedopt_sgd_slr1.0_sam_rho0.1_112125_19:29:46.ckpt
--- Round 183 of 10000: Training 5 Clients ---
Selected clients: ['99', '33', '69', '37', '22']
--- Updating central model ---
Checkpoint saved in path: checkpoints/cifar10/alpha0.5_K5_N10000_cnn_E1_clr0.01_fedopt_sgd_slr1.0_sam_rho0.1_112125_19:29:46.ckpt
--- Round 184 of 10000: Training 5 Clients ---
Selected clients: ['18', '82', '34', '57', '32']
--- Updating central model ---
Checkpoint saved in path: checkpoints/cifar10/alpha0.5_K5_N10000_cnn_E1_clr0.01_fedopt_sgd_slr1.0_sam_rho0.1_112125_19:29:46.ckpt
--- Round 185 of 10000: Training 5 Clients ---
Selected clients: ['4', '51', '90', '37', '7']
--- Updating central model ---
Checkpoint saved in path: checkpoints/cifar10/alpha0.5_K5_N10000_cnn_E1_clr0.01_fedopt_sgd_slr1.0_sam_rho0.1_112125_19:29:46.ckpt
--- Round 186 of 10000: Training 5 Clients ---
Selected clients: ['94', '33', '69', '65', '86']
--- Updating central model ---
Checkpoint saved in path: checkpoints/cifar10/alpha0.5_K5_N10000_cnn_E1_clr0.01_fedopt_sgd_slr1.0_sam_rho0.1_112125_19:29:46.ckpt
--- Round 187 of 10000: Training 5 Clients ---
Selected clients: ['26', '54', '79', '45', '68']
--- Updating central model ---
Checkpoint saved in path: checkpoints/cifar10/alpha0.5_K5_N10000_cnn_E1_clr0.01_fedopt_sgd_slr1.0_sam_rho0.1_112125_19:29:46.ckpt
--- Round 188 of 10000: Training 5 Clients ---
Selected clients: ['63', '55', '56', '65', '17']
--- Updating central model ---
Checkpoint saved in path: checkpoints/cifar10/alpha0.5_K5_N10000_cnn_E1_clr0.01_fedopt_sgd_slr1.0_sam_rho0.1_112125_19:29:46.ckpt
--- Round 189 of 10000: Training 5 Clients ---
Selected clients: ['94', '7', '17', '62', '57']
--- Updating central model ---
Checkpoint saved in path: checkpoints/cifar10/alpha0.5_K5_N10000_cnn_E1_clr0.01_fedopt_sgd_slr1.0_sam_rho0.1_112125_19:29:46.ckpt
--- Round 190 of 10000: Training 5 Clients ---
Selected clients: ['30', '54', '64', '27', '87']
--- Updating central model ---
Checkpoint saved in path: checkpoints/cifar10/alpha0.5_K5_N10000_cnn_E1_clr0.01_fedopt_sgd_slr1.0_sam_rho0.1_112125_19:29:46.ckpt
--- Round 191 of 10000: Training 5 Clients ---
Selected clients: ['56', '97', '9', '38', '53']
--- Updating central model ---
Checkpoint saved in path: checkpoints/cifar10/alpha0.5_K5_N10000_cnn_E1_clr0.01_fedopt_sgd_slr1.0_sam_rho0.1_112125_19:29:46.ckpt
--- Round 192 of 10000: Training 5 Clients ---
Selected clients: ['5', '76', '95', '44', '46']
--- Updating central model ---
Checkpoint saved in path: checkpoints/cifar10/alpha0.5_K5_N10000_cnn_E1_clr0.01_fedopt_sgd_slr1.0_sam_rho0.1_112125_19:29:46.ckpt
--- Round 193 of 10000: Training 5 Clients ---
Selected clients: ['92', '57', '49', '87', '29']
--- Updating central model ---
Checkpoint saved in path: checkpoints/cifar10/alpha0.5_K5_N10000_cnn_E1_clr0.01_fedopt_sgd_slr1.0_sam_rho0.1_112125_19:29:46.ckpt
--- Round 194 of 10000: Training 5 Clients ---
Selected clients: ['33', '24', '46', '29', '42']
--- Updating central model ---
Checkpoint saved in path: checkpoints/cifar10/alpha0.5_K5_N10000_cnn_E1_clr0.01_fedopt_sgd_slr1.0_sam_rho0.1_112125_19:29:46.ckpt
--- Round 195 of 10000: Training 5 Clients ---
Selected clients: ['35', '57', '79', '84', '19']
--- Updating central model ---
Checkpoint saved in path: checkpoints/cifar10/alpha0.5_K5_N10000_cnn_E1_clr0.01_fedopt_sgd_slr1.0_sam_rho0.1_112125_19:29:46.ckpt
--- Round 196 of 10000: Training 5 Clients ---
Selected clients: ['9', '10', '74', '52', '35']
--- Updating central model ---
Checkpoint saved in path: checkpoints/cifar10/alpha0.5_K5_N10000_cnn_E1_clr0.01_fedopt_sgd_slr1.0_sam_rho0.1_112125_19:29:46.ckpt
--- Round 197 of 10000: Training 5 Clients ---
Selected clients: ['67', '29', '20', '65', '41']
--- Updating central model ---
Checkpoint saved in path: checkpoints/cifar10/alpha0.5_K5_N10000_cnn_E1_clr0.01_fedopt_sgd_slr1.0_sam_rho0.1_112125_19:29:46.ckpt
--- Round 198 of 10000: Training 5 Clients ---
Selected clients: ['33', '28', '90', '18', '9']
--- Updating central model ---
Checkpoint saved in path: checkpoints/cifar10/alpha0.5_K5_N10000_cnn_E1_clr0.01_fedopt_sgd_slr1.0_sam_rho0.1_112125_19:29:46.ckpt
--- Round 199 of 10000: Training 5 Clients ---
Selected clients: ['41', '7', '11', '81', '95']
--- Updating central model ---
Checkpoint saved in path: checkpoints/cifar10/alpha0.5_K5_N10000_cnn_E1_clr0.01_fedopt_sgd_slr1.0_sam_rho0.1_112125_19:29:46.ckpt
--- Round 200 of 10000: Training 5 Clients ---
Selected clients: ['92', '2', '12', '38', '93']
--- Updating central model ---
train_accuracy: 11.2086, 10th percentile: 1.03071, 50th percentile: 6.88429, 90th percentile 25.9259
train_loss: 2.29327, 10th percentile: 2.2668, 50th percentile: 2.29384, 90th percentile 2.32311
test_accuracy: 11.17, 10th percentile: 11.17, 50th percentile: 11.17, 90th percentile 11.17
test_loss: 2.29276, 10th percentile: 2.29276, 50th percentile: 2.29276, 90th percentile 2.29276
Checkpoint saved in path: checkpoints/cifar10/alpha0.5_K5_N10000_cnn_E1_clr0.01_fedopt_sgd_slr1.0_sam_rho0.1_112125_19:29:46.ckpt
--- Round 201 of 10000: Training 5 Clients ---
Selected clients: ['91', '32', '77', '80', '87']
--- Updating central model ---
Checkpoint saved in path: checkpoints/cifar10/alpha0.5_K5_N10000_cnn_E1_clr0.01_fedopt_sgd_slr1.0_sam_rho0.1_112125_19:29:46.ckpt
--- Round 202 of 10000: Training 5 Clients ---
Selected clients: ['68', '29', '45', '59', '49']
--- Updating central model ---
Checkpoint saved in path: checkpoints/cifar10/alpha0.5_K5_N10000_cnn_E1_clr0.01_fedopt_sgd_slr1.0_sam_rho0.1_112125_19:29:46.ckpt
--- Round 203 of 10000: Training 5 Clients ---
Selected clients: ['1', '80', '10', '42', '95']
--- Updating central model ---
Checkpoint saved in path: checkpoints/cifar10/alpha0.5_K5_N10000_cnn_E1_clr0.01_fedopt_sgd_slr1.0_sam_rho0.1_112125_19:29:46.ckpt
--- Round 204 of 10000: Training 5 Clients ---
Selected clients: ['74', '55', '1', '43', '18']
--- Updating central model ---
Checkpoint saved in path: checkpoints/cifar10/alpha0.5_K5_N10000_cnn_E1_clr0.01_fedopt_sgd_slr1.0_sam_rho0.1_112125_19:29:46.ckpt
--- Round 205 of 10000: Training 5 Clients ---
Selected clients: ['25', '44', '74', '53', '36']
--- Updating central model ---
Checkpoint saved in path: checkpoints/cifar10/alpha0.5_K5_N10000_cnn_E1_clr0.01_fedopt_sgd_slr1.0_sam_rho0.1_112125_19:29:46.ckpt
--- Round 206 of 10000: Training 5 Clients ---
Selected clients: ['31', '97', '16', '18', '50']
--- Updating central model ---
Checkpoint saved in path: checkpoints/cifar10/alpha0.5_K5_N10000_cnn_E1_clr0.01_fedopt_sgd_slr1.0_sam_rho0.1_112125_19:29:46.ckpt
--- Round 207 of 10000: Training 5 Clients ---
Selected clients: ['81', '0', '25', '53', '32']
--- Updating central model ---
Checkpoint saved in path: checkpoints/cifar10/alpha0.5_K5_N10000_cnn_E1_clr0.01_fedopt_sgd_slr1.0_sam_rho0.1_112125_19:29:46.ckpt
--- Round 208 of 10000: Training 5 Clients ---
Selected clients: ['67', '44', '60', '87', '11']
--- Updating central model ---
Checkpoint saved in path: checkpoints/cifar10/alpha0.5_K5_N10000_cnn_E1_clr0.01_fedopt_sgd_slr1.0_sam_rho0.1_112125_19:29:46.ckpt
--- Round 209 of 10000: Training 5 Clients ---
Selected clients: ['2', '62', '93', '29', '36']
--- Updating central model ---
Checkpoint saved in path: checkpoints/cifar10/alpha0.5_K5_N10000_cnn_E1_clr0.01_fedopt_sgd_slr1.0_sam_rho0.1_112125_19:29:46.ckpt
--- Round 210 of 10000: Training 5 Clients ---
Selected clients: ['45', '60', '81', '92', '35']
--- Updating central model ---
Checkpoint saved in path: checkpoints/cifar10/alpha0.5_K5_N10000_cnn_E1_clr0.01_fedopt_sgd_slr1.0_sam_rho0.1_112125_19:29:46.ckpt
--- Round 211 of 10000: Training 5 Clients ---
Selected clients: ['13', '66', '44', '48', '62']
--- Updating central model ---
Checkpoint saved in path: checkpoints/cifar10/alpha0.5_K5_N10000_cnn_E1_clr0.01_fedopt_sgd_slr1.0_sam_rho0.1_112125_19:29:46.ckpt
--- Round 212 of 10000: Training 5 Clients ---
Selected clients: ['81', '67', '85', '23', '98']
--- Updating central model ---
Checkpoint saved in path: checkpoints/cifar10/alpha0.5_K5_N10000_cnn_E1_clr0.01_fedopt_sgd_slr1.0_sam_rho0.1_112125_19:29:46.ckpt
--- Round 213 of 10000: Training 5 Clients ---
Selected clients: ['94', '37', '25', '4', '20']
--- Updating central model ---
Checkpoint saved in path: checkpoints/cifar10/alpha0.5_K5_N10000_cnn_E1_clr0.01_fedopt_sgd_slr1.0_sam_rho0.1_112125_19:29:46.ckpt
--- Round 214 of 10000: Training 5 Clients ---
Selected clients: ['9', '30', '52', '64', '73']
--- Updating central model ---
Checkpoint saved in path: checkpoints/cifar10/alpha0.5_K5_N10000_cnn_E1_clr0.01_fedopt_sgd_slr1.0_sam_rho0.1_112125_19:29:46.ckpt
--- Round 215 of 10000: Training 5 Clients ---
Selected clients: ['39', '1', '4', '10', '6']
--- Updating central model ---
Checkpoint saved in path: checkpoints/cifar10/alpha0.5_K5_N10000_cnn_E1_clr0.01_fedopt_sgd_slr1.0_sam_rho0.1_112125_19:29:46.ckpt
--- Round 216 of 10000: Training 5 Clients ---
Selected clients: ['76', '56', '12', '19', '72']
--- Updating central model ---
Checkpoint saved in path: checkpoints/cifar10/alpha0.5_K5_N10000_cnn_E1_clr0.01_fedopt_sgd_slr1.0_sam_rho0.1_112125_19:29:46.ckpt
--- Round 217 of 10000: Training 5 Clients ---
Selected clients: ['74', '88', '86', '63', '22']
--- Updating central model ---
Checkpoint saved in path: checkpoints/cifar10/alpha0.5_K5_N10000_cnn_E1_clr0.01_fedopt_sgd_slr1.0_sam_rho0.1_112125_19:29:46.ckpt
--- Round 218 of 10000: Training 5 Clients ---
Selected clients: ['75', '24', '72', '0', '23']
--- Updating central model ---
Checkpoint saved in path: checkpoints/cifar10/alpha0.5_K5_N10000_cnn_E1_clr0.01_fedopt_sgd_slr1.0_sam_rho0.1_112125_19:29:46.ckpt
--- Round 219 of 10000: Training 5 Clients ---
Selected clients: ['57', '27', '52', '11', '93']
--- Updating central model ---
Checkpoint saved in path: checkpoints/cifar10/alpha0.5_K5_N10000_cnn_E1_clr0.01_fedopt_sgd_slr1.0_sam_rho0.1_112125_19:29:46.ckpt
--- Round 220 of 10000: Training 5 Clients ---
Selected clients: ['92', '97', '36', '35', '52']
--- Updating central model ---
Checkpoint saved in path: checkpoints/cifar10/alpha0.5_K5_N10000_cnn_E1_clr0.01_fedopt_sgd_slr1.0_sam_rho0.1_112125_19:29:46.ckpt
--- Round 221 of 10000: Training 5 Clients ---
Selected clients: ['67', '22', '23', '10', '31']
--- Updating central model ---
Checkpoint saved in path: checkpoints/cifar10/alpha0.5_K5_N10000_cnn_E1_clr0.01_fedopt_sgd_slr1.0_sam_rho0.1_112125_19:29:46.ckpt
--- Round 222 of 10000: Training 5 Clients ---
Selected clients: ['17', '33', '73', '49', '26']
--- Updating central model ---
Checkpoint saved in path: checkpoints/cifar10/alpha0.5_K5_N10000_cnn_E1_clr0.01_fedopt_sgd_slr1.0_sam_rho0.1_112125_19:29:46.ckpt
--- Round 223 of 10000: Training 5 Clients ---
Selected clients: ['42', '20', '62', '44', '53']
--- Updating central model ---
Checkpoint saved in path: checkpoints/cifar10/alpha0.5_K5_N10000_cnn_E1_clr0.01_fedopt_sgd_slr1.0_sam_rho0.1_112125_19:29:46.ckpt
--- Round 224 of 10000: Training 5 Clients ---
Selected clients: ['40', '56', '81', '70', '4']
--- Updating central model ---
Checkpoint saved in path: checkpoints/cifar10/alpha0.5_K5_N10000_cnn_E1_clr0.01_fedopt_sgd_slr1.0_sam_rho0.1_112125_19:29:46.ckpt
--- Round 225 of 10000: Training 5 Clients ---
Selected clients: ['21', '35', '9', '83', '50']
--- Updating central model ---
Checkpoint saved in path: checkpoints/cifar10/alpha0.5_K5_N10000_cnn_E1_clr0.01_fedopt_sgd_slr1.0_sam_rho0.1_112125_19:29:46.ckpt
--- Round 226 of 10000: Training 5 Clients ---
Selected clients: ['44', '54', '92', '3', '11']
--- Updating central model ---
Checkpoint saved in path: checkpoints/cifar10/alpha0.5_K5_N10000_cnn_E1_clr0.01_fedopt_sgd_slr1.0_sam_rho0.1_112125_19:29:46.ckpt
--- Round 227 of 10000: Training 5 Clients ---
Selected clients: ['5', '25', '80', '44', '54']
--- Updating central model ---
Checkpoint saved in path: checkpoints/cifar10/alpha0.5_K5_N10000_cnn_E1_clr0.01_fedopt_sgd_slr1.0_sam_rho0.1_112125_19:29:46.ckpt
--- Round 228 of 10000: Training 5 Clients ---
Selected clients: ['11', '66', '32', '39', '94']
--- Updating central model ---
Checkpoint saved in path: checkpoints/cifar10/alpha0.5_K5_N10000_cnn_E1_clr0.01_fedopt_sgd_slr1.0_sam_rho0.1_112125_19:29:46.ckpt
--- Round 229 of 10000: Training 5 Clients ---
Selected clients: ['45', '54', '7', '26', '3']
--- Updating central model ---
Checkpoint saved in path: checkpoints/cifar10/alpha0.5_K5_N10000_cnn_E1_clr0.01_fedopt_sgd_slr1.0_sam_rho0.1_112125_19:29:46.ckpt
--- Round 230 of 10000: Training 5 Clients ---
Selected clients: ['90', '65', '26', '19', '94']
--- Updating central model ---
Checkpoint saved in path: checkpoints/cifar10/alpha0.5_K5_N10000_cnn_E1_clr0.01_fedopt_sgd_slr1.0_sam_rho0.1_112125_19:29:46.ckpt
--- Round 231 of 10000: Training 5 Clients ---
Selected clients: ['68', '8', '43', '15', '24']
--- Updating central model ---
Checkpoint saved in path: checkpoints/cifar10/alpha0.5_K5_N10000_cnn_E1_clr0.01_fedopt_sgd_slr1.0_sam_rho0.1_112125_19:29:46.ckpt
--- Round 232 of 10000: Training 5 Clients ---
Selected clients: ['92', '90', '20', '23', '69']
--- Updating central model ---
Checkpoint saved in path: checkpoints/cifar10/alpha0.5_K5_N10000_cnn_E1_clr0.01_fedopt_sgd_slr1.0_sam_rho0.1_112125_19:29:46.ckpt
--- Round 233 of 10000: Training 5 Clients ---
Selected clients: ['62', '43', '51', '71', '74']
--- Updating central model ---
Checkpoint saved in path: checkpoints/cifar10/alpha0.5_K5_N10000_cnn_E1_clr0.01_fedopt_sgd_slr1.0_sam_rho0.1_112125_19:29:46.ckpt
--- Round 234 of 10000: Training 5 Clients ---
Selected clients: ['6', '41', '94', '4', '14']
--- Updating central model ---
Checkpoint saved in path: checkpoints/cifar10/alpha0.5_K5_N10000_cnn_E1_clr0.01_fedopt_sgd_slr1.0_sam_rho0.1_112125_19:29:46.ckpt
--- Round 235 of 10000: Training 5 Clients ---
Selected clients: ['89', '5', '67', '40', '27']
--- Updating central model ---
Checkpoint saved in path: checkpoints/cifar10/alpha0.5_K5_N10000_cnn_E1_clr0.01_fedopt_sgd_slr1.0_sam_rho0.1_112125_19:29:46.ckpt
--- Round 236 of 10000: Training 5 Clients ---
Selected clients: ['77', '92', '22', '48', '5']
--- Updating central model ---
Checkpoint saved in path: checkpoints/cifar10/alpha0.5_K5_N10000_cnn_E1_clr0.01_fedopt_sgd_slr1.0_sam_rho0.1_112125_19:29:46.ckpt
--- Round 237 of 10000: Training 5 Clients ---
Selected clients: ['33', '19', '95', '43', '55']
--- Updating central model ---
Checkpoint saved in path: checkpoints/cifar10/alpha0.5_K5_N10000_cnn_E1_clr0.01_fedopt_sgd_slr1.0_sam_rho0.1_112125_19:29:46.ckpt
--- Round 238 of 10000: Training 5 Clients ---
Selected clients: ['27', '49', '26', '11', '79']
--- Updating central model ---
Checkpoint saved in path: checkpoints/cifar10/alpha0.5_K5_N10000_cnn_E1_clr0.01_fedopt_sgd_slr1.0_sam_rho0.1_112125_19:29:46.ckpt
--- Round 239 of 10000: Training 5 Clients ---
Selected clients: ['46', '50', '2', '12', '53']
--- Updating central model ---
Checkpoint saved in path: checkpoints/cifar10/alpha0.5_K5_N10000_cnn_E1_clr0.01_fedopt_sgd_slr1.0_sam_rho0.1_112125_19:29:46.ckpt
--- Round 240 of 10000: Training 5 Clients ---
Selected clients: ['55', '27', '34', '83', '1']
--- Updating central model ---
Checkpoint saved in path: checkpoints/cifar10/alpha0.5_K5_N10000_cnn_E1_clr0.01_fedopt_sgd_slr1.0_sam_rho0.1_112125_19:29:46.ckpt
--- Round 241 of 10000: Training 5 Clients ---
Selected clients: ['88', '27', '13', '20', '77']
--- Updating central model ---
Checkpoint saved in path: checkpoints/cifar10/alpha0.5_K5_N10000_cnn_E1_clr0.01_fedopt_sgd_slr1.0_sam_rho0.1_112125_19:29:46.ckpt
--- Round 242 of 10000: Training 5 Clients ---
Selected clients: ['14', '23', '59', '85', '4']
--- Updating central model ---
Checkpoint saved in path: checkpoints/cifar10/alpha0.5_K5_N10000_cnn_E1_clr0.01_fedopt_sgd_slr1.0_sam_rho0.1_112125_19:29:46.ckpt
--- Round 243 of 10000: Training 5 Clients ---
Selected clients: ['64', '80', '0', '40', '33']
--- Updating central model ---
Checkpoint saved in path: checkpoints/cifar10/alpha0.5_K5_N10000_cnn_E1_clr0.01_fedopt_sgd_slr1.0_sam_rho0.1_112125_19:29:46.ckpt
--- Round 244 of 10000: Training 5 Clients ---
Selected clients: ['25', '70', '67', '84', '88']
--- Updating central model ---
Checkpoint saved in path: checkpoints/cifar10/alpha0.5_K5_N10000_cnn_E1_clr0.01_fedopt_sgd_slr1.0_sam_rho0.1_112125_19:29:46.ckpt
--- Round 245 of 10000: Training 5 Clients ---
Selected clients: ['74', '32', '84', '58', '20']
--- Updating central model ---
Checkpoint saved in path: checkpoints/cifar10/alpha0.5_K5_N10000_cnn_E1_clr0.01_fedopt_sgd_slr1.0_sam_rho0.1_112125_19:29:46.ckpt
--- Round 246 of 10000: Training 5 Clients ---
Selected clients: ['58', '27', '86', '31', '30']
--- Updating central model ---
Checkpoint saved in path: checkpoints/cifar10/alpha0.5_K5_N10000_cnn_E1_clr0.01_fedopt_sgd_slr1.0_sam_rho0.1_112125_19:29:46.ckpt
--- Round 247 of 10000: Training 5 Clients ---
Selected clients: ['87', '89', '28', '77', '10']
--- Updating central model ---
Checkpoint saved in path: checkpoints/cifar10/alpha0.5_K5_N10000_cnn_E1_clr0.01_fedopt_sgd_slr1.0_sam_rho0.1_112125_19:29:46.ckpt
--- Round 248 of 10000: Training 5 Clients ---
Selected clients: ['7', '80', '27', '55', '49']
--- Updating central model ---
Checkpoint saved in path: checkpoints/cifar10/alpha0.5_K5_N10000_cnn_E1_clr0.01_fedopt_sgd_slr1.0_sam_rho0.1_112125_19:29:46.ckpt
--- Round 249 of 10000: Training 5 Clients ---
Selected clients: ['21', '43', '22', '81', '88']
--- Updating central model ---
Checkpoint saved in path: checkpoints/cifar10/alpha0.5_K5_N10000_cnn_E1_clr0.01_fedopt_sgd_slr1.0_sam_rho0.1_112125_19:29:46.ckpt
--- Round 250 of 10000: Training 5 Clients ---
Selected clients: ['6', '61', '8', '44', '92']
--- Updating central model ---
Checkpoint saved in path: checkpoints/cifar10/alpha0.5_K5_N10000_cnn_E1_clr0.01_fedopt_sgd_slr1.0_sam_rho0.1_112125_19:29:46.ckpt
--- Round 251 of 10000: Training 5 Clients ---
Selected clients: ['58', '12', '94', '11', '76']
--- Updating central model ---
Checkpoint saved in path: checkpoints/cifar10/alpha0.5_K5_N10000_cnn_E1_clr0.01_fedopt_sgd_slr1.0_sam_rho0.1_112125_19:29:46.ckpt
--- Round 252 of 10000: Training 5 Clients ---
Selected clients: ['72', '25', '83', '89', '82']
--- Updating central model ---
Checkpoint saved in path: checkpoints/cifar10/alpha0.5_K5_N10000_cnn_E1_clr0.01_fedopt_sgd_slr1.0_sam_rho0.1_112125_19:29:46.ckpt
--- Round 253 of 10000: Training 5 Clients ---
Selected clients: ['72', '23', '39', '66', '47']
--- Updating central model ---
Checkpoint saved in path: checkpoints/cifar10/alpha0.5_K5_N10000_cnn_E1_clr0.01_fedopt_sgd_slr1.0_sam_rho0.1_112125_19:29:46.ckpt
--- Round 254 of 10000: Training 5 Clients ---
Selected clients: ['8', '92', '82', '86', '57']
--- Updating central model ---
Checkpoint saved in path: checkpoints/cifar10/alpha0.5_K5_N10000_cnn_E1_clr0.01_fedopt_sgd_slr1.0_sam_rho0.1_112125_19:29:46.ckpt
--- Round 255 of 10000: Training 5 Clients ---
Selected clients: ['48', '12', '54', '2', '28']
--- Updating central model ---
Checkpoint saved in path: checkpoints/cifar10/alpha0.5_K5_N10000_cnn_E1_clr0.01_fedopt_sgd_slr1.0_sam_rho0.1_112125_19:29:46.ckpt
--- Round 256 of 10000: Training 5 Clients ---
Selected clients: ['54', '61', '0', '36', '18']
--- Updating central model ---
Checkpoint saved in path: checkpoints/cifar10/alpha0.5_K5_N10000_cnn_E1_clr0.01_fedopt_sgd_slr1.0_sam_rho0.1_112125_19:29:46.ckpt
--- Round 257 of 10000: Training 5 Clients ---
Selected clients: ['20', '11', '27', '38', '89']
--- Updating central model ---
Checkpoint saved in path: checkpoints/cifar10/alpha0.5_K5_N10000_cnn_E1_clr0.01_fedopt_sgd_slr1.0_sam_rho0.1_112125_19:29:46.ckpt
--- Round 258 of 10000: Training 5 Clients ---
Selected clients: ['70', '80', '0', '4', '90']
--- Updating central model ---
Checkpoint saved in path: checkpoints/cifar10/alpha0.5_K5_N10000_cnn_E1_clr0.01_fedopt_sgd_slr1.0_sam_rho0.1_112125_19:29:46.ckpt
--- Round 259 of 10000: Training 5 Clients ---
Selected clients: ['23', '18', '73', '54', '53']
--- Updating central model ---
Checkpoint saved in path: checkpoints/cifar10/alpha0.5_K5_N10000_cnn_E1_clr0.01_fedopt_sgd_slr1.0_sam_rho0.1_112125_19:29:46.ckpt
--- Round 260 of 10000: Training 5 Clients ---
Selected clients: ['47', '24', '68', '63', '46']
--- Updating central model ---
Checkpoint saved in path: checkpoints/cifar10/alpha0.5_K5_N10000_cnn_E1_clr0.01_fedopt_sgd_slr1.0_sam_rho0.1_112125_19:29:46.ckpt
--- Round 261 of 10000: Training 5 Clients ---
Selected clients: ['64', '90', '25', '62', '6']
--- Updating central model ---
Checkpoint saved in path: checkpoints/cifar10/alpha0.5_K5_N10000_cnn_E1_clr0.01_fedopt_sgd_slr1.0_sam_rho0.1_112125_19:29:46.ckpt
--- Round 262 of 10000: Training 5 Clients ---
Selected clients: ['20', '29', '83', '79', '89']
--- Updating central model ---
Checkpoint saved in path: checkpoints/cifar10/alpha0.5_K5_N10000_cnn_E1_clr0.01_fedopt_sgd_slr1.0_sam_rho0.1_112125_19:29:46.ckpt
--- Round 263 of 10000: Training 5 Clients ---
Selected clients: ['52', '93', '9', '15', '80']
--- Updating central model ---
Checkpoint saved in path: checkpoints/cifar10/alpha0.5_K5_N10000_cnn_E1_clr0.01_fedopt_sgd_slr1.0_sam_rho0.1_112125_19:29:46.ckpt
--- Round 264 of 10000: Training 5 Clients ---
Selected clients: ['20', '36', '28', '40', '33']
--- Updating central model ---
Checkpoint saved in path: checkpoints/cifar10/alpha0.5_K5_N10000_cnn_E1_clr0.01_fedopt_sgd_slr1.0_sam_rho0.1_112125_19:29:46.ckpt
--- Round 265 of 10000: Training 5 Clients ---
Selected clients: ['25', '51', '13', '92', '54']
--- Updating central model ---
Checkpoint saved in path: checkpoints/cifar10/alpha0.5_K5_N10000_cnn_E1_clr0.01_fedopt_sgd_slr1.0_sam_rho0.1_112125_19:29:46.ckpt
--- Round 266 of 10000: Training 5 Clients ---
Selected clients: ['84', '56', '46', '28', '5']
--- Updating central model ---
Checkpoint saved in path: checkpoints/cifar10/alpha0.5_K5_N10000_cnn_E1_clr0.01_fedopt_sgd_slr1.0_sam_rho0.1_112125_19:29:46.ckpt
--- Round 267 of 10000: Training 5 Clients ---
Selected clients: ['71', '29', '16', '15', '5']
--- Updating central model ---
Checkpoint saved in path: checkpoints/cifar10/alpha0.5_K5_N10000_cnn_E1_clr0.01_fedopt_sgd_slr1.0_sam_rho0.1_112125_19:29:46.ckpt
--- Round 268 of 10000: Training 5 Clients ---
Selected clients: ['21', '64', '88', '66', '46']
--- Updating central model ---
Checkpoint saved in path: checkpoints/cifar10/alpha0.5_K5_N10000_cnn_E1_clr0.01_fedopt_sgd_slr1.0_sam_rho0.1_112125_19:29:46.ckpt
--- Round 269 of 10000: Training 5 Clients ---
Selected clients: ['54', '15', '75', '69', '24']
--- Updating central model ---
Checkpoint saved in path: checkpoints/cifar10/alpha0.5_K5_N10000_cnn_E1_clr0.01_fedopt_sgd_slr1.0_sam_rho0.1_112125_19:29:46.ckpt
--- Round 270 of 10000: Training 5 Clients ---
Selected clients: ['86', '46', '83', '75', '78']
--- Updating central model ---
Checkpoint saved in path: checkpoints/cifar10/alpha0.5_K5_N10000_cnn_E1_clr0.01_fedopt_sgd_slr1.0_sam_rho0.1_112125_19:29:46.ckpt
--- Round 271 of 10000: Training 5 Clients ---
Selected clients: ['49', '88', '46', '97', '73']
--- Updating central model ---
Checkpoint saved in path: checkpoints/cifar10/alpha0.5_K5_N10000_cnn_E1_clr0.01_fedopt_sgd_slr1.0_sam_rho0.1_112125_19:29:46.ckpt
--- Round 272 of 10000: Training 5 Clients ---
Selected clients: ['67', '12', '14', '48', '90']
--- Updating central model ---
Checkpoint saved in path: checkpoints/cifar10/alpha0.5_K5_N10000_cnn_E1_clr0.01_fedopt_sgd_slr1.0_sam_rho0.1_112125_19:29:46.ckpt
--- Round 273 of 10000: Training 5 Clients ---
Selected clients: ['71', '82', '35', '81', '12']
--- Updating central model ---
Checkpoint saved in path: checkpoints/cifar10/alpha0.5_K5_N10000_cnn_E1_clr0.01_fedopt_sgd_slr1.0_sam_rho0.1_112125_19:29:46.ckpt
--- Round 274 of 10000: Training 5 Clients ---
Selected clients: ['31', '56', '81', '77', '20']
--- Updating central model ---
Checkpoint saved in path: checkpoints/cifar10/alpha0.5_K5_N10000_cnn_E1_clr0.01_fedopt_sgd_slr1.0_sam_rho0.1_112125_19:29:46.ckpt
--- Round 275 of 10000: Training 5 Clients ---
Selected clients: ['43', '7', '84', '20', '97']
--- Updating central model ---
Checkpoint saved in path: checkpoints/cifar10/alpha0.5_K5_N10000_cnn_E1_clr0.01_fedopt_sgd_slr1.0_sam_rho0.1_112125_19:29:46.ckpt
--- Round 276 of 10000: Training 5 Clients ---
Selected clients: ['89', '12', '17', '80', '58']
--- Updating central model ---
Checkpoint saved in path: checkpoints/cifar10/alpha0.5_K5_N10000_cnn_E1_clr0.01_fedopt_sgd_slr1.0_sam_rho0.1_112125_19:29:46.ckpt
--- Round 277 of 10000: Training 5 Clients ---
Selected clients: ['49', '12', '38', '76', '70']
--- Updating central model ---
Checkpoint saved in path: checkpoints/cifar10/alpha0.5_K5_N10000_cnn_E1_clr0.01_fedopt_sgd_slr1.0_sam_rho0.1_112125_19:29:46.ckpt
--- Round 278 of 10000: Training 5 Clients ---
Selected clients: ['2', '36', '9', '77', '1']
--- Updating central model ---
Checkpoint saved in path: checkpoints/cifar10/alpha0.5_K5_N10000_cnn_E1_clr0.01_fedopt_sgd_slr1.0_sam_rho0.1_112125_19:29:46.ckpt
--- Round 279 of 10000: Training 5 Clients ---
Selected clients: ['8', '18', '30', '73', '57']
--- Updating central model ---
Checkpoint saved in path: checkpoints/cifar10/alpha0.5_K5_N10000_cnn_E1_clr0.01_fedopt_sgd_slr1.0_sam_rho0.1_112125_19:29:46.ckpt
--- Round 280 of 10000: Training 5 Clients ---
Selected clients: ['89', '49', '66', '84', '27']
--- Updating central model ---
Checkpoint saved in path: checkpoints/cifar10/alpha0.5_K5_N10000_cnn_E1_clr0.01_fedopt_sgd_slr1.0_sam_rho0.1_112125_19:29:46.ckpt
--- Round 281 of 10000: Training 5 Clients ---
Selected clients: ['23', '75', '41', '1', '87']
--- Updating central model ---
Checkpoint saved in path: checkpoints/cifar10/alpha0.5_K5_N10000_cnn_E1_clr0.01_fedopt_sgd_slr1.0_sam_rho0.1_112125_19:29:46.ckpt
--- Round 282 of 10000: Training 5 Clients ---
Selected clients: ['36', '88', '52', '97', '13']
--- Updating central model ---
Checkpoint saved in path: checkpoints/cifar10/alpha0.5_K5_N10000_cnn_E1_clr0.01_fedopt_sgd_slr1.0_sam_rho0.1_112125_19:29:46.ckpt
--- Round 283 of 10000: Training 5 Clients ---
Selected clients: ['89', '1', '19', '13', '28']
--- Updating central model ---
Checkpoint saved in path: checkpoints/cifar10/alpha0.5_K5_N10000_cnn_E1_clr0.01_fedopt_sgd_slr1.0_sam_rho0.1_112125_19:29:46.ckpt
--- Round 284 of 10000: Training 5 Clients ---
Selected clients: ['74', '76', '94', '52', '25']
--- Updating central model ---
Checkpoint saved in path: checkpoints/cifar10/alpha0.5_K5_N10000_cnn_E1_clr0.01_fedopt_sgd_slr1.0_sam_rho0.1_112125_19:29:46.ckpt
--- Round 285 of 10000: Training 5 Clients ---
Selected clients: ['52', '43', '11', '54', '74']
--- Updating central model ---
Checkpoint saved in path: checkpoints/cifar10/alpha0.5_K5_N10000_cnn_E1_clr0.01_fedopt_sgd_slr1.0_sam_rho0.1_112125_19:29:46.ckpt
--- Round 286 of 10000: Training 5 Clients ---
Selected clients: ['63', '39', '35', '28', '68']
--- Updating central model ---
Checkpoint saved in path: checkpoints/cifar10/alpha0.5_K5_N10000_cnn_E1_clr0.01_fedopt_sgd_slr1.0_sam_rho0.1_112125_19:29:46.ckpt
--- Round 287 of 10000: Training 5 Clients ---
Selected clients: ['91', '9', '53', '43', '27']
--- Updating central model ---
Checkpoint saved in path: checkpoints/cifar10/alpha0.5_K5_N10000_cnn_E1_clr0.01_fedopt_sgd_slr1.0_sam_rho0.1_112125_19:29:46.ckpt
--- Round 288 of 10000: Training 5 Clients ---
Selected clients: ['14', '48', '37', '50', '0']
--- Updating central model ---
Checkpoint saved in path: checkpoints/cifar10/alpha0.5_K5_N10000_cnn_E1_clr0.01_fedopt_sgd_slr1.0_sam_rho0.1_112125_19:29:46.ckpt
--- Round 289 of 10000: Training 5 Clients ---
Selected clients: ['9', '93', '46', '8', '82']
--- Updating central model ---
Checkpoint saved in path: checkpoints/cifar10/alpha0.5_K5_N10000_cnn_E1_clr0.01_fedopt_sgd_slr1.0_sam_rho0.1_112125_19:29:46.ckpt
--- Round 290 of 10000: Training 5 Clients ---
Selected clients: ['24', '1', '93', '95', '88']
--- Updating central model ---
Checkpoint saved in path: checkpoints/cifar10/alpha0.5_K5_N10000_cnn_E1_clr0.01_fedopt_sgd_slr1.0_sam_rho0.1_112125_19:29:46.ckpt
--- Round 291 of 10000: Training 5 Clients ---
Selected clients: ['52', '27', '2', '94', '99']
--- Updating central model ---
Checkpoint saved in path: checkpoints/cifar10/alpha0.5_K5_N10000_cnn_E1_clr0.01_fedopt_sgd_slr1.0_sam_rho0.1_112125_19:29:46.ckpt
--- Round 292 of 10000: Training 5 Clients ---
Selected clients: ['97', '64', '54', '27', '18']
--- Updating central model ---
Checkpoint saved in path: checkpoints/cifar10/alpha0.5_K5_N10000_cnn_E1_clr0.01_fedopt_sgd_slr1.0_sam_rho0.1_112125_19:29:46.ckpt
--- Round 293 of 10000: Training 5 Clients ---
Selected clients: ['21', '96', '94', '81', '26']
--- Updating central model ---
Checkpoint saved in path: checkpoints/cifar10/alpha0.5_K5_N10000_cnn_E1_clr0.01_fedopt_sgd_slr1.0_sam_rho0.1_112125_19:29:46.ckpt
--- Round 294 of 10000: Training 5 Clients ---
Selected clients: ['89', '24', '65', '18', '28']
--- Updating central model ---
Checkpoint saved in path: checkpoints/cifar10/alpha0.5_K5_N10000_cnn_E1_clr0.01_fedopt_sgd_slr1.0_sam_rho0.1_112125_19:29:46.ckpt
--- Round 295 of 10000: Training 5 Clients ---
Selected clients: ['45', '54', '9', '20', '29']
--- Updating central model ---
Checkpoint saved in path: checkpoints/cifar10/alpha0.5_K5_N10000_cnn_E1_clr0.01_fedopt_sgd_slr1.0_sam_rho0.1_112125_19:29:46.ckpt
--- Round 296 of 10000: Training 5 Clients ---
Selected clients: ['72', '31', '47', '87', '3']
--- Updating central model ---
Checkpoint saved in path: checkpoints/cifar10/alpha0.5_K5_N10000_cnn_E1_clr0.01_fedopt_sgd_slr1.0_sam_rho0.1_112125_19:29:46.ckpt
--- Round 297 of 10000: Training 5 Clients ---
Selected clients: ['46', '96', '8', '34', '64']
--- Updating central model ---
Checkpoint saved in path: checkpoints/cifar10/alpha0.5_K5_N10000_cnn_E1_clr0.01_fedopt_sgd_slr1.0_sam_rho0.1_112125_19:29:46.ckpt
--- Round 298 of 10000: Training 5 Clients ---
Selected clients: ['91', '38', '97', '26', '53']
--- Updating central model ---
Checkpoint saved in path: checkpoints/cifar10/alpha0.5_K5_N10000_cnn_E1_clr0.01_fedopt_sgd_slr1.0_sam_rho0.1_112125_19:29:46.ckpt
--- Round 299 of 10000: Training 5 Clients ---
Selected clients: ['25', '82', '26', '91', '59']
--- Updating central model ---
Checkpoint saved in path: checkpoints/cifar10/alpha0.5_K5_N10000_cnn_E1_clr0.01_fedopt_sgd_slr1.0_sam_rho0.1_112125_19:29:46.ckpt
--- Round 300 of 10000: Training 5 Clients ---
Selected clients: ['76', '55', '57', '46', '62']
--- Updating central model ---
train_accuracy: 18.86, 10th percentile: 4.46452, 50th percentile: 15.0079, 90th percentile 31.8229
train_loss: 2.14202, 10th percentile: 1.96434, 50th percentile: 2.17595, 90th percentile 2.30498
test_accuracy: 19.64, 10th percentile: 19.64, 50th percentile: 19.64, 90th percentile 19.64
test_loss: 2.13725, 10th percentile: 2.13725, 50th percentile: 2.13725, 90th percentile 2.13725
Checkpoint saved in path: checkpoints/cifar10/alpha0.5_K5_N10000_cnn_E1_clr0.01_fedopt_sgd_slr1.0_sam_rho0.1_112125_19:29:46.ckpt
--- Round 301 of 10000: Training 5 Clients ---
Selected clients: ['49', '21', '84', '36', '10']
--- Updating central model ---
Checkpoint saved in path: checkpoints/cifar10/alpha0.5_K5_N10000_cnn_E1_clr0.01_fedopt_sgd_slr1.0_sam_rho0.1_112125_19:29:46.ckpt
--- Round 302 of 10000: Training 5 Clients ---
Selected clients: ['57', '4', '49', '51', '40']
--- Updating central model ---
Checkpoint saved in path: checkpoints/cifar10/alpha0.5_K5_N10000_cnn_E1_clr0.01_fedopt_sgd_slr1.0_sam_rho0.1_112125_19:29:46.ckpt
--- Round 303 of 10000: Training 5 Clients ---
Selected clients: ['94', '42', '29', '46', '78']
--- Updating central model ---
Checkpoint saved in path: checkpoints/cifar10/alpha0.5_K5_N10000_cnn_E1_clr0.01_fedopt_sgd_slr1.0_sam_rho0.1_112125_19:29:46.ckpt
--- Round 304 of 10000: Training 5 Clients ---
Selected clients: ['11', '68', '9', '75', '70']
--- Updating central model ---
Checkpoint saved in path: checkpoints/cifar10/alpha0.5_K5_N10000_cnn_E1_clr0.01_fedopt_sgd_slr1.0_sam_rho0.1_112125_19:29:46.ckpt
--- Round 305 of 10000: Training 5 Clients ---
Selected clients: ['93', '84', '42', '7', '47']
--- Updating central model ---
Checkpoint saved in path: checkpoints/cifar10/alpha0.5_K5_N10000_cnn_E1_clr0.01_fedopt_sgd_slr1.0_sam_rho0.1_112125_19:29:46.ckpt
--- Round 306 of 10000: Training 5 Clients ---
Selected clients: ['67', '62', '51', '30', '54']
--- Updating central model ---
Checkpoint saved in path: checkpoints/cifar10/alpha0.5_K5_N10000_cnn_E1_clr0.01_fedopt_sgd_slr1.0_sam_rho0.1_112125_19:29:46.ckpt
--- Round 307 of 10000: Training 5 Clients ---
Selected clients: ['17', '48', '24', '90', '46']
--- Updating central model ---
Checkpoint saved in path: checkpoints/cifar10/alpha0.5_K5_N10000_cnn_E1_clr0.01_fedopt_sgd_slr1.0_sam_rho0.1_112125_19:29:46.ckpt
--- Round 308 of 10000: Training 5 Clients ---
Selected clients: ['39', '21', '65', '40', '34']
--- Updating central model ---
Checkpoint saved in path: checkpoints/cifar10/alpha0.5_K5_N10000_cnn_E1_clr0.01_fedopt_sgd_slr1.0_sam_rho0.1_112125_19:29:46.ckpt
--- Round 309 of 10000: Training 5 Clients ---
Selected clients: ['99', '69', '1', '76', '65']
--- Updating central model ---
Checkpoint saved in path: checkpoints/cifar10/alpha0.5_K5_N10000_cnn_E1_clr0.01_fedopt_sgd_slr1.0_sam_rho0.1_112125_19:29:46.ckpt
--- Round 310 of 10000: Training 5 Clients ---
Selected clients: ['12', '19', '18', '96', '84']
--- Updating central model ---
Checkpoint saved in path: checkpoints/cifar10/alpha0.5_K5_N10000_cnn_E1_clr0.01_fedopt_sgd_slr1.0_sam_rho0.1_112125_19:29:46.ckpt
--- Round 311 of 10000: Training 5 Clients ---
Selected clients: ['20', '83', '82', '67', '59']
--- Updating central model ---
Checkpoint saved in path: checkpoints/cifar10/alpha0.5_K5_N10000_cnn_E1_clr0.01_fedopt_sgd_slr1.0_sam_rho0.1_112125_19:29:46.ckpt
--- Round 312 of 10000: Training 5 Clients ---
Selected clients: ['49', '42', '80', '44', '24']
--- Updating central model ---
Checkpoint saved in path: checkpoints/cifar10/alpha0.5_K5_N10000_cnn_E1_clr0.01_fedopt_sgd_slr1.0_sam_rho0.1_112125_19:29:46.ckpt
--- Round 313 of 10000: Training 5 Clients ---
Selected clients: ['55', '72', '27', '1', '88']
--- Updating central model ---
Checkpoint saved in path: checkpoints/cifar10/alpha0.5_K5_N10000_cnn_E1_clr0.01_fedopt_sgd_slr1.0_sam_rho0.1_112125_19:29:46.ckpt
--- Round 314 of 10000: Training 5 Clients ---
Selected clients: ['65', '59', '43', '85', '68']
--- Updating central model ---
Checkpoint saved in path: checkpoints/cifar10/alpha0.5_K5_N10000_cnn_E1_clr0.01_fedopt_sgd_slr1.0_sam_rho0.1_112125_19:29:46.ckpt
--- Round 315 of 10000: Training 5 Clients ---
Selected clients: ['75', '53', '18', '10', '41']
--- Updating central model ---
Checkpoint saved in path: checkpoints/cifar10/alpha0.5_K5_N10000_cnn_E1_clr0.01_fedopt_sgd_slr1.0_sam_rho0.1_112125_19:29:46.ckpt
--- Round 316 of 10000: Training 5 Clients ---
Selected clients: ['18', '93', '33', '90', '5']
--- Updating central model ---
Checkpoint saved in path: checkpoints/cifar10/alpha0.5_K5_N10000_cnn_E1_clr0.01_fedopt_sgd_slr1.0_sam_rho0.1_112125_19:29:46.ckpt
--- Round 317 of 10000: Training 5 Clients ---
Selected clients: ['94', '5', '67', '92', '26']
--- Updating central model ---
Checkpoint saved in path: checkpoints/cifar10/alpha0.5_K5_N10000_cnn_E1_clr0.01_fedopt_sgd_slr1.0_sam_rho0.1_112125_19:29:46.ckpt
--- Round 318 of 10000: Training 5 Clients ---
Selected clients: ['14', '58', '12', '98', '24']
--- Updating central model ---
Checkpoint saved in path: checkpoints/cifar10/alpha0.5_K5_N10000_cnn_E1_clr0.01_fedopt_sgd_slr1.0_sam_rho0.1_112125_19:29:46.ckpt
--- Round 319 of 10000: Training 5 Clients ---
Selected clients: ['67', '34', '69', '19', '72']
--- Updating central model ---
Checkpoint saved in path: checkpoints/cifar10/alpha0.5_K5_N10000_cnn_E1_clr0.01_fedopt_sgd_slr1.0_sam_rho0.1_112125_19:29:46.ckpt
--- Round 320 of 10000: Training 5 Clients ---
Selected clients: ['77', '37', '21', '65', '92']
--- Updating central model ---
Checkpoint saved in path: checkpoints/cifar10/alpha0.5_K5_N10000_cnn_E1_clr0.01_fedopt_sgd_slr1.0_sam_rho0.1_112125_19:29:46.ckpt
--- Round 321 of 10000: Training 5 Clients ---
Selected clients: ['82', '3', '16', '41', '88']
--- Updating central model ---
Checkpoint saved in path: checkpoints/cifar10/alpha0.5_K5_N10000_cnn_E1_clr0.01_fedopt_sgd_slr1.0_sam_rho0.1_112125_19:29:46.ckpt
--- Round 322 of 10000: Training 5 Clients ---
Selected clients: ['21', '17', '72', '55', '26']
--- Updating central model ---
Checkpoint saved in path: checkpoints/cifar10/alpha0.5_K5_N10000_cnn_E1_clr0.01_fedopt_sgd_slr1.0_sam_rho0.1_112125_19:29:46.ckpt
--- Round 323 of 10000: Training 5 Clients ---
Selected clients: ['99', '81', '66', '69', '97']
--- Updating central model ---
Checkpoint saved in path: checkpoints/cifar10/alpha0.5_K5_N10000_cnn_E1_clr0.01_fedopt_sgd_slr1.0_sam_rho0.1_112125_19:29:46.ckpt
--- Round 324 of 10000: Training 5 Clients ---
Selected clients: ['30', '81', '21', '0', '12']
--- Updating central model ---
Checkpoint saved in path: checkpoints/cifar10/alpha0.5_K5_N10000_cnn_E1_clr0.01_fedopt_sgd_slr1.0_sam_rho0.1_112125_19:29:46.ckpt
--- Round 325 of 10000: Training 5 Clients ---
Selected clients: ['40', '5', '19', '24', '1']
--- Updating central model ---
Checkpoint saved in path: checkpoints/cifar10/alpha0.5_K5_N10000_cnn_E1_clr0.01_fedopt_sgd_slr1.0_sam_rho0.1_112125_19:29:46.ckpt
--- Round 326 of 10000: Training 5 Clients ---
Selected clients: ['64', '21', '47', '7', '57']
--- Updating central model ---
Checkpoint saved in path: checkpoints/cifar10/alpha0.5_K5_N10000_cnn_E1_clr0.01_fedopt_sgd_slr1.0_sam_rho0.1_112125_19:29:46.ckpt
--- Round 327 of 10000: Training 5 Clients ---
Selected clients: ['28', '74', '38', '5', '55']
--- Updating central model ---
Checkpoint saved in path: checkpoints/cifar10/alpha0.5_K5_N10000_cnn_E1_clr0.01_fedopt_sgd_slr1.0_sam_rho0.1_112125_19:29:46.ckpt
--- Round 328 of 10000: Training 5 Clients ---
Selected clients: ['82', '24', '2', '45', '4']
--- Updating central model ---
Checkpoint saved in path: checkpoints/cifar10/alpha0.5_K5_N10000_cnn_E1_clr0.01_fedopt_sgd_slr1.0_sam_rho0.1_112125_19:29:46.ckpt
--- Round 329 of 10000: Training 5 Clients ---
Selected clients: ['66', '95', '79', '94', '61']
--- Updating central model ---
Checkpoint saved in path: checkpoints/cifar10/alpha0.5_K5_N10000_cnn_E1_clr0.01_fedopt_sgd_slr1.0_sam_rho0.1_112125_19:29:46.ckpt
--- Round 330 of 10000: Training 5 Clients ---
Selected clients: ['87', '76', '0', '59', '7']
--- Updating central model ---
Checkpoint saved in path: checkpoints/cifar10/alpha0.5_K5_N10000_cnn_E1_clr0.01_fedopt_sgd_slr1.0_sam_rho0.1_112125_19:29:46.ckpt
--- Round 331 of 10000: Training 5 Clients ---
Selected clients: ['55', '12', '59', '20', '86']
--- Updating central model ---
Checkpoint saved in path: checkpoints/cifar10/alpha0.5_K5_N10000_cnn_E1_clr0.01_fedopt_sgd_slr1.0_sam_rho0.1_112125_19:29:46.ckpt
--- Round 332 of 10000: Training 5 Clients ---
Selected clients: ['0', '70', '95', '83', '90']
--- Updating central model ---
Checkpoint saved in path: checkpoints/cifar10/alpha0.5_K5_N10000_cnn_E1_clr0.01_fedopt_sgd_slr1.0_sam_rho0.1_112125_19:29:46.ckpt
--- Round 333 of 10000: Training 5 Clients ---
Selected clients: ['42', '34', '57', '69', '2']
--- Updating central model ---
Checkpoint saved in path: checkpoints/cifar10/alpha0.5_K5_N10000_cnn_E1_clr0.01_fedopt_sgd_slr1.0_sam_rho0.1_112125_19:29:46.ckpt
--- Round 334 of 10000: Training 5 Clients ---
Selected clients: ['83', '45', '42', '11', '81']
--- Updating central model ---
Checkpoint saved in path: checkpoints/cifar10/alpha0.5_K5_N10000_cnn_E1_clr0.01_fedopt_sgd_slr1.0_sam_rho0.1_112125_19:29:46.ckpt
--- Round 335 of 10000: Training 5 Clients ---
Selected clients: ['83', '97', '44', '16', '55']
--- Updating central model ---
Checkpoint saved in path: checkpoints/cifar10/alpha0.5_K5_N10000_cnn_E1_clr0.01_fedopt_sgd_slr1.0_sam_rho0.1_112125_19:29:46.ckpt
--- Round 336 of 10000: Training 5 Clients ---
Selected clients: ['23', '94', '22', '32', '95']
--- Updating central model ---
Checkpoint saved in path: checkpoints/cifar10/alpha0.5_K5_N10000_cnn_E1_clr0.01_fedopt_sgd_slr1.0_sam_rho0.1_112125_19:29:46.ckpt
--- Round 337 of 10000: Training 5 Clients ---
Selected clients: ['24', '70', '55', '62', '32']
--- Updating central model ---
Checkpoint saved in path: checkpoints/cifar10/alpha0.5_K5_N10000_cnn_E1_clr0.01_fedopt_sgd_slr1.0_sam_rho0.1_112125_19:29:46.ckpt
--- Round 338 of 10000: Training 5 Clients ---
Selected clients: ['24', '74', '2', '96', '45']
--- Updating central model ---
Checkpoint saved in path: checkpoints/cifar10/alpha0.5_K5_N10000_cnn_E1_clr0.01_fedopt_sgd_slr1.0_sam_rho0.1_112125_19:29:46.ckpt
--- Round 339 of 10000: Training 5 Clients ---
Selected clients: ['98', '75', '73', '53', '19']
--- Updating central model ---
Checkpoint saved in path: checkpoints/cifar10/alpha0.5_K5_N10000_cnn_E1_clr0.01_fedopt_sgd_slr1.0_sam_rho0.1_112125_19:29:46.ckpt
--- Round 340 of 10000: Training 5 Clients ---
Selected clients: ['16', '80', '93', '60', '96']
--- Updating central model ---
Checkpoint saved in path: checkpoints/cifar10/alpha0.5_K5_N10000_cnn_E1_clr0.01_fedopt_sgd_slr1.0_sam_rho0.1_112125_19:29:46.ckpt
--- Round 341 of 10000: Training 5 Clients ---
Selected clients: ['97', '90', '52', '39', '18']
--- Updating central model ---
Checkpoint saved in path: checkpoints/cifar10/alpha0.5_K5_N10000_cnn_E1_clr0.01_fedopt_sgd_slr1.0_sam_rho0.1_112125_19:29:46.ckpt
--- Round 342 of 10000: Training 5 Clients ---
Selected clients: ['49', '43', '51', '19', '17']
--- Updating central model ---
Checkpoint saved in path: checkpoints/cifar10/alpha0.5_K5_N10000_cnn_E1_clr0.01_fedopt_sgd_slr1.0_sam_rho0.1_112125_19:29:46.ckpt
--- Round 343 of 10000: Training 5 Clients ---
Selected clients: ['24', '74', '35', '47', '46']
--- Updating central model ---
Checkpoint saved in path: checkpoints/cifar10/alpha0.5_K5_N10000_cnn_E1_clr0.01_fedopt_sgd_slr1.0_sam_rho0.1_112125_19:29:46.ckpt
--- Round 344 of 10000: Training 5 Clients ---
Selected clients: ['7', '83', '51', '58', '35']
--- Updating central model ---
Checkpoint saved in path: checkpoints/cifar10/alpha0.5_K5_N10000_cnn_E1_clr0.01_fedopt_sgd_slr1.0_sam_rho0.1_112125_19:29:46.ckpt
--- Round 345 of 10000: Training 5 Clients ---
Selected clients: ['28', '12', '53', '27', '78']
--- Updating central model ---
Checkpoint saved in path: checkpoints/cifar10/alpha0.5_K5_N10000_cnn_E1_clr0.01_fedopt_sgd_slr1.0_sam_rho0.1_112125_19:29:46.ckpt
--- Round 346 of 10000: Training 5 Clients ---
Selected clients: ['49', '94', '37', '66', '39']
--- Updating central model ---
Checkpoint saved in path: checkpoints/cifar10/alpha0.5_K5_N10000_cnn_E1_clr0.01_fedopt_sgd_slr1.0_sam_rho0.1_112125_19:29:46.ckpt
--- Round 347 of 10000: Training 5 Clients ---
Selected clients: ['29', '24', '81', '80', '94']
--- Updating central model ---
Checkpoint saved in path: checkpoints/cifar10/alpha0.5_K5_N10000_cnn_E1_clr0.01_fedopt_sgd_slr1.0_sam_rho0.1_112125_19:29:46.ckpt
--- Round 348 of 10000: Training 5 Clients ---
Selected clients: ['8', '57', '43', '71', '68']
--- Updating central model ---
Checkpoint saved in path: checkpoints/cifar10/alpha0.5_K5_N10000_cnn_E1_clr0.01_fedopt_sgd_slr1.0_sam_rho0.1_112125_19:29:46.ckpt
--- Round 349 of 10000: Training 5 Clients ---
Selected clients: ['73', '31', '38', '62', '66']
--- Updating central model ---
Checkpoint saved in path: checkpoints/cifar10/alpha0.5_K5_N10000_cnn_E1_clr0.01_fedopt_sgd_slr1.0_sam_rho0.1_112125_19:29:46.ckpt
--- Round 350 of 10000: Training 5 Clients ---
Selected clients: ['43', '96', '32', '99', '92']
--- Updating central model ---
Checkpoint saved in path: checkpoints/cifar10/alpha0.5_K5_N10000_cnn_E1_clr0.01_fedopt_sgd_slr1.0_sam_rho0.1_112125_19:29:46.ckpt
--- Round 351 of 10000: Training 5 Clients ---
Selected clients: ['35', '3', '24', '71', '46']
--- Updating central model ---
Checkpoint saved in path: checkpoints/cifar10/alpha0.5_K5_N10000_cnn_E1_clr0.01_fedopt_sgd_slr1.0_sam_rho0.1_112125_19:29:46.ckpt
--- Round 352 of 10000: Training 5 Clients ---
Selected clients: ['13', '8', '87', '56', '35']
--- Updating central model ---
Checkpoint saved in path: checkpoints/cifar10/alpha0.5_K5_N10000_cnn_E1_clr0.01_fedopt_sgd_slr1.0_sam_rho0.1_112125_19:29:46.ckpt
--- Round 353 of 10000: Training 5 Clients ---
Selected clients: ['7', '17', '77', '26', '45']
--- Updating central model ---
Checkpoint saved in path: checkpoints/cifar10/alpha0.5_K5_N10000_cnn_E1_clr0.01_fedopt_sgd_slr1.0_sam_rho0.1_112125_19:29:46.ckpt
--- Round 354 of 10000: Training 5 Clients ---
Selected clients: ['69', '52', '19', '14', '39']
--- Updating central model ---
Checkpoint saved in path: checkpoints/cifar10/alpha0.5_K5_N10000_cnn_E1_clr0.01_fedopt_sgd_slr1.0_sam_rho0.1_112125_19:29:46.ckpt
--- Round 355 of 10000: Training 5 Clients ---
Selected clients: ['84', '80', '43', '69', '30']
--- Updating central model ---
Checkpoint saved in path: checkpoints/cifar10/alpha0.5_K5_N10000_cnn_E1_clr0.01_fedopt_sgd_slr1.0_sam_rho0.1_112125_19:29:46.ckpt
--- Round 356 of 10000: Training 5 Clients ---
Selected clients: ['57', '33', '22', '99', '28']
--- Updating central model ---
Checkpoint saved in path: checkpoints/cifar10/alpha0.5_K5_N10000_cnn_E1_clr0.01_fedopt_sgd_slr1.0_sam_rho0.1_112125_19:29:46.ckpt
--- Round 357 of 10000: Training 5 Clients ---
Selected clients: ['50', '67', '17', '8', '32']
--- Updating central model ---
Checkpoint saved in path: checkpoints/cifar10/alpha0.5_K5_N10000_cnn_E1_clr0.01_fedopt_sgd_slr1.0_sam_rho0.1_112125_19:29:46.ckpt
--- Round 358 of 10000: Training 5 Clients ---
Selected clients: ['16', '15', '56', '33', '92']
--- Updating central model ---
Checkpoint saved in path: checkpoints/cifar10/alpha0.5_K5_N10000_cnn_E1_clr0.01_fedopt_sgd_slr1.0_sam_rho0.1_112125_19:29:46.ckpt
--- Round 359 of 10000: Training 5 Clients ---
Selected clients: ['26', '75', '78', '40', '64']
--- Updating central model ---
Checkpoint saved in path: checkpoints/cifar10/alpha0.5_K5_N10000_cnn_E1_clr0.01_fedopt_sgd_slr1.0_sam_rho0.1_112125_19:29:46.ckpt
--- Round 360 of 10000: Training 5 Clients ---
Selected clients: ['85', '15', '13', '84', '14']
--- Updating central model ---
Checkpoint saved in path: checkpoints/cifar10/alpha0.5_K5_N10000_cnn_E1_clr0.01_fedopt_sgd_slr1.0_sam_rho0.1_112125_19:29:46.ckpt
--- Round 361 of 10000: Training 5 Clients ---
Selected clients: ['86', '61', '47', '45', '88']
--- Updating central model ---
Checkpoint saved in path: checkpoints/cifar10/alpha0.5_K5_N10000_cnn_E1_clr0.01_fedopt_sgd_slr1.0_sam_rho0.1_112125_19:29:46.ckpt
--- Round 362 of 10000: Training 5 Clients ---
Selected clients: ['5', '14', '64', '41', '45']
--- Updating central model ---
Checkpoint saved in path: checkpoints/cifar10/alpha0.5_K5_N10000_cnn_E1_clr0.01_fedopt_sgd_slr1.0_sam_rho0.1_112125_19:29:46.ckpt
--- Round 363 of 10000: Training 5 Clients ---
Selected clients: ['76', '71', '22', '45', '36']
--- Updating central model ---
Checkpoint saved in path: checkpoints/cifar10/alpha0.5_K5_N10000_cnn_E1_clr0.01_fedopt_sgd_slr1.0_sam_rho0.1_112125_19:29:46.ckpt
--- Round 364 of 10000: Training 5 Clients ---
Selected clients: ['65', '53', '75', '82', '34']
--- Updating central model ---
Checkpoint saved in path: checkpoints/cifar10/alpha0.5_K5_N10000_cnn_E1_clr0.01_fedopt_sgd_slr1.0_sam_rho0.1_112125_19:29:46.ckpt
--- Round 365 of 10000: Training 5 Clients ---
Selected clients: ['59', '35', '18', '74', '7']
--- Updating central model ---
Checkpoint saved in path: checkpoints/cifar10/alpha0.5_K5_N10000_cnn_E1_clr0.01_fedopt_sgd_slr1.0_sam_rho0.1_112125_19:29:46.ckpt
--- Round 366 of 10000: Training 5 Clients ---
Selected clients: ['66', '0', '44', '27', '19']
--- Updating central model ---
Checkpoint saved in path: checkpoints/cifar10/alpha0.5_K5_N10000_cnn_E1_clr0.01_fedopt_sgd_slr1.0_sam_rho0.1_112125_19:29:46.ckpt
--- Round 367 of 10000: Training 5 Clients ---
Selected clients: ['95', '80', '0', '73', '66']
--- Updating central model ---
Checkpoint saved in path: checkpoints/cifar10/alpha0.5_K5_N10000_cnn_E1_clr0.01_fedopt_sgd_slr1.0_sam_rho0.1_112125_19:29:46.ckpt
--- Round 368 of 10000: Training 5 Clients ---
Selected clients: ['48', '27', '42', '16', '95']
--- Updating central model ---
Checkpoint saved in path: checkpoints/cifar10/alpha0.5_K5_N10000_cnn_E1_clr0.01_fedopt_sgd_slr1.0_sam_rho0.1_112125_19:29:46.ckpt
--- Round 369 of 10000: Training 5 Clients ---
Selected clients: ['71', '58', '2', '97', '99']
--- Updating central model ---
Checkpoint saved in path: checkpoints/cifar10/alpha0.5_K5_N10000_cnn_E1_clr0.01_fedopt_sgd_slr1.0_sam_rho0.1_112125_19:29:46.ckpt
--- Round 370 of 10000: Training 5 Clients ---
Selected clients: ['83', '32', '98', '79', '63']
--- Updating central model ---
Checkpoint saved in path: checkpoints/cifar10/alpha0.5_K5_N10000_cnn_E1_clr0.01_fedopt_sgd_slr1.0_sam_rho0.1_112125_19:29:46.ckpt
--- Round 371 of 10000: Training 5 Clients ---
Selected clients: ['11', '81', '20', '21', '24']
--- Updating central model ---
Checkpoint saved in path: checkpoints/cifar10/alpha0.5_K5_N10000_cnn_E1_clr0.01_fedopt_sgd_slr1.0_sam_rho0.1_112125_19:29:46.ckpt
--- Round 372 of 10000: Training 5 Clients ---
Selected clients: ['95', '2', '60', '12', '64']
--- Updating central model ---
Checkpoint saved in path: checkpoints/cifar10/alpha0.5_K5_N10000_cnn_E1_clr0.01_fedopt_sgd_slr1.0_sam_rho0.1_112125_19:29:46.ckpt
--- Round 373 of 10000: Training 5 Clients ---
Selected clients: ['70', '2', '44', '20', '63']
--- Updating central model ---
Checkpoint saved in path: checkpoints/cifar10/alpha0.5_K5_N10000_cnn_E1_clr0.01_fedopt_sgd_slr1.0_sam_rho0.1_112125_19:29:46.ckpt
--- Round 374 of 10000: Training 5 Clients ---
Selected clients: ['99', '23', '43', '78', '95']
--- Updating central model ---
Checkpoint saved in path: checkpoints/cifar10/alpha0.5_K5_N10000_cnn_E1_clr0.01_fedopt_sgd_slr1.0_sam_rho0.1_112125_19:29:46.ckpt
--- Round 375 of 10000: Training 5 Clients ---
Selected clients: ['77', '42', '43', '14', '91']
--- Updating central model ---
Checkpoint saved in path: checkpoints/cifar10/alpha0.5_K5_N10000_cnn_E1_clr0.01_fedopt_sgd_slr1.0_sam_rho0.1_112125_19:29:46.ckpt
--- Round 376 of 10000: Training 5 Clients ---
Selected clients: ['92', '28', '91', '33', '9']
--- Updating central model ---
Checkpoint saved in path: checkpoints/cifar10/alpha0.5_K5_N10000_cnn_E1_clr0.01_fedopt_sgd_slr1.0_sam_rho0.1_112125_19:29:46.ckpt
--- Round 377 of 10000: Training 5 Clients ---
Selected clients: ['33', '92', '95', '23', '83']
--- Updating central model ---
Checkpoint saved in path: checkpoints/cifar10/alpha0.5_K5_N10000_cnn_E1_clr0.01_fedopt_sgd_slr1.0_sam_rho0.1_112125_19:29:46.ckpt
--- Round 378 of 10000: Training 5 Clients ---
Selected clients: ['42', '89', '92', '85', '95']
--- Updating central model ---
Checkpoint saved in path: checkpoints/cifar10/alpha0.5_K5_N10000_cnn_E1_clr0.01_fedopt_sgd_slr1.0_sam_rho0.1_112125_19:29:46.ckpt
--- Round 379 of 10000: Training 5 Clients ---
Selected clients: ['20', '46', '82', '73', '53']
--- Updating central model ---
Checkpoint saved in path: checkpoints/cifar10/alpha0.5_K5_N10000_cnn_E1_clr0.01_fedopt_sgd_slr1.0_sam_rho0.1_112125_19:29:46.ckpt
--- Round 380 of 10000: Training 5 Clients ---
Selected clients: ['13', '62', '89', '3', '58']
--- Updating central model ---
Checkpoint saved in path: checkpoints/cifar10/alpha0.5_K5_N10000_cnn_E1_clr0.01_fedopt_sgd_slr1.0_sam_rho0.1_112125_19:29:46.ckpt