Alpha: alpha_0.50
Using device: NVIDIA A100-SXM4-80GB
############################## cifar10.cnn ##############################
Running experiment with server servers.fedopt_server and client clients.sam_client
Verify client and server: <class 'clients.sam_client.SAMClient'> <class 'servers.fedopt_server.FedOptServer'>
Running influence estimation:   0%|          | 0/20 [00:00<?, ?it/s]wandb: WARNING `resume` will be ignored since W&B syncing is set to `offline`. Starting a new run with run id ttml9wnu.
wandb: Tracking run with wandb version 0.23.0
wandb: W&B syncing is set to `offline` in this directory. Run `wandb online` or set WANDB_MODE=online to enable cloud syncing.
wandb: Run data is saved locally in /home/mlr570t1/FedSAM_mem_inf-main/models/wandb/offline-run-20251121_192854-ttml9wnu
Server optimizer: sgd with lr 1.0 and momentum 0
Start round: 0
Clients in Total: 100 training clients and 1 test clients
--- Random Initialization ---
--- Round 1 of 10000: Training 5 Clients ---
Selected clients: ['15', '3', '80', '49', '41']
--- Updating central model ---
Checkpoint saved in path: checkpoints/cifar10/alpha0.5_K5_N10000_cnn_E1_clr0.01_fedopt_sgd_slr1.0_sam_rho0.1_112125_19:29:36.ckpt
--- Round 2 of 10000: Training 5 Clients ---
Selected clients: ['68', '76', '48', '85', '62']
--- Updating central model ---
Checkpoint saved in path: checkpoints/cifar10/alpha0.5_K5_N10000_cnn_E1_clr0.01_fedopt_sgd_slr1.0_sam_rho0.1_112125_19:29:36.ckpt
--- Round 3 of 10000: Training 5 Clients ---
Selected clients: ['40', '12', '42', '96', '16']
--- Updating central model ---
Checkpoint saved in path: checkpoints/cifar10/alpha0.5_K5_N10000_cnn_E1_clr0.01_fedopt_sgd_slr1.0_sam_rho0.1_112125_19:29:36.ckpt
--- Round 4 of 10000: Training 5 Clients ---
Selected clients: ['15', '26', '64', '10', '59']
--- Updating central model ---
Checkpoint saved in path: checkpoints/cifar10/alpha0.5_K5_N10000_cnn_E1_clr0.01_fedopt_sgd_slr1.0_sam_rho0.1_112125_19:29:36.ckpt
--- Round 5 of 10000: Training 5 Clients ---
Selected clients: ['62', '47', '56', '11', '41']
--- Updating central model ---
Checkpoint saved in path: checkpoints/cifar10/alpha0.5_K5_N10000_cnn_E1_clr0.01_fedopt_sgd_slr1.0_sam_rho0.1_112125_19:29:36.ckpt
--- Round 6 of 10000: Training 5 Clients ---
Selected clients: ['34', '15', '0', '3', '29']
--- Updating central model ---
Checkpoint saved in path: checkpoints/cifar10/alpha0.5_K5_N10000_cnn_E1_clr0.01_fedopt_sgd_slr1.0_sam_rho0.1_112125_19:29:36.ckpt
--- Round 7 of 10000: Training 5 Clients ---
Selected clients: ['49', '83', '98', '84', '65']
--- Updating central model ---
Checkpoint saved in path: checkpoints/cifar10/alpha0.5_K5_N10000_cnn_E1_clr0.01_fedopt_sgd_slr1.0_sam_rho0.1_112125_19:29:36.ckpt
--- Round 8 of 10000: Training 5 Clients ---
Selected clients: ['6', '79', '29', '99', '21']
--- Updating central model ---
Checkpoint saved in path: checkpoints/cifar10/alpha0.5_K5_N10000_cnn_E1_clr0.01_fedopt_sgd_slr1.0_sam_rho0.1_112125_19:29:36.ckpt
--- Round 9 of 10000: Training 5 Clients ---
Selected clients: ['34', '22', '67', '19', '41']
--- Updating central model ---
Checkpoint saved in path: checkpoints/cifar10/alpha0.5_K5_N10000_cnn_E1_clr0.01_fedopt_sgd_slr1.0_sam_rho0.1_112125_19:29:36.ckpt
--- Round 10 of 10000: Training 5 Clients ---
Selected clients: ['98', '39', '84', '89', '7']
--- Updating central model ---
Checkpoint saved in path: checkpoints/cifar10/alpha0.5_K5_N10000_cnn_E1_clr0.01_fedopt_sgd_slr1.0_sam_rho0.1_112125_19:29:36.ckpt
--- Round 11 of 10000: Training 5 Clients ---
Selected clients: ['85', '28', '38', '87', '62']
--- Updating central model ---
Checkpoint saved in path: checkpoints/cifar10/alpha0.5_K5_N10000_cnn_E1_clr0.01_fedopt_sgd_slr1.0_sam_rho0.1_112125_19:29:36.ckpt
--- Round 12 of 10000: Training 5 Clients ---
Selected clients: ['9', '29', '48', '71', '59']
--- Updating central model ---
Checkpoint saved in path: checkpoints/cifar10/alpha0.5_K5_N10000_cnn_E1_clr0.01_fedopt_sgd_slr1.0_sam_rho0.1_112125_19:29:36.ckpt
--- Round 13 of 10000: Training 5 Clients ---
Selected clients: ['86', '18', '33', '59', '28']
--- Updating central model ---
Checkpoint saved in path: checkpoints/cifar10/alpha0.5_K5_N10000_cnn_E1_clr0.01_fedopt_sgd_slr1.0_sam_rho0.1_112125_19:29:36.ckpt
--- Round 14 of 10000: Training 5 Clients ---
Selected clients: ['50', '39', '85', '0', '31']
--- Updating central model ---
Checkpoint saved in path: checkpoints/cifar10/alpha0.5_K5_N10000_cnn_E1_clr0.01_fedopt_sgd_slr1.0_sam_rho0.1_112125_19:29:36.ckpt
--- Round 15 of 10000: Training 5 Clients ---
Selected clients: ['47', '72', '71', '91', '79']
--- Updating central model ---
Checkpoint saved in path: checkpoints/cifar10/alpha0.5_K5_N10000_cnn_E1_clr0.01_fedopt_sgd_slr1.0_sam_rho0.1_112125_19:29:36.ckpt
--- Round 16 of 10000: Training 5 Clients ---
Selected clients: ['42', '70', '98', '21', '53']
--- Updating central model ---
Checkpoint saved in path: checkpoints/cifar10/alpha0.5_K5_N10000_cnn_E1_clr0.01_fedopt_sgd_slr1.0_sam_rho0.1_112125_19:29:36.ckpt
--- Round 17 of 10000: Training 5 Clients ---
Selected clients: ['75', '40', '60', '70', '2']
--- Updating central model ---
Checkpoint saved in path: checkpoints/cifar10/alpha0.5_K5_N10000_cnn_E1_clr0.01_fedopt_sgd_slr1.0_sam_rho0.1_112125_19:29:36.ckpt
--- Round 18 of 10000: Training 5 Clients ---
Selected clients: ['52', '46', '53', '96', '76']
--- Updating central model ---
Checkpoint saved in path: checkpoints/cifar10/alpha0.5_K5_N10000_cnn_E1_clr0.01_fedopt_sgd_slr1.0_sam_rho0.1_112125_19:29:36.ckpt
--- Round 19 of 10000: Training 5 Clients ---
Selected clients: ['72', '66', '70', '93', '34']
--- Updating central model ---
Checkpoint saved in path: checkpoints/cifar10/alpha0.5_K5_N10000_cnn_E1_clr0.01_fedopt_sgd_slr1.0_sam_rho0.1_112125_19:29:36.ckpt
--- Round 20 of 10000: Training 5 Clients ---
Selected clients: ['61', '49', '85', '35', '79']
--- Updating central model ---
Checkpoint saved in path: checkpoints/cifar10/alpha0.5_K5_N10000_cnn_E1_clr0.01_fedopt_sgd_slr1.0_sam_rho0.1_112125_19:29:36.ckpt
--- Round 21 of 10000: Training 5 Clients ---
Selected clients: ['89', '42', '22', '27', '28']
--- Updating central model ---
Checkpoint saved in path: checkpoints/cifar10/alpha0.5_K5_N10000_cnn_E1_clr0.01_fedopt_sgd_slr1.0_sam_rho0.1_112125_19:29:36.ckpt
--- Round 22 of 10000: Training 5 Clients ---
Selected clients: ['76', '52', '68', '23', '62']
--- Updating central model ---
Checkpoint saved in path: checkpoints/cifar10/alpha0.5_K5_N10000_cnn_E1_clr0.01_fedopt_sgd_slr1.0_sam_rho0.1_112125_19:29:36.ckpt
--- Round 23 of 10000: Training 5 Clients ---
Selected clients: ['94', '79', '12', '90', '81']
--- Updating central model ---
Checkpoint saved in path: checkpoints/cifar10/alpha0.5_K5_N10000_cnn_E1_clr0.01_fedopt_sgd_slr1.0_sam_rho0.1_112125_19:29:36.ckpt
--- Round 24 of 10000: Training 5 Clients ---
Selected clients: ['41', '98', '12', '42', '39']
--- Updating central model ---
Checkpoint saved in path: checkpoints/cifar10/alpha0.5_K5_N10000_cnn_E1_clr0.01_fedopt_sgd_slr1.0_sam_rho0.1_112125_19:29:36.ckpt
--- Round 25 of 10000: Training 5 Clients ---
Selected clients: ['8', '67', '15', '85', '24']
--- Updating central model ---
Checkpoint saved in path: checkpoints/cifar10/alpha0.5_K5_N10000_cnn_E1_clr0.01_fedopt_sgd_slr1.0_sam_rho0.1_112125_19:29:36.ckpt
--- Round 26 of 10000: Training 5 Clients ---
Selected clients: ['72', '88', '24', '84', '67']
--- Updating central model ---
Checkpoint saved in path: checkpoints/cifar10/alpha0.5_K5_N10000_cnn_E1_clr0.01_fedopt_sgd_slr1.0_sam_rho0.1_112125_19:29:36.ckpt
--- Round 27 of 10000: Training 5 Clients ---
Selected clients: ['88', '40', '22', '36', '54']
--- Updating central model ---
Checkpoint saved in path: checkpoints/cifar10/alpha0.5_K5_N10000_cnn_E1_clr0.01_fedopt_sgd_slr1.0_sam_rho0.1_112125_19:29:36.ckpt
--- Round 28 of 10000: Training 5 Clients ---
Selected clients: ['86', '49', '76', '37', '92']
--- Updating central model ---
Checkpoint saved in path: checkpoints/cifar10/alpha0.5_K5_N10000_cnn_E1_clr0.01_fedopt_sgd_slr1.0_sam_rho0.1_112125_19:29:36.ckpt
--- Round 29 of 10000: Training 5 Clients ---
Selected clients: ['41', '29', '1', '56', '40']
--- Updating central model ---
Checkpoint saved in path: checkpoints/cifar10/alpha0.5_K5_N10000_cnn_E1_clr0.01_fedopt_sgd_slr1.0_sam_rho0.1_112125_19:29:36.ckpt
--- Round 30 of 10000: Training 5 Clients ---
Selected clients: ['94', '2', '47', '13', '97']
--- Updating central model ---
Checkpoint saved in path: checkpoints/cifar10/alpha0.5_K5_N10000_cnn_E1_clr0.01_fedopt_sgd_slr1.0_sam_rho0.1_112125_19:29:36.ckpt
--- Round 31 of 10000: Training 5 Clients ---
Selected clients: ['88', '21', '77', '31', '99']
--- Updating central model ---
Checkpoint saved in path: checkpoints/cifar10/alpha0.5_K5_N10000_cnn_E1_clr0.01_fedopt_sgd_slr1.0_sam_rho0.1_112125_19:29:36.ckpt
--- Round 32 of 10000: Training 5 Clients ---
Selected clients: ['26', '7', '50', '62', '90']
--- Updating central model ---
Checkpoint saved in path: checkpoints/cifar10/alpha0.5_K5_N10000_cnn_E1_clr0.01_fedopt_sgd_slr1.0_sam_rho0.1_112125_19:29:36.ckpt
--- Round 33 of 10000: Training 5 Clients ---
Selected clients: ['30', '63', '79', '35', '95']
--- Updating central model ---
Checkpoint saved in path: checkpoints/cifar10/alpha0.5_K5_N10000_cnn_E1_clr0.01_fedopt_sgd_slr1.0_sam_rho0.1_112125_19:29:36.ckpt
--- Round 34 of 10000: Training 5 Clients ---
Selected clients: ['7', '14', '81', '40', '87']
--- Updating central model ---
Checkpoint saved in path: checkpoints/cifar10/alpha0.5_K5_N10000_cnn_E1_clr0.01_fedopt_sgd_slr1.0_sam_rho0.1_112125_19:29:36.ckpt
--- Round 35 of 10000: Training 5 Clients ---
Selected clients: ['72', '48', '96', '73', '40']
--- Updating central model ---
Checkpoint saved in path: checkpoints/cifar10/alpha0.5_K5_N10000_cnn_E1_clr0.01_fedopt_sgd_slr1.0_sam_rho0.1_112125_19:29:36.ckpt
--- Round 36 of 10000: Training 5 Clients ---
Selected clients: ['94', '89', '71', '97', '54']
--- Updating central model ---
Checkpoint saved in path: checkpoints/cifar10/alpha0.5_K5_N10000_cnn_E1_clr0.01_fedopt_sgd_slr1.0_sam_rho0.1_112125_19:29:36.ckpt
--- Round 37 of 10000: Training 5 Clients ---
Selected clients: ['77', '85', '91', '63', '5']
--- Updating central model ---
Checkpoint saved in path: checkpoints/cifar10/alpha0.5_K5_N10000_cnn_E1_clr0.01_fedopt_sgd_slr1.0_sam_rho0.1_112125_19:29:36.ckpt
--- Round 38 of 10000: Training 5 Clients ---
Selected clients: ['12', '47', '42', '9', '31']
--- Updating central model ---
Checkpoint saved in path: checkpoints/cifar10/alpha0.5_K5_N10000_cnn_E1_clr0.01_fedopt_sgd_slr1.0_sam_rho0.1_112125_19:29:36.ckpt
--- Round 39 of 10000: Training 5 Clients ---
Selected clients: ['77', '87', '76', '75', '51']
--- Updating central model ---
Checkpoint saved in path: checkpoints/cifar10/alpha0.5_K5_N10000_cnn_E1_clr0.01_fedopt_sgd_slr1.0_sam_rho0.1_112125_19:29:36.ckpt
--- Round 40 of 10000: Training 5 Clients ---
Selected clients: ['51', '64', '66', '33', '18']
--- Updating central model ---
Checkpoint saved in path: checkpoints/cifar10/alpha0.5_K5_N10000_cnn_E1_clr0.01_fedopt_sgd_slr1.0_sam_rho0.1_112125_19:29:36.ckpt
--- Round 41 of 10000: Training 5 Clients ---
Selected clients: ['26', '31', '45', '62', '54']
--- Updating central model ---
Checkpoint saved in path: checkpoints/cifar10/alpha0.5_K5_N10000_cnn_E1_clr0.01_fedopt_sgd_slr1.0_sam_rho0.1_112125_19:29:36.ckpt
--- Round 42 of 10000: Training 5 Clients ---
Selected clients: ['9', '85', '69', '55', '59']
--- Updating central model ---
Checkpoint saved in path: checkpoints/cifar10/alpha0.5_K5_N10000_cnn_E1_clr0.01_fedopt_sgd_slr1.0_sam_rho0.1_112125_19:29:36.ckpt
--- Round 43 of 10000: Training 5 Clients ---
Selected clients: ['52', '20', '55', '59', '25']
--- Updating central model ---
Checkpoint saved in path: checkpoints/cifar10/alpha0.5_K5_N10000_cnn_E1_clr0.01_fedopt_sgd_slr1.0_sam_rho0.1_112125_19:29:36.ckpt
--- Round 44 of 10000: Training 5 Clients ---
Selected clients: ['35', '81', '59', '9', '26']
--- Updating central model ---
Checkpoint saved in path: checkpoints/cifar10/alpha0.5_K5_N10000_cnn_E1_clr0.01_fedopt_sgd_slr1.0_sam_rho0.1_112125_19:29:36.ckpt
--- Round 45 of 10000: Training 5 Clients ---
Selected clients: ['26', '32', '31', '71', '15']
--- Updating central model ---
Checkpoint saved in path: checkpoints/cifar10/alpha0.5_K5_N10000_cnn_E1_clr0.01_fedopt_sgd_slr1.0_sam_rho0.1_112125_19:29:36.ckpt
--- Round 46 of 10000: Training 5 Clients ---
Selected clients: ['55', '8', '32', '42', '62']
--- Updating central model ---
Checkpoint saved in path: checkpoints/cifar10/alpha0.5_K5_N10000_cnn_E1_clr0.01_fedopt_sgd_slr1.0_sam_rho0.1_112125_19:29:36.ckpt
--- Round 47 of 10000: Training 5 Clients ---
Selected clients: ['16', '10', '6', '29', '60']
--- Updating central model ---
Checkpoint saved in path: checkpoints/cifar10/alpha0.5_K5_N10000_cnn_E1_clr0.01_fedopt_sgd_slr1.0_sam_rho0.1_112125_19:29:36.ckpt
--- Round 48 of 10000: Training 5 Clients ---
Selected clients: ['33', '48', '85', '80', '52']
--- Updating central model ---
Checkpoint saved in path: checkpoints/cifar10/alpha0.5_K5_N10000_cnn_E1_clr0.01_fedopt_sgd_slr1.0_sam_rho0.1_112125_19:29:36.ckpt
--- Round 49 of 10000: Training 5 Clients ---
Selected clients: ['44', '2', '32', '99', '13']
--- Updating central model ---
Checkpoint saved in path: checkpoints/cifar10/alpha0.5_K5_N10000_cnn_E1_clr0.01_fedopt_sgd_slr1.0_sam_rho0.1_112125_19:29:36.ckpt
--- Round 50 of 10000: Training 5 Clients ---
Selected clients: ['47', '89', '15', '72', '19']
--- Updating central model ---
Checkpoint saved in path: checkpoints/cifar10/alpha0.5_K5_N10000_cnn_E1_clr0.01_fedopt_sgd_slr1.0_sam_rho0.1_112125_19:29:36.ckpt
--- Round 51 of 10000: Training 5 Clients ---
Selected clients: ['50', '58', '41', '16', '45']
--- Updating central model ---
Checkpoint saved in path: checkpoints/cifar10/alpha0.5_K5_N10000_cnn_E1_clr0.01_fedopt_sgd_slr1.0_sam_rho0.1_112125_19:29:36.ckpt
--- Round 52 of 10000: Training 5 Clients ---
Selected clients: ['33', '60', '94', '29', '28']
--- Updating central model ---
Checkpoint saved in path: checkpoints/cifar10/alpha0.5_K5_N10000_cnn_E1_clr0.01_fedopt_sgd_slr1.0_sam_rho0.1_112125_19:29:36.ckpt
--- Round 53 of 10000: Training 5 Clients ---
Selected clients: ['73', '36', '6', '5', '52']
--- Updating central model ---
Checkpoint saved in path: checkpoints/cifar10/alpha0.5_K5_N10000_cnn_E1_clr0.01_fedopt_sgd_slr1.0_sam_rho0.1_112125_19:29:36.ckpt
--- Round 54 of 10000: Training 5 Clients ---
Selected clients: ['4', '68', '41', '48', '91']
--- Updating central model ---
Checkpoint saved in path: checkpoints/cifar10/alpha0.5_K5_N10000_cnn_E1_clr0.01_fedopt_sgd_slr1.0_sam_rho0.1_112125_19:29:36.ckpt
--- Round 55 of 10000: Training 5 Clients ---
Selected clients: ['39', '65', '29', '59', '0']
--- Updating central model ---
Checkpoint saved in path: checkpoints/cifar10/alpha0.5_K5_N10000_cnn_E1_clr0.01_fedopt_sgd_slr1.0_sam_rho0.1_112125_19:29:36.ckpt
--- Round 56 of 10000: Training 5 Clients ---
Selected clients: ['10', '45', '74', '96', '80']
--- Updating central model ---
Checkpoint saved in path: checkpoints/cifar10/alpha0.5_K5_N10000_cnn_E1_clr0.01_fedopt_sgd_slr1.0_sam_rho0.1_112125_19:29:36.ckpt
--- Round 57 of 10000: Training 5 Clients ---
Selected clients: ['90', '45', '7', '53', '48']
--- Updating central model ---
Checkpoint saved in path: checkpoints/cifar10/alpha0.5_K5_N10000_cnn_E1_clr0.01_fedopt_sgd_slr1.0_sam_rho0.1_112125_19:29:36.ckpt
--- Round 58 of 10000: Training 5 Clients ---
Selected clients: ['40', '66', '8', '27', '61']
--- Updating central model ---
Checkpoint saved in path: checkpoints/cifar10/alpha0.5_K5_N10000_cnn_E1_clr0.01_fedopt_sgd_slr1.0_sam_rho0.1_112125_19:29:36.ckpt
--- Round 59 of 10000: Training 5 Clients ---
Selected clients: ['21', '89', '41', '37', '61']
--- Updating central model ---
Checkpoint saved in path: checkpoints/cifar10/alpha0.5_K5_N10000_cnn_E1_clr0.01_fedopt_sgd_slr1.0_sam_rho0.1_112125_19:29:36.ckpt
--- Round 60 of 10000: Training 5 Clients ---
Selected clients: ['36', '2', '77', '90', '71']
--- Updating central model ---
Checkpoint saved in path: checkpoints/cifar10/alpha0.5_K5_N10000_cnn_E1_clr0.01_fedopt_sgd_slr1.0_sam_rho0.1_112125_19:29:36.ckpt
--- Round 61 of 10000: Training 5 Clients ---
Selected clients: ['18', '56', '92', '82', '58']
--- Updating central model ---
Checkpoint saved in path: checkpoints/cifar10/alpha0.5_K5_N10000_cnn_E1_clr0.01_fedopt_sgd_slr1.0_sam_rho0.1_112125_19:29:36.ckpt
--- Round 62 of 10000: Training 5 Clients ---
Selected clients: ['31', '63', '83', '24', '34']
--- Updating central model ---
Checkpoint saved in path: checkpoints/cifar10/alpha0.5_K5_N10000_cnn_E1_clr0.01_fedopt_sgd_slr1.0_sam_rho0.1_112125_19:29:36.ckpt
--- Round 63 of 10000: Training 5 Clients ---
Selected clients: ['26', '9', '87', '63', '90']
--- Updating central model ---
Checkpoint saved in path: checkpoints/cifar10/alpha0.5_K5_N10000_cnn_E1_clr0.01_fedopt_sgd_slr1.0_sam_rho0.1_112125_19:29:36.ckpt
--- Round 64 of 10000: Training 5 Clients ---
Selected clients: ['6', '76', '57', '60', '93']
--- Updating central model ---
Checkpoint saved in path: checkpoints/cifar10/alpha0.5_K5_N10000_cnn_E1_clr0.01_fedopt_sgd_slr1.0_sam_rho0.1_112125_19:29:36.ckpt
--- Round 65 of 10000: Training 5 Clients ---
Selected clients: ['24', '19', '98', '71', '77']
--- Updating central model ---
Checkpoint saved in path: checkpoints/cifar10/alpha0.5_K5_N10000_cnn_E1_clr0.01_fedopt_sgd_slr1.0_sam_rho0.1_112125_19:29:36.ckpt
--- Round 66 of 10000: Training 5 Clients ---
Selected clients: ['80', '33', '31', '87', '10']
--- Updating central model ---
Checkpoint saved in path: checkpoints/cifar10/alpha0.5_K5_N10000_cnn_E1_clr0.01_fedopt_sgd_slr1.0_sam_rho0.1_112125_19:29:36.ckpt
--- Round 67 of 10000: Training 5 Clients ---
Selected clients: ['55', '10', '63', '61', '39']
--- Updating central model ---
Checkpoint saved in path: checkpoints/cifar10/alpha0.5_K5_N10000_cnn_E1_clr0.01_fedopt_sgd_slr1.0_sam_rho0.1_112125_19:29:36.ckpt
--- Round 68 of 10000: Training 5 Clients ---
Selected clients: ['0', '71', '90', '30', '48']
--- Updating central model ---
Checkpoint saved in path: checkpoints/cifar10/alpha0.5_K5_N10000_cnn_E1_clr0.01_fedopt_sgd_slr1.0_sam_rho0.1_112125_19:29:36.ckpt
--- Round 69 of 10000: Training 5 Clients ---
Selected clients: ['53', '27', '99', '24', '41']
--- Updating central model ---
Checkpoint saved in path: checkpoints/cifar10/alpha0.5_K5_N10000_cnn_E1_clr0.01_fedopt_sgd_slr1.0_sam_rho0.1_112125_19:29:36.ckpt
--- Round 70 of 10000: Training 5 Clients ---
Selected clients: ['39', '67', '9', '21', '12']
--- Updating central model ---
Checkpoint saved in path: checkpoints/cifar10/alpha0.5_K5_N10000_cnn_E1_clr0.01_fedopt_sgd_slr1.0_sam_rho0.1_112125_19:29:36.ckpt
--- Round 71 of 10000: Training 5 Clients ---
Selected clients: ['84', '56', '6', '43', '13']
--- Updating central model ---
Checkpoint saved in path: checkpoints/cifar10/alpha0.5_K5_N10000_cnn_E1_clr0.01_fedopt_sgd_slr1.0_sam_rho0.1_112125_19:29:36.ckpt
--- Round 72 of 10000: Training 5 Clients ---
Selected clients: ['58', '75', '96', '11', '79']
--- Updating central model ---
Checkpoint saved in path: checkpoints/cifar10/alpha0.5_K5_N10000_cnn_E1_clr0.01_fedopt_sgd_slr1.0_sam_rho0.1_112125_19:29:36.ckpt
--- Round 73 of 10000: Training 5 Clients ---
Selected clients: ['77', '61', '88', '85', '25']
--- Updating central model ---
Checkpoint saved in path: checkpoints/cifar10/alpha0.5_K5_N10000_cnn_E1_clr0.01_fedopt_sgd_slr1.0_sam_rho0.1_112125_19:29:36.ckpt
--- Round 74 of 10000: Training 5 Clients ---
Selected clients: ['52', '56', '1', '93', '74']
--- Updating central model ---
Checkpoint saved in path: checkpoints/cifar10/alpha0.5_K5_N10000_cnn_E1_clr0.01_fedopt_sgd_slr1.0_sam_rho0.1_112125_19:29:36.ckpt
--- Round 75 of 10000: Training 5 Clients ---
Selected clients: ['16', '91', '84', '8', '78']
--- Updating central model ---
Checkpoint saved in path: checkpoints/cifar10/alpha0.5_K5_N10000_cnn_E1_clr0.01_fedopt_sgd_slr1.0_sam_rho0.1_112125_19:29:36.ckpt
--- Round 76 of 10000: Training 5 Clients ---
Selected clients: ['79', '84', '99', '22', '15']
--- Updating central model ---
Checkpoint saved in path: checkpoints/cifar10/alpha0.5_K5_N10000_cnn_E1_clr0.01_fedopt_sgd_slr1.0_sam_rho0.1_112125_19:29:36.ckpt
--- Round 77 of 10000: Training 5 Clients ---
Selected clients: ['2', '84', '75', '86', '77']
--- Updating central model ---
Checkpoint saved in path: checkpoints/cifar10/alpha0.5_K5_N10000_cnn_E1_clr0.01_fedopt_sgd_slr1.0_sam_rho0.1_112125_19:29:36.ckpt
--- Round 78 of 10000: Training 5 Clients ---
Selected clients: ['76', '80', '4', '84', '53']
--- Updating central model ---
Checkpoint saved in path: checkpoints/cifar10/alpha0.5_K5_N10000_cnn_E1_clr0.01_fedopt_sgd_slr1.0_sam_rho0.1_112125_19:29:36.ckpt
--- Round 79 of 10000: Training 5 Clients ---
Selected clients: ['49', '35', '48', '2', '70']
--- Updating central model ---
Checkpoint saved in path: checkpoints/cifar10/alpha0.5_K5_N10000_cnn_E1_clr0.01_fedopt_sgd_slr1.0_sam_rho0.1_112125_19:29:36.ckpt
--- Round 80 of 10000: Training 5 Clients ---
Selected clients: ['67', '75', '95', '97', '12']
--- Updating central model ---
Checkpoint saved in path: checkpoints/cifar10/alpha0.5_K5_N10000_cnn_E1_clr0.01_fedopt_sgd_slr1.0_sam_rho0.1_112125_19:29:36.ckpt
--- Round 81 of 10000: Training 5 Clients ---
Selected clients: ['78', '32', '98', '81', '52']
--- Updating central model ---
Checkpoint saved in path: checkpoints/cifar10/alpha0.5_K5_N10000_cnn_E1_clr0.01_fedopt_sgd_slr1.0_sam_rho0.1_112125_19:29:36.ckpt
--- Round 82 of 10000: Training 5 Clients ---
Selected clients: ['63', '41', '89', '75', '6']
--- Updating central model ---
Checkpoint saved in path: checkpoints/cifar10/alpha0.5_K5_N10000_cnn_E1_clr0.01_fedopt_sgd_slr1.0_sam_rho0.1_112125_19:29:36.ckpt
--- Round 83 of 10000: Training 5 Clients ---
Selected clients: ['95', '50', '52', '39', '73']
--- Updating central model ---
Checkpoint saved in path: checkpoints/cifar10/alpha0.5_K5_N10000_cnn_E1_clr0.01_fedopt_sgd_slr1.0_sam_rho0.1_112125_19:29:36.ckpt
--- Round 84 of 10000: Training 5 Clients ---
Selected clients: ['21', '90', '23', '88', '34']
--- Updating central model ---
Checkpoint saved in path: checkpoints/cifar10/alpha0.5_K5_N10000_cnn_E1_clr0.01_fedopt_sgd_slr1.0_sam_rho0.1_112125_19:29:36.ckpt
--- Round 85 of 10000: Training 5 Clients ---
Selected clients: ['51', '83', '12', '9', '26']
--- Updating central model ---
Checkpoint saved in path: checkpoints/cifar10/alpha0.5_K5_N10000_cnn_E1_clr0.01_fedopt_sgd_slr1.0_sam_rho0.1_112125_19:29:36.ckpt
--- Round 86 of 10000: Training 5 Clients ---
Selected clients: ['36', '52', '65', '32', '31']
--- Updating central model ---
Checkpoint saved in path: checkpoints/cifar10/alpha0.5_K5_N10000_cnn_E1_clr0.01_fedopt_sgd_slr1.0_sam_rho0.1_112125_19:29:36.ckpt
--- Round 87 of 10000: Training 5 Clients ---
Selected clients: ['36', '11', '85', '8', '83']
--- Updating central model ---
Checkpoint saved in path: checkpoints/cifar10/alpha0.5_K5_N10000_cnn_E1_clr0.01_fedopt_sgd_slr1.0_sam_rho0.1_112125_19:29:36.ckpt
--- Round 88 of 10000: Training 5 Clients ---
Selected clients: ['52', '47', '70', '79', '24']
--- Updating central model ---
Checkpoint saved in path: checkpoints/cifar10/alpha0.5_K5_N10000_cnn_E1_clr0.01_fedopt_sgd_slr1.0_sam_rho0.1_112125_19:29:36.ckpt
--- Round 89 of 10000: Training 5 Clients ---
Selected clients: ['74', '26', '66', '43', '37']
--- Updating central model ---
Checkpoint saved in path: checkpoints/cifar10/alpha0.5_K5_N10000_cnn_E1_clr0.01_fedopt_sgd_slr1.0_sam_rho0.1_112125_19:29:36.ckpt
--- Round 90 of 10000: Training 5 Clients ---
Selected clients: ['87', '94', '89', '97', '8']
--- Updating central model ---
Checkpoint saved in path: checkpoints/cifar10/alpha0.5_K5_N10000_cnn_E1_clr0.01_fedopt_sgd_slr1.0_sam_rho0.1_112125_19:29:36.ckpt
--- Round 91 of 10000: Training 5 Clients ---
Selected clients: ['23', '86', '43', '15', '73']
--- Updating central model ---
Checkpoint saved in path: checkpoints/cifar10/alpha0.5_K5_N10000_cnn_E1_clr0.01_fedopt_sgd_slr1.0_sam_rho0.1_112125_19:29:36.ckpt
--- Round 92 of 10000: Training 5 Clients ---
Selected clients: ['47', '98', '29', '73', '53']
--- Updating central model ---
Checkpoint saved in path: checkpoints/cifar10/alpha0.5_K5_N10000_cnn_E1_clr0.01_fedopt_sgd_slr1.0_sam_rho0.1_112125_19:29:36.ckpt
--- Round 93 of 10000: Training 5 Clients ---
Selected clients: ['96', '87', '4', '7', '81']
--- Updating central model ---
Checkpoint saved in path: checkpoints/cifar10/alpha0.5_K5_N10000_cnn_E1_clr0.01_fedopt_sgd_slr1.0_sam_rho0.1_112125_19:29:36.ckpt
--- Round 94 of 10000: Training 5 Clients ---
Selected clients: ['63', '80', '24', '56', '52']
--- Updating central model ---
Checkpoint saved in path: checkpoints/cifar10/alpha0.5_K5_N10000_cnn_E1_clr0.01_fedopt_sgd_slr1.0_sam_rho0.1_112125_19:29:36.ckpt
--- Round 95 of 10000: Training 5 Clients ---
Selected clients: ['68', '31', '89', '20', '45']
--- Updating central model ---
Checkpoint saved in path: checkpoints/cifar10/alpha0.5_K5_N10000_cnn_E1_clr0.01_fedopt_sgd_slr1.0_sam_rho0.1_112125_19:29:36.ckpt
--- Round 96 of 10000: Training 5 Clients ---
Selected clients: ['51', '99', '21', '14', '38']
--- Updating central model ---
Checkpoint saved in path: checkpoints/cifar10/alpha0.5_K5_N10000_cnn_E1_clr0.01_fedopt_sgd_slr1.0_sam_rho0.1_112125_19:29:36.ckpt
--- Round 97 of 10000: Training 5 Clients ---
Selected clients: ['10', '34', '83', '62', '43']
--- Updating central model ---
Checkpoint saved in path: checkpoints/cifar10/alpha0.5_K5_N10000_cnn_E1_clr0.01_fedopt_sgd_slr1.0_sam_rho0.1_112125_19:29:36.ckpt
--- Round 98 of 10000: Training 5 Clients ---
Selected clients: ['24', '96', '26', '53', '99']
--- Updating central model ---
Checkpoint saved in path: checkpoints/cifar10/alpha0.5_K5_N10000_cnn_E1_clr0.01_fedopt_sgd_slr1.0_sam_rho0.1_112125_19:29:36.ckpt
--- Round 99 of 10000: Training 5 Clients ---
Selected clients: ['55', '8', '84', '71', '20']
--- Updating central model ---
Checkpoint saved in path: checkpoints/cifar10/alpha0.5_K5_N10000_cnn_E1_clr0.01_fedopt_sgd_slr1.0_sam_rho0.1_112125_19:29:36.ckpt
--- Round 100 of 10000: Training 5 Clients ---
Selected clients: ['42', '58', '91', '46', '10']
--- Updating central model ---
train_accuracy: 10.0543, 10th percentile: 0, 50th percentile: 4.88733, 90th percentile 24.5377
train_loss: 2.30126, 10th percentile: 2.27988, 50th percentile: 2.30249, 90th percentile 2.32141
test_accuracy: 10, 10th percentile: 10, 50th percentile: 10, 90th percentile 10
test_loss: 2.30121, 10th percentile: 2.30121, 50th percentile: 2.30121, 90th percentile 2.30121
Checkpoint saved in path: checkpoints/cifar10/alpha0.5_K5_N10000_cnn_E1_clr0.01_fedopt_sgd_slr1.0_sam_rho0.1_112125_19:29:36.ckpt
--- Round 101 of 10000: Training 5 Clients ---
Selected clients: ['36', '6', '38', '15', '87']
--- Updating central model ---
Checkpoint saved in path: checkpoints/cifar10/alpha0.5_K5_N10000_cnn_E1_clr0.01_fedopt_sgd_slr1.0_sam_rho0.1_112125_19:29:36.ckpt
--- Round 102 of 10000: Training 5 Clients ---
Selected clients: ['92', '52', '61', '76', '9']
--- Updating central model ---
Checkpoint saved in path: checkpoints/cifar10/alpha0.5_K5_N10000_cnn_E1_clr0.01_fedopt_sgd_slr1.0_sam_rho0.1_112125_19:29:36.ckpt
--- Round 103 of 10000: Training 5 Clients ---
Selected clients: ['28', '78', '68', '65', '59']
--- Updating central model ---
Checkpoint saved in path: checkpoints/cifar10/alpha0.5_K5_N10000_cnn_E1_clr0.01_fedopt_sgd_slr1.0_sam_rho0.1_112125_19:29:36.ckpt
--- Round 104 of 10000: Training 5 Clients ---
Selected clients: ['69', '11', '19', '42', '97']
--- Updating central model ---
Checkpoint saved in path: checkpoints/cifar10/alpha0.5_K5_N10000_cnn_E1_clr0.01_fedopt_sgd_slr1.0_sam_rho0.1_112125_19:29:36.ckpt
--- Round 105 of 10000: Training 5 Clients ---
Selected clients: ['35', '13', '94', '41', '63']
--- Updating central model ---
Checkpoint saved in path: checkpoints/cifar10/alpha0.5_K5_N10000_cnn_E1_clr0.01_fedopt_sgd_slr1.0_sam_rho0.1_112125_19:29:36.ckpt
--- Round 106 of 10000: Training 5 Clients ---
Selected clients: ['23', '55', '37', '98', '17']
--- Updating central model ---
Checkpoint saved in path: checkpoints/cifar10/alpha0.5_K5_N10000_cnn_E1_clr0.01_fedopt_sgd_slr1.0_sam_rho0.1_112125_19:29:36.ckpt
--- Round 107 of 10000: Training 5 Clients ---
Selected clients: ['31', '28', '41', '63', '22']
--- Updating central model ---
Checkpoint saved in path: checkpoints/cifar10/alpha0.5_K5_N10000_cnn_E1_clr0.01_fedopt_sgd_slr1.0_sam_rho0.1_112125_19:29:36.ckpt
--- Round 108 of 10000: Training 5 Clients ---
Selected clients: ['42', '12', '17', '20', '26']
--- Updating central model ---
Checkpoint saved in path: checkpoints/cifar10/alpha0.5_K5_N10000_cnn_E1_clr0.01_fedopt_sgd_slr1.0_sam_rho0.1_112125_19:29:36.ckpt
--- Round 109 of 10000: Training 5 Clients ---
Selected clients: ['58', '80', '92', '22', '87']
--- Updating central model ---
Checkpoint saved in path: checkpoints/cifar10/alpha0.5_K5_N10000_cnn_E1_clr0.01_fedopt_sgd_slr1.0_sam_rho0.1_112125_19:29:36.ckpt
--- Round 110 of 10000: Training 5 Clients ---
Selected clients: ['40', '79', '14', '20', '93']
--- Updating central model ---
Checkpoint saved in path: checkpoints/cifar10/alpha0.5_K5_N10000_cnn_E1_clr0.01_fedopt_sgd_slr1.0_sam_rho0.1_112125_19:29:36.ckpt
--- Round 111 of 10000: Training 5 Clients ---
Selected clients: ['20', '82', '1', '84', '63']
--- Updating central model ---
Checkpoint saved in path: checkpoints/cifar10/alpha0.5_K5_N10000_cnn_E1_clr0.01_fedopt_sgd_slr1.0_sam_rho0.1_112125_19:29:36.ckpt
--- Round 112 of 10000: Training 5 Clients ---
Selected clients: ['29', '93', '77', '75', '50']
--- Updating central model ---
Checkpoint saved in path: checkpoints/cifar10/alpha0.5_K5_N10000_cnn_E1_clr0.01_fedopt_sgd_slr1.0_sam_rho0.1_112125_19:29:36.ckpt
--- Round 113 of 10000: Training 5 Clients ---
Selected clients: ['9', '87', '13', '96', '72']
--- Updating central model ---
Checkpoint saved in path: checkpoints/cifar10/alpha0.5_K5_N10000_cnn_E1_clr0.01_fedopt_sgd_slr1.0_sam_rho0.1_112125_19:29:36.ckpt
--- Round 114 of 10000: Training 5 Clients ---
Selected clients: ['51', '12', '83', '15', '62']
--- Updating central model ---
Checkpoint saved in path: checkpoints/cifar10/alpha0.5_K5_N10000_cnn_E1_clr0.01_fedopt_sgd_slr1.0_sam_rho0.1_112125_19:29:36.ckpt
--- Round 115 of 10000: Training 5 Clients ---
Selected clients: ['26', '67', '75', '24', '31']
--- Updating central model ---
Checkpoint saved in path: checkpoints/cifar10/alpha0.5_K5_N10000_cnn_E1_clr0.01_fedopt_sgd_slr1.0_sam_rho0.1_112125_19:29:36.ckpt
--- Round 116 of 10000: Training 5 Clients ---
Selected clients: ['34', '44', '26', '25', '99']
--- Updating central model ---
Checkpoint saved in path: checkpoints/cifar10/alpha0.5_K5_N10000_cnn_E1_clr0.01_fedopt_sgd_slr1.0_sam_rho0.1_112125_19:29:36.ckpt
--- Round 117 of 10000: Training 5 Clients ---
Selected clients: ['99', '63', '85', '98', '89']
--- Updating central model ---
Checkpoint saved in path: checkpoints/cifar10/alpha0.5_K5_N10000_cnn_E1_clr0.01_fedopt_sgd_slr1.0_sam_rho0.1_112125_19:29:36.ckpt
--- Round 118 of 10000: Training 5 Clients ---
Selected clients: ['27', '26', '63', '78', '9']
--- Updating central model ---
Checkpoint saved in path: checkpoints/cifar10/alpha0.5_K5_N10000_cnn_E1_clr0.01_fedopt_sgd_slr1.0_sam_rho0.1_112125_19:29:36.ckpt
--- Round 119 of 10000: Training 5 Clients ---
Selected clients: ['60', '63', '73', '90', '57']
--- Updating central model ---
Checkpoint saved in path: checkpoints/cifar10/alpha0.5_K5_N10000_cnn_E1_clr0.01_fedopt_sgd_slr1.0_sam_rho0.1_112125_19:29:36.ckpt
--- Round 120 of 10000: Training 5 Clients ---
Selected clients: ['30', '3', '25', '84', '23']
--- Updating central model ---
Checkpoint saved in path: checkpoints/cifar10/alpha0.5_K5_N10000_cnn_E1_clr0.01_fedopt_sgd_slr1.0_sam_rho0.1_112125_19:29:36.ckpt
--- Round 121 of 10000: Training 5 Clients ---
Selected clients: ['17', '50', '97', '56', '95']
--- Updating central model ---
Checkpoint saved in path: checkpoints/cifar10/alpha0.5_K5_N10000_cnn_E1_clr0.01_fedopt_sgd_slr1.0_sam_rho0.1_112125_19:29:36.ckpt
--- Round 122 of 10000: Training 5 Clients ---
Selected clients: ['57', '62', '42', '67', '11']
--- Updating central model ---
Checkpoint saved in path: checkpoints/cifar10/alpha0.5_K5_N10000_cnn_E1_clr0.01_fedopt_sgd_slr1.0_sam_rho0.1_112125_19:29:36.ckpt
--- Round 123 of 10000: Training 5 Clients ---
Selected clients: ['62', '95', '39', '2', '78']
--- Updating central model ---
Checkpoint saved in path: checkpoints/cifar10/alpha0.5_K5_N10000_cnn_E1_clr0.01_fedopt_sgd_slr1.0_sam_rho0.1_112125_19:29:36.ckpt
--- Round 124 of 10000: Training 5 Clients ---
Selected clients: ['75', '67', '10', '64', '18']
--- Updating central model ---
Checkpoint saved in path: checkpoints/cifar10/alpha0.5_K5_N10000_cnn_E1_clr0.01_fedopt_sgd_slr1.0_sam_rho0.1_112125_19:29:36.ckpt
--- Round 125 of 10000: Training 5 Clients ---
Selected clients: ['56', '19', '0', '24', '38']
--- Updating central model ---
Checkpoint saved in path: checkpoints/cifar10/alpha0.5_K5_N10000_cnn_E1_clr0.01_fedopt_sgd_slr1.0_sam_rho0.1_112125_19:29:36.ckpt
--- Round 126 of 10000: Training 5 Clients ---
Selected clients: ['90', '22', '86', '7', '99']
--- Updating central model ---
Checkpoint saved in path: checkpoints/cifar10/alpha0.5_K5_N10000_cnn_E1_clr0.01_fedopt_sgd_slr1.0_sam_rho0.1_112125_19:29:36.ckpt
--- Round 127 of 10000: Training 5 Clients ---
Selected clients: ['85', '19', '40', '90', '78']
--- Updating central model ---
Checkpoint saved in path: checkpoints/cifar10/alpha0.5_K5_N10000_cnn_E1_clr0.01_fedopt_sgd_slr1.0_sam_rho0.1_112125_19:29:36.ckpt
--- Round 128 of 10000: Training 5 Clients ---
Selected clients: ['90', '38', '78', '12', '35']
--- Updating central model ---
Checkpoint saved in path: checkpoints/cifar10/alpha0.5_K5_N10000_cnn_E1_clr0.01_fedopt_sgd_slr1.0_sam_rho0.1_112125_19:29:36.ckpt
--- Round 129 of 10000: Training 5 Clients ---
Selected clients: ['57', '91', '58', '28', '72']
--- Updating central model ---
Checkpoint saved in path: checkpoints/cifar10/alpha0.5_K5_N10000_cnn_E1_clr0.01_fedopt_sgd_slr1.0_sam_rho0.1_112125_19:29:36.ckpt
--- Round 130 of 10000: Training 5 Clients ---
Selected clients: ['14', '88', '4', '91', '20']
--- Updating central model ---
Checkpoint saved in path: checkpoints/cifar10/alpha0.5_K5_N10000_cnn_E1_clr0.01_fedopt_sgd_slr1.0_sam_rho0.1_112125_19:29:36.ckpt
--- Round 131 of 10000: Training 5 Clients ---
Selected clients: ['27', '80', '31', '75', '40']
--- Updating central model ---
Checkpoint saved in path: checkpoints/cifar10/alpha0.5_K5_N10000_cnn_E1_clr0.01_fedopt_sgd_slr1.0_sam_rho0.1_112125_19:29:36.ckpt
--- Round 132 of 10000: Training 5 Clients ---
Selected clients: ['57', '77', '71', '9', '5']
--- Updating central model ---
Checkpoint saved in path: checkpoints/cifar10/alpha0.5_K5_N10000_cnn_E1_clr0.01_fedopt_sgd_slr1.0_sam_rho0.1_112125_19:29:36.ckpt
--- Round 133 of 10000: Training 5 Clients ---
Selected clients: ['72', '70', '77', '66', '75']
--- Updating central model ---
Checkpoint saved in path: checkpoints/cifar10/alpha0.5_K5_N10000_cnn_E1_clr0.01_fedopt_sgd_slr1.0_sam_rho0.1_112125_19:29:36.ckpt
--- Round 134 of 10000: Training 5 Clients ---
Selected clients: ['80', '42', '37', '93', '41']
--- Updating central model ---
Checkpoint saved in path: checkpoints/cifar10/alpha0.5_K5_N10000_cnn_E1_clr0.01_fedopt_sgd_slr1.0_sam_rho0.1_112125_19:29:36.ckpt
--- Round 135 of 10000: Training 5 Clients ---
Selected clients: ['81', '83', '10', '1', '93']
--- Updating central model ---
Checkpoint saved in path: checkpoints/cifar10/alpha0.5_K5_N10000_cnn_E1_clr0.01_fedopt_sgd_slr1.0_sam_rho0.1_112125_19:29:36.ckpt
--- Round 136 of 10000: Training 5 Clients ---
Selected clients: ['43', '33', '73', '81', '7']
--- Updating central model ---
Checkpoint saved in path: checkpoints/cifar10/alpha0.5_K5_N10000_cnn_E1_clr0.01_fedopt_sgd_slr1.0_sam_rho0.1_112125_19:29:36.ckpt
--- Round 137 of 10000: Training 5 Clients ---
Selected clients: ['64', '2', '73', '20', '82']
--- Updating central model ---
Checkpoint saved in path: checkpoints/cifar10/alpha0.5_K5_N10000_cnn_E1_clr0.01_fedopt_sgd_slr1.0_sam_rho0.1_112125_19:29:36.ckpt
--- Round 138 of 10000: Training 5 Clients ---
Selected clients: ['86', '80', '51', '87', '45']
--- Updating central model ---
Checkpoint saved in path: checkpoints/cifar10/alpha0.5_K5_N10000_cnn_E1_clr0.01_fedopt_sgd_slr1.0_sam_rho0.1_112125_19:29:36.ckpt
--- Round 139 of 10000: Training 5 Clients ---
Selected clients: ['57', '10', '15', '48', '55']
--- Updating central model ---
Checkpoint saved in path: checkpoints/cifar10/alpha0.5_K5_N10000_cnn_E1_clr0.01_fedopt_sgd_slr1.0_sam_rho0.1_112125_19:29:36.ckpt
--- Round 140 of 10000: Training 5 Clients ---
Selected clients: ['26', '31', '42', '62', '4']
--- Updating central model ---
Checkpoint saved in path: checkpoints/cifar10/alpha0.5_K5_N10000_cnn_E1_clr0.01_fedopt_sgd_slr1.0_sam_rho0.1_112125_19:29:36.ckpt
--- Round 141 of 10000: Training 5 Clients ---
Selected clients: ['11', '29', '46', '90', '32']
--- Updating central model ---
Checkpoint saved in path: checkpoints/cifar10/alpha0.5_K5_N10000_cnn_E1_clr0.01_fedopt_sgd_slr1.0_sam_rho0.1_112125_19:29:36.ckpt
--- Round 142 of 10000: Training 5 Clients ---
Selected clients: ['52', '56', '84', '22', '86']
--- Updating central model ---
Checkpoint saved in path: checkpoints/cifar10/alpha0.5_K5_N10000_cnn_E1_clr0.01_fedopt_sgd_slr1.0_sam_rho0.1_112125_19:29:36.ckpt
--- Round 143 of 10000: Training 5 Clients ---
Selected clients: ['41', '85', '71', '64', '60']
--- Updating central model ---
Checkpoint saved in path: checkpoints/cifar10/alpha0.5_K5_N10000_cnn_E1_clr0.01_fedopt_sgd_slr1.0_sam_rho0.1_112125_19:29:36.ckpt
--- Round 144 of 10000: Training 5 Clients ---
Selected clients: ['23', '72', '9', '68', '51']
--- Updating central model ---
Checkpoint saved in path: checkpoints/cifar10/alpha0.5_K5_N10000_cnn_E1_clr0.01_fedopt_sgd_slr1.0_sam_rho0.1_112125_19:29:36.ckpt
--- Round 145 of 10000: Training 5 Clients ---
Selected clients: ['85', '89', '57', '38', '42']
--- Updating central model ---
Checkpoint saved in path: checkpoints/cifar10/alpha0.5_K5_N10000_cnn_E1_clr0.01_fedopt_sgd_slr1.0_sam_rho0.1_112125_19:29:36.ckpt
--- Round 146 of 10000: Training 5 Clients ---
Selected clients: ['36', '58', '16', '17', '26']
--- Updating central model ---
Checkpoint saved in path: checkpoints/cifar10/alpha0.5_K5_N10000_cnn_E1_clr0.01_fedopt_sgd_slr1.0_sam_rho0.1_112125_19:29:36.ckpt
--- Round 147 of 10000: Training 5 Clients ---
Selected clients: ['20', '67', '0', '23', '7']
--- Updating central model ---
Checkpoint saved in path: checkpoints/cifar10/alpha0.5_K5_N10000_cnn_E1_clr0.01_fedopt_sgd_slr1.0_sam_rho0.1_112125_19:29:36.ckpt
--- Round 148 of 10000: Training 5 Clients ---
Selected clients: ['23', '71', '85', '9', '73']
--- Updating central model ---
Checkpoint saved in path: checkpoints/cifar10/alpha0.5_K5_N10000_cnn_E1_clr0.01_fedopt_sgd_slr1.0_sam_rho0.1_112125_19:29:36.ckpt
--- Round 149 of 10000: Training 5 Clients ---
Selected clients: ['12', '7', '17', '80', '28']
--- Updating central model ---
Checkpoint saved in path: checkpoints/cifar10/alpha0.5_K5_N10000_cnn_E1_clr0.01_fedopt_sgd_slr1.0_sam_rho0.1_112125_19:29:36.ckpt
--- Round 150 of 10000: Training 5 Clients ---
Selected clients: ['25', '98', '20', '9', '47']
--- Updating central model ---
Checkpoint saved in path: checkpoints/cifar10/alpha0.5_K5_N10000_cnn_E1_clr0.01_fedopt_sgd_slr1.0_sam_rho0.1_112125_19:29:36.ckpt
--- Round 151 of 10000: Training 5 Clients ---
Selected clients: ['50', '38', '98', '71', '14']
--- Updating central model ---
Checkpoint saved in path: checkpoints/cifar10/alpha0.5_K5_N10000_cnn_E1_clr0.01_fedopt_sgd_slr1.0_sam_rho0.1_112125_19:29:36.ckpt
--- Round 152 of 10000: Training 5 Clients ---
Selected clients: ['54', '97', '1', '93', '11']
--- Updating central model ---
Checkpoint saved in path: checkpoints/cifar10/alpha0.5_K5_N10000_cnn_E1_clr0.01_fedopt_sgd_slr1.0_sam_rho0.1_112125_19:29:36.ckpt
--- Round 153 of 10000: Training 5 Clients ---
Selected clients: ['88', '45', '50', '9', '11']
--- Updating central model ---
Checkpoint saved in path: checkpoints/cifar10/alpha0.5_K5_N10000_cnn_E1_clr0.01_fedopt_sgd_slr1.0_sam_rho0.1_112125_19:29:36.ckpt
--- Round 154 of 10000: Training 5 Clients ---
Selected clients: ['72', '8', '25', '0', '37']
--- Updating central model ---
Checkpoint saved in path: checkpoints/cifar10/alpha0.5_K5_N10000_cnn_E1_clr0.01_fedopt_sgd_slr1.0_sam_rho0.1_112125_19:29:36.ckpt
--- Round 155 of 10000: Training 5 Clients ---
Selected clients: ['40', '73', '51', '76', '39']
--- Updating central model ---
Checkpoint saved in path: checkpoints/cifar10/alpha0.5_K5_N10000_cnn_E1_clr0.01_fedopt_sgd_slr1.0_sam_rho0.1_112125_19:29:36.ckpt
--- Round 156 of 10000: Training 5 Clients ---
Selected clients: ['60', '6', '14', '42', '34']
--- Updating central model ---
Checkpoint saved in path: checkpoints/cifar10/alpha0.5_K5_N10000_cnn_E1_clr0.01_fedopt_sgd_slr1.0_sam_rho0.1_112125_19:29:36.ckpt
--- Round 157 of 10000: Training 5 Clients ---
Selected clients: ['90', '4', '84', '43', '94']
--- Updating central model ---
Checkpoint saved in path: checkpoints/cifar10/alpha0.5_K5_N10000_cnn_E1_clr0.01_fedopt_sgd_slr1.0_sam_rho0.1_112125_19:29:36.ckpt
--- Round 158 of 10000: Training 5 Clients ---
Selected clients: ['71', '80', '78', '36', '8']
--- Updating central model ---
Checkpoint saved in path: checkpoints/cifar10/alpha0.5_K5_N10000_cnn_E1_clr0.01_fedopt_sgd_slr1.0_sam_rho0.1_112125_19:29:36.ckpt
--- Round 159 of 10000: Training 5 Clients ---
Selected clients: ['36', '10', '41', '12', '23']
--- Updating central model ---
Checkpoint saved in path: checkpoints/cifar10/alpha0.5_K5_N10000_cnn_E1_clr0.01_fedopt_sgd_slr1.0_sam_rho0.1_112125_19:29:36.ckpt
--- Round 160 of 10000: Training 5 Clients ---
Selected clients: ['3', '24', '61', '0', '97']
--- Updating central model ---
Checkpoint saved in path: checkpoints/cifar10/alpha0.5_K5_N10000_cnn_E1_clr0.01_fedopt_sgd_slr1.0_sam_rho0.1_112125_19:29:36.ckpt
--- Round 161 of 10000: Training 5 Clients ---
Selected clients: ['85', '72', '64', '91', '61']
--- Updating central model ---
Checkpoint saved in path: checkpoints/cifar10/alpha0.5_K5_N10000_cnn_E1_clr0.01_fedopt_sgd_slr1.0_sam_rho0.1_112125_19:29:36.ckpt
--- Round 162 of 10000: Training 5 Clients ---
Selected clients: ['90', '9', '60', '14', '79']
--- Updating central model ---
Checkpoint saved in path: checkpoints/cifar10/alpha0.5_K5_N10000_cnn_E1_clr0.01_fedopt_sgd_slr1.0_sam_rho0.1_112125_19:29:36.ckpt
--- Round 163 of 10000: Training 5 Clients ---
Selected clients: ['47', '39', '49', '94', '17']
--- Updating central model ---
Checkpoint saved in path: checkpoints/cifar10/alpha0.5_K5_N10000_cnn_E1_clr0.01_fedopt_sgd_slr1.0_sam_rho0.1_112125_19:29:36.ckpt
--- Round 164 of 10000: Training 5 Clients ---
Selected clients: ['41', '92', '34', '51', '68']
--- Updating central model ---
Checkpoint saved in path: checkpoints/cifar10/alpha0.5_K5_N10000_cnn_E1_clr0.01_fedopt_sgd_slr1.0_sam_rho0.1_112125_19:29:36.ckpt
--- Round 165 of 10000: Training 5 Clients ---
Selected clients: ['17', '39', '71', '2', '49']
--- Updating central model ---
Checkpoint saved in path: checkpoints/cifar10/alpha0.5_K5_N10000_cnn_E1_clr0.01_fedopt_sgd_slr1.0_sam_rho0.1_112125_19:29:36.ckpt
--- Round 166 of 10000: Training 5 Clients ---
Selected clients: ['8', '12', '81', '43', '17']
--- Updating central model ---
Checkpoint saved in path: checkpoints/cifar10/alpha0.5_K5_N10000_cnn_E1_clr0.01_fedopt_sgd_slr1.0_sam_rho0.1_112125_19:29:36.ckpt
--- Round 167 of 10000: Training 5 Clients ---
Selected clients: ['76', '68', '53', '5', '0']
--- Updating central model ---
Checkpoint saved in path: checkpoints/cifar10/alpha0.5_K5_N10000_cnn_E1_clr0.01_fedopt_sgd_slr1.0_sam_rho0.1_112125_19:29:36.ckpt
--- Round 168 of 10000: Training 5 Clients ---
Selected clients: ['32', '72', '27', '95', '96']
--- Updating central model ---
Checkpoint saved in path: checkpoints/cifar10/alpha0.5_K5_N10000_cnn_E1_clr0.01_fedopt_sgd_slr1.0_sam_rho0.1_112125_19:29:36.ckpt
--- Round 169 of 10000: Training 5 Clients ---
Selected clients: ['20', '80', '44', '76', '70']
--- Updating central model ---
Checkpoint saved in path: checkpoints/cifar10/alpha0.5_K5_N10000_cnn_E1_clr0.01_fedopt_sgd_slr1.0_sam_rho0.1_112125_19:29:36.ckpt
--- Round 170 of 10000: Training 5 Clients ---
Selected clients: ['50', '6', '10', '16', '59']
--- Updating central model ---
Checkpoint saved in path: checkpoints/cifar10/alpha0.5_K5_N10000_cnn_E1_clr0.01_fedopt_sgd_slr1.0_sam_rho0.1_112125_19:29:36.ckpt
--- Round 171 of 10000: Training 5 Clients ---
Selected clients: ['44', '85', '59', '2', '47']
--- Updating central model ---
Checkpoint saved in path: checkpoints/cifar10/alpha0.5_K5_N10000_cnn_E1_clr0.01_fedopt_sgd_slr1.0_sam_rho0.1_112125_19:29:36.ckpt
--- Round 172 of 10000: Training 5 Clients ---
Selected clients: ['24', '46', '12', '45', '82']
--- Updating central model ---
Checkpoint saved in path: checkpoints/cifar10/alpha0.5_K5_N10000_cnn_E1_clr0.01_fedopt_sgd_slr1.0_sam_rho0.1_112125_19:29:36.ckpt
--- Round 173 of 10000: Training 5 Clients ---
Selected clients: ['32', '31', '33', '51', '39']
--- Updating central model ---
Checkpoint saved in path: checkpoints/cifar10/alpha0.5_K5_N10000_cnn_E1_clr0.01_fedopt_sgd_slr1.0_sam_rho0.1_112125_19:29:36.ckpt
--- Round 174 of 10000: Training 5 Clients ---
Selected clients: ['5', '89', '42', '47', '83']
--- Updating central model ---
Checkpoint saved in path: checkpoints/cifar10/alpha0.5_K5_N10000_cnn_E1_clr0.01_fedopt_sgd_slr1.0_sam_rho0.1_112125_19:29:36.ckpt
--- Round 175 of 10000: Training 5 Clients ---
Selected clients: ['19', '2', '92', '32', '77']
--- Updating central model ---
Checkpoint saved in path: checkpoints/cifar10/alpha0.5_K5_N10000_cnn_E1_clr0.01_fedopt_sgd_slr1.0_sam_rho0.1_112125_19:29:36.ckpt
--- Round 176 of 10000: Training 5 Clients ---
Selected clients: ['86', '9', '95', '85', '81']
--- Updating central model ---
Checkpoint saved in path: checkpoints/cifar10/alpha0.5_K5_N10000_cnn_E1_clr0.01_fedopt_sgd_slr1.0_sam_rho0.1_112125_19:29:36.ckpt
--- Round 177 of 10000: Training 5 Clients ---
Selected clients: ['22', '61', '65', '0', '7']
--- Updating central model ---
Checkpoint saved in path: checkpoints/cifar10/alpha0.5_K5_N10000_cnn_E1_clr0.01_fedopt_sgd_slr1.0_sam_rho0.1_112125_19:29:36.ckpt
--- Round 178 of 10000: Training 5 Clients ---
Selected clients: ['35', '68', '82', '59', '22']
--- Updating central model ---
Checkpoint saved in path: checkpoints/cifar10/alpha0.5_K5_N10000_cnn_E1_clr0.01_fedopt_sgd_slr1.0_sam_rho0.1_112125_19:29:36.ckpt
--- Round 179 of 10000: Training 5 Clients ---
Selected clients: ['78', '26', '73', '51', '15']
--- Updating central model ---
Checkpoint saved in path: checkpoints/cifar10/alpha0.5_K5_N10000_cnn_E1_clr0.01_fedopt_sgd_slr1.0_sam_rho0.1_112125_19:29:36.ckpt
--- Round 180 of 10000: Training 5 Clients ---
Selected clients: ['28', '56', '17', '72', '75']
--- Updating central model ---
Checkpoint saved in path: checkpoints/cifar10/alpha0.5_K5_N10000_cnn_E1_clr0.01_fedopt_sgd_slr1.0_sam_rho0.1_112125_19:29:36.ckpt
--- Round 181 of 10000: Training 5 Clients ---
Selected clients: ['43', '82', '58', '27', '50']
--- Updating central model ---
Checkpoint saved in path: checkpoints/cifar10/alpha0.5_K5_N10000_cnn_E1_clr0.01_fedopt_sgd_slr1.0_sam_rho0.1_112125_19:29:36.ckpt
--- Round 182 of 10000: Training 5 Clients ---
Selected clients: ['42', '79', '36', '46', '8']
--- Updating central model ---
Checkpoint saved in path: checkpoints/cifar10/alpha0.5_K5_N10000_cnn_E1_clr0.01_fedopt_sgd_slr1.0_sam_rho0.1_112125_19:29:36.ckpt
--- Round 183 of 10000: Training 5 Clients ---
Selected clients: ['46', '95', '88', '6', '66']
--- Updating central model ---
Checkpoint saved in path: checkpoints/cifar10/alpha0.5_K5_N10000_cnn_E1_clr0.01_fedopt_sgd_slr1.0_sam_rho0.1_112125_19:29:36.ckpt
--- Round 184 of 10000: Training 5 Clients ---
Selected clients: ['48', '40', '85', '12', '25']
--- Updating central model ---
Checkpoint saved in path: checkpoints/cifar10/alpha0.5_K5_N10000_cnn_E1_clr0.01_fedopt_sgd_slr1.0_sam_rho0.1_112125_19:29:36.ckpt
--- Round 185 of 10000: Training 5 Clients ---
Selected clients: ['74', '15', '33', '14', '77']
--- Updating central model ---
Checkpoint saved in path: checkpoints/cifar10/alpha0.5_K5_N10000_cnn_E1_clr0.01_fedopt_sgd_slr1.0_sam_rho0.1_112125_19:29:36.ckpt
--- Round 186 of 10000: Training 5 Clients ---
Selected clients: ['93', '58', '91', '70', '36']
--- Updating central model ---
Checkpoint saved in path: checkpoints/cifar10/alpha0.5_K5_N10000_cnn_E1_clr0.01_fedopt_sgd_slr1.0_sam_rho0.1_112125_19:29:36.ckpt
--- Round 187 of 10000: Training 5 Clients ---
Selected clients: ['47', '44', '85', '15', '96']
--- Updating central model ---
Checkpoint saved in path: checkpoints/cifar10/alpha0.5_K5_N10000_cnn_E1_clr0.01_fedopt_sgd_slr1.0_sam_rho0.1_112125_19:29:36.ckpt
--- Round 188 of 10000: Training 5 Clients ---
Selected clients: ['21', '51', '16', '89', '77']
--- Updating central model ---
Checkpoint saved in path: checkpoints/cifar10/alpha0.5_K5_N10000_cnn_E1_clr0.01_fedopt_sgd_slr1.0_sam_rho0.1_112125_19:29:36.ckpt
--- Round 189 of 10000: Training 5 Clients ---
Selected clients: ['91', '96', '71', '8', '10']
--- Updating central model ---
Checkpoint saved in path: checkpoints/cifar10/alpha0.5_K5_N10000_cnn_E1_clr0.01_fedopt_sgd_slr1.0_sam_rho0.1_112125_19:29:36.ckpt
--- Round 190 of 10000: Training 5 Clients ---
Selected clients: ['36', '82', '13', '4', '79']
--- Updating central model ---
Checkpoint saved in path: checkpoints/cifar10/alpha0.5_K5_N10000_cnn_E1_clr0.01_fedopt_sgd_slr1.0_sam_rho0.1_112125_19:29:36.ckpt
--- Round 191 of 10000: Training 5 Clients ---
Selected clients: ['61', '33', '62', '22', '23']
--- Updating central model ---
Checkpoint saved in path: checkpoints/cifar10/alpha0.5_K5_N10000_cnn_E1_clr0.01_fedopt_sgd_slr1.0_sam_rho0.1_112125_19:29:36.ckpt
--- Round 192 of 10000: Training 5 Clients ---
Selected clients: ['23', '5', '63', '57', '72']
--- Updating central model ---
Checkpoint saved in path: checkpoints/cifar10/alpha0.5_K5_N10000_cnn_E1_clr0.01_fedopt_sgd_slr1.0_sam_rho0.1_112125_19:29:36.ckpt
--- Round 193 of 10000: Training 5 Clients ---
Selected clients: ['57', '8', '11', '76', '34']
--- Updating central model ---
Checkpoint saved in path: checkpoints/cifar10/alpha0.5_K5_N10000_cnn_E1_clr0.01_fedopt_sgd_slr1.0_sam_rho0.1_112125_19:29:36.ckpt
--- Round 194 of 10000: Training 5 Clients ---
Selected clients: ['74', '36', '90', '94', '76']
--- Updating central model ---
Checkpoint saved in path: checkpoints/cifar10/alpha0.5_K5_N10000_cnn_E1_clr0.01_fedopt_sgd_slr1.0_sam_rho0.1_112125_19:29:36.ckpt
--- Round 195 of 10000: Training 5 Clients ---
Selected clients: ['46', '93', '89', '10', '0']
--- Updating central model ---
Checkpoint saved in path: checkpoints/cifar10/alpha0.5_K5_N10000_cnn_E1_clr0.01_fedopt_sgd_slr1.0_sam_rho0.1_112125_19:29:36.ckpt
--- Round 196 of 10000: Training 5 Clients ---
Selected clients: ['29', '65', '66', '35', '22']
--- Updating central model ---
Checkpoint saved in path: checkpoints/cifar10/alpha0.5_K5_N10000_cnn_E1_clr0.01_fedopt_sgd_slr1.0_sam_rho0.1_112125_19:29:36.ckpt
--- Round 197 of 10000: Training 5 Clients ---
Selected clients: ['40', '88', '69', '34', '28']
--- Updating central model ---
Checkpoint saved in path: checkpoints/cifar10/alpha0.5_K5_N10000_cnn_E1_clr0.01_fedopt_sgd_slr1.0_sam_rho0.1_112125_19:29:36.ckpt
--- Round 198 of 10000: Training 5 Clients ---
Selected clients: ['45', '94', '52', '87', '32']
--- Updating central model ---
Checkpoint saved in path: checkpoints/cifar10/alpha0.5_K5_N10000_cnn_E1_clr0.01_fedopt_sgd_slr1.0_sam_rho0.1_112125_19:29:36.ckpt
--- Round 199 of 10000: Training 5 Clients ---
Selected clients: ['56', '74', '10', '85', '60']
--- Updating central model ---
Checkpoint saved in path: checkpoints/cifar10/alpha0.5_K5_N10000_cnn_E1_clr0.01_fedopt_sgd_slr1.0_sam_rho0.1_112125_19:29:36.ckpt
--- Round 200 of 10000: Training 5 Clients ---
Selected clients: ['9', '45', '23', '68', '26']
--- Updating central model ---
train_accuracy: 10.0543, 10th percentile: 0, 50th percentile: 4.88733, 90th percentile 24.5377
train_loss: 2.29808, 10th percentile: 2.27525, 50th percentile: 2.30095, 90th percentile 2.32117
test_accuracy: 10, 10th percentile: 10, 50th percentile: 10, 90th percentile 10
test_loss: 2.29789, 10th percentile: 2.29789, 50th percentile: 2.29789, 90th percentile 2.29789
Checkpoint saved in path: checkpoints/cifar10/alpha0.5_K5_N10000_cnn_E1_clr0.01_fedopt_sgd_slr1.0_sam_rho0.1_112125_19:29:36.ckpt
--- Round 201 of 10000: Training 5 Clients ---
Selected clients: ['48', '51', '89', '30', '2']
--- Updating central model ---
Checkpoint saved in path: checkpoints/cifar10/alpha0.5_K5_N10000_cnn_E1_clr0.01_fedopt_sgd_slr1.0_sam_rho0.1_112125_19:29:36.ckpt
--- Round 202 of 10000: Training 5 Clients ---
Selected clients: ['30', '17', '27', '80', '53']
--- Updating central model ---
Checkpoint saved in path: checkpoints/cifar10/alpha0.5_K5_N10000_cnn_E1_clr0.01_fedopt_sgd_slr1.0_sam_rho0.1_112125_19:29:36.ckpt
--- Round 203 of 10000: Training 5 Clients ---
Selected clients: ['79', '99', '42', '2', '48']
--- Updating central model ---
Checkpoint saved in path: checkpoints/cifar10/alpha0.5_K5_N10000_cnn_E1_clr0.01_fedopt_sgd_slr1.0_sam_rho0.1_112125_19:29:36.ckpt
--- Round 204 of 10000: Training 5 Clients ---
Selected clients: ['14', '97', '4', '98', '27']
--- Updating central model ---
Checkpoint saved in path: checkpoints/cifar10/alpha0.5_K5_N10000_cnn_E1_clr0.01_fedopt_sgd_slr1.0_sam_rho0.1_112125_19:29:36.ckpt
--- Round 205 of 10000: Training 5 Clients ---
Selected clients: ['96', '72', '28', '86', '64']
--- Updating central model ---
Checkpoint saved in path: checkpoints/cifar10/alpha0.5_K5_N10000_cnn_E1_clr0.01_fedopt_sgd_slr1.0_sam_rho0.1_112125_19:29:36.ckpt
--- Round 206 of 10000: Training 5 Clients ---
Selected clients: ['95', '33', '22', '17', '78']
--- Updating central model ---
Checkpoint saved in path: checkpoints/cifar10/alpha0.5_K5_N10000_cnn_E1_clr0.01_fedopt_sgd_slr1.0_sam_rho0.1_112125_19:29:36.ckpt
--- Round 207 of 10000: Training 5 Clients ---
Selected clients: ['73', '1', '99', '51', '29']
--- Updating central model ---
Checkpoint saved in path: checkpoints/cifar10/alpha0.5_K5_N10000_cnn_E1_clr0.01_fedopt_sgd_slr1.0_sam_rho0.1_112125_19:29:36.ckpt
--- Round 208 of 10000: Training 5 Clients ---
Selected clients: ['93', '82', '29', '33', '0']
--- Updating central model ---
Checkpoint saved in path: checkpoints/cifar10/alpha0.5_K5_N10000_cnn_E1_clr0.01_fedopt_sgd_slr1.0_sam_rho0.1_112125_19:29:36.ckpt
--- Round 209 of 10000: Training 5 Clients ---
Selected clients: ['75', '46', '1', '80', '82']
--- Updating central model ---
Checkpoint saved in path: checkpoints/cifar10/alpha0.5_K5_N10000_cnn_E1_clr0.01_fedopt_sgd_slr1.0_sam_rho0.1_112125_19:29:36.ckpt
--- Round 210 of 10000: Training 5 Clients ---
Selected clients: ['81', '84', '67', '83', '52']
--- Updating central model ---
Checkpoint saved in path: checkpoints/cifar10/alpha0.5_K5_N10000_cnn_E1_clr0.01_fedopt_sgd_slr1.0_sam_rho0.1_112125_19:29:36.ckpt
--- Round 211 of 10000: Training 5 Clients ---
Selected clients: ['32', '52', '83', '74', '19']
--- Updating central model ---
Checkpoint saved in path: checkpoints/cifar10/alpha0.5_K5_N10000_cnn_E1_clr0.01_fedopt_sgd_slr1.0_sam_rho0.1_112125_19:29:36.ckpt
--- Round 212 of 10000: Training 5 Clients ---
Selected clients: ['35', '86', '57', '31', '82']
--- Updating central model ---
Checkpoint saved in path: checkpoints/cifar10/alpha0.5_K5_N10000_cnn_E1_clr0.01_fedopt_sgd_slr1.0_sam_rho0.1_112125_19:29:36.ckpt
--- Round 213 of 10000: Training 5 Clients ---
Selected clients: ['48', '67', '11', '88', '15']
--- Updating central model ---
Checkpoint saved in path: checkpoints/cifar10/alpha0.5_K5_N10000_cnn_E1_clr0.01_fedopt_sgd_slr1.0_sam_rho0.1_112125_19:29:36.ckpt
--- Round 214 of 10000: Training 5 Clients ---
Selected clients: ['23', '94', '67', '76', '18']
--- Updating central model ---
Checkpoint saved in path: checkpoints/cifar10/alpha0.5_K5_N10000_cnn_E1_clr0.01_fedopt_sgd_slr1.0_sam_rho0.1_112125_19:29:36.ckpt
--- Round 215 of 10000: Training 5 Clients ---
Selected clients: ['57', '32', '87', '9', '11']
--- Updating central model ---
Checkpoint saved in path: checkpoints/cifar10/alpha0.5_K5_N10000_cnn_E1_clr0.01_fedopt_sgd_slr1.0_sam_rho0.1_112125_19:29:36.ckpt
--- Round 216 of 10000: Training 5 Clients ---
Selected clients: ['77', '55', '13', '66', '14']
--- Updating central model ---
Checkpoint saved in path: checkpoints/cifar10/alpha0.5_K5_N10000_cnn_E1_clr0.01_fedopt_sgd_slr1.0_sam_rho0.1_112125_19:29:36.ckpt
--- Round 217 of 10000: Training 5 Clients ---
Selected clients: ['80', '53', '11', '10', '89']
--- Updating central model ---
Checkpoint saved in path: checkpoints/cifar10/alpha0.5_K5_N10000_cnn_E1_clr0.01_fedopt_sgd_slr1.0_sam_rho0.1_112125_19:29:36.ckpt
--- Round 218 of 10000: Training 5 Clients ---
Selected clients: ['65', '74', '54', '35', '36']
--- Updating central model ---
Checkpoint saved in path: checkpoints/cifar10/alpha0.5_K5_N10000_cnn_E1_clr0.01_fedopt_sgd_slr1.0_sam_rho0.1_112125_19:29:36.ckpt
--- Round 219 of 10000: Training 5 Clients ---
Selected clients: ['38', '84', '96', '89', '48']
--- Updating central model ---
Checkpoint saved in path: checkpoints/cifar10/alpha0.5_K5_N10000_cnn_E1_clr0.01_fedopt_sgd_slr1.0_sam_rho0.1_112125_19:29:36.ckpt
--- Round 220 of 10000: Training 5 Clients ---
Selected clients: ['55', '88', '71', '50', '84']
--- Updating central model ---
Checkpoint saved in path: checkpoints/cifar10/alpha0.5_K5_N10000_cnn_E1_clr0.01_fedopt_sgd_slr1.0_sam_rho0.1_112125_19:29:36.ckpt
--- Round 221 of 10000: Training 5 Clients ---
Selected clients: ['39', '8', '23', '45', '9']
--- Updating central model ---
Checkpoint saved in path: checkpoints/cifar10/alpha0.5_K5_N10000_cnn_E1_clr0.01_fedopt_sgd_slr1.0_sam_rho0.1_112125_19:29:36.ckpt
--- Round 222 of 10000: Training 5 Clients ---
Selected clients: ['47', '93', '86', '88', '0']
--- Updating central model ---
Checkpoint saved in path: checkpoints/cifar10/alpha0.5_K5_N10000_cnn_E1_clr0.01_fedopt_sgd_slr1.0_sam_rho0.1_112125_19:29:36.ckpt
--- Round 223 of 10000: Training 5 Clients ---
Selected clients: ['28', '54', '7', '22', '17']
--- Updating central model ---
Checkpoint saved in path: checkpoints/cifar10/alpha0.5_K5_N10000_cnn_E1_clr0.01_fedopt_sgd_slr1.0_sam_rho0.1_112125_19:29:36.ckpt
--- Round 224 of 10000: Training 5 Clients ---
Selected clients: ['45', '88', '2', '58', '3']
--- Updating central model ---
Checkpoint saved in path: checkpoints/cifar10/alpha0.5_K5_N10000_cnn_E1_clr0.01_fedopt_sgd_slr1.0_sam_rho0.1_112125_19:29:36.ckpt
--- Round 225 of 10000: Training 5 Clients ---
Selected clients: ['82', '96', '51', '16', '91']
--- Updating central model ---
Checkpoint saved in path: checkpoints/cifar10/alpha0.5_K5_N10000_cnn_E1_clr0.01_fedopt_sgd_slr1.0_sam_rho0.1_112125_19:29:36.ckpt
--- Round 226 of 10000: Training 5 Clients ---
Selected clients: ['82', '95', '7', '65', '96']
--- Updating central model ---
Checkpoint saved in path: checkpoints/cifar10/alpha0.5_K5_N10000_cnn_E1_clr0.01_fedopt_sgd_slr1.0_sam_rho0.1_112125_19:29:36.ckpt
--- Round 227 of 10000: Training 5 Clients ---
Selected clients: ['27', '88', '24', '21', '46']
--- Updating central model ---
Checkpoint saved in path: checkpoints/cifar10/alpha0.5_K5_N10000_cnn_E1_clr0.01_fedopt_sgd_slr1.0_sam_rho0.1_112125_19:29:36.ckpt
--- Round 228 of 10000: Training 5 Clients ---
Selected clients: ['72', '16', '32', '28', '70']
--- Updating central model ---
Checkpoint saved in path: checkpoints/cifar10/alpha0.5_K5_N10000_cnn_E1_clr0.01_fedopt_sgd_slr1.0_sam_rho0.1_112125_19:29:36.ckpt
--- Round 229 of 10000: Training 5 Clients ---
Selected clients: ['40', '7', '98', '17', '91']
--- Updating central model ---
Checkpoint saved in path: checkpoints/cifar10/alpha0.5_K5_N10000_cnn_E1_clr0.01_fedopt_sgd_slr1.0_sam_rho0.1_112125_19:29:36.ckpt
--- Round 230 of 10000: Training 5 Clients ---
Selected clients: ['46', '86', '61', '83', '90']
--- Updating central model ---
Checkpoint saved in path: checkpoints/cifar10/alpha0.5_K5_N10000_cnn_E1_clr0.01_fedopt_sgd_slr1.0_sam_rho0.1_112125_19:29:36.ckpt
--- Round 231 of 10000: Training 5 Clients ---
Selected clients: ['70', '0', '82', '53', '67']
--- Updating central model ---
Checkpoint saved in path: checkpoints/cifar10/alpha0.5_K5_N10000_cnn_E1_clr0.01_fedopt_sgd_slr1.0_sam_rho0.1_112125_19:29:36.ckpt
--- Round 232 of 10000: Training 5 Clients ---
Selected clients: ['35', '82', '95', '29', '74']
--- Updating central model ---
Checkpoint saved in path: checkpoints/cifar10/alpha0.5_K5_N10000_cnn_E1_clr0.01_fedopt_sgd_slr1.0_sam_rho0.1_112125_19:29:36.ckpt
--- Round 233 of 10000: Training 5 Clients ---
Selected clients: ['6', '38', '35', '70', '17']
--- Updating central model ---
Checkpoint saved in path: checkpoints/cifar10/alpha0.5_K5_N10000_cnn_E1_clr0.01_fedopt_sgd_slr1.0_sam_rho0.1_112125_19:29:36.ckpt
--- Round 234 of 10000: Training 5 Clients ---
Selected clients: ['76', '89', '21', '42', '2']
--- Updating central model ---
Checkpoint saved in path: checkpoints/cifar10/alpha0.5_K5_N10000_cnn_E1_clr0.01_fedopt_sgd_slr1.0_sam_rho0.1_112125_19:29:36.ckpt
--- Round 235 of 10000: Training 5 Clients ---
Selected clients: ['45', '84', '59', '8', '48']
--- Updating central model ---
Checkpoint saved in path: checkpoints/cifar10/alpha0.5_K5_N10000_cnn_E1_clr0.01_fedopt_sgd_slr1.0_sam_rho0.1_112125_19:29:36.ckpt
--- Round 236 of 10000: Training 5 Clients ---
Selected clients: ['89', '13', '51', '27', '95']
--- Updating central model ---
Checkpoint saved in path: checkpoints/cifar10/alpha0.5_K5_N10000_cnn_E1_clr0.01_fedopt_sgd_slr1.0_sam_rho0.1_112125_19:29:36.ckpt
--- Round 237 of 10000: Training 5 Clients ---
Selected clients: ['53', '49', '41', '62', '31']
--- Updating central model ---
Checkpoint saved in path: checkpoints/cifar10/alpha0.5_K5_N10000_cnn_E1_clr0.01_fedopt_sgd_slr1.0_sam_rho0.1_112125_19:29:36.ckpt
--- Round 238 of 10000: Training 5 Clients ---
Selected clients: ['63', '17', '99', '3', '66']
--- Updating central model ---
Checkpoint saved in path: checkpoints/cifar10/alpha0.5_K5_N10000_cnn_E1_clr0.01_fedopt_sgd_slr1.0_sam_rho0.1_112125_19:29:36.ckpt
--- Round 239 of 10000: Training 5 Clients ---
Selected clients: ['35', '84', '93', '56', '7']
--- Updating central model ---
Checkpoint saved in path: checkpoints/cifar10/alpha0.5_K5_N10000_cnn_E1_clr0.01_fedopt_sgd_slr1.0_sam_rho0.1_112125_19:29:36.ckpt
--- Round 240 of 10000: Training 5 Clients ---
Selected clients: ['41', '15', '45', '22', '63']
--- Updating central model ---
Checkpoint saved in path: checkpoints/cifar10/alpha0.5_K5_N10000_cnn_E1_clr0.01_fedopt_sgd_slr1.0_sam_rho0.1_112125_19:29:36.ckpt
--- Round 241 of 10000: Training 5 Clients ---
Selected clients: ['89', '58', '47', '36', '23']
--- Updating central model ---
Checkpoint saved in path: checkpoints/cifar10/alpha0.5_K5_N10000_cnn_E1_clr0.01_fedopt_sgd_slr1.0_sam_rho0.1_112125_19:29:36.ckpt
--- Round 242 of 10000: Training 5 Clients ---
Selected clients: ['55', '83', '98', '72', '15']
--- Updating central model ---
Checkpoint saved in path: checkpoints/cifar10/alpha0.5_K5_N10000_cnn_E1_clr0.01_fedopt_sgd_slr1.0_sam_rho0.1_112125_19:29:36.ckpt
--- Round 243 of 10000: Training 5 Clients ---
Selected clients: ['10', '27', '63', '74', '71']
--- Updating central model ---
Checkpoint saved in path: checkpoints/cifar10/alpha0.5_K5_N10000_cnn_E1_clr0.01_fedopt_sgd_slr1.0_sam_rho0.1_112125_19:29:36.ckpt
--- Round 244 of 10000: Training 5 Clients ---
Selected clients: ['89', '42', '66', '29', '58']
--- Updating central model ---
Checkpoint saved in path: checkpoints/cifar10/alpha0.5_K5_N10000_cnn_E1_clr0.01_fedopt_sgd_slr1.0_sam_rho0.1_112125_19:29:36.ckpt
--- Round 245 of 10000: Training 5 Clients ---
Selected clients: ['26', '11', '45', '24', '80']
--- Updating central model ---
Checkpoint saved in path: checkpoints/cifar10/alpha0.5_K5_N10000_cnn_E1_clr0.01_fedopt_sgd_slr1.0_sam_rho0.1_112125_19:29:36.ckpt
--- Round 246 of 10000: Training 5 Clients ---
Selected clients: ['24', '53', '93', '64', '96']
--- Updating central model ---
Checkpoint saved in path: checkpoints/cifar10/alpha0.5_K5_N10000_cnn_E1_clr0.01_fedopt_sgd_slr1.0_sam_rho0.1_112125_19:29:36.ckpt
--- Round 247 of 10000: Training 5 Clients ---
Selected clients: ['83', '81', '48', '9', '90']
--- Updating central model ---
Checkpoint saved in path: checkpoints/cifar10/alpha0.5_K5_N10000_cnn_E1_clr0.01_fedopt_sgd_slr1.0_sam_rho0.1_112125_19:29:36.ckpt
--- Round 248 of 10000: Training 5 Clients ---
Selected clients: ['21', '90', '22', '86', '43']
--- Updating central model ---
Checkpoint saved in path: checkpoints/cifar10/alpha0.5_K5_N10000_cnn_E1_clr0.01_fedopt_sgd_slr1.0_sam_rho0.1_112125_19:29:36.ckpt
--- Round 249 of 10000: Training 5 Clients ---
Selected clients: ['53', '15', '11', '67', '71']
--- Updating central model ---
Checkpoint saved in path: checkpoints/cifar10/alpha0.5_K5_N10000_cnn_E1_clr0.01_fedopt_sgd_slr1.0_sam_rho0.1_112125_19:29:36.ckpt
--- Round 250 of 10000: Training 5 Clients ---
Selected clients: ['50', '54', '91', '21', '66']
--- Updating central model ---
Checkpoint saved in path: checkpoints/cifar10/alpha0.5_K5_N10000_cnn_E1_clr0.01_fedopt_sgd_slr1.0_sam_rho0.1_112125_19:29:36.ckpt
--- Round 251 of 10000: Training 5 Clients ---
Selected clients: ['33', '51', '89', '18', '56']
--- Updating central model ---
Checkpoint saved in path: checkpoints/cifar10/alpha0.5_K5_N10000_cnn_E1_clr0.01_fedopt_sgd_slr1.0_sam_rho0.1_112125_19:29:36.ckpt
--- Round 252 of 10000: Training 5 Clients ---
Selected clients: ['11', '28', '8', '24', '66']
--- Updating central model ---
Checkpoint saved in path: checkpoints/cifar10/alpha0.5_K5_N10000_cnn_E1_clr0.01_fedopt_sgd_slr1.0_sam_rho0.1_112125_19:29:36.ckpt
--- Round 253 of 10000: Training 5 Clients ---
Selected clients: ['79', '89', '58', '49', '25']
--- Updating central model ---
Checkpoint saved in path: checkpoints/cifar10/alpha0.5_K5_N10000_cnn_E1_clr0.01_fedopt_sgd_slr1.0_sam_rho0.1_112125_19:29:36.ckpt
--- Round 254 of 10000: Training 5 Clients ---
Selected clients: ['72', '17', '31', '10', '88']
--- Updating central model ---
Checkpoint saved in path: checkpoints/cifar10/alpha0.5_K5_N10000_cnn_E1_clr0.01_fedopt_sgd_slr1.0_sam_rho0.1_112125_19:29:36.ckpt
--- Round 255 of 10000: Training 5 Clients ---
Selected clients: ['67', '18', '23', '22', '90']
--- Updating central model ---
Checkpoint saved in path: checkpoints/cifar10/alpha0.5_K5_N10000_cnn_E1_clr0.01_fedopt_sgd_slr1.0_sam_rho0.1_112125_19:29:36.ckpt
--- Round 256 of 10000: Training 5 Clients ---
Selected clients: ['42', '55', '64', '26', '41']
--- Updating central model ---
Checkpoint saved in path: checkpoints/cifar10/alpha0.5_K5_N10000_cnn_E1_clr0.01_fedopt_sgd_slr1.0_sam_rho0.1_112125_19:29:36.ckpt
--- Round 257 of 10000: Training 5 Clients ---
Selected clients: ['91', '34', '80', '36', '62']
--- Updating central model ---
Checkpoint saved in path: checkpoints/cifar10/alpha0.5_K5_N10000_cnn_E1_clr0.01_fedopt_sgd_slr1.0_sam_rho0.1_112125_19:29:36.ckpt
--- Round 258 of 10000: Training 5 Clients ---
Selected clients: ['37', '78', '48', '31', '57']
--- Updating central model ---
Checkpoint saved in path: checkpoints/cifar10/alpha0.5_K5_N10000_cnn_E1_clr0.01_fedopt_sgd_slr1.0_sam_rho0.1_112125_19:29:36.ckpt
--- Round 259 of 10000: Training 5 Clients ---
Selected clients: ['77', '49', '22', '58', '41']
--- Updating central model ---
Checkpoint saved in path: checkpoints/cifar10/alpha0.5_K5_N10000_cnn_E1_clr0.01_fedopt_sgd_slr1.0_sam_rho0.1_112125_19:29:36.ckpt
--- Round 260 of 10000: Training 5 Clients ---
Selected clients: ['53', '42', '57', '83', '99']
--- Updating central model ---
Checkpoint saved in path: checkpoints/cifar10/alpha0.5_K5_N10000_cnn_E1_clr0.01_fedopt_sgd_slr1.0_sam_rho0.1_112125_19:29:36.ckpt
--- Round 261 of 10000: Training 5 Clients ---
Selected clients: ['33', '80', '27', '83', '24']
--- Updating central model ---
Checkpoint saved in path: checkpoints/cifar10/alpha0.5_K5_N10000_cnn_E1_clr0.01_fedopt_sgd_slr1.0_sam_rho0.1_112125_19:29:36.ckpt
--- Round 262 of 10000: Training 5 Clients ---
Selected clients: ['67', '93', '15', '23', '83']
--- Updating central model ---
Checkpoint saved in path: checkpoints/cifar10/alpha0.5_K5_N10000_cnn_E1_clr0.01_fedopt_sgd_slr1.0_sam_rho0.1_112125_19:29:36.ckpt
--- Round 263 of 10000: Training 5 Clients ---
Selected clients: ['4', '43', '96', '1', '80']
--- Updating central model ---
Checkpoint saved in path: checkpoints/cifar10/alpha0.5_K5_N10000_cnn_E1_clr0.01_fedopt_sgd_slr1.0_sam_rho0.1_112125_19:29:36.ckpt
--- Round 264 of 10000: Training 5 Clients ---
Selected clients: ['2', '19', '61', '0', '42']
--- Updating central model ---
Checkpoint saved in path: checkpoints/cifar10/alpha0.5_K5_N10000_cnn_E1_clr0.01_fedopt_sgd_slr1.0_sam_rho0.1_112125_19:29:36.ckpt
--- Round 265 of 10000: Training 5 Clients ---
Selected clients: ['45', '70', '53', '27', '8']
--- Updating central model ---
Checkpoint saved in path: checkpoints/cifar10/alpha0.5_K5_N10000_cnn_E1_clr0.01_fedopt_sgd_slr1.0_sam_rho0.1_112125_19:29:36.ckpt
--- Round 266 of 10000: Training 5 Clients ---
Selected clients: ['93', '87', '1', '52', '54']
--- Updating central model ---
Checkpoint saved in path: checkpoints/cifar10/alpha0.5_K5_N10000_cnn_E1_clr0.01_fedopt_sgd_slr1.0_sam_rho0.1_112125_19:29:36.ckpt
--- Round 267 of 10000: Training 5 Clients ---
Selected clients: ['17', '65', '40', '29', '54']
--- Updating central model ---
Checkpoint saved in path: checkpoints/cifar10/alpha0.5_K5_N10000_cnn_E1_clr0.01_fedopt_sgd_slr1.0_sam_rho0.1_112125_19:29:36.ckpt
--- Round 268 of 10000: Training 5 Clients ---
Selected clients: ['43', '69', '58', '99', '47']
--- Updating central model ---
Checkpoint saved in path: checkpoints/cifar10/alpha0.5_K5_N10000_cnn_E1_clr0.01_fedopt_sgd_slr1.0_sam_rho0.1_112125_19:29:36.ckpt
--- Round 269 of 10000: Training 5 Clients ---
Selected clients: ['70', '83', '47', '37', '23']
--- Updating central model ---
Checkpoint saved in path: checkpoints/cifar10/alpha0.5_K5_N10000_cnn_E1_clr0.01_fedopt_sgd_slr1.0_sam_rho0.1_112125_19:29:36.ckpt
--- Round 270 of 10000: Training 5 Clients ---
Selected clients: ['13', '14', '59', '9', '77']
--- Updating central model ---
Checkpoint saved in path: checkpoints/cifar10/alpha0.5_K5_N10000_cnn_E1_clr0.01_fedopt_sgd_slr1.0_sam_rho0.1_112125_19:29:36.ckpt
--- Round 271 of 10000: Training 5 Clients ---
Selected clients: ['92', '96', '52', '56', '81']
--- Updating central model ---
Checkpoint saved in path: checkpoints/cifar10/alpha0.5_K5_N10000_cnn_E1_clr0.01_fedopt_sgd_slr1.0_sam_rho0.1_112125_19:29:36.ckpt
--- Round 272 of 10000: Training 5 Clients ---
Selected clients: ['66', '20', '37', '29', '38']
--- Updating central model ---
Checkpoint saved in path: checkpoints/cifar10/alpha0.5_K5_N10000_cnn_E1_clr0.01_fedopt_sgd_slr1.0_sam_rho0.1_112125_19:29:36.ckpt
--- Round 273 of 10000: Training 5 Clients ---
Selected clients: ['80', '34', '10', '77', '45']
--- Updating central model ---
Checkpoint saved in path: checkpoints/cifar10/alpha0.5_K5_N10000_cnn_E1_clr0.01_fedopt_sgd_slr1.0_sam_rho0.1_112125_19:29:36.ckpt
--- Round 274 of 10000: Training 5 Clients ---
Selected clients: ['70', '84', '0', '63', '16']
--- Updating central model ---
Checkpoint saved in path: checkpoints/cifar10/alpha0.5_K5_N10000_cnn_E1_clr0.01_fedopt_sgd_slr1.0_sam_rho0.1_112125_19:29:36.ckpt
--- Round 275 of 10000: Training 5 Clients ---
Selected clients: ['53', '61', '77', '62', '60']
--- Updating central model ---
Checkpoint saved in path: checkpoints/cifar10/alpha0.5_K5_N10000_cnn_E1_clr0.01_fedopt_sgd_slr1.0_sam_rho0.1_112125_19:29:36.ckpt
--- Round 276 of 10000: Training 5 Clients ---
Selected clients: ['98', '62', '74', '49', '13']
--- Updating central model ---
Checkpoint saved in path: checkpoints/cifar10/alpha0.5_K5_N10000_cnn_E1_clr0.01_fedopt_sgd_slr1.0_sam_rho0.1_112125_19:29:36.ckpt
--- Round 277 of 10000: Training 5 Clients ---
Selected clients: ['71', '55', '48', '42', '90']
--- Updating central model ---
Checkpoint saved in path: checkpoints/cifar10/alpha0.5_K5_N10000_cnn_E1_clr0.01_fedopt_sgd_slr1.0_sam_rho0.1_112125_19:29:36.ckpt
--- Round 278 of 10000: Training 5 Clients ---
Selected clients: ['79', '13', '64', '74', '75']
--- Updating central model ---
Checkpoint saved in path: checkpoints/cifar10/alpha0.5_K5_N10000_cnn_E1_clr0.01_fedopt_sgd_slr1.0_sam_rho0.1_112125_19:29:36.ckpt
--- Round 279 of 10000: Training 5 Clients ---
Selected clients: ['16', '5', '39', '95', '33']
--- Updating central model ---
Checkpoint saved in path: checkpoints/cifar10/alpha0.5_K5_N10000_cnn_E1_clr0.01_fedopt_sgd_slr1.0_sam_rho0.1_112125_19:29:36.ckpt
--- Round 280 of 10000: Training 5 Clients ---
Selected clients: ['22', '86', '79', '18', '66']
--- Updating central model ---
Checkpoint saved in path: checkpoints/cifar10/alpha0.5_K5_N10000_cnn_E1_clr0.01_fedopt_sgd_slr1.0_sam_rho0.1_112125_19:29:36.ckpt
--- Round 281 of 10000: Training 5 Clients ---
Selected clients: ['48', '49', '92', '18', '27']
--- Updating central model ---
Checkpoint saved in path: checkpoints/cifar10/alpha0.5_K5_N10000_cnn_E1_clr0.01_fedopt_sgd_slr1.0_sam_rho0.1_112125_19:29:36.ckpt
--- Round 282 of 10000: Training 5 Clients ---
Selected clients: ['20', '1', '46', '89', '40']
--- Updating central model ---
Checkpoint saved in path: checkpoints/cifar10/alpha0.5_K5_N10000_cnn_E1_clr0.01_fedopt_sgd_slr1.0_sam_rho0.1_112125_19:29:36.ckpt
--- Round 283 of 10000: Training 5 Clients ---
Selected clients: ['25', '93', '95', '28', '24']
--- Updating central model ---
Checkpoint saved in path: checkpoints/cifar10/alpha0.5_K5_N10000_cnn_E1_clr0.01_fedopt_sgd_slr1.0_sam_rho0.1_112125_19:29:36.ckpt
--- Round 284 of 10000: Training 5 Clients ---
Selected clients: ['92', '83', '93', '3', '26']
--- Updating central model ---
Checkpoint saved in path: checkpoints/cifar10/alpha0.5_K5_N10000_cnn_E1_clr0.01_fedopt_sgd_slr1.0_sam_rho0.1_112125_19:29:36.ckpt
--- Round 285 of 10000: Training 5 Clients ---
Selected clients: ['78', '98', '40', '83', '24']
--- Updating central model ---
Checkpoint saved in path: checkpoints/cifar10/alpha0.5_K5_N10000_cnn_E1_clr0.01_fedopt_sgd_slr1.0_sam_rho0.1_112125_19:29:36.ckpt
--- Round 286 of 10000: Training 5 Clients ---
Selected clients: ['90', '8', '10', '89', '82']
--- Updating central model ---
Checkpoint saved in path: checkpoints/cifar10/alpha0.5_K5_N10000_cnn_E1_clr0.01_fedopt_sgd_slr1.0_sam_rho0.1_112125_19:29:36.ckpt
--- Round 287 of 10000: Training 5 Clients ---
Selected clients: ['96', '63', '32', '82', '1']
--- Updating central model ---
Checkpoint saved in path: checkpoints/cifar10/alpha0.5_K5_N10000_cnn_E1_clr0.01_fedopt_sgd_slr1.0_sam_rho0.1_112125_19:29:36.ckpt
--- Round 288 of 10000: Training 5 Clients ---
Selected clients: ['53', '77', '5', '52', '76']
--- Updating central model ---
Checkpoint saved in path: checkpoints/cifar10/alpha0.5_K5_N10000_cnn_E1_clr0.01_fedopt_sgd_slr1.0_sam_rho0.1_112125_19:29:36.ckpt
--- Round 289 of 10000: Training 5 Clients ---
Selected clients: ['95', '80', '46', '94', '5']
--- Updating central model ---
Checkpoint saved in path: checkpoints/cifar10/alpha0.5_K5_N10000_cnn_E1_clr0.01_fedopt_sgd_slr1.0_sam_rho0.1_112125_19:29:36.ckpt
--- Round 290 of 10000: Training 5 Clients ---
Selected clients: ['18', '54', '61', '45', '15']
--- Updating central model ---
Checkpoint saved in path: checkpoints/cifar10/alpha0.5_K5_N10000_cnn_E1_clr0.01_fedopt_sgd_slr1.0_sam_rho0.1_112125_19:29:36.ckpt
--- Round 291 of 10000: Training 5 Clients ---
Selected clients: ['25', '13', '66', '46', '17']
--- Updating central model ---
Checkpoint saved in path: checkpoints/cifar10/alpha0.5_K5_N10000_cnn_E1_clr0.01_fedopt_sgd_slr1.0_sam_rho0.1_112125_19:29:36.ckpt
--- Round 292 of 10000: Training 5 Clients ---
Selected clients: ['63', '1', '26', '50', '91']
--- Updating central model ---
Checkpoint saved in path: checkpoints/cifar10/alpha0.5_K5_N10000_cnn_E1_clr0.01_fedopt_sgd_slr1.0_sam_rho0.1_112125_19:29:36.ckpt
--- Round 293 of 10000: Training 5 Clients ---
Selected clients: ['62', '40', '86', '52', '27']
--- Updating central model ---
Checkpoint saved in path: checkpoints/cifar10/alpha0.5_K5_N10000_cnn_E1_clr0.01_fedopt_sgd_slr1.0_sam_rho0.1_112125_19:29:36.ckpt
--- Round 294 of 10000: Training 5 Clients ---
Selected clients: ['58', '60', '84', '94', '16']
--- Updating central model ---
Checkpoint saved in path: checkpoints/cifar10/alpha0.5_K5_N10000_cnn_E1_clr0.01_fedopt_sgd_slr1.0_sam_rho0.1_112125_19:29:36.ckpt
--- Round 295 of 10000: Training 5 Clients ---
Selected clients: ['61', '21', '86', '2', '33']
--- Updating central model ---
Checkpoint saved in path: checkpoints/cifar10/alpha0.5_K5_N10000_cnn_E1_clr0.01_fedopt_sgd_slr1.0_sam_rho0.1_112125_19:29:36.ckpt
--- Round 296 of 10000: Training 5 Clients ---
Selected clients: ['41', '87', '90', '63', '3']
--- Updating central model ---
Checkpoint saved in path: checkpoints/cifar10/alpha0.5_K5_N10000_cnn_E1_clr0.01_fedopt_sgd_slr1.0_sam_rho0.1_112125_19:29:36.ckpt
--- Round 297 of 10000: Training 5 Clients ---
Selected clients: ['59', '61', '16', '99', '25']
--- Updating central model ---
Checkpoint saved in path: checkpoints/cifar10/alpha0.5_K5_N10000_cnn_E1_clr0.01_fedopt_sgd_slr1.0_sam_rho0.1_112125_19:29:36.ckpt
--- Round 298 of 10000: Training 5 Clients ---
Selected clients: ['33', '18', '89', '42', '94']
--- Updating central model ---
Checkpoint saved in path: checkpoints/cifar10/alpha0.5_K5_N10000_cnn_E1_clr0.01_fedopt_sgd_slr1.0_sam_rho0.1_112125_19:29:36.ckpt
--- Round 299 of 10000: Training 5 Clients ---
Selected clients: ['0', '28', '58', '76', '79']
--- Updating central model ---
Checkpoint saved in path: checkpoints/cifar10/alpha0.5_K5_N10000_cnn_E1_clr0.01_fedopt_sgd_slr1.0_sam_rho0.1_112125_19:29:36.ckpt
--- Round 300 of 10000: Training 5 Clients ---
Selected clients: ['30', '1', '37', '51', '38']
--- Updating central model ---
train_accuracy: 15.1514, 10th percentile: 2.66499, 50th percentile: 11.7713, 90th percentile 28.5882
train_loss: 2.27639, 10th percentile: 2.24678, 50th percentile: 2.27986, 90th percentile 2.31071
test_accuracy: 15.03, 10th percentile: 15.03, 50th percentile: 15.03, 90th percentile 15.03
test_loss: 2.27545, 10th percentile: 2.27545, 50th percentile: 2.27545, 90th percentile 2.27545
Checkpoint saved in path: checkpoints/cifar10/alpha0.5_K5_N10000_cnn_E1_clr0.01_fedopt_sgd_slr1.0_sam_rho0.1_112125_19:29:36.ckpt
--- Round 301 of 10000: Training 5 Clients ---
Selected clients: ['73', '70', '72', '20', '45']
--- Updating central model ---
Checkpoint saved in path: checkpoints/cifar10/alpha0.5_K5_N10000_cnn_E1_clr0.01_fedopt_sgd_slr1.0_sam_rho0.1_112125_19:29:36.ckpt
--- Round 302 of 10000: Training 5 Clients ---
Selected clients: ['11', '78', '98', '77', '51']
--- Updating central model ---
Checkpoint saved in path: checkpoints/cifar10/alpha0.5_K5_N10000_cnn_E1_clr0.01_fedopt_sgd_slr1.0_sam_rho0.1_112125_19:29:36.ckpt
--- Round 303 of 10000: Training 5 Clients ---
Selected clients: ['68', '37', '48', '79', '55']
--- Updating central model ---
Checkpoint saved in path: checkpoints/cifar10/alpha0.5_K5_N10000_cnn_E1_clr0.01_fedopt_sgd_slr1.0_sam_rho0.1_112125_19:29:36.ckpt
--- Round 304 of 10000: Training 5 Clients ---
Selected clients: ['38', '76', '55', '7', '66']
--- Updating central model ---
Checkpoint saved in path: checkpoints/cifar10/alpha0.5_K5_N10000_cnn_E1_clr0.01_fedopt_sgd_slr1.0_sam_rho0.1_112125_19:29:36.ckpt
--- Round 305 of 10000: Training 5 Clients ---
Selected clients: ['93', '70', '8', '58', '34']
--- Updating central model ---
Checkpoint saved in path: checkpoints/cifar10/alpha0.5_K5_N10000_cnn_E1_clr0.01_fedopt_sgd_slr1.0_sam_rho0.1_112125_19:29:36.ckpt
--- Round 306 of 10000: Training 5 Clients ---
Selected clients: ['50', '82', '89', '37', '15']
--- Updating central model ---
Checkpoint saved in path: checkpoints/cifar10/alpha0.5_K5_N10000_cnn_E1_clr0.01_fedopt_sgd_slr1.0_sam_rho0.1_112125_19:29:36.ckpt
--- Round 307 of 10000: Training 5 Clients ---
Selected clients: ['49', '89', '17', '87', '26']
--- Updating central model ---
Checkpoint saved in path: checkpoints/cifar10/alpha0.5_K5_N10000_cnn_E1_clr0.01_fedopt_sgd_slr1.0_sam_rho0.1_112125_19:29:36.ckpt
--- Round 308 of 10000: Training 5 Clients ---
Selected clients: ['21', '80', '65', '72', '58']
--- Updating central model ---
Checkpoint saved in path: checkpoints/cifar10/alpha0.5_K5_N10000_cnn_E1_clr0.01_fedopt_sgd_slr1.0_sam_rho0.1_112125_19:29:36.ckpt
--- Round 309 of 10000: Training 5 Clients ---
Selected clients: ['1', '59', '48', '79', '35']
--- Updating central model ---
Checkpoint saved in path: checkpoints/cifar10/alpha0.5_K5_N10000_cnn_E1_clr0.01_fedopt_sgd_slr1.0_sam_rho0.1_112125_19:29:36.ckpt
--- Round 310 of 10000: Training 5 Clients ---
Selected clients: ['39', '85', '52', '14', '30']
--- Updating central model ---
Checkpoint saved in path: checkpoints/cifar10/alpha0.5_K5_N10000_cnn_E1_clr0.01_fedopt_sgd_slr1.0_sam_rho0.1_112125_19:29:36.ckpt
--- Round 311 of 10000: Training 5 Clients ---
Selected clients: ['32', '58', '73', '45', '36']
--- Updating central model ---
Checkpoint saved in path: checkpoints/cifar10/alpha0.5_K5_N10000_cnn_E1_clr0.01_fedopt_sgd_slr1.0_sam_rho0.1_112125_19:29:36.ckpt
--- Round 312 of 10000: Training 5 Clients ---
Selected clients: ['40', '57', '62', '99', '69']
--- Updating central model ---
Checkpoint saved in path: checkpoints/cifar10/alpha0.5_K5_N10000_cnn_E1_clr0.01_fedopt_sgd_slr1.0_sam_rho0.1_112125_19:29:36.ckpt
--- Round 313 of 10000: Training 5 Clients ---
Selected clients: ['85', '78', '6', '41', '15']
--- Updating central model ---
Checkpoint saved in path: checkpoints/cifar10/alpha0.5_K5_N10000_cnn_E1_clr0.01_fedopt_sgd_slr1.0_sam_rho0.1_112125_19:29:36.ckpt
--- Round 314 of 10000: Training 5 Clients ---
Selected clients: ['72', '88', '39', '15', '1']
--- Updating central model ---
Checkpoint saved in path: checkpoints/cifar10/alpha0.5_K5_N10000_cnn_E1_clr0.01_fedopt_sgd_slr1.0_sam_rho0.1_112125_19:29:36.ckpt
--- Round 315 of 10000: Training 5 Clients ---
Selected clients: ['63', '64', '61', '9', '27']
--- Updating central model ---
Checkpoint saved in path: checkpoints/cifar10/alpha0.5_K5_N10000_cnn_E1_clr0.01_fedopt_sgd_slr1.0_sam_rho0.1_112125_19:29:36.ckpt
--- Round 316 of 10000: Training 5 Clients ---
Selected clients: ['7', '28', '97', '15', '78']
--- Updating central model ---
Checkpoint saved in path: checkpoints/cifar10/alpha0.5_K5_N10000_cnn_E1_clr0.01_fedopt_sgd_slr1.0_sam_rho0.1_112125_19:29:36.ckpt
--- Round 317 of 10000: Training 5 Clients ---
Selected clients: ['42', '85', '9', '94', '3']
--- Updating central model ---
Checkpoint saved in path: checkpoints/cifar10/alpha0.5_K5_N10000_cnn_E1_clr0.01_fedopt_sgd_slr1.0_sam_rho0.1_112125_19:29:36.ckpt
--- Round 318 of 10000: Training 5 Clients ---
Selected clients: ['94', '85', '88', '87', '91']
--- Updating central model ---
Checkpoint saved in path: checkpoints/cifar10/alpha0.5_K5_N10000_cnn_E1_clr0.01_fedopt_sgd_slr1.0_sam_rho0.1_112125_19:29:36.ckpt
--- Round 319 of 10000: Training 5 Clients ---
Selected clients: ['22', '18', '33', '95', '37']
--- Updating central model ---
Checkpoint saved in path: checkpoints/cifar10/alpha0.5_K5_N10000_cnn_E1_clr0.01_fedopt_sgd_slr1.0_sam_rho0.1_112125_19:29:36.ckpt
--- Round 320 of 10000: Training 5 Clients ---
Selected clients: ['91', '97', '21', '27', '99']
--- Updating central model ---
Checkpoint saved in path: checkpoints/cifar10/alpha0.5_K5_N10000_cnn_E1_clr0.01_fedopt_sgd_slr1.0_sam_rho0.1_112125_19:29:36.ckpt
--- Round 321 of 10000: Training 5 Clients ---
Selected clients: ['77', '18', '69', '37', '21']
--- Updating central model ---
Checkpoint saved in path: checkpoints/cifar10/alpha0.5_K5_N10000_cnn_E1_clr0.01_fedopt_sgd_slr1.0_sam_rho0.1_112125_19:29:36.ckpt
--- Round 322 of 10000: Training 5 Clients ---
Selected clients: ['72', '4', '38', '48', '87']
--- Updating central model ---
Checkpoint saved in path: checkpoints/cifar10/alpha0.5_K5_N10000_cnn_E1_clr0.01_fedopt_sgd_slr1.0_sam_rho0.1_112125_19:29:36.ckpt
--- Round 323 of 10000: Training 5 Clients ---
Selected clients: ['6', '60', '93', '68', '63']
--- Updating central model ---
Checkpoint saved in path: checkpoints/cifar10/alpha0.5_K5_N10000_cnn_E1_clr0.01_fedopt_sgd_slr1.0_sam_rho0.1_112125_19:29:36.ckpt
--- Round 324 of 10000: Training 5 Clients ---
Selected clients: ['61', '79', '42', '20', '71']
--- Updating central model ---
Checkpoint saved in path: checkpoints/cifar10/alpha0.5_K5_N10000_cnn_E1_clr0.01_fedopt_sgd_slr1.0_sam_rho0.1_112125_19:29:36.ckpt
--- Round 325 of 10000: Training 5 Clients ---
Selected clients: ['32', '86', '97', '23', '65']
--- Updating central model ---
Checkpoint saved in path: checkpoints/cifar10/alpha0.5_K5_N10000_cnn_E1_clr0.01_fedopt_sgd_slr1.0_sam_rho0.1_112125_19:29:36.ckpt
--- Round 326 of 10000: Training 5 Clients ---
Selected clients: ['24', '92', '88', '64', '9']
--- Updating central model ---
Checkpoint saved in path: checkpoints/cifar10/alpha0.5_K5_N10000_cnn_E1_clr0.01_fedopt_sgd_slr1.0_sam_rho0.1_112125_19:29:36.ckpt
--- Round 327 of 10000: Training 5 Clients ---
Selected clients: ['80', '86', '90', '56', '89']
--- Updating central model ---
Checkpoint saved in path: checkpoints/cifar10/alpha0.5_K5_N10000_cnn_E1_clr0.01_fedopt_sgd_slr1.0_sam_rho0.1_112125_19:29:36.ckpt
--- Round 328 of 10000: Training 5 Clients ---
Selected clients: ['80', '4', '16', '95', '47']
--- Updating central model ---
Checkpoint saved in path: checkpoints/cifar10/alpha0.5_K5_N10000_cnn_E1_clr0.01_fedopt_sgd_slr1.0_sam_rho0.1_112125_19:29:36.ckpt
--- Round 329 of 10000: Training 5 Clients ---
Selected clients: ['44', '32', '76', '56', '80']
--- Updating central model ---
Checkpoint saved in path: checkpoints/cifar10/alpha0.5_K5_N10000_cnn_E1_clr0.01_fedopt_sgd_slr1.0_sam_rho0.1_112125_19:29:36.ckpt
--- Round 330 of 10000: Training 5 Clients ---
Selected clients: ['21', '53', '71', '46', '40']
--- Updating central model ---
Checkpoint saved in path: checkpoints/cifar10/alpha0.5_K5_N10000_cnn_E1_clr0.01_fedopt_sgd_slr1.0_sam_rho0.1_112125_19:29:36.ckpt
--- Round 331 of 10000: Training 5 Clients ---
Selected clients: ['78', '79', '1', '50', '52']
--- Updating central model ---
Checkpoint saved in path: checkpoints/cifar10/alpha0.5_K5_N10000_cnn_E1_clr0.01_fedopt_sgd_slr1.0_sam_rho0.1_112125_19:29:36.ckpt
--- Round 332 of 10000: Training 5 Clients ---
Selected clients: ['89', '45', '29', '63', '81']
--- Updating central model ---
Checkpoint saved in path: checkpoints/cifar10/alpha0.5_K5_N10000_cnn_E1_clr0.01_fedopt_sgd_slr1.0_sam_rho0.1_112125_19:29:36.ckpt
--- Round 333 of 10000: Training 5 Clients ---
Selected clients: ['44', '59', '3', '99', '77']
--- Updating central model ---
Checkpoint saved in path: checkpoints/cifar10/alpha0.5_K5_N10000_cnn_E1_clr0.01_fedopt_sgd_slr1.0_sam_rho0.1_112125_19:29:36.ckpt
--- Round 334 of 10000: Training 5 Clients ---
Selected clients: ['86', '24', '35', '20', '42']
--- Updating central model ---
Checkpoint saved in path: checkpoints/cifar10/alpha0.5_K5_N10000_cnn_E1_clr0.01_fedopt_sgd_slr1.0_sam_rho0.1_112125_19:29:36.ckpt
--- Round 335 of 10000: Training 5 Clients ---
Selected clients: ['44', '4', '66', '90', '19']
--- Updating central model ---
Checkpoint saved in path: checkpoints/cifar10/alpha0.5_K5_N10000_cnn_E1_clr0.01_fedopt_sgd_slr1.0_sam_rho0.1_112125_19:29:36.ckpt
--- Round 336 of 10000: Training 5 Clients ---
Selected clients: ['20', '83', '28', '55', '51']
--- Updating central model ---
Checkpoint saved in path: checkpoints/cifar10/alpha0.5_K5_N10000_cnn_E1_clr0.01_fedopt_sgd_slr1.0_sam_rho0.1_112125_19:29:36.ckpt
--- Round 337 of 10000: Training 5 Clients ---
Selected clients: ['72', '77', '55', '6', '95']
--- Updating central model ---
Checkpoint saved in path: checkpoints/cifar10/alpha0.5_K5_N10000_cnn_E1_clr0.01_fedopt_sgd_slr1.0_sam_rho0.1_112125_19:29:36.ckpt
--- Round 338 of 10000: Training 5 Clients ---
Selected clients: ['92', '42', '37', '89', '0']
--- Updating central model ---
Checkpoint saved in path: checkpoints/cifar10/alpha0.5_K5_N10000_cnn_E1_clr0.01_fedopt_sgd_slr1.0_sam_rho0.1_112125_19:29:36.ckpt
--- Round 339 of 10000: Training 5 Clients ---
Selected clients: ['8', '75', '97', '1', '18']
--- Updating central model ---
Checkpoint saved in path: checkpoints/cifar10/alpha0.5_K5_N10000_cnn_E1_clr0.01_fedopt_sgd_slr1.0_sam_rho0.1_112125_19:29:36.ckpt
--- Round 340 of 10000: Training 5 Clients ---
Selected clients: ['60', '91', '45', '3', '80']
--- Updating central model ---
Checkpoint saved in path: checkpoints/cifar10/alpha0.5_K5_N10000_cnn_E1_clr0.01_fedopt_sgd_slr1.0_sam_rho0.1_112125_19:29:36.ckpt
--- Round 341 of 10000: Training 5 Clients ---
Selected clients: ['21', '95', '64', '22', '43']
--- Updating central model ---
Checkpoint saved in path: checkpoints/cifar10/alpha0.5_K5_N10000_cnn_E1_clr0.01_fedopt_sgd_slr1.0_sam_rho0.1_112125_19:29:36.ckpt
--- Round 342 of 10000: Training 5 Clients ---
Selected clients: ['38', '68', '54', '0', '81']
--- Updating central model ---
Checkpoint saved in path: checkpoints/cifar10/alpha0.5_K5_N10000_cnn_E1_clr0.01_fedopt_sgd_slr1.0_sam_rho0.1_112125_19:29:36.ckpt
--- Round 343 of 10000: Training 5 Clients ---
Selected clients: ['27', '71', '42', '95', '21']
--- Updating central model ---
Checkpoint saved in path: checkpoints/cifar10/alpha0.5_K5_N10000_cnn_E1_clr0.01_fedopt_sgd_slr1.0_sam_rho0.1_112125_19:29:36.ckpt
--- Round 344 of 10000: Training 5 Clients ---
Selected clients: ['4', '38', '43', '21', '32']
--- Updating central model ---
Checkpoint saved in path: checkpoints/cifar10/alpha0.5_K5_N10000_cnn_E1_clr0.01_fedopt_sgd_slr1.0_sam_rho0.1_112125_19:29:36.ckpt
--- Round 345 of 10000: Training 5 Clients ---
Selected clients: ['31', '99', '42', '10', '51']
--- Updating central model ---
Checkpoint saved in path: checkpoints/cifar10/alpha0.5_K5_N10000_cnn_E1_clr0.01_fedopt_sgd_slr1.0_sam_rho0.1_112125_19:29:36.ckpt
--- Round 346 of 10000: Training 5 Clients ---
Selected clients: ['54', '58', '52', '42', '16']
--- Updating central model ---
Checkpoint saved in path: checkpoints/cifar10/alpha0.5_K5_N10000_cnn_E1_clr0.01_fedopt_sgd_slr1.0_sam_rho0.1_112125_19:29:36.ckpt
--- Round 347 of 10000: Training 5 Clients ---
Selected clients: ['87', '31', '74', '53', '8']
--- Updating central model ---
Checkpoint saved in path: checkpoints/cifar10/alpha0.5_K5_N10000_cnn_E1_clr0.01_fedopt_sgd_slr1.0_sam_rho0.1_112125_19:29:36.ckpt
--- Round 348 of 10000: Training 5 Clients ---
Selected clients: ['63', '98', '17', '74', '9']
--- Updating central model ---
Checkpoint saved in path: checkpoints/cifar10/alpha0.5_K5_N10000_cnn_E1_clr0.01_fedopt_sgd_slr1.0_sam_rho0.1_112125_19:29:36.ckpt