Alpha: alpha_0.50
Using device: NVIDIA A100-SXM4-80GB
############################## cifar10.cnn ##############################
Running experiment with server servers.fedopt_server and client clients.sam_client
Verify client and server: <class 'clients.sam_client.SAMClient'> <class 'servers.fedopt_server.FedOptServer'>
Running influence estimation:   0%|          | 0/20 [00:00<?, ?it/s]wandb: WARNING `resume` will be ignored since W&B syncing is set to `offline`. Starting a new run with run id fp8jjcyy.
wandb: Tracking run with wandb version 0.23.0
wandb: W&B syncing is set to `offline` in this directory. Run `wandb online` or set WANDB_MODE=online to enable cloud syncing.
wandb: Run data is saved locally in /home/mlr570t1/FedSAM_mem_inf-main/models/wandb/offline-run-20251121_192855-fp8jjcyy
Server optimizer: sgd with lr 1.0 and momentum 0
Start round: 0
Clients in Total: 100 training clients and 1 test clients
--- Random Initialization ---
--- Round 1 of 10000: Training 5 Clients ---
Selected clients: ['91', '19', '30', '43', '77']
--- Updating central model ---
Checkpoint saved in path: checkpoints/cifar10/alpha0.5_K5_N10000_cnn_E1_clr0.01_fedopt_sgd_slr1.0_sam_rho0.1_112125_19:29:40.ckpt
--- Round 2 of 10000: Training 5 Clients ---
Selected clients: ['6', '71', '63', '61', '66']
--- Updating central model ---
Checkpoint saved in path: checkpoints/cifar10/alpha0.5_K5_N10000_cnn_E1_clr0.01_fedopt_sgd_slr1.0_sam_rho0.1_112125_19:29:40.ckpt
--- Round 3 of 10000: Training 5 Clients ---
Selected clients: ['39', '32', '33', '93', '18']
--- Updating central model ---
Checkpoint saved in path: checkpoints/cifar10/alpha0.5_K5_N10000_cnn_E1_clr0.01_fedopt_sgd_slr1.0_sam_rho0.1_112125_19:29:40.ckpt
--- Round 4 of 10000: Training 5 Clients ---
Selected clients: ['32', '92', '37', '78', '2']
--- Updating central model ---
Checkpoint saved in path: checkpoints/cifar10/alpha0.5_K5_N10000_cnn_E1_clr0.01_fedopt_sgd_slr1.0_sam_rho0.1_112125_19:29:40.ckpt
--- Round 5 of 10000: Training 5 Clients ---
Selected clients: ['43', '39', '92', '73', '22']
--- Updating central model ---
Checkpoint saved in path: checkpoints/cifar10/alpha0.5_K5_N10000_cnn_E1_clr0.01_fedopt_sgd_slr1.0_sam_rho0.1_112125_19:29:40.ckpt
--- Round 6 of 10000: Training 5 Clients ---
Selected clients: ['11', '50', '34', '14', '46']
--- Updating central model ---
Checkpoint saved in path: checkpoints/cifar10/alpha0.5_K5_N10000_cnn_E1_clr0.01_fedopt_sgd_slr1.0_sam_rho0.1_112125_19:29:40.ckpt
--- Round 7 of 10000: Training 5 Clients ---
Selected clients: ['98', '46', '52', '44', '54']
--- Updating central model ---
Checkpoint saved in path: checkpoints/cifar10/alpha0.5_K5_N10000_cnn_E1_clr0.01_fedopt_sgd_slr1.0_sam_rho0.1_112125_19:29:40.ckpt
--- Round 8 of 10000: Training 5 Clients ---
Selected clients: ['38', '54', '79', '47', '48']
--- Updating central model ---
Checkpoint saved in path: checkpoints/cifar10/alpha0.5_K5_N10000_cnn_E1_clr0.01_fedopt_sgd_slr1.0_sam_rho0.1_112125_19:29:40.ckpt
--- Round 9 of 10000: Training 5 Clients ---
Selected clients: ['42', '86', '21', '94', '19']
--- Updating central model ---
Checkpoint saved in path: checkpoints/cifar10/alpha0.5_K5_N10000_cnn_E1_clr0.01_fedopt_sgd_slr1.0_sam_rho0.1_112125_19:29:40.ckpt
--- Round 10 of 10000: Training 5 Clients ---
Selected clients: ['14', '78', '58', '79', '74']
--- Updating central model ---
Checkpoint saved in path: checkpoints/cifar10/alpha0.5_K5_N10000_cnn_E1_clr0.01_fedopt_sgd_slr1.0_sam_rho0.1_112125_19:29:40.ckpt
--- Round 11 of 10000: Training 5 Clients ---
Selected clients: ['87', '97', '44', '39', '51']
--- Updating central model ---
Checkpoint saved in path: checkpoints/cifar10/alpha0.5_K5_N10000_cnn_E1_clr0.01_fedopt_sgd_slr1.0_sam_rho0.1_112125_19:29:40.ckpt
--- Round 12 of 10000: Training 5 Clients ---
Selected clients: ['17', '73', '89', '27', '74']
--- Updating central model ---
Checkpoint saved in path: checkpoints/cifar10/alpha0.5_K5_N10000_cnn_E1_clr0.01_fedopt_sgd_slr1.0_sam_rho0.1_112125_19:29:40.ckpt
--- Round 13 of 10000: Training 5 Clients ---
Selected clients: ['31', '53', '92', '48', '47']
--- Updating central model ---
Checkpoint saved in path: checkpoints/cifar10/alpha0.5_K5_N10000_cnn_E1_clr0.01_fedopt_sgd_slr1.0_sam_rho0.1_112125_19:29:40.ckpt
--- Round 14 of 10000: Training 5 Clients ---
Selected clients: ['87', '3', '78', '92', '34']
--- Updating central model ---
Checkpoint saved in path: checkpoints/cifar10/alpha0.5_K5_N10000_cnn_E1_clr0.01_fedopt_sgd_slr1.0_sam_rho0.1_112125_19:29:40.ckpt
--- Round 15 of 10000: Training 5 Clients ---
Selected clients: ['96', '6', '64', '66', '30']
--- Updating central model ---
Checkpoint saved in path: checkpoints/cifar10/alpha0.5_K5_N10000_cnn_E1_clr0.01_fedopt_sgd_slr1.0_sam_rho0.1_112125_19:29:40.ckpt
--- Round 16 of 10000: Training 5 Clients ---
Selected clients: ['62', '98', '94', '46', '22']
--- Updating central model ---
Checkpoint saved in path: checkpoints/cifar10/alpha0.5_K5_N10000_cnn_E1_clr0.01_fedopt_sgd_slr1.0_sam_rho0.1_112125_19:29:40.ckpt
--- Round 17 of 10000: Training 5 Clients ---
Selected clients: ['53', '51', '42', '5', '50']
--- Updating central model ---
Checkpoint saved in path: checkpoints/cifar10/alpha0.5_K5_N10000_cnn_E1_clr0.01_fedopt_sgd_slr1.0_sam_rho0.1_112125_19:29:40.ckpt
--- Round 18 of 10000: Training 5 Clients ---
Selected clients: ['86', '97', '62', '63', '64']
--- Updating central model ---
Checkpoint saved in path: checkpoints/cifar10/alpha0.5_K5_N10000_cnn_E1_clr0.01_fedopt_sgd_slr1.0_sam_rho0.1_112125_19:29:40.ckpt
--- Round 19 of 10000: Training 5 Clients ---
Selected clients: ['38', '65', '60', '42', '64']
--- Updating central model ---
Checkpoint saved in path: checkpoints/cifar10/alpha0.5_K5_N10000_cnn_E1_clr0.01_fedopt_sgd_slr1.0_sam_rho0.1_112125_19:29:40.ckpt
--- Round 20 of 10000: Training 5 Clients ---
Selected clients: ['43', '97', '32', '40', '6']
--- Updating central model ---
Checkpoint saved in path: checkpoints/cifar10/alpha0.5_K5_N10000_cnn_E1_clr0.01_fedopt_sgd_slr1.0_sam_rho0.1_112125_19:29:40.ckpt
--- Round 21 of 10000: Training 5 Clients ---
Selected clients: ['69', '5', '4', '98', '43']
--- Updating central model ---
Checkpoint saved in path: checkpoints/cifar10/alpha0.5_K5_N10000_cnn_E1_clr0.01_fedopt_sgd_slr1.0_sam_rho0.1_112125_19:29:40.ckpt
--- Round 22 of 10000: Training 5 Clients ---
Selected clients: ['7', '36', '76', '64', '27']
--- Updating central model ---
Checkpoint saved in path: checkpoints/cifar10/alpha0.5_K5_N10000_cnn_E1_clr0.01_fedopt_sgd_slr1.0_sam_rho0.1_112125_19:29:40.ckpt
--- Round 23 of 10000: Training 5 Clients ---
Selected clients: ['91', '35', '25', '45', '6']
--- Updating central model ---
Checkpoint saved in path: checkpoints/cifar10/alpha0.5_K5_N10000_cnn_E1_clr0.01_fedopt_sgd_slr1.0_sam_rho0.1_112125_19:29:40.ckpt
--- Round 24 of 10000: Training 5 Clients ---
Selected clients: ['32', '33', '16', '42', '89']
--- Updating central model ---
Checkpoint saved in path: checkpoints/cifar10/alpha0.5_K5_N10000_cnn_E1_clr0.01_fedopt_sgd_slr1.0_sam_rho0.1_112125_19:29:40.ckpt
--- Round 25 of 10000: Training 5 Clients ---
Selected clients: ['41', '29', '60', '9', '58']
--- Updating central model ---
Checkpoint saved in path: checkpoints/cifar10/alpha0.5_K5_N10000_cnn_E1_clr0.01_fedopt_sgd_slr1.0_sam_rho0.1_112125_19:29:40.ckpt
--- Round 26 of 10000: Training 5 Clients ---
Selected clients: ['96', '80', '53', '83', '40']
--- Updating central model ---
Checkpoint saved in path: checkpoints/cifar10/alpha0.5_K5_N10000_cnn_E1_clr0.01_fedopt_sgd_slr1.0_sam_rho0.1_112125_19:29:40.ckpt
--- Round 27 of 10000: Training 5 Clients ---
Selected clients: ['71', '40', '46', '42', '65']
--- Updating central model ---
Checkpoint saved in path: checkpoints/cifar10/alpha0.5_K5_N10000_cnn_E1_clr0.01_fedopt_sgd_slr1.0_sam_rho0.1_112125_19:29:40.ckpt
--- Round 28 of 10000: Training 5 Clients ---
Selected clients: ['28', '44', '2', '65', '83']
--- Updating central model ---
Checkpoint saved in path: checkpoints/cifar10/alpha0.5_K5_N10000_cnn_E1_clr0.01_fedopt_sgd_slr1.0_sam_rho0.1_112125_19:29:40.ckpt
--- Round 29 of 10000: Training 5 Clients ---
Selected clients: ['4', '8', '48', '75', '32']
--- Updating central model ---
Checkpoint saved in path: checkpoints/cifar10/alpha0.5_K5_N10000_cnn_E1_clr0.01_fedopt_sgd_slr1.0_sam_rho0.1_112125_19:29:40.ckpt
--- Round 30 of 10000: Training 5 Clients ---
Selected clients: ['51', '36', '0', '25', '9']
--- Updating central model ---
Checkpoint saved in path: checkpoints/cifar10/alpha0.5_K5_N10000_cnn_E1_clr0.01_fedopt_sgd_slr1.0_sam_rho0.1_112125_19:29:40.ckpt
--- Round 31 of 10000: Training 5 Clients ---
Selected clients: ['27', '12', '41', '20', '75']
--- Updating central model ---
Checkpoint saved in path: checkpoints/cifar10/alpha0.5_K5_N10000_cnn_E1_clr0.01_fedopt_sgd_slr1.0_sam_rho0.1_112125_19:29:40.ckpt
--- Round 32 of 10000: Training 5 Clients ---
Selected clients: ['85', '25', '87', '98', '48']
--- Updating central model ---
Checkpoint saved in path: checkpoints/cifar10/alpha0.5_K5_N10000_cnn_E1_clr0.01_fedopt_sgd_slr1.0_sam_rho0.1_112125_19:29:40.ckpt
--- Round 33 of 10000: Training 5 Clients ---
Selected clients: ['72', '65', '28', '16', '31']
--- Updating central model ---
Checkpoint saved in path: checkpoints/cifar10/alpha0.5_K5_N10000_cnn_E1_clr0.01_fedopt_sgd_slr1.0_sam_rho0.1_112125_19:29:40.ckpt
--- Round 34 of 10000: Training 5 Clients ---
Selected clients: ['3', '45', '29', '10', '39']
--- Updating central model ---
Checkpoint saved in path: checkpoints/cifar10/alpha0.5_K5_N10000_cnn_E1_clr0.01_fedopt_sgd_slr1.0_sam_rho0.1_112125_19:29:40.ckpt
--- Round 35 of 10000: Training 5 Clients ---
Selected clients: ['38', '45', '15', '96', '88']
--- Updating central model ---
Checkpoint saved in path: checkpoints/cifar10/alpha0.5_K5_N10000_cnn_E1_clr0.01_fedopt_sgd_slr1.0_sam_rho0.1_112125_19:29:40.ckpt
--- Round 36 of 10000: Training 5 Clients ---
Selected clients: ['63', '7', '64', '23', '96']
--- Updating central model ---
Checkpoint saved in path: checkpoints/cifar10/alpha0.5_K5_N10000_cnn_E1_clr0.01_fedopt_sgd_slr1.0_sam_rho0.1_112125_19:29:40.ckpt
--- Round 37 of 10000: Training 5 Clients ---
Selected clients: ['28', '71', '37', '30', '10']
--- Updating central model ---
Checkpoint saved in path: checkpoints/cifar10/alpha0.5_K5_N10000_cnn_E1_clr0.01_fedopt_sgd_slr1.0_sam_rho0.1_112125_19:29:40.ckpt
--- Round 38 of 10000: Training 5 Clients ---
Selected clients: ['33', '69', '62', '84', '29']
--- Updating central model ---
Checkpoint saved in path: checkpoints/cifar10/alpha0.5_K5_N10000_cnn_E1_clr0.01_fedopt_sgd_slr1.0_sam_rho0.1_112125_19:29:40.ckpt
--- Round 39 of 10000: Training 5 Clients ---
Selected clients: ['89', '10', '79', '87', '81']
--- Updating central model ---
Checkpoint saved in path: checkpoints/cifar10/alpha0.5_K5_N10000_cnn_E1_clr0.01_fedopt_sgd_slr1.0_sam_rho0.1_112125_19:29:40.ckpt
--- Round 40 of 10000: Training 5 Clients ---
Selected clients: ['74', '83', '37', '93', '10']
--- Updating central model ---
Checkpoint saved in path: checkpoints/cifar10/alpha0.5_K5_N10000_cnn_E1_clr0.01_fedopt_sgd_slr1.0_sam_rho0.1_112125_19:29:40.ckpt
--- Round 41 of 10000: Training 5 Clients ---
Selected clients: ['85', '96', '62', '16', '43']
--- Updating central model ---
Checkpoint saved in path: checkpoints/cifar10/alpha0.5_K5_N10000_cnn_E1_clr0.01_fedopt_sgd_slr1.0_sam_rho0.1_112125_19:29:40.ckpt
--- Round 42 of 10000: Training 5 Clients ---
Selected clients: ['20', '94', '9', '60', '80']
--- Updating central model ---
Checkpoint saved in path: checkpoints/cifar10/alpha0.5_K5_N10000_cnn_E1_clr0.01_fedopt_sgd_slr1.0_sam_rho0.1_112125_19:29:40.ckpt
--- Round 43 of 10000: Training 5 Clients ---
Selected clients: ['50', '46', '25', '18', '88']
--- Updating central model ---
Checkpoint saved in path: checkpoints/cifar10/alpha0.5_K5_N10000_cnn_E1_clr0.01_fedopt_sgd_slr1.0_sam_rho0.1_112125_19:29:40.ckpt
--- Round 44 of 10000: Training 5 Clients ---
Selected clients: ['20', '32', '56', '52', '9']
--- Updating central model ---
Checkpoint saved in path: checkpoints/cifar10/alpha0.5_K5_N10000_cnn_E1_clr0.01_fedopt_sgd_slr1.0_sam_rho0.1_112125_19:29:40.ckpt
--- Round 45 of 10000: Training 5 Clients ---
Selected clients: ['59', '95', '8', '71', '73']
--- Updating central model ---
Checkpoint saved in path: checkpoints/cifar10/alpha0.5_K5_N10000_cnn_E1_clr0.01_fedopt_sgd_slr1.0_sam_rho0.1_112125_19:29:40.ckpt
--- Round 46 of 10000: Training 5 Clients ---
Selected clients: ['46', '44', '70', '79', '33']
--- Updating central model ---
Checkpoint saved in path: checkpoints/cifar10/alpha0.5_K5_N10000_cnn_E1_clr0.01_fedopt_sgd_slr1.0_sam_rho0.1_112125_19:29:40.ckpt
--- Round 47 of 10000: Training 5 Clients ---
Selected clients: ['21', '20', '15', '94', '61']
--- Updating central model ---
Checkpoint saved in path: checkpoints/cifar10/alpha0.5_K5_N10000_cnn_E1_clr0.01_fedopt_sgd_slr1.0_sam_rho0.1_112125_19:29:40.ckpt
--- Round 48 of 10000: Training 5 Clients ---
Selected clients: ['64', '55', '60', '39', '20']
--- Updating central model ---
Checkpoint saved in path: checkpoints/cifar10/alpha0.5_K5_N10000_cnn_E1_clr0.01_fedopt_sgd_slr1.0_sam_rho0.1_112125_19:29:40.ckpt
--- Round 49 of 10000: Training 5 Clients ---
Selected clients: ['79', '13', '81', '74', '37']
--- Updating central model ---
Checkpoint saved in path: checkpoints/cifar10/alpha0.5_K5_N10000_cnn_E1_clr0.01_fedopt_sgd_slr1.0_sam_rho0.1_112125_19:29:40.ckpt
--- Round 50 of 10000: Training 5 Clients ---
Selected clients: ['79', '23', '86', '71', '96']
--- Updating central model ---
Checkpoint saved in path: checkpoints/cifar10/alpha0.5_K5_N10000_cnn_E1_clr0.01_fedopt_sgd_slr1.0_sam_rho0.1_112125_19:29:40.ckpt
--- Round 51 of 10000: Training 5 Clients ---
Selected clients: ['19', '11', '8', '12', '82']
--- Updating central model ---
Checkpoint saved in path: checkpoints/cifar10/alpha0.5_K5_N10000_cnn_E1_clr0.01_fedopt_sgd_slr1.0_sam_rho0.1_112125_19:29:40.ckpt
--- Round 52 of 10000: Training 5 Clients ---
Selected clients: ['27', '38', '57', '22', '59']
--- Updating central model ---
Checkpoint saved in path: checkpoints/cifar10/alpha0.5_K5_N10000_cnn_E1_clr0.01_fedopt_sgd_slr1.0_sam_rho0.1_112125_19:29:40.ckpt
--- Round 53 of 10000: Training 5 Clients ---
Selected clients: ['39', '84', '77', '49', '78']
--- Updating central model ---
Checkpoint saved in path: checkpoints/cifar10/alpha0.5_K5_N10000_cnn_E1_clr0.01_fedopt_sgd_slr1.0_sam_rho0.1_112125_19:29:40.ckpt
--- Round 54 of 10000: Training 5 Clients ---
Selected clients: ['5', '24', '89', '35', '45']
--- Updating central model ---
Checkpoint saved in path: checkpoints/cifar10/alpha0.5_K5_N10000_cnn_E1_clr0.01_fedopt_sgd_slr1.0_sam_rho0.1_112125_19:29:40.ckpt
--- Round 55 of 10000: Training 5 Clients ---
Selected clients: ['27', '94', '23', '60', '28']
--- Updating central model ---
Checkpoint saved in path: checkpoints/cifar10/alpha0.5_K5_N10000_cnn_E1_clr0.01_fedopt_sgd_slr1.0_sam_rho0.1_112125_19:29:40.ckpt
--- Round 56 of 10000: Training 5 Clients ---
Selected clients: ['3', '58', '26', '64', '6']
--- Updating central model ---
Checkpoint saved in path: checkpoints/cifar10/alpha0.5_K5_N10000_cnn_E1_clr0.01_fedopt_sgd_slr1.0_sam_rho0.1_112125_19:29:40.ckpt
--- Round 57 of 10000: Training 5 Clients ---
Selected clients: ['85', '44', '45', '58', '13']
--- Updating central model ---
Checkpoint saved in path: checkpoints/cifar10/alpha0.5_K5_N10000_cnn_E1_clr0.01_fedopt_sgd_slr1.0_sam_rho0.1_112125_19:29:40.ckpt
--- Round 58 of 10000: Training 5 Clients ---
Selected clients: ['15', '89', '0', '41', '43']
--- Updating central model ---
Checkpoint saved in path: checkpoints/cifar10/alpha0.5_K5_N10000_cnn_E1_clr0.01_fedopt_sgd_slr1.0_sam_rho0.1_112125_19:29:40.ckpt
--- Round 59 of 10000: Training 5 Clients ---
Selected clients: ['13', '67', '35', '97', '95']
--- Updating central model ---
Checkpoint saved in path: checkpoints/cifar10/alpha0.5_K5_N10000_cnn_E1_clr0.01_fedopt_sgd_slr1.0_sam_rho0.1_112125_19:29:40.ckpt
--- Round 60 of 10000: Training 5 Clients ---
Selected clients: ['26', '54', '15', '50', '89']
--- Updating central model ---
Checkpoint saved in path: checkpoints/cifar10/alpha0.5_K5_N10000_cnn_E1_clr0.01_fedopt_sgd_slr1.0_sam_rho0.1_112125_19:29:40.ckpt
--- Round 61 of 10000: Training 5 Clients ---
Selected clients: ['38', '92', '48', '47', '52']
--- Updating central model ---
Checkpoint saved in path: checkpoints/cifar10/alpha0.5_K5_N10000_cnn_E1_clr0.01_fedopt_sgd_slr1.0_sam_rho0.1_112125_19:29:40.ckpt
--- Round 62 of 10000: Training 5 Clients ---
Selected clients: ['21', '36', '90', '92', '81']
--- Updating central model ---
Checkpoint saved in path: checkpoints/cifar10/alpha0.5_K5_N10000_cnn_E1_clr0.01_fedopt_sgd_slr1.0_sam_rho0.1_112125_19:29:40.ckpt
--- Round 63 of 10000: Training 5 Clients ---
Selected clients: ['86', '68', '54', '57', '37']
--- Updating central model ---
Checkpoint saved in path: checkpoints/cifar10/alpha0.5_K5_N10000_cnn_E1_clr0.01_fedopt_sgd_slr1.0_sam_rho0.1_112125_19:29:40.ckpt
--- Round 64 of 10000: Training 5 Clients ---
Selected clients: ['15', '65', '64', '22', '19']
--- Updating central model ---
Checkpoint saved in path: checkpoints/cifar10/alpha0.5_K5_N10000_cnn_E1_clr0.01_fedopt_sgd_slr1.0_sam_rho0.1_112125_19:29:40.ckpt
--- Round 65 of 10000: Training 5 Clients ---
Selected clients: ['57', '13', '98', '6', '53']
--- Updating central model ---
Checkpoint saved in path: checkpoints/cifar10/alpha0.5_K5_N10000_cnn_E1_clr0.01_fedopt_sgd_slr1.0_sam_rho0.1_112125_19:29:40.ckpt
--- Round 66 of 10000: Training 5 Clients ---
Selected clients: ['60', '28', '25', '12', '2']
--- Updating central model ---
Checkpoint saved in path: checkpoints/cifar10/alpha0.5_K5_N10000_cnn_E1_clr0.01_fedopt_sgd_slr1.0_sam_rho0.1_112125_19:29:40.ckpt
--- Round 67 of 10000: Training 5 Clients ---
Selected clients: ['20', '42', '74', '71', '64']
--- Updating central model ---
Checkpoint saved in path: checkpoints/cifar10/alpha0.5_K5_N10000_cnn_E1_clr0.01_fedopt_sgd_slr1.0_sam_rho0.1_112125_19:29:40.ckpt
--- Round 68 of 10000: Training 5 Clients ---
Selected clients: ['91', '53', '78', '58', '42']
--- Updating central model ---
Checkpoint saved in path: checkpoints/cifar10/alpha0.5_K5_N10000_cnn_E1_clr0.01_fedopt_sgd_slr1.0_sam_rho0.1_112125_19:29:40.ckpt
--- Round 69 of 10000: Training 5 Clients ---
Selected clients: ['40', '18', '84', '88', '51']
--- Updating central model ---
Checkpoint saved in path: checkpoints/cifar10/alpha0.5_K5_N10000_cnn_E1_clr0.01_fedopt_sgd_slr1.0_sam_rho0.1_112125_19:29:40.ckpt
--- Round 70 of 10000: Training 5 Clients ---
Selected clients: ['1', '4', '98', '70', '88']
--- Updating central model ---
Checkpoint saved in path: checkpoints/cifar10/alpha0.5_K5_N10000_cnn_E1_clr0.01_fedopt_sgd_slr1.0_sam_rho0.1_112125_19:29:40.ckpt
--- Round 71 of 10000: Training 5 Clients ---
Selected clients: ['75', '0', '63', '92', '24']
--- Updating central model ---
Checkpoint saved in path: checkpoints/cifar10/alpha0.5_K5_N10000_cnn_E1_clr0.01_fedopt_sgd_slr1.0_sam_rho0.1_112125_19:29:40.ckpt
--- Round 72 of 10000: Training 5 Clients ---
Selected clients: ['81', '37', '39', '51', '74']
--- Updating central model ---
Checkpoint saved in path: checkpoints/cifar10/alpha0.5_K5_N10000_cnn_E1_clr0.01_fedopt_sgd_slr1.0_sam_rho0.1_112125_19:29:40.ckpt
--- Round 73 of 10000: Training 5 Clients ---
Selected clients: ['41', '48', '54', '8', '55']
--- Updating central model ---
Checkpoint saved in path: checkpoints/cifar10/alpha0.5_K5_N10000_cnn_E1_clr0.01_fedopt_sgd_slr1.0_sam_rho0.1_112125_19:29:40.ckpt
--- Round 74 of 10000: Training 5 Clients ---
Selected clients: ['55', '99', '29', '35', '87']
--- Updating central model ---
Checkpoint saved in path: checkpoints/cifar10/alpha0.5_K5_N10000_cnn_E1_clr0.01_fedopt_sgd_slr1.0_sam_rho0.1_112125_19:29:40.ckpt
--- Round 75 of 10000: Training 5 Clients ---
Selected clients: ['39', '44', '82', '22', '11']
--- Updating central model ---
Checkpoint saved in path: checkpoints/cifar10/alpha0.5_K5_N10000_cnn_E1_clr0.01_fedopt_sgd_slr1.0_sam_rho0.1_112125_19:29:40.ckpt
--- Round 76 of 10000: Training 5 Clients ---
Selected clients: ['89', '73', '52', '40', '21']
--- Updating central model ---
Checkpoint saved in path: checkpoints/cifar10/alpha0.5_K5_N10000_cnn_E1_clr0.01_fedopt_sgd_slr1.0_sam_rho0.1_112125_19:29:40.ckpt
--- Round 77 of 10000: Training 5 Clients ---
Selected clients: ['83', '13', '66', '85', '75']
--- Updating central model ---
Checkpoint saved in path: checkpoints/cifar10/alpha0.5_K5_N10000_cnn_E1_clr0.01_fedopt_sgd_slr1.0_sam_rho0.1_112125_19:29:40.ckpt
--- Round 78 of 10000: Training 5 Clients ---
Selected clients: ['74', '80', '17', '77', '94']
--- Updating central model ---
Checkpoint saved in path: checkpoints/cifar10/alpha0.5_K5_N10000_cnn_E1_clr0.01_fedopt_sgd_slr1.0_sam_rho0.1_112125_19:29:40.ckpt
--- Round 79 of 10000: Training 5 Clients ---
Selected clients: ['74', '56', '29', '16', '12']
--- Updating central model ---
Checkpoint saved in path: checkpoints/cifar10/alpha0.5_K5_N10000_cnn_E1_clr0.01_fedopt_sgd_slr1.0_sam_rho0.1_112125_19:29:40.ckpt
--- Round 80 of 10000: Training 5 Clients ---
Selected clients: ['23', '52', '41', '14', '70']
--- Updating central model ---
Checkpoint saved in path: checkpoints/cifar10/alpha0.5_K5_N10000_cnn_E1_clr0.01_fedopt_sgd_slr1.0_sam_rho0.1_112125_19:29:40.ckpt
--- Round 81 of 10000: Training 5 Clients ---
Selected clients: ['8', '69', '79', '57', '70']
--- Updating central model ---
Checkpoint saved in path: checkpoints/cifar10/alpha0.5_K5_N10000_cnn_E1_clr0.01_fedopt_sgd_slr1.0_sam_rho0.1_112125_19:29:40.ckpt
--- Round 82 of 10000: Training 5 Clients ---
Selected clients: ['45', '52', '96', '74', '10']
--- Updating central model ---
Checkpoint saved in path: checkpoints/cifar10/alpha0.5_K5_N10000_cnn_E1_clr0.01_fedopt_sgd_slr1.0_sam_rho0.1_112125_19:29:40.ckpt
--- Round 83 of 10000: Training 5 Clients ---
Selected clients: ['63', '41', '7', '37', '45']
--- Updating central model ---
Checkpoint saved in path: checkpoints/cifar10/alpha0.5_K5_N10000_cnn_E1_clr0.01_fedopt_sgd_slr1.0_sam_rho0.1_112125_19:29:40.ckpt
--- Round 84 of 10000: Training 5 Clients ---
Selected clients: ['39', '68', '49', '83', '2']
--- Updating central model ---
Checkpoint saved in path: checkpoints/cifar10/alpha0.5_K5_N10000_cnn_E1_clr0.01_fedopt_sgd_slr1.0_sam_rho0.1_112125_19:29:40.ckpt
--- Round 85 of 10000: Training 5 Clients ---
Selected clients: ['11', '16', '76', '22', '63']
--- Updating central model ---
Checkpoint saved in path: checkpoints/cifar10/alpha0.5_K5_N10000_cnn_E1_clr0.01_fedopt_sgd_slr1.0_sam_rho0.1_112125_19:29:40.ckpt
--- Round 86 of 10000: Training 5 Clients ---
Selected clients: ['84', '76', '52', '83', '41']
--- Updating central model ---
Checkpoint saved in path: checkpoints/cifar10/alpha0.5_K5_N10000_cnn_E1_clr0.01_fedopt_sgd_slr1.0_sam_rho0.1_112125_19:29:40.ckpt
--- Round 87 of 10000: Training 5 Clients ---
Selected clients: ['30', '39', '40', '92', '52']
--- Updating central model ---
Checkpoint saved in path: checkpoints/cifar10/alpha0.5_K5_N10000_cnn_E1_clr0.01_fedopt_sgd_slr1.0_sam_rho0.1_112125_19:29:40.ckpt
--- Round 88 of 10000: Training 5 Clients ---
Selected clients: ['0', '15', '59', '40', '70']
--- Updating central model ---
Checkpoint saved in path: checkpoints/cifar10/alpha0.5_K5_N10000_cnn_E1_clr0.01_fedopt_sgd_slr1.0_sam_rho0.1_112125_19:29:40.ckpt
--- Round 89 of 10000: Training 5 Clients ---
Selected clients: ['12', '53', '94', '5', '40']
--- Updating central model ---
Checkpoint saved in path: checkpoints/cifar10/alpha0.5_K5_N10000_cnn_E1_clr0.01_fedopt_sgd_slr1.0_sam_rho0.1_112125_19:29:40.ckpt
--- Round 90 of 10000: Training 5 Clients ---
Selected clients: ['66', '43', '47', '57', '21']
--- Updating central model ---
Checkpoint saved in path: checkpoints/cifar10/alpha0.5_K5_N10000_cnn_E1_clr0.01_fedopt_sgd_slr1.0_sam_rho0.1_112125_19:29:40.ckpt
--- Round 91 of 10000: Training 5 Clients ---
Selected clients: ['43', '44', '53', '60', '46']
--- Updating central model ---
Checkpoint saved in path: checkpoints/cifar10/alpha0.5_K5_N10000_cnn_E1_clr0.01_fedopt_sgd_slr1.0_sam_rho0.1_112125_19:29:40.ckpt
--- Round 92 of 10000: Training 5 Clients ---
Selected clients: ['54', '68', '34', '96', '78']
--- Updating central model ---
Checkpoint saved in path: checkpoints/cifar10/alpha0.5_K5_N10000_cnn_E1_clr0.01_fedopt_sgd_slr1.0_sam_rho0.1_112125_19:29:40.ckpt
--- Round 93 of 10000: Training 5 Clients ---
Selected clients: ['96', '15', '94', '70', '98']
--- Updating central model ---
Checkpoint saved in path: checkpoints/cifar10/alpha0.5_K5_N10000_cnn_E1_clr0.01_fedopt_sgd_slr1.0_sam_rho0.1_112125_19:29:40.ckpt
--- Round 94 of 10000: Training 5 Clients ---
Selected clients: ['63', '60', '29', '15', '38']
--- Updating central model ---
Checkpoint saved in path: checkpoints/cifar10/alpha0.5_K5_N10000_cnn_E1_clr0.01_fedopt_sgd_slr1.0_sam_rho0.1_112125_19:29:40.ckpt
--- Round 95 of 10000: Training 5 Clients ---
Selected clients: ['64', '19', '52', '12', '26']
--- Updating central model ---
Checkpoint saved in path: checkpoints/cifar10/alpha0.5_K5_N10000_cnn_E1_clr0.01_fedopt_sgd_slr1.0_sam_rho0.1_112125_19:29:40.ckpt
--- Round 96 of 10000: Training 5 Clients ---
Selected clients: ['67', '74', '39', '81', '13']
--- Updating central model ---
Checkpoint saved in path: checkpoints/cifar10/alpha0.5_K5_N10000_cnn_E1_clr0.01_fedopt_sgd_slr1.0_sam_rho0.1_112125_19:29:40.ckpt
--- Round 97 of 10000: Training 5 Clients ---
Selected clients: ['52', '62', '41', '59', '92']
--- Updating central model ---
Checkpoint saved in path: checkpoints/cifar10/alpha0.5_K5_N10000_cnn_E1_clr0.01_fedopt_sgd_slr1.0_sam_rho0.1_112125_19:29:40.ckpt
--- Round 98 of 10000: Training 5 Clients ---
Selected clients: ['1', '44', '94', '61', '2']
--- Updating central model ---
Checkpoint saved in path: checkpoints/cifar10/alpha0.5_K5_N10000_cnn_E1_clr0.01_fedopt_sgd_slr1.0_sam_rho0.1_112125_19:29:40.ckpt
--- Round 99 of 10000: Training 5 Clients ---
Selected clients: ['10', '69', '15', '96', '91']
--- Updating central model ---
Checkpoint saved in path: checkpoints/cifar10/alpha0.5_K5_N10000_cnn_E1_clr0.01_fedopt_sgd_slr1.0_sam_rho0.1_112125_19:29:40.ckpt
--- Round 100 of 10000: Training 5 Clients ---
Selected clients: ['41', '12', '13', '54', '67']
--- Updating central model ---
train_accuracy: 10.0914, 10th percentile: 0.242915, 50th percentile: 4.61368, 90th percentile 26.8716
train_loss: 2.30335, 10th percentile: 2.26082, 50th percentile: 2.30048, 90th percentile 2.34365
test_accuracy: 10, 10th percentile: 10, 50th percentile: 10, 90th percentile 10
test_loss: 2.30319, 10th percentile: 2.30319, 50th percentile: 2.30319, 90th percentile 2.30319
Checkpoint saved in path: checkpoints/cifar10/alpha0.5_K5_N10000_cnn_E1_clr0.01_fedopt_sgd_slr1.0_sam_rho0.1_112125_19:29:40.ckpt
--- Round 101 of 10000: Training 5 Clients ---
Selected clients: ['44', '55', '89', '64', '76']
--- Updating central model ---
Checkpoint saved in path: checkpoints/cifar10/alpha0.5_K5_N10000_cnn_E1_clr0.01_fedopt_sgd_slr1.0_sam_rho0.1_112125_19:29:40.ckpt
--- Round 102 of 10000: Training 5 Clients ---
Selected clients: ['39', '88', '45', '36', '37']
--- Updating central model ---
Checkpoint saved in path: checkpoints/cifar10/alpha0.5_K5_N10000_cnn_E1_clr0.01_fedopt_sgd_slr1.0_sam_rho0.1_112125_19:29:40.ckpt
--- Round 103 of 10000: Training 5 Clients ---
Selected clients: ['91', '76', '92', '80', '48']
--- Updating central model ---
Checkpoint saved in path: checkpoints/cifar10/alpha0.5_K5_N10000_cnn_E1_clr0.01_fedopt_sgd_slr1.0_sam_rho0.1_112125_19:29:40.ckpt
--- Round 104 of 10000: Training 5 Clients ---
Selected clients: ['34', '74', '92', '77', '68']
--- Updating central model ---
Checkpoint saved in path: checkpoints/cifar10/alpha0.5_K5_N10000_cnn_E1_clr0.01_fedopt_sgd_slr1.0_sam_rho0.1_112125_19:29:40.ckpt
--- Round 105 of 10000: Training 5 Clients ---
Selected clients: ['49', '99', '12', '0', '44']
--- Updating central model ---
Checkpoint saved in path: checkpoints/cifar10/alpha0.5_K5_N10000_cnn_E1_clr0.01_fedopt_sgd_slr1.0_sam_rho0.1_112125_19:29:40.ckpt
--- Round 106 of 10000: Training 5 Clients ---
Selected clients: ['60', '62', '36', '91', '88']
--- Updating central model ---
Checkpoint saved in path: checkpoints/cifar10/alpha0.5_K5_N10000_cnn_E1_clr0.01_fedopt_sgd_slr1.0_sam_rho0.1_112125_19:29:40.ckpt
--- Round 107 of 10000: Training 5 Clients ---
Selected clients: ['60', '65', '66', '12', '0']
--- Updating central model ---
Checkpoint saved in path: checkpoints/cifar10/alpha0.5_K5_N10000_cnn_E1_clr0.01_fedopt_sgd_slr1.0_sam_rho0.1_112125_19:29:40.ckpt
--- Round 108 of 10000: Training 5 Clients ---
Selected clients: ['96', '27', '15', '33', '83']
--- Updating central model ---
Checkpoint saved in path: checkpoints/cifar10/alpha0.5_K5_N10000_cnn_E1_clr0.01_fedopt_sgd_slr1.0_sam_rho0.1_112125_19:29:40.ckpt
--- Round 109 of 10000: Training 5 Clients ---
Selected clients: ['49', '26', '10', '79', '51']
--- Updating central model ---
Checkpoint saved in path: checkpoints/cifar10/alpha0.5_K5_N10000_cnn_E1_clr0.01_fedopt_sgd_slr1.0_sam_rho0.1_112125_19:29:40.ckpt
--- Round 110 of 10000: Training 5 Clients ---
Selected clients: ['16', '39', '37', '72', '10']
--- Updating central model ---
Checkpoint saved in path: checkpoints/cifar10/alpha0.5_K5_N10000_cnn_E1_clr0.01_fedopt_sgd_slr1.0_sam_rho0.1_112125_19:29:40.ckpt
--- Round 111 of 10000: Training 5 Clients ---
Selected clients: ['97', '59', '31', '16', '27']
--- Updating central model ---
Checkpoint saved in path: checkpoints/cifar10/alpha0.5_K5_N10000_cnn_E1_clr0.01_fedopt_sgd_slr1.0_sam_rho0.1_112125_19:29:40.ckpt
--- Round 112 of 10000: Training 5 Clients ---
Selected clients: ['80', '72', '9', '69', '56']
--- Updating central model ---
Checkpoint saved in path: checkpoints/cifar10/alpha0.5_K5_N10000_cnn_E1_clr0.01_fedopt_sgd_slr1.0_sam_rho0.1_112125_19:29:40.ckpt
--- Round 113 of 10000: Training 5 Clients ---
Selected clients: ['13', '95', '11', '69', '41']
--- Updating central model ---
Checkpoint saved in path: checkpoints/cifar10/alpha0.5_K5_N10000_cnn_E1_clr0.01_fedopt_sgd_slr1.0_sam_rho0.1_112125_19:29:40.ckpt
--- Round 114 of 10000: Training 5 Clients ---
Selected clients: ['30', '35', '5', '59', '48']
--- Updating central model ---
Checkpoint saved in path: checkpoints/cifar10/alpha0.5_K5_N10000_cnn_E1_clr0.01_fedopt_sgd_slr1.0_sam_rho0.1_112125_19:29:40.ckpt
--- Round 115 of 10000: Training 5 Clients ---
Selected clients: ['6', '57', '43', '52', '10']
--- Updating central model ---
Checkpoint saved in path: checkpoints/cifar10/alpha0.5_K5_N10000_cnn_E1_clr0.01_fedopt_sgd_slr1.0_sam_rho0.1_112125_19:29:40.ckpt
--- Round 116 of 10000: Training 5 Clients ---
Selected clients: ['43', '91', '77', '15', '44']
--- Updating central model ---
Checkpoint saved in path: checkpoints/cifar10/alpha0.5_K5_N10000_cnn_E1_clr0.01_fedopt_sgd_slr1.0_sam_rho0.1_112125_19:29:40.ckpt
--- Round 117 of 10000: Training 5 Clients ---
Selected clients: ['58', '84', '83', '28', '62']
--- Updating central model ---
Checkpoint saved in path: checkpoints/cifar10/alpha0.5_K5_N10000_cnn_E1_clr0.01_fedopt_sgd_slr1.0_sam_rho0.1_112125_19:29:40.ckpt
--- Round 118 of 10000: Training 5 Clients ---
Selected clients: ['7', '35', '69', '5', '57']
--- Updating central model ---
Checkpoint saved in path: checkpoints/cifar10/alpha0.5_K5_N10000_cnn_E1_clr0.01_fedopt_sgd_slr1.0_sam_rho0.1_112125_19:29:40.ckpt
--- Round 119 of 10000: Training 5 Clients ---
Selected clients: ['78', '48', '53', '36', '65']
--- Updating central model ---
Checkpoint saved in path: checkpoints/cifar10/alpha0.5_K5_N10000_cnn_E1_clr0.01_fedopt_sgd_slr1.0_sam_rho0.1_112125_19:29:40.ckpt
--- Round 120 of 10000: Training 5 Clients ---
Selected clients: ['99', '16', '90', '48', '36']
--- Updating central model ---
Checkpoint saved in path: checkpoints/cifar10/alpha0.5_K5_N10000_cnn_E1_clr0.01_fedopt_sgd_slr1.0_sam_rho0.1_112125_19:29:40.ckpt
--- Round 121 of 10000: Training 5 Clients ---
Selected clients: ['74', '67', '1', '16', '70']
--- Updating central model ---
Checkpoint saved in path: checkpoints/cifar10/alpha0.5_K5_N10000_cnn_E1_clr0.01_fedopt_sgd_slr1.0_sam_rho0.1_112125_19:29:40.ckpt
--- Round 122 of 10000: Training 5 Clients ---
Selected clients: ['91', '34', '39', '59', '52']
--- Updating central model ---
Checkpoint saved in path: checkpoints/cifar10/alpha0.5_K5_N10000_cnn_E1_clr0.01_fedopt_sgd_slr1.0_sam_rho0.1_112125_19:29:40.ckpt
--- Round 123 of 10000: Training 5 Clients ---
Selected clients: ['66', '44', '45', '11', '80']
--- Updating central model ---
Checkpoint saved in path: checkpoints/cifar10/alpha0.5_K5_N10000_cnn_E1_clr0.01_fedopt_sgd_slr1.0_sam_rho0.1_112125_19:29:40.ckpt
--- Round 124 of 10000: Training 5 Clients ---
Selected clients: ['19', '5', '62', '52', '14']
--- Updating central model ---
Checkpoint saved in path: checkpoints/cifar10/alpha0.5_K5_N10000_cnn_E1_clr0.01_fedopt_sgd_slr1.0_sam_rho0.1_112125_19:29:40.ckpt
--- Round 125 of 10000: Training 5 Clients ---
Selected clients: ['63', '61', '40', '93', '29']
--- Updating central model ---
Checkpoint saved in path: checkpoints/cifar10/alpha0.5_K5_N10000_cnn_E1_clr0.01_fedopt_sgd_slr1.0_sam_rho0.1_112125_19:29:40.ckpt
--- Round 126 of 10000: Training 5 Clients ---
Selected clients: ['39', '71', '32', '58', '13']
--- Updating central model ---
Checkpoint saved in path: checkpoints/cifar10/alpha0.5_K5_N10000_cnn_E1_clr0.01_fedopt_sgd_slr1.0_sam_rho0.1_112125_19:29:40.ckpt
--- Round 127 of 10000: Training 5 Clients ---
Selected clients: ['48', '34', '76', '87', '84']
--- Updating central model ---
Checkpoint saved in path: checkpoints/cifar10/alpha0.5_K5_N10000_cnn_E1_clr0.01_fedopt_sgd_slr1.0_sam_rho0.1_112125_19:29:40.ckpt
--- Round 128 of 10000: Training 5 Clients ---
Selected clients: ['19', '95', '80', '66', '83']
--- Updating central model ---
Checkpoint saved in path: checkpoints/cifar10/alpha0.5_K5_N10000_cnn_E1_clr0.01_fedopt_sgd_slr1.0_sam_rho0.1_112125_19:29:40.ckpt
--- Round 129 of 10000: Training 5 Clients ---
Selected clients: ['50', '38', '83', '71', '44']
--- Updating central model ---
Checkpoint saved in path: checkpoints/cifar10/alpha0.5_K5_N10000_cnn_E1_clr0.01_fedopt_sgd_slr1.0_sam_rho0.1_112125_19:29:40.ckpt
--- Round 130 of 10000: Training 5 Clients ---
Selected clients: ['42', '3', '23', '1', '51']
--- Updating central model ---
Checkpoint saved in path: checkpoints/cifar10/alpha0.5_K5_N10000_cnn_E1_clr0.01_fedopt_sgd_slr1.0_sam_rho0.1_112125_19:29:40.ckpt
--- Round 131 of 10000: Training 5 Clients ---
Selected clients: ['87', '75', '72', '45', '31']
--- Updating central model ---
Checkpoint saved in path: checkpoints/cifar10/alpha0.5_K5_N10000_cnn_E1_clr0.01_fedopt_sgd_slr1.0_sam_rho0.1_112125_19:29:40.ckpt
--- Round 132 of 10000: Training 5 Clients ---
Selected clients: ['48', '6', '46', '84', '77']
--- Updating central model ---
Checkpoint saved in path: checkpoints/cifar10/alpha0.5_K5_N10000_cnn_E1_clr0.01_fedopt_sgd_slr1.0_sam_rho0.1_112125_19:29:40.ckpt
--- Round 133 of 10000: Training 5 Clients ---
Selected clients: ['50', '85', '92', '77', '3']
--- Updating central model ---
Checkpoint saved in path: checkpoints/cifar10/alpha0.5_K5_N10000_cnn_E1_clr0.01_fedopt_sgd_slr1.0_sam_rho0.1_112125_19:29:40.ckpt
--- Round 134 of 10000: Training 5 Clients ---
Selected clients: ['63', '35', '54', '89', '46']
--- Updating central model ---
Checkpoint saved in path: checkpoints/cifar10/alpha0.5_K5_N10000_cnn_E1_clr0.01_fedopt_sgd_slr1.0_sam_rho0.1_112125_19:29:40.ckpt
--- Round 135 of 10000: Training 5 Clients ---
Selected clients: ['8', '67', '85', '13', '51']
--- Updating central model ---
Checkpoint saved in path: checkpoints/cifar10/alpha0.5_K5_N10000_cnn_E1_clr0.01_fedopt_sgd_slr1.0_sam_rho0.1_112125_19:29:40.ckpt
--- Round 136 of 10000: Training 5 Clients ---
Selected clients: ['76', '33', '26', '62', '50']
--- Updating central model ---
Checkpoint saved in path: checkpoints/cifar10/alpha0.5_K5_N10000_cnn_E1_clr0.01_fedopt_sgd_slr1.0_sam_rho0.1_112125_19:29:40.ckpt
--- Round 137 of 10000: Training 5 Clients ---
Selected clients: ['23', '63', '20', '71', '8']
--- Updating central model ---
Checkpoint saved in path: checkpoints/cifar10/alpha0.5_K5_N10000_cnn_E1_clr0.01_fedopt_sgd_slr1.0_sam_rho0.1_112125_19:29:40.ckpt
--- Round 138 of 10000: Training 5 Clients ---
Selected clients: ['59', '52', '99', '61', '88']
--- Updating central model ---
Checkpoint saved in path: checkpoints/cifar10/alpha0.5_K5_N10000_cnn_E1_clr0.01_fedopt_sgd_slr1.0_sam_rho0.1_112125_19:29:40.ckpt
--- Round 139 of 10000: Training 5 Clients ---
Selected clients: ['4', '24', '76', '45', '69']
--- Updating central model ---
Checkpoint saved in path: checkpoints/cifar10/alpha0.5_K5_N10000_cnn_E1_clr0.01_fedopt_sgd_slr1.0_sam_rho0.1_112125_19:29:40.ckpt
--- Round 140 of 10000: Training 5 Clients ---
Selected clients: ['9', '31', '51', '15', '67']
--- Updating central model ---
Checkpoint saved in path: checkpoints/cifar10/alpha0.5_K5_N10000_cnn_E1_clr0.01_fedopt_sgd_slr1.0_sam_rho0.1_112125_19:29:40.ckpt
--- Round 141 of 10000: Training 5 Clients ---
Selected clients: ['80', '4', '31', '0', '39']
--- Updating central model ---
Checkpoint saved in path: checkpoints/cifar10/alpha0.5_K5_N10000_cnn_E1_clr0.01_fedopt_sgd_slr1.0_sam_rho0.1_112125_19:29:40.ckpt
--- Round 142 of 10000: Training 5 Clients ---
Selected clients: ['81', '38', '34', '97', '83']
--- Updating central model ---
Checkpoint saved in path: checkpoints/cifar10/alpha0.5_K5_N10000_cnn_E1_clr0.01_fedopt_sgd_slr1.0_sam_rho0.1_112125_19:29:40.ckpt
--- Round 143 of 10000: Training 5 Clients ---
Selected clients: ['57', '64', '3', '4', '0']
--- Updating central model ---
Checkpoint saved in path: checkpoints/cifar10/alpha0.5_K5_N10000_cnn_E1_clr0.01_fedopt_sgd_slr1.0_sam_rho0.1_112125_19:29:40.ckpt
--- Round 144 of 10000: Training 5 Clients ---
Selected clients: ['4', '39', '48', '30', '26']
--- Updating central model ---
Checkpoint saved in path: checkpoints/cifar10/alpha0.5_K5_N10000_cnn_E1_clr0.01_fedopt_sgd_slr1.0_sam_rho0.1_112125_19:29:40.ckpt
--- Round 145 of 10000: Training 5 Clients ---
Selected clients: ['74', '30', '22', '82', '67']
--- Updating central model ---
Checkpoint saved in path: checkpoints/cifar10/alpha0.5_K5_N10000_cnn_E1_clr0.01_fedopt_sgd_slr1.0_sam_rho0.1_112125_19:29:40.ckpt
--- Round 146 of 10000: Training 5 Clients ---
Selected clients: ['21', '74', '69', '30', '24']
--- Updating central model ---
Checkpoint saved in path: checkpoints/cifar10/alpha0.5_K5_N10000_cnn_E1_clr0.01_fedopt_sgd_slr1.0_sam_rho0.1_112125_19:29:40.ckpt
--- Round 147 of 10000: Training 5 Clients ---
Selected clients: ['51', '68', '74', '93', '0']
--- Updating central model ---
Checkpoint saved in path: checkpoints/cifar10/alpha0.5_K5_N10000_cnn_E1_clr0.01_fedopt_sgd_slr1.0_sam_rho0.1_112125_19:29:40.ckpt
--- Round 148 of 10000: Training 5 Clients ---
Selected clients: ['32', '33', '51', '23', '58']
--- Updating central model ---
Checkpoint saved in path: checkpoints/cifar10/alpha0.5_K5_N10000_cnn_E1_clr0.01_fedopt_sgd_slr1.0_sam_rho0.1_112125_19:29:40.ckpt
--- Round 149 of 10000: Training 5 Clients ---
Selected clients: ['64', '83', '74', '80', '51']
--- Updating central model ---
Checkpoint saved in path: checkpoints/cifar10/alpha0.5_K5_N10000_cnn_E1_clr0.01_fedopt_sgd_slr1.0_sam_rho0.1_112125_19:29:40.ckpt
--- Round 150 of 10000: Training 5 Clients ---
Selected clients: ['42', '90', '13', '24', '87']
--- Updating central model ---
Checkpoint saved in path: checkpoints/cifar10/alpha0.5_K5_N10000_cnn_E1_clr0.01_fedopt_sgd_slr1.0_sam_rho0.1_112125_19:29:40.ckpt
--- Round 151 of 10000: Training 5 Clients ---
Selected clients: ['23', '8', '75', '94', '97']
--- Updating central model ---
Checkpoint saved in path: checkpoints/cifar10/alpha0.5_K5_N10000_cnn_E1_clr0.01_fedopt_sgd_slr1.0_sam_rho0.1_112125_19:29:40.ckpt
--- Round 152 of 10000: Training 5 Clients ---
Selected clients: ['66', '89', '43', '34', '76']
--- Updating central model ---
Checkpoint saved in path: checkpoints/cifar10/alpha0.5_K5_N10000_cnn_E1_clr0.01_fedopt_sgd_slr1.0_sam_rho0.1_112125_19:29:40.ckpt
--- Round 153 of 10000: Training 5 Clients ---
Selected clients: ['91', '6', '72', '34', '12']
--- Updating central model ---
Checkpoint saved in path: checkpoints/cifar10/alpha0.5_K5_N10000_cnn_E1_clr0.01_fedopt_sgd_slr1.0_sam_rho0.1_112125_19:29:40.ckpt
--- Round 154 of 10000: Training 5 Clients ---
Selected clients: ['68', '37', '19', '91', '80']
--- Updating central model ---
Checkpoint saved in path: checkpoints/cifar10/alpha0.5_K5_N10000_cnn_E1_clr0.01_fedopt_sgd_slr1.0_sam_rho0.1_112125_19:29:40.ckpt
--- Round 155 of 10000: Training 5 Clients ---
Selected clients: ['73', '93', '32', '88', '20']
--- Updating central model ---
Checkpoint saved in path: checkpoints/cifar10/alpha0.5_K5_N10000_cnn_E1_clr0.01_fedopt_sgd_slr1.0_sam_rho0.1_112125_19:29:40.ckpt
--- Round 156 of 10000: Training 5 Clients ---
Selected clients: ['64', '2', '43', '80', '23']
--- Updating central model ---
Checkpoint saved in path: checkpoints/cifar10/alpha0.5_K5_N10000_cnn_E1_clr0.01_fedopt_sgd_slr1.0_sam_rho0.1_112125_19:29:40.ckpt
--- Round 157 of 10000: Training 5 Clients ---
Selected clients: ['20', '32', '16', '21', '90']
--- Updating central model ---
Checkpoint saved in path: checkpoints/cifar10/alpha0.5_K5_N10000_cnn_E1_clr0.01_fedopt_sgd_slr1.0_sam_rho0.1_112125_19:29:40.ckpt
--- Round 158 of 10000: Training 5 Clients ---
Selected clients: ['4', '57', '8', '35', '16']
--- Updating central model ---
Checkpoint saved in path: checkpoints/cifar10/alpha0.5_K5_N10000_cnn_E1_clr0.01_fedopt_sgd_slr1.0_sam_rho0.1_112125_19:29:40.ckpt
--- Round 159 of 10000: Training 5 Clients ---
Selected clients: ['1', '54', '7', '79', '82']
--- Updating central model ---
Checkpoint saved in path: checkpoints/cifar10/alpha0.5_K5_N10000_cnn_E1_clr0.01_fedopt_sgd_slr1.0_sam_rho0.1_112125_19:29:40.ckpt
--- Round 160 of 10000: Training 5 Clients ---
Selected clients: ['65', '48', '12', '66', '51']
--- Updating central model ---
Checkpoint saved in path: checkpoints/cifar10/alpha0.5_K5_N10000_cnn_E1_clr0.01_fedopt_sgd_slr1.0_sam_rho0.1_112125_19:29:40.ckpt
--- Round 161 of 10000: Training 5 Clients ---
Selected clients: ['77', '84', '45', '38', '93']
--- Updating central model ---
Checkpoint saved in path: checkpoints/cifar10/alpha0.5_K5_N10000_cnn_E1_clr0.01_fedopt_sgd_slr1.0_sam_rho0.1_112125_19:29:40.ckpt
--- Round 162 of 10000: Training 5 Clients ---
Selected clients: ['10', '56', '17', '31', '59']
--- Updating central model ---
Checkpoint saved in path: checkpoints/cifar10/alpha0.5_K5_N10000_cnn_E1_clr0.01_fedopt_sgd_slr1.0_sam_rho0.1_112125_19:29:40.ckpt
--- Round 163 of 10000: Training 5 Clients ---
Selected clients: ['54', '51', '93', '96', '2']
--- Updating central model ---
Checkpoint saved in path: checkpoints/cifar10/alpha0.5_K5_N10000_cnn_E1_clr0.01_fedopt_sgd_slr1.0_sam_rho0.1_112125_19:29:40.ckpt
--- Round 164 of 10000: Training 5 Clients ---
Selected clients: ['76', '60', '36', '94', '93']
--- Updating central model ---
Checkpoint saved in path: checkpoints/cifar10/alpha0.5_K5_N10000_cnn_E1_clr0.01_fedopt_sgd_slr1.0_sam_rho0.1_112125_19:29:40.ckpt
--- Round 165 of 10000: Training 5 Clients ---
Selected clients: ['37', '0', '78', '36', '94']
--- Updating central model ---
Checkpoint saved in path: checkpoints/cifar10/alpha0.5_K5_N10000_cnn_E1_clr0.01_fedopt_sgd_slr1.0_sam_rho0.1_112125_19:29:40.ckpt
--- Round 166 of 10000: Training 5 Clients ---
Selected clients: ['44', '69', '56', '89', '43']
--- Updating central model ---
Checkpoint saved in path: checkpoints/cifar10/alpha0.5_K5_N10000_cnn_E1_clr0.01_fedopt_sgd_slr1.0_sam_rho0.1_112125_19:29:40.ckpt
--- Round 167 of 10000: Training 5 Clients ---
Selected clients: ['71', '5', '30', '44', '60']
--- Updating central model ---
Checkpoint saved in path: checkpoints/cifar10/alpha0.5_K5_N10000_cnn_E1_clr0.01_fedopt_sgd_slr1.0_sam_rho0.1_112125_19:29:40.ckpt
--- Round 168 of 10000: Training 5 Clients ---
Selected clients: ['69', '2', '14', '71', '70']
--- Updating central model ---
Checkpoint saved in path: checkpoints/cifar10/alpha0.5_K5_N10000_cnn_E1_clr0.01_fedopt_sgd_slr1.0_sam_rho0.1_112125_19:29:40.ckpt
--- Round 169 of 10000: Training 5 Clients ---
Selected clients: ['92', '17', '3', '0', '73']
--- Updating central model ---
Checkpoint saved in path: checkpoints/cifar10/alpha0.5_K5_N10000_cnn_E1_clr0.01_fedopt_sgd_slr1.0_sam_rho0.1_112125_19:29:40.ckpt
--- Round 170 of 10000: Training 5 Clients ---
Selected clients: ['95', '49', '92', '25', '65']
--- Updating central model ---
Checkpoint saved in path: checkpoints/cifar10/alpha0.5_K5_N10000_cnn_E1_clr0.01_fedopt_sgd_slr1.0_sam_rho0.1_112125_19:29:40.ckpt
--- Round 171 of 10000: Training 5 Clients ---
Selected clients: ['37', '60', '99', '53', '93']
--- Updating central model ---
Checkpoint saved in path: checkpoints/cifar10/alpha0.5_K5_N10000_cnn_E1_clr0.01_fedopt_sgd_slr1.0_sam_rho0.1_112125_19:29:40.ckpt
--- Round 172 of 10000: Training 5 Clients ---
Selected clients: ['44', '60', '35', '56', '22']
--- Updating central model ---
Checkpoint saved in path: checkpoints/cifar10/alpha0.5_K5_N10000_cnn_E1_clr0.01_fedopt_sgd_slr1.0_sam_rho0.1_112125_19:29:40.ckpt
--- Round 173 of 10000: Training 5 Clients ---
Selected clients: ['48', '47', '6', '7', '77']
--- Updating central model ---
Checkpoint saved in path: checkpoints/cifar10/alpha0.5_K5_N10000_cnn_E1_clr0.01_fedopt_sgd_slr1.0_sam_rho0.1_112125_19:29:40.ckpt
--- Round 174 of 10000: Training 5 Clients ---
Selected clients: ['38', '69', '53', '31', '61']
--- Updating central model ---
Checkpoint saved in path: checkpoints/cifar10/alpha0.5_K5_N10000_cnn_E1_clr0.01_fedopt_sgd_slr1.0_sam_rho0.1_112125_19:29:40.ckpt
--- Round 175 of 10000: Training 5 Clients ---
Selected clients: ['75', '23', '66', '46', '15']
--- Updating central model ---
Checkpoint saved in path: checkpoints/cifar10/alpha0.5_K5_N10000_cnn_E1_clr0.01_fedopt_sgd_slr1.0_sam_rho0.1_112125_19:29:40.ckpt
--- Round 176 of 10000: Training 5 Clients ---
Selected clients: ['25', '0', '35', '90', '99']
--- Updating central model ---
Checkpoint saved in path: checkpoints/cifar10/alpha0.5_K5_N10000_cnn_E1_clr0.01_fedopt_sgd_slr1.0_sam_rho0.1_112125_19:29:40.ckpt
--- Round 177 of 10000: Training 5 Clients ---
Selected clients: ['92', '97', '41', '10', '20']
--- Updating central model ---
Checkpoint saved in path: checkpoints/cifar10/alpha0.5_K5_N10000_cnn_E1_clr0.01_fedopt_sgd_slr1.0_sam_rho0.1_112125_19:29:40.ckpt
--- Round 178 of 10000: Training 5 Clients ---
Selected clients: ['49', '61', '82', '66', '3']
--- Updating central model ---
Checkpoint saved in path: checkpoints/cifar10/alpha0.5_K5_N10000_cnn_E1_clr0.01_fedopt_sgd_slr1.0_sam_rho0.1_112125_19:29:40.ckpt
--- Round 179 of 10000: Training 5 Clients ---
Selected clients: ['65', '18', '90', '1', '28']
--- Updating central model ---
Checkpoint saved in path: checkpoints/cifar10/alpha0.5_K5_N10000_cnn_E1_clr0.01_fedopt_sgd_slr1.0_sam_rho0.1_112125_19:29:40.ckpt
--- Round 180 of 10000: Training 5 Clients ---
Selected clients: ['61', '59', '9', '11', '27']
--- Updating central model ---
Checkpoint saved in path: checkpoints/cifar10/alpha0.5_K5_N10000_cnn_E1_clr0.01_fedopt_sgd_slr1.0_sam_rho0.1_112125_19:29:40.ckpt
--- Round 181 of 10000: Training 5 Clients ---
Selected clients: ['56', '20', '62', '94', '30']
--- Updating central model ---
Checkpoint saved in path: checkpoints/cifar10/alpha0.5_K5_N10000_cnn_E1_clr0.01_fedopt_sgd_slr1.0_sam_rho0.1_112125_19:29:40.ckpt
--- Round 182 of 10000: Training 5 Clients ---
Selected clients: ['9', '10', '57', '53', '30']
--- Updating central model ---
Checkpoint saved in path: checkpoints/cifar10/alpha0.5_K5_N10000_cnn_E1_clr0.01_fedopt_sgd_slr1.0_sam_rho0.1_112125_19:29:40.ckpt
--- Round 183 of 10000: Training 5 Clients ---
Selected clients: ['70', '3', '51', '58', '96']
--- Updating central model ---
Checkpoint saved in path: checkpoints/cifar10/alpha0.5_K5_N10000_cnn_E1_clr0.01_fedopt_sgd_slr1.0_sam_rho0.1_112125_19:29:40.ckpt
--- Round 184 of 10000: Training 5 Clients ---
Selected clients: ['72', '80', '23', '53', '54']
--- Updating central model ---
Checkpoint saved in path: checkpoints/cifar10/alpha0.5_K5_N10000_cnn_E1_clr0.01_fedopt_sgd_slr1.0_sam_rho0.1_112125_19:29:40.ckpt
--- Round 185 of 10000: Training 5 Clients ---
Selected clients: ['17', '66', '10', '33', '15']
--- Updating central model ---
Checkpoint saved in path: checkpoints/cifar10/alpha0.5_K5_N10000_cnn_E1_clr0.01_fedopt_sgd_slr1.0_sam_rho0.1_112125_19:29:40.ckpt
--- Round 186 of 10000: Training 5 Clients ---
Selected clients: ['36', '82', '51', '45', '12']
--- Updating central model ---
Checkpoint saved in path: checkpoints/cifar10/alpha0.5_K5_N10000_cnn_E1_clr0.01_fedopt_sgd_slr1.0_sam_rho0.1_112125_19:29:40.ckpt
--- Round 187 of 10000: Training 5 Clients ---
Selected clients: ['82', '2', '94', '41', '61']
--- Updating central model ---
Checkpoint saved in path: checkpoints/cifar10/alpha0.5_K5_N10000_cnn_E1_clr0.01_fedopt_sgd_slr1.0_sam_rho0.1_112125_19:29:40.ckpt
--- Round 188 of 10000: Training 5 Clients ---
Selected clients: ['40', '29', '72', '34', '11']
--- Updating central model ---
Checkpoint saved in path: checkpoints/cifar10/alpha0.5_K5_N10000_cnn_E1_clr0.01_fedopt_sgd_slr1.0_sam_rho0.1_112125_19:29:40.ckpt
--- Round 189 of 10000: Training 5 Clients ---
Selected clients: ['26', '70', '96', '20', '19']
--- Updating central model ---
Checkpoint saved in path: checkpoints/cifar10/alpha0.5_K5_N10000_cnn_E1_clr0.01_fedopt_sgd_slr1.0_sam_rho0.1_112125_19:29:40.ckpt
--- Round 190 of 10000: Training 5 Clients ---
Selected clients: ['2', '75', '15', '4', '17']
--- Updating central model ---
Checkpoint saved in path: checkpoints/cifar10/alpha0.5_K5_N10000_cnn_E1_clr0.01_fedopt_sgd_slr1.0_sam_rho0.1_112125_19:29:40.ckpt
--- Round 191 of 10000: Training 5 Clients ---
Selected clients: ['38', '90', '56', '20', '44']
--- Updating central model ---
Checkpoint saved in path: checkpoints/cifar10/alpha0.5_K5_N10000_cnn_E1_clr0.01_fedopt_sgd_slr1.0_sam_rho0.1_112125_19:29:40.ckpt
--- Round 192 of 10000: Training 5 Clients ---
Selected clients: ['71', '47', '77', '17', '26']
--- Updating central model ---
Checkpoint saved in path: checkpoints/cifar10/alpha0.5_K5_N10000_cnn_E1_clr0.01_fedopt_sgd_slr1.0_sam_rho0.1_112125_19:29:40.ckpt
--- Round 193 of 10000: Training 5 Clients ---
Selected clients: ['28', '71', '85', '24', '57']
--- Updating central model ---
Checkpoint saved in path: checkpoints/cifar10/alpha0.5_K5_N10000_cnn_E1_clr0.01_fedopt_sgd_slr1.0_sam_rho0.1_112125_19:29:40.ckpt
--- Round 194 of 10000: Training 5 Clients ---
Selected clients: ['23', '84', '13', '86', '88']
--- Updating central model ---
Checkpoint saved in path: checkpoints/cifar10/alpha0.5_K5_N10000_cnn_E1_clr0.01_fedopt_sgd_slr1.0_sam_rho0.1_112125_19:29:40.ckpt
--- Round 195 of 10000: Training 5 Clients ---
Selected clients: ['36', '75', '74', '46', '20']
--- Updating central model ---
Checkpoint saved in path: checkpoints/cifar10/alpha0.5_K5_N10000_cnn_E1_clr0.01_fedopt_sgd_slr1.0_sam_rho0.1_112125_19:29:40.ckpt
--- Round 196 of 10000: Training 5 Clients ---
Selected clients: ['3', '39', '88', '33', '55']
--- Updating central model ---
Checkpoint saved in path: checkpoints/cifar10/alpha0.5_K5_N10000_cnn_E1_clr0.01_fedopt_sgd_slr1.0_sam_rho0.1_112125_19:29:40.ckpt
--- Round 197 of 10000: Training 5 Clients ---
Selected clients: ['45', '89', '14', '63', '22']
--- Updating central model ---
Checkpoint saved in path: checkpoints/cifar10/alpha0.5_K5_N10000_cnn_E1_clr0.01_fedopt_sgd_slr1.0_sam_rho0.1_112125_19:29:40.ckpt
--- Round 198 of 10000: Training 5 Clients ---
Selected clients: ['79', '91', '68', '92', '51']
--- Updating central model ---
Checkpoint saved in path: checkpoints/cifar10/alpha0.5_K5_N10000_cnn_E1_clr0.01_fedopt_sgd_slr1.0_sam_rho0.1_112125_19:29:40.ckpt
--- Round 199 of 10000: Training 5 Clients ---
Selected clients: ['12', '80', '51', '58', '41']
--- Updating central model ---
Checkpoint saved in path: checkpoints/cifar10/alpha0.5_K5_N10000_cnn_E1_clr0.01_fedopt_sgd_slr1.0_sam_rho0.1_112125_19:29:40.ckpt
--- Round 200 of 10000: Training 5 Clients ---
Selected clients: ['34', '70', '80', '44', '20']
--- Updating central model ---
train_accuracy: 10.3114, 10th percentile: 1.13549, 50th percentile: 4.7665, 90th percentile 22.7372
train_loss: 2.29913, 10th percentile: 2.27579, 50th percentile: 2.29607, 90th percentile 2.32648
test_accuracy: 10.52, 10th percentile: 10.52, 50th percentile: 10.52, 90th percentile 10.52
test_loss: 2.29871, 10th percentile: 2.29871, 50th percentile: 2.29871, 90th percentile 2.29871
Checkpoint saved in path: checkpoints/cifar10/alpha0.5_K5_N10000_cnn_E1_clr0.01_fedopt_sgd_slr1.0_sam_rho0.1_112125_19:29:40.ckpt
--- Round 201 of 10000: Training 5 Clients ---
Selected clients: ['59', '47', '12', '50', '6']
--- Updating central model ---
Checkpoint saved in path: checkpoints/cifar10/alpha0.5_K5_N10000_cnn_E1_clr0.01_fedopt_sgd_slr1.0_sam_rho0.1_112125_19:29:40.ckpt
--- Round 202 of 10000: Training 5 Clients ---
Selected clients: ['55', '56', '29', '15', '28']
--- Updating central model ---
Checkpoint saved in path: checkpoints/cifar10/alpha0.5_K5_N10000_cnn_E1_clr0.01_fedopt_sgd_slr1.0_sam_rho0.1_112125_19:29:40.ckpt
--- Round 203 of 10000: Training 5 Clients ---
Selected clients: ['20', '89', '51', '77', '79']
--- Updating central model ---
Checkpoint saved in path: checkpoints/cifar10/alpha0.5_K5_N10000_cnn_E1_clr0.01_fedopt_sgd_slr1.0_sam_rho0.1_112125_19:29:40.ckpt
--- Round 204 of 10000: Training 5 Clients ---
Selected clients: ['89', '53', '78', '68', '13']
--- Updating central model ---
Checkpoint saved in path: checkpoints/cifar10/alpha0.5_K5_N10000_cnn_E1_clr0.01_fedopt_sgd_slr1.0_sam_rho0.1_112125_19:29:40.ckpt
--- Round 205 of 10000: Training 5 Clients ---
Selected clients: ['9', '40', '77', '38', '4']
--- Updating central model ---
Checkpoint saved in path: checkpoints/cifar10/alpha0.5_K5_N10000_cnn_E1_clr0.01_fedopt_sgd_slr1.0_sam_rho0.1_112125_19:29:40.ckpt
--- Round 206 of 10000: Training 5 Clients ---
Selected clients: ['3', '29', '95', '41', '94']
--- Updating central model ---
Checkpoint saved in path: checkpoints/cifar10/alpha0.5_K5_N10000_cnn_E1_clr0.01_fedopt_sgd_slr1.0_sam_rho0.1_112125_19:29:40.ckpt
--- Round 207 of 10000: Training 5 Clients ---
Selected clients: ['69', '71', '49', '62', '76']
--- Updating central model ---
Checkpoint saved in path: checkpoints/cifar10/alpha0.5_K5_N10000_cnn_E1_clr0.01_fedopt_sgd_slr1.0_sam_rho0.1_112125_19:29:40.ckpt
--- Round 208 of 10000: Training 5 Clients ---
Selected clients: ['39', '74', '63', '90', '84']
--- Updating central model ---
Checkpoint saved in path: checkpoints/cifar10/alpha0.5_K5_N10000_cnn_E1_clr0.01_fedopt_sgd_slr1.0_sam_rho0.1_112125_19:29:40.ckpt
--- Round 209 of 10000: Training 5 Clients ---
Selected clients: ['67', '58', '54', '76', '30']
--- Updating central model ---
Checkpoint saved in path: checkpoints/cifar10/alpha0.5_K5_N10000_cnn_E1_clr0.01_fedopt_sgd_slr1.0_sam_rho0.1_112125_19:29:40.ckpt
--- Round 210 of 10000: Training 5 Clients ---
Selected clients: ['17', '74', '93', '88', '43']
--- Updating central model ---
Checkpoint saved in path: checkpoints/cifar10/alpha0.5_K5_N10000_cnn_E1_clr0.01_fedopt_sgd_slr1.0_sam_rho0.1_112125_19:29:40.ckpt
--- Round 211 of 10000: Training 5 Clients ---
Selected clients: ['14', '41', '44', '82', '72']
--- Updating central model ---
Checkpoint saved in path: checkpoints/cifar10/alpha0.5_K5_N10000_cnn_E1_clr0.01_fedopt_sgd_slr1.0_sam_rho0.1_112125_19:29:40.ckpt
--- Round 212 of 10000: Training 5 Clients ---
Selected clients: ['50', '43', '89', '79', '74']
--- Updating central model ---
Checkpoint saved in path: checkpoints/cifar10/alpha0.5_K5_N10000_cnn_E1_clr0.01_fedopt_sgd_slr1.0_sam_rho0.1_112125_19:29:40.ckpt
--- Round 213 of 10000: Training 5 Clients ---
Selected clients: ['43', '45', '79', '80', '8']
--- Updating central model ---
Checkpoint saved in path: checkpoints/cifar10/alpha0.5_K5_N10000_cnn_E1_clr0.01_fedopt_sgd_slr1.0_sam_rho0.1_112125_19:29:40.ckpt
--- Round 214 of 10000: Training 5 Clients ---
Selected clients: ['80', '72', '68', '0', '10']
--- Updating central model ---
Checkpoint saved in path: checkpoints/cifar10/alpha0.5_K5_N10000_cnn_E1_clr0.01_fedopt_sgd_slr1.0_sam_rho0.1_112125_19:29:40.ckpt
--- Round 215 of 10000: Training 5 Clients ---
Selected clients: ['84', '51', '59', '66', '1']
--- Updating central model ---
Checkpoint saved in path: checkpoints/cifar10/alpha0.5_K5_N10000_cnn_E1_clr0.01_fedopt_sgd_slr1.0_sam_rho0.1_112125_19:29:40.ckpt
--- Round 216 of 10000: Training 5 Clients ---
Selected clients: ['71', '51', '22', '59', '13']
--- Updating central model ---
Checkpoint saved in path: checkpoints/cifar10/alpha0.5_K5_N10000_cnn_E1_clr0.01_fedopt_sgd_slr1.0_sam_rho0.1_112125_19:29:40.ckpt
--- Round 217 of 10000: Training 5 Clients ---
Selected clients: ['43', '11', '36', '71', '27']
--- Updating central model ---
Checkpoint saved in path: checkpoints/cifar10/alpha0.5_K5_N10000_cnn_E1_clr0.01_fedopt_sgd_slr1.0_sam_rho0.1_112125_19:29:40.ckpt
--- Round 218 of 10000: Training 5 Clients ---
Selected clients: ['15', '26', '64', '58', '54']
--- Updating central model ---
Checkpoint saved in path: checkpoints/cifar10/alpha0.5_K5_N10000_cnn_E1_clr0.01_fedopt_sgd_slr1.0_sam_rho0.1_112125_19:29:40.ckpt
--- Round 219 of 10000: Training 5 Clients ---
Selected clients: ['34', '62', '46', '70', '15']
--- Updating central model ---
Checkpoint saved in path: checkpoints/cifar10/alpha0.5_K5_N10000_cnn_E1_clr0.01_fedopt_sgd_slr1.0_sam_rho0.1_112125_19:29:40.ckpt
--- Round 220 of 10000: Training 5 Clients ---
Selected clients: ['97', '61', '9', '16', '89']
--- Updating central model ---
Checkpoint saved in path: checkpoints/cifar10/alpha0.5_K5_N10000_cnn_E1_clr0.01_fedopt_sgd_slr1.0_sam_rho0.1_112125_19:29:40.ckpt
--- Round 221 of 10000: Training 5 Clients ---
Selected clients: ['38', '49', '32', '99', '52']
--- Updating central model ---
Checkpoint saved in path: checkpoints/cifar10/alpha0.5_K5_N10000_cnn_E1_clr0.01_fedopt_sgd_slr1.0_sam_rho0.1_112125_19:29:40.ckpt
--- Round 222 of 10000: Training 5 Clients ---
Selected clients: ['74', '50', '52', '40', '84']
--- Updating central model ---
Checkpoint saved in path: checkpoints/cifar10/alpha0.5_K5_N10000_cnn_E1_clr0.01_fedopt_sgd_slr1.0_sam_rho0.1_112125_19:29:40.ckpt
--- Round 223 of 10000: Training 5 Clients ---
Selected clients: ['56', '4', '59', '26', '64']
--- Updating central model ---
Checkpoint saved in path: checkpoints/cifar10/alpha0.5_K5_N10000_cnn_E1_clr0.01_fedopt_sgd_slr1.0_sam_rho0.1_112125_19:29:40.ckpt
--- Round 224 of 10000: Training 5 Clients ---
Selected clients: ['38', '80', '52', '10', '73']
--- Updating central model ---
Checkpoint saved in path: checkpoints/cifar10/alpha0.5_K5_N10000_cnn_E1_clr0.01_fedopt_sgd_slr1.0_sam_rho0.1_112125_19:29:40.ckpt
--- Round 225 of 10000: Training 5 Clients ---
Selected clients: ['67', '34', '10', '55', '13']
--- Updating central model ---
Checkpoint saved in path: checkpoints/cifar10/alpha0.5_K5_N10000_cnn_E1_clr0.01_fedopt_sgd_slr1.0_sam_rho0.1_112125_19:29:40.ckpt
--- Round 226 of 10000: Training 5 Clients ---
Selected clients: ['63', '36', '85', '33', '43']
--- Updating central model ---
Checkpoint saved in path: checkpoints/cifar10/alpha0.5_K5_N10000_cnn_E1_clr0.01_fedopt_sgd_slr1.0_sam_rho0.1_112125_19:29:40.ckpt
--- Round 227 of 10000: Training 5 Clients ---
Selected clients: ['97', '32', '41', '75', '58']
--- Updating central model ---
Checkpoint saved in path: checkpoints/cifar10/alpha0.5_K5_N10000_cnn_E1_clr0.01_fedopt_sgd_slr1.0_sam_rho0.1_112125_19:29:40.ckpt
--- Round 228 of 10000: Training 5 Clients ---
Selected clients: ['33', '80', '76', '18', '90']
--- Updating central model ---
Checkpoint saved in path: checkpoints/cifar10/alpha0.5_K5_N10000_cnn_E1_clr0.01_fedopt_sgd_slr1.0_sam_rho0.1_112125_19:29:40.ckpt
--- Round 229 of 10000: Training 5 Clients ---
Selected clients: ['21', '57', '78', '80', '47']
--- Updating central model ---
Checkpoint saved in path: checkpoints/cifar10/alpha0.5_K5_N10000_cnn_E1_clr0.01_fedopt_sgd_slr1.0_sam_rho0.1_112125_19:29:40.ckpt
--- Round 230 of 10000: Training 5 Clients ---
Selected clients: ['18', '91', '89', '46', '97']
--- Updating central model ---
Checkpoint saved in path: checkpoints/cifar10/alpha0.5_K5_N10000_cnn_E1_clr0.01_fedopt_sgd_slr1.0_sam_rho0.1_112125_19:29:40.ckpt
--- Round 231 of 10000: Training 5 Clients ---
Selected clients: ['53', '62', '1', '2', '60']
--- Updating central model ---
Checkpoint saved in path: checkpoints/cifar10/alpha0.5_K5_N10000_cnn_E1_clr0.01_fedopt_sgd_slr1.0_sam_rho0.1_112125_19:29:40.ckpt
--- Round 232 of 10000: Training 5 Clients ---
Selected clients: ['44', '82', '5', '66', '0']
--- Updating central model ---
Checkpoint saved in path: checkpoints/cifar10/alpha0.5_K5_N10000_cnn_E1_clr0.01_fedopt_sgd_slr1.0_sam_rho0.1_112125_19:29:40.ckpt
--- Round 233 of 10000: Training 5 Clients ---
Selected clients: ['14', '77', '25', '62', '94']
--- Updating central model ---
Checkpoint saved in path: checkpoints/cifar10/alpha0.5_K5_N10000_cnn_E1_clr0.01_fedopt_sgd_slr1.0_sam_rho0.1_112125_19:29:40.ckpt
--- Round 234 of 10000: Training 5 Clients ---
Selected clients: ['33', '39', '71', '91', '24']
--- Updating central model ---
Checkpoint saved in path: checkpoints/cifar10/alpha0.5_K5_N10000_cnn_E1_clr0.01_fedopt_sgd_slr1.0_sam_rho0.1_112125_19:29:40.ckpt
--- Round 235 of 10000: Training 5 Clients ---
Selected clients: ['52', '70', '92', '34', '77']
--- Updating central model ---
Checkpoint saved in path: checkpoints/cifar10/alpha0.5_K5_N10000_cnn_E1_clr0.01_fedopt_sgd_slr1.0_sam_rho0.1_112125_19:29:40.ckpt
--- Round 236 of 10000: Training 5 Clients ---
Selected clients: ['30', '90', '3', '27', '39']
--- Updating central model ---
Checkpoint saved in path: checkpoints/cifar10/alpha0.5_K5_N10000_cnn_E1_clr0.01_fedopt_sgd_slr1.0_sam_rho0.1_112125_19:29:40.ckpt
--- Round 237 of 10000: Training 5 Clients ---
Selected clients: ['7', '56', '61', '78', '24']
--- Updating central model ---
Checkpoint saved in path: checkpoints/cifar10/alpha0.5_K5_N10000_cnn_E1_clr0.01_fedopt_sgd_slr1.0_sam_rho0.1_112125_19:29:40.ckpt
--- Round 238 of 10000: Training 5 Clients ---
Selected clients: ['3', '61', '29', '57', '23']
--- Updating central model ---
Checkpoint saved in path: checkpoints/cifar10/alpha0.5_K5_N10000_cnn_E1_clr0.01_fedopt_sgd_slr1.0_sam_rho0.1_112125_19:29:40.ckpt
--- Round 239 of 10000: Training 5 Clients ---
Selected clients: ['86', '28', '21', '51', '33']
--- Updating central model ---
Checkpoint saved in path: checkpoints/cifar10/alpha0.5_K5_N10000_cnn_E1_clr0.01_fedopt_sgd_slr1.0_sam_rho0.1_112125_19:29:40.ckpt
--- Round 240 of 10000: Training 5 Clients ---
Selected clients: ['17', '23', '4', '59', '22']
--- Updating central model ---
Checkpoint saved in path: checkpoints/cifar10/alpha0.5_K5_N10000_cnn_E1_clr0.01_fedopt_sgd_slr1.0_sam_rho0.1_112125_19:29:40.ckpt
--- Round 241 of 10000: Training 5 Clients ---
Selected clients: ['45', '86', '27', '76', '37']
--- Updating central model ---
Checkpoint saved in path: checkpoints/cifar10/alpha0.5_K5_N10000_cnn_E1_clr0.01_fedopt_sgd_slr1.0_sam_rho0.1_112125_19:29:40.ckpt
--- Round 242 of 10000: Training 5 Clients ---
Selected clients: ['24', '90', '64', '17', '3']
--- Updating central model ---
Checkpoint saved in path: checkpoints/cifar10/alpha0.5_K5_N10000_cnn_E1_clr0.01_fedopt_sgd_slr1.0_sam_rho0.1_112125_19:29:40.ckpt
--- Round 243 of 10000: Training 5 Clients ---
Selected clients: ['71', '62', '6', '78', '7']
--- Updating central model ---
Checkpoint saved in path: checkpoints/cifar10/alpha0.5_K5_N10000_cnn_E1_clr0.01_fedopt_sgd_slr1.0_sam_rho0.1_112125_19:29:40.ckpt
--- Round 244 of 10000: Training 5 Clients ---
Selected clients: ['9', '91', '71', '36', '30']
--- Updating central model ---
Checkpoint saved in path: checkpoints/cifar10/alpha0.5_K5_N10000_cnn_E1_clr0.01_fedopt_sgd_slr1.0_sam_rho0.1_112125_19:29:40.ckpt
--- Round 245 of 10000: Training 5 Clients ---
Selected clients: ['25', '57', '49', '65', '44']
--- Updating central model ---
Checkpoint saved in path: checkpoints/cifar10/alpha0.5_K5_N10000_cnn_E1_clr0.01_fedopt_sgd_slr1.0_sam_rho0.1_112125_19:29:40.ckpt
--- Round 246 of 10000: Training 5 Clients ---
Selected clients: ['20', '97', '26', '69', '58']
--- Updating central model ---
Checkpoint saved in path: checkpoints/cifar10/alpha0.5_K5_N10000_cnn_E1_clr0.01_fedopt_sgd_slr1.0_sam_rho0.1_112125_19:29:40.ckpt
--- Round 247 of 10000: Training 5 Clients ---
Selected clients: ['19', '73', '43', '6', '67']
--- Updating central model ---
Checkpoint saved in path: checkpoints/cifar10/alpha0.5_K5_N10000_cnn_E1_clr0.01_fedopt_sgd_slr1.0_sam_rho0.1_112125_19:29:40.ckpt
--- Round 248 of 10000: Training 5 Clients ---
Selected clients: ['22', '31', '6', '56', '47']
--- Updating central model ---
Checkpoint saved in path: checkpoints/cifar10/alpha0.5_K5_N10000_cnn_E1_clr0.01_fedopt_sgd_slr1.0_sam_rho0.1_112125_19:29:40.ckpt
--- Round 249 of 10000: Training 5 Clients ---
Selected clients: ['20', '53', '26', '91', '29']
--- Updating central model ---
Checkpoint saved in path: checkpoints/cifar10/alpha0.5_K5_N10000_cnn_E1_clr0.01_fedopt_sgd_slr1.0_sam_rho0.1_112125_19:29:40.ckpt
--- Round 250 of 10000: Training 5 Clients ---
Selected clients: ['78', '93', '19', '65', '87']
--- Updating central model ---
Checkpoint saved in path: checkpoints/cifar10/alpha0.5_K5_N10000_cnn_E1_clr0.01_fedopt_sgd_slr1.0_sam_rho0.1_112125_19:29:40.ckpt
--- Round 251 of 10000: Training 5 Clients ---
Selected clients: ['43', '1', '8', '37', '50']
--- Updating central model ---
Checkpoint saved in path: checkpoints/cifar10/alpha0.5_K5_N10000_cnn_E1_clr0.01_fedopt_sgd_slr1.0_sam_rho0.1_112125_19:29:40.ckpt
--- Round 252 of 10000: Training 5 Clients ---
Selected clients: ['40', '44', '37', '89', '72']
--- Updating central model ---
Checkpoint saved in path: checkpoints/cifar10/alpha0.5_K5_N10000_cnn_E1_clr0.01_fedopt_sgd_slr1.0_sam_rho0.1_112125_19:29:40.ckpt
--- Round 253 of 10000: Training 5 Clients ---
Selected clients: ['71', '5', '22', '16', '6']
--- Updating central model ---
Checkpoint saved in path: checkpoints/cifar10/alpha0.5_K5_N10000_cnn_E1_clr0.01_fedopt_sgd_slr1.0_sam_rho0.1_112125_19:29:40.ckpt
--- Round 254 of 10000: Training 5 Clients ---
Selected clients: ['31', '38', '88', '56', '23']
--- Updating central model ---
Checkpoint saved in path: checkpoints/cifar10/alpha0.5_K5_N10000_cnn_E1_clr0.01_fedopt_sgd_slr1.0_sam_rho0.1_112125_19:29:40.ckpt
--- Round 255 of 10000: Training 5 Clients ---
Selected clients: ['85', '53', '54', '43', '73']
--- Updating central model ---
Checkpoint saved in path: checkpoints/cifar10/alpha0.5_K5_N10000_cnn_E1_clr0.01_fedopt_sgd_slr1.0_sam_rho0.1_112125_19:29:40.ckpt
--- Round 256 of 10000: Training 5 Clients ---
Selected clients: ['64', '62', '46', '48', '63']
--- Updating central model ---
Checkpoint saved in path: checkpoints/cifar10/alpha0.5_K5_N10000_cnn_E1_clr0.01_fedopt_sgd_slr1.0_sam_rho0.1_112125_19:29:40.ckpt
--- Round 257 of 10000: Training 5 Clients ---
Selected clients: ['46', '27', '7', '62', '10']
--- Updating central model ---
Checkpoint saved in path: checkpoints/cifar10/alpha0.5_K5_N10000_cnn_E1_clr0.01_fedopt_sgd_slr1.0_sam_rho0.1_112125_19:29:40.ckpt
--- Round 258 of 10000: Training 5 Clients ---
Selected clients: ['64', '63', '82', '40', '88']
--- Updating central model ---
Checkpoint saved in path: checkpoints/cifar10/alpha0.5_K5_N10000_cnn_E1_clr0.01_fedopt_sgd_slr1.0_sam_rho0.1_112125_19:29:40.ckpt
--- Round 259 of 10000: Training 5 Clients ---
Selected clients: ['33', '49', '2', '38', '92']
--- Updating central model ---
Checkpoint saved in path: checkpoints/cifar10/alpha0.5_K5_N10000_cnn_E1_clr0.01_fedopt_sgd_slr1.0_sam_rho0.1_112125_19:29:40.ckpt
--- Round 260 of 10000: Training 5 Clients ---
Selected clients: ['2', '39', '18', '56', '76']
--- Updating central model ---
Checkpoint saved in path: checkpoints/cifar10/alpha0.5_K5_N10000_cnn_E1_clr0.01_fedopt_sgd_slr1.0_sam_rho0.1_112125_19:29:40.ckpt
--- Round 261 of 10000: Training 5 Clients ---
Selected clients: ['24', '43', '86', '32', '79']
--- Updating central model ---
Checkpoint saved in path: checkpoints/cifar10/alpha0.5_K5_N10000_cnn_E1_clr0.01_fedopt_sgd_slr1.0_sam_rho0.1_112125_19:29:40.ckpt
--- Round 262 of 10000: Training 5 Clients ---
Selected clients: ['36', '61', '55', '41', '5']
--- Updating central model ---
Checkpoint saved in path: checkpoints/cifar10/alpha0.5_K5_N10000_cnn_E1_clr0.01_fedopt_sgd_slr1.0_sam_rho0.1_112125_19:29:40.ckpt
--- Round 263 of 10000: Training 5 Clients ---
Selected clients: ['80', '10', '71', '25', '4']
--- Updating central model ---
Checkpoint saved in path: checkpoints/cifar10/alpha0.5_K5_N10000_cnn_E1_clr0.01_fedopt_sgd_slr1.0_sam_rho0.1_112125_19:29:40.ckpt
--- Round 264 of 10000: Training 5 Clients ---
Selected clients: ['79', '88', '17', '12', '61']
--- Updating central model ---
Checkpoint saved in path: checkpoints/cifar10/alpha0.5_K5_N10000_cnn_E1_clr0.01_fedopt_sgd_slr1.0_sam_rho0.1_112125_19:29:40.ckpt
--- Round 265 of 10000: Training 5 Clients ---
Selected clients: ['4', '98', '47', '58', '64']
--- Updating central model ---
Checkpoint saved in path: checkpoints/cifar10/alpha0.5_K5_N10000_cnn_E1_clr0.01_fedopt_sgd_slr1.0_sam_rho0.1_112125_19:29:40.ckpt
--- Round 266 of 10000: Training 5 Clients ---
Selected clients: ['34', '19', '58', '18', '38']
--- Updating central model ---
Checkpoint saved in path: checkpoints/cifar10/alpha0.5_K5_N10000_cnn_E1_clr0.01_fedopt_sgd_slr1.0_sam_rho0.1_112125_19:29:40.ckpt
--- Round 267 of 10000: Training 5 Clients ---
Selected clients: ['34', '44', '60', '57', '65']
--- Updating central model ---
Checkpoint saved in path: checkpoints/cifar10/alpha0.5_K5_N10000_cnn_E1_clr0.01_fedopt_sgd_slr1.0_sam_rho0.1_112125_19:29:40.ckpt
--- Round 268 of 10000: Training 5 Clients ---
Selected clients: ['87', '53', '3', '22', '57']
--- Updating central model ---
Checkpoint saved in path: checkpoints/cifar10/alpha0.5_K5_N10000_cnn_E1_clr0.01_fedopt_sgd_slr1.0_sam_rho0.1_112125_19:29:40.ckpt
--- Round 269 of 10000: Training 5 Clients ---
Selected clients: ['33', '99', '52', '96', '47']
--- Updating central model ---
Checkpoint saved in path: checkpoints/cifar10/alpha0.5_K5_N10000_cnn_E1_clr0.01_fedopt_sgd_slr1.0_sam_rho0.1_112125_19:29:40.ckpt
--- Round 270 of 10000: Training 5 Clients ---
Selected clients: ['52', '21', '20', '75', '56']
--- Updating central model ---
Checkpoint saved in path: checkpoints/cifar10/alpha0.5_K5_N10000_cnn_E1_clr0.01_fedopt_sgd_slr1.0_sam_rho0.1_112125_19:29:40.ckpt
--- Round 271 of 10000: Training 5 Clients ---
Selected clients: ['15', '42', '54', '76', '71']
--- Updating central model ---
Checkpoint saved in path: checkpoints/cifar10/alpha0.5_K5_N10000_cnn_E1_clr0.01_fedopt_sgd_slr1.0_sam_rho0.1_112125_19:29:40.ckpt
--- Round 272 of 10000: Training 5 Clients ---
Selected clients: ['84', '83', '74', '50', '71']
--- Updating central model ---
Checkpoint saved in path: checkpoints/cifar10/alpha0.5_K5_N10000_cnn_E1_clr0.01_fedopt_sgd_slr1.0_sam_rho0.1_112125_19:29:40.ckpt
--- Round 273 of 10000: Training 5 Clients ---
Selected clients: ['13', '52', '78', '7', '33']
--- Updating central model ---
Checkpoint saved in path: checkpoints/cifar10/alpha0.5_K5_N10000_cnn_E1_clr0.01_fedopt_sgd_slr1.0_sam_rho0.1_112125_19:29:40.ckpt
--- Round 274 of 10000: Training 5 Clients ---
Selected clients: ['34', '19', '55', '91', '83']
--- Updating central model ---
Checkpoint saved in path: checkpoints/cifar10/alpha0.5_K5_N10000_cnn_E1_clr0.01_fedopt_sgd_slr1.0_sam_rho0.1_112125_19:29:40.ckpt
--- Round 275 of 10000: Training 5 Clients ---
Selected clients: ['31', '42', '88', '26', '33']
--- Updating central model ---
Checkpoint saved in path: checkpoints/cifar10/alpha0.5_K5_N10000_cnn_E1_clr0.01_fedopt_sgd_slr1.0_sam_rho0.1_112125_19:29:40.ckpt
--- Round 276 of 10000: Training 5 Clients ---
Selected clients: ['26', '70', '54', '2', '72']
--- Updating central model ---
Checkpoint saved in path: checkpoints/cifar10/alpha0.5_K5_N10000_cnn_E1_clr0.01_fedopt_sgd_slr1.0_sam_rho0.1_112125_19:29:40.ckpt
--- Round 277 of 10000: Training 5 Clients ---
Selected clients: ['83', '29', '71', '70', '9']
--- Updating central model ---
Checkpoint saved in path: checkpoints/cifar10/alpha0.5_K5_N10000_cnn_E1_clr0.01_fedopt_sgd_slr1.0_sam_rho0.1_112125_19:29:40.ckpt
--- Round 278 of 10000: Training 5 Clients ---
Selected clients: ['89', '22', '62', '54', '58']
--- Updating central model ---
Checkpoint saved in path: checkpoints/cifar10/alpha0.5_K5_N10000_cnn_E1_clr0.01_fedopt_sgd_slr1.0_sam_rho0.1_112125_19:29:40.ckpt
--- Round 279 of 10000: Training 5 Clients ---
Selected clients: ['25', '46', '58', '38', '8']
--- Updating central model ---
Checkpoint saved in path: checkpoints/cifar10/alpha0.5_K5_N10000_cnn_E1_clr0.01_fedopt_sgd_slr1.0_sam_rho0.1_112125_19:29:40.ckpt
--- Round 280 of 10000: Training 5 Clients ---
Selected clients: ['80', '21', '69', '77', '10']
--- Updating central model ---
Checkpoint saved in path: checkpoints/cifar10/alpha0.5_K5_N10000_cnn_E1_clr0.01_fedopt_sgd_slr1.0_sam_rho0.1_112125_19:29:40.ckpt
--- Round 281 of 10000: Training 5 Clients ---
Selected clients: ['54', '63', '7', '41', '24']
--- Updating central model ---
Checkpoint saved in path: checkpoints/cifar10/alpha0.5_K5_N10000_cnn_E1_clr0.01_fedopt_sgd_slr1.0_sam_rho0.1_112125_19:29:40.ckpt
--- Round 282 of 10000: Training 5 Clients ---
Selected clients: ['18', '99', '47', '5', '91']
--- Updating central model ---
Checkpoint saved in path: checkpoints/cifar10/alpha0.5_K5_N10000_cnn_E1_clr0.01_fedopt_sgd_slr1.0_sam_rho0.1_112125_19:29:40.ckpt
--- Round 283 of 10000: Training 5 Clients ---
Selected clients: ['35', '6', '41', '91', '36']
--- Updating central model ---
Checkpoint saved in path: checkpoints/cifar10/alpha0.5_K5_N10000_cnn_E1_clr0.01_fedopt_sgd_slr1.0_sam_rho0.1_112125_19:29:40.ckpt
--- Round 284 of 10000: Training 5 Clients ---
Selected clients: ['65', '63', '61', '25', '20']
--- Updating central model ---
Checkpoint saved in path: checkpoints/cifar10/alpha0.5_K5_N10000_cnn_E1_clr0.01_fedopt_sgd_slr1.0_sam_rho0.1_112125_19:29:40.ckpt
--- Round 285 of 10000: Training 5 Clients ---
Selected clients: ['47', '50', '96', '79', '2']
--- Updating central model ---
Checkpoint saved in path: checkpoints/cifar10/alpha0.5_K5_N10000_cnn_E1_clr0.01_fedopt_sgd_slr1.0_sam_rho0.1_112125_19:29:40.ckpt
--- Round 286 of 10000: Training 5 Clients ---
Selected clients: ['41', '82', '20', '16', '56']
--- Updating central model ---
Checkpoint saved in path: checkpoints/cifar10/alpha0.5_K5_N10000_cnn_E1_clr0.01_fedopt_sgd_slr1.0_sam_rho0.1_112125_19:29:40.ckpt
--- Round 287 of 10000: Training 5 Clients ---
Selected clients: ['66', '60', '22', '12', '35']
--- Updating central model ---
Checkpoint saved in path: checkpoints/cifar10/alpha0.5_K5_N10000_cnn_E1_clr0.01_fedopt_sgd_slr1.0_sam_rho0.1_112125_19:29:40.ckpt
--- Round 288 of 10000: Training 5 Clients ---
Selected clients: ['9', '1', '90', '79', '11']
--- Updating central model ---
Checkpoint saved in path: checkpoints/cifar10/alpha0.5_K5_N10000_cnn_E1_clr0.01_fedopt_sgd_slr1.0_sam_rho0.1_112125_19:29:40.ckpt
--- Round 289 of 10000: Training 5 Clients ---
Selected clients: ['55', '26', '36', '46', '8']
--- Updating central model ---
Checkpoint saved in path: checkpoints/cifar10/alpha0.5_K5_N10000_cnn_E1_clr0.01_fedopt_sgd_slr1.0_sam_rho0.1_112125_19:29:40.ckpt
--- Round 290 of 10000: Training 5 Clients ---
Selected clients: ['10', '74', '37', '35', '57']
--- Updating central model ---
Checkpoint saved in path: checkpoints/cifar10/alpha0.5_K5_N10000_cnn_E1_clr0.01_fedopt_sgd_slr1.0_sam_rho0.1_112125_19:29:40.ckpt
--- Round 291 of 10000: Training 5 Clients ---
Selected clients: ['2', '31', '73', '29', '96']
--- Updating central model ---
Checkpoint saved in path: checkpoints/cifar10/alpha0.5_K5_N10000_cnn_E1_clr0.01_fedopt_sgd_slr1.0_sam_rho0.1_112125_19:29:40.ckpt
--- Round 292 of 10000: Training 5 Clients ---
Selected clients: ['97', '43', '49', '40', '35']
--- Updating central model ---
Checkpoint saved in path: checkpoints/cifar10/alpha0.5_K5_N10000_cnn_E1_clr0.01_fedopt_sgd_slr1.0_sam_rho0.1_112125_19:29:40.ckpt
--- Round 293 of 10000: Training 5 Clients ---
Selected clients: ['97', '65', '76', '53', '84']
--- Updating central model ---
Checkpoint saved in path: checkpoints/cifar10/alpha0.5_K5_N10000_cnn_E1_clr0.01_fedopt_sgd_slr1.0_sam_rho0.1_112125_19:29:40.ckpt
--- Round 294 of 10000: Training 5 Clients ---
Selected clients: ['91', '2', '69', '76', '22']
--- Updating central model ---
Checkpoint saved in path: checkpoints/cifar10/alpha0.5_K5_N10000_cnn_E1_clr0.01_fedopt_sgd_slr1.0_sam_rho0.1_112125_19:29:40.ckpt
--- Round 295 of 10000: Training 5 Clients ---
Selected clients: ['11', '99', '39', '59', '55']
--- Updating central model ---
Checkpoint saved in path: checkpoints/cifar10/alpha0.5_K5_N10000_cnn_E1_clr0.01_fedopt_sgd_slr1.0_sam_rho0.1_112125_19:29:40.ckpt
--- Round 296 of 10000: Training 5 Clients ---
Selected clients: ['3', '12', '65', '23', '93']
--- Updating central model ---
Checkpoint saved in path: checkpoints/cifar10/alpha0.5_K5_N10000_cnn_E1_clr0.01_fedopt_sgd_slr1.0_sam_rho0.1_112125_19:29:40.ckpt
--- Round 297 of 10000: Training 5 Clients ---
Selected clients: ['85', '72', '74', '12', '58']
--- Updating central model ---
Checkpoint saved in path: checkpoints/cifar10/alpha0.5_K5_N10000_cnn_E1_clr0.01_fedopt_sgd_slr1.0_sam_rho0.1_112125_19:29:40.ckpt
--- Round 298 of 10000: Training 5 Clients ---
Selected clients: ['73', '84', '21', '1', '22']
--- Updating central model ---
Checkpoint saved in path: checkpoints/cifar10/alpha0.5_K5_N10000_cnn_E1_clr0.01_fedopt_sgd_slr1.0_sam_rho0.1_112125_19:29:40.ckpt
--- Round 299 of 10000: Training 5 Clients ---
Selected clients: ['23', '38', '7', '21', '82']
--- Updating central model ---
Checkpoint saved in path: checkpoints/cifar10/alpha0.5_K5_N10000_cnn_E1_clr0.01_fedopt_sgd_slr1.0_sam_rho0.1_112125_19:29:40.ckpt
--- Round 300 of 10000: Training 5 Clients ---
Selected clients: ['69', '31', '78', '64', '26']
--- Updating central model ---
train_accuracy: 17.0229, 10th percentile: 3.70175, 50th percentile: 15.6344, 90th percentile 30.0897
train_loss: 2.27212, 10th percentile: 2.24377, 50th percentile: 2.27301, 90th percentile 2.30286
test_accuracy: 17.9, 10th percentile: 17.9, 50th percentile: 17.9, 90th percentile 17.9
test_loss: 2.27022, 10th percentile: 2.27022, 50th percentile: 2.27022, 90th percentile 2.27022
Checkpoint saved in path: checkpoints/cifar10/alpha0.5_K5_N10000_cnn_E1_clr0.01_fedopt_sgd_slr1.0_sam_rho0.1_112125_19:29:40.ckpt
--- Round 301 of 10000: Training 5 Clients ---
Selected clients: ['82', '36', '9', '80', '19']
--- Updating central model ---
Checkpoint saved in path: checkpoints/cifar10/alpha0.5_K5_N10000_cnn_E1_clr0.01_fedopt_sgd_slr1.0_sam_rho0.1_112125_19:29:40.ckpt
--- Round 302 of 10000: Training 5 Clients ---
Selected clients: ['26', '27', '47', '40', '41']
--- Updating central model ---
Checkpoint saved in path: checkpoints/cifar10/alpha0.5_K5_N10000_cnn_E1_clr0.01_fedopt_sgd_slr1.0_sam_rho0.1_112125_19:29:40.ckpt
--- Round 303 of 10000: Training 5 Clients ---
Selected clients: ['42', '53', '87', '38', '59']
--- Updating central model ---
Checkpoint saved in path: checkpoints/cifar10/alpha0.5_K5_N10000_cnn_E1_clr0.01_fedopt_sgd_slr1.0_sam_rho0.1_112125_19:29:40.ckpt
--- Round 304 of 10000: Training 5 Clients ---
Selected clients: ['8', '17', '24', '4', '2']
--- Updating central model ---
Checkpoint saved in path: checkpoints/cifar10/alpha0.5_K5_N10000_cnn_E1_clr0.01_fedopt_sgd_slr1.0_sam_rho0.1_112125_19:29:40.ckpt
--- Round 305 of 10000: Training 5 Clients ---
Selected clients: ['23', '20', '89', '15', '67']
--- Updating central model ---
Checkpoint saved in path: checkpoints/cifar10/alpha0.5_K5_N10000_cnn_E1_clr0.01_fedopt_sgd_slr1.0_sam_rho0.1_112125_19:29:40.ckpt
--- Round 306 of 10000: Training 5 Clients ---
Selected clients: ['40', '89', '27', '7', '77']
--- Updating central model ---
Checkpoint saved in path: checkpoints/cifar10/alpha0.5_K5_N10000_cnn_E1_clr0.01_fedopt_sgd_slr1.0_sam_rho0.1_112125_19:29:40.ckpt
--- Round 307 of 10000: Training 5 Clients ---
Selected clients: ['11', '27', '9', '38', '47']
--- Updating central model ---
Checkpoint saved in path: checkpoints/cifar10/alpha0.5_K5_N10000_cnn_E1_clr0.01_fedopt_sgd_slr1.0_sam_rho0.1_112125_19:29:40.ckpt
--- Round 308 of 10000: Training 5 Clients ---
Selected clients: ['44', '3', '12', '20', '34']
--- Updating central model ---
Checkpoint saved in path: checkpoints/cifar10/alpha0.5_K5_N10000_cnn_E1_clr0.01_fedopt_sgd_slr1.0_sam_rho0.1_112125_19:29:40.ckpt
--- Round 309 of 10000: Training 5 Clients ---
Selected clients: ['37', '38', '64', '13', '7']
--- Updating central model ---
Checkpoint saved in path: checkpoints/cifar10/alpha0.5_K5_N10000_cnn_E1_clr0.01_fedopt_sgd_slr1.0_sam_rho0.1_112125_19:29:40.ckpt
--- Round 310 of 10000: Training 5 Clients ---
Selected clients: ['15', '59', '37', '31', '75']
--- Updating central model ---
Checkpoint saved in path: checkpoints/cifar10/alpha0.5_K5_N10000_cnn_E1_clr0.01_fedopt_sgd_slr1.0_sam_rho0.1_112125_19:29:40.ckpt
--- Round 311 of 10000: Training 5 Clients ---
Selected clients: ['56', '23', '14', '63', '50']
--- Updating central model ---
Checkpoint saved in path: checkpoints/cifar10/alpha0.5_K5_N10000_cnn_E1_clr0.01_fedopt_sgd_slr1.0_sam_rho0.1_112125_19:29:40.ckpt
--- Round 312 of 10000: Training 5 Clients ---
Selected clients: ['20', '42', '82', '12', '39']
--- Updating central model ---
Checkpoint saved in path: checkpoints/cifar10/alpha0.5_K5_N10000_cnn_E1_clr0.01_fedopt_sgd_slr1.0_sam_rho0.1_112125_19:29:40.ckpt
--- Round 313 of 10000: Training 5 Clients ---
Selected clients: ['89', '23', '97', '45', '1']
--- Updating central model ---
Checkpoint saved in path: checkpoints/cifar10/alpha0.5_K5_N10000_cnn_E1_clr0.01_fedopt_sgd_slr1.0_sam_rho0.1_112125_19:29:40.ckpt
--- Round 314 of 10000: Training 5 Clients ---
Selected clients: ['78', '87', '55', '35', '40']
--- Updating central model ---
Checkpoint saved in path: checkpoints/cifar10/alpha0.5_K5_N10000_cnn_E1_clr0.01_fedopt_sgd_slr1.0_sam_rho0.1_112125_19:29:40.ckpt
--- Round 315 of 10000: Training 5 Clients ---
Selected clients: ['50', '86', '57', '5', '83']
--- Updating central model ---
Checkpoint saved in path: checkpoints/cifar10/alpha0.5_K5_N10000_cnn_E1_clr0.01_fedopt_sgd_slr1.0_sam_rho0.1_112125_19:29:40.ckpt
--- Round 316 of 10000: Training 5 Clients ---
Selected clients: ['78', '37', '98', '50', '80']
--- Updating central model ---
Checkpoint saved in path: checkpoints/cifar10/alpha0.5_K5_N10000_cnn_E1_clr0.01_fedopt_sgd_slr1.0_sam_rho0.1_112125_19:29:40.ckpt
--- Round 317 of 10000: Training 5 Clients ---
Selected clients: ['1', '9', '93', '74', '14']
--- Updating central model ---
Checkpoint saved in path: checkpoints/cifar10/alpha0.5_K5_N10000_cnn_E1_clr0.01_fedopt_sgd_slr1.0_sam_rho0.1_112125_19:29:40.ckpt
--- Round 318 of 10000: Training 5 Clients ---
Selected clients: ['88', '6', '52', '39', '13']
--- Updating central model ---
Checkpoint saved in path: checkpoints/cifar10/alpha0.5_K5_N10000_cnn_E1_clr0.01_fedopt_sgd_slr1.0_sam_rho0.1_112125_19:29:40.ckpt
--- Round 319 of 10000: Training 5 Clients ---
Selected clients: ['31', '81', '89', '32', '95']
--- Updating central model ---
Checkpoint saved in path: checkpoints/cifar10/alpha0.5_K5_N10000_cnn_E1_clr0.01_fedopt_sgd_slr1.0_sam_rho0.1_112125_19:29:40.ckpt
--- Round 320 of 10000: Training 5 Clients ---
Selected clients: ['16', '74', '21', '36', '8']
--- Updating central model ---
Checkpoint saved in path: checkpoints/cifar10/alpha0.5_K5_N10000_cnn_E1_clr0.01_fedopt_sgd_slr1.0_sam_rho0.1_112125_19:29:40.ckpt
--- Round 321 of 10000: Training 5 Clients ---
Selected clients: ['77', '40', '62', '29', '45']
--- Updating central model ---
Checkpoint saved in path: checkpoints/cifar10/alpha0.5_K5_N10000_cnn_E1_clr0.01_fedopt_sgd_slr1.0_sam_rho0.1_112125_19:29:40.ckpt
--- Round 322 of 10000: Training 5 Clients ---
Selected clients: ['52', '27', '32', '93', '53']
--- Updating central model ---
Checkpoint saved in path: checkpoints/cifar10/alpha0.5_K5_N10000_cnn_E1_clr0.01_fedopt_sgd_slr1.0_sam_rho0.1_112125_19:29:40.ckpt
--- Round 323 of 10000: Training 5 Clients ---
Selected clients: ['10', '74', '63', '38', '16']
--- Updating central model ---
Checkpoint saved in path: checkpoints/cifar10/alpha0.5_K5_N10000_cnn_E1_clr0.01_fedopt_sgd_slr1.0_sam_rho0.1_112125_19:29:40.ckpt
--- Round 324 of 10000: Training 5 Clients ---
Selected clients: ['84', '96', '55', '62', '69']
--- Updating central model ---
Checkpoint saved in path: checkpoints/cifar10/alpha0.5_K5_N10000_cnn_E1_clr0.01_fedopt_sgd_slr1.0_sam_rho0.1_112125_19:29:40.ckpt
--- Round 325 of 10000: Training 5 Clients ---
Selected clients: ['58', '25', '69', '6', '0']
--- Updating central model ---
Checkpoint saved in path: checkpoints/cifar10/alpha0.5_K5_N10000_cnn_E1_clr0.01_fedopt_sgd_slr1.0_sam_rho0.1_112125_19:29:40.ckpt
--- Round 326 of 10000: Training 5 Clients ---
Selected clients: ['75', '9', '54', '73', '90']
--- Updating central model ---
Checkpoint saved in path: checkpoints/cifar10/alpha0.5_K5_N10000_cnn_E1_clr0.01_fedopt_sgd_slr1.0_sam_rho0.1_112125_19:29:40.ckpt
--- Round 327 of 10000: Training 5 Clients ---
Selected clients: ['97', '54', '63', '79', '34']
--- Updating central model ---
Checkpoint saved in path: checkpoints/cifar10/alpha0.5_K5_N10000_cnn_E1_clr0.01_fedopt_sgd_slr1.0_sam_rho0.1_112125_19:29:40.ckpt
--- Round 328 of 10000: Training 5 Clients ---
Selected clients: ['74', '93', '81', '14', '6']
--- Updating central model ---
Checkpoint saved in path: checkpoints/cifar10/alpha0.5_K5_N10000_cnn_E1_clr0.01_fedopt_sgd_slr1.0_sam_rho0.1_112125_19:29:40.ckpt
--- Round 329 of 10000: Training 5 Clients ---
Selected clients: ['99', '44', '62', '32', '92']
--- Updating central model ---
Checkpoint saved in path: checkpoints/cifar10/alpha0.5_K5_N10000_cnn_E1_clr0.01_fedopt_sgd_slr1.0_sam_rho0.1_112125_19:29:40.ckpt
--- Round 330 of 10000: Training 5 Clients ---
Selected clients: ['30', '28', '86', '93', '89']
--- Updating central model ---
Checkpoint saved in path: checkpoints/cifar10/alpha0.5_K5_N10000_cnn_E1_clr0.01_fedopt_sgd_slr1.0_sam_rho0.1_112125_19:29:40.ckpt
--- Round 331 of 10000: Training 5 Clients ---
Selected clients: ['92', '39', '54', '12', '19']
--- Updating central model ---
Checkpoint saved in path: checkpoints/cifar10/alpha0.5_K5_N10000_cnn_E1_clr0.01_fedopt_sgd_slr1.0_sam_rho0.1_112125_19:29:40.ckpt
--- Round 332 of 10000: Training 5 Clients ---
Selected clients: ['62', '19', '18', '74', '23']
--- Updating central model ---
Checkpoint saved in path: checkpoints/cifar10/alpha0.5_K5_N10000_cnn_E1_clr0.01_fedopt_sgd_slr1.0_sam_rho0.1_112125_19:29:40.ckpt
--- Round 333 of 10000: Training 5 Clients ---
Selected clients: ['16', '80', '50', '42', '67']
--- Updating central model ---
Checkpoint saved in path: checkpoints/cifar10/alpha0.5_K5_N10000_cnn_E1_clr0.01_fedopt_sgd_slr1.0_sam_rho0.1_112125_19:29:40.ckpt
--- Round 334 of 10000: Training 5 Clients ---
Selected clients: ['43', '95', '30', '46', '38']
--- Updating central model ---
Checkpoint saved in path: checkpoints/cifar10/alpha0.5_K5_N10000_cnn_E1_clr0.01_fedopt_sgd_slr1.0_sam_rho0.1_112125_19:29:40.ckpt
--- Round 335 of 10000: Training 5 Clients ---
Selected clients: ['68', '77', '83', '87', '7']
--- Updating central model ---
Checkpoint saved in path: checkpoints/cifar10/alpha0.5_K5_N10000_cnn_E1_clr0.01_fedopt_sgd_slr1.0_sam_rho0.1_112125_19:29:40.ckpt
--- Round 336 of 10000: Training 5 Clients ---
Selected clients: ['27', '39', '37', '69', '17']
--- Updating central model ---
Checkpoint saved in path: checkpoints/cifar10/alpha0.5_K5_N10000_cnn_E1_clr0.01_fedopt_sgd_slr1.0_sam_rho0.1_112125_19:29:40.ckpt
--- Round 337 of 10000: Training 5 Clients ---
Selected clients: ['41', '24', '80', '62', '83']
--- Updating central model ---
Checkpoint saved in path: checkpoints/cifar10/alpha0.5_K5_N10000_cnn_E1_clr0.01_fedopt_sgd_slr1.0_sam_rho0.1_112125_19:29:40.ckpt
--- Round 338 of 10000: Training 5 Clients ---
Selected clients: ['71', '63', '38', '61', '72']
--- Updating central model ---
Checkpoint saved in path: checkpoints/cifar10/alpha0.5_K5_N10000_cnn_E1_clr0.01_fedopt_sgd_slr1.0_sam_rho0.1_112125_19:29:40.ckpt
--- Round 339 of 10000: Training 5 Clients ---
Selected clients: ['35', '13', '79', '36', '51']
--- Updating central model ---
Checkpoint saved in path: checkpoints/cifar10/alpha0.5_K5_N10000_cnn_E1_clr0.01_fedopt_sgd_slr1.0_sam_rho0.1_112125_19:29:40.ckpt
--- Round 340 of 10000: Training 5 Clients ---
Selected clients: ['24', '12', '65', '26', '98']
--- Updating central model ---
Checkpoint saved in path: checkpoints/cifar10/alpha0.5_K5_N10000_cnn_E1_clr0.01_fedopt_sgd_slr1.0_sam_rho0.1_112125_19:29:40.ckpt
--- Round 341 of 10000: Training 5 Clients ---
Selected clients: ['20', '26', '98', '19', '42']
--- Updating central model ---
Checkpoint saved in path: checkpoints/cifar10/alpha0.5_K5_N10000_cnn_E1_clr0.01_fedopt_sgd_slr1.0_sam_rho0.1_112125_19:29:40.ckpt
--- Round 342 of 10000: Training 5 Clients ---
Selected clients: ['21', '43', '73', '99', '28']
--- Updating central model ---
Checkpoint saved in path: checkpoints/cifar10/alpha0.5_K5_N10000_cnn_E1_clr0.01_fedopt_sgd_slr1.0_sam_rho0.1_112125_19:29:40.ckpt
--- Round 343 of 10000: Training 5 Clients ---
Selected clients: ['47', '82', '89', '19', '30']
--- Updating central model ---
Checkpoint saved in path: checkpoints/cifar10/alpha0.5_K5_N10000_cnn_E1_clr0.01_fedopt_sgd_slr1.0_sam_rho0.1_112125_19:29:40.ckpt
--- Round 344 of 10000: Training 5 Clients ---
Selected clients: ['99', '0', '96', '44', '66']
--- Updating central model ---
Checkpoint saved in path: checkpoints/cifar10/alpha0.5_K5_N10000_cnn_E1_clr0.01_fedopt_sgd_slr1.0_sam_rho0.1_112125_19:29:40.ckpt
--- Round 345 of 10000: Training 5 Clients ---
Selected clients: ['63', '57', '61', '81', '21']
--- Updating central model ---
Checkpoint saved in path: checkpoints/cifar10/alpha0.5_K5_N10000_cnn_E1_clr0.01_fedopt_sgd_slr1.0_sam_rho0.1_112125_19:29:40.ckpt
--- Round 346 of 10000: Training 5 Clients ---
Selected clients: ['99', '95', '91', '16', '75']
--- Updating central model ---
Checkpoint saved in path: checkpoints/cifar10/alpha0.5_K5_N10000_cnn_E1_clr0.01_fedopt_sgd_slr1.0_sam_rho0.1_112125_19:29:40.ckpt
--- Round 347 of 10000: Training 5 Clients ---
Selected clients: ['0', '27', '65', '18', '32']
--- Updating central model ---
Checkpoint saved in path: checkpoints/cifar10/alpha0.5_K5_N10000_cnn_E1_clr0.01_fedopt_sgd_slr1.0_sam_rho0.1_112125_19:29:40.ckpt
--- Round 348 of 10000: Training 5 Clients ---
Selected clients: ['29', '68', '20', '42', '31']
--- Updating central model ---
Checkpoint saved in path: checkpoints/cifar10/alpha0.5_K5_N10000_cnn_E1_clr0.01_fedopt_sgd_slr1.0_sam_rho0.1_112125_19:29:40.ckpt