Alpha: alpha_0.50
Using device: NVIDIA A100-SXM4-80GB
############################## cifar10.cnn ##############################
Running experiment with server servers.fedopt_server and client clients.sam_client
Verify client and server: <class 'clients.sam_client.SAMClient'> <class 'servers.fedopt_server.FedOptServer'>
Running influence estimation:   0%|          | 0/20 [00:00<?, ?it/s]wandb: WARNING `resume` will be ignored since W&B syncing is set to `offline`. Starting a new run with run id xsffykkz.
wandb: Tracking run with wandb version 0.23.0
wandb: W&B syncing is set to `offline` in this directory. Run `wandb online` or set WANDB_MODE=online to enable cloud syncing.
wandb: Run data is saved locally in /home/mlr570t1/FedSAM_mem_inf-main/models/wandb/offline-run-20251121_192855-xsffykkz
Server optimizer: sgd with lr 1.0 and momentum 0
Start round: 0
Clients in Total: 100 training clients and 1 test clients
--- Random Initialization ---
--- Round 1 of 10000: Training 5 Clients ---
Selected clients: ['0', '43', '74', '92', '14']
--- Updating central model ---
Checkpoint saved in path: checkpoints/cifar10/alpha0.5_K5_N10000_cnn_E1_clr0.01_fedopt_sgd_slr1.0_sam_rho0.1_112125_19:29:40.ckpt
--- Round 2 of 10000: Training 5 Clients ---
Selected clients: ['40', '51', '70', '61', '50']
--- Updating central model ---
Checkpoint saved in path: checkpoints/cifar10/alpha0.5_K5_N10000_cnn_E1_clr0.01_fedopt_sgd_slr1.0_sam_rho0.1_112125_19:29:40.ckpt
--- Round 3 of 10000: Training 5 Clients ---
Selected clients: ['87', '14', '99', '57', '49']
--- Updating central model ---
Checkpoint saved in path: checkpoints/cifar10/alpha0.5_K5_N10000_cnn_E1_clr0.01_fedopt_sgd_slr1.0_sam_rho0.1_112125_19:29:40.ckpt
--- Round 4 of 10000: Training 5 Clients ---
Selected clients: ['15', '31', '61', '33', '26']
--- Updating central model ---
Checkpoint saved in path: checkpoints/cifar10/alpha0.5_K5_N10000_cnn_E1_clr0.01_fedopt_sgd_slr1.0_sam_rho0.1_112125_19:29:40.ckpt
--- Round 5 of 10000: Training 5 Clients ---
Selected clients: ['62', '8', '74', '26', '43']
--- Updating central model ---
Checkpoint saved in path: checkpoints/cifar10/alpha0.5_K5_N10000_cnn_E1_clr0.01_fedopt_sgd_slr1.0_sam_rho0.1_112125_19:29:40.ckpt
--- Round 6 of 10000: Training 5 Clients ---
Selected clients: ['3', '15', '25', '23', '99']
--- Updating central model ---
Checkpoint saved in path: checkpoints/cifar10/alpha0.5_K5_N10000_cnn_E1_clr0.01_fedopt_sgd_slr1.0_sam_rho0.1_112125_19:29:40.ckpt
--- Round 7 of 10000: Training 5 Clients ---
Selected clients: ['63', '30', '47', '76', '38']
--- Updating central model ---
Checkpoint saved in path: checkpoints/cifar10/alpha0.5_K5_N10000_cnn_E1_clr0.01_fedopt_sgd_slr1.0_sam_rho0.1_112125_19:29:40.ckpt
--- Round 8 of 10000: Training 5 Clients ---
Selected clients: ['71', '17', '63', '38', '21']
--- Updating central model ---
Checkpoint saved in path: checkpoints/cifar10/alpha0.5_K5_N10000_cnn_E1_clr0.01_fedopt_sgd_slr1.0_sam_rho0.1_112125_19:29:40.ckpt
--- Round 9 of 10000: Training 5 Clients ---
Selected clients: ['21', '85', '81', '9', '51']
--- Updating central model ---
Checkpoint saved in path: checkpoints/cifar10/alpha0.5_K5_N10000_cnn_E1_clr0.01_fedopt_sgd_slr1.0_sam_rho0.1_112125_19:29:40.ckpt
--- Round 10 of 10000: Training 5 Clients ---
Selected clients: ['46', '90', '78', '27', '20']
--- Updating central model ---
Checkpoint saved in path: checkpoints/cifar10/alpha0.5_K5_N10000_cnn_E1_clr0.01_fedopt_sgd_slr1.0_sam_rho0.1_112125_19:29:40.ckpt
--- Round 11 of 10000: Training 5 Clients ---
Selected clients: ['47', '25', '39', '62', '96']
--- Updating central model ---
Checkpoint saved in path: checkpoints/cifar10/alpha0.5_K5_N10000_cnn_E1_clr0.01_fedopt_sgd_slr1.0_sam_rho0.1_112125_19:29:40.ckpt
--- Round 12 of 10000: Training 5 Clients ---
Selected clients: ['51', '89', '24', '25', '6']
--- Updating central model ---
Checkpoint saved in path: checkpoints/cifar10/alpha0.5_K5_N10000_cnn_E1_clr0.01_fedopt_sgd_slr1.0_sam_rho0.1_112125_19:29:40.ckpt
--- Round 13 of 10000: Training 5 Clients ---
Selected clients: ['77', '12', '60', '86', '29']
--- Updating central model ---
Checkpoint saved in path: checkpoints/cifar10/alpha0.5_K5_N10000_cnn_E1_clr0.01_fedopt_sgd_slr1.0_sam_rho0.1_112125_19:29:40.ckpt
--- Round 14 of 10000: Training 5 Clients ---
Selected clients: ['18', '94', '92', '0', '71']
--- Updating central model ---
Checkpoint saved in path: checkpoints/cifar10/alpha0.5_K5_N10000_cnn_E1_clr0.01_fedopt_sgd_slr1.0_sam_rho0.1_112125_19:29:40.ckpt
--- Round 15 of 10000: Training 5 Clients ---
Selected clients: ['60', '95', '4', '44', '71']
--- Updating central model ---
Checkpoint saved in path: checkpoints/cifar10/alpha0.5_K5_N10000_cnn_E1_clr0.01_fedopt_sgd_slr1.0_sam_rho0.1_112125_19:29:40.ckpt
--- Round 16 of 10000: Training 5 Clients ---
Selected clients: ['44', '23', '77', '85', '40']
--- Updating central model ---
Checkpoint saved in path: checkpoints/cifar10/alpha0.5_K5_N10000_cnn_E1_clr0.01_fedopt_sgd_slr1.0_sam_rho0.1_112125_19:29:40.ckpt
--- Round 17 of 10000: Training 5 Clients ---
Selected clients: ['28', '49', '14', '59', '38']
--- Updating central model ---
Checkpoint saved in path: checkpoints/cifar10/alpha0.5_K5_N10000_cnn_E1_clr0.01_fedopt_sgd_slr1.0_sam_rho0.1_112125_19:29:40.ckpt
--- Round 18 of 10000: Training 5 Clients ---
Selected clients: ['52', '43', '97', '6', '46']
--- Updating central model ---
Checkpoint saved in path: checkpoints/cifar10/alpha0.5_K5_N10000_cnn_E1_clr0.01_fedopt_sgd_slr1.0_sam_rho0.1_112125_19:29:40.ckpt
--- Round 19 of 10000: Training 5 Clients ---
Selected clients: ['1', '54', '70', '78', '48']
--- Updating central model ---
Checkpoint saved in path: checkpoints/cifar10/alpha0.5_K5_N10000_cnn_E1_clr0.01_fedopt_sgd_slr1.0_sam_rho0.1_112125_19:29:40.ckpt
--- Round 20 of 10000: Training 5 Clients ---
Selected clients: ['72', '95', '24', '49', '75']
--- Updating central model ---
Checkpoint saved in path: checkpoints/cifar10/alpha0.5_K5_N10000_cnn_E1_clr0.01_fedopt_sgd_slr1.0_sam_rho0.1_112125_19:29:40.ckpt
--- Round 21 of 10000: Training 5 Clients ---
Selected clients: ['70', '46', '36', '99', '78']
--- Updating central model ---
Checkpoint saved in path: checkpoints/cifar10/alpha0.5_K5_N10000_cnn_E1_clr0.01_fedopt_sgd_slr1.0_sam_rho0.1_112125_19:29:40.ckpt
--- Round 22 of 10000: Training 5 Clients ---
Selected clients: ['35', '24', '22', '76', '71']
--- Updating central model ---
Checkpoint saved in path: checkpoints/cifar10/alpha0.5_K5_N10000_cnn_E1_clr0.01_fedopt_sgd_slr1.0_sam_rho0.1_112125_19:29:40.ckpt
--- Round 23 of 10000: Training 5 Clients ---
Selected clients: ['74', '44', '24', '61', '9']
--- Updating central model ---
Checkpoint saved in path: checkpoints/cifar10/alpha0.5_K5_N10000_cnn_E1_clr0.01_fedopt_sgd_slr1.0_sam_rho0.1_112125_19:29:40.ckpt
--- Round 24 of 10000: Training 5 Clients ---
Selected clients: ['96', '15', '64', '70', '1']
--- Updating central model ---
Checkpoint saved in path: checkpoints/cifar10/alpha0.5_K5_N10000_cnn_E1_clr0.01_fedopt_sgd_slr1.0_sam_rho0.1_112125_19:29:40.ckpt
--- Round 25 of 10000: Training 5 Clients ---
Selected clients: ['21', '95', '16', '77', '52']
--- Updating central model ---
Checkpoint saved in path: checkpoints/cifar10/alpha0.5_K5_N10000_cnn_E1_clr0.01_fedopt_sgd_slr1.0_sam_rho0.1_112125_19:29:40.ckpt
--- Round 26 of 10000: Training 5 Clients ---
Selected clients: ['37', '91', '1', '80', '45']
--- Updating central model ---
Checkpoint saved in path: checkpoints/cifar10/alpha0.5_K5_N10000_cnn_E1_clr0.01_fedopt_sgd_slr1.0_sam_rho0.1_112125_19:29:40.ckpt
--- Round 27 of 10000: Training 5 Clients ---
Selected clients: ['61', '26', '99', '72', '70']
--- Updating central model ---
Checkpoint saved in path: checkpoints/cifar10/alpha0.5_K5_N10000_cnn_E1_clr0.01_fedopt_sgd_slr1.0_sam_rho0.1_112125_19:29:40.ckpt
--- Round 28 of 10000: Training 5 Clients ---
Selected clients: ['7', '2', '96', '55', '68']
--- Updating central model ---
Checkpoint saved in path: checkpoints/cifar10/alpha0.5_K5_N10000_cnn_E1_clr0.01_fedopt_sgd_slr1.0_sam_rho0.1_112125_19:29:40.ckpt
--- Round 29 of 10000: Training 5 Clients ---
Selected clients: ['1', '17', '69', '48', '99']
--- Updating central model ---
Checkpoint saved in path: checkpoints/cifar10/alpha0.5_K5_N10000_cnn_E1_clr0.01_fedopt_sgd_slr1.0_sam_rho0.1_112125_19:29:40.ckpt
--- Round 30 of 10000: Training 5 Clients ---
Selected clients: ['88', '89', '79', '91', '55']
--- Updating central model ---
Checkpoint saved in path: checkpoints/cifar10/alpha0.5_K5_N10000_cnn_E1_clr0.01_fedopt_sgd_slr1.0_sam_rho0.1_112125_19:29:40.ckpt
--- Round 31 of 10000: Training 5 Clients ---
Selected clients: ['0', '30', '34', '71', '3']
--- Updating central model ---
Checkpoint saved in path: checkpoints/cifar10/alpha0.5_K5_N10000_cnn_E1_clr0.01_fedopt_sgd_slr1.0_sam_rho0.1_112125_19:29:40.ckpt
--- Round 32 of 10000: Training 5 Clients ---
Selected clients: ['77', '48', '18', '21', '8']
--- Updating central model ---
Checkpoint saved in path: checkpoints/cifar10/alpha0.5_K5_N10000_cnn_E1_clr0.01_fedopt_sgd_slr1.0_sam_rho0.1_112125_19:29:40.ckpt
--- Round 33 of 10000: Training 5 Clients ---
Selected clients: ['22', '21', '76', '92', '14']
--- Updating central model ---
Checkpoint saved in path: checkpoints/cifar10/alpha0.5_K5_N10000_cnn_E1_clr0.01_fedopt_sgd_slr1.0_sam_rho0.1_112125_19:29:40.ckpt
--- Round 34 of 10000: Training 5 Clients ---
Selected clients: ['19', '76', '92', '87', '33']
--- Updating central model ---
Checkpoint saved in path: checkpoints/cifar10/alpha0.5_K5_N10000_cnn_E1_clr0.01_fedopt_sgd_slr1.0_sam_rho0.1_112125_19:29:40.ckpt
--- Round 35 of 10000: Training 5 Clients ---
Selected clients: ['11', '90', '77', '18', '75']
--- Updating central model ---
Checkpoint saved in path: checkpoints/cifar10/alpha0.5_K5_N10000_cnn_E1_clr0.01_fedopt_sgd_slr1.0_sam_rho0.1_112125_19:29:40.ckpt
--- Round 36 of 10000: Training 5 Clients ---
Selected clients: ['77', '65', '36', '1', '26']
--- Updating central model ---
Checkpoint saved in path: checkpoints/cifar10/alpha0.5_K5_N10000_cnn_E1_clr0.01_fedopt_sgd_slr1.0_sam_rho0.1_112125_19:29:40.ckpt
--- Round 37 of 10000: Training 5 Clients ---
Selected clients: ['24', '47', '28', '94', '67']
--- Updating central model ---
Checkpoint saved in path: checkpoints/cifar10/alpha0.5_K5_N10000_cnn_E1_clr0.01_fedopt_sgd_slr1.0_sam_rho0.1_112125_19:29:40.ckpt
--- Round 38 of 10000: Training 5 Clients ---
Selected clients: ['85', '17', '52', '99', '19']
--- Updating central model ---
Checkpoint saved in path: checkpoints/cifar10/alpha0.5_K5_N10000_cnn_E1_clr0.01_fedopt_sgd_slr1.0_sam_rho0.1_112125_19:29:40.ckpt
--- Round 39 of 10000: Training 5 Clients ---
Selected clients: ['22', '14', '82', '54', '62']
--- Updating central model ---
Checkpoint saved in path: checkpoints/cifar10/alpha0.5_K5_N10000_cnn_E1_clr0.01_fedopt_sgd_slr1.0_sam_rho0.1_112125_19:29:40.ckpt
--- Round 40 of 10000: Training 5 Clients ---
Selected clients: ['78', '1', '48', '10', '84']
--- Updating central model ---
Checkpoint saved in path: checkpoints/cifar10/alpha0.5_K5_N10000_cnn_E1_clr0.01_fedopt_sgd_slr1.0_sam_rho0.1_112125_19:29:40.ckpt
--- Round 41 of 10000: Training 5 Clients ---
Selected clients: ['32', '83', '4', '21', '9']
--- Updating central model ---
Checkpoint saved in path: checkpoints/cifar10/alpha0.5_K5_N10000_cnn_E1_clr0.01_fedopt_sgd_slr1.0_sam_rho0.1_112125_19:29:40.ckpt
--- Round 42 of 10000: Training 5 Clients ---
Selected clients: ['57', '24', '62', '36', '5']
--- Updating central model ---
Checkpoint saved in path: checkpoints/cifar10/alpha0.5_K5_N10000_cnn_E1_clr0.01_fedopt_sgd_slr1.0_sam_rho0.1_112125_19:29:40.ckpt
--- Round 43 of 10000: Training 5 Clients ---
Selected clients: ['12', '60', '67', '5', '65']
--- Updating central model ---
Checkpoint saved in path: checkpoints/cifar10/alpha0.5_K5_N10000_cnn_E1_clr0.01_fedopt_sgd_slr1.0_sam_rho0.1_112125_19:29:40.ckpt
--- Round 44 of 10000: Training 5 Clients ---
Selected clients: ['40', '21', '47', '56', '36']
--- Updating central model ---
Checkpoint saved in path: checkpoints/cifar10/alpha0.5_K5_N10000_cnn_E1_clr0.01_fedopt_sgd_slr1.0_sam_rho0.1_112125_19:29:40.ckpt
--- Round 45 of 10000: Training 5 Clients ---
Selected clients: ['13', '3', '40', '18', '26']
--- Updating central model ---
Checkpoint saved in path: checkpoints/cifar10/alpha0.5_K5_N10000_cnn_E1_clr0.01_fedopt_sgd_slr1.0_sam_rho0.1_112125_19:29:40.ckpt
--- Round 46 of 10000: Training 5 Clients ---
Selected clients: ['8', '13', '59', '88', '80']
--- Updating central model ---
Checkpoint saved in path: checkpoints/cifar10/alpha0.5_K5_N10000_cnn_E1_clr0.01_fedopt_sgd_slr1.0_sam_rho0.1_112125_19:29:40.ckpt
--- Round 47 of 10000: Training 5 Clients ---
Selected clients: ['13', '60', '65', '92', '94']
--- Updating central model ---
Checkpoint saved in path: checkpoints/cifar10/alpha0.5_K5_N10000_cnn_E1_clr0.01_fedopt_sgd_slr1.0_sam_rho0.1_112125_19:29:40.ckpt
--- Round 48 of 10000: Training 5 Clients ---
Selected clients: ['64', '62', '97', '2', '59']
--- Updating central model ---
Checkpoint saved in path: checkpoints/cifar10/alpha0.5_K5_N10000_cnn_E1_clr0.01_fedopt_sgd_slr1.0_sam_rho0.1_112125_19:29:40.ckpt
--- Round 49 of 10000: Training 5 Clients ---
Selected clients: ['10', '66', '50', '3', '62']
--- Updating central model ---
Checkpoint saved in path: checkpoints/cifar10/alpha0.5_K5_N10000_cnn_E1_clr0.01_fedopt_sgd_slr1.0_sam_rho0.1_112125_19:29:40.ckpt
--- Round 50 of 10000: Training 5 Clients ---
Selected clients: ['36', '94', '25', '56', '45']
--- Updating central model ---
Checkpoint saved in path: checkpoints/cifar10/alpha0.5_K5_N10000_cnn_E1_clr0.01_fedopt_sgd_slr1.0_sam_rho0.1_112125_19:29:40.ckpt
--- Round 51 of 10000: Training 5 Clients ---
Selected clients: ['93', '37', '65', '22', '32']
--- Updating central model ---
Checkpoint saved in path: checkpoints/cifar10/alpha0.5_K5_N10000_cnn_E1_clr0.01_fedopt_sgd_slr1.0_sam_rho0.1_112125_19:29:40.ckpt
--- Round 52 of 10000: Training 5 Clients ---
Selected clients: ['57', '14', '93', '96', '80']
--- Updating central model ---
Checkpoint saved in path: checkpoints/cifar10/alpha0.5_K5_N10000_cnn_E1_clr0.01_fedopt_sgd_slr1.0_sam_rho0.1_112125_19:29:40.ckpt
--- Round 53 of 10000: Training 5 Clients ---
Selected clients: ['69', '10', '89', '44', '62']
--- Updating central model ---
Checkpoint saved in path: checkpoints/cifar10/alpha0.5_K5_N10000_cnn_E1_clr0.01_fedopt_sgd_slr1.0_sam_rho0.1_112125_19:29:40.ckpt
--- Round 54 of 10000: Training 5 Clients ---
Selected clients: ['63', '84', '26', '38', '50']
--- Updating central model ---
Checkpoint saved in path: checkpoints/cifar10/alpha0.5_K5_N10000_cnn_E1_clr0.01_fedopt_sgd_slr1.0_sam_rho0.1_112125_19:29:40.ckpt
--- Round 55 of 10000: Training 5 Clients ---
Selected clients: ['73', '63', '22', '48', '27']
--- Updating central model ---
Checkpoint saved in path: checkpoints/cifar10/alpha0.5_K5_N10000_cnn_E1_clr0.01_fedopt_sgd_slr1.0_sam_rho0.1_112125_19:29:40.ckpt
--- Round 56 of 10000: Training 5 Clients ---
Selected clients: ['4', '30', '32', '87', '68']
--- Updating central model ---
Checkpoint saved in path: checkpoints/cifar10/alpha0.5_K5_N10000_cnn_E1_clr0.01_fedopt_sgd_slr1.0_sam_rho0.1_112125_19:29:40.ckpt
--- Round 57 of 10000: Training 5 Clients ---
Selected clients: ['17', '73', '14', '85', '82']
--- Updating central model ---
Checkpoint saved in path: checkpoints/cifar10/alpha0.5_K5_N10000_cnn_E1_clr0.01_fedopt_sgd_slr1.0_sam_rho0.1_112125_19:29:40.ckpt
--- Round 58 of 10000: Training 5 Clients ---
Selected clients: ['45', '0', '96', '58', '64']
--- Updating central model ---
Checkpoint saved in path: checkpoints/cifar10/alpha0.5_K5_N10000_cnn_E1_clr0.01_fedopt_sgd_slr1.0_sam_rho0.1_112125_19:29:40.ckpt
--- Round 59 of 10000: Training 5 Clients ---
Selected clients: ['12', '91', '90', '74', '16']
--- Updating central model ---
Checkpoint saved in path: checkpoints/cifar10/alpha0.5_K5_N10000_cnn_E1_clr0.01_fedopt_sgd_slr1.0_sam_rho0.1_112125_19:29:40.ckpt
--- Round 60 of 10000: Training 5 Clients ---
Selected clients: ['6', '74', '68', '54', '94']
--- Updating central model ---
Checkpoint saved in path: checkpoints/cifar10/alpha0.5_K5_N10000_cnn_E1_clr0.01_fedopt_sgd_slr1.0_sam_rho0.1_112125_19:29:40.ckpt
--- Round 61 of 10000: Training 5 Clients ---
Selected clients: ['26', '48', '94', '7', '78']
--- Updating central model ---
Checkpoint saved in path: checkpoints/cifar10/alpha0.5_K5_N10000_cnn_E1_clr0.01_fedopt_sgd_slr1.0_sam_rho0.1_112125_19:29:40.ckpt
--- Round 62 of 10000: Training 5 Clients ---
Selected clients: ['69', '55', '63', '32', '54']
--- Updating central model ---
Checkpoint saved in path: checkpoints/cifar10/alpha0.5_K5_N10000_cnn_E1_clr0.01_fedopt_sgd_slr1.0_sam_rho0.1_112125_19:29:40.ckpt
--- Round 63 of 10000: Training 5 Clients ---
Selected clients: ['50', '84', '79', '61', '87']
--- Updating central model ---
Checkpoint saved in path: checkpoints/cifar10/alpha0.5_K5_N10000_cnn_E1_clr0.01_fedopt_sgd_slr1.0_sam_rho0.1_112125_19:29:40.ckpt
--- Round 64 of 10000: Training 5 Clients ---
Selected clients: ['60', '99', '98', '46', '28']
--- Updating central model ---
Checkpoint saved in path: checkpoints/cifar10/alpha0.5_K5_N10000_cnn_E1_clr0.01_fedopt_sgd_slr1.0_sam_rho0.1_112125_19:29:40.ckpt
--- Round 65 of 10000: Training 5 Clients ---
Selected clients: ['77', '74', '94', '7', '12']
--- Updating central model ---
Checkpoint saved in path: checkpoints/cifar10/alpha0.5_K5_N10000_cnn_E1_clr0.01_fedopt_sgd_slr1.0_sam_rho0.1_112125_19:29:40.ckpt
--- Round 66 of 10000: Training 5 Clients ---
Selected clients: ['71', '95', '5', '7', '48']
--- Updating central model ---
Checkpoint saved in path: checkpoints/cifar10/alpha0.5_K5_N10000_cnn_E1_clr0.01_fedopt_sgd_slr1.0_sam_rho0.1_112125_19:29:40.ckpt
--- Round 67 of 10000: Training 5 Clients ---
Selected clients: ['99', '94', '97', '33', '54']
--- Updating central model ---
Checkpoint saved in path: checkpoints/cifar10/alpha0.5_K5_N10000_cnn_E1_clr0.01_fedopt_sgd_slr1.0_sam_rho0.1_112125_19:29:40.ckpt
--- Round 68 of 10000: Training 5 Clients ---
Selected clients: ['46', '58', '50', '24', '39']
--- Updating central model ---
Checkpoint saved in path: checkpoints/cifar10/alpha0.5_K5_N10000_cnn_E1_clr0.01_fedopt_sgd_slr1.0_sam_rho0.1_112125_19:29:40.ckpt
--- Round 69 of 10000: Training 5 Clients ---
Selected clients: ['67', '70', '45', '54', '77']
--- Updating central model ---
Checkpoint saved in path: checkpoints/cifar10/alpha0.5_K5_N10000_cnn_E1_clr0.01_fedopt_sgd_slr1.0_sam_rho0.1_112125_19:29:40.ckpt
--- Round 70 of 10000: Training 5 Clients ---
Selected clients: ['67', '79', '35', '81', '59']
--- Updating central model ---
Checkpoint saved in path: checkpoints/cifar10/alpha0.5_K5_N10000_cnn_E1_clr0.01_fedopt_sgd_slr1.0_sam_rho0.1_112125_19:29:40.ckpt
--- Round 71 of 10000: Training 5 Clients ---
Selected clients: ['7', '86', '22', '51', '81']
--- Updating central model ---
Checkpoint saved in path: checkpoints/cifar10/alpha0.5_K5_N10000_cnn_E1_clr0.01_fedopt_sgd_slr1.0_sam_rho0.1_112125_19:29:40.ckpt
--- Round 72 of 10000: Training 5 Clients ---
Selected clients: ['0', '67', '72', '47', '84']
--- Updating central model ---
Checkpoint saved in path: checkpoints/cifar10/alpha0.5_K5_N10000_cnn_E1_clr0.01_fedopt_sgd_slr1.0_sam_rho0.1_112125_19:29:40.ckpt
--- Round 73 of 10000: Training 5 Clients ---
Selected clients: ['21', '70', '88', '7', '42']
--- Updating central model ---
Checkpoint saved in path: checkpoints/cifar10/alpha0.5_K5_N10000_cnn_E1_clr0.01_fedopt_sgd_slr1.0_sam_rho0.1_112125_19:29:40.ckpt
--- Round 74 of 10000: Training 5 Clients ---
Selected clients: ['16', '70', '94', '54', '79']
--- Updating central model ---
Checkpoint saved in path: checkpoints/cifar10/alpha0.5_K5_N10000_cnn_E1_clr0.01_fedopt_sgd_slr1.0_sam_rho0.1_112125_19:29:40.ckpt
--- Round 75 of 10000: Training 5 Clients ---
Selected clients: ['49', '86', '58', '90', '19']
--- Updating central model ---
Checkpoint saved in path: checkpoints/cifar10/alpha0.5_K5_N10000_cnn_E1_clr0.01_fedopt_sgd_slr1.0_sam_rho0.1_112125_19:29:40.ckpt
--- Round 76 of 10000: Training 5 Clients ---
Selected clients: ['8', '31', '54', '80', '28']
--- Updating central model ---
Checkpoint saved in path: checkpoints/cifar10/alpha0.5_K5_N10000_cnn_E1_clr0.01_fedopt_sgd_slr1.0_sam_rho0.1_112125_19:29:40.ckpt
--- Round 77 of 10000: Training 5 Clients ---
Selected clients: ['69', '50', '40', '60', '99']
--- Updating central model ---
Checkpoint saved in path: checkpoints/cifar10/alpha0.5_K5_N10000_cnn_E1_clr0.01_fedopt_sgd_slr1.0_sam_rho0.1_112125_19:29:40.ckpt
--- Round 78 of 10000: Training 5 Clients ---
Selected clients: ['20', '82', '51', '44', '76']
--- Updating central model ---
Checkpoint saved in path: checkpoints/cifar10/alpha0.5_K5_N10000_cnn_E1_clr0.01_fedopt_sgd_slr1.0_sam_rho0.1_112125_19:29:40.ckpt
--- Round 79 of 10000: Training 5 Clients ---
Selected clients: ['55', '1', '0', '67', '35']
--- Updating central model ---
Checkpoint saved in path: checkpoints/cifar10/alpha0.5_K5_N10000_cnn_E1_clr0.01_fedopt_sgd_slr1.0_sam_rho0.1_112125_19:29:40.ckpt
--- Round 80 of 10000: Training 5 Clients ---
Selected clients: ['99', '7', '75', '30', '1']
--- Updating central model ---
Checkpoint saved in path: checkpoints/cifar10/alpha0.5_K5_N10000_cnn_E1_clr0.01_fedopt_sgd_slr1.0_sam_rho0.1_112125_19:29:40.ckpt
--- Round 81 of 10000: Training 5 Clients ---
Selected clients: ['9', '51', '6', '44', '22']
--- Updating central model ---
Checkpoint saved in path: checkpoints/cifar10/alpha0.5_K5_N10000_cnn_E1_clr0.01_fedopt_sgd_slr1.0_sam_rho0.1_112125_19:29:40.ckpt
--- Round 82 of 10000: Training 5 Clients ---
Selected clients: ['58', '61', '21', '98', '66']
--- Updating central model ---
Checkpoint saved in path: checkpoints/cifar10/alpha0.5_K5_N10000_cnn_E1_clr0.01_fedopt_sgd_slr1.0_sam_rho0.1_112125_19:29:40.ckpt
--- Round 83 of 10000: Training 5 Clients ---
Selected clients: ['80', '91', '51', '75', '49']
--- Updating central model ---
Checkpoint saved in path: checkpoints/cifar10/alpha0.5_K5_N10000_cnn_E1_clr0.01_fedopt_sgd_slr1.0_sam_rho0.1_112125_19:29:40.ckpt
--- Round 84 of 10000: Training 5 Clients ---
Selected clients: ['32', '69', '24', '95', '35']
--- Updating central model ---
Checkpoint saved in path: checkpoints/cifar10/alpha0.5_K5_N10000_cnn_E1_clr0.01_fedopt_sgd_slr1.0_sam_rho0.1_112125_19:29:40.ckpt
--- Round 85 of 10000: Training 5 Clients ---
Selected clients: ['33', '77', '53', '67', '24']
--- Updating central model ---
Checkpoint saved in path: checkpoints/cifar10/alpha0.5_K5_N10000_cnn_E1_clr0.01_fedopt_sgd_slr1.0_sam_rho0.1_112125_19:29:40.ckpt
--- Round 86 of 10000: Training 5 Clients ---
Selected clients: ['62', '63', '96', '73', '17']
--- Updating central model ---
Checkpoint saved in path: checkpoints/cifar10/alpha0.5_K5_N10000_cnn_E1_clr0.01_fedopt_sgd_slr1.0_sam_rho0.1_112125_19:29:40.ckpt
--- Round 87 of 10000: Training 5 Clients ---
Selected clients: ['93', '50', '73', '56', '77']
--- Updating central model ---
Checkpoint saved in path: checkpoints/cifar10/alpha0.5_K5_N10000_cnn_E1_clr0.01_fedopt_sgd_slr1.0_sam_rho0.1_112125_19:29:40.ckpt
--- Round 88 of 10000: Training 5 Clients ---
Selected clients: ['6', '68', '78', '32', '53']
--- Updating central model ---
Checkpoint saved in path: checkpoints/cifar10/alpha0.5_K5_N10000_cnn_E1_clr0.01_fedopt_sgd_slr1.0_sam_rho0.1_112125_19:29:40.ckpt
--- Round 89 of 10000: Training 5 Clients ---
Selected clients: ['11', '3', '18', '59', '27']
--- Updating central model ---
Checkpoint saved in path: checkpoints/cifar10/alpha0.5_K5_N10000_cnn_E1_clr0.01_fedopt_sgd_slr1.0_sam_rho0.1_112125_19:29:40.ckpt
--- Round 90 of 10000: Training 5 Clients ---
Selected clients: ['7', '52', '30', '44', '91']
--- Updating central model ---
Checkpoint saved in path: checkpoints/cifar10/alpha0.5_K5_N10000_cnn_E1_clr0.01_fedopt_sgd_slr1.0_sam_rho0.1_112125_19:29:40.ckpt
--- Round 91 of 10000: Training 5 Clients ---
Selected clients: ['81', '61', '60', '50', '16']
--- Updating central model ---
Checkpoint saved in path: checkpoints/cifar10/alpha0.5_K5_N10000_cnn_E1_clr0.01_fedopt_sgd_slr1.0_sam_rho0.1_112125_19:29:40.ckpt
--- Round 92 of 10000: Training 5 Clients ---
Selected clients: ['82', '9', '63', '37', '29']
--- Updating central model ---
Checkpoint saved in path: checkpoints/cifar10/alpha0.5_K5_N10000_cnn_E1_clr0.01_fedopt_sgd_slr1.0_sam_rho0.1_112125_19:29:40.ckpt
--- Round 93 of 10000: Training 5 Clients ---
Selected clients: ['6', '83', '75', '21', '57']
--- Updating central model ---
Checkpoint saved in path: checkpoints/cifar10/alpha0.5_K5_N10000_cnn_E1_clr0.01_fedopt_sgd_slr1.0_sam_rho0.1_112125_19:29:40.ckpt
--- Round 94 of 10000: Training 5 Clients ---
Selected clients: ['9', '73', '26', '48', '19']
--- Updating central model ---
Checkpoint saved in path: checkpoints/cifar10/alpha0.5_K5_N10000_cnn_E1_clr0.01_fedopt_sgd_slr1.0_sam_rho0.1_112125_19:29:40.ckpt
--- Round 95 of 10000: Training 5 Clients ---
Selected clients: ['54', '17', '32', '69', '33']
--- Updating central model ---
Checkpoint saved in path: checkpoints/cifar10/alpha0.5_K5_N10000_cnn_E1_clr0.01_fedopt_sgd_slr1.0_sam_rho0.1_112125_19:29:40.ckpt
--- Round 96 of 10000: Training 5 Clients ---
Selected clients: ['45', '72', '33', '14', '98']
--- Updating central model ---
Checkpoint saved in path: checkpoints/cifar10/alpha0.5_K5_N10000_cnn_E1_clr0.01_fedopt_sgd_slr1.0_sam_rho0.1_112125_19:29:40.ckpt
--- Round 97 of 10000: Training 5 Clients ---
Selected clients: ['25', '46', '50', '72', '15']
--- Updating central model ---
Checkpoint saved in path: checkpoints/cifar10/alpha0.5_K5_N10000_cnn_E1_clr0.01_fedopt_sgd_slr1.0_sam_rho0.1_112125_19:29:40.ckpt
--- Round 98 of 10000: Training 5 Clients ---
Selected clients: ['20', '36', '96', '91', '49']
--- Updating central model ---
Checkpoint saved in path: checkpoints/cifar10/alpha0.5_K5_N10000_cnn_E1_clr0.01_fedopt_sgd_slr1.0_sam_rho0.1_112125_19:29:40.ckpt
--- Round 99 of 10000: Training 5 Clients ---
Selected clients: ['58', '5', '97', '44', '30']
--- Updating central model ---
Checkpoint saved in path: checkpoints/cifar10/alpha0.5_K5_N10000_cnn_E1_clr0.01_fedopt_sgd_slr1.0_sam_rho0.1_112125_19:29:40.ckpt
--- Round 100 of 10000: Training 5 Clients ---
Selected clients: ['63', '6', '35', '66', '30']
--- Updating central model ---
train_accuracy: 10.14, 10th percentile: 0, 50th percentile: 3.79411, 90th percentile 25.9961
train_loss: 2.30067, 10th percentile: 2.29086, 50th percentile: 2.30053, 90th percentile 2.31249
test_accuracy: 10, 10th percentile: 10, 50th percentile: 10, 90th percentile 10
test_loss: 2.30051, 10th percentile: 2.30051, 50th percentile: 2.30051, 90th percentile 2.30051
Checkpoint saved in path: checkpoints/cifar10/alpha0.5_K5_N10000_cnn_E1_clr0.01_fedopt_sgd_slr1.0_sam_rho0.1_112125_19:29:40.ckpt
--- Round 101 of 10000: Training 5 Clients ---
Selected clients: ['8', '61', '91', '41', '73']
--- Updating central model ---
Checkpoint saved in path: checkpoints/cifar10/alpha0.5_K5_N10000_cnn_E1_clr0.01_fedopt_sgd_slr1.0_sam_rho0.1_112125_19:29:40.ckpt
--- Round 102 of 10000: Training 5 Clients ---
Selected clients: ['47', '43', '0', '3', '9']
--- Updating central model ---
Checkpoint saved in path: checkpoints/cifar10/alpha0.5_K5_N10000_cnn_E1_clr0.01_fedopt_sgd_slr1.0_sam_rho0.1_112125_19:29:40.ckpt
--- Round 103 of 10000: Training 5 Clients ---
Selected clients: ['6', '72', '15', '59', '28']
--- Updating central model ---
Checkpoint saved in path: checkpoints/cifar10/alpha0.5_K5_N10000_cnn_E1_clr0.01_fedopt_sgd_slr1.0_sam_rho0.1_112125_19:29:40.ckpt
--- Round 104 of 10000: Training 5 Clients ---
Selected clients: ['63', '28', '15', '22', '97']
--- Updating central model ---
Checkpoint saved in path: checkpoints/cifar10/alpha0.5_K5_N10000_cnn_E1_clr0.01_fedopt_sgd_slr1.0_sam_rho0.1_112125_19:29:40.ckpt
--- Round 105 of 10000: Training 5 Clients ---
Selected clients: ['9', '15', '14', '61', '46']
--- Updating central model ---
Checkpoint saved in path: checkpoints/cifar10/alpha0.5_K5_N10000_cnn_E1_clr0.01_fedopt_sgd_slr1.0_sam_rho0.1_112125_19:29:40.ckpt
--- Round 106 of 10000: Training 5 Clients ---
Selected clients: ['80', '97', '34', '57', '61']
--- Updating central model ---
Checkpoint saved in path: checkpoints/cifar10/alpha0.5_K5_N10000_cnn_E1_clr0.01_fedopt_sgd_slr1.0_sam_rho0.1_112125_19:29:40.ckpt
--- Round 107 of 10000: Training 5 Clients ---
Selected clients: ['88', '53', '11', '58', '75']
--- Updating central model ---
Checkpoint saved in path: checkpoints/cifar10/alpha0.5_K5_N10000_cnn_E1_clr0.01_fedopt_sgd_slr1.0_sam_rho0.1_112125_19:29:40.ckpt
--- Round 108 of 10000: Training 5 Clients ---
Selected clients: ['72', '77', '70', '15', '13']
--- Updating central model ---
Checkpoint saved in path: checkpoints/cifar10/alpha0.5_K5_N10000_cnn_E1_clr0.01_fedopt_sgd_slr1.0_sam_rho0.1_112125_19:29:40.ckpt
--- Round 109 of 10000: Training 5 Clients ---
Selected clients: ['41', '6', '49', '50', '18']
--- Updating central model ---
Checkpoint saved in path: checkpoints/cifar10/alpha0.5_K5_N10000_cnn_E1_clr0.01_fedopt_sgd_slr1.0_sam_rho0.1_112125_19:29:40.ckpt
--- Round 110 of 10000: Training 5 Clients ---
Selected clients: ['98', '30', '50', '59', '56']
--- Updating central model ---
Checkpoint saved in path: checkpoints/cifar10/alpha0.5_K5_N10000_cnn_E1_clr0.01_fedopt_sgd_slr1.0_sam_rho0.1_112125_19:29:40.ckpt
--- Round 111 of 10000: Training 5 Clients ---
Selected clients: ['34', '15', '12', '32', '28']
--- Updating central model ---
Checkpoint saved in path: checkpoints/cifar10/alpha0.5_K5_N10000_cnn_E1_clr0.01_fedopt_sgd_slr1.0_sam_rho0.1_112125_19:29:40.ckpt
--- Round 112 of 10000: Training 5 Clients ---
Selected clients: ['15', '52', '33', '66', '53']
--- Updating central model ---
Checkpoint saved in path: checkpoints/cifar10/alpha0.5_K5_N10000_cnn_E1_clr0.01_fedopt_sgd_slr1.0_sam_rho0.1_112125_19:29:40.ckpt
--- Round 113 of 10000: Training 5 Clients ---
Selected clients: ['58', '30', '25', '46', '66']
--- Updating central model ---
Checkpoint saved in path: checkpoints/cifar10/alpha0.5_K5_N10000_cnn_E1_clr0.01_fedopt_sgd_slr1.0_sam_rho0.1_112125_19:29:40.ckpt
--- Round 114 of 10000: Training 5 Clients ---
Selected clients: ['74', '82', '70', '96', '59']
--- Updating central model ---
Checkpoint saved in path: checkpoints/cifar10/alpha0.5_K5_N10000_cnn_E1_clr0.01_fedopt_sgd_slr1.0_sam_rho0.1_112125_19:29:40.ckpt
--- Round 115 of 10000: Training 5 Clients ---
Selected clients: ['85', '81', '52', '87', '99']
--- Updating central model ---
Checkpoint saved in path: checkpoints/cifar10/alpha0.5_K5_N10000_cnn_E1_clr0.01_fedopt_sgd_slr1.0_sam_rho0.1_112125_19:29:40.ckpt
--- Round 116 of 10000: Training 5 Clients ---
Selected clients: ['59', '7', '73', '92', '1']
--- Updating central model ---
Checkpoint saved in path: checkpoints/cifar10/alpha0.5_K5_N10000_cnn_E1_clr0.01_fedopt_sgd_slr1.0_sam_rho0.1_112125_19:29:40.ckpt
--- Round 117 of 10000: Training 5 Clients ---
Selected clients: ['50', '42', '4', '38', '1']
--- Updating central model ---
Checkpoint saved in path: checkpoints/cifar10/alpha0.5_K5_N10000_cnn_E1_clr0.01_fedopt_sgd_slr1.0_sam_rho0.1_112125_19:29:40.ckpt
--- Round 118 of 10000: Training 5 Clients ---
Selected clients: ['0', '63', '89', '45', '1']
--- Updating central model ---
Checkpoint saved in path: checkpoints/cifar10/alpha0.5_K5_N10000_cnn_E1_clr0.01_fedopt_sgd_slr1.0_sam_rho0.1_112125_19:29:40.ckpt
--- Round 119 of 10000: Training 5 Clients ---
Selected clients: ['53', '69', '50', '46', '95']
--- Updating central model ---
Checkpoint saved in path: checkpoints/cifar10/alpha0.5_K5_N10000_cnn_E1_clr0.01_fedopt_sgd_slr1.0_sam_rho0.1_112125_19:29:40.ckpt
--- Round 120 of 10000: Training 5 Clients ---
Selected clients: ['73', '19', '54', '57', '63']
--- Updating central model ---
Checkpoint saved in path: checkpoints/cifar10/alpha0.5_K5_N10000_cnn_E1_clr0.01_fedopt_sgd_slr1.0_sam_rho0.1_112125_19:29:40.ckpt
--- Round 121 of 10000: Training 5 Clients ---
Selected clients: ['54', '26', '47', '52', '98']
--- Updating central model ---
Checkpoint saved in path: checkpoints/cifar10/alpha0.5_K5_N10000_cnn_E1_clr0.01_fedopt_sgd_slr1.0_sam_rho0.1_112125_19:29:40.ckpt
--- Round 122 of 10000: Training 5 Clients ---
Selected clients: ['54', '34', '29', '20', '60']
--- Updating central model ---
Checkpoint saved in path: checkpoints/cifar10/alpha0.5_K5_N10000_cnn_E1_clr0.01_fedopt_sgd_slr1.0_sam_rho0.1_112125_19:29:40.ckpt
--- Round 123 of 10000: Training 5 Clients ---
Selected clients: ['89', '78', '82', '13', '95']
--- Updating central model ---
Checkpoint saved in path: checkpoints/cifar10/alpha0.5_K5_N10000_cnn_E1_clr0.01_fedopt_sgd_slr1.0_sam_rho0.1_112125_19:29:40.ckpt
--- Round 124 of 10000: Training 5 Clients ---
Selected clients: ['59', '92', '94', '7', '60']
--- Updating central model ---
Checkpoint saved in path: checkpoints/cifar10/alpha0.5_K5_N10000_cnn_E1_clr0.01_fedopt_sgd_slr1.0_sam_rho0.1_112125_19:29:40.ckpt
--- Round 125 of 10000: Training 5 Clients ---
Selected clients: ['62', '31', '92', '32', '91']
--- Updating central model ---
Checkpoint saved in path: checkpoints/cifar10/alpha0.5_K5_N10000_cnn_E1_clr0.01_fedopt_sgd_slr1.0_sam_rho0.1_112125_19:29:40.ckpt
--- Round 126 of 10000: Training 5 Clients ---
Selected clients: ['75', '42', '44', '51', '95']
--- Updating central model ---
Checkpoint saved in path: checkpoints/cifar10/alpha0.5_K5_N10000_cnn_E1_clr0.01_fedopt_sgd_slr1.0_sam_rho0.1_112125_19:29:40.ckpt
--- Round 127 of 10000: Training 5 Clients ---
Selected clients: ['6', '60', '23', '31', '71']
--- Updating central model ---
Checkpoint saved in path: checkpoints/cifar10/alpha0.5_K5_N10000_cnn_E1_clr0.01_fedopt_sgd_slr1.0_sam_rho0.1_112125_19:29:40.ckpt
--- Round 128 of 10000: Training 5 Clients ---
Selected clients: ['79', '55', '37', '17', '46']
--- Updating central model ---
Checkpoint saved in path: checkpoints/cifar10/alpha0.5_K5_N10000_cnn_E1_clr0.01_fedopt_sgd_slr1.0_sam_rho0.1_112125_19:29:40.ckpt
--- Round 129 of 10000: Training 5 Clients ---
Selected clients: ['84', '10', '80', '51', '96']
--- Updating central model ---
Checkpoint saved in path: checkpoints/cifar10/alpha0.5_K5_N10000_cnn_E1_clr0.01_fedopt_sgd_slr1.0_sam_rho0.1_112125_19:29:40.ckpt
--- Round 130 of 10000: Training 5 Clients ---
Selected clients: ['68', '42', '72', '92', '85']
--- Updating central model ---
Checkpoint saved in path: checkpoints/cifar10/alpha0.5_K5_N10000_cnn_E1_clr0.01_fedopt_sgd_slr1.0_sam_rho0.1_112125_19:29:40.ckpt
--- Round 131 of 10000: Training 5 Clients ---
Selected clients: ['24', '22', '99', '14', '43']
--- Updating central model ---
Checkpoint saved in path: checkpoints/cifar10/alpha0.5_K5_N10000_cnn_E1_clr0.01_fedopt_sgd_slr1.0_sam_rho0.1_112125_19:29:40.ckpt
--- Round 132 of 10000: Training 5 Clients ---
Selected clients: ['51', '27', '84', '91', '14']
--- Updating central model ---
Checkpoint saved in path: checkpoints/cifar10/alpha0.5_K5_N10000_cnn_E1_clr0.01_fedopt_sgd_slr1.0_sam_rho0.1_112125_19:29:40.ckpt
--- Round 133 of 10000: Training 5 Clients ---
Selected clients: ['68', '8', '20', '81', '18']
--- Updating central model ---
Checkpoint saved in path: checkpoints/cifar10/alpha0.5_K5_N10000_cnn_E1_clr0.01_fedopt_sgd_slr1.0_sam_rho0.1_112125_19:29:40.ckpt
--- Round 134 of 10000: Training 5 Clients ---
Selected clients: ['67', '10', '70', '48', '22']
--- Updating central model ---
Checkpoint saved in path: checkpoints/cifar10/alpha0.5_K5_N10000_cnn_E1_clr0.01_fedopt_sgd_slr1.0_sam_rho0.1_112125_19:29:40.ckpt
--- Round 135 of 10000: Training 5 Clients ---
Selected clients: ['15', '81', '58', '85', '92']
--- Updating central model ---
Checkpoint saved in path: checkpoints/cifar10/alpha0.5_K5_N10000_cnn_E1_clr0.01_fedopt_sgd_slr1.0_sam_rho0.1_112125_19:29:40.ckpt
--- Round 136 of 10000: Training 5 Clients ---
Selected clients: ['20', '10', '24', '47', '9']
--- Updating central model ---
Checkpoint saved in path: checkpoints/cifar10/alpha0.5_K5_N10000_cnn_E1_clr0.01_fedopt_sgd_slr1.0_sam_rho0.1_112125_19:29:40.ckpt
--- Round 137 of 10000: Training 5 Clients ---
Selected clients: ['36', '86', '46', '84', '63']
--- Updating central model ---
Checkpoint saved in path: checkpoints/cifar10/alpha0.5_K5_N10000_cnn_E1_clr0.01_fedopt_sgd_slr1.0_sam_rho0.1_112125_19:29:40.ckpt
--- Round 138 of 10000: Training 5 Clients ---
Selected clients: ['13', '12', '54', '57', '65']
--- Updating central model ---
Checkpoint saved in path: checkpoints/cifar10/alpha0.5_K5_N10000_cnn_E1_clr0.01_fedopt_sgd_slr1.0_sam_rho0.1_112125_19:29:40.ckpt
--- Round 139 of 10000: Training 5 Clients ---
Selected clients: ['68', '26', '60', '14', '77']
--- Updating central model ---
Checkpoint saved in path: checkpoints/cifar10/alpha0.5_K5_N10000_cnn_E1_clr0.01_fedopt_sgd_slr1.0_sam_rho0.1_112125_19:29:40.ckpt
--- Round 140 of 10000: Training 5 Clients ---
Selected clients: ['63', '55', '87', '56', '76']
--- Updating central model ---
Checkpoint saved in path: checkpoints/cifar10/alpha0.5_K5_N10000_cnn_E1_clr0.01_fedopt_sgd_slr1.0_sam_rho0.1_112125_19:29:40.ckpt
--- Round 141 of 10000: Training 5 Clients ---
Selected clients: ['34', '75', '54', '88', '50']
--- Updating central model ---
Checkpoint saved in path: checkpoints/cifar10/alpha0.5_K5_N10000_cnn_E1_clr0.01_fedopt_sgd_slr1.0_sam_rho0.1_112125_19:29:40.ckpt
--- Round 142 of 10000: Training 5 Clients ---
Selected clients: ['80', '67', '49', '77', '15']
--- Updating central model ---
Checkpoint saved in path: checkpoints/cifar10/alpha0.5_K5_N10000_cnn_E1_clr0.01_fedopt_sgd_slr1.0_sam_rho0.1_112125_19:29:40.ckpt
--- Round 143 of 10000: Training 5 Clients ---
Selected clients: ['3', '98', '70', '64', '74']
--- Updating central model ---
Checkpoint saved in path: checkpoints/cifar10/alpha0.5_K5_N10000_cnn_E1_clr0.01_fedopt_sgd_slr1.0_sam_rho0.1_112125_19:29:40.ckpt
--- Round 144 of 10000: Training 5 Clients ---
Selected clients: ['96', '4', '49', '86', '51']
--- Updating central model ---
Checkpoint saved in path: checkpoints/cifar10/alpha0.5_K5_N10000_cnn_E1_clr0.01_fedopt_sgd_slr1.0_sam_rho0.1_112125_19:29:40.ckpt
--- Round 145 of 10000: Training 5 Clients ---
Selected clients: ['24', '60', '4', '91', '83']
--- Updating central model ---
Checkpoint saved in path: checkpoints/cifar10/alpha0.5_K5_N10000_cnn_E1_clr0.01_fedopt_sgd_slr1.0_sam_rho0.1_112125_19:29:40.ckpt
--- Round 146 of 10000: Training 5 Clients ---
Selected clients: ['80', '49', '5', '14', '38']
--- Updating central model ---
Checkpoint saved in path: checkpoints/cifar10/alpha0.5_K5_N10000_cnn_E1_clr0.01_fedopt_sgd_slr1.0_sam_rho0.1_112125_19:29:40.ckpt
--- Round 147 of 10000: Training 5 Clients ---
Selected clients: ['33', '69', '37', '94', '15']
--- Updating central model ---
Checkpoint saved in path: checkpoints/cifar10/alpha0.5_K5_N10000_cnn_E1_clr0.01_fedopt_sgd_slr1.0_sam_rho0.1_112125_19:29:40.ckpt
--- Round 148 of 10000: Training 5 Clients ---
Selected clients: ['68', '92', '7', '31', '11']
--- Updating central model ---
Checkpoint saved in path: checkpoints/cifar10/alpha0.5_K5_N10000_cnn_E1_clr0.01_fedopt_sgd_slr1.0_sam_rho0.1_112125_19:29:40.ckpt
--- Round 149 of 10000: Training 5 Clients ---
Selected clients: ['70', '5', '39', '35', '31']
--- Updating central model ---
Checkpoint saved in path: checkpoints/cifar10/alpha0.5_K5_N10000_cnn_E1_clr0.01_fedopt_sgd_slr1.0_sam_rho0.1_112125_19:29:40.ckpt
--- Round 150 of 10000: Training 5 Clients ---
Selected clients: ['62', '15', '67', '9', '54']
--- Updating central model ---
Checkpoint saved in path: checkpoints/cifar10/alpha0.5_K5_N10000_cnn_E1_clr0.01_fedopt_sgd_slr1.0_sam_rho0.1_112125_19:29:40.ckpt
--- Round 151 of 10000: Training 5 Clients ---
Selected clients: ['33', '3', '76', '21', '22']
--- Updating central model ---
Checkpoint saved in path: checkpoints/cifar10/alpha0.5_K5_N10000_cnn_E1_clr0.01_fedopt_sgd_slr1.0_sam_rho0.1_112125_19:29:40.ckpt
--- Round 152 of 10000: Training 5 Clients ---
Selected clients: ['14', '20', '68', '58', '48']
--- Updating central model ---
Checkpoint saved in path: checkpoints/cifar10/alpha0.5_K5_N10000_cnn_E1_clr0.01_fedopt_sgd_slr1.0_sam_rho0.1_112125_19:29:40.ckpt
--- Round 153 of 10000: Training 5 Clients ---
Selected clients: ['45', '70', '81', '90', '78']
--- Updating central model ---
Checkpoint saved in path: checkpoints/cifar10/alpha0.5_K5_N10000_cnn_E1_clr0.01_fedopt_sgd_slr1.0_sam_rho0.1_112125_19:29:40.ckpt
--- Round 154 of 10000: Training 5 Clients ---
Selected clients: ['93', '15', '43', '56', '42']
--- Updating central model ---
Checkpoint saved in path: checkpoints/cifar10/alpha0.5_K5_N10000_cnn_E1_clr0.01_fedopt_sgd_slr1.0_sam_rho0.1_112125_19:29:40.ckpt
--- Round 155 of 10000: Training 5 Clients ---
Selected clients: ['95', '42', '9', '54', '91']
--- Updating central model ---
Checkpoint saved in path: checkpoints/cifar10/alpha0.5_K5_N10000_cnn_E1_clr0.01_fedopt_sgd_slr1.0_sam_rho0.1_112125_19:29:40.ckpt
--- Round 156 of 10000: Training 5 Clients ---
Selected clients: ['14', '68', '64', '30', '50']
--- Updating central model ---
Checkpoint saved in path: checkpoints/cifar10/alpha0.5_K5_N10000_cnn_E1_clr0.01_fedopt_sgd_slr1.0_sam_rho0.1_112125_19:29:40.ckpt
--- Round 157 of 10000: Training 5 Clients ---
Selected clients: ['15', '40', '62', '86', '49']
--- Updating central model ---
Checkpoint saved in path: checkpoints/cifar10/alpha0.5_K5_N10000_cnn_E1_clr0.01_fedopt_sgd_slr1.0_sam_rho0.1_112125_19:29:40.ckpt
--- Round 158 of 10000: Training 5 Clients ---
Selected clients: ['43', '10', '16', '39', '86']
--- Updating central model ---
Checkpoint saved in path: checkpoints/cifar10/alpha0.5_K5_N10000_cnn_E1_clr0.01_fedopt_sgd_slr1.0_sam_rho0.1_112125_19:29:40.ckpt
--- Round 159 of 10000: Training 5 Clients ---
Selected clients: ['63', '17', '46', '69', '55']
--- Updating central model ---
Checkpoint saved in path: checkpoints/cifar10/alpha0.5_K5_N10000_cnn_E1_clr0.01_fedopt_sgd_slr1.0_sam_rho0.1_112125_19:29:40.ckpt
--- Round 160 of 10000: Training 5 Clients ---
Selected clients: ['9', '78', '25', '69', '73']
--- Updating central model ---
Checkpoint saved in path: checkpoints/cifar10/alpha0.5_K5_N10000_cnn_E1_clr0.01_fedopt_sgd_slr1.0_sam_rho0.1_112125_19:29:40.ckpt
--- Round 161 of 10000: Training 5 Clients ---
Selected clients: ['28', '88', '49', '61', '96']
--- Updating central model ---
Checkpoint saved in path: checkpoints/cifar10/alpha0.5_K5_N10000_cnn_E1_clr0.01_fedopt_sgd_slr1.0_sam_rho0.1_112125_19:29:40.ckpt
--- Round 162 of 10000: Training 5 Clients ---
Selected clients: ['26', '73', '29', '42', '95']
--- Updating central model ---
Checkpoint saved in path: checkpoints/cifar10/alpha0.5_K5_N10000_cnn_E1_clr0.01_fedopt_sgd_slr1.0_sam_rho0.1_112125_19:29:40.ckpt
--- Round 163 of 10000: Training 5 Clients ---
Selected clients: ['68', '21', '89', '96', '49']
--- Updating central model ---
Checkpoint saved in path: checkpoints/cifar10/alpha0.5_K5_N10000_cnn_E1_clr0.01_fedopt_sgd_slr1.0_sam_rho0.1_112125_19:29:40.ckpt
--- Round 164 of 10000: Training 5 Clients ---
Selected clients: ['18', '22', '63', '5', '72']
--- Updating central model ---
Checkpoint saved in path: checkpoints/cifar10/alpha0.5_K5_N10000_cnn_E1_clr0.01_fedopt_sgd_slr1.0_sam_rho0.1_112125_19:29:40.ckpt
--- Round 165 of 10000: Training 5 Clients ---
Selected clients: ['34', '73', '68', '10', '93']
--- Updating central model ---
Checkpoint saved in path: checkpoints/cifar10/alpha0.5_K5_N10000_cnn_E1_clr0.01_fedopt_sgd_slr1.0_sam_rho0.1_112125_19:29:40.ckpt
--- Round 166 of 10000: Training 5 Clients ---
Selected clients: ['14', '21', '17', '22', '88']
--- Updating central model ---
Checkpoint saved in path: checkpoints/cifar10/alpha0.5_K5_N10000_cnn_E1_clr0.01_fedopt_sgd_slr1.0_sam_rho0.1_112125_19:29:40.ckpt
--- Round 167 of 10000: Training 5 Clients ---
Selected clients: ['49', '86', '61', '34', '78']
--- Updating central model ---
Checkpoint saved in path: checkpoints/cifar10/alpha0.5_K5_N10000_cnn_E1_clr0.01_fedopt_sgd_slr1.0_sam_rho0.1_112125_19:29:40.ckpt
--- Round 168 of 10000: Training 5 Clients ---
Selected clients: ['39', '30', '15', '13', '23']
--- Updating central model ---
Checkpoint saved in path: checkpoints/cifar10/alpha0.5_K5_N10000_cnn_E1_clr0.01_fedopt_sgd_slr1.0_sam_rho0.1_112125_19:29:40.ckpt
--- Round 169 of 10000: Training 5 Clients ---
Selected clients: ['4', '56', '72', '90', '60']
--- Updating central model ---
Checkpoint saved in path: checkpoints/cifar10/alpha0.5_K5_N10000_cnn_E1_clr0.01_fedopt_sgd_slr1.0_sam_rho0.1_112125_19:29:40.ckpt
--- Round 170 of 10000: Training 5 Clients ---
Selected clients: ['21', '38', '77', '52', '18']
--- Updating central model ---
Checkpoint saved in path: checkpoints/cifar10/alpha0.5_K5_N10000_cnn_E1_clr0.01_fedopt_sgd_slr1.0_sam_rho0.1_112125_19:29:40.ckpt
--- Round 171 of 10000: Training 5 Clients ---
Selected clients: ['88', '24', '99', '69', '74']
--- Updating central model ---
Checkpoint saved in path: checkpoints/cifar10/alpha0.5_K5_N10000_cnn_E1_clr0.01_fedopt_sgd_slr1.0_sam_rho0.1_112125_19:29:40.ckpt
--- Round 172 of 10000: Training 5 Clients ---
Selected clients: ['17', '71', '15', '20', '22']
--- Updating central model ---
Checkpoint saved in path: checkpoints/cifar10/alpha0.5_K5_N10000_cnn_E1_clr0.01_fedopt_sgd_slr1.0_sam_rho0.1_112125_19:29:40.ckpt
--- Round 173 of 10000: Training 5 Clients ---
Selected clients: ['74', '86', '63', '58', '23']
--- Updating central model ---
Checkpoint saved in path: checkpoints/cifar10/alpha0.5_K5_N10000_cnn_E1_clr0.01_fedopt_sgd_slr1.0_sam_rho0.1_112125_19:29:40.ckpt
--- Round 174 of 10000: Training 5 Clients ---
Selected clients: ['98', '24', '50', '47', '85']
--- Updating central model ---
Checkpoint saved in path: checkpoints/cifar10/alpha0.5_K5_N10000_cnn_E1_clr0.01_fedopt_sgd_slr1.0_sam_rho0.1_112125_19:29:40.ckpt
--- Round 175 of 10000: Training 5 Clients ---
Selected clients: ['99', '89', '36', '30', '55']
--- Updating central model ---
Checkpoint saved in path: checkpoints/cifar10/alpha0.5_K5_N10000_cnn_E1_clr0.01_fedopt_sgd_slr1.0_sam_rho0.1_112125_19:29:40.ckpt
--- Round 176 of 10000: Training 5 Clients ---
Selected clients: ['86', '91', '67', '59', '30']
--- Updating central model ---
Checkpoint saved in path: checkpoints/cifar10/alpha0.5_K5_N10000_cnn_E1_clr0.01_fedopt_sgd_slr1.0_sam_rho0.1_112125_19:29:40.ckpt
--- Round 177 of 10000: Training 5 Clients ---
Selected clients: ['53', '24', '47', '10', '97']
--- Updating central model ---
Checkpoint saved in path: checkpoints/cifar10/alpha0.5_K5_N10000_cnn_E1_clr0.01_fedopt_sgd_slr1.0_sam_rho0.1_112125_19:29:40.ckpt
--- Round 178 of 10000: Training 5 Clients ---
Selected clients: ['18', '57', '50', '72', '10']
--- Updating central model ---
Checkpoint saved in path: checkpoints/cifar10/alpha0.5_K5_N10000_cnn_E1_clr0.01_fedopt_sgd_slr1.0_sam_rho0.1_112125_19:29:40.ckpt
--- Round 179 of 10000: Training 5 Clients ---
Selected clients: ['61', '15', '40', '50', '43']
--- Updating central model ---
Checkpoint saved in path: checkpoints/cifar10/alpha0.5_K5_N10000_cnn_E1_clr0.01_fedopt_sgd_slr1.0_sam_rho0.1_112125_19:29:40.ckpt
--- Round 180 of 10000: Training 5 Clients ---
Selected clients: ['41', '95', '88', '62', '87']
--- Updating central model ---
Checkpoint saved in path: checkpoints/cifar10/alpha0.5_K5_N10000_cnn_E1_clr0.01_fedopt_sgd_slr1.0_sam_rho0.1_112125_19:29:40.ckpt
--- Round 181 of 10000: Training 5 Clients ---
Selected clients: ['16', '84', '52', '40', '0']
--- Updating central model ---
Checkpoint saved in path: checkpoints/cifar10/alpha0.5_K5_N10000_cnn_E1_clr0.01_fedopt_sgd_slr1.0_sam_rho0.1_112125_19:29:40.ckpt
--- Round 182 of 10000: Training 5 Clients ---
Selected clients: ['41', '19', '68', '4', '43']
--- Updating central model ---
Checkpoint saved in path: checkpoints/cifar10/alpha0.5_K5_N10000_cnn_E1_clr0.01_fedopt_sgd_slr1.0_sam_rho0.1_112125_19:29:40.ckpt
--- Round 183 of 10000: Training 5 Clients ---
Selected clients: ['88', '21', '78', '62', '79']
--- Updating central model ---
Checkpoint saved in path: checkpoints/cifar10/alpha0.5_K5_N10000_cnn_E1_clr0.01_fedopt_sgd_slr1.0_sam_rho0.1_112125_19:29:40.ckpt
--- Round 184 of 10000: Training 5 Clients ---
Selected clients: ['67', '22', '90', '18', '66']
--- Updating central model ---
Checkpoint saved in path: checkpoints/cifar10/alpha0.5_K5_N10000_cnn_E1_clr0.01_fedopt_sgd_slr1.0_sam_rho0.1_112125_19:29:40.ckpt
--- Round 185 of 10000: Training 5 Clients ---
Selected clients: ['22', '80', '68', '92', '69']
--- Updating central model ---
Checkpoint saved in path: checkpoints/cifar10/alpha0.5_K5_N10000_cnn_E1_clr0.01_fedopt_sgd_slr1.0_sam_rho0.1_112125_19:29:40.ckpt
--- Round 186 of 10000: Training 5 Clients ---
Selected clients: ['52', '98', '49', '31', '32']
--- Updating central model ---
Checkpoint saved in path: checkpoints/cifar10/alpha0.5_K5_N10000_cnn_E1_clr0.01_fedopt_sgd_slr1.0_sam_rho0.1_112125_19:29:40.ckpt
--- Round 187 of 10000: Training 5 Clients ---
Selected clients: ['59', '15', '57', '63', '23']
--- Updating central model ---
Checkpoint saved in path: checkpoints/cifar10/alpha0.5_K5_N10000_cnn_E1_clr0.01_fedopt_sgd_slr1.0_sam_rho0.1_112125_19:29:40.ckpt
--- Round 188 of 10000: Training 5 Clients ---
Selected clients: ['46', '41', '63', '84', '4']
--- Updating central model ---
Checkpoint saved in path: checkpoints/cifar10/alpha0.5_K5_N10000_cnn_E1_clr0.01_fedopt_sgd_slr1.0_sam_rho0.1_112125_19:29:40.ckpt
--- Round 189 of 10000: Training 5 Clients ---
Selected clients: ['73', '60', '45', '81', '59']
--- Updating central model ---
Checkpoint saved in path: checkpoints/cifar10/alpha0.5_K5_N10000_cnn_E1_clr0.01_fedopt_sgd_slr1.0_sam_rho0.1_112125_19:29:40.ckpt
--- Round 190 of 10000: Training 5 Clients ---
Selected clients: ['90', '58', '62', '99', '96']
--- Updating central model ---
Checkpoint saved in path: checkpoints/cifar10/alpha0.5_K5_N10000_cnn_E1_clr0.01_fedopt_sgd_slr1.0_sam_rho0.1_112125_19:29:40.ckpt
--- Round 191 of 10000: Training 5 Clients ---
Selected clients: ['98', '17', '92', '85', '54']
--- Updating central model ---
Checkpoint saved in path: checkpoints/cifar10/alpha0.5_K5_N10000_cnn_E1_clr0.01_fedopt_sgd_slr1.0_sam_rho0.1_112125_19:29:40.ckpt
--- Round 192 of 10000: Training 5 Clients ---
Selected clients: ['39', '44', '82', '25', '57']
--- Updating central model ---
Checkpoint saved in path: checkpoints/cifar10/alpha0.5_K5_N10000_cnn_E1_clr0.01_fedopt_sgd_slr1.0_sam_rho0.1_112125_19:29:40.ckpt
--- Round 193 of 10000: Training 5 Clients ---
Selected clients: ['40', '90', '70', '82', '19']
--- Updating central model ---
Checkpoint saved in path: checkpoints/cifar10/alpha0.5_K5_N10000_cnn_E1_clr0.01_fedopt_sgd_slr1.0_sam_rho0.1_112125_19:29:40.ckpt
--- Round 194 of 10000: Training 5 Clients ---
Selected clients: ['18', '94', '19', '8', '69']
--- Updating central model ---
Checkpoint saved in path: checkpoints/cifar10/alpha0.5_K5_N10000_cnn_E1_clr0.01_fedopt_sgd_slr1.0_sam_rho0.1_112125_19:29:40.ckpt
--- Round 195 of 10000: Training 5 Clients ---
Selected clients: ['0', '71', '14', '99', '15']
--- Updating central model ---
Checkpoint saved in path: checkpoints/cifar10/alpha0.5_K5_N10000_cnn_E1_clr0.01_fedopt_sgd_slr1.0_sam_rho0.1_112125_19:29:40.ckpt
--- Round 196 of 10000: Training 5 Clients ---
Selected clients: ['97', '68', '4', '87', '43']
--- Updating central model ---
Checkpoint saved in path: checkpoints/cifar10/alpha0.5_K5_N10000_cnn_E1_clr0.01_fedopt_sgd_slr1.0_sam_rho0.1_112125_19:29:40.ckpt
--- Round 197 of 10000: Training 5 Clients ---
Selected clients: ['10', '78', '88', '97', '32']
--- Updating central model ---
Checkpoint saved in path: checkpoints/cifar10/alpha0.5_K5_N10000_cnn_E1_clr0.01_fedopt_sgd_slr1.0_sam_rho0.1_112125_19:29:40.ckpt
--- Round 198 of 10000: Training 5 Clients ---
Selected clients: ['59', '74', '66', '22', '89']
--- Updating central model ---
Checkpoint saved in path: checkpoints/cifar10/alpha0.5_K5_N10000_cnn_E1_clr0.01_fedopt_sgd_slr1.0_sam_rho0.1_112125_19:29:40.ckpt
--- Round 199 of 10000: Training 5 Clients ---
Selected clients: ['2', '65', '24', '56', '0']
--- Updating central model ---
Checkpoint saved in path: checkpoints/cifar10/alpha0.5_K5_N10000_cnn_E1_clr0.01_fedopt_sgd_slr1.0_sam_rho0.1_112125_19:29:40.ckpt
--- Round 200 of 10000: Training 5 Clients ---
Selected clients: ['92', '75', '0', '16', '15']
--- Updating central model ---
train_accuracy: 14.7257, 10th percentile: 1.23778, 50th percentile: 9.86464, 90th percentile 33.1649
train_loss: 2.29582, 10th percentile: 2.26506, 50th percentile: 2.30178, 90th percentile 2.32435
test_accuracy: 14.56, 10th percentile: 14.56, 50th percentile: 14.56, 90th percentile 14.56
test_loss: 2.29541, 10th percentile: 2.29541, 50th percentile: 2.29541, 90th percentile 2.29541
Checkpoint saved in path: checkpoints/cifar10/alpha0.5_K5_N10000_cnn_E1_clr0.01_fedopt_sgd_slr1.0_sam_rho0.1_112125_19:29:40.ckpt
--- Round 201 of 10000: Training 5 Clients ---
Selected clients: ['42', '80', '7', '40', '78']
--- Updating central model ---
Checkpoint saved in path: checkpoints/cifar10/alpha0.5_K5_N10000_cnn_E1_clr0.01_fedopt_sgd_slr1.0_sam_rho0.1_112125_19:29:40.ckpt
--- Round 202 of 10000: Training 5 Clients ---
Selected clients: ['9', '84', '69', '18', '65']
--- Updating central model ---
Checkpoint saved in path: checkpoints/cifar10/alpha0.5_K5_N10000_cnn_E1_clr0.01_fedopt_sgd_slr1.0_sam_rho0.1_112125_19:29:40.ckpt
--- Round 203 of 10000: Training 5 Clients ---
Selected clients: ['42', '88', '15', '91', '54']
--- Updating central model ---
Checkpoint saved in path: checkpoints/cifar10/alpha0.5_K5_N10000_cnn_E1_clr0.01_fedopt_sgd_slr1.0_sam_rho0.1_112125_19:29:40.ckpt
--- Round 204 of 10000: Training 5 Clients ---
Selected clients: ['50', '4', '3', '55', '97']
--- Updating central model ---
Checkpoint saved in path: checkpoints/cifar10/alpha0.5_K5_N10000_cnn_E1_clr0.01_fedopt_sgd_slr1.0_sam_rho0.1_112125_19:29:40.ckpt
--- Round 205 of 10000: Training 5 Clients ---
Selected clients: ['34', '73', '27', '39', '83']
--- Updating central model ---
Checkpoint saved in path: checkpoints/cifar10/alpha0.5_K5_N10000_cnn_E1_clr0.01_fedopt_sgd_slr1.0_sam_rho0.1_112125_19:29:40.ckpt
--- Round 206 of 10000: Training 5 Clients ---
Selected clients: ['67', '81', '73', '45', '86']
--- Updating central model ---
Checkpoint saved in path: checkpoints/cifar10/alpha0.5_K5_N10000_cnn_E1_clr0.01_fedopt_sgd_slr1.0_sam_rho0.1_112125_19:29:40.ckpt
--- Round 207 of 10000: Training 5 Clients ---
Selected clients: ['1', '31', '11', '86', '68']
--- Updating central model ---
Checkpoint saved in path: checkpoints/cifar10/alpha0.5_K5_N10000_cnn_E1_clr0.01_fedopt_sgd_slr1.0_sam_rho0.1_112125_19:29:40.ckpt
--- Round 208 of 10000: Training 5 Clients ---
Selected clients: ['8', '24', '97', '19', '49']
--- Updating central model ---
Checkpoint saved in path: checkpoints/cifar10/alpha0.5_K5_N10000_cnn_E1_clr0.01_fedopt_sgd_slr1.0_sam_rho0.1_112125_19:29:40.ckpt
--- Round 209 of 10000: Training 5 Clients ---
Selected clients: ['44', '89', '39', '70', '81']
--- Updating central model ---
Checkpoint saved in path: checkpoints/cifar10/alpha0.5_K5_N10000_cnn_E1_clr0.01_fedopt_sgd_slr1.0_sam_rho0.1_112125_19:29:40.ckpt
--- Round 210 of 10000: Training 5 Clients ---
Selected clients: ['94', '43', '66', '81', '3']
--- Updating central model ---
Checkpoint saved in path: checkpoints/cifar10/alpha0.5_K5_N10000_cnn_E1_clr0.01_fedopt_sgd_slr1.0_sam_rho0.1_112125_19:29:40.ckpt
--- Round 211 of 10000: Training 5 Clients ---
Selected clients: ['96', '7', '26', '17', '73']
--- Updating central model ---
Checkpoint saved in path: checkpoints/cifar10/alpha0.5_K5_N10000_cnn_E1_clr0.01_fedopt_sgd_slr1.0_sam_rho0.1_112125_19:29:40.ckpt
--- Round 212 of 10000: Training 5 Clients ---
Selected clients: ['38', '32', '9', '23', '45']
--- Updating central model ---
Checkpoint saved in path: checkpoints/cifar10/alpha0.5_K5_N10000_cnn_E1_clr0.01_fedopt_sgd_slr1.0_sam_rho0.1_112125_19:29:40.ckpt
--- Round 213 of 10000: Training 5 Clients ---
Selected clients: ['84', '86', '94', '48', '1']
--- Updating central model ---
Checkpoint saved in path: checkpoints/cifar10/alpha0.5_K5_N10000_cnn_E1_clr0.01_fedopt_sgd_slr1.0_sam_rho0.1_112125_19:29:40.ckpt
--- Round 214 of 10000: Training 5 Clients ---
Selected clients: ['97', '99', '84', '19', '35']
--- Updating central model ---
Checkpoint saved in path: checkpoints/cifar10/alpha0.5_K5_N10000_cnn_E1_clr0.01_fedopt_sgd_slr1.0_sam_rho0.1_112125_19:29:40.ckpt
--- Round 215 of 10000: Training 5 Clients ---
Selected clients: ['12', '33', '4', '74', '21']
--- Updating central model ---
Checkpoint saved in path: checkpoints/cifar10/alpha0.5_K5_N10000_cnn_E1_clr0.01_fedopt_sgd_slr1.0_sam_rho0.1_112125_19:29:40.ckpt
--- Round 216 of 10000: Training 5 Clients ---
Selected clients: ['51', '57', '1', '87', '69']
--- Updating central model ---
Checkpoint saved in path: checkpoints/cifar10/alpha0.5_K5_N10000_cnn_E1_clr0.01_fedopt_sgd_slr1.0_sam_rho0.1_112125_19:29:40.ckpt
--- Round 217 of 10000: Training 5 Clients ---
Selected clients: ['77', '3', '37', '91', '39']
--- Updating central model ---
Checkpoint saved in path: checkpoints/cifar10/alpha0.5_K5_N10000_cnn_E1_clr0.01_fedopt_sgd_slr1.0_sam_rho0.1_112125_19:29:40.ckpt
--- Round 218 of 10000: Training 5 Clients ---
Selected clients: ['32', '16', '85', '53', '64']
--- Updating central model ---
Checkpoint saved in path: checkpoints/cifar10/alpha0.5_K5_N10000_cnn_E1_clr0.01_fedopt_sgd_slr1.0_sam_rho0.1_112125_19:29:40.ckpt
--- Round 219 of 10000: Training 5 Clients ---
Selected clients: ['95', '52', '96', '46', '78']
--- Updating central model ---
Checkpoint saved in path: checkpoints/cifar10/alpha0.5_K5_N10000_cnn_E1_clr0.01_fedopt_sgd_slr1.0_sam_rho0.1_112125_19:29:40.ckpt
--- Round 220 of 10000: Training 5 Clients ---
Selected clients: ['13', '5', '65', '52', '55']
--- Updating central model ---
Checkpoint saved in path: checkpoints/cifar10/alpha0.5_K5_N10000_cnn_E1_clr0.01_fedopt_sgd_slr1.0_sam_rho0.1_112125_19:29:40.ckpt
--- Round 221 of 10000: Training 5 Clients ---
Selected clients: ['61', '59', '38', '22', '75']
--- Updating central model ---
Checkpoint saved in path: checkpoints/cifar10/alpha0.5_K5_N10000_cnn_E1_clr0.01_fedopt_sgd_slr1.0_sam_rho0.1_112125_19:29:40.ckpt
--- Round 222 of 10000: Training 5 Clients ---
Selected clients: ['76', '25', '32', '83', '93']
--- Updating central model ---
Checkpoint saved in path: checkpoints/cifar10/alpha0.5_K5_N10000_cnn_E1_clr0.01_fedopt_sgd_slr1.0_sam_rho0.1_112125_19:29:40.ckpt
--- Round 223 of 10000: Training 5 Clients ---
Selected clients: ['82', '9', '2', '44', '48']
--- Updating central model ---
Checkpoint saved in path: checkpoints/cifar10/alpha0.5_K5_N10000_cnn_E1_clr0.01_fedopt_sgd_slr1.0_sam_rho0.1_112125_19:29:40.ckpt
--- Round 224 of 10000: Training 5 Clients ---
Selected clients: ['10', '94', '17', '76', '9']
--- Updating central model ---
Checkpoint saved in path: checkpoints/cifar10/alpha0.5_K5_N10000_cnn_E1_clr0.01_fedopt_sgd_slr1.0_sam_rho0.1_112125_19:29:40.ckpt
--- Round 225 of 10000: Training 5 Clients ---
Selected clients: ['45', '67', '76', '69', '61']
--- Updating central model ---
Checkpoint saved in path: checkpoints/cifar10/alpha0.5_K5_N10000_cnn_E1_clr0.01_fedopt_sgd_slr1.0_sam_rho0.1_112125_19:29:40.ckpt
--- Round 226 of 10000: Training 5 Clients ---
Selected clients: ['18', '25', '71', '91', '57']
--- Updating central model ---
Checkpoint saved in path: checkpoints/cifar10/alpha0.5_K5_N10000_cnn_E1_clr0.01_fedopt_sgd_slr1.0_sam_rho0.1_112125_19:29:40.ckpt
--- Round 227 of 10000: Training 5 Clients ---
Selected clients: ['87', '26', '9', '17', '91']
--- Updating central model ---
Checkpoint saved in path: checkpoints/cifar10/alpha0.5_K5_N10000_cnn_E1_clr0.01_fedopt_sgd_slr1.0_sam_rho0.1_112125_19:29:40.ckpt
--- Round 228 of 10000: Training 5 Clients ---
Selected clients: ['69', '55', '48', '18', '42']
--- Updating central model ---
Checkpoint saved in path: checkpoints/cifar10/alpha0.5_K5_N10000_cnn_E1_clr0.01_fedopt_sgd_slr1.0_sam_rho0.1_112125_19:29:40.ckpt
--- Round 229 of 10000: Training 5 Clients ---
Selected clients: ['14', '58', '56', '13', '35']
--- Updating central model ---
Checkpoint saved in path: checkpoints/cifar10/alpha0.5_K5_N10000_cnn_E1_clr0.01_fedopt_sgd_slr1.0_sam_rho0.1_112125_19:29:40.ckpt
--- Round 230 of 10000: Training 5 Clients ---
Selected clients: ['93', '55', '99', '77', '45']
--- Updating central model ---
Checkpoint saved in path: checkpoints/cifar10/alpha0.5_K5_N10000_cnn_E1_clr0.01_fedopt_sgd_slr1.0_sam_rho0.1_112125_19:29:40.ckpt
--- Round 231 of 10000: Training 5 Clients ---
Selected clients: ['86', '18', '34', '95', '10']
--- Updating central model ---
Checkpoint saved in path: checkpoints/cifar10/alpha0.5_K5_N10000_cnn_E1_clr0.01_fedopt_sgd_slr1.0_sam_rho0.1_112125_19:29:40.ckpt
--- Round 232 of 10000: Training 5 Clients ---
Selected clients: ['35', '92', '62', '22', '10']
--- Updating central model ---
Checkpoint saved in path: checkpoints/cifar10/alpha0.5_K5_N10000_cnn_E1_clr0.01_fedopt_sgd_slr1.0_sam_rho0.1_112125_19:29:40.ckpt
--- Round 233 of 10000: Training 5 Clients ---
Selected clients: ['72', '34', '65', '21', '27']
--- Updating central model ---
Checkpoint saved in path: checkpoints/cifar10/alpha0.5_K5_N10000_cnn_E1_clr0.01_fedopt_sgd_slr1.0_sam_rho0.1_112125_19:29:40.ckpt
--- Round 234 of 10000: Training 5 Clients ---
Selected clients: ['79', '39', '4', '42', '45']
--- Updating central model ---
Checkpoint saved in path: checkpoints/cifar10/alpha0.5_K5_N10000_cnn_E1_clr0.01_fedopt_sgd_slr1.0_sam_rho0.1_112125_19:29:40.ckpt
--- Round 235 of 10000: Training 5 Clients ---
Selected clients: ['74', '63', '55', '92', '64']
--- Updating central model ---
Checkpoint saved in path: checkpoints/cifar10/alpha0.5_K5_N10000_cnn_E1_clr0.01_fedopt_sgd_slr1.0_sam_rho0.1_112125_19:29:40.ckpt
--- Round 236 of 10000: Training 5 Clients ---
Selected clients: ['47', '29', '25', '0', '70']
--- Updating central model ---
Checkpoint saved in path: checkpoints/cifar10/alpha0.5_K5_N10000_cnn_E1_clr0.01_fedopt_sgd_slr1.0_sam_rho0.1_112125_19:29:40.ckpt
--- Round 237 of 10000: Training 5 Clients ---
Selected clients: ['30', '19', '86', '35', '61']
--- Updating central model ---
Checkpoint saved in path: checkpoints/cifar10/alpha0.5_K5_N10000_cnn_E1_clr0.01_fedopt_sgd_slr1.0_sam_rho0.1_112125_19:29:40.ckpt
--- Round 238 of 10000: Training 5 Clients ---
Selected clients: ['68', '2', '45', '97', '13']
--- Updating central model ---
Checkpoint saved in path: checkpoints/cifar10/alpha0.5_K5_N10000_cnn_E1_clr0.01_fedopt_sgd_slr1.0_sam_rho0.1_112125_19:29:40.ckpt
--- Round 239 of 10000: Training 5 Clients ---
Selected clients: ['81', '37', '11', '55', '93']
--- Updating central model ---
Checkpoint saved in path: checkpoints/cifar10/alpha0.5_K5_N10000_cnn_E1_clr0.01_fedopt_sgd_slr1.0_sam_rho0.1_112125_19:29:40.ckpt
--- Round 240 of 10000: Training 5 Clients ---
Selected clients: ['22', '64', '44', '57', '1']
--- Updating central model ---
Checkpoint saved in path: checkpoints/cifar10/alpha0.5_K5_N10000_cnn_E1_clr0.01_fedopt_sgd_slr1.0_sam_rho0.1_112125_19:29:40.ckpt
--- Round 241 of 10000: Training 5 Clients ---
Selected clients: ['53', '38', '89', '57', '37']
--- Updating central model ---
Checkpoint saved in path: checkpoints/cifar10/alpha0.5_K5_N10000_cnn_E1_clr0.01_fedopt_sgd_slr1.0_sam_rho0.1_112125_19:29:40.ckpt
--- Round 242 of 10000: Training 5 Clients ---
Selected clients: ['48', '67', '66', '2', '39']
--- Updating central model ---
Checkpoint saved in path: checkpoints/cifar10/alpha0.5_K5_N10000_cnn_E1_clr0.01_fedopt_sgd_slr1.0_sam_rho0.1_112125_19:29:40.ckpt
--- Round 243 of 10000: Training 5 Clients ---
Selected clients: ['44', '70', '21', '12', '77']
--- Updating central model ---
Checkpoint saved in path: checkpoints/cifar10/alpha0.5_K5_N10000_cnn_E1_clr0.01_fedopt_sgd_slr1.0_sam_rho0.1_112125_19:29:40.ckpt
--- Round 244 of 10000: Training 5 Clients ---
Selected clients: ['11', '21', '52', '27', '46']
--- Updating central model ---
Checkpoint saved in path: checkpoints/cifar10/alpha0.5_K5_N10000_cnn_E1_clr0.01_fedopt_sgd_slr1.0_sam_rho0.1_112125_19:29:40.ckpt
--- Round 245 of 10000: Training 5 Clients ---
Selected clients: ['6', '57', '21', '43', '0']
--- Updating central model ---
Checkpoint saved in path: checkpoints/cifar10/alpha0.5_K5_N10000_cnn_E1_clr0.01_fedopt_sgd_slr1.0_sam_rho0.1_112125_19:29:40.ckpt
--- Round 246 of 10000: Training 5 Clients ---
Selected clients: ['90', '39', '40', '98', '63']
--- Updating central model ---
Checkpoint saved in path: checkpoints/cifar10/alpha0.5_K5_N10000_cnn_E1_clr0.01_fedopt_sgd_slr1.0_sam_rho0.1_112125_19:29:40.ckpt
--- Round 247 of 10000: Training 5 Clients ---
Selected clients: ['63', '46', '21', '72', '5']
--- Updating central model ---
Checkpoint saved in path: checkpoints/cifar10/alpha0.5_K5_N10000_cnn_E1_clr0.01_fedopt_sgd_slr1.0_sam_rho0.1_112125_19:29:40.ckpt
--- Round 248 of 10000: Training 5 Clients ---
Selected clients: ['18', '91', '54', '7', '94']
--- Updating central model ---
Checkpoint saved in path: checkpoints/cifar10/alpha0.5_K5_N10000_cnn_E1_clr0.01_fedopt_sgd_slr1.0_sam_rho0.1_112125_19:29:40.ckpt
--- Round 249 of 10000: Training 5 Clients ---
Selected clients: ['84', '80', '40', '88', '97']
--- Updating central model ---
Checkpoint saved in path: checkpoints/cifar10/alpha0.5_K5_N10000_cnn_E1_clr0.01_fedopt_sgd_slr1.0_sam_rho0.1_112125_19:29:40.ckpt
--- Round 250 of 10000: Training 5 Clients ---
Selected clients: ['34', '38', '3', '29', '61']
--- Updating central model ---
Checkpoint saved in path: checkpoints/cifar10/alpha0.5_K5_N10000_cnn_E1_clr0.01_fedopt_sgd_slr1.0_sam_rho0.1_112125_19:29:40.ckpt
--- Round 251 of 10000: Training 5 Clients ---
Selected clients: ['32', '57', '26', '27', '95']
--- Updating central model ---
Checkpoint saved in path: checkpoints/cifar10/alpha0.5_K5_N10000_cnn_E1_clr0.01_fedopt_sgd_slr1.0_sam_rho0.1_112125_19:29:40.ckpt
--- Round 252 of 10000: Training 5 Clients ---
Selected clients: ['94', '18', '33', '76', '93']
--- Updating central model ---
Checkpoint saved in path: checkpoints/cifar10/alpha0.5_K5_N10000_cnn_E1_clr0.01_fedopt_sgd_slr1.0_sam_rho0.1_112125_19:29:40.ckpt
--- Round 253 of 10000: Training 5 Clients ---
Selected clients: ['67', '93', '90', '12', '76']
--- Updating central model ---
Checkpoint saved in path: checkpoints/cifar10/alpha0.5_K5_N10000_cnn_E1_clr0.01_fedopt_sgd_slr1.0_sam_rho0.1_112125_19:29:40.ckpt
--- Round 254 of 10000: Training 5 Clients ---
Selected clients: ['34', '7', '63', '58', '91']
--- Updating central model ---
Checkpoint saved in path: checkpoints/cifar10/alpha0.5_K5_N10000_cnn_E1_clr0.01_fedopt_sgd_slr1.0_sam_rho0.1_112125_19:29:40.ckpt
--- Round 255 of 10000: Training 5 Clients ---
Selected clients: ['78', '77', '94', '70', '97']
--- Updating central model ---
Checkpoint saved in path: checkpoints/cifar10/alpha0.5_K5_N10000_cnn_E1_clr0.01_fedopt_sgd_slr1.0_sam_rho0.1_112125_19:29:40.ckpt
--- Round 256 of 10000: Training 5 Clients ---
Selected clients: ['10', '82', '5', '97', '71']
--- Updating central model ---
Checkpoint saved in path: checkpoints/cifar10/alpha0.5_K5_N10000_cnn_E1_clr0.01_fedopt_sgd_slr1.0_sam_rho0.1_112125_19:29:40.ckpt
--- Round 257 of 10000: Training 5 Clients ---
Selected clients: ['20', '95', '93', '1', '22']
--- Updating central model ---
Checkpoint saved in path: checkpoints/cifar10/alpha0.5_K5_N10000_cnn_E1_clr0.01_fedopt_sgd_slr1.0_sam_rho0.1_112125_19:29:40.ckpt
--- Round 258 of 10000: Training 5 Clients ---
Selected clients: ['73', '32', '44', '77', '34']
--- Updating central model ---
Checkpoint saved in path: checkpoints/cifar10/alpha0.5_K5_N10000_cnn_E1_clr0.01_fedopt_sgd_slr1.0_sam_rho0.1_112125_19:29:40.ckpt
--- Round 259 of 10000: Training 5 Clients ---
Selected clients: ['44', '81', '60', '26', '21']
--- Updating central model ---
Checkpoint saved in path: checkpoints/cifar10/alpha0.5_K5_N10000_cnn_E1_clr0.01_fedopt_sgd_slr1.0_sam_rho0.1_112125_19:29:40.ckpt
--- Round 260 of 10000: Training 5 Clients ---
Selected clients: ['27', '35', '46', '8', '2']
--- Updating central model ---
Checkpoint saved in path: checkpoints/cifar10/alpha0.5_K5_N10000_cnn_E1_clr0.01_fedopt_sgd_slr1.0_sam_rho0.1_112125_19:29:40.ckpt
--- Round 261 of 10000: Training 5 Clients ---
Selected clients: ['11', '29', '83', '87', '7']
--- Updating central model ---
Checkpoint saved in path: checkpoints/cifar10/alpha0.5_K5_N10000_cnn_E1_clr0.01_fedopt_sgd_slr1.0_sam_rho0.1_112125_19:29:40.ckpt
--- Round 262 of 10000: Training 5 Clients ---
Selected clients: ['62', '23', '76', '95', '58']
--- Updating central model ---
Checkpoint saved in path: checkpoints/cifar10/alpha0.5_K5_N10000_cnn_E1_clr0.01_fedopt_sgd_slr1.0_sam_rho0.1_112125_19:29:40.ckpt
--- Round 263 of 10000: Training 5 Clients ---
Selected clients: ['94', '27', '34', '5', '33']
--- Updating central model ---
Checkpoint saved in path: checkpoints/cifar10/alpha0.5_K5_N10000_cnn_E1_clr0.01_fedopt_sgd_slr1.0_sam_rho0.1_112125_19:29:40.ckpt
--- Round 264 of 10000: Training 5 Clients ---
Selected clients: ['8', '93', '45', '80', '37']
--- Updating central model ---
Checkpoint saved in path: checkpoints/cifar10/alpha0.5_K5_N10000_cnn_E1_clr0.01_fedopt_sgd_slr1.0_sam_rho0.1_112125_19:29:40.ckpt
--- Round 265 of 10000: Training 5 Clients ---
Selected clients: ['68', '43', '44', '87', '0']
--- Updating central model ---
Checkpoint saved in path: checkpoints/cifar10/alpha0.5_K5_N10000_cnn_E1_clr0.01_fedopt_sgd_slr1.0_sam_rho0.1_112125_19:29:40.ckpt
--- Round 266 of 10000: Training 5 Clients ---
Selected clients: ['5', '83', '60', '56', '73']
--- Updating central model ---
Checkpoint saved in path: checkpoints/cifar10/alpha0.5_K5_N10000_cnn_E1_clr0.01_fedopt_sgd_slr1.0_sam_rho0.1_112125_19:29:40.ckpt
--- Round 267 of 10000: Training 5 Clients ---
Selected clients: ['61', '39', '65', '50', '51']
--- Updating central model ---
Checkpoint saved in path: checkpoints/cifar10/alpha0.5_K5_N10000_cnn_E1_clr0.01_fedopt_sgd_slr1.0_sam_rho0.1_112125_19:29:40.ckpt
--- Round 268 of 10000: Training 5 Clients ---
Selected clients: ['85', '50', '27', '3', '88']
--- Updating central model ---
Checkpoint saved in path: checkpoints/cifar10/alpha0.5_K5_N10000_cnn_E1_clr0.01_fedopt_sgd_slr1.0_sam_rho0.1_112125_19:29:40.ckpt
--- Round 269 of 10000: Training 5 Clients ---
Selected clients: ['24', '39', '20', '68', '60']
--- Updating central model ---
Checkpoint saved in path: checkpoints/cifar10/alpha0.5_K5_N10000_cnn_E1_clr0.01_fedopt_sgd_slr1.0_sam_rho0.1_112125_19:29:40.ckpt
--- Round 270 of 10000: Training 5 Clients ---
Selected clients: ['77', '3', '20', '6', '33']
--- Updating central model ---
Checkpoint saved in path: checkpoints/cifar10/alpha0.5_K5_N10000_cnn_E1_clr0.01_fedopt_sgd_slr1.0_sam_rho0.1_112125_19:29:40.ckpt
--- Round 271 of 10000: Training 5 Clients ---
Selected clients: ['66', '37', '47', '85', '84']
--- Updating central model ---
Checkpoint saved in path: checkpoints/cifar10/alpha0.5_K5_N10000_cnn_E1_clr0.01_fedopt_sgd_slr1.0_sam_rho0.1_112125_19:29:40.ckpt
--- Round 272 of 10000: Training 5 Clients ---
Selected clients: ['37', '9', '68', '4', '73']
--- Updating central model ---
Checkpoint saved in path: checkpoints/cifar10/alpha0.5_K5_N10000_cnn_E1_clr0.01_fedopt_sgd_slr1.0_sam_rho0.1_112125_19:29:40.ckpt
--- Round 273 of 10000: Training 5 Clients ---
Selected clients: ['80', '35', '65', '69', '30']
--- Updating central model ---
Checkpoint saved in path: checkpoints/cifar10/alpha0.5_K5_N10000_cnn_E1_clr0.01_fedopt_sgd_slr1.0_sam_rho0.1_112125_19:29:40.ckpt
--- Round 274 of 10000: Training 5 Clients ---
Selected clients: ['52', '60', '99', '62', '47']
--- Updating central model ---
Checkpoint saved in path: checkpoints/cifar10/alpha0.5_K5_N10000_cnn_E1_clr0.01_fedopt_sgd_slr1.0_sam_rho0.1_112125_19:29:40.ckpt
--- Round 275 of 10000: Training 5 Clients ---
Selected clients: ['46', '70', '45', '8', '60']
--- Updating central model ---
Checkpoint saved in path: checkpoints/cifar10/alpha0.5_K5_N10000_cnn_E1_clr0.01_fedopt_sgd_slr1.0_sam_rho0.1_112125_19:29:40.ckpt
--- Round 276 of 10000: Training 5 Clients ---
Selected clients: ['74', '40', '34', '35', '64']
--- Updating central model ---
Checkpoint saved in path: checkpoints/cifar10/alpha0.5_K5_N10000_cnn_E1_clr0.01_fedopt_sgd_slr1.0_sam_rho0.1_112125_19:29:40.ckpt
--- Round 277 of 10000: Training 5 Clients ---
Selected clients: ['52', '92', '2', '37', '15']
--- Updating central model ---
Checkpoint saved in path: checkpoints/cifar10/alpha0.5_K5_N10000_cnn_E1_clr0.01_fedopt_sgd_slr1.0_sam_rho0.1_112125_19:29:40.ckpt
--- Round 278 of 10000: Training 5 Clients ---
Selected clients: ['9', '88', '5', '1', '36']
--- Updating central model ---
Checkpoint saved in path: checkpoints/cifar10/alpha0.5_K5_N10000_cnn_E1_clr0.01_fedopt_sgd_slr1.0_sam_rho0.1_112125_19:29:40.ckpt
--- Round 279 of 10000: Training 5 Clients ---
Selected clients: ['47', '28', '10', '74', '94']
--- Updating central model ---
Checkpoint saved in path: checkpoints/cifar10/alpha0.5_K5_N10000_cnn_E1_clr0.01_fedopt_sgd_slr1.0_sam_rho0.1_112125_19:29:40.ckpt
--- Round 280 of 10000: Training 5 Clients ---
Selected clients: ['16', '97', '26', '21', '33']
--- Updating central model ---
Checkpoint saved in path: checkpoints/cifar10/alpha0.5_K5_N10000_cnn_E1_clr0.01_fedopt_sgd_slr1.0_sam_rho0.1_112125_19:29:40.ckpt
--- Round 281 of 10000: Training 5 Clients ---
Selected clients: ['8', '47', '45', '48', '32']
--- Updating central model ---
Checkpoint saved in path: checkpoints/cifar10/alpha0.5_K5_N10000_cnn_E1_clr0.01_fedopt_sgd_slr1.0_sam_rho0.1_112125_19:29:40.ckpt
--- Round 282 of 10000: Training 5 Clients ---
Selected clients: ['34', '4', '9', '50', '54']
--- Updating central model ---
Checkpoint saved in path: checkpoints/cifar10/alpha0.5_K5_N10000_cnn_E1_clr0.01_fedopt_sgd_slr1.0_sam_rho0.1_112125_19:29:40.ckpt
--- Round 283 of 10000: Training 5 Clients ---
Selected clients: ['86', '98', '90', '19', '45']
--- Updating central model ---
Checkpoint saved in path: checkpoints/cifar10/alpha0.5_K5_N10000_cnn_E1_clr0.01_fedopt_sgd_slr1.0_sam_rho0.1_112125_19:29:40.ckpt
--- Round 284 of 10000: Training 5 Clients ---
Selected clients: ['90', '11', '46', '76', '78']
--- Updating central model ---
Checkpoint saved in path: checkpoints/cifar10/alpha0.5_K5_N10000_cnn_E1_clr0.01_fedopt_sgd_slr1.0_sam_rho0.1_112125_19:29:40.ckpt
--- Round 285 of 10000: Training 5 Clients ---
Selected clients: ['75', '69', '0', '27', '20']
--- Updating central model ---
Checkpoint saved in path: checkpoints/cifar10/alpha0.5_K5_N10000_cnn_E1_clr0.01_fedopt_sgd_slr1.0_sam_rho0.1_112125_19:29:40.ckpt
--- Round 286 of 10000: Training 5 Clients ---
Selected clients: ['35', '18', '20', '68', '28']
--- Updating central model ---
Checkpoint saved in path: checkpoints/cifar10/alpha0.5_K5_N10000_cnn_E1_clr0.01_fedopt_sgd_slr1.0_sam_rho0.1_112125_19:29:40.ckpt
--- Round 287 of 10000: Training 5 Clients ---
Selected clients: ['48', '17', '62', '19', '10']
--- Updating central model ---
Checkpoint saved in path: checkpoints/cifar10/alpha0.5_K5_N10000_cnn_E1_clr0.01_fedopt_sgd_slr1.0_sam_rho0.1_112125_19:29:40.ckpt
--- Round 288 of 10000: Training 5 Clients ---
Selected clients: ['98', '35', '42', '81', '19']
--- Updating central model ---
Checkpoint saved in path: checkpoints/cifar10/alpha0.5_K5_N10000_cnn_E1_clr0.01_fedopt_sgd_slr1.0_sam_rho0.1_112125_19:29:40.ckpt
--- Round 289 of 10000: Training 5 Clients ---
Selected clients: ['43', '32', '70', '77', '16']
--- Updating central model ---
Checkpoint saved in path: checkpoints/cifar10/alpha0.5_K5_N10000_cnn_E1_clr0.01_fedopt_sgd_slr1.0_sam_rho0.1_112125_19:29:40.ckpt
--- Round 290 of 10000: Training 5 Clients ---
Selected clients: ['60', '64', '5', '67', '40']
--- Updating central model ---
Checkpoint saved in path: checkpoints/cifar10/alpha0.5_K5_N10000_cnn_E1_clr0.01_fedopt_sgd_slr1.0_sam_rho0.1_112125_19:29:40.ckpt
--- Round 291 of 10000: Training 5 Clients ---
Selected clients: ['31', '43', '20', '9', '47']
--- Updating central model ---
Checkpoint saved in path: checkpoints/cifar10/alpha0.5_K5_N10000_cnn_E1_clr0.01_fedopt_sgd_slr1.0_sam_rho0.1_112125_19:29:40.ckpt
--- Round 292 of 10000: Training 5 Clients ---
Selected clients: ['5', '75', '37', '48', '84']
--- Updating central model ---
Checkpoint saved in path: checkpoints/cifar10/alpha0.5_K5_N10000_cnn_E1_clr0.01_fedopt_sgd_slr1.0_sam_rho0.1_112125_19:29:40.ckpt
--- Round 293 of 10000: Training 5 Clients ---
Selected clients: ['96', '80', '17', '3', '2']
--- Updating central model ---
Checkpoint saved in path: checkpoints/cifar10/alpha0.5_K5_N10000_cnn_E1_clr0.01_fedopt_sgd_slr1.0_sam_rho0.1_112125_19:29:40.ckpt
--- Round 294 of 10000: Training 5 Clients ---
Selected clients: ['86', '77', '11', '73', '32']
--- Updating central model ---
Checkpoint saved in path: checkpoints/cifar10/alpha0.5_K5_N10000_cnn_E1_clr0.01_fedopt_sgd_slr1.0_sam_rho0.1_112125_19:29:40.ckpt
--- Round 295 of 10000: Training 5 Clients ---
Selected clients: ['50', '59', '86', '73', '31']
--- Updating central model ---
Checkpoint saved in path: checkpoints/cifar10/alpha0.5_K5_N10000_cnn_E1_clr0.01_fedopt_sgd_slr1.0_sam_rho0.1_112125_19:29:40.ckpt
--- Round 296 of 10000: Training 5 Clients ---
Selected clients: ['36', '58', '6', '75', '85']
--- Updating central model ---
Checkpoint saved in path: checkpoints/cifar10/alpha0.5_K5_N10000_cnn_E1_clr0.01_fedopt_sgd_slr1.0_sam_rho0.1_112125_19:29:40.ckpt
--- Round 297 of 10000: Training 5 Clients ---
Selected clients: ['29', '47', '75', '82', '52']
--- Updating central model ---
Checkpoint saved in path: checkpoints/cifar10/alpha0.5_K5_N10000_cnn_E1_clr0.01_fedopt_sgd_slr1.0_sam_rho0.1_112125_19:29:40.ckpt
--- Round 298 of 10000: Training 5 Clients ---
Selected clients: ['93', '22', '88', '84', '13']
--- Updating central model ---
Checkpoint saved in path: checkpoints/cifar10/alpha0.5_K5_N10000_cnn_E1_clr0.01_fedopt_sgd_slr1.0_sam_rho0.1_112125_19:29:40.ckpt
--- Round 299 of 10000: Training 5 Clients ---
Selected clients: ['3', '88', '36', '32', '59']
--- Updating central model ---
Checkpoint saved in path: checkpoints/cifar10/alpha0.5_K5_N10000_cnn_E1_clr0.01_fedopt_sgd_slr1.0_sam_rho0.1_112125_19:29:40.ckpt
--- Round 300 of 10000: Training 5 Clients ---
Selected clients: ['41', '57', '73', '79', '26']
--- Updating central model ---
train_accuracy: 17.0486, 10th percentile: 2.94763, 50th percentile: 15.6372, 90th percentile 32.2829
train_loss: 2.25556, 10th percentile: 2.20945, 50th percentile: 2.26549, 90th percentile 2.29169
test_accuracy: 17.18, 10th percentile: 17.18, 50th percentile: 17.18, 90th percentile 17.18
test_loss: 2.25213, 10th percentile: 2.25213, 50th percentile: 2.25213, 90th percentile 2.25213
Checkpoint saved in path: checkpoints/cifar10/alpha0.5_K5_N10000_cnn_E1_clr0.01_fedopt_sgd_slr1.0_sam_rho0.1_112125_19:29:40.ckpt
--- Round 301 of 10000: Training 5 Clients ---
Selected clients: ['34', '46', '11', '48', '25']
--- Updating central model ---
Checkpoint saved in path: checkpoints/cifar10/alpha0.5_K5_N10000_cnn_E1_clr0.01_fedopt_sgd_slr1.0_sam_rho0.1_112125_19:29:40.ckpt
--- Round 302 of 10000: Training 5 Clients ---
Selected clients: ['54', '53', '43', '89', '91']
--- Updating central model ---
Checkpoint saved in path: checkpoints/cifar10/alpha0.5_K5_N10000_cnn_E1_clr0.01_fedopt_sgd_slr1.0_sam_rho0.1_112125_19:29:40.ckpt
--- Round 303 of 10000: Training 5 Clients ---
Selected clients: ['27', '88', '89', '33', '55']
--- Updating central model ---
Checkpoint saved in path: checkpoints/cifar10/alpha0.5_K5_N10000_cnn_E1_clr0.01_fedopt_sgd_slr1.0_sam_rho0.1_112125_19:29:40.ckpt
--- Round 304 of 10000: Training 5 Clients ---
Selected clients: ['74', '64', '48', '28', '71']
--- Updating central model ---
Checkpoint saved in path: checkpoints/cifar10/alpha0.5_K5_N10000_cnn_E1_clr0.01_fedopt_sgd_slr1.0_sam_rho0.1_112125_19:29:40.ckpt
--- Round 305 of 10000: Training 5 Clients ---
Selected clients: ['79', '74', '83', '37', '20']
--- Updating central model ---
Checkpoint saved in path: checkpoints/cifar10/alpha0.5_K5_N10000_cnn_E1_clr0.01_fedopt_sgd_slr1.0_sam_rho0.1_112125_19:29:40.ckpt
--- Round 306 of 10000: Training 5 Clients ---
Selected clients: ['16', '85', '30', '53', '8']
--- Updating central model ---
Checkpoint saved in path: checkpoints/cifar10/alpha0.5_K5_N10000_cnn_E1_clr0.01_fedopt_sgd_slr1.0_sam_rho0.1_112125_19:29:40.ckpt
--- Round 307 of 10000: Training 5 Clients ---
Selected clients: ['77', '20', '16', '61', '59']
--- Updating central model ---
Checkpoint saved in path: checkpoints/cifar10/alpha0.5_K5_N10000_cnn_E1_clr0.01_fedopt_sgd_slr1.0_sam_rho0.1_112125_19:29:40.ckpt
--- Round 308 of 10000: Training 5 Clients ---
Selected clients: ['13', '35', '22', '86', '63']
--- Updating central model ---
Checkpoint saved in path: checkpoints/cifar10/alpha0.5_K5_N10000_cnn_E1_clr0.01_fedopt_sgd_slr1.0_sam_rho0.1_112125_19:29:40.ckpt
--- Round 309 of 10000: Training 5 Clients ---
Selected clients: ['9', '99', '24', '76', '2']
--- Updating central model ---
Checkpoint saved in path: checkpoints/cifar10/alpha0.5_K5_N10000_cnn_E1_clr0.01_fedopt_sgd_slr1.0_sam_rho0.1_112125_19:29:40.ckpt
--- Round 310 of 10000: Training 5 Clients ---
Selected clients: ['43', '15', '84', '67', '71']
--- Updating central model ---
Checkpoint saved in path: checkpoints/cifar10/alpha0.5_K5_N10000_cnn_E1_clr0.01_fedopt_sgd_slr1.0_sam_rho0.1_112125_19:29:40.ckpt
--- Round 311 of 10000: Training 5 Clients ---
Selected clients: ['12', '2', '23', '54', '83']
--- Updating central model ---
Checkpoint saved in path: checkpoints/cifar10/alpha0.5_K5_N10000_cnn_E1_clr0.01_fedopt_sgd_slr1.0_sam_rho0.1_112125_19:29:40.ckpt
--- Round 312 of 10000: Training 5 Clients ---
Selected clients: ['25', '24', '72', '99', '16']
--- Updating central model ---
Checkpoint saved in path: checkpoints/cifar10/alpha0.5_K5_N10000_cnn_E1_clr0.01_fedopt_sgd_slr1.0_sam_rho0.1_112125_19:29:40.ckpt
--- Round 313 of 10000: Training 5 Clients ---
Selected clients: ['47', '59', '89', '55', '66']
--- Updating central model ---
Checkpoint saved in path: checkpoints/cifar10/alpha0.5_K5_N10000_cnn_E1_clr0.01_fedopt_sgd_slr1.0_sam_rho0.1_112125_19:29:40.ckpt
--- Round 314 of 10000: Training 5 Clients ---
Selected clients: ['62', '3', '28', '96', '8']
--- Updating central model ---
Checkpoint saved in path: checkpoints/cifar10/alpha0.5_K5_N10000_cnn_E1_clr0.01_fedopt_sgd_slr1.0_sam_rho0.1_112125_19:29:40.ckpt
--- Round 315 of 10000: Training 5 Clients ---
Selected clients: ['45', '6', '66', '3', '96']
--- Updating central model ---
Checkpoint saved in path: checkpoints/cifar10/alpha0.5_K5_N10000_cnn_E1_clr0.01_fedopt_sgd_slr1.0_sam_rho0.1_112125_19:29:40.ckpt
--- Round 316 of 10000: Training 5 Clients ---
Selected clients: ['16', '20', '94', '96', '41']
--- Updating central model ---
Checkpoint saved in path: checkpoints/cifar10/alpha0.5_K5_N10000_cnn_E1_clr0.01_fedopt_sgd_slr1.0_sam_rho0.1_112125_19:29:40.ckpt