Alpha: alpha_0.50
Using device: NVIDIA A100-SXM4-80GB
############################## cifar10.cnn ##############################
Running experiment with server servers.fedopt_server and client clients.sam_client
Verify client and server: <class 'clients.sam_client.SAMClient'> <class 'servers.fedopt_server.FedOptServer'>
Running influence estimation:   0%|          | 0/20 [00:00<?, ?it/s]wandb: WARNING `resume` will be ignored since W&B syncing is set to `offline`. Starting a new run with run id gp7r199q.
wandb: Tracking run with wandb version 0.23.0
wandb: W&B syncing is set to `offline` in this directory. Run `wandb online` or set WANDB_MODE=online to enable cloud syncing.
wandb: Run data is saved locally in /home/mlr570t1/FedSAM_mem_inf-main/models/wandb/offline-run-20251121_192855-gp7r199q
Server optimizer: sgd with lr 1.0 and momentum 0
Start round: 0
Clients in Total: 100 training clients and 1 test clients
--- Random Initialization ---
--- Round 1 of 10000: Training 5 Clients ---
Selected clients: ['64', '28', '29', '73', '56']
--- Updating central model ---
Checkpoint saved in path: checkpoints/cifar10/alpha0.5_K5_N10000_cnn_E1_clr0.01_fedopt_sgd_slr1.0_sam_rho0.1_112125_19:29:46.ckpt
--- Round 2 of 10000: Training 5 Clients ---
Selected clients: ['6', '40', '37', '36', '2']
--- Updating central model ---
Checkpoint saved in path: checkpoints/cifar10/alpha0.5_K5_N10000_cnn_E1_clr0.01_fedopt_sgd_slr1.0_sam_rho0.1_112125_19:29:46.ckpt
--- Round 3 of 10000: Training 5 Clients ---
Selected clients: ['66', '58', '78', '14', '26']
--- Updating central model ---
Checkpoint saved in path: checkpoints/cifar10/alpha0.5_K5_N10000_cnn_E1_clr0.01_fedopt_sgd_slr1.0_sam_rho0.1_112125_19:29:46.ckpt
--- Round 4 of 10000: Training 5 Clients ---
Selected clients: ['77', '57', '68', '47', '70']
--- Updating central model ---
Checkpoint saved in path: checkpoints/cifar10/alpha0.5_K5_N10000_cnn_E1_clr0.01_fedopt_sgd_slr1.0_sam_rho0.1_112125_19:29:46.ckpt
--- Round 5 of 10000: Training 5 Clients ---
Selected clients: ['46', '32', '84', '60', '1']
--- Updating central model ---
Checkpoint saved in path: checkpoints/cifar10/alpha0.5_K5_N10000_cnn_E1_clr0.01_fedopt_sgd_slr1.0_sam_rho0.1_112125_19:29:46.ckpt
--- Round 6 of 10000: Training 5 Clients ---
Selected clients: ['5', '2', '66', '62', '71']
--- Updating central model ---
Checkpoint saved in path: checkpoints/cifar10/alpha0.5_K5_N10000_cnn_E1_clr0.01_fedopt_sgd_slr1.0_sam_rho0.1_112125_19:29:46.ckpt
--- Round 7 of 10000: Training 5 Clients ---
Selected clients: ['68', '87', '81', '2', '90']
--- Updating central model ---
Checkpoint saved in path: checkpoints/cifar10/alpha0.5_K5_N10000_cnn_E1_clr0.01_fedopt_sgd_slr1.0_sam_rho0.1_112125_19:29:46.ckpt
--- Round 8 of 10000: Training 5 Clients ---
Selected clients: ['27', '36', '75', '93', '19']
--- Updating central model ---
Checkpoint saved in path: checkpoints/cifar10/alpha0.5_K5_N10000_cnn_E1_clr0.01_fedopt_sgd_slr1.0_sam_rho0.1_112125_19:29:46.ckpt
--- Round 9 of 10000: Training 5 Clients ---
Selected clients: ['34', '87', '95', '28', '72']
--- Updating central model ---
Checkpoint saved in path: checkpoints/cifar10/alpha0.5_K5_N10000_cnn_E1_clr0.01_fedopt_sgd_slr1.0_sam_rho0.1_112125_19:29:46.ckpt
--- Round 10 of 10000: Training 5 Clients ---
Selected clients: ['86', '10', '91', '27', '36']
--- Updating central model ---
Checkpoint saved in path: checkpoints/cifar10/alpha0.5_K5_N10000_cnn_E1_clr0.01_fedopt_sgd_slr1.0_sam_rho0.1_112125_19:29:46.ckpt
--- Round 11 of 10000: Training 5 Clients ---
Selected clients: ['21', '25', '66', '20', '45']
--- Updating central model ---
Checkpoint saved in path: checkpoints/cifar10/alpha0.5_K5_N10000_cnn_E1_clr0.01_fedopt_sgd_slr1.0_sam_rho0.1_112125_19:29:46.ckpt
--- Round 12 of 10000: Training 5 Clients ---
Selected clients: ['71', '1', '89', '30', '25']
--- Updating central model ---
Checkpoint saved in path: checkpoints/cifar10/alpha0.5_K5_N10000_cnn_E1_clr0.01_fedopt_sgd_slr1.0_sam_rho0.1_112125_19:29:46.ckpt
--- Round 13 of 10000: Training 5 Clients ---
Selected clients: ['0', '77', '43', '80', '54']
--- Updating central model ---
Checkpoint saved in path: checkpoints/cifar10/alpha0.5_K5_N10000_cnn_E1_clr0.01_fedopt_sgd_slr1.0_sam_rho0.1_112125_19:29:46.ckpt
--- Round 14 of 10000: Training 5 Clients ---
Selected clients: ['50', '90', '16', '93', '11']
--- Updating central model ---
Checkpoint saved in path: checkpoints/cifar10/alpha0.5_K5_N10000_cnn_E1_clr0.01_fedopt_sgd_slr1.0_sam_rho0.1_112125_19:29:46.ckpt
--- Round 15 of 10000: Training 5 Clients ---
Selected clients: ['70', '39', '7', '40', '3']
--- Updating central model ---
Checkpoint saved in path: checkpoints/cifar10/alpha0.5_K5_N10000_cnn_E1_clr0.01_fedopt_sgd_slr1.0_sam_rho0.1_112125_19:29:46.ckpt
--- Round 16 of 10000: Training 5 Clients ---
Selected clients: ['6', '10', '16', '46', '52']
--- Updating central model ---
Checkpoint saved in path: checkpoints/cifar10/alpha0.5_K5_N10000_cnn_E1_clr0.01_fedopt_sgd_slr1.0_sam_rho0.1_112125_19:29:46.ckpt
--- Round 17 of 10000: Training 5 Clients ---
Selected clients: ['19', '23', '99', '65', '92']
--- Updating central model ---
Checkpoint saved in path: checkpoints/cifar10/alpha0.5_K5_N10000_cnn_E1_clr0.01_fedopt_sgd_slr1.0_sam_rho0.1_112125_19:29:46.ckpt
--- Round 18 of 10000: Training 5 Clients ---
Selected clients: ['64', '25', '88', '54', '50']
--- Updating central model ---
Checkpoint saved in path: checkpoints/cifar10/alpha0.5_K5_N10000_cnn_E1_clr0.01_fedopt_sgd_slr1.0_sam_rho0.1_112125_19:29:46.ckpt
--- Round 19 of 10000: Training 5 Clients ---
Selected clients: ['99', '28', '17', '1', '59']
--- Updating central model ---
Checkpoint saved in path: checkpoints/cifar10/alpha0.5_K5_N10000_cnn_E1_clr0.01_fedopt_sgd_slr1.0_sam_rho0.1_112125_19:29:46.ckpt
--- Round 20 of 10000: Training 5 Clients ---
Selected clients: ['99', '18', '69', '58', '31']
--- Updating central model ---
Checkpoint saved in path: checkpoints/cifar10/alpha0.5_K5_N10000_cnn_E1_clr0.01_fedopt_sgd_slr1.0_sam_rho0.1_112125_19:29:46.ckpt
--- Round 21 of 10000: Training 5 Clients ---
Selected clients: ['51', '18', '70', '4', '9']
--- Updating central model ---
Checkpoint saved in path: checkpoints/cifar10/alpha0.5_K5_N10000_cnn_E1_clr0.01_fedopt_sgd_slr1.0_sam_rho0.1_112125_19:29:46.ckpt
--- Round 22 of 10000: Training 5 Clients ---
Selected clients: ['26', '50', '75', '98', '20']
--- Updating central model ---
Checkpoint saved in path: checkpoints/cifar10/alpha0.5_K5_N10000_cnn_E1_clr0.01_fedopt_sgd_slr1.0_sam_rho0.1_112125_19:29:46.ckpt
--- Round 23 of 10000: Training 5 Clients ---
Selected clients: ['67', '52', '33', '37', '6']
--- Updating central model ---
Checkpoint saved in path: checkpoints/cifar10/alpha0.5_K5_N10000_cnn_E1_clr0.01_fedopt_sgd_slr1.0_sam_rho0.1_112125_19:29:46.ckpt
--- Round 24 of 10000: Training 5 Clients ---
Selected clients: ['53', '74', '63', '32', '1']
--- Updating central model ---
Checkpoint saved in path: checkpoints/cifar10/alpha0.5_K5_N10000_cnn_E1_clr0.01_fedopt_sgd_slr1.0_sam_rho0.1_112125_19:29:46.ckpt
--- Round 25 of 10000: Training 5 Clients ---
Selected clients: ['20', '76', '87', '78', '40']
--- Updating central model ---
Checkpoint saved in path: checkpoints/cifar10/alpha0.5_K5_N10000_cnn_E1_clr0.01_fedopt_sgd_slr1.0_sam_rho0.1_112125_19:29:46.ckpt
--- Round 26 of 10000: Training 5 Clients ---
Selected clients: ['0', '16', '82', '85', '59']
--- Updating central model ---
Checkpoint saved in path: checkpoints/cifar10/alpha0.5_K5_N10000_cnn_E1_clr0.01_fedopt_sgd_slr1.0_sam_rho0.1_112125_19:29:46.ckpt
--- Round 27 of 10000: Training 5 Clients ---
Selected clients: ['39', '46', '10', '14', '59']
--- Updating central model ---
Checkpoint saved in path: checkpoints/cifar10/alpha0.5_K5_N10000_cnn_E1_clr0.01_fedopt_sgd_slr1.0_sam_rho0.1_112125_19:29:46.ckpt
--- Round 28 of 10000: Training 5 Clients ---
Selected clients: ['76', '84', '14', '10', '60']
--- Updating central model ---
Checkpoint saved in path: checkpoints/cifar10/alpha0.5_K5_N10000_cnn_E1_clr0.01_fedopt_sgd_slr1.0_sam_rho0.1_112125_19:29:46.ckpt
--- Round 29 of 10000: Training 5 Clients ---
Selected clients: ['83', '2', '45', '57', '71']
--- Updating central model ---
Checkpoint saved in path: checkpoints/cifar10/alpha0.5_K5_N10000_cnn_E1_clr0.01_fedopt_sgd_slr1.0_sam_rho0.1_112125_19:29:46.ckpt
--- Round 30 of 10000: Training 5 Clients ---
Selected clients: ['25', '57', '87', '66', '64']
--- Updating central model ---
Checkpoint saved in path: checkpoints/cifar10/alpha0.5_K5_N10000_cnn_E1_clr0.01_fedopt_sgd_slr1.0_sam_rho0.1_112125_19:29:46.ckpt
--- Round 31 of 10000: Training 5 Clients ---
Selected clients: ['2', '86', '90', '77', '50']
--- Updating central model ---
Checkpoint saved in path: checkpoints/cifar10/alpha0.5_K5_N10000_cnn_E1_clr0.01_fedopt_sgd_slr1.0_sam_rho0.1_112125_19:29:46.ckpt
--- Round 32 of 10000: Training 5 Clients ---
Selected clients: ['39', '55', '89', '0', '86']
--- Updating central model ---
Checkpoint saved in path: checkpoints/cifar10/alpha0.5_K5_N10000_cnn_E1_clr0.01_fedopt_sgd_slr1.0_sam_rho0.1_112125_19:29:46.ckpt
--- Round 33 of 10000: Training 5 Clients ---
Selected clients: ['13', '71', '53', '19', '12']
--- Updating central model ---
Checkpoint saved in path: checkpoints/cifar10/alpha0.5_K5_N10000_cnn_E1_clr0.01_fedopt_sgd_slr1.0_sam_rho0.1_112125_19:29:46.ckpt
--- Round 34 of 10000: Training 5 Clients ---
Selected clients: ['13', '8', '92', '86', '16']
--- Updating central model ---
Checkpoint saved in path: checkpoints/cifar10/alpha0.5_K5_N10000_cnn_E1_clr0.01_fedopt_sgd_slr1.0_sam_rho0.1_112125_19:29:46.ckpt
--- Round 35 of 10000: Training 5 Clients ---
Selected clients: ['52', '44', '19', '56', '21']
--- Updating central model ---
Checkpoint saved in path: checkpoints/cifar10/alpha0.5_K5_N10000_cnn_E1_clr0.01_fedopt_sgd_slr1.0_sam_rho0.1_112125_19:29:46.ckpt
--- Round 36 of 10000: Training 5 Clients ---
Selected clients: ['13', '55', '64', '1', '52']
--- Updating central model ---
Checkpoint saved in path: checkpoints/cifar10/alpha0.5_K5_N10000_cnn_E1_clr0.01_fedopt_sgd_slr1.0_sam_rho0.1_112125_19:29:46.ckpt
--- Round 37 of 10000: Training 5 Clients ---
Selected clients: ['18', '73', '28', '57', '52']
--- Updating central model ---
Checkpoint saved in path: checkpoints/cifar10/alpha0.5_K5_N10000_cnn_E1_clr0.01_fedopt_sgd_slr1.0_sam_rho0.1_112125_19:29:46.ckpt
--- Round 38 of 10000: Training 5 Clients ---
Selected clients: ['63', '3', '35', '77', '40']
--- Updating central model ---
Checkpoint saved in path: checkpoints/cifar10/alpha0.5_K5_N10000_cnn_E1_clr0.01_fedopt_sgd_slr1.0_sam_rho0.1_112125_19:29:46.ckpt
--- Round 39 of 10000: Training 5 Clients ---
Selected clients: ['66', '88', '82', '58', '92']
--- Updating central model ---
Checkpoint saved in path: checkpoints/cifar10/alpha0.5_K5_N10000_cnn_E1_clr0.01_fedopt_sgd_slr1.0_sam_rho0.1_112125_19:29:46.ckpt
--- Round 40 of 10000: Training 5 Clients ---
Selected clients: ['41', '76', '57', '44', '60']
--- Updating central model ---
Checkpoint saved in path: checkpoints/cifar10/alpha0.5_K5_N10000_cnn_E1_clr0.01_fedopt_sgd_slr1.0_sam_rho0.1_112125_19:29:46.ckpt
--- Round 41 of 10000: Training 5 Clients ---
Selected clients: ['37', '43', '75', '59', '21']
--- Updating central model ---
Checkpoint saved in path: checkpoints/cifar10/alpha0.5_K5_N10000_cnn_E1_clr0.01_fedopt_sgd_slr1.0_sam_rho0.1_112125_19:29:46.ckpt
--- Round 42 of 10000: Training 5 Clients ---
Selected clients: ['78', '19', '49', '52', '88']
--- Updating central model ---
Checkpoint saved in path: checkpoints/cifar10/alpha0.5_K5_N10000_cnn_E1_clr0.01_fedopt_sgd_slr1.0_sam_rho0.1_112125_19:29:46.ckpt
--- Round 43 of 10000: Training 5 Clients ---
Selected clients: ['97', '45', '8', '96', '76']
--- Updating central model ---
Checkpoint saved in path: checkpoints/cifar10/alpha0.5_K5_N10000_cnn_E1_clr0.01_fedopt_sgd_slr1.0_sam_rho0.1_112125_19:29:46.ckpt
--- Round 44 of 10000: Training 5 Clients ---
Selected clients: ['92', '2', '3', '10', '83']
--- Updating central model ---
Checkpoint saved in path: checkpoints/cifar10/alpha0.5_K5_N10000_cnn_E1_clr0.01_fedopt_sgd_slr1.0_sam_rho0.1_112125_19:29:46.ckpt
--- Round 45 of 10000: Training 5 Clients ---
Selected clients: ['1', '11', '29', '26', '61']
--- Updating central model ---
Checkpoint saved in path: checkpoints/cifar10/alpha0.5_K5_N10000_cnn_E1_clr0.01_fedopt_sgd_slr1.0_sam_rho0.1_112125_19:29:46.ckpt
--- Round 46 of 10000: Training 5 Clients ---
Selected clients: ['64', '73', '33', '76', '20']
--- Updating central model ---
Checkpoint saved in path: checkpoints/cifar10/alpha0.5_K5_N10000_cnn_E1_clr0.01_fedopt_sgd_slr1.0_sam_rho0.1_112125_19:29:46.ckpt
--- Round 47 of 10000: Training 5 Clients ---
Selected clients: ['36', '33', '39', '23', '79']
--- Updating central model ---
Checkpoint saved in path: checkpoints/cifar10/alpha0.5_K5_N10000_cnn_E1_clr0.01_fedopt_sgd_slr1.0_sam_rho0.1_112125_19:29:46.ckpt
--- Round 48 of 10000: Training 5 Clients ---
Selected clients: ['80', '98', '2', '7', '57']
--- Updating central model ---
Checkpoint saved in path: checkpoints/cifar10/alpha0.5_K5_N10000_cnn_E1_clr0.01_fedopt_sgd_slr1.0_sam_rho0.1_112125_19:29:46.ckpt
--- Round 49 of 10000: Training 5 Clients ---
Selected clients: ['81', '80', '56', '74', '82']
--- Updating central model ---
Checkpoint saved in path: checkpoints/cifar10/alpha0.5_K5_N10000_cnn_E1_clr0.01_fedopt_sgd_slr1.0_sam_rho0.1_112125_19:29:46.ckpt
--- Round 50 of 10000: Training 5 Clients ---
Selected clients: ['13', '83', '64', '71', '28']
--- Updating central model ---
Checkpoint saved in path: checkpoints/cifar10/alpha0.5_K5_N10000_cnn_E1_clr0.01_fedopt_sgd_slr1.0_sam_rho0.1_112125_19:29:46.ckpt
--- Round 51 of 10000: Training 5 Clients ---
Selected clients: ['52', '56', '29', '94', '64']
--- Updating central model ---
Checkpoint saved in path: checkpoints/cifar10/alpha0.5_K5_N10000_cnn_E1_clr0.01_fedopt_sgd_slr1.0_sam_rho0.1_112125_19:29:46.ckpt
--- Round 52 of 10000: Training 5 Clients ---
Selected clients: ['42', '6', '62', '91', '57']
--- Updating central model ---
Checkpoint saved in path: checkpoints/cifar10/alpha0.5_K5_N10000_cnn_E1_clr0.01_fedopt_sgd_slr1.0_sam_rho0.1_112125_19:29:46.ckpt
--- Round 53 of 10000: Training 5 Clients ---
Selected clients: ['71', '94', '63', '93', '16']
--- Updating central model ---
Checkpoint saved in path: checkpoints/cifar10/alpha0.5_K5_N10000_cnn_E1_clr0.01_fedopt_sgd_slr1.0_sam_rho0.1_112125_19:29:46.ckpt
--- Round 54 of 10000: Training 5 Clients ---
Selected clients: ['6', '82', '25', '84', '64']
--- Updating central model ---
Checkpoint saved in path: checkpoints/cifar10/alpha0.5_K5_N10000_cnn_E1_clr0.01_fedopt_sgd_slr1.0_sam_rho0.1_112125_19:29:46.ckpt
--- Round 55 of 10000: Training 5 Clients ---
Selected clients: ['86', '15', '20', '43', '24']
--- Updating central model ---
Checkpoint saved in path: checkpoints/cifar10/alpha0.5_K5_N10000_cnn_E1_clr0.01_fedopt_sgd_slr1.0_sam_rho0.1_112125_19:29:46.ckpt
--- Round 56 of 10000: Training 5 Clients ---
Selected clients: ['42', '1', '87', '63', '11']
--- Updating central model ---
Checkpoint saved in path: checkpoints/cifar10/alpha0.5_K5_N10000_cnn_E1_clr0.01_fedopt_sgd_slr1.0_sam_rho0.1_112125_19:29:46.ckpt
--- Round 57 of 10000: Training 5 Clients ---
Selected clients: ['35', '60', '9', '23', '91']
--- Updating central model ---
Checkpoint saved in path: checkpoints/cifar10/alpha0.5_K5_N10000_cnn_E1_clr0.01_fedopt_sgd_slr1.0_sam_rho0.1_112125_19:29:46.ckpt
--- Round 58 of 10000: Training 5 Clients ---
Selected clients: ['80', '53', '21', '6', '66']
--- Updating central model ---
Checkpoint saved in path: checkpoints/cifar10/alpha0.5_K5_N10000_cnn_E1_clr0.01_fedopt_sgd_slr1.0_sam_rho0.1_112125_19:29:46.ckpt
--- Round 59 of 10000: Training 5 Clients ---
Selected clients: ['87', '6', '57', '14', '98']
--- Updating central model ---
Checkpoint saved in path: checkpoints/cifar10/alpha0.5_K5_N10000_cnn_E1_clr0.01_fedopt_sgd_slr1.0_sam_rho0.1_112125_19:29:46.ckpt
--- Round 60 of 10000: Training 5 Clients ---
Selected clients: ['2', '80', '46', '81', '25']
--- Updating central model ---
Checkpoint saved in path: checkpoints/cifar10/alpha0.5_K5_N10000_cnn_E1_clr0.01_fedopt_sgd_slr1.0_sam_rho0.1_112125_19:29:46.ckpt
--- Round 61 of 10000: Training 5 Clients ---
Selected clients: ['11', '81', '60', '35', '66']
--- Updating central model ---
Checkpoint saved in path: checkpoints/cifar10/alpha0.5_K5_N10000_cnn_E1_clr0.01_fedopt_sgd_slr1.0_sam_rho0.1_112125_19:29:46.ckpt
--- Round 62 of 10000: Training 5 Clients ---
Selected clients: ['1', '18', '44', '7', '15']
--- Updating central model ---
Checkpoint saved in path: checkpoints/cifar10/alpha0.5_K5_N10000_cnn_E1_clr0.01_fedopt_sgd_slr1.0_sam_rho0.1_112125_19:29:46.ckpt
--- Round 63 of 10000: Training 5 Clients ---
Selected clients: ['45', '32', '18', '91', '98']
--- Updating central model ---
Checkpoint saved in path: checkpoints/cifar10/alpha0.5_K5_N10000_cnn_E1_clr0.01_fedopt_sgd_slr1.0_sam_rho0.1_112125_19:29:46.ckpt
--- Round 64 of 10000: Training 5 Clients ---
Selected clients: ['38', '65', '86', '39', '75']
--- Updating central model ---
Checkpoint saved in path: checkpoints/cifar10/alpha0.5_K5_N10000_cnn_E1_clr0.01_fedopt_sgd_slr1.0_sam_rho0.1_112125_19:29:46.ckpt
--- Round 65 of 10000: Training 5 Clients ---
Selected clients: ['85', '5', '36', '92', '0']
--- Updating central model ---
Checkpoint saved in path: checkpoints/cifar10/alpha0.5_K5_N10000_cnn_E1_clr0.01_fedopt_sgd_slr1.0_sam_rho0.1_112125_19:29:46.ckpt
--- Round 66 of 10000: Training 5 Clients ---
Selected clients: ['45', '29', '51', '85', '54']
--- Updating central model ---
Checkpoint saved in path: checkpoints/cifar10/alpha0.5_K5_N10000_cnn_E1_clr0.01_fedopt_sgd_slr1.0_sam_rho0.1_112125_19:29:46.ckpt
--- Round 67 of 10000: Training 5 Clients ---
Selected clients: ['28', '71', '25', '89', '35']
--- Updating central model ---
Checkpoint saved in path: checkpoints/cifar10/alpha0.5_K5_N10000_cnn_E1_clr0.01_fedopt_sgd_slr1.0_sam_rho0.1_112125_19:29:46.ckpt
--- Round 68 of 10000: Training 5 Clients ---
Selected clients: ['55', '24', '66', '57', '61']
--- Updating central model ---
Checkpoint saved in path: checkpoints/cifar10/alpha0.5_K5_N10000_cnn_E1_clr0.01_fedopt_sgd_slr1.0_sam_rho0.1_112125_19:29:46.ckpt
--- Round 69 of 10000: Training 5 Clients ---
Selected clients: ['72', '59', '49', '34', '28']
--- Updating central model ---
Checkpoint saved in path: checkpoints/cifar10/alpha0.5_K5_N10000_cnn_E1_clr0.01_fedopt_sgd_slr1.0_sam_rho0.1_112125_19:29:46.ckpt
--- Round 70 of 10000: Training 5 Clients ---
Selected clients: ['21', '93', '64', '31', '41']
--- Updating central model ---
Checkpoint saved in path: checkpoints/cifar10/alpha0.5_K5_N10000_cnn_E1_clr0.01_fedopt_sgd_slr1.0_sam_rho0.1_112125_19:29:46.ckpt
--- Round 71 of 10000: Training 5 Clients ---
Selected clients: ['82', '18', '67', '1', '60']
--- Updating central model ---
Checkpoint saved in path: checkpoints/cifar10/alpha0.5_K5_N10000_cnn_E1_clr0.01_fedopt_sgd_slr1.0_sam_rho0.1_112125_19:29:46.ckpt
--- Round 72 of 10000: Training 5 Clients ---
Selected clients: ['32', '17', '80', '23', '89']
--- Updating central model ---
Checkpoint saved in path: checkpoints/cifar10/alpha0.5_K5_N10000_cnn_E1_clr0.01_fedopt_sgd_slr1.0_sam_rho0.1_112125_19:29:46.ckpt
--- Round 73 of 10000: Training 5 Clients ---
Selected clients: ['31', '76', '15', '61', '80']
--- Updating central model ---
Checkpoint saved in path: checkpoints/cifar10/alpha0.5_K5_N10000_cnn_E1_clr0.01_fedopt_sgd_slr1.0_sam_rho0.1_112125_19:29:46.ckpt
--- Round 74 of 10000: Training 5 Clients ---
Selected clients: ['43', '49', '48', '35', '30']
--- Updating central model ---
Checkpoint saved in path: checkpoints/cifar10/alpha0.5_K5_N10000_cnn_E1_clr0.01_fedopt_sgd_slr1.0_sam_rho0.1_112125_19:29:46.ckpt
--- Round 75 of 10000: Training 5 Clients ---
Selected clients: ['96', '87', '37', '4', '91']
--- Updating central model ---
Checkpoint saved in path: checkpoints/cifar10/alpha0.5_K5_N10000_cnn_E1_clr0.01_fedopt_sgd_slr1.0_sam_rho0.1_112125_19:29:46.ckpt
--- Round 76 of 10000: Training 5 Clients ---
Selected clients: ['72', '14', '84', '25', '20']
--- Updating central model ---
Checkpoint saved in path: checkpoints/cifar10/alpha0.5_K5_N10000_cnn_E1_clr0.01_fedopt_sgd_slr1.0_sam_rho0.1_112125_19:29:46.ckpt
--- Round 77 of 10000: Training 5 Clients ---
Selected clients: ['0', '3', '7', '94', '86']
--- Updating central model ---
Checkpoint saved in path: checkpoints/cifar10/alpha0.5_K5_N10000_cnn_E1_clr0.01_fedopt_sgd_slr1.0_sam_rho0.1_112125_19:29:46.ckpt
--- Round 78 of 10000: Training 5 Clients ---
Selected clients: ['79', '3', '34', '19', '88']
--- Updating central model ---
Checkpoint saved in path: checkpoints/cifar10/alpha0.5_K5_N10000_cnn_E1_clr0.01_fedopt_sgd_slr1.0_sam_rho0.1_112125_19:29:46.ckpt
--- Round 79 of 10000: Training 5 Clients ---
Selected clients: ['92', '33', '72', '74', '88']
--- Updating central model ---
Checkpoint saved in path: checkpoints/cifar10/alpha0.5_K5_N10000_cnn_E1_clr0.01_fedopt_sgd_slr1.0_sam_rho0.1_112125_19:29:46.ckpt
--- Round 80 of 10000: Training 5 Clients ---
Selected clients: ['39', '33', '64', '98', '73']
--- Updating central model ---
Checkpoint saved in path: checkpoints/cifar10/alpha0.5_K5_N10000_cnn_E1_clr0.01_fedopt_sgd_slr1.0_sam_rho0.1_112125_19:29:46.ckpt
--- Round 81 of 10000: Training 5 Clients ---
Selected clients: ['91', '61', '18', '3', '51']
--- Updating central model ---
Checkpoint saved in path: checkpoints/cifar10/alpha0.5_K5_N10000_cnn_E1_clr0.01_fedopt_sgd_slr1.0_sam_rho0.1_112125_19:29:46.ckpt
--- Round 82 of 10000: Training 5 Clients ---
Selected clients: ['32', '82', '89', '42', '31']
--- Updating central model ---
Checkpoint saved in path: checkpoints/cifar10/alpha0.5_K5_N10000_cnn_E1_clr0.01_fedopt_sgd_slr1.0_sam_rho0.1_112125_19:29:46.ckpt
--- Round 83 of 10000: Training 5 Clients ---
Selected clients: ['66', '63', '38', '1', '65']
--- Updating central model ---
Checkpoint saved in path: checkpoints/cifar10/alpha0.5_K5_N10000_cnn_E1_clr0.01_fedopt_sgd_slr1.0_sam_rho0.1_112125_19:29:46.ckpt
--- Round 84 of 10000: Training 5 Clients ---
Selected clients: ['24', '77', '92', '1', '23']
--- Updating central model ---
Checkpoint saved in path: checkpoints/cifar10/alpha0.5_K5_N10000_cnn_E1_clr0.01_fedopt_sgd_slr1.0_sam_rho0.1_112125_19:29:46.ckpt
--- Round 85 of 10000: Training 5 Clients ---
Selected clients: ['85', '47', '17', '6', '18']
--- Updating central model ---
Checkpoint saved in path: checkpoints/cifar10/alpha0.5_K5_N10000_cnn_E1_clr0.01_fedopt_sgd_slr1.0_sam_rho0.1_112125_19:29:46.ckpt
--- Round 86 of 10000: Training 5 Clients ---
Selected clients: ['95', '8', '51', '47', '88']
--- Updating central model ---
Checkpoint saved in path: checkpoints/cifar10/alpha0.5_K5_N10000_cnn_E1_clr0.01_fedopt_sgd_slr1.0_sam_rho0.1_112125_19:29:46.ckpt
--- Round 87 of 10000: Training 5 Clients ---
Selected clients: ['19', '49', '74', '81', '28']
--- Updating central model ---
Checkpoint saved in path: checkpoints/cifar10/alpha0.5_K5_N10000_cnn_E1_clr0.01_fedopt_sgd_slr1.0_sam_rho0.1_112125_19:29:46.ckpt
--- Round 88 of 10000: Training 5 Clients ---
Selected clients: ['31', '29', '87', '24', '49']
--- Updating central model ---
Checkpoint saved in path: checkpoints/cifar10/alpha0.5_K5_N10000_cnn_E1_clr0.01_fedopt_sgd_slr1.0_sam_rho0.1_112125_19:29:46.ckpt
--- Round 89 of 10000: Training 5 Clients ---
Selected clients: ['57', '84', '85', '42', '16']
--- Updating central model ---
Checkpoint saved in path: checkpoints/cifar10/alpha0.5_K5_N10000_cnn_E1_clr0.01_fedopt_sgd_slr1.0_sam_rho0.1_112125_19:29:46.ckpt
--- Round 90 of 10000: Training 5 Clients ---
Selected clients: ['44', '48', '32', '82', '85']
--- Updating central model ---
Checkpoint saved in path: checkpoints/cifar10/alpha0.5_K5_N10000_cnn_E1_clr0.01_fedopt_sgd_slr1.0_sam_rho0.1_112125_19:29:46.ckpt
--- Round 91 of 10000: Training 5 Clients ---
Selected clients: ['34', '91', '53', '30', '94']
--- Updating central model ---
Checkpoint saved in path: checkpoints/cifar10/alpha0.5_K5_N10000_cnn_E1_clr0.01_fedopt_sgd_slr1.0_sam_rho0.1_112125_19:29:46.ckpt
--- Round 92 of 10000: Training 5 Clients ---
Selected clients: ['91', '58', '51', '81', '73']
--- Updating central model ---
Checkpoint saved in path: checkpoints/cifar10/alpha0.5_K5_N10000_cnn_E1_clr0.01_fedopt_sgd_slr1.0_sam_rho0.1_112125_19:29:46.ckpt
--- Round 93 of 10000: Training 5 Clients ---
Selected clients: ['25', '80', '14', '11', '41']
--- Updating central model ---
Checkpoint saved in path: checkpoints/cifar10/alpha0.5_K5_N10000_cnn_E1_clr0.01_fedopt_sgd_slr1.0_sam_rho0.1_112125_19:29:46.ckpt
--- Round 94 of 10000: Training 5 Clients ---
Selected clients: ['21', '7', '68', '23', '43']
--- Updating central model ---
Checkpoint saved in path: checkpoints/cifar10/alpha0.5_K5_N10000_cnn_E1_clr0.01_fedopt_sgd_slr1.0_sam_rho0.1_112125_19:29:46.ckpt
--- Round 95 of 10000: Training 5 Clients ---
Selected clients: ['19', '50', '39', '78', '5']
--- Updating central model ---
Checkpoint saved in path: checkpoints/cifar10/alpha0.5_K5_N10000_cnn_E1_clr0.01_fedopt_sgd_slr1.0_sam_rho0.1_112125_19:29:46.ckpt
--- Round 96 of 10000: Training 5 Clients ---
Selected clients: ['75', '24', '83', '61', '70']
--- Updating central model ---
Checkpoint saved in path: checkpoints/cifar10/alpha0.5_K5_N10000_cnn_E1_clr0.01_fedopt_sgd_slr1.0_sam_rho0.1_112125_19:29:46.ckpt
--- Round 97 of 10000: Training 5 Clients ---
Selected clients: ['39', '77', '58', '13', '85']
--- Updating central model ---
Checkpoint saved in path: checkpoints/cifar10/alpha0.5_K5_N10000_cnn_E1_clr0.01_fedopt_sgd_slr1.0_sam_rho0.1_112125_19:29:46.ckpt
--- Round 98 of 10000: Training 5 Clients ---
Selected clients: ['68', '70', '4', '93', '15']
--- Updating central model ---
Checkpoint saved in path: checkpoints/cifar10/alpha0.5_K5_N10000_cnn_E1_clr0.01_fedopt_sgd_slr1.0_sam_rho0.1_112125_19:29:46.ckpt
--- Round 99 of 10000: Training 5 Clients ---
Selected clients: ['52', '50', '3', '49', '57']
--- Updating central model ---
Checkpoint saved in path: checkpoints/cifar10/alpha0.5_K5_N10000_cnn_E1_clr0.01_fedopt_sgd_slr1.0_sam_rho0.1_112125_19:29:46.ckpt
--- Round 100 of 10000: Training 5 Clients ---
Selected clients: ['77', '49', '65', '52', '4']
--- Updating central model ---
train_accuracy: 10.0771, 10th percentile: 0.318047, 50th percentile: 3.50716, 90th percentile 29.4803
train_loss: 2.30219, 10th percentile: 2.26647, 50th percentile: 2.30649, 90th percentile 2.33457
test_accuracy: 10, 10th percentile: 10, 50th percentile: 10, 90th percentile 10
test_loss: 2.30218, 10th percentile: 2.30218, 50th percentile: 2.30218, 90th percentile 2.30218
Checkpoint saved in path: checkpoints/cifar10/alpha0.5_K5_N10000_cnn_E1_clr0.01_fedopt_sgd_slr1.0_sam_rho0.1_112125_19:29:46.ckpt
--- Round 101 of 10000: Training 5 Clients ---
Selected clients: ['59', '27', '85', '45', '29']
--- Updating central model ---
Checkpoint saved in path: checkpoints/cifar10/alpha0.5_K5_N10000_cnn_E1_clr0.01_fedopt_sgd_slr1.0_sam_rho0.1_112125_19:29:46.ckpt
--- Round 102 of 10000: Training 5 Clients ---
Selected clients: ['58', '96', '86', '39', '45']
--- Updating central model ---
Checkpoint saved in path: checkpoints/cifar10/alpha0.5_K5_N10000_cnn_E1_clr0.01_fedopt_sgd_slr1.0_sam_rho0.1_112125_19:29:46.ckpt
--- Round 103 of 10000: Training 5 Clients ---
Selected clients: ['59', '62', '13', '49', '65']
--- Updating central model ---
Checkpoint saved in path: checkpoints/cifar10/alpha0.5_K5_N10000_cnn_E1_clr0.01_fedopt_sgd_slr1.0_sam_rho0.1_112125_19:29:46.ckpt
--- Round 104 of 10000: Training 5 Clients ---
Selected clients: ['8', '30', '82', '10', '79']
--- Updating central model ---
Checkpoint saved in path: checkpoints/cifar10/alpha0.5_K5_N10000_cnn_E1_clr0.01_fedopt_sgd_slr1.0_sam_rho0.1_112125_19:29:46.ckpt
--- Round 105 of 10000: Training 5 Clients ---
Selected clients: ['15', '38', '24', '91', '30']
--- Updating central model ---
Checkpoint saved in path: checkpoints/cifar10/alpha0.5_K5_N10000_cnn_E1_clr0.01_fedopt_sgd_slr1.0_sam_rho0.1_112125_19:29:46.ckpt
--- Round 106 of 10000: Training 5 Clients ---
Selected clients: ['24', '25', '29', '0', '91']
--- Updating central model ---
Checkpoint saved in path: checkpoints/cifar10/alpha0.5_K5_N10000_cnn_E1_clr0.01_fedopt_sgd_slr1.0_sam_rho0.1_112125_19:29:46.ckpt
--- Round 107 of 10000: Training 5 Clients ---
Selected clients: ['30', '87', '76', '86', '64']
--- Updating central model ---
Checkpoint saved in path: checkpoints/cifar10/alpha0.5_K5_N10000_cnn_E1_clr0.01_fedopt_sgd_slr1.0_sam_rho0.1_112125_19:29:46.ckpt
--- Round 108 of 10000: Training 5 Clients ---
Selected clients: ['67', '12', '2', '97', '83']
--- Updating central model ---
Checkpoint saved in path: checkpoints/cifar10/alpha0.5_K5_N10000_cnn_E1_clr0.01_fedopt_sgd_slr1.0_sam_rho0.1_112125_19:29:46.ckpt
--- Round 109 of 10000: Training 5 Clients ---
Selected clients: ['65', '23', '35', '46', '30']
--- Updating central model ---
Checkpoint saved in path: checkpoints/cifar10/alpha0.5_K5_N10000_cnn_E1_clr0.01_fedopt_sgd_slr1.0_sam_rho0.1_112125_19:29:46.ckpt
--- Round 110 of 10000: Training 5 Clients ---
Selected clients: ['69', '97', '55', '4', '52']
--- Updating central model ---
Checkpoint saved in path: checkpoints/cifar10/alpha0.5_K5_N10000_cnn_E1_clr0.01_fedopt_sgd_slr1.0_sam_rho0.1_112125_19:29:46.ckpt
--- Round 111 of 10000: Training 5 Clients ---
Selected clients: ['86', '38', '9', '67', '10']
--- Updating central model ---
Checkpoint saved in path: checkpoints/cifar10/alpha0.5_K5_N10000_cnn_E1_clr0.01_fedopt_sgd_slr1.0_sam_rho0.1_112125_19:29:46.ckpt
--- Round 112 of 10000: Training 5 Clients ---
Selected clients: ['85', '80', '51', '5', '77']
--- Updating central model ---
Checkpoint saved in path: checkpoints/cifar10/alpha0.5_K5_N10000_cnn_E1_clr0.01_fedopt_sgd_slr1.0_sam_rho0.1_112125_19:29:46.ckpt
--- Round 113 of 10000: Training 5 Clients ---
Selected clients: ['4', '33', '2', '59', '21']
--- Updating central model ---
Checkpoint saved in path: checkpoints/cifar10/alpha0.5_K5_N10000_cnn_E1_clr0.01_fedopt_sgd_slr1.0_sam_rho0.1_112125_19:29:46.ckpt
--- Round 114 of 10000: Training 5 Clients ---
Selected clients: ['8', '50', '97', '88', '53']
--- Updating central model ---
Checkpoint saved in path: checkpoints/cifar10/alpha0.5_K5_N10000_cnn_E1_clr0.01_fedopt_sgd_slr1.0_sam_rho0.1_112125_19:29:46.ckpt
--- Round 115 of 10000: Training 5 Clients ---
Selected clients: ['35', '95', '62', '23', '18']
--- Updating central model ---
Checkpoint saved in path: checkpoints/cifar10/alpha0.5_K5_N10000_cnn_E1_clr0.01_fedopt_sgd_slr1.0_sam_rho0.1_112125_19:29:46.ckpt
--- Round 116 of 10000: Training 5 Clients ---
Selected clients: ['50', '34', '61', '99', '65']
--- Updating central model ---
Checkpoint saved in path: checkpoints/cifar10/alpha0.5_K5_N10000_cnn_E1_clr0.01_fedopt_sgd_slr1.0_sam_rho0.1_112125_19:29:46.ckpt
--- Round 117 of 10000: Training 5 Clients ---
Selected clients: ['66', '1', '25', '6', '5']
--- Updating central model ---
Checkpoint saved in path: checkpoints/cifar10/alpha0.5_K5_N10000_cnn_E1_clr0.01_fedopt_sgd_slr1.0_sam_rho0.1_112125_19:29:46.ckpt
--- Round 118 of 10000: Training 5 Clients ---
Selected clients: ['99', '90', '79', '23', '38']
--- Updating central model ---
Checkpoint saved in path: checkpoints/cifar10/alpha0.5_K5_N10000_cnn_E1_clr0.01_fedopt_sgd_slr1.0_sam_rho0.1_112125_19:29:46.ckpt
--- Round 119 of 10000: Training 5 Clients ---
Selected clients: ['74', '93', '94', '20', '12']
--- Updating central model ---
Checkpoint saved in path: checkpoints/cifar10/alpha0.5_K5_N10000_cnn_E1_clr0.01_fedopt_sgd_slr1.0_sam_rho0.1_112125_19:29:46.ckpt
--- Round 120 of 10000: Training 5 Clients ---
Selected clients: ['56', '53', '55', '88', '60']
--- Updating central model ---
Checkpoint saved in path: checkpoints/cifar10/alpha0.5_K5_N10000_cnn_E1_clr0.01_fedopt_sgd_slr1.0_sam_rho0.1_112125_19:29:46.ckpt
--- Round 121 of 10000: Training 5 Clients ---
Selected clients: ['56', '90', '34', '69', '84']
--- Updating central model ---
Checkpoint saved in path: checkpoints/cifar10/alpha0.5_K5_N10000_cnn_E1_clr0.01_fedopt_sgd_slr1.0_sam_rho0.1_112125_19:29:46.ckpt
--- Round 122 of 10000: Training 5 Clients ---
Selected clients: ['90', '52', '22', '59', '67']
--- Updating central model ---
Checkpoint saved in path: checkpoints/cifar10/alpha0.5_K5_N10000_cnn_E1_clr0.01_fedopt_sgd_slr1.0_sam_rho0.1_112125_19:29:46.ckpt
--- Round 123 of 10000: Training 5 Clients ---
Selected clients: ['45', '47', '52', '13', '58']
--- Updating central model ---
Checkpoint saved in path: checkpoints/cifar10/alpha0.5_K5_N10000_cnn_E1_clr0.01_fedopt_sgd_slr1.0_sam_rho0.1_112125_19:29:46.ckpt
--- Round 124 of 10000: Training 5 Clients ---
Selected clients: ['82', '34', '5', '10', '14']
--- Updating central model ---
Checkpoint saved in path: checkpoints/cifar10/alpha0.5_K5_N10000_cnn_E1_clr0.01_fedopt_sgd_slr1.0_sam_rho0.1_112125_19:29:46.ckpt
--- Round 125 of 10000: Training 5 Clients ---
Selected clients: ['24', '34', '12', '40', '27']
--- Updating central model ---
Checkpoint saved in path: checkpoints/cifar10/alpha0.5_K5_N10000_cnn_E1_clr0.01_fedopt_sgd_slr1.0_sam_rho0.1_112125_19:29:46.ckpt
--- Round 126 of 10000: Training 5 Clients ---
Selected clients: ['27', '87', '35', '26', '67']
--- Updating central model ---
Checkpoint saved in path: checkpoints/cifar10/alpha0.5_K5_N10000_cnn_E1_clr0.01_fedopt_sgd_slr1.0_sam_rho0.1_112125_19:29:46.ckpt
--- Round 127 of 10000: Training 5 Clients ---
Selected clients: ['86', '7', '48', '92', '83']
--- Updating central model ---
Checkpoint saved in path: checkpoints/cifar10/alpha0.5_K5_N10000_cnn_E1_clr0.01_fedopt_sgd_slr1.0_sam_rho0.1_112125_19:29:46.ckpt
--- Round 128 of 10000: Training 5 Clients ---
Selected clients: ['61', '98', '85', '94', '56']
--- Updating central model ---
Checkpoint saved in path: checkpoints/cifar10/alpha0.5_K5_N10000_cnn_E1_clr0.01_fedopt_sgd_slr1.0_sam_rho0.1_112125_19:29:46.ckpt
--- Round 129 of 10000: Training 5 Clients ---
Selected clients: ['29', '76', '10', '16', '39']
--- Updating central model ---
Checkpoint saved in path: checkpoints/cifar10/alpha0.5_K5_N10000_cnn_E1_clr0.01_fedopt_sgd_slr1.0_sam_rho0.1_112125_19:29:46.ckpt
--- Round 130 of 10000: Training 5 Clients ---
Selected clients: ['37', '68', '89', '92', '73']
--- Updating central model ---
Checkpoint saved in path: checkpoints/cifar10/alpha0.5_K5_N10000_cnn_E1_clr0.01_fedopt_sgd_slr1.0_sam_rho0.1_112125_19:29:46.ckpt
--- Round 131 of 10000: Training 5 Clients ---
Selected clients: ['1', '92', '50', '0', '46']
--- Updating central model ---
Checkpoint saved in path: checkpoints/cifar10/alpha0.5_K5_N10000_cnn_E1_clr0.01_fedopt_sgd_slr1.0_sam_rho0.1_112125_19:29:46.ckpt
--- Round 132 of 10000: Training 5 Clients ---
Selected clients: ['79', '45', '95', '98', '53']
--- Updating central model ---
Checkpoint saved in path: checkpoints/cifar10/alpha0.5_K5_N10000_cnn_E1_clr0.01_fedopt_sgd_slr1.0_sam_rho0.1_112125_19:29:46.ckpt
--- Round 133 of 10000: Training 5 Clients ---
Selected clients: ['21', '23', '89', '64', '44']
--- Updating central model ---
Checkpoint saved in path: checkpoints/cifar10/alpha0.5_K5_N10000_cnn_E1_clr0.01_fedopt_sgd_slr1.0_sam_rho0.1_112125_19:29:46.ckpt
--- Round 134 of 10000: Training 5 Clients ---
Selected clients: ['81', '48', '30', '28', '89']
--- Updating central model ---
Checkpoint saved in path: checkpoints/cifar10/alpha0.5_K5_N10000_cnn_E1_clr0.01_fedopt_sgd_slr1.0_sam_rho0.1_112125_19:29:46.ckpt
--- Round 135 of 10000: Training 5 Clients ---
Selected clients: ['19', '49', '53', '34', '29']
--- Updating central model ---
Checkpoint saved in path: checkpoints/cifar10/alpha0.5_K5_N10000_cnn_E1_clr0.01_fedopt_sgd_slr1.0_sam_rho0.1_112125_19:29:46.ckpt
--- Round 136 of 10000: Training 5 Clients ---
Selected clients: ['9', '43', '23', '6', '27']
--- Updating central model ---
Checkpoint saved in path: checkpoints/cifar10/alpha0.5_K5_N10000_cnn_E1_clr0.01_fedopt_sgd_slr1.0_sam_rho0.1_112125_19:29:46.ckpt
--- Round 137 of 10000: Training 5 Clients ---
Selected clients: ['98', '74', '40', '9', '82']
--- Updating central model ---
Checkpoint saved in path: checkpoints/cifar10/alpha0.5_K5_N10000_cnn_E1_clr0.01_fedopt_sgd_slr1.0_sam_rho0.1_112125_19:29:46.ckpt
--- Round 138 of 10000: Training 5 Clients ---
Selected clients: ['56', '21', '31', '53', '10']
--- Updating central model ---
Checkpoint saved in path: checkpoints/cifar10/alpha0.5_K5_N10000_cnn_E1_clr0.01_fedopt_sgd_slr1.0_sam_rho0.1_112125_19:29:46.ckpt
--- Round 139 of 10000: Training 5 Clients ---
Selected clients: ['78', '60', '71', '65', '61']
--- Updating central model ---
Checkpoint saved in path: checkpoints/cifar10/alpha0.5_K5_N10000_cnn_E1_clr0.01_fedopt_sgd_slr1.0_sam_rho0.1_112125_19:29:46.ckpt
--- Round 140 of 10000: Training 5 Clients ---
Selected clients: ['26', '4', '59', '3', '86']
--- Updating central model ---
Checkpoint saved in path: checkpoints/cifar10/alpha0.5_K5_N10000_cnn_E1_clr0.01_fedopt_sgd_slr1.0_sam_rho0.1_112125_19:29:46.ckpt
--- Round 141 of 10000: Training 5 Clients ---
Selected clients: ['81', '6', '33', '3', '73']
--- Updating central model ---
Checkpoint saved in path: checkpoints/cifar10/alpha0.5_K5_N10000_cnn_E1_clr0.01_fedopt_sgd_slr1.0_sam_rho0.1_112125_19:29:46.ckpt
--- Round 142 of 10000: Training 5 Clients ---
Selected clients: ['69', '56', '85', '19', '15']
--- Updating central model ---
Checkpoint saved in path: checkpoints/cifar10/alpha0.5_K5_N10000_cnn_E1_clr0.01_fedopt_sgd_slr1.0_sam_rho0.1_112125_19:29:46.ckpt
--- Round 143 of 10000: Training 5 Clients ---
Selected clients: ['34', '19', '67', '2', '84']
--- Updating central model ---
Checkpoint saved in path: checkpoints/cifar10/alpha0.5_K5_N10000_cnn_E1_clr0.01_fedopt_sgd_slr1.0_sam_rho0.1_112125_19:29:46.ckpt
--- Round 144 of 10000: Training 5 Clients ---
Selected clients: ['6', '96', '28', '95', '50']
--- Updating central model ---
Checkpoint saved in path: checkpoints/cifar10/alpha0.5_K5_N10000_cnn_E1_clr0.01_fedopt_sgd_slr1.0_sam_rho0.1_112125_19:29:46.ckpt
--- Round 145 of 10000: Training 5 Clients ---
Selected clients: ['83', '73', '35', '67', '93']
--- Updating central model ---
Checkpoint saved in path: checkpoints/cifar10/alpha0.5_K5_N10000_cnn_E1_clr0.01_fedopt_sgd_slr1.0_sam_rho0.1_112125_19:29:46.ckpt
--- Round 146 of 10000: Training 5 Clients ---
Selected clients: ['27', '60', '65', '73', '63']
--- Updating central model ---
Checkpoint saved in path: checkpoints/cifar10/alpha0.5_K5_N10000_cnn_E1_clr0.01_fedopt_sgd_slr1.0_sam_rho0.1_112125_19:29:46.ckpt
--- Round 147 of 10000: Training 5 Clients ---
Selected clients: ['45', '10', '46', '36', '62']
--- Updating central model ---
Checkpoint saved in path: checkpoints/cifar10/alpha0.5_K5_N10000_cnn_E1_clr0.01_fedopt_sgd_slr1.0_sam_rho0.1_112125_19:29:46.ckpt
--- Round 148 of 10000: Training 5 Clients ---
Selected clients: ['7', '14', '59', '65', '19']
--- Updating central model ---
Checkpoint saved in path: checkpoints/cifar10/alpha0.5_K5_N10000_cnn_E1_clr0.01_fedopt_sgd_slr1.0_sam_rho0.1_112125_19:29:46.ckpt
--- Round 149 of 10000: Training 5 Clients ---
Selected clients: ['25', '70', '64', '83', '34']
--- Updating central model ---
Checkpoint saved in path: checkpoints/cifar10/alpha0.5_K5_N10000_cnn_E1_clr0.01_fedopt_sgd_slr1.0_sam_rho0.1_112125_19:29:46.ckpt
--- Round 150 of 10000: Training 5 Clients ---
Selected clients: ['74', '12', '36', '58', '51']
--- Updating central model ---
Checkpoint saved in path: checkpoints/cifar10/alpha0.5_K5_N10000_cnn_E1_clr0.01_fedopt_sgd_slr1.0_sam_rho0.1_112125_19:29:46.ckpt
--- Round 151 of 10000: Training 5 Clients ---
Selected clients: ['89', '87', '75', '42', '17']
--- Updating central model ---
Checkpoint saved in path: checkpoints/cifar10/alpha0.5_K5_N10000_cnn_E1_clr0.01_fedopt_sgd_slr1.0_sam_rho0.1_112125_19:29:46.ckpt
--- Round 152 of 10000: Training 5 Clients ---
Selected clients: ['26', '71', '9', '97', '49']
--- Updating central model ---
Checkpoint saved in path: checkpoints/cifar10/alpha0.5_K5_N10000_cnn_E1_clr0.01_fedopt_sgd_slr1.0_sam_rho0.1_112125_19:29:46.ckpt
--- Round 153 of 10000: Training 5 Clients ---
Selected clients: ['57', '58', '37', '84', '26']
--- Updating central model ---
Checkpoint saved in path: checkpoints/cifar10/alpha0.5_K5_N10000_cnn_E1_clr0.01_fedopt_sgd_slr1.0_sam_rho0.1_112125_19:29:46.ckpt
--- Round 154 of 10000: Training 5 Clients ---
Selected clients: ['64', '77', '60', '63', '67']
--- Updating central model ---
Checkpoint saved in path: checkpoints/cifar10/alpha0.5_K5_N10000_cnn_E1_clr0.01_fedopt_sgd_slr1.0_sam_rho0.1_112125_19:29:46.ckpt
--- Round 155 of 10000: Training 5 Clients ---
Selected clients: ['44', '78', '3', '58', '15']
--- Updating central model ---
Checkpoint saved in path: checkpoints/cifar10/alpha0.5_K5_N10000_cnn_E1_clr0.01_fedopt_sgd_slr1.0_sam_rho0.1_112125_19:29:46.ckpt
--- Round 156 of 10000: Training 5 Clients ---
Selected clients: ['54', '25', '81', '58', '27']
--- Updating central model ---
Checkpoint saved in path: checkpoints/cifar10/alpha0.5_K5_N10000_cnn_E1_clr0.01_fedopt_sgd_slr1.0_sam_rho0.1_112125_19:29:46.ckpt
--- Round 157 of 10000: Training 5 Clients ---
Selected clients: ['80', '57', '81', '76', '71']
--- Updating central model ---
Checkpoint saved in path: checkpoints/cifar10/alpha0.5_K5_N10000_cnn_E1_clr0.01_fedopt_sgd_slr1.0_sam_rho0.1_112125_19:29:46.ckpt
--- Round 158 of 10000: Training 5 Clients ---
Selected clients: ['37', '93', '54', '5', '97']
--- Updating central model ---
Checkpoint saved in path: checkpoints/cifar10/alpha0.5_K5_N10000_cnn_E1_clr0.01_fedopt_sgd_slr1.0_sam_rho0.1_112125_19:29:46.ckpt
--- Round 159 of 10000: Training 5 Clients ---
Selected clients: ['15', '36', '34', '80', '31']
--- Updating central model ---
Checkpoint saved in path: checkpoints/cifar10/alpha0.5_K5_N10000_cnn_E1_clr0.01_fedopt_sgd_slr1.0_sam_rho0.1_112125_19:29:46.ckpt
--- Round 160 of 10000: Training 5 Clients ---
Selected clients: ['11', '54', '59', '46', '29']
--- Updating central model ---
Checkpoint saved in path: checkpoints/cifar10/alpha0.5_K5_N10000_cnn_E1_clr0.01_fedopt_sgd_slr1.0_sam_rho0.1_112125_19:29:46.ckpt
--- Round 161 of 10000: Training 5 Clients ---
Selected clients: ['3', '38', '86', '64', '35']
--- Updating central model ---
Checkpoint saved in path: checkpoints/cifar10/alpha0.5_K5_N10000_cnn_E1_clr0.01_fedopt_sgd_slr1.0_sam_rho0.1_112125_19:29:46.ckpt
--- Round 162 of 10000: Training 5 Clients ---
Selected clients: ['38', '22', '34', '75', '29']
--- Updating central model ---
Checkpoint saved in path: checkpoints/cifar10/alpha0.5_K5_N10000_cnn_E1_clr0.01_fedopt_sgd_slr1.0_sam_rho0.1_112125_19:29:46.ckpt
--- Round 163 of 10000: Training 5 Clients ---
Selected clients: ['75', '11', '30', '9', '29']
--- Updating central model ---
Checkpoint saved in path: checkpoints/cifar10/alpha0.5_K5_N10000_cnn_E1_clr0.01_fedopt_sgd_slr1.0_sam_rho0.1_112125_19:29:46.ckpt
--- Round 164 of 10000: Training 5 Clients ---
Selected clients: ['17', '81', '28', '85', '38']
--- Updating central model ---
Checkpoint saved in path: checkpoints/cifar10/alpha0.5_K5_N10000_cnn_E1_clr0.01_fedopt_sgd_slr1.0_sam_rho0.1_112125_19:29:46.ckpt
--- Round 165 of 10000: Training 5 Clients ---
Selected clients: ['20', '66', '30', '47', '75']
--- Updating central model ---
Checkpoint saved in path: checkpoints/cifar10/alpha0.5_K5_N10000_cnn_E1_clr0.01_fedopt_sgd_slr1.0_sam_rho0.1_112125_19:29:46.ckpt
--- Round 166 of 10000: Training 5 Clients ---
Selected clients: ['4', '75', '81', '44', '35']
--- Updating central model ---
Checkpoint saved in path: checkpoints/cifar10/alpha0.5_K5_N10000_cnn_E1_clr0.01_fedopt_sgd_slr1.0_sam_rho0.1_112125_19:29:46.ckpt
--- Round 167 of 10000: Training 5 Clients ---
Selected clients: ['1', '60', '17', '3', '43']
--- Updating central model ---
Checkpoint saved in path: checkpoints/cifar10/alpha0.5_K5_N10000_cnn_E1_clr0.01_fedopt_sgd_slr1.0_sam_rho0.1_112125_19:29:46.ckpt
--- Round 168 of 10000: Training 5 Clients ---
Selected clients: ['1', '41', '92', '30', '94']
--- Updating central model ---
Checkpoint saved in path: checkpoints/cifar10/alpha0.5_K5_N10000_cnn_E1_clr0.01_fedopt_sgd_slr1.0_sam_rho0.1_112125_19:29:46.ckpt
--- Round 169 of 10000: Training 5 Clients ---
Selected clients: ['32', '37', '26', '89', '73']
--- Updating central model ---
Checkpoint saved in path: checkpoints/cifar10/alpha0.5_K5_N10000_cnn_E1_clr0.01_fedopt_sgd_slr1.0_sam_rho0.1_112125_19:29:46.ckpt
--- Round 170 of 10000: Training 5 Clients ---
Selected clients: ['89', '19', '39', '12', '21']
--- Updating central model ---
Checkpoint saved in path: checkpoints/cifar10/alpha0.5_K5_N10000_cnn_E1_clr0.01_fedopt_sgd_slr1.0_sam_rho0.1_112125_19:29:46.ckpt
--- Round 171 of 10000: Training 5 Clients ---
Selected clients: ['18', '58', '64', '88', '17']
--- Updating central model ---
Checkpoint saved in path: checkpoints/cifar10/alpha0.5_K5_N10000_cnn_E1_clr0.01_fedopt_sgd_slr1.0_sam_rho0.1_112125_19:29:46.ckpt
--- Round 172 of 10000: Training 5 Clients ---
Selected clients: ['1', '45', '18', '19', '73']
--- Updating central model ---
Checkpoint saved in path: checkpoints/cifar10/alpha0.5_K5_N10000_cnn_E1_clr0.01_fedopt_sgd_slr1.0_sam_rho0.1_112125_19:29:46.ckpt
--- Round 173 of 10000: Training 5 Clients ---
Selected clients: ['4', '73', '95', '54', '66']
--- Updating central model ---
Checkpoint saved in path: checkpoints/cifar10/alpha0.5_K5_N10000_cnn_E1_clr0.01_fedopt_sgd_slr1.0_sam_rho0.1_112125_19:29:46.ckpt
--- Round 174 of 10000: Training 5 Clients ---
Selected clients: ['92', '41', '44', '75', '59']
--- Updating central model ---
Checkpoint saved in path: checkpoints/cifar10/alpha0.5_K5_N10000_cnn_E1_clr0.01_fedopt_sgd_slr1.0_sam_rho0.1_112125_19:29:46.ckpt
--- Round 175 of 10000: Training 5 Clients ---
Selected clients: ['83', '71', '39', '28', '20']
--- Updating central model ---
Checkpoint saved in path: checkpoints/cifar10/alpha0.5_K5_N10000_cnn_E1_clr0.01_fedopt_sgd_slr1.0_sam_rho0.1_112125_19:29:46.ckpt
--- Round 176 of 10000: Training 5 Clients ---
Selected clients: ['43', '97', '35', '64', '50']
--- Updating central model ---
Checkpoint saved in path: checkpoints/cifar10/alpha0.5_K5_N10000_cnn_E1_clr0.01_fedopt_sgd_slr1.0_sam_rho0.1_112125_19:29:46.ckpt
--- Round 177 of 10000: Training 5 Clients ---
Selected clients: ['60', '33', '82', '41', '81']
--- Updating central model ---
Checkpoint saved in path: checkpoints/cifar10/alpha0.5_K5_N10000_cnn_E1_clr0.01_fedopt_sgd_slr1.0_sam_rho0.1_112125_19:29:46.ckpt
--- Round 178 of 10000: Training 5 Clients ---
Selected clients: ['39', '81', '28', '71', '41']
--- Updating central model ---
Checkpoint saved in path: checkpoints/cifar10/alpha0.5_K5_N10000_cnn_E1_clr0.01_fedopt_sgd_slr1.0_sam_rho0.1_112125_19:29:46.ckpt
--- Round 179 of 10000: Training 5 Clients ---
Selected clients: ['98', '95', '50', '35', '87']
--- Updating central model ---
Checkpoint saved in path: checkpoints/cifar10/alpha0.5_K5_N10000_cnn_E1_clr0.01_fedopt_sgd_slr1.0_sam_rho0.1_112125_19:29:46.ckpt
--- Round 180 of 10000: Training 5 Clients ---
Selected clients: ['53', '30', '1', '60', '61']
--- Updating central model ---
Checkpoint saved in path: checkpoints/cifar10/alpha0.5_K5_N10000_cnn_E1_clr0.01_fedopt_sgd_slr1.0_sam_rho0.1_112125_19:29:46.ckpt
--- Round 181 of 10000: Training 5 Clients ---
Selected clients: ['36', '88', '19', '91', '24']
--- Updating central model ---
Checkpoint saved in path: checkpoints/cifar10/alpha0.5_K5_N10000_cnn_E1_clr0.01_fedopt_sgd_slr1.0_sam_rho0.1_112125_19:29:46.ckpt
--- Round 182 of 10000: Training 5 Clients ---
Selected clients: ['55', '22', '9', '1', '26']
--- Updating central model ---
Checkpoint saved in path: checkpoints/cifar10/alpha0.5_K5_N10000_cnn_E1_clr0.01_fedopt_sgd_slr1.0_sam_rho0.1_112125_19:29:46.ckpt
--- Round 183 of 10000: Training 5 Clients ---
Selected clients: ['86', '16', '81', '40', '5']
--- Updating central model ---
Checkpoint saved in path: checkpoints/cifar10/alpha0.5_K5_N10000_cnn_E1_clr0.01_fedopt_sgd_slr1.0_sam_rho0.1_112125_19:29:46.ckpt
--- Round 184 of 10000: Training 5 Clients ---
Selected clients: ['54', '80', '44', '59', '96']
--- Updating central model ---
Checkpoint saved in path: checkpoints/cifar10/alpha0.5_K5_N10000_cnn_E1_clr0.01_fedopt_sgd_slr1.0_sam_rho0.1_112125_19:29:46.ckpt
--- Round 185 of 10000: Training 5 Clients ---
Selected clients: ['73', '20', '33', '24', '58']
--- Updating central model ---
Checkpoint saved in path: checkpoints/cifar10/alpha0.5_K5_N10000_cnn_E1_clr0.01_fedopt_sgd_slr1.0_sam_rho0.1_112125_19:29:46.ckpt
--- Round 186 of 10000: Training 5 Clients ---
Selected clients: ['82', '27', '30', '24', '97']
--- Updating central model ---
Checkpoint saved in path: checkpoints/cifar10/alpha0.5_K5_N10000_cnn_E1_clr0.01_fedopt_sgd_slr1.0_sam_rho0.1_112125_19:29:46.ckpt
--- Round 187 of 10000: Training 5 Clients ---
Selected clients: ['18', '73', '10', '98', '27']
--- Updating central model ---
Checkpoint saved in path: checkpoints/cifar10/alpha0.5_K5_N10000_cnn_E1_clr0.01_fedopt_sgd_slr1.0_sam_rho0.1_112125_19:29:46.ckpt
--- Round 188 of 10000: Training 5 Clients ---
Selected clients: ['46', '30', '38', '25', '16']
--- Updating central model ---
Checkpoint saved in path: checkpoints/cifar10/alpha0.5_K5_N10000_cnn_E1_clr0.01_fedopt_sgd_slr1.0_sam_rho0.1_112125_19:29:46.ckpt
--- Round 189 of 10000: Training 5 Clients ---
Selected clients: ['51', '26', '8', '99', '58']
--- Updating central model ---
Checkpoint saved in path: checkpoints/cifar10/alpha0.5_K5_N10000_cnn_E1_clr0.01_fedopt_sgd_slr1.0_sam_rho0.1_112125_19:29:46.ckpt
--- Round 190 of 10000: Training 5 Clients ---
Selected clients: ['58', '42', '94', '32', '30']
--- Updating central model ---
Checkpoint saved in path: checkpoints/cifar10/alpha0.5_K5_N10000_cnn_E1_clr0.01_fedopt_sgd_slr1.0_sam_rho0.1_112125_19:29:46.ckpt
--- Round 191 of 10000: Training 5 Clients ---
Selected clients: ['2', '67', '68', '70', '37']
--- Updating central model ---
Checkpoint saved in path: checkpoints/cifar10/alpha0.5_K5_N10000_cnn_E1_clr0.01_fedopt_sgd_slr1.0_sam_rho0.1_112125_19:29:46.ckpt
--- Round 192 of 10000: Training 5 Clients ---
Selected clients: ['49', '21', '65', '88', '63']
--- Updating central model ---
Checkpoint saved in path: checkpoints/cifar10/alpha0.5_K5_N10000_cnn_E1_clr0.01_fedopt_sgd_slr1.0_sam_rho0.1_112125_19:29:46.ckpt
--- Round 193 of 10000: Training 5 Clients ---
Selected clients: ['22', '37', '11', '28', '56']
--- Updating central model ---
Checkpoint saved in path: checkpoints/cifar10/alpha0.5_K5_N10000_cnn_E1_clr0.01_fedopt_sgd_slr1.0_sam_rho0.1_112125_19:29:46.ckpt
--- Round 194 of 10000: Training 5 Clients ---
Selected clients: ['5', '72', '3', '76', '90']
--- Updating central model ---
Checkpoint saved in path: checkpoints/cifar10/alpha0.5_K5_N10000_cnn_E1_clr0.01_fedopt_sgd_slr1.0_sam_rho0.1_112125_19:29:46.ckpt
--- Round 195 of 10000: Training 5 Clients ---
Selected clients: ['65', '73', '87', '56', '2']
--- Updating central model ---
Checkpoint saved in path: checkpoints/cifar10/alpha0.5_K5_N10000_cnn_E1_clr0.01_fedopt_sgd_slr1.0_sam_rho0.1_112125_19:29:46.ckpt
--- Round 196 of 10000: Training 5 Clients ---
Selected clients: ['68', '35', '75', '63', '59']
--- Updating central model ---
Checkpoint saved in path: checkpoints/cifar10/alpha0.5_K5_N10000_cnn_E1_clr0.01_fedopt_sgd_slr1.0_sam_rho0.1_112125_19:29:46.ckpt
--- Round 197 of 10000: Training 5 Clients ---
Selected clients: ['72', '55', '65', '17', '20']
--- Updating central model ---
Checkpoint saved in path: checkpoints/cifar10/alpha0.5_K5_N10000_cnn_E1_clr0.01_fedopt_sgd_slr1.0_sam_rho0.1_112125_19:29:46.ckpt
--- Round 198 of 10000: Training 5 Clients ---
Selected clients: ['76', '90', '96', '24', '55']
--- Updating central model ---
Checkpoint saved in path: checkpoints/cifar10/alpha0.5_K5_N10000_cnn_E1_clr0.01_fedopt_sgd_slr1.0_sam_rho0.1_112125_19:29:46.ckpt
--- Round 199 of 10000: Training 5 Clients ---
Selected clients: ['19', '32', '37', '35', '60']
--- Updating central model ---
Checkpoint saved in path: checkpoints/cifar10/alpha0.5_K5_N10000_cnn_E1_clr0.01_fedopt_sgd_slr1.0_sam_rho0.1_112125_19:29:46.ckpt
--- Round 200 of 10000: Training 5 Clients ---
Selected clients: ['1', '61', '4', '89', '46']
--- Updating central model ---
train_accuracy: 13.6343, 10th percentile: 0.961144, 50th percentile: 9.9884, 90th percentile 29.3935
train_loss: 2.29844, 10th percentile: 2.27251, 50th percentile: 2.29632, 90th percentile 2.32951
test_accuracy: 13.61, 10th percentile: 13.61, 50th percentile: 13.61, 90th percentile 13.61
test_loss: 2.29792, 10th percentile: 2.29792, 50th percentile: 2.29792, 90th percentile 2.29792
Checkpoint saved in path: checkpoints/cifar10/alpha0.5_K5_N10000_cnn_E1_clr0.01_fedopt_sgd_slr1.0_sam_rho0.1_112125_19:29:46.ckpt
--- Round 201 of 10000: Training 5 Clients ---
Selected clients: ['3', '10', '25', '94', '7']
--- Updating central model ---
Checkpoint saved in path: checkpoints/cifar10/alpha0.5_K5_N10000_cnn_E1_clr0.01_fedopt_sgd_slr1.0_sam_rho0.1_112125_19:29:46.ckpt
--- Round 202 of 10000: Training 5 Clients ---
Selected clients: ['63', '58', '30', '94', '13']
--- Updating central model ---
Checkpoint saved in path: checkpoints/cifar10/alpha0.5_K5_N10000_cnn_E1_clr0.01_fedopt_sgd_slr1.0_sam_rho0.1_112125_19:29:46.ckpt
--- Round 203 of 10000: Training 5 Clients ---
Selected clients: ['26', '77', '31', '47', '62']
--- Updating central model ---
Checkpoint saved in path: checkpoints/cifar10/alpha0.5_K5_N10000_cnn_E1_clr0.01_fedopt_sgd_slr1.0_sam_rho0.1_112125_19:29:46.ckpt
--- Round 204 of 10000: Training 5 Clients ---
Selected clients: ['46', '53', '78', '81', '88']
--- Updating central model ---
Checkpoint saved in path: checkpoints/cifar10/alpha0.5_K5_N10000_cnn_E1_clr0.01_fedopt_sgd_slr1.0_sam_rho0.1_112125_19:29:46.ckpt
--- Round 205 of 10000: Training 5 Clients ---
Selected clients: ['82', '71', '22', '97', '14']
--- Updating central model ---
Checkpoint saved in path: checkpoints/cifar10/alpha0.5_K5_N10000_cnn_E1_clr0.01_fedopt_sgd_slr1.0_sam_rho0.1_112125_19:29:46.ckpt
--- Round 206 of 10000: Training 5 Clients ---
Selected clients: ['59', '72', '39', '34', '46']
--- Updating central model ---
Checkpoint saved in path: checkpoints/cifar10/alpha0.5_K5_N10000_cnn_E1_clr0.01_fedopt_sgd_slr1.0_sam_rho0.1_112125_19:29:46.ckpt
--- Round 207 of 10000: Training 5 Clients ---
Selected clients: ['93', '48', '79', '2', '77']
--- Updating central model ---
Checkpoint saved in path: checkpoints/cifar10/alpha0.5_K5_N10000_cnn_E1_clr0.01_fedopt_sgd_slr1.0_sam_rho0.1_112125_19:29:46.ckpt
--- Round 208 of 10000: Training 5 Clients ---
Selected clients: ['33', '23', '59', '99', '84']
--- Updating central model ---
Checkpoint saved in path: checkpoints/cifar10/alpha0.5_K5_N10000_cnn_E1_clr0.01_fedopt_sgd_slr1.0_sam_rho0.1_112125_19:29:46.ckpt
--- Round 209 of 10000: Training 5 Clients ---
Selected clients: ['4', '26', '31', '18', '3']
--- Updating central model ---
Checkpoint saved in path: checkpoints/cifar10/alpha0.5_K5_N10000_cnn_E1_clr0.01_fedopt_sgd_slr1.0_sam_rho0.1_112125_19:29:46.ckpt
--- Round 210 of 10000: Training 5 Clients ---
Selected clients: ['7', '33', '21', '57', '34']
--- Updating central model ---
Checkpoint saved in path: checkpoints/cifar10/alpha0.5_K5_N10000_cnn_E1_clr0.01_fedopt_sgd_slr1.0_sam_rho0.1_112125_19:29:46.ckpt
--- Round 211 of 10000: Training 5 Clients ---
Selected clients: ['23', '84', '70', '40', '5']
--- Updating central model ---
Checkpoint saved in path: checkpoints/cifar10/alpha0.5_K5_N10000_cnn_E1_clr0.01_fedopt_sgd_slr1.0_sam_rho0.1_112125_19:29:46.ckpt
--- Round 212 of 10000: Training 5 Clients ---
Selected clients: ['8', '85', '70', '66', '78']
--- Updating central model ---
Checkpoint saved in path: checkpoints/cifar10/alpha0.5_K5_N10000_cnn_E1_clr0.01_fedopt_sgd_slr1.0_sam_rho0.1_112125_19:29:46.ckpt
--- Round 213 of 10000: Training 5 Clients ---
Selected clients: ['1', '5', '36', '89', '40']
--- Updating central model ---
Checkpoint saved in path: checkpoints/cifar10/alpha0.5_K5_N10000_cnn_E1_clr0.01_fedopt_sgd_slr1.0_sam_rho0.1_112125_19:29:46.ckpt
--- Round 214 of 10000: Training 5 Clients ---
Selected clients: ['33', '73', '23', '53', '75']
--- Updating central model ---
Checkpoint saved in path: checkpoints/cifar10/alpha0.5_K5_N10000_cnn_E1_clr0.01_fedopt_sgd_slr1.0_sam_rho0.1_112125_19:29:46.ckpt
--- Round 215 of 10000: Training 5 Clients ---
Selected clients: ['63', '23', '32', '52', '21']
--- Updating central model ---
Checkpoint saved in path: checkpoints/cifar10/alpha0.5_K5_N10000_cnn_E1_clr0.01_fedopt_sgd_slr1.0_sam_rho0.1_112125_19:29:46.ckpt
--- Round 216 of 10000: Training 5 Clients ---
Selected clients: ['63', '35', '10', '8', '0']
--- Updating central model ---
Checkpoint saved in path: checkpoints/cifar10/alpha0.5_K5_N10000_cnn_E1_clr0.01_fedopt_sgd_slr1.0_sam_rho0.1_112125_19:29:46.ckpt
--- Round 217 of 10000: Training 5 Clients ---
Selected clients: ['18', '74', '89', '15', '85']
--- Updating central model ---
Checkpoint saved in path: checkpoints/cifar10/alpha0.5_K5_N10000_cnn_E1_clr0.01_fedopt_sgd_slr1.0_sam_rho0.1_112125_19:29:46.ckpt
--- Round 218 of 10000: Training 5 Clients ---
Selected clients: ['70', '87', '71', '55', '17']
--- Updating central model ---
Checkpoint saved in path: checkpoints/cifar10/alpha0.5_K5_N10000_cnn_E1_clr0.01_fedopt_sgd_slr1.0_sam_rho0.1_112125_19:29:46.ckpt
--- Round 219 of 10000: Training 5 Clients ---
Selected clients: ['22', '96', '52', '92', '84']
--- Updating central model ---
Checkpoint saved in path: checkpoints/cifar10/alpha0.5_K5_N10000_cnn_E1_clr0.01_fedopt_sgd_slr1.0_sam_rho0.1_112125_19:29:46.ckpt
--- Round 220 of 10000: Training 5 Clients ---
Selected clients: ['35', '6', '93', '89', '40']
--- Updating central model ---
Checkpoint saved in path: checkpoints/cifar10/alpha0.5_K5_N10000_cnn_E1_clr0.01_fedopt_sgd_slr1.0_sam_rho0.1_112125_19:29:46.ckpt
--- Round 221 of 10000: Training 5 Clients ---
Selected clients: ['11', '93', '58', '9', '99']
--- Updating central model ---
Checkpoint saved in path: checkpoints/cifar10/alpha0.5_K5_N10000_cnn_E1_clr0.01_fedopt_sgd_slr1.0_sam_rho0.1_112125_19:29:46.ckpt
--- Round 222 of 10000: Training 5 Clients ---
Selected clients: ['66', '4', '96', '36', '30']
--- Updating central model ---
Checkpoint saved in path: checkpoints/cifar10/alpha0.5_K5_N10000_cnn_E1_clr0.01_fedopt_sgd_slr1.0_sam_rho0.1_112125_19:29:46.ckpt
--- Round 223 of 10000: Training 5 Clients ---
Selected clients: ['30', '72', '68', '47', '11']
--- Updating central model ---
Checkpoint saved in path: checkpoints/cifar10/alpha0.5_K5_N10000_cnn_E1_clr0.01_fedopt_sgd_slr1.0_sam_rho0.1_112125_19:29:46.ckpt
--- Round 224 of 10000: Training 5 Clients ---
Selected clients: ['42', '23', '58', '90', '40']
--- Updating central model ---
Checkpoint saved in path: checkpoints/cifar10/alpha0.5_K5_N10000_cnn_E1_clr0.01_fedopt_sgd_slr1.0_sam_rho0.1_112125_19:29:46.ckpt
--- Round 225 of 10000: Training 5 Clients ---
Selected clients: ['18', '44', '85', '81', '11']
--- Updating central model ---
Checkpoint saved in path: checkpoints/cifar10/alpha0.5_K5_N10000_cnn_E1_clr0.01_fedopt_sgd_slr1.0_sam_rho0.1_112125_19:29:46.ckpt
--- Round 226 of 10000: Training 5 Clients ---
Selected clients: ['94', '37', '67', '24', '15']
--- Updating central model ---
Checkpoint saved in path: checkpoints/cifar10/alpha0.5_K5_N10000_cnn_E1_clr0.01_fedopt_sgd_slr1.0_sam_rho0.1_112125_19:29:46.ckpt
--- Round 227 of 10000: Training 5 Clients ---
Selected clients: ['69', '65', '40', '11', '42']
--- Updating central model ---
Checkpoint saved in path: checkpoints/cifar10/alpha0.5_K5_N10000_cnn_E1_clr0.01_fedopt_sgd_slr1.0_sam_rho0.1_112125_19:29:46.ckpt
--- Round 228 of 10000: Training 5 Clients ---
Selected clients: ['68', '90', '28', '99', '79']
--- Updating central model ---
Checkpoint saved in path: checkpoints/cifar10/alpha0.5_K5_N10000_cnn_E1_clr0.01_fedopt_sgd_slr1.0_sam_rho0.1_112125_19:29:46.ckpt
--- Round 229 of 10000: Training 5 Clients ---
Selected clients: ['7', '96', '22', '94', '67']
--- Updating central model ---
Checkpoint saved in path: checkpoints/cifar10/alpha0.5_K5_N10000_cnn_E1_clr0.01_fedopt_sgd_slr1.0_sam_rho0.1_112125_19:29:46.ckpt
--- Round 230 of 10000: Training 5 Clients ---
Selected clients: ['30', '96', '38', '91', '77']
--- Updating central model ---
Checkpoint saved in path: checkpoints/cifar10/alpha0.5_K5_N10000_cnn_E1_clr0.01_fedopt_sgd_slr1.0_sam_rho0.1_112125_19:29:46.ckpt
--- Round 231 of 10000: Training 5 Clients ---
Selected clients: ['4', '9', '33', '51', '72']
--- Updating central model ---
Checkpoint saved in path: checkpoints/cifar10/alpha0.5_K5_N10000_cnn_E1_clr0.01_fedopt_sgd_slr1.0_sam_rho0.1_112125_19:29:46.ckpt
--- Round 232 of 10000: Training 5 Clients ---
Selected clients: ['8', '19', '88', '3', '39']
--- Updating central model ---
Checkpoint saved in path: checkpoints/cifar10/alpha0.5_K5_N10000_cnn_E1_clr0.01_fedopt_sgd_slr1.0_sam_rho0.1_112125_19:29:46.ckpt
--- Round 233 of 10000: Training 5 Clients ---
Selected clients: ['46', '99', '40', '54', '85']
--- Updating central model ---
Checkpoint saved in path: checkpoints/cifar10/alpha0.5_K5_N10000_cnn_E1_clr0.01_fedopt_sgd_slr1.0_sam_rho0.1_112125_19:29:46.ckpt
--- Round 234 of 10000: Training 5 Clients ---
Selected clients: ['67', '25', '4', '93', '35']
--- Updating central model ---
Checkpoint saved in path: checkpoints/cifar10/alpha0.5_K5_N10000_cnn_E1_clr0.01_fedopt_sgd_slr1.0_sam_rho0.1_112125_19:29:46.ckpt
--- Round 235 of 10000: Training 5 Clients ---
Selected clients: ['89', '46', '26', '48', '30']
--- Updating central model ---
Checkpoint saved in path: checkpoints/cifar10/alpha0.5_K5_N10000_cnn_E1_clr0.01_fedopt_sgd_slr1.0_sam_rho0.1_112125_19:29:46.ckpt
--- Round 236 of 10000: Training 5 Clients ---
Selected clients: ['67', '55', '12', '77', '5']
--- Updating central model ---
Checkpoint saved in path: checkpoints/cifar10/alpha0.5_K5_N10000_cnn_E1_clr0.01_fedopt_sgd_slr1.0_sam_rho0.1_112125_19:29:46.ckpt
--- Round 237 of 10000: Training 5 Clients ---
Selected clients: ['90', '12', '79', '28', '71']
--- Updating central model ---
Checkpoint saved in path: checkpoints/cifar10/alpha0.5_K5_N10000_cnn_E1_clr0.01_fedopt_sgd_slr1.0_sam_rho0.1_112125_19:29:46.ckpt
--- Round 238 of 10000: Training 5 Clients ---
Selected clients: ['15', '57', '33', '21', '9']
--- Updating central model ---
Checkpoint saved in path: checkpoints/cifar10/alpha0.5_K5_N10000_cnn_E1_clr0.01_fedopt_sgd_slr1.0_sam_rho0.1_112125_19:29:46.ckpt
--- Round 239 of 10000: Training 5 Clients ---
Selected clients: ['59', '36', '2', '88', '26']
--- Updating central model ---
Checkpoint saved in path: checkpoints/cifar10/alpha0.5_K5_N10000_cnn_E1_clr0.01_fedopt_sgd_slr1.0_sam_rho0.1_112125_19:29:46.ckpt
--- Round 240 of 10000: Training 5 Clients ---
Selected clients: ['76', '80', '89', '63', '8']
--- Updating central model ---
Checkpoint saved in path: checkpoints/cifar10/alpha0.5_K5_N10000_cnn_E1_clr0.01_fedopt_sgd_slr1.0_sam_rho0.1_112125_19:29:46.ckpt
--- Round 241 of 10000: Training 5 Clients ---
Selected clients: ['9', '31', '54', '36', '75']
--- Updating central model ---
Checkpoint saved in path: checkpoints/cifar10/alpha0.5_K5_N10000_cnn_E1_clr0.01_fedopt_sgd_slr1.0_sam_rho0.1_112125_19:29:46.ckpt
--- Round 242 of 10000: Training 5 Clients ---
Selected clients: ['24', '45', '88', '27', '26']
--- Updating central model ---
Checkpoint saved in path: checkpoints/cifar10/alpha0.5_K5_N10000_cnn_E1_clr0.01_fedopt_sgd_slr1.0_sam_rho0.1_112125_19:29:46.ckpt
--- Round 243 of 10000: Training 5 Clients ---
Selected clients: ['63', '1', '46', '27', '41']
--- Updating central model ---
Checkpoint saved in path: checkpoints/cifar10/alpha0.5_K5_N10000_cnn_E1_clr0.01_fedopt_sgd_slr1.0_sam_rho0.1_112125_19:29:46.ckpt
--- Round 244 of 10000: Training 5 Clients ---
Selected clients: ['20', '51', '95', '91', '76']
--- Updating central model ---
Checkpoint saved in path: checkpoints/cifar10/alpha0.5_K5_N10000_cnn_E1_clr0.01_fedopt_sgd_slr1.0_sam_rho0.1_112125_19:29:46.ckpt
--- Round 245 of 10000: Training 5 Clients ---
Selected clients: ['37', '57', '46', '76', '22']
--- Updating central model ---
Checkpoint saved in path: checkpoints/cifar10/alpha0.5_K5_N10000_cnn_E1_clr0.01_fedopt_sgd_slr1.0_sam_rho0.1_112125_19:29:46.ckpt
--- Round 246 of 10000: Training 5 Clients ---
Selected clients: ['68', '9', '45', '50', '70']
--- Updating central model ---
Checkpoint saved in path: checkpoints/cifar10/alpha0.5_K5_N10000_cnn_E1_clr0.01_fedopt_sgd_slr1.0_sam_rho0.1_112125_19:29:46.ckpt
--- Round 247 of 10000: Training 5 Clients ---
Selected clients: ['72', '78', '22', '92', '0']
--- Updating central model ---
Checkpoint saved in path: checkpoints/cifar10/alpha0.5_K5_N10000_cnn_E1_clr0.01_fedopt_sgd_slr1.0_sam_rho0.1_112125_19:29:46.ckpt
--- Round 248 of 10000: Training 5 Clients ---
Selected clients: ['5', '10', '29', '80', '68']
--- Updating central model ---
Checkpoint saved in path: checkpoints/cifar10/alpha0.5_K5_N10000_cnn_E1_clr0.01_fedopt_sgd_slr1.0_sam_rho0.1_112125_19:29:46.ckpt
--- Round 249 of 10000: Training 5 Clients ---
Selected clients: ['84', '76', '30', '61', '26']
--- Updating central model ---
Checkpoint saved in path: checkpoints/cifar10/alpha0.5_K5_N10000_cnn_E1_clr0.01_fedopt_sgd_slr1.0_sam_rho0.1_112125_19:29:46.ckpt
--- Round 250 of 10000: Training 5 Clients ---
Selected clients: ['17', '34', '13', '80', '16']
--- Updating central model ---
Checkpoint saved in path: checkpoints/cifar10/alpha0.5_K5_N10000_cnn_E1_clr0.01_fedopt_sgd_slr1.0_sam_rho0.1_112125_19:29:46.ckpt
--- Round 251 of 10000: Training 5 Clients ---
Selected clients: ['98', '92', '62', '86', '95']
--- Updating central model ---
Checkpoint saved in path: checkpoints/cifar10/alpha0.5_K5_N10000_cnn_E1_clr0.01_fedopt_sgd_slr1.0_sam_rho0.1_112125_19:29:46.ckpt
--- Round 252 of 10000: Training 5 Clients ---
Selected clients: ['19', '52', '21', '77', '87']
--- Updating central model ---
Checkpoint saved in path: checkpoints/cifar10/alpha0.5_K5_N10000_cnn_E1_clr0.01_fedopt_sgd_slr1.0_sam_rho0.1_112125_19:29:46.ckpt
--- Round 253 of 10000: Training 5 Clients ---
Selected clients: ['12', '48', '71', '23', '75']
--- Updating central model ---
Checkpoint saved in path: checkpoints/cifar10/alpha0.5_K5_N10000_cnn_E1_clr0.01_fedopt_sgd_slr1.0_sam_rho0.1_112125_19:29:46.ckpt
--- Round 254 of 10000: Training 5 Clients ---
Selected clients: ['25', '35', '78', '36', '67']
--- Updating central model ---
Checkpoint saved in path: checkpoints/cifar10/alpha0.5_K5_N10000_cnn_E1_clr0.01_fedopt_sgd_slr1.0_sam_rho0.1_112125_19:29:46.ckpt
--- Round 255 of 10000: Training 5 Clients ---
Selected clients: ['31', '75', '68', '27', '2']
--- Updating central model ---
Checkpoint saved in path: checkpoints/cifar10/alpha0.5_K5_N10000_cnn_E1_clr0.01_fedopt_sgd_slr1.0_sam_rho0.1_112125_19:29:46.ckpt
--- Round 256 of 10000: Training 5 Clients ---
Selected clients: ['6', '71', '69', '70', '72']
--- Updating central model ---
Checkpoint saved in path: checkpoints/cifar10/alpha0.5_K5_N10000_cnn_E1_clr0.01_fedopt_sgd_slr1.0_sam_rho0.1_112125_19:29:46.ckpt
--- Round 257 of 10000: Training 5 Clients ---
Selected clients: ['19', '76', '38', '81', '88']
--- Updating central model ---
Checkpoint saved in path: checkpoints/cifar10/alpha0.5_K5_N10000_cnn_E1_clr0.01_fedopt_sgd_slr1.0_sam_rho0.1_112125_19:29:46.ckpt
--- Round 258 of 10000: Training 5 Clients ---
Selected clients: ['65', '58', '61', '0', '1']
--- Updating central model ---
Checkpoint saved in path: checkpoints/cifar10/alpha0.5_K5_N10000_cnn_E1_clr0.01_fedopt_sgd_slr1.0_sam_rho0.1_112125_19:29:46.ckpt
--- Round 259 of 10000: Training 5 Clients ---
Selected clients: ['67', '2', '13', '80', '59']
--- Updating central model ---
Checkpoint saved in path: checkpoints/cifar10/alpha0.5_K5_N10000_cnn_E1_clr0.01_fedopt_sgd_slr1.0_sam_rho0.1_112125_19:29:46.ckpt
--- Round 260 of 10000: Training 5 Clients ---
Selected clients: ['96', '2', '75', '60', '14']
--- Updating central model ---
Checkpoint saved in path: checkpoints/cifar10/alpha0.5_K5_N10000_cnn_E1_clr0.01_fedopt_sgd_slr1.0_sam_rho0.1_112125_19:29:46.ckpt
--- Round 261 of 10000: Training 5 Clients ---
Selected clients: ['19', '35', '69', '11', '24']
--- Updating central model ---
Checkpoint saved in path: checkpoints/cifar10/alpha0.5_K5_N10000_cnn_E1_clr0.01_fedopt_sgd_slr1.0_sam_rho0.1_112125_19:29:46.ckpt
--- Round 262 of 10000: Training 5 Clients ---
Selected clients: ['99', '86', '79', '47', '49']
--- Updating central model ---
Checkpoint saved in path: checkpoints/cifar10/alpha0.5_K5_N10000_cnn_E1_clr0.01_fedopt_sgd_slr1.0_sam_rho0.1_112125_19:29:46.ckpt
--- Round 263 of 10000: Training 5 Clients ---
Selected clients: ['90', '57', '52', '43', '20']
--- Updating central model ---
Checkpoint saved in path: checkpoints/cifar10/alpha0.5_K5_N10000_cnn_E1_clr0.01_fedopt_sgd_slr1.0_sam_rho0.1_112125_19:29:46.ckpt
--- Round 264 of 10000: Training 5 Clients ---
Selected clients: ['7', '19', '14', '87', '51']
--- Updating central model ---
Checkpoint saved in path: checkpoints/cifar10/alpha0.5_K5_N10000_cnn_E1_clr0.01_fedopt_sgd_slr1.0_sam_rho0.1_112125_19:29:46.ckpt
--- Round 265 of 10000: Training 5 Clients ---
Selected clients: ['72', '82', '32', '36', '67']
--- Updating central model ---
Checkpoint saved in path: checkpoints/cifar10/alpha0.5_K5_N10000_cnn_E1_clr0.01_fedopt_sgd_slr1.0_sam_rho0.1_112125_19:29:46.ckpt
--- Round 266 of 10000: Training 5 Clients ---
Selected clients: ['39', '96', '27', '45', '40']
--- Updating central model ---
Checkpoint saved in path: checkpoints/cifar10/alpha0.5_K5_N10000_cnn_E1_clr0.01_fedopt_sgd_slr1.0_sam_rho0.1_112125_19:29:46.ckpt
--- Round 267 of 10000: Training 5 Clients ---
Selected clients: ['19', '76', '1', '53', '54']
--- Updating central model ---
Checkpoint saved in path: checkpoints/cifar10/alpha0.5_K5_N10000_cnn_E1_clr0.01_fedopt_sgd_slr1.0_sam_rho0.1_112125_19:29:46.ckpt
--- Round 268 of 10000: Training 5 Clients ---
Selected clients: ['78', '29', '32', '47', '38']
--- Updating central model ---
Checkpoint saved in path: checkpoints/cifar10/alpha0.5_K5_N10000_cnn_E1_clr0.01_fedopt_sgd_slr1.0_sam_rho0.1_112125_19:29:46.ckpt
--- Round 269 of 10000: Training 5 Clients ---
Selected clients: ['40', '58', '76', '90', '22']
--- Updating central model ---
Checkpoint saved in path: checkpoints/cifar10/alpha0.5_K5_N10000_cnn_E1_clr0.01_fedopt_sgd_slr1.0_sam_rho0.1_112125_19:29:46.ckpt
--- Round 270 of 10000: Training 5 Clients ---
Selected clients: ['1', '19', '62', '64', '28']
--- Updating central model ---
Checkpoint saved in path: checkpoints/cifar10/alpha0.5_K5_N10000_cnn_E1_clr0.01_fedopt_sgd_slr1.0_sam_rho0.1_112125_19:29:46.ckpt
--- Round 271 of 10000: Training 5 Clients ---
Selected clients: ['69', '93', '82', '73', '41']
--- Updating central model ---
Checkpoint saved in path: checkpoints/cifar10/alpha0.5_K5_N10000_cnn_E1_clr0.01_fedopt_sgd_slr1.0_sam_rho0.1_112125_19:29:46.ckpt
--- Round 272 of 10000: Training 5 Clients ---
Selected clients: ['44', '70', '38', '1', '99']
--- Updating central model ---
Checkpoint saved in path: checkpoints/cifar10/alpha0.5_K5_N10000_cnn_E1_clr0.01_fedopt_sgd_slr1.0_sam_rho0.1_112125_19:29:46.ckpt
--- Round 273 of 10000: Training 5 Clients ---
Selected clients: ['24', '58', '9', '65', '70']
--- Updating central model ---
Checkpoint saved in path: checkpoints/cifar10/alpha0.5_K5_N10000_cnn_E1_clr0.01_fedopt_sgd_slr1.0_sam_rho0.1_112125_19:29:46.ckpt
--- Round 274 of 10000: Training 5 Clients ---
Selected clients: ['3', '27', '90', '85', '82']
--- Updating central model ---
Checkpoint saved in path: checkpoints/cifar10/alpha0.5_K5_N10000_cnn_E1_clr0.01_fedopt_sgd_slr1.0_sam_rho0.1_112125_19:29:46.ckpt
--- Round 275 of 10000: Training 5 Clients ---
Selected clients: ['35', '77', '13', '82', '89']
--- Updating central model ---
Checkpoint saved in path: checkpoints/cifar10/alpha0.5_K5_N10000_cnn_E1_clr0.01_fedopt_sgd_slr1.0_sam_rho0.1_112125_19:29:46.ckpt
--- Round 276 of 10000: Training 5 Clients ---
Selected clients: ['79', '71', '44', '9', '77']
--- Updating central model ---
Checkpoint saved in path: checkpoints/cifar10/alpha0.5_K5_N10000_cnn_E1_clr0.01_fedopt_sgd_slr1.0_sam_rho0.1_112125_19:29:46.ckpt
--- Round 277 of 10000: Training 5 Clients ---
Selected clients: ['71', '32', '23', '50', '80']
--- Updating central model ---
Checkpoint saved in path: checkpoints/cifar10/alpha0.5_K5_N10000_cnn_E1_clr0.01_fedopt_sgd_slr1.0_sam_rho0.1_112125_19:29:46.ckpt
--- Round 278 of 10000: Training 5 Clients ---
Selected clients: ['9', '37', '3', '72', '68']
--- Updating central model ---
Checkpoint saved in path: checkpoints/cifar10/alpha0.5_K5_N10000_cnn_E1_clr0.01_fedopt_sgd_slr1.0_sam_rho0.1_112125_19:29:46.ckpt
--- Round 279 of 10000: Training 5 Clients ---
Selected clients: ['23', '76', '77', '60', '17']
--- Updating central model ---
Checkpoint saved in path: checkpoints/cifar10/alpha0.5_K5_N10000_cnn_E1_clr0.01_fedopt_sgd_slr1.0_sam_rho0.1_112125_19:29:46.ckpt
--- Round 280 of 10000: Training 5 Clients ---
Selected clients: ['27', '44', '53', '45', '40']
--- Updating central model ---
Checkpoint saved in path: checkpoints/cifar10/alpha0.5_K5_N10000_cnn_E1_clr0.01_fedopt_sgd_slr1.0_sam_rho0.1_112125_19:29:46.ckpt
--- Round 281 of 10000: Training 5 Clients ---
Selected clients: ['28', '87', '12', '91', '34']
--- Updating central model ---
Checkpoint saved in path: checkpoints/cifar10/alpha0.5_K5_N10000_cnn_E1_clr0.01_fedopt_sgd_slr1.0_sam_rho0.1_112125_19:29:46.ckpt
--- Round 282 of 10000: Training 5 Clients ---
Selected clients: ['89', '84', '36', '50', '49']
--- Updating central model ---
Checkpoint saved in path: checkpoints/cifar10/alpha0.5_K5_N10000_cnn_E1_clr0.01_fedopt_sgd_slr1.0_sam_rho0.1_112125_19:29:46.ckpt
--- Round 283 of 10000: Training 5 Clients ---
Selected clients: ['10', '1', '43', '26', '93']
--- Updating central model ---
Checkpoint saved in path: checkpoints/cifar10/alpha0.5_K5_N10000_cnn_E1_clr0.01_fedopt_sgd_slr1.0_sam_rho0.1_112125_19:29:46.ckpt
--- Round 284 of 10000: Training 5 Clients ---
Selected clients: ['76', '34', '73', '57', '95']
--- Updating central model ---
Checkpoint saved in path: checkpoints/cifar10/alpha0.5_K5_N10000_cnn_E1_clr0.01_fedopt_sgd_slr1.0_sam_rho0.1_112125_19:29:46.ckpt
--- Round 285 of 10000: Training 5 Clients ---
Selected clients: ['44', '77', '59', '8', '79']
--- Updating central model ---
Checkpoint saved in path: checkpoints/cifar10/alpha0.5_K5_N10000_cnn_E1_clr0.01_fedopt_sgd_slr1.0_sam_rho0.1_112125_19:29:46.ckpt
--- Round 286 of 10000: Training 5 Clients ---
Selected clients: ['40', '54', '73', '41', '81']
--- Updating central model ---
Checkpoint saved in path: checkpoints/cifar10/alpha0.5_K5_N10000_cnn_E1_clr0.01_fedopt_sgd_slr1.0_sam_rho0.1_112125_19:29:46.ckpt
--- Round 287 of 10000: Training 5 Clients ---
Selected clients: ['79', '52', '22', '63', '8']
--- Updating central model ---
Checkpoint saved in path: checkpoints/cifar10/alpha0.5_K5_N10000_cnn_E1_clr0.01_fedopt_sgd_slr1.0_sam_rho0.1_112125_19:29:46.ckpt
--- Round 288 of 10000: Training 5 Clients ---
Selected clients: ['15', '85', '46', '94', '41']
--- Updating central model ---
Checkpoint saved in path: checkpoints/cifar10/alpha0.5_K5_N10000_cnn_E1_clr0.01_fedopt_sgd_slr1.0_sam_rho0.1_112125_19:29:46.ckpt
--- Round 289 of 10000: Training 5 Clients ---
Selected clients: ['22', '83', '67', '97', '49']
--- Updating central model ---
Checkpoint saved in path: checkpoints/cifar10/alpha0.5_K5_N10000_cnn_E1_clr0.01_fedopt_sgd_slr1.0_sam_rho0.1_112125_19:29:46.ckpt
--- Round 290 of 10000: Training 5 Clients ---
Selected clients: ['35', '98', '24', '20', '43']
--- Updating central model ---
Checkpoint saved in path: checkpoints/cifar10/alpha0.5_K5_N10000_cnn_E1_clr0.01_fedopt_sgd_slr1.0_sam_rho0.1_112125_19:29:46.ckpt
--- Round 291 of 10000: Training 5 Clients ---
Selected clients: ['69', '77', '68', '41', '19']
--- Updating central model ---
Checkpoint saved in path: checkpoints/cifar10/alpha0.5_K5_N10000_cnn_E1_clr0.01_fedopt_sgd_slr1.0_sam_rho0.1_112125_19:29:46.ckpt
--- Round 292 of 10000: Training 5 Clients ---
Selected clients: ['99', '57', '65', '40', '46']
--- Updating central model ---
Checkpoint saved in path: checkpoints/cifar10/alpha0.5_K5_N10000_cnn_E1_clr0.01_fedopt_sgd_slr1.0_sam_rho0.1_112125_19:29:46.ckpt
--- Round 293 of 10000: Training 5 Clients ---
Selected clients: ['95', '31', '55', '30', '82']
--- Updating central model ---
Checkpoint saved in path: checkpoints/cifar10/alpha0.5_K5_N10000_cnn_E1_clr0.01_fedopt_sgd_slr1.0_sam_rho0.1_112125_19:29:46.ckpt
--- Round 294 of 10000: Training 5 Clients ---
Selected clients: ['46', '15', '90', '55', '40']
--- Updating central model ---
Checkpoint saved in path: checkpoints/cifar10/alpha0.5_K5_N10000_cnn_E1_clr0.01_fedopt_sgd_slr1.0_sam_rho0.1_112125_19:29:46.ckpt
--- Round 295 of 10000: Training 5 Clients ---
Selected clients: ['43', '47', '49', '75', '83']
--- Updating central model ---
Checkpoint saved in path: checkpoints/cifar10/alpha0.5_K5_N10000_cnn_E1_clr0.01_fedopt_sgd_slr1.0_sam_rho0.1_112125_19:29:46.ckpt
--- Round 296 of 10000: Training 5 Clients ---
Selected clients: ['32', '73', '23', '41', '87']
--- Updating central model ---
Checkpoint saved in path: checkpoints/cifar10/alpha0.5_K5_N10000_cnn_E1_clr0.01_fedopt_sgd_slr1.0_sam_rho0.1_112125_19:29:46.ckpt
--- Round 297 of 10000: Training 5 Clients ---
Selected clients: ['51', '28', '19', '45', '81']
--- Updating central model ---
Checkpoint saved in path: checkpoints/cifar10/alpha0.5_K5_N10000_cnn_E1_clr0.01_fedopt_sgd_slr1.0_sam_rho0.1_112125_19:29:46.ckpt
--- Round 298 of 10000: Training 5 Clients ---
Selected clients: ['10', '86', '41', '84', '31']
--- Updating central model ---
Checkpoint saved in path: checkpoints/cifar10/alpha0.5_K5_N10000_cnn_E1_clr0.01_fedopt_sgd_slr1.0_sam_rho0.1_112125_19:29:46.ckpt
--- Round 299 of 10000: Training 5 Clients ---
Selected clients: ['55', '38', '95', '27', '4']
--- Updating central model ---
Checkpoint saved in path: checkpoints/cifar10/alpha0.5_K5_N10000_cnn_E1_clr0.01_fedopt_sgd_slr1.0_sam_rho0.1_112125_19:29:46.ckpt
--- Round 300 of 10000: Training 5 Clients ---
Selected clients: ['29', '7', '52', '30', '44']
--- Updating central model ---
train_accuracy: 17.3314, 10th percentile: 3.22125, 50th percentile: 12.2784, 90th percentile 33.4118
train_loss: 2.26675, 10th percentile: 2.21387, 50th percentile: 2.27017, 90th percentile 2.32046
test_accuracy: 17.52, 10th percentile: 17.52, 50th percentile: 17.52, 90th percentile 17.52
test_loss: 2.26462, 10th percentile: 2.26462, 50th percentile: 2.26462, 90th percentile 2.26462
Checkpoint saved in path: checkpoints/cifar10/alpha0.5_K5_N10000_cnn_E1_clr0.01_fedopt_sgd_slr1.0_sam_rho0.1_112125_19:29:46.ckpt
--- Round 301 of 10000: Training 5 Clients ---
Selected clients: ['95', '81', '84', '86', '76']
--- Updating central model ---
Checkpoint saved in path: checkpoints/cifar10/alpha0.5_K5_N10000_cnn_E1_clr0.01_fedopt_sgd_slr1.0_sam_rho0.1_112125_19:29:46.ckpt
--- Round 302 of 10000: Training 5 Clients ---
Selected clients: ['31', '88', '1', '19', '62']
--- Updating central model ---
Checkpoint saved in path: checkpoints/cifar10/alpha0.5_K5_N10000_cnn_E1_clr0.01_fedopt_sgd_slr1.0_sam_rho0.1_112125_19:29:46.ckpt
--- Round 303 of 10000: Training 5 Clients ---
Selected clients: ['63', '38', '19', '16', '91']
--- Updating central model ---
Checkpoint saved in path: checkpoints/cifar10/alpha0.5_K5_N10000_cnn_E1_clr0.01_fedopt_sgd_slr1.0_sam_rho0.1_112125_19:29:46.ckpt
--- Round 304 of 10000: Training 5 Clients ---
Selected clients: ['85', '15', '50', '94', '68']
--- Updating central model ---
Checkpoint saved in path: checkpoints/cifar10/alpha0.5_K5_N10000_cnn_E1_clr0.01_fedopt_sgd_slr1.0_sam_rho0.1_112125_19:29:46.ckpt
--- Round 305 of 10000: Training 5 Clients ---
Selected clients: ['47', '31', '92', '93', '28']
--- Updating central model ---
Checkpoint saved in path: checkpoints/cifar10/alpha0.5_K5_N10000_cnn_E1_clr0.01_fedopt_sgd_slr1.0_sam_rho0.1_112125_19:29:46.ckpt
--- Round 306 of 10000: Training 5 Clients ---
Selected clients: ['94', '65', '28', '91', '76']
--- Updating central model ---
Checkpoint saved in path: checkpoints/cifar10/alpha0.5_K5_N10000_cnn_E1_clr0.01_fedopt_sgd_slr1.0_sam_rho0.1_112125_19:29:46.ckpt
--- Round 307 of 10000: Training 5 Clients ---
Selected clients: ['1', '60', '39', '81', '12']
--- Updating central model ---
Checkpoint saved in path: checkpoints/cifar10/alpha0.5_K5_N10000_cnn_E1_clr0.01_fedopt_sgd_slr1.0_sam_rho0.1_112125_19:29:46.ckpt
--- Round 308 of 10000: Training 5 Clients ---
Selected clients: ['61', '88', '48', '35', '90']
--- Updating central model ---
Checkpoint saved in path: checkpoints/cifar10/alpha0.5_K5_N10000_cnn_E1_clr0.01_fedopt_sgd_slr1.0_sam_rho0.1_112125_19:29:46.ckpt
--- Round 309 of 10000: Training 5 Clients ---
Selected clients: ['96', '18', '90', '68', '89']
--- Updating central model ---
Checkpoint saved in path: checkpoints/cifar10/alpha0.5_K5_N10000_cnn_E1_clr0.01_fedopt_sgd_slr1.0_sam_rho0.1_112125_19:29:46.ckpt
--- Round 310 of 10000: Training 5 Clients ---
Selected clients: ['61', '67', '70', '34', '24']
--- Updating central model ---
Checkpoint saved in path: checkpoints/cifar10/alpha0.5_K5_N10000_cnn_E1_clr0.01_fedopt_sgd_slr1.0_sam_rho0.1_112125_19:29:46.ckpt
--- Round 311 of 10000: Training 5 Clients ---
Selected clients: ['89', '12', '77', '33', '87']
--- Updating central model ---
Checkpoint saved in path: checkpoints/cifar10/alpha0.5_K5_N10000_cnn_E1_clr0.01_fedopt_sgd_slr1.0_sam_rho0.1_112125_19:29:46.ckpt
--- Round 312 of 10000: Training 5 Clients ---
Selected clients: ['66', '9', '40', '88', '31']
--- Updating central model ---
Checkpoint saved in path: checkpoints/cifar10/alpha0.5_K5_N10000_cnn_E1_clr0.01_fedopt_sgd_slr1.0_sam_rho0.1_112125_19:29:46.ckpt
--- Round 313 of 10000: Training 5 Clients ---
Selected clients: ['11', '91', '23', '22', '84']
--- Updating central model ---
Checkpoint saved in path: checkpoints/cifar10/alpha0.5_K5_N10000_cnn_E1_clr0.01_fedopt_sgd_slr1.0_sam_rho0.1_112125_19:29:46.ckpt
--- Round 314 of 10000: Training 5 Clients ---
Selected clients: ['53', '49', '47', '7', '21']
--- Updating central model ---
Checkpoint saved in path: checkpoints/cifar10/alpha0.5_K5_N10000_cnn_E1_clr0.01_fedopt_sgd_slr1.0_sam_rho0.1_112125_19:29:46.ckpt
--- Round 315 of 10000: Training 5 Clients ---
Selected clients: ['2', '83', '90', '22', '29']
--- Updating central model ---
Checkpoint saved in path: checkpoints/cifar10/alpha0.5_K5_N10000_cnn_E1_clr0.01_fedopt_sgd_slr1.0_sam_rho0.1_112125_19:29:46.ckpt
--- Round 316 of 10000: Training 5 Clients ---
Selected clients: ['55', '97', '7', '47', '74']
--- Updating central model ---
Checkpoint saved in path: checkpoints/cifar10/alpha0.5_K5_N10000_cnn_E1_clr0.01_fedopt_sgd_slr1.0_sam_rho0.1_112125_19:29:46.ckpt
--- Round 317 of 10000: Training 5 Clients ---
Selected clients: ['77', '31', '43', '14', '19']
--- Updating central model ---
Checkpoint saved in path: checkpoints/cifar10/alpha0.5_K5_N10000_cnn_E1_clr0.01_fedopt_sgd_slr1.0_sam_rho0.1_112125_19:29:46.ckpt
--- Round 318 of 10000: Training 5 Clients ---
Selected clients: ['13', '75', '48', '92', '33']
--- Updating central model ---
Checkpoint saved in path: checkpoints/cifar10/alpha0.5_K5_N10000_cnn_E1_clr0.01_fedopt_sgd_slr1.0_sam_rho0.1_112125_19:29:46.ckpt
--- Round 319 of 10000: Training 5 Clients ---
Selected clients: ['64', '91', '12', '23', '76']
--- Updating central model ---
Checkpoint saved in path: checkpoints/cifar10/alpha0.5_K5_N10000_cnn_E1_clr0.01_fedopt_sgd_slr1.0_sam_rho0.1_112125_19:29:46.ckpt
--- Round 320 of 10000: Training 5 Clients ---
Selected clients: ['81', '11', '55', '44', '60']
--- Updating central model ---
Checkpoint saved in path: checkpoints/cifar10/alpha0.5_K5_N10000_cnn_E1_clr0.01_fedopt_sgd_slr1.0_sam_rho0.1_112125_19:29:46.ckpt
--- Round 321 of 10000: Training 5 Clients ---
Selected clients: ['48', '71', '80', '58', '36']
--- Updating central model ---
Checkpoint saved in path: checkpoints/cifar10/alpha0.5_K5_N10000_cnn_E1_clr0.01_fedopt_sgd_slr1.0_sam_rho0.1_112125_19:29:46.ckpt
--- Round 322 of 10000: Training 5 Clients ---
Selected clients: ['25', '74', '27', '92', '61']
--- Updating central model ---
Checkpoint saved in path: checkpoints/cifar10/alpha0.5_K5_N10000_cnn_E1_clr0.01_fedopt_sgd_slr1.0_sam_rho0.1_112125_19:29:46.ckpt
--- Round 323 of 10000: Training 5 Clients ---
Selected clients: ['70', '75', '45', '67', '95']
--- Updating central model ---
Checkpoint saved in path: checkpoints/cifar10/alpha0.5_K5_N10000_cnn_E1_clr0.01_fedopt_sgd_slr1.0_sam_rho0.1_112125_19:29:46.ckpt
--- Round 324 of 10000: Training 5 Clients ---
Selected clients: ['32', '99', '92', '42', '1']
--- Updating central model ---
Checkpoint saved in path: checkpoints/cifar10/alpha0.5_K5_N10000_cnn_E1_clr0.01_fedopt_sgd_slr1.0_sam_rho0.1_112125_19:29:46.ckpt
--- Round 325 of 10000: Training 5 Clients ---
Selected clients: ['80', '51', '12', '54', '26']
--- Updating central model ---
Checkpoint saved in path: checkpoints/cifar10/alpha0.5_K5_N10000_cnn_E1_clr0.01_fedopt_sgd_slr1.0_sam_rho0.1_112125_19:29:46.ckpt
--- Round 326 of 10000: Training 5 Clients ---
Selected clients: ['72', '19', '69', '11', '45']
--- Updating central model ---
Checkpoint saved in path: checkpoints/cifar10/alpha0.5_K5_N10000_cnn_E1_clr0.01_fedopt_sgd_slr1.0_sam_rho0.1_112125_19:29:46.ckpt
--- Round 327 of 10000: Training 5 Clients ---
Selected clients: ['71', '40', '43', '26', '28']
--- Updating central model ---
Checkpoint saved in path: checkpoints/cifar10/alpha0.5_K5_N10000_cnn_E1_clr0.01_fedopt_sgd_slr1.0_sam_rho0.1_112125_19:29:46.ckpt
--- Round 328 of 10000: Training 5 Clients ---
Selected clients: ['89', '95', '71', '14', '30']
--- Updating central model ---
Checkpoint saved in path: checkpoints/cifar10/alpha0.5_K5_N10000_cnn_E1_clr0.01_fedopt_sgd_slr1.0_sam_rho0.1_112125_19:29:46.ckpt
--- Round 329 of 10000: Training 5 Clients ---
Selected clients: ['70', '19', '7', '40', '53']
--- Updating central model ---
Checkpoint saved in path: checkpoints/cifar10/alpha0.5_K5_N10000_cnn_E1_clr0.01_fedopt_sgd_slr1.0_sam_rho0.1_112125_19:29:46.ckpt
--- Round 330 of 10000: Training 5 Clients ---
Selected clients: ['34', '73', '97', '94', '53']
--- Updating central model ---
Checkpoint saved in path: checkpoints/cifar10/alpha0.5_K5_N10000_cnn_E1_clr0.01_fedopt_sgd_slr1.0_sam_rho0.1_112125_19:29:46.ckpt
--- Round 331 of 10000: Training 5 Clients ---
Selected clients: ['92', '14', '16', '18', '0']
--- Updating central model ---
Checkpoint saved in path: checkpoints/cifar10/alpha0.5_K5_N10000_cnn_E1_clr0.01_fedopt_sgd_slr1.0_sam_rho0.1_112125_19:29:46.ckpt
--- Round 332 of 10000: Training 5 Clients ---
Selected clients: ['15', '62', '67', '7', '75']
--- Updating central model ---
Checkpoint saved in path: checkpoints/cifar10/alpha0.5_K5_N10000_cnn_E1_clr0.01_fedopt_sgd_slr1.0_sam_rho0.1_112125_19:29:46.ckpt
--- Round 333 of 10000: Training 5 Clients ---
Selected clients: ['93', '86', '69', '59', '25']
--- Updating central model ---
Checkpoint saved in path: checkpoints/cifar10/alpha0.5_K5_N10000_cnn_E1_clr0.01_fedopt_sgd_slr1.0_sam_rho0.1_112125_19:29:46.ckpt
--- Round 334 of 10000: Training 5 Clients ---
Selected clients: ['71', '92', '85', '13', '27']
--- Updating central model ---
Checkpoint saved in path: checkpoints/cifar10/alpha0.5_K5_N10000_cnn_E1_clr0.01_fedopt_sgd_slr1.0_sam_rho0.1_112125_19:29:46.ckpt
--- Round 335 of 10000: Training 5 Clients ---
Selected clients: ['62', '81', '20', '7', '29']
--- Updating central model ---
Checkpoint saved in path: checkpoints/cifar10/alpha0.5_K5_N10000_cnn_E1_clr0.01_fedopt_sgd_slr1.0_sam_rho0.1_112125_19:29:46.ckpt
--- Round 336 of 10000: Training 5 Clients ---
Selected clients: ['82', '59', '75', '63', '66']
--- Updating central model ---
Checkpoint saved in path: checkpoints/cifar10/alpha0.5_K5_N10000_cnn_E1_clr0.01_fedopt_sgd_slr1.0_sam_rho0.1_112125_19:29:46.ckpt
--- Round 337 of 10000: Training 5 Clients ---
Selected clients: ['72', '14', '6', '27', '54']
--- Updating central model ---
Checkpoint saved in path: checkpoints/cifar10/alpha0.5_K5_N10000_cnn_E1_clr0.01_fedopt_sgd_slr1.0_sam_rho0.1_112125_19:29:46.ckpt
--- Round 338 of 10000: Training 5 Clients ---
Selected clients: ['57', '0', '81', '64', '27']
--- Updating central model ---
Checkpoint saved in path: checkpoints/cifar10/alpha0.5_K5_N10000_cnn_E1_clr0.01_fedopt_sgd_slr1.0_sam_rho0.1_112125_19:29:46.ckpt
--- Round 339 of 10000: Training 5 Clients ---
Selected clients: ['88', '1', '94', '46', '17']
--- Updating central model ---
Checkpoint saved in path: checkpoints/cifar10/alpha0.5_K5_N10000_cnn_E1_clr0.01_fedopt_sgd_slr1.0_sam_rho0.1_112125_19:29:46.ckpt
--- Round 340 of 10000: Training 5 Clients ---
Selected clients: ['68', '27', '88', '14', '21']
--- Updating central model ---
Checkpoint saved in path: checkpoints/cifar10/alpha0.5_K5_N10000_cnn_E1_clr0.01_fedopt_sgd_slr1.0_sam_rho0.1_112125_19:29:46.ckpt
--- Round 341 of 10000: Training 5 Clients ---
Selected clients: ['76', '29', '48', '85', '40']
--- Updating central model ---
Checkpoint saved in path: checkpoints/cifar10/alpha0.5_K5_N10000_cnn_E1_clr0.01_fedopt_sgd_slr1.0_sam_rho0.1_112125_19:29:46.ckpt
--- Round 342 of 10000: Training 5 Clients ---
Selected clients: ['52', '37', '48', '61', '99']
--- Updating central model ---
Checkpoint saved in path: checkpoints/cifar10/alpha0.5_K5_N10000_cnn_E1_clr0.01_fedopt_sgd_slr1.0_sam_rho0.1_112125_19:29:46.ckpt
--- Round 343 of 10000: Training 5 Clients ---
Selected clients: ['34', '76', '37', '72', '78']
--- Updating central model ---
Checkpoint saved in path: checkpoints/cifar10/alpha0.5_K5_N10000_cnn_E1_clr0.01_fedopt_sgd_slr1.0_sam_rho0.1_112125_19:29:46.ckpt
--- Round 344 of 10000: Training 5 Clients ---
Selected clients: ['55', '26', '83', '71', '45']
--- Updating central model ---
Checkpoint saved in path: checkpoints/cifar10/alpha0.5_K5_N10000_cnn_E1_clr0.01_fedopt_sgd_slr1.0_sam_rho0.1_112125_19:29:46.ckpt
--- Round 345 of 10000: Training 5 Clients ---
Selected clients: ['90', '25', '68', '66', '83']
--- Updating central model ---
Checkpoint saved in path: checkpoints/cifar10/alpha0.5_K5_N10000_cnn_E1_clr0.01_fedopt_sgd_slr1.0_sam_rho0.1_112125_19:29:46.ckpt
--- Round 346 of 10000: Training 5 Clients ---
Selected clients: ['14', '0', '60', '78', '44']
--- Updating central model ---
Checkpoint saved in path: checkpoints/cifar10/alpha0.5_K5_N10000_cnn_E1_clr0.01_fedopt_sgd_slr1.0_sam_rho0.1_112125_19:29:46.ckpt
--- Round 347 of 10000: Training 5 Clients ---
Selected clients: ['69', '84', '75', '48', '57']
--- Updating central model ---
Checkpoint saved in path: checkpoints/cifar10/alpha0.5_K5_N10000_cnn_E1_clr0.01_fedopt_sgd_slr1.0_sam_rho0.1_112125_19:29:46.ckpt
--- Round 348 of 10000: Training 5 Clients ---
Selected clients: ['68', '45', '62', '41', '58']
--- Updating central model ---
Checkpoint saved in path: checkpoints/cifar10/alpha0.5_K5_N10000_cnn_E1_clr0.01_fedopt_sgd_slr1.0_sam_rho0.1_112125_19:29:46.ckpt