Alpha: alpha_0.50
Using device: NVIDIA A100-SXM4-80GB
############################## cifar10.cnn ##############################
Running experiment with server servers.fedopt_server and client clients.sam_client
Verify client and server: <class 'clients.sam_client.SAMClient'> <class 'servers.fedopt_server.FedOptServer'>
Running influence estimation:   0%|          | 0/20 [00:00<?, ?it/s]wandb: WARNING `resume` will be ignored since W&B syncing is set to `offline`. Starting a new run with run id jow1vax4.
wandb: Tracking run with wandb version 0.23.0
wandb: W&B syncing is set to `offline` in this directory. Run `wandb online` or set WANDB_MODE=online to enable cloud syncing.
wandb: Run data is saved locally in /home/mlr570t1/FedSAM_mem_inf-main/models/wandb/offline-run-20251121_192855-jow1vax4
Server optimizer: sgd with lr 1.0 and momentum 0
Start round: 0
Clients in Total: 100 training clients and 1 test clients
--- Random Initialization ---
--- Round 1 of 10000: Training 5 Clients ---
Selected clients: ['12', '4', '62', '19', '85']
--- Updating central model ---
Checkpoint saved in path: checkpoints/cifar10/alpha0.5_K5_N10000_cnn_E1_clr0.01_fedopt_sgd_slr1.0_sam_rho0.1_112125_19:29:45.ckpt
--- Round 2 of 10000: Training 5 Clients ---
Selected clients: ['56', '7', '47', '58', '42']
--- Updating central model ---
Checkpoint saved in path: checkpoints/cifar10/alpha0.5_K5_N10000_cnn_E1_clr0.01_fedopt_sgd_slr1.0_sam_rho0.1_112125_19:29:45.ckpt
--- Round 3 of 10000: Training 5 Clients ---
Selected clients: ['23', '54', '24', '79', '94']
--- Updating central model ---
Checkpoint saved in path: checkpoints/cifar10/alpha0.5_K5_N10000_cnn_E1_clr0.01_fedopt_sgd_slr1.0_sam_rho0.1_112125_19:29:45.ckpt
--- Round 4 of 10000: Training 5 Clients ---
Selected clients: ['32', '0', '23', '78', '70']
--- Updating central model ---
Checkpoint saved in path: checkpoints/cifar10/alpha0.5_K5_N10000_cnn_E1_clr0.01_fedopt_sgd_slr1.0_sam_rho0.1_112125_19:29:45.ckpt
--- Round 5 of 10000: Training 5 Clients ---
Selected clients: ['72', '75', '71', '60', '51']
--- Updating central model ---
Checkpoint saved in path: checkpoints/cifar10/alpha0.5_K5_N10000_cnn_E1_clr0.01_fedopt_sgd_slr1.0_sam_rho0.1_112125_19:29:45.ckpt
--- Round 6 of 10000: Training 5 Clients ---
Selected clients: ['91', '25', '86', '2', '72']
--- Updating central model ---
Checkpoint saved in path: checkpoints/cifar10/alpha0.5_K5_N10000_cnn_E1_clr0.01_fedopt_sgd_slr1.0_sam_rho0.1_112125_19:29:45.ckpt
--- Round 7 of 10000: Training 5 Clients ---
Selected clients: ['17', '92', '53', '54', '60']
--- Updating central model ---
Checkpoint saved in path: checkpoints/cifar10/alpha0.5_K5_N10000_cnn_E1_clr0.01_fedopt_sgd_slr1.0_sam_rho0.1_112125_19:29:45.ckpt
--- Round 8 of 10000: Training 5 Clients ---
Selected clients: ['29', '75', '82', '45', '33']
--- Updating central model ---
Checkpoint saved in path: checkpoints/cifar10/alpha0.5_K5_N10000_cnn_E1_clr0.01_fedopt_sgd_slr1.0_sam_rho0.1_112125_19:29:45.ckpt
--- Round 9 of 10000: Training 5 Clients ---
Selected clients: ['20', '30', '68', '26', '56']
--- Updating central model ---
Checkpoint saved in path: checkpoints/cifar10/alpha0.5_K5_N10000_cnn_E1_clr0.01_fedopt_sgd_slr1.0_sam_rho0.1_112125_19:29:45.ckpt
--- Round 10 of 10000: Training 5 Clients ---
Selected clients: ['16', '69', '74', '4', '13']
--- Updating central model ---
Checkpoint saved in path: checkpoints/cifar10/alpha0.5_K5_N10000_cnn_E1_clr0.01_fedopt_sgd_slr1.0_sam_rho0.1_112125_19:29:45.ckpt
--- Round 11 of 10000: Training 5 Clients ---
Selected clients: ['72', '29', '92', '0', '40']
--- Updating central model ---
Checkpoint saved in path: checkpoints/cifar10/alpha0.5_K5_N10000_cnn_E1_clr0.01_fedopt_sgd_slr1.0_sam_rho0.1_112125_19:29:45.ckpt
--- Round 12 of 10000: Training 5 Clients ---
Selected clients: ['18', '66', '84', '3', '56']
--- Updating central model ---
Checkpoint saved in path: checkpoints/cifar10/alpha0.5_K5_N10000_cnn_E1_clr0.01_fedopt_sgd_slr1.0_sam_rho0.1_112125_19:29:45.ckpt
--- Round 13 of 10000: Training 5 Clients ---
Selected clients: ['93', '79', '81', '82', '69']
--- Updating central model ---
Checkpoint saved in path: checkpoints/cifar10/alpha0.5_K5_N10000_cnn_E1_clr0.01_fedopt_sgd_slr1.0_sam_rho0.1_112125_19:29:45.ckpt
--- Round 14 of 10000: Training 5 Clients ---
Selected clients: ['85', '62', '28', '61', '87']
--- Updating central model ---
Checkpoint saved in path: checkpoints/cifar10/alpha0.5_K5_N10000_cnn_E1_clr0.01_fedopt_sgd_slr1.0_sam_rho0.1_112125_19:29:45.ckpt
--- Round 15 of 10000: Training 5 Clients ---
Selected clients: ['78', '94', '69', '98', '46']
--- Updating central model ---
Checkpoint saved in path: checkpoints/cifar10/alpha0.5_K5_N10000_cnn_E1_clr0.01_fedopt_sgd_slr1.0_sam_rho0.1_112125_19:29:45.ckpt
--- Round 16 of 10000: Training 5 Clients ---
Selected clients: ['88', '86', '0', '11', '30']
--- Updating central model ---
Checkpoint saved in path: checkpoints/cifar10/alpha0.5_K5_N10000_cnn_E1_clr0.01_fedopt_sgd_slr1.0_sam_rho0.1_112125_19:29:45.ckpt
--- Round 17 of 10000: Training 5 Clients ---
Selected clients: ['87', '60', '75', '17', '13']
--- Updating central model ---
Checkpoint saved in path: checkpoints/cifar10/alpha0.5_K5_N10000_cnn_E1_clr0.01_fedopt_sgd_slr1.0_sam_rho0.1_112125_19:29:45.ckpt
--- Round 18 of 10000: Training 5 Clients ---
Selected clients: ['77', '99', '2', '24', '18']
--- Updating central model ---
Checkpoint saved in path: checkpoints/cifar10/alpha0.5_K5_N10000_cnn_E1_clr0.01_fedopt_sgd_slr1.0_sam_rho0.1_112125_19:29:45.ckpt
--- Round 19 of 10000: Training 5 Clients ---
Selected clients: ['50', '54', '92', '64', '74']
--- Updating central model ---
Checkpoint saved in path: checkpoints/cifar10/alpha0.5_K5_N10000_cnn_E1_clr0.01_fedopt_sgd_slr1.0_sam_rho0.1_112125_19:29:45.ckpt
--- Round 20 of 10000: Training 5 Clients ---
Selected clients: ['0', '52', '40', '70', '86']
--- Updating central model ---
Checkpoint saved in path: checkpoints/cifar10/alpha0.5_K5_N10000_cnn_E1_clr0.01_fedopt_sgd_slr1.0_sam_rho0.1_112125_19:29:45.ckpt
--- Round 21 of 10000: Training 5 Clients ---
Selected clients: ['46', '52', '98', '21', '30']
--- Updating central model ---
Checkpoint saved in path: checkpoints/cifar10/alpha0.5_K5_N10000_cnn_E1_clr0.01_fedopt_sgd_slr1.0_sam_rho0.1_112125_19:29:45.ckpt
--- Round 22 of 10000: Training 5 Clients ---
Selected clients: ['29', '57', '43', '52', '34']
--- Updating central model ---
Checkpoint saved in path: checkpoints/cifar10/alpha0.5_K5_N10000_cnn_E1_clr0.01_fedopt_sgd_slr1.0_sam_rho0.1_112125_19:29:45.ckpt
--- Round 23 of 10000: Training 5 Clients ---
Selected clients: ['30', '84', '39', '64', '13']
--- Updating central model ---
Checkpoint saved in path: checkpoints/cifar10/alpha0.5_K5_N10000_cnn_E1_clr0.01_fedopt_sgd_slr1.0_sam_rho0.1_112125_19:29:45.ckpt
--- Round 24 of 10000: Training 5 Clients ---
Selected clients: ['12', '58', '4', '14', '48']
--- Updating central model ---
Checkpoint saved in path: checkpoints/cifar10/alpha0.5_K5_N10000_cnn_E1_clr0.01_fedopt_sgd_slr1.0_sam_rho0.1_112125_19:29:45.ckpt
--- Round 25 of 10000: Training 5 Clients ---
Selected clients: ['4', '29', '44', '92', '15']
--- Updating central model ---
Checkpoint saved in path: checkpoints/cifar10/alpha0.5_K5_N10000_cnn_E1_clr0.01_fedopt_sgd_slr1.0_sam_rho0.1_112125_19:29:45.ckpt
--- Round 26 of 10000: Training 5 Clients ---
Selected clients: ['99', '64', '43', '33', '48']
--- Updating central model ---
Checkpoint saved in path: checkpoints/cifar10/alpha0.5_K5_N10000_cnn_E1_clr0.01_fedopt_sgd_slr1.0_sam_rho0.1_112125_19:29:45.ckpt
--- Round 27 of 10000: Training 5 Clients ---
Selected clients: ['62', '56', '66', '17', '20']
--- Updating central model ---
Checkpoint saved in path: checkpoints/cifar10/alpha0.5_K5_N10000_cnn_E1_clr0.01_fedopt_sgd_slr1.0_sam_rho0.1_112125_19:29:45.ckpt
--- Round 28 of 10000: Training 5 Clients ---
Selected clients: ['25', '51', '89', '88', '11']
--- Updating central model ---
Checkpoint saved in path: checkpoints/cifar10/alpha0.5_K5_N10000_cnn_E1_clr0.01_fedopt_sgd_slr1.0_sam_rho0.1_112125_19:29:45.ckpt
--- Round 29 of 10000: Training 5 Clients ---
Selected clients: ['41', '59', '95', '38', '70']
--- Updating central model ---
Checkpoint saved in path: checkpoints/cifar10/alpha0.5_K5_N10000_cnn_E1_clr0.01_fedopt_sgd_slr1.0_sam_rho0.1_112125_19:29:45.ckpt
--- Round 30 of 10000: Training 5 Clients ---
Selected clients: ['43', '98', '3', '79', '40']
--- Updating central model ---
Checkpoint saved in path: checkpoints/cifar10/alpha0.5_K5_N10000_cnn_E1_clr0.01_fedopt_sgd_slr1.0_sam_rho0.1_112125_19:29:45.ckpt
--- Round 31 of 10000: Training 5 Clients ---
Selected clients: ['90', '24', '23', '88', '20']
--- Updating central model ---
Checkpoint saved in path: checkpoints/cifar10/alpha0.5_K5_N10000_cnn_E1_clr0.01_fedopt_sgd_slr1.0_sam_rho0.1_112125_19:29:45.ckpt
--- Round 32 of 10000: Training 5 Clients ---
Selected clients: ['16', '51', '76', '12', '61']
--- Updating central model ---
Checkpoint saved in path: checkpoints/cifar10/alpha0.5_K5_N10000_cnn_E1_clr0.01_fedopt_sgd_slr1.0_sam_rho0.1_112125_19:29:45.ckpt
--- Round 33 of 10000: Training 5 Clients ---
Selected clients: ['64', '87', '23', '33', '57']
--- Updating central model ---
Checkpoint saved in path: checkpoints/cifar10/alpha0.5_K5_N10000_cnn_E1_clr0.01_fedopt_sgd_slr1.0_sam_rho0.1_112125_19:29:45.ckpt
--- Round 34 of 10000: Training 5 Clients ---
Selected clients: ['65', '39', '38', '51', '3']
--- Updating central model ---
Checkpoint saved in path: checkpoints/cifar10/alpha0.5_K5_N10000_cnn_E1_clr0.01_fedopt_sgd_slr1.0_sam_rho0.1_112125_19:29:45.ckpt
--- Round 35 of 10000: Training 5 Clients ---
Selected clients: ['7', '45', '86', '38', '4']
--- Updating central model ---
Checkpoint saved in path: checkpoints/cifar10/alpha0.5_K5_N10000_cnn_E1_clr0.01_fedopt_sgd_slr1.0_sam_rho0.1_112125_19:29:45.ckpt
--- Round 36 of 10000: Training 5 Clients ---
Selected clients: ['32', '28', '57', '71', '2']
--- Updating central model ---
Checkpoint saved in path: checkpoints/cifar10/alpha0.5_K5_N10000_cnn_E1_clr0.01_fedopt_sgd_slr1.0_sam_rho0.1_112125_19:29:45.ckpt
--- Round 37 of 10000: Training 5 Clients ---
Selected clients: ['23', '87', '84', '46', '16']
--- Updating central model ---
Checkpoint saved in path: checkpoints/cifar10/alpha0.5_K5_N10000_cnn_E1_clr0.01_fedopt_sgd_slr1.0_sam_rho0.1_112125_19:29:45.ckpt
--- Round 38 of 10000: Training 5 Clients ---
Selected clients: ['29', '18', '6', '52', '3']
--- Updating central model ---
Checkpoint saved in path: checkpoints/cifar10/alpha0.5_K5_N10000_cnn_E1_clr0.01_fedopt_sgd_slr1.0_sam_rho0.1_112125_19:29:45.ckpt
--- Round 39 of 10000: Training 5 Clients ---
Selected clients: ['66', '86', '33', '78', '19']
--- Updating central model ---
Checkpoint saved in path: checkpoints/cifar10/alpha0.5_K5_N10000_cnn_E1_clr0.01_fedopt_sgd_slr1.0_sam_rho0.1_112125_19:29:45.ckpt
--- Round 40 of 10000: Training 5 Clients ---
Selected clients: ['24', '1', '27', '46', '99']
--- Updating central model ---
Checkpoint saved in path: checkpoints/cifar10/alpha0.5_K5_N10000_cnn_E1_clr0.01_fedopt_sgd_slr1.0_sam_rho0.1_112125_19:29:45.ckpt
--- Round 41 of 10000: Training 5 Clients ---
Selected clients: ['49', '32', '35', '92', '69']
--- Updating central model ---
Checkpoint saved in path: checkpoints/cifar10/alpha0.5_K5_N10000_cnn_E1_clr0.01_fedopt_sgd_slr1.0_sam_rho0.1_112125_19:29:45.ckpt
--- Round 42 of 10000: Training 5 Clients ---
Selected clients: ['76', '88', '93', '49', '12']
--- Updating central model ---
Checkpoint saved in path: checkpoints/cifar10/alpha0.5_K5_N10000_cnn_E1_clr0.01_fedopt_sgd_slr1.0_sam_rho0.1_112125_19:29:45.ckpt
--- Round 43 of 10000: Training 5 Clients ---
Selected clients: ['81', '6', '20', '38', '4']
--- Updating central model ---
Checkpoint saved in path: checkpoints/cifar10/alpha0.5_K5_N10000_cnn_E1_clr0.01_fedopt_sgd_slr1.0_sam_rho0.1_112125_19:29:45.ckpt
--- Round 44 of 10000: Training 5 Clients ---
Selected clients: ['93', '69', '9', '58', '84']
--- Updating central model ---
Checkpoint saved in path: checkpoints/cifar10/alpha0.5_K5_N10000_cnn_E1_clr0.01_fedopt_sgd_slr1.0_sam_rho0.1_112125_19:29:45.ckpt
--- Round 45 of 10000: Training 5 Clients ---
Selected clients: ['45', '64', '47', '87', '54']
--- Updating central model ---
Checkpoint saved in path: checkpoints/cifar10/alpha0.5_K5_N10000_cnn_E1_clr0.01_fedopt_sgd_slr1.0_sam_rho0.1_112125_19:29:45.ckpt
--- Round 46 of 10000: Training 5 Clients ---
Selected clients: ['24', '97', '65', '81', '90']
--- Updating central model ---
Checkpoint saved in path: checkpoints/cifar10/alpha0.5_K5_N10000_cnn_E1_clr0.01_fedopt_sgd_slr1.0_sam_rho0.1_112125_19:29:45.ckpt
--- Round 47 of 10000: Training 5 Clients ---
Selected clients: ['68', '95', '2', '81', '15']
--- Updating central model ---
Checkpoint saved in path: checkpoints/cifar10/alpha0.5_K5_N10000_cnn_E1_clr0.01_fedopt_sgd_slr1.0_sam_rho0.1_112125_19:29:45.ckpt
--- Round 48 of 10000: Training 5 Clients ---
Selected clients: ['46', '60', '74', '21', '66']
--- Updating central model ---
Checkpoint saved in path: checkpoints/cifar10/alpha0.5_K5_N10000_cnn_E1_clr0.01_fedopt_sgd_slr1.0_sam_rho0.1_112125_19:29:45.ckpt
--- Round 49 of 10000: Training 5 Clients ---
Selected clients: ['90', '53', '96', '0', '69']
--- Updating central model ---
Checkpoint saved in path: checkpoints/cifar10/alpha0.5_K5_N10000_cnn_E1_clr0.01_fedopt_sgd_slr1.0_sam_rho0.1_112125_19:29:45.ckpt
--- Round 50 of 10000: Training 5 Clients ---
Selected clients: ['7', '83', '25', '1', '57']
--- Updating central model ---
Checkpoint saved in path: checkpoints/cifar10/alpha0.5_K5_N10000_cnn_E1_clr0.01_fedopt_sgd_slr1.0_sam_rho0.1_112125_19:29:45.ckpt
--- Round 51 of 10000: Training 5 Clients ---
Selected clients: ['49', '72', '78', '46', '54']
--- Updating central model ---
Checkpoint saved in path: checkpoints/cifar10/alpha0.5_K5_N10000_cnn_E1_clr0.01_fedopt_sgd_slr1.0_sam_rho0.1_112125_19:29:45.ckpt
--- Round 52 of 10000: Training 5 Clients ---
Selected clients: ['14', '16', '77', '75', '8']
--- Updating central model ---
Checkpoint saved in path: checkpoints/cifar10/alpha0.5_K5_N10000_cnn_E1_clr0.01_fedopt_sgd_slr1.0_sam_rho0.1_112125_19:29:45.ckpt
--- Round 53 of 10000: Training 5 Clients ---
Selected clients: ['4', '76', '13', '52', '28']
--- Updating central model ---
Checkpoint saved in path: checkpoints/cifar10/alpha0.5_K5_N10000_cnn_E1_clr0.01_fedopt_sgd_slr1.0_sam_rho0.1_112125_19:29:45.ckpt
--- Round 54 of 10000: Training 5 Clients ---
Selected clients: ['90', '69', '97', '22', '23']
--- Updating central model ---
Checkpoint saved in path: checkpoints/cifar10/alpha0.5_K5_N10000_cnn_E1_clr0.01_fedopt_sgd_slr1.0_sam_rho0.1_112125_19:29:45.ckpt
--- Round 55 of 10000: Training 5 Clients ---
Selected clients: ['1', '31', '25', '6', '93']
--- Updating central model ---
Checkpoint saved in path: checkpoints/cifar10/alpha0.5_K5_N10000_cnn_E1_clr0.01_fedopt_sgd_slr1.0_sam_rho0.1_112125_19:29:45.ckpt
--- Round 56 of 10000: Training 5 Clients ---
Selected clients: ['55', '98', '27', '24', '38']
--- Updating central model ---
Checkpoint saved in path: checkpoints/cifar10/alpha0.5_K5_N10000_cnn_E1_clr0.01_fedopt_sgd_slr1.0_sam_rho0.1_112125_19:29:45.ckpt
--- Round 57 of 10000: Training 5 Clients ---
Selected clients: ['51', '88', '23', '61', '43']
--- Updating central model ---
Checkpoint saved in path: checkpoints/cifar10/alpha0.5_K5_N10000_cnn_E1_clr0.01_fedopt_sgd_slr1.0_sam_rho0.1_112125_19:29:45.ckpt
--- Round 58 of 10000: Training 5 Clients ---
Selected clients: ['86', '9', '62', '15', '89']
--- Updating central model ---
Checkpoint saved in path: checkpoints/cifar10/alpha0.5_K5_N10000_cnn_E1_clr0.01_fedopt_sgd_slr1.0_sam_rho0.1_112125_19:29:45.ckpt
--- Round 59 of 10000: Training 5 Clients ---
Selected clients: ['61', '83', '65', '91', '81']
--- Updating central model ---
Checkpoint saved in path: checkpoints/cifar10/alpha0.5_K5_N10000_cnn_E1_clr0.01_fedopt_sgd_slr1.0_sam_rho0.1_112125_19:29:45.ckpt
--- Round 60 of 10000: Training 5 Clients ---
Selected clients: ['55', '18', '41', '87', '2']
--- Updating central model ---
Checkpoint saved in path: checkpoints/cifar10/alpha0.5_K5_N10000_cnn_E1_clr0.01_fedopt_sgd_slr1.0_sam_rho0.1_112125_19:29:45.ckpt
--- Round 61 of 10000: Training 5 Clients ---
Selected clients: ['91', '77', '33', '92', '42']
--- Updating central model ---
Checkpoint saved in path: checkpoints/cifar10/alpha0.5_K5_N10000_cnn_E1_clr0.01_fedopt_sgd_slr1.0_sam_rho0.1_112125_19:29:45.ckpt
--- Round 62 of 10000: Training 5 Clients ---
Selected clients: ['51', '57', '21', '31', '95']
--- Updating central model ---
Checkpoint saved in path: checkpoints/cifar10/alpha0.5_K5_N10000_cnn_E1_clr0.01_fedopt_sgd_slr1.0_sam_rho0.1_112125_19:29:45.ckpt
--- Round 63 of 10000: Training 5 Clients ---
Selected clients: ['45', '89', '0', '8', '15']
--- Updating central model ---
Checkpoint saved in path: checkpoints/cifar10/alpha0.5_K5_N10000_cnn_E1_clr0.01_fedopt_sgd_slr1.0_sam_rho0.1_112125_19:29:45.ckpt
--- Round 64 of 10000: Training 5 Clients ---
Selected clients: ['2', '66', '51', '89', '29']
--- Updating central model ---
Checkpoint saved in path: checkpoints/cifar10/alpha0.5_K5_N10000_cnn_E1_clr0.01_fedopt_sgd_slr1.0_sam_rho0.1_112125_19:29:45.ckpt
--- Round 65 of 10000: Training 5 Clients ---
Selected clients: ['75', '96', '31', '6', '15']
--- Updating central model ---
Checkpoint saved in path: checkpoints/cifar10/alpha0.5_K5_N10000_cnn_E1_clr0.01_fedopt_sgd_slr1.0_sam_rho0.1_112125_19:29:45.ckpt
--- Round 66 of 10000: Training 5 Clients ---
Selected clients: ['28', '17', '67', '98', '35']
--- Updating central model ---
Checkpoint saved in path: checkpoints/cifar10/alpha0.5_K5_N10000_cnn_E1_clr0.01_fedopt_sgd_slr1.0_sam_rho0.1_112125_19:29:45.ckpt
--- Round 67 of 10000: Training 5 Clients ---
Selected clients: ['76', '1', '63', '94', '26']
--- Updating central model ---
Checkpoint saved in path: checkpoints/cifar10/alpha0.5_K5_N10000_cnn_E1_clr0.01_fedopt_sgd_slr1.0_sam_rho0.1_112125_19:29:45.ckpt
--- Round 68 of 10000: Training 5 Clients ---
Selected clients: ['74', '98', '49', '58', '54']
--- Updating central model ---
Checkpoint saved in path: checkpoints/cifar10/alpha0.5_K5_N10000_cnn_E1_clr0.01_fedopt_sgd_slr1.0_sam_rho0.1_112125_19:29:45.ckpt
--- Round 69 of 10000: Training 5 Clients ---
Selected clients: ['10', '97', '71', '56', '68']
--- Updating central model ---
Checkpoint saved in path: checkpoints/cifar10/alpha0.5_K5_N10000_cnn_E1_clr0.01_fedopt_sgd_slr1.0_sam_rho0.1_112125_19:29:45.ckpt
--- Round 70 of 10000: Training 5 Clients ---
Selected clients: ['44', '42', '70', '57', '39']
--- Updating central model ---
Checkpoint saved in path: checkpoints/cifar10/alpha0.5_K5_N10000_cnn_E1_clr0.01_fedopt_sgd_slr1.0_sam_rho0.1_112125_19:29:45.ckpt
--- Round 71 of 10000: Training 5 Clients ---
Selected clients: ['17', '40', '28', '6', '79']
--- Updating central model ---
Checkpoint saved in path: checkpoints/cifar10/alpha0.5_K5_N10000_cnn_E1_clr0.01_fedopt_sgd_slr1.0_sam_rho0.1_112125_19:29:45.ckpt
--- Round 72 of 10000: Training 5 Clients ---
Selected clients: ['23', '89', '30', '63', '3']
--- Updating central model ---
Checkpoint saved in path: checkpoints/cifar10/alpha0.5_K5_N10000_cnn_E1_clr0.01_fedopt_sgd_slr1.0_sam_rho0.1_112125_19:29:45.ckpt
--- Round 73 of 10000: Training 5 Clients ---
Selected clients: ['38', '79', '93', '5', '11']
--- Updating central model ---
Checkpoint saved in path: checkpoints/cifar10/alpha0.5_K5_N10000_cnn_E1_clr0.01_fedopt_sgd_slr1.0_sam_rho0.1_112125_19:29:45.ckpt
--- Round 74 of 10000: Training 5 Clients ---
Selected clients: ['17', '58', '4', '49', '64']
--- Updating central model ---
Checkpoint saved in path: checkpoints/cifar10/alpha0.5_K5_N10000_cnn_E1_clr0.01_fedopt_sgd_slr1.0_sam_rho0.1_112125_19:29:45.ckpt
--- Round 75 of 10000: Training 5 Clients ---
Selected clients: ['69', '89', '74', '40', '13']
--- Updating central model ---
Checkpoint saved in path: checkpoints/cifar10/alpha0.5_K5_N10000_cnn_E1_clr0.01_fedopt_sgd_slr1.0_sam_rho0.1_112125_19:29:45.ckpt
--- Round 76 of 10000: Training 5 Clients ---
Selected clients: ['88', '98', '75', '6', '9']
--- Updating central model ---
Checkpoint saved in path: checkpoints/cifar10/alpha0.5_K5_N10000_cnn_E1_clr0.01_fedopt_sgd_slr1.0_sam_rho0.1_112125_19:29:45.ckpt
--- Round 77 of 10000: Training 5 Clients ---
Selected clients: ['28', '49', '99', '57', '13']
--- Updating central model ---
Checkpoint saved in path: checkpoints/cifar10/alpha0.5_K5_N10000_cnn_E1_clr0.01_fedopt_sgd_slr1.0_sam_rho0.1_112125_19:29:45.ckpt
--- Round 78 of 10000: Training 5 Clients ---
Selected clients: ['89', '61', '14', '70', '97']
--- Updating central model ---
Checkpoint saved in path: checkpoints/cifar10/alpha0.5_K5_N10000_cnn_E1_clr0.01_fedopt_sgd_slr1.0_sam_rho0.1_112125_19:29:45.ckpt
--- Round 79 of 10000: Training 5 Clients ---
Selected clients: ['1', '77', '89', '48', '85']
--- Updating central model ---
Checkpoint saved in path: checkpoints/cifar10/alpha0.5_K5_N10000_cnn_E1_clr0.01_fedopt_sgd_slr1.0_sam_rho0.1_112125_19:29:45.ckpt
--- Round 80 of 10000: Training 5 Clients ---
Selected clients: ['90', '94', '47', '93', '7']
--- Updating central model ---
Checkpoint saved in path: checkpoints/cifar10/alpha0.5_K5_N10000_cnn_E1_clr0.01_fedopt_sgd_slr1.0_sam_rho0.1_112125_19:29:45.ckpt
--- Round 81 of 10000: Training 5 Clients ---
Selected clients: ['76', '37', '32', '90', '31']
--- Updating central model ---
Checkpoint saved in path: checkpoints/cifar10/alpha0.5_K5_N10000_cnn_E1_clr0.01_fedopt_sgd_slr1.0_sam_rho0.1_112125_19:29:45.ckpt
--- Round 82 of 10000: Training 5 Clients ---
Selected clients: ['57', '10', '18', '48', '65']
--- Updating central model ---
Checkpoint saved in path: checkpoints/cifar10/alpha0.5_K5_N10000_cnn_E1_clr0.01_fedopt_sgd_slr1.0_sam_rho0.1_112125_19:29:45.ckpt
--- Round 83 of 10000: Training 5 Clients ---
Selected clients: ['33', '35', '11', '45', '46']
--- Updating central model ---
Checkpoint saved in path: checkpoints/cifar10/alpha0.5_K5_N10000_cnn_E1_clr0.01_fedopt_sgd_slr1.0_sam_rho0.1_112125_19:29:45.ckpt
--- Round 84 of 10000: Training 5 Clients ---
Selected clients: ['45', '71', '7', '68', '70']
--- Updating central model ---
Checkpoint saved in path: checkpoints/cifar10/alpha0.5_K5_N10000_cnn_E1_clr0.01_fedopt_sgd_slr1.0_sam_rho0.1_112125_19:29:45.ckpt
--- Round 85 of 10000: Training 5 Clients ---
Selected clients: ['70', '34', '27', '31', '87']
--- Updating central model ---
Checkpoint saved in path: checkpoints/cifar10/alpha0.5_K5_N10000_cnn_E1_clr0.01_fedopt_sgd_slr1.0_sam_rho0.1_112125_19:29:45.ckpt
--- Round 86 of 10000: Training 5 Clients ---
Selected clients: ['7', '14', '47', '60', '44']
--- Updating central model ---
Checkpoint saved in path: checkpoints/cifar10/alpha0.5_K5_N10000_cnn_E1_clr0.01_fedopt_sgd_slr1.0_sam_rho0.1_112125_19:29:45.ckpt
--- Round 87 of 10000: Training 5 Clients ---
Selected clients: ['76', '9', '59', '72', '25']
--- Updating central model ---
Checkpoint saved in path: checkpoints/cifar10/alpha0.5_K5_N10000_cnn_E1_clr0.01_fedopt_sgd_slr1.0_sam_rho0.1_112125_19:29:45.ckpt
--- Round 88 of 10000: Training 5 Clients ---
Selected clients: ['27', '11', '74', '66', '19']
--- Updating central model ---
Checkpoint saved in path: checkpoints/cifar10/alpha0.5_K5_N10000_cnn_E1_clr0.01_fedopt_sgd_slr1.0_sam_rho0.1_112125_19:29:45.ckpt
--- Round 89 of 10000: Training 5 Clients ---
Selected clients: ['8', '25', '27', '67', '63']
--- Updating central model ---
Checkpoint saved in path: checkpoints/cifar10/alpha0.5_K5_N10000_cnn_E1_clr0.01_fedopt_sgd_slr1.0_sam_rho0.1_112125_19:29:45.ckpt
--- Round 90 of 10000: Training 5 Clients ---
Selected clients: ['13', '24', '74', '51', '88']
--- Updating central model ---
Checkpoint saved in path: checkpoints/cifar10/alpha0.5_K5_N10000_cnn_E1_clr0.01_fedopt_sgd_slr1.0_sam_rho0.1_112125_19:29:45.ckpt
--- Round 91 of 10000: Training 5 Clients ---
Selected clients: ['58', '92', '44', '89', '13']
--- Updating central model ---
Checkpoint saved in path: checkpoints/cifar10/alpha0.5_K5_N10000_cnn_E1_clr0.01_fedopt_sgd_slr1.0_sam_rho0.1_112125_19:29:45.ckpt
--- Round 92 of 10000: Training 5 Clients ---
Selected clients: ['76', '29', '71', '28', '37']
--- Updating central model ---
Checkpoint saved in path: checkpoints/cifar10/alpha0.5_K5_N10000_cnn_E1_clr0.01_fedopt_sgd_slr1.0_sam_rho0.1_112125_19:29:45.ckpt
--- Round 93 of 10000: Training 5 Clients ---
Selected clients: ['30', '67', '89', '57', '28']
--- Updating central model ---
Checkpoint saved in path: checkpoints/cifar10/alpha0.5_K5_N10000_cnn_E1_clr0.01_fedopt_sgd_slr1.0_sam_rho0.1_112125_19:29:45.ckpt
--- Round 94 of 10000: Training 5 Clients ---
Selected clients: ['34', '38', '29', '19', '70']
--- Updating central model ---
Checkpoint saved in path: checkpoints/cifar10/alpha0.5_K5_N10000_cnn_E1_clr0.01_fedopt_sgd_slr1.0_sam_rho0.1_112125_19:29:45.ckpt
--- Round 95 of 10000: Training 5 Clients ---
Selected clients: ['93', '7', '12', '59', '43']
--- Updating central model ---
Checkpoint saved in path: checkpoints/cifar10/alpha0.5_K5_N10000_cnn_E1_clr0.01_fedopt_sgd_slr1.0_sam_rho0.1_112125_19:29:45.ckpt
--- Round 96 of 10000: Training 5 Clients ---
Selected clients: ['34', '40', '89', '94', '17']
--- Updating central model ---
Checkpoint saved in path: checkpoints/cifar10/alpha0.5_K5_N10000_cnn_E1_clr0.01_fedopt_sgd_slr1.0_sam_rho0.1_112125_19:29:45.ckpt
--- Round 97 of 10000: Training 5 Clients ---
Selected clients: ['76', '95', '13', '84', '63']
--- Updating central model ---
Checkpoint saved in path: checkpoints/cifar10/alpha0.5_K5_N10000_cnn_E1_clr0.01_fedopt_sgd_slr1.0_sam_rho0.1_112125_19:29:45.ckpt
--- Round 98 of 10000: Training 5 Clients ---
Selected clients: ['91', '69', '1', '75', '6']
--- Updating central model ---
Checkpoint saved in path: checkpoints/cifar10/alpha0.5_K5_N10000_cnn_E1_clr0.01_fedopt_sgd_slr1.0_sam_rho0.1_112125_19:29:45.ckpt
--- Round 99 of 10000: Training 5 Clients ---
Selected clients: ['47', '67', '77', '27', '55']
--- Updating central model ---
Checkpoint saved in path: checkpoints/cifar10/alpha0.5_K5_N10000_cnn_E1_clr0.01_fedopt_sgd_slr1.0_sam_rho0.1_112125_19:29:45.ckpt
--- Round 100 of 10000: Training 5 Clients ---
Selected clients: ['13', '93', '0', '8', '48']
--- Updating central model ---
train_accuracy: 10.3171, 10th percentile: 0.297894, 50th percentile: 3.57403, 90th percentile 27.5886
train_loss: 2.30078, 10th percentile: 2.27423, 50th percentile: 2.3006, 90th percentile 2.33272
test_accuracy: 10.3, 10th percentile: 10.3, 50th percentile: 10.3, 90th percentile 10.3
test_loss: 2.3007, 10th percentile: 2.3007, 50th percentile: 2.3007, 90th percentile 2.3007
Checkpoint saved in path: checkpoints/cifar10/alpha0.5_K5_N10000_cnn_E1_clr0.01_fedopt_sgd_slr1.0_sam_rho0.1_112125_19:29:45.ckpt
--- Round 101 of 10000: Training 5 Clients ---
Selected clients: ['87', '5', '16', '82', '0']
--- Updating central model ---
Checkpoint saved in path: checkpoints/cifar10/alpha0.5_K5_N10000_cnn_E1_clr0.01_fedopt_sgd_slr1.0_sam_rho0.1_112125_19:29:45.ckpt
--- Round 102 of 10000: Training 5 Clients ---
Selected clients: ['51', '89', '47', '38', '63']
--- Updating central model ---
Checkpoint saved in path: checkpoints/cifar10/alpha0.5_K5_N10000_cnn_E1_clr0.01_fedopt_sgd_slr1.0_sam_rho0.1_112125_19:29:45.ckpt
--- Round 103 of 10000: Training 5 Clients ---
Selected clients: ['33', '69', '15', '63', '84']
--- Updating central model ---
Checkpoint saved in path: checkpoints/cifar10/alpha0.5_K5_N10000_cnn_E1_clr0.01_fedopt_sgd_slr1.0_sam_rho0.1_112125_19:29:45.ckpt
--- Round 104 of 10000: Training 5 Clients ---
Selected clients: ['0', '55', '47', '1', '28']
--- Updating central model ---
Checkpoint saved in path: checkpoints/cifar10/alpha0.5_K5_N10000_cnn_E1_clr0.01_fedopt_sgd_slr1.0_sam_rho0.1_112125_19:29:45.ckpt
--- Round 105 of 10000: Training 5 Clients ---
Selected clients: ['70', '41', '59', '55', '25']
--- Updating central model ---
Checkpoint saved in path: checkpoints/cifar10/alpha0.5_K5_N10000_cnn_E1_clr0.01_fedopt_sgd_slr1.0_sam_rho0.1_112125_19:29:45.ckpt
--- Round 106 of 10000: Training 5 Clients ---
Selected clients: ['3', '33', '21', '6', '67']
--- Updating central model ---
Checkpoint saved in path: checkpoints/cifar10/alpha0.5_K5_N10000_cnn_E1_clr0.01_fedopt_sgd_slr1.0_sam_rho0.1_112125_19:29:45.ckpt
--- Round 107 of 10000: Training 5 Clients ---
Selected clients: ['32', '54', '84', '70', '71']
--- Updating central model ---
Checkpoint saved in path: checkpoints/cifar10/alpha0.5_K5_N10000_cnn_E1_clr0.01_fedopt_sgd_slr1.0_sam_rho0.1_112125_19:29:45.ckpt
--- Round 108 of 10000: Training 5 Clients ---
Selected clients: ['19', '41', '18', '5', '52']
--- Updating central model ---
Checkpoint saved in path: checkpoints/cifar10/alpha0.5_K5_N10000_cnn_E1_clr0.01_fedopt_sgd_slr1.0_sam_rho0.1_112125_19:29:45.ckpt
--- Round 109 of 10000: Training 5 Clients ---
Selected clients: ['46', '56', '84', '10', '96']
--- Updating central model ---
Checkpoint saved in path: checkpoints/cifar10/alpha0.5_K5_N10000_cnn_E1_clr0.01_fedopt_sgd_slr1.0_sam_rho0.1_112125_19:29:45.ckpt
--- Round 110 of 10000: Training 5 Clients ---
Selected clients: ['89', '93', '23', '24', '70']
--- Updating central model ---
Checkpoint saved in path: checkpoints/cifar10/alpha0.5_K5_N10000_cnn_E1_clr0.01_fedopt_sgd_slr1.0_sam_rho0.1_112125_19:29:45.ckpt
--- Round 111 of 10000: Training 5 Clients ---
Selected clients: ['73', '39', '72', '9', '29']
--- Updating central model ---
Checkpoint saved in path: checkpoints/cifar10/alpha0.5_K5_N10000_cnn_E1_clr0.01_fedopt_sgd_slr1.0_sam_rho0.1_112125_19:29:45.ckpt
--- Round 112 of 10000: Training 5 Clients ---
Selected clients: ['84', '52', '21', '90', '58']
--- Updating central model ---
Checkpoint saved in path: checkpoints/cifar10/alpha0.5_K5_N10000_cnn_E1_clr0.01_fedopt_sgd_slr1.0_sam_rho0.1_112125_19:29:45.ckpt
--- Round 113 of 10000: Training 5 Clients ---
Selected clients: ['52', '37', '19', '6', '99']
--- Updating central model ---
Checkpoint saved in path: checkpoints/cifar10/alpha0.5_K5_N10000_cnn_E1_clr0.01_fedopt_sgd_slr1.0_sam_rho0.1_112125_19:29:45.ckpt
--- Round 114 of 10000: Training 5 Clients ---
Selected clients: ['54', '93', '97', '95', '34']
--- Updating central model ---
Checkpoint saved in path: checkpoints/cifar10/alpha0.5_K5_N10000_cnn_E1_clr0.01_fedopt_sgd_slr1.0_sam_rho0.1_112125_19:29:45.ckpt
--- Round 115 of 10000: Training 5 Clients ---
Selected clients: ['45', '95', '86', '61', '58']
--- Updating central model ---
Checkpoint saved in path: checkpoints/cifar10/alpha0.5_K5_N10000_cnn_E1_clr0.01_fedopt_sgd_slr1.0_sam_rho0.1_112125_19:29:45.ckpt
--- Round 116 of 10000: Training 5 Clients ---
Selected clients: ['20', '8', '36', '96', '55']
--- Updating central model ---
Checkpoint saved in path: checkpoints/cifar10/alpha0.5_K5_N10000_cnn_E1_clr0.01_fedopt_sgd_slr1.0_sam_rho0.1_112125_19:29:45.ckpt
--- Round 117 of 10000: Training 5 Clients ---
Selected clients: ['56', '22', '18', '49', '71']
--- Updating central model ---
Checkpoint saved in path: checkpoints/cifar10/alpha0.5_K5_N10000_cnn_E1_clr0.01_fedopt_sgd_slr1.0_sam_rho0.1_112125_19:29:45.ckpt
--- Round 118 of 10000: Training 5 Clients ---
Selected clients: ['10', '25', '8', '41', '89']
--- Updating central model ---
Checkpoint saved in path: checkpoints/cifar10/alpha0.5_K5_N10000_cnn_E1_clr0.01_fedopt_sgd_slr1.0_sam_rho0.1_112125_19:29:45.ckpt
--- Round 119 of 10000: Training 5 Clients ---
Selected clients: ['13', '25', '19', '97', '34']
--- Updating central model ---
Checkpoint saved in path: checkpoints/cifar10/alpha0.5_K5_N10000_cnn_E1_clr0.01_fedopt_sgd_slr1.0_sam_rho0.1_112125_19:29:45.ckpt
--- Round 120 of 10000: Training 5 Clients ---
Selected clients: ['75', '14', '53', '81', '25']
--- Updating central model ---
Checkpoint saved in path: checkpoints/cifar10/alpha0.5_K5_N10000_cnn_E1_clr0.01_fedopt_sgd_slr1.0_sam_rho0.1_112125_19:29:45.ckpt
--- Round 121 of 10000: Training 5 Clients ---
Selected clients: ['84', '9', '89', '79', '65']
--- Updating central model ---
Checkpoint saved in path: checkpoints/cifar10/alpha0.5_K5_N10000_cnn_E1_clr0.01_fedopt_sgd_slr1.0_sam_rho0.1_112125_19:29:45.ckpt
--- Round 122 of 10000: Training 5 Clients ---
Selected clients: ['19', '97', '16', '55', '89']
--- Updating central model ---
Checkpoint saved in path: checkpoints/cifar10/alpha0.5_K5_N10000_cnn_E1_clr0.01_fedopt_sgd_slr1.0_sam_rho0.1_112125_19:29:45.ckpt
--- Round 123 of 10000: Training 5 Clients ---
Selected clients: ['54', '68', '96', '66', '40']
--- Updating central model ---
Checkpoint saved in path: checkpoints/cifar10/alpha0.5_K5_N10000_cnn_E1_clr0.01_fedopt_sgd_slr1.0_sam_rho0.1_112125_19:29:45.ckpt
--- Round 124 of 10000: Training 5 Clients ---
Selected clients: ['74', '10', '57', '11', '54']
--- Updating central model ---
Checkpoint saved in path: checkpoints/cifar10/alpha0.5_K5_N10000_cnn_E1_clr0.01_fedopt_sgd_slr1.0_sam_rho0.1_112125_19:29:45.ckpt
--- Round 125 of 10000: Training 5 Clients ---
Selected clients: ['86', '23', '75', '74', '96']
--- Updating central model ---
Checkpoint saved in path: checkpoints/cifar10/alpha0.5_K5_N10000_cnn_E1_clr0.01_fedopt_sgd_slr1.0_sam_rho0.1_112125_19:29:45.ckpt
--- Round 126 of 10000: Training 5 Clients ---
Selected clients: ['54', '79', '34', '94', '82']
--- Updating central model ---
Checkpoint saved in path: checkpoints/cifar10/alpha0.5_K5_N10000_cnn_E1_clr0.01_fedopt_sgd_slr1.0_sam_rho0.1_112125_19:29:45.ckpt
--- Round 127 of 10000: Training 5 Clients ---
Selected clients: ['42', '44', '5', '55', '34']
--- Updating central model ---
Checkpoint saved in path: checkpoints/cifar10/alpha0.5_K5_N10000_cnn_E1_clr0.01_fedopt_sgd_slr1.0_sam_rho0.1_112125_19:29:45.ckpt
--- Round 128 of 10000: Training 5 Clients ---
Selected clients: ['45', '56', '69', '25', '17']
--- Updating central model ---
Checkpoint saved in path: checkpoints/cifar10/alpha0.5_K5_N10000_cnn_E1_clr0.01_fedopt_sgd_slr1.0_sam_rho0.1_112125_19:29:45.ckpt
--- Round 129 of 10000: Training 5 Clients ---
Selected clients: ['30', '69', '51', '7', '64']
--- Updating central model ---
Checkpoint saved in path: checkpoints/cifar10/alpha0.5_K5_N10000_cnn_E1_clr0.01_fedopt_sgd_slr1.0_sam_rho0.1_112125_19:29:45.ckpt
--- Round 130 of 10000: Training 5 Clients ---
Selected clients: ['72', '14', '86', '18', '58']
--- Updating central model ---
Checkpoint saved in path: checkpoints/cifar10/alpha0.5_K5_N10000_cnn_E1_clr0.01_fedopt_sgd_slr1.0_sam_rho0.1_112125_19:29:45.ckpt
--- Round 131 of 10000: Training 5 Clients ---
Selected clients: ['80', '99', '73', '14', '34']
--- Updating central model ---
Checkpoint saved in path: checkpoints/cifar10/alpha0.5_K5_N10000_cnn_E1_clr0.01_fedopt_sgd_slr1.0_sam_rho0.1_112125_19:29:45.ckpt
--- Round 132 of 10000: Training 5 Clients ---
Selected clients: ['51', '53', '21', '7', '34']
--- Updating central model ---
Checkpoint saved in path: checkpoints/cifar10/alpha0.5_K5_N10000_cnn_E1_clr0.01_fedopt_sgd_slr1.0_sam_rho0.1_112125_19:29:45.ckpt
--- Round 133 of 10000: Training 5 Clients ---
Selected clients: ['34', '53', '5', '62', '10']
--- Updating central model ---
Checkpoint saved in path: checkpoints/cifar10/alpha0.5_K5_N10000_cnn_E1_clr0.01_fedopt_sgd_slr1.0_sam_rho0.1_112125_19:29:45.ckpt
--- Round 134 of 10000: Training 5 Clients ---
Selected clients: ['61', '55', '30', '84', '17']
--- Updating central model ---
Checkpoint saved in path: checkpoints/cifar10/alpha0.5_K5_N10000_cnn_E1_clr0.01_fedopt_sgd_slr1.0_sam_rho0.1_112125_19:29:45.ckpt
--- Round 135 of 10000: Training 5 Clients ---
Selected clients: ['73', '77', '79', '1', '97']
--- Updating central model ---
Checkpoint saved in path: checkpoints/cifar10/alpha0.5_K5_N10000_cnn_E1_clr0.01_fedopt_sgd_slr1.0_sam_rho0.1_112125_19:29:45.ckpt
--- Round 136 of 10000: Training 5 Clients ---
Selected clients: ['6', '18', '19', '83', '55']
--- Updating central model ---
Checkpoint saved in path: checkpoints/cifar10/alpha0.5_K5_N10000_cnn_E1_clr0.01_fedopt_sgd_slr1.0_sam_rho0.1_112125_19:29:45.ckpt
--- Round 137 of 10000: Training 5 Clients ---
Selected clients: ['64', '91', '63', '57', '80']
--- Updating central model ---
Checkpoint saved in path: checkpoints/cifar10/alpha0.5_K5_N10000_cnn_E1_clr0.01_fedopt_sgd_slr1.0_sam_rho0.1_112125_19:29:45.ckpt
--- Round 138 of 10000: Training 5 Clients ---
Selected clients: ['19', '5', '84', '44', '93']
--- Updating central model ---
Checkpoint saved in path: checkpoints/cifar10/alpha0.5_K5_N10000_cnn_E1_clr0.01_fedopt_sgd_slr1.0_sam_rho0.1_112125_19:29:45.ckpt
--- Round 139 of 10000: Training 5 Clients ---
Selected clients: ['48', '91', '63', '12', '82']
--- Updating central model ---
Checkpoint saved in path: checkpoints/cifar10/alpha0.5_K5_N10000_cnn_E1_clr0.01_fedopt_sgd_slr1.0_sam_rho0.1_112125_19:29:45.ckpt
--- Round 140 of 10000: Training 5 Clients ---
Selected clients: ['56', '51', '88', '6', '30']
--- Updating central model ---
Checkpoint saved in path: checkpoints/cifar10/alpha0.5_K5_N10000_cnn_E1_clr0.01_fedopt_sgd_slr1.0_sam_rho0.1_112125_19:29:45.ckpt
--- Round 141 of 10000: Training 5 Clients ---
Selected clients: ['96', '75', '13', '83', '89']
--- Updating central model ---
Checkpoint saved in path: checkpoints/cifar10/alpha0.5_K5_N10000_cnn_E1_clr0.01_fedopt_sgd_slr1.0_sam_rho0.1_112125_19:29:45.ckpt
--- Round 142 of 10000: Training 5 Clients ---
Selected clients: ['50', '65', '75', '94', '54']
--- Updating central model ---
Checkpoint saved in path: checkpoints/cifar10/alpha0.5_K5_N10000_cnn_E1_clr0.01_fedopt_sgd_slr1.0_sam_rho0.1_112125_19:29:45.ckpt
--- Round 143 of 10000: Training 5 Clients ---
Selected clients: ['91', '64', '27', '67', '73']
--- Updating central model ---
Checkpoint saved in path: checkpoints/cifar10/alpha0.5_K5_N10000_cnn_E1_clr0.01_fedopt_sgd_slr1.0_sam_rho0.1_112125_19:29:45.ckpt
--- Round 144 of 10000: Training 5 Clients ---
Selected clients: ['64', '9', '54', '68', '80']
--- Updating central model ---
Checkpoint saved in path: checkpoints/cifar10/alpha0.5_K5_N10000_cnn_E1_clr0.01_fedopt_sgd_slr1.0_sam_rho0.1_112125_19:29:45.ckpt
--- Round 145 of 10000: Training 5 Clients ---
Selected clients: ['75', '61', '45', '94', '99']
--- Updating central model ---
Checkpoint saved in path: checkpoints/cifar10/alpha0.5_K5_N10000_cnn_E1_clr0.01_fedopt_sgd_slr1.0_sam_rho0.1_112125_19:29:45.ckpt
--- Round 146 of 10000: Training 5 Clients ---
Selected clients: ['97', '25', '21', '86', '72']
--- Updating central model ---
Checkpoint saved in path: checkpoints/cifar10/alpha0.5_K5_N10000_cnn_E1_clr0.01_fedopt_sgd_slr1.0_sam_rho0.1_112125_19:29:45.ckpt
--- Round 147 of 10000: Training 5 Clients ---
Selected clients: ['50', '69', '55', '38', '30']
--- Updating central model ---
Checkpoint saved in path: checkpoints/cifar10/alpha0.5_K5_N10000_cnn_E1_clr0.01_fedopt_sgd_slr1.0_sam_rho0.1_112125_19:29:45.ckpt
--- Round 148 of 10000: Training 5 Clients ---
Selected clients: ['47', '79', '76', '70', '31']
--- Updating central model ---
Checkpoint saved in path: checkpoints/cifar10/alpha0.5_K5_N10000_cnn_E1_clr0.01_fedopt_sgd_slr1.0_sam_rho0.1_112125_19:29:45.ckpt
--- Round 149 of 10000: Training 5 Clients ---
Selected clients: ['41', '68', '10', '96', '32']
--- Updating central model ---
Checkpoint saved in path: checkpoints/cifar10/alpha0.5_K5_N10000_cnn_E1_clr0.01_fedopt_sgd_slr1.0_sam_rho0.1_112125_19:29:45.ckpt
--- Round 150 of 10000: Training 5 Clients ---
Selected clients: ['90', '22', '14', '32', '95']
--- Updating central model ---
Checkpoint saved in path: checkpoints/cifar10/alpha0.5_K5_N10000_cnn_E1_clr0.01_fedopt_sgd_slr1.0_sam_rho0.1_112125_19:29:45.ckpt
--- Round 151 of 10000: Training 5 Clients ---
Selected clients: ['9', '78', '86', '74', '76']
--- Updating central model ---
Checkpoint saved in path: checkpoints/cifar10/alpha0.5_K5_N10000_cnn_E1_clr0.01_fedopt_sgd_slr1.0_sam_rho0.1_112125_19:29:45.ckpt
--- Round 152 of 10000: Training 5 Clients ---
Selected clients: ['35', '37', '67', '30', '97']
--- Updating central model ---
Checkpoint saved in path: checkpoints/cifar10/alpha0.5_K5_N10000_cnn_E1_clr0.01_fedopt_sgd_slr1.0_sam_rho0.1_112125_19:29:45.ckpt
--- Round 153 of 10000: Training 5 Clients ---
Selected clients: ['58', '12', '15', '46', '38']
--- Updating central model ---
Checkpoint saved in path: checkpoints/cifar10/alpha0.5_K5_N10000_cnn_E1_clr0.01_fedopt_sgd_slr1.0_sam_rho0.1_112125_19:29:45.ckpt
--- Round 154 of 10000: Training 5 Clients ---
Selected clients: ['79', '46', '44', '13', '32']
--- Updating central model ---
Checkpoint saved in path: checkpoints/cifar10/alpha0.5_K5_N10000_cnn_E1_clr0.01_fedopt_sgd_slr1.0_sam_rho0.1_112125_19:29:45.ckpt
--- Round 155 of 10000: Training 5 Clients ---
Selected clients: ['39', '95', '1', '16', '42']
--- Updating central model ---
Checkpoint saved in path: checkpoints/cifar10/alpha0.5_K5_N10000_cnn_E1_clr0.01_fedopt_sgd_slr1.0_sam_rho0.1_112125_19:29:45.ckpt
--- Round 156 of 10000: Training 5 Clients ---
Selected clients: ['28', '66', '47', '89', '11']
--- Updating central model ---
Checkpoint saved in path: checkpoints/cifar10/alpha0.5_K5_N10000_cnn_E1_clr0.01_fedopt_sgd_slr1.0_sam_rho0.1_112125_19:29:45.ckpt
--- Round 157 of 10000: Training 5 Clients ---
Selected clients: ['91', '42', '74', '61', '23']
--- Updating central model ---
Checkpoint saved in path: checkpoints/cifar10/alpha0.5_K5_N10000_cnn_E1_clr0.01_fedopt_sgd_slr1.0_sam_rho0.1_112125_19:29:45.ckpt
--- Round 158 of 10000: Training 5 Clients ---
Selected clients: ['85', '95', '66', '21', '87']
--- Updating central model ---
Checkpoint saved in path: checkpoints/cifar10/alpha0.5_K5_N10000_cnn_E1_clr0.01_fedopt_sgd_slr1.0_sam_rho0.1_112125_19:29:45.ckpt
--- Round 159 of 10000: Training 5 Clients ---
Selected clients: ['82', '20', '12', '64', '30']
--- Updating central model ---
Checkpoint saved in path: checkpoints/cifar10/alpha0.5_K5_N10000_cnn_E1_clr0.01_fedopt_sgd_slr1.0_sam_rho0.1_112125_19:29:45.ckpt
--- Round 160 of 10000: Training 5 Clients ---
Selected clients: ['96', '72', '98', '71', '64']
--- Updating central model ---
Checkpoint saved in path: checkpoints/cifar10/alpha0.5_K5_N10000_cnn_E1_clr0.01_fedopt_sgd_slr1.0_sam_rho0.1_112125_19:29:45.ckpt
--- Round 161 of 10000: Training 5 Clients ---
Selected clients: ['33', '90', '59', '45', '29']
--- Updating central model ---
Checkpoint saved in path: checkpoints/cifar10/alpha0.5_K5_N10000_cnn_E1_clr0.01_fedopt_sgd_slr1.0_sam_rho0.1_112125_19:29:45.ckpt
--- Round 162 of 10000: Training 5 Clients ---
Selected clients: ['35', '21', '67', '48', '80']
--- Updating central model ---
Checkpoint saved in path: checkpoints/cifar10/alpha0.5_K5_N10000_cnn_E1_clr0.01_fedopt_sgd_slr1.0_sam_rho0.1_112125_19:29:45.ckpt
--- Round 163 of 10000: Training 5 Clients ---
Selected clients: ['14', '48', '68', '83', '25']
--- Updating central model ---
Checkpoint saved in path: checkpoints/cifar10/alpha0.5_K5_N10000_cnn_E1_clr0.01_fedopt_sgd_slr1.0_sam_rho0.1_112125_19:29:45.ckpt
--- Round 164 of 10000: Training 5 Clients ---
Selected clients: ['1', '10', '4', '68', '23']
--- Updating central model ---
Checkpoint saved in path: checkpoints/cifar10/alpha0.5_K5_N10000_cnn_E1_clr0.01_fedopt_sgd_slr1.0_sam_rho0.1_112125_19:29:45.ckpt
--- Round 165 of 10000: Training 5 Clients ---
Selected clients: ['84', '68', '38', '93', '26']
--- Updating central model ---
Checkpoint saved in path: checkpoints/cifar10/alpha0.5_K5_N10000_cnn_E1_clr0.01_fedopt_sgd_slr1.0_sam_rho0.1_112125_19:29:45.ckpt
--- Round 166 of 10000: Training 5 Clients ---
Selected clients: ['2', '77', '62', '91', '71']
--- Updating central model ---
Checkpoint saved in path: checkpoints/cifar10/alpha0.5_K5_N10000_cnn_E1_clr0.01_fedopt_sgd_slr1.0_sam_rho0.1_112125_19:29:45.ckpt
--- Round 167 of 10000: Training 5 Clients ---
Selected clients: ['31', '98', '45', '4', '79']
--- Updating central model ---
Checkpoint saved in path: checkpoints/cifar10/alpha0.5_K5_N10000_cnn_E1_clr0.01_fedopt_sgd_slr1.0_sam_rho0.1_112125_19:29:45.ckpt
--- Round 168 of 10000: Training 5 Clients ---
Selected clients: ['61', '45', '18', '92', '23']
--- Updating central model ---
Checkpoint saved in path: checkpoints/cifar10/alpha0.5_K5_N10000_cnn_E1_clr0.01_fedopt_sgd_slr1.0_sam_rho0.1_112125_19:29:45.ckpt
--- Round 169 of 10000: Training 5 Clients ---
Selected clients: ['13', '87', '32', '73', '80']
--- Updating central model ---
Checkpoint saved in path: checkpoints/cifar10/alpha0.5_K5_N10000_cnn_E1_clr0.01_fedopt_sgd_slr1.0_sam_rho0.1_112125_19:29:45.ckpt
--- Round 170 of 10000: Training 5 Clients ---
Selected clients: ['96', '30', '35', '97', '65']
--- Updating central model ---
Checkpoint saved in path: checkpoints/cifar10/alpha0.5_K5_N10000_cnn_E1_clr0.01_fedopt_sgd_slr1.0_sam_rho0.1_112125_19:29:45.ckpt
--- Round 171 of 10000: Training 5 Clients ---
Selected clients: ['28', '15', '45', '57', '13']
--- Updating central model ---
Checkpoint saved in path: checkpoints/cifar10/alpha0.5_K5_N10000_cnn_E1_clr0.01_fedopt_sgd_slr1.0_sam_rho0.1_112125_19:29:45.ckpt
--- Round 172 of 10000: Training 5 Clients ---
Selected clients: ['56', '63', '60', '85', '48']
--- Updating central model ---
Checkpoint saved in path: checkpoints/cifar10/alpha0.5_K5_N10000_cnn_E1_clr0.01_fedopt_sgd_slr1.0_sam_rho0.1_112125_19:29:45.ckpt
--- Round 173 of 10000: Training 5 Clients ---
Selected clients: ['28', '95', '61', '71', '90']
--- Updating central model ---
Checkpoint saved in path: checkpoints/cifar10/alpha0.5_K5_N10000_cnn_E1_clr0.01_fedopt_sgd_slr1.0_sam_rho0.1_112125_19:29:45.ckpt
--- Round 174 of 10000: Training 5 Clients ---
Selected clients: ['88', '34', '33', '83', '60']
--- Updating central model ---
Checkpoint saved in path: checkpoints/cifar10/alpha0.5_K5_N10000_cnn_E1_clr0.01_fedopt_sgd_slr1.0_sam_rho0.1_112125_19:29:45.ckpt
--- Round 175 of 10000: Training 5 Clients ---
Selected clients: ['69', '75', '79', '80', '46']
--- Updating central model ---
Checkpoint saved in path: checkpoints/cifar10/alpha0.5_K5_N10000_cnn_E1_clr0.01_fedopt_sgd_slr1.0_sam_rho0.1_112125_19:29:45.ckpt
--- Round 176 of 10000: Training 5 Clients ---
Selected clients: ['81', '98', '62', '84', '13']
--- Updating central model ---
Checkpoint saved in path: checkpoints/cifar10/alpha0.5_K5_N10000_cnn_E1_clr0.01_fedopt_sgd_slr1.0_sam_rho0.1_112125_19:29:45.ckpt
--- Round 177 of 10000: Training 5 Clients ---
Selected clients: ['10', '65', '87', '15', '67']
--- Updating central model ---
Checkpoint saved in path: checkpoints/cifar10/alpha0.5_K5_N10000_cnn_E1_clr0.01_fedopt_sgd_slr1.0_sam_rho0.1_112125_19:29:45.ckpt
--- Round 178 of 10000: Training 5 Clients ---
Selected clients: ['39', '7', '92', '28', '24']
--- Updating central model ---
Checkpoint saved in path: checkpoints/cifar10/alpha0.5_K5_N10000_cnn_E1_clr0.01_fedopt_sgd_slr1.0_sam_rho0.1_112125_19:29:45.ckpt
--- Round 179 of 10000: Training 5 Clients ---
Selected clients: ['12', '15', '7', '2', '98']
--- Updating central model ---
Checkpoint saved in path: checkpoints/cifar10/alpha0.5_K5_N10000_cnn_E1_clr0.01_fedopt_sgd_slr1.0_sam_rho0.1_112125_19:29:45.ckpt
--- Round 180 of 10000: Training 5 Clients ---
Selected clients: ['5', '42', '45', '37', '32']
--- Updating central model ---
Checkpoint saved in path: checkpoints/cifar10/alpha0.5_K5_N10000_cnn_E1_clr0.01_fedopt_sgd_slr1.0_sam_rho0.1_112125_19:29:45.ckpt
--- Round 181 of 10000: Training 5 Clients ---
Selected clients: ['47', '4', '22', '8', '75']
--- Updating central model ---
Checkpoint saved in path: checkpoints/cifar10/alpha0.5_K5_N10000_cnn_E1_clr0.01_fedopt_sgd_slr1.0_sam_rho0.1_112125_19:29:45.ckpt
--- Round 182 of 10000: Training 5 Clients ---
Selected clients: ['61', '63', '81', '93', '73']
--- Updating central model ---
Checkpoint saved in path: checkpoints/cifar10/alpha0.5_K5_N10000_cnn_E1_clr0.01_fedopt_sgd_slr1.0_sam_rho0.1_112125_19:29:45.ckpt
--- Round 183 of 10000: Training 5 Clients ---
Selected clients: ['82', '52', '38', '87', '10']
--- Updating central model ---
Checkpoint saved in path: checkpoints/cifar10/alpha0.5_K5_N10000_cnn_E1_clr0.01_fedopt_sgd_slr1.0_sam_rho0.1_112125_19:29:45.ckpt
--- Round 184 of 10000: Training 5 Clients ---
Selected clients: ['42', '71', '45', '56', '72']
--- Updating central model ---
Checkpoint saved in path: checkpoints/cifar10/alpha0.5_K5_N10000_cnn_E1_clr0.01_fedopt_sgd_slr1.0_sam_rho0.1_112125_19:29:45.ckpt
--- Round 185 of 10000: Training 5 Clients ---
Selected clients: ['2', '76', '49', '80', '19']
--- Updating central model ---
Checkpoint saved in path: checkpoints/cifar10/alpha0.5_K5_N10000_cnn_E1_clr0.01_fedopt_sgd_slr1.0_sam_rho0.1_112125_19:29:45.ckpt
--- Round 186 of 10000: Training 5 Clients ---
Selected clients: ['42', '29', '76', '87', '1']
--- Updating central model ---
Checkpoint saved in path: checkpoints/cifar10/alpha0.5_K5_N10000_cnn_E1_clr0.01_fedopt_sgd_slr1.0_sam_rho0.1_112125_19:29:45.ckpt
--- Round 187 of 10000: Training 5 Clients ---
Selected clients: ['86', '16', '72', '14', '75']
--- Updating central model ---
Checkpoint saved in path: checkpoints/cifar10/alpha0.5_K5_N10000_cnn_E1_clr0.01_fedopt_sgd_slr1.0_sam_rho0.1_112125_19:29:45.ckpt
--- Round 188 of 10000: Training 5 Clients ---
Selected clients: ['47', '60', '63', '85', '36']
--- Updating central model ---
Checkpoint saved in path: checkpoints/cifar10/alpha0.5_K5_N10000_cnn_E1_clr0.01_fedopt_sgd_slr1.0_sam_rho0.1_112125_19:29:45.ckpt
--- Round 189 of 10000: Training 5 Clients ---
Selected clients: ['90', '75', '94', '16', '69']
--- Updating central model ---
Checkpoint saved in path: checkpoints/cifar10/alpha0.5_K5_N10000_cnn_E1_clr0.01_fedopt_sgd_slr1.0_sam_rho0.1_112125_19:29:45.ckpt
--- Round 190 of 10000: Training 5 Clients ---
Selected clients: ['90', '89', '42', '52', '18']
--- Updating central model ---
Checkpoint saved in path: checkpoints/cifar10/alpha0.5_K5_N10000_cnn_E1_clr0.01_fedopt_sgd_slr1.0_sam_rho0.1_112125_19:29:45.ckpt
--- Round 191 of 10000: Training 5 Clients ---
Selected clients: ['12', '20', '2', '61', '42']
--- Updating central model ---
Checkpoint saved in path: checkpoints/cifar10/alpha0.5_K5_N10000_cnn_E1_clr0.01_fedopt_sgd_slr1.0_sam_rho0.1_112125_19:29:45.ckpt
--- Round 192 of 10000: Training 5 Clients ---
Selected clients: ['0', '34', '86', '70', '72']
--- Updating central model ---
Checkpoint saved in path: checkpoints/cifar10/alpha0.5_K5_N10000_cnn_E1_clr0.01_fedopt_sgd_slr1.0_sam_rho0.1_112125_19:29:45.ckpt
--- Round 193 of 10000: Training 5 Clients ---
Selected clients: ['9', '89', '55', '66', '52']
--- Updating central model ---
Checkpoint saved in path: checkpoints/cifar10/alpha0.5_K5_N10000_cnn_E1_clr0.01_fedopt_sgd_slr1.0_sam_rho0.1_112125_19:29:45.ckpt
--- Round 194 of 10000: Training 5 Clients ---
Selected clients: ['68', '65', '4', '36', '29']
--- Updating central model ---
Checkpoint saved in path: checkpoints/cifar10/alpha0.5_K5_N10000_cnn_E1_clr0.01_fedopt_sgd_slr1.0_sam_rho0.1_112125_19:29:45.ckpt
--- Round 195 of 10000: Training 5 Clients ---
Selected clients: ['4', '64', '94', '26', '3']
--- Updating central model ---
Checkpoint saved in path: checkpoints/cifar10/alpha0.5_K5_N10000_cnn_E1_clr0.01_fedopt_sgd_slr1.0_sam_rho0.1_112125_19:29:45.ckpt
--- Round 196 of 10000: Training 5 Clients ---
Selected clients: ['35', '33', '46', '31', '57']
--- Updating central model ---
Checkpoint saved in path: checkpoints/cifar10/alpha0.5_K5_N10000_cnn_E1_clr0.01_fedopt_sgd_slr1.0_sam_rho0.1_112125_19:29:45.ckpt
--- Round 197 of 10000: Training 5 Clients ---
Selected clients: ['72', '56', '76', '60', '50']
--- Updating central model ---
Checkpoint saved in path: checkpoints/cifar10/alpha0.5_K5_N10000_cnn_E1_clr0.01_fedopt_sgd_slr1.0_sam_rho0.1_112125_19:29:45.ckpt
--- Round 198 of 10000: Training 5 Clients ---
Selected clients: ['8', '3', '83', '55', '48']
--- Updating central model ---
Checkpoint saved in path: checkpoints/cifar10/alpha0.5_K5_N10000_cnn_E1_clr0.01_fedopt_sgd_slr1.0_sam_rho0.1_112125_19:29:45.ckpt
--- Round 199 of 10000: Training 5 Clients ---
Selected clients: ['63', '33', '92', '39', '69']
--- Updating central model ---
Checkpoint saved in path: checkpoints/cifar10/alpha0.5_K5_N10000_cnn_E1_clr0.01_fedopt_sgd_slr1.0_sam_rho0.1_112125_19:29:45.ckpt
--- Round 200 of 10000: Training 5 Clients ---
Selected clients: ['26', '24', '22', '20', '62']
--- Updating central model ---
train_accuracy: 12.4714, 10th percentile: 1.5905, 50th percentile: 8.92027, 90th percentile 23.8407
train_loss: 2.28913, 10th percentile: 2.26565, 50th percentile: 2.29252, 90th percentile 2.31687
test_accuracy: 12.35, 10th percentile: 12.35, 50th percentile: 12.35, 90th percentile 12.35
test_loss: 2.28846, 10th percentile: 2.28846, 50th percentile: 2.28846, 90th percentile 2.28846
Checkpoint saved in path: checkpoints/cifar10/alpha0.5_K5_N10000_cnn_E1_clr0.01_fedopt_sgd_slr1.0_sam_rho0.1_112125_19:29:45.ckpt
--- Round 201 of 10000: Training 5 Clients ---
Selected clients: ['99', '85', '88', '47', '65']
--- Updating central model ---
Checkpoint saved in path: checkpoints/cifar10/alpha0.5_K5_N10000_cnn_E1_clr0.01_fedopt_sgd_slr1.0_sam_rho0.1_112125_19:29:45.ckpt
--- Round 202 of 10000: Training 5 Clients ---
Selected clients: ['71', '72', '55', '0', '75']
--- Updating central model ---
Checkpoint saved in path: checkpoints/cifar10/alpha0.5_K5_N10000_cnn_E1_clr0.01_fedopt_sgd_slr1.0_sam_rho0.1_112125_19:29:45.ckpt
--- Round 203 of 10000: Training 5 Clients ---
Selected clients: ['45', '52', '39', '91', '76']
--- Updating central model ---
Checkpoint saved in path: checkpoints/cifar10/alpha0.5_K5_N10000_cnn_E1_clr0.01_fedopt_sgd_slr1.0_sam_rho0.1_112125_19:29:45.ckpt
--- Round 204 of 10000: Training 5 Clients ---
Selected clients: ['70', '39', '69', '7', '83']
--- Updating central model ---
Checkpoint saved in path: checkpoints/cifar10/alpha0.5_K5_N10000_cnn_E1_clr0.01_fedopt_sgd_slr1.0_sam_rho0.1_112125_19:29:45.ckpt
--- Round 205 of 10000: Training 5 Clients ---
Selected clients: ['41', '4', '80', '51', '52']
--- Updating central model ---
Checkpoint saved in path: checkpoints/cifar10/alpha0.5_K5_N10000_cnn_E1_clr0.01_fedopt_sgd_slr1.0_sam_rho0.1_112125_19:29:45.ckpt
--- Round 206 of 10000: Training 5 Clients ---
Selected clients: ['66', '53', '18', '33', '82']
--- Updating central model ---
Checkpoint saved in path: checkpoints/cifar10/alpha0.5_K5_N10000_cnn_E1_clr0.01_fedopt_sgd_slr1.0_sam_rho0.1_112125_19:29:45.ckpt
--- Round 207 of 10000: Training 5 Clients ---
Selected clients: ['44', '85', '65', '68', '26']
--- Updating central model ---
Checkpoint saved in path: checkpoints/cifar10/alpha0.5_K5_N10000_cnn_E1_clr0.01_fedopt_sgd_slr1.0_sam_rho0.1_112125_19:29:45.ckpt
--- Round 208 of 10000: Training 5 Clients ---
Selected clients: ['78', '60', '5', '18', '46']
--- Updating central model ---
Checkpoint saved in path: checkpoints/cifar10/alpha0.5_K5_N10000_cnn_E1_clr0.01_fedopt_sgd_slr1.0_sam_rho0.1_112125_19:29:45.ckpt
--- Round 209 of 10000: Training 5 Clients ---
Selected clients: ['13', '99', '18', '57', '75']
--- Updating central model ---
Checkpoint saved in path: checkpoints/cifar10/alpha0.5_K5_N10000_cnn_E1_clr0.01_fedopt_sgd_slr1.0_sam_rho0.1_112125_19:29:45.ckpt
--- Round 210 of 10000: Training 5 Clients ---
Selected clients: ['93', '32', '1', '28', '58']
--- Updating central model ---
Checkpoint saved in path: checkpoints/cifar10/alpha0.5_K5_N10000_cnn_E1_clr0.01_fedopt_sgd_slr1.0_sam_rho0.1_112125_19:29:45.ckpt
--- Round 211 of 10000: Training 5 Clients ---
Selected clients: ['35', '1', '46', '41', '18']
--- Updating central model ---
Checkpoint saved in path: checkpoints/cifar10/alpha0.5_K5_N10000_cnn_E1_clr0.01_fedopt_sgd_slr1.0_sam_rho0.1_112125_19:29:45.ckpt
--- Round 212 of 10000: Training 5 Clients ---
Selected clients: ['4', '37', '87', '41', '60']
--- Updating central model ---
Checkpoint saved in path: checkpoints/cifar10/alpha0.5_K5_N10000_cnn_E1_clr0.01_fedopt_sgd_slr1.0_sam_rho0.1_112125_19:29:45.ckpt
--- Round 213 of 10000: Training 5 Clients ---
Selected clients: ['88', '55', '18', '29', '79']
--- Updating central model ---
Checkpoint saved in path: checkpoints/cifar10/alpha0.5_K5_N10000_cnn_E1_clr0.01_fedopt_sgd_slr1.0_sam_rho0.1_112125_19:29:45.ckpt
--- Round 214 of 10000: Training 5 Clients ---
Selected clients: ['43', '32', '45', '88', '10']
--- Updating central model ---
Checkpoint saved in path: checkpoints/cifar10/alpha0.5_K5_N10000_cnn_E1_clr0.01_fedopt_sgd_slr1.0_sam_rho0.1_112125_19:29:45.ckpt
--- Round 215 of 10000: Training 5 Clients ---
Selected clients: ['29', '83', '90', '86', '65']
--- Updating central model ---
Checkpoint saved in path: checkpoints/cifar10/alpha0.5_K5_N10000_cnn_E1_clr0.01_fedopt_sgd_slr1.0_sam_rho0.1_112125_19:29:45.ckpt
--- Round 216 of 10000: Training 5 Clients ---
Selected clients: ['67', '57', '94', '24', '87']
--- Updating central model ---
Checkpoint saved in path: checkpoints/cifar10/alpha0.5_K5_N10000_cnn_E1_clr0.01_fedopt_sgd_slr1.0_sam_rho0.1_112125_19:29:45.ckpt
--- Round 217 of 10000: Training 5 Clients ---
Selected clients: ['89', '40', '8', '26', '74']
--- Updating central model ---
Checkpoint saved in path: checkpoints/cifar10/alpha0.5_K5_N10000_cnn_E1_clr0.01_fedopt_sgd_slr1.0_sam_rho0.1_112125_19:29:45.ckpt
--- Round 218 of 10000: Training 5 Clients ---
Selected clients: ['85', '37', '33', '7', '39']
--- Updating central model ---
Checkpoint saved in path: checkpoints/cifar10/alpha0.5_K5_N10000_cnn_E1_clr0.01_fedopt_sgd_slr1.0_sam_rho0.1_112125_19:29:45.ckpt
--- Round 219 of 10000: Training 5 Clients ---
Selected clients: ['65', '10', '37', '19', '86']
--- Updating central model ---
Checkpoint saved in path: checkpoints/cifar10/alpha0.5_K5_N10000_cnn_E1_clr0.01_fedopt_sgd_slr1.0_sam_rho0.1_112125_19:29:45.ckpt
--- Round 220 of 10000: Training 5 Clients ---
Selected clients: ['89', '1', '96', '50', '42']
--- Updating central model ---
Checkpoint saved in path: checkpoints/cifar10/alpha0.5_K5_N10000_cnn_E1_clr0.01_fedopt_sgd_slr1.0_sam_rho0.1_112125_19:29:45.ckpt
--- Round 221 of 10000: Training 5 Clients ---
Selected clients: ['61', '90', '79', '33', '98']
--- Updating central model ---
Checkpoint saved in path: checkpoints/cifar10/alpha0.5_K5_N10000_cnn_E1_clr0.01_fedopt_sgd_slr1.0_sam_rho0.1_112125_19:29:45.ckpt
--- Round 222 of 10000: Training 5 Clients ---
Selected clients: ['69', '72', '38', '5', '52']
--- Updating central model ---
Checkpoint saved in path: checkpoints/cifar10/alpha0.5_K5_N10000_cnn_E1_clr0.01_fedopt_sgd_slr1.0_sam_rho0.1_112125_19:29:45.ckpt
--- Round 223 of 10000: Training 5 Clients ---
Selected clients: ['29', '33', '7', '59', '65']
--- Updating central model ---
Checkpoint saved in path: checkpoints/cifar10/alpha0.5_K5_N10000_cnn_E1_clr0.01_fedopt_sgd_slr1.0_sam_rho0.1_112125_19:29:45.ckpt
--- Round 224 of 10000: Training 5 Clients ---
Selected clients: ['14', '56', '78', '88', '7']
--- Updating central model ---
Checkpoint saved in path: checkpoints/cifar10/alpha0.5_K5_N10000_cnn_E1_clr0.01_fedopt_sgd_slr1.0_sam_rho0.1_112125_19:29:45.ckpt
--- Round 225 of 10000: Training 5 Clients ---
Selected clients: ['95', '69', '85', '44', '28']
--- Updating central model ---
Checkpoint saved in path: checkpoints/cifar10/alpha0.5_K5_N10000_cnn_E1_clr0.01_fedopt_sgd_slr1.0_sam_rho0.1_112125_19:29:45.ckpt
--- Round 226 of 10000: Training 5 Clients ---
Selected clients: ['51', '52', '98', '41', '21']
--- Updating central model ---
Checkpoint saved in path: checkpoints/cifar10/alpha0.5_K5_N10000_cnn_E1_clr0.01_fedopt_sgd_slr1.0_sam_rho0.1_112125_19:29:45.ckpt
--- Round 227 of 10000: Training 5 Clients ---
Selected clients: ['91', '98', '10', '37', '42']
--- Updating central model ---
Checkpoint saved in path: checkpoints/cifar10/alpha0.5_K5_N10000_cnn_E1_clr0.01_fedopt_sgd_slr1.0_sam_rho0.1_112125_19:29:45.ckpt
--- Round 228 of 10000: Training 5 Clients ---
Selected clients: ['47', '19', '3', '23', '90']
--- Updating central model ---
Checkpoint saved in path: checkpoints/cifar10/alpha0.5_K5_N10000_cnn_E1_clr0.01_fedopt_sgd_slr1.0_sam_rho0.1_112125_19:29:45.ckpt
--- Round 229 of 10000: Training 5 Clients ---
Selected clients: ['48', '81', '25', '89', '90']
--- Updating central model ---
Checkpoint saved in path: checkpoints/cifar10/alpha0.5_K5_N10000_cnn_E1_clr0.01_fedopt_sgd_slr1.0_sam_rho0.1_112125_19:29:45.ckpt
--- Round 230 of 10000: Training 5 Clients ---
Selected clients: ['45', '41', '84', '49', '96']
--- Updating central model ---
Checkpoint saved in path: checkpoints/cifar10/alpha0.5_K5_N10000_cnn_E1_clr0.01_fedopt_sgd_slr1.0_sam_rho0.1_112125_19:29:45.ckpt
--- Round 231 of 10000: Training 5 Clients ---
Selected clients: ['89', '16', '51', '14', '58']
--- Updating central model ---
Checkpoint saved in path: checkpoints/cifar10/alpha0.5_K5_N10000_cnn_E1_clr0.01_fedopt_sgd_slr1.0_sam_rho0.1_112125_19:29:45.ckpt
--- Round 232 of 10000: Training 5 Clients ---
Selected clients: ['73', '36', '40', '91', '17']
--- Updating central model ---
Checkpoint saved in path: checkpoints/cifar10/alpha0.5_K5_N10000_cnn_E1_clr0.01_fedopt_sgd_slr1.0_sam_rho0.1_112125_19:29:45.ckpt
--- Round 233 of 10000: Training 5 Clients ---
Selected clients: ['39', '97', '84', '77', '93']
--- Updating central model ---
Checkpoint saved in path: checkpoints/cifar10/alpha0.5_K5_N10000_cnn_E1_clr0.01_fedopt_sgd_slr1.0_sam_rho0.1_112125_19:29:45.ckpt
--- Round 234 of 10000: Training 5 Clients ---
Selected clients: ['4', '51', '87', '59', '30']
--- Updating central model ---
Checkpoint saved in path: checkpoints/cifar10/alpha0.5_K5_N10000_cnn_E1_clr0.01_fedopt_sgd_slr1.0_sam_rho0.1_112125_19:29:45.ckpt
--- Round 235 of 10000: Training 5 Clients ---
Selected clients: ['5', '99', '10', '48', '12']
--- Updating central model ---
Checkpoint saved in path: checkpoints/cifar10/alpha0.5_K5_N10000_cnn_E1_clr0.01_fedopt_sgd_slr1.0_sam_rho0.1_112125_19:29:45.ckpt
--- Round 236 of 10000: Training 5 Clients ---
Selected clients: ['96', '84', '47', '9', '16']
--- Updating central model ---
Checkpoint saved in path: checkpoints/cifar10/alpha0.5_K5_N10000_cnn_E1_clr0.01_fedopt_sgd_slr1.0_sam_rho0.1_112125_19:29:45.ckpt
--- Round 237 of 10000: Training 5 Clients ---
Selected clients: ['86', '89', '44', '9', '55']
--- Updating central model ---
Checkpoint saved in path: checkpoints/cifar10/alpha0.5_K5_N10000_cnn_E1_clr0.01_fedopt_sgd_slr1.0_sam_rho0.1_112125_19:29:45.ckpt
--- Round 238 of 10000: Training 5 Clients ---
Selected clients: ['19', '92', '75', '23', '91']
--- Updating central model ---
Checkpoint saved in path: checkpoints/cifar10/alpha0.5_K5_N10000_cnn_E1_clr0.01_fedopt_sgd_slr1.0_sam_rho0.1_112125_19:29:45.ckpt
--- Round 239 of 10000: Training 5 Clients ---
Selected clients: ['77', '70', '48', '24', '61']
--- Updating central model ---
Checkpoint saved in path: checkpoints/cifar10/alpha0.5_K5_N10000_cnn_E1_clr0.01_fedopt_sgd_slr1.0_sam_rho0.1_112125_19:29:45.ckpt
--- Round 240 of 10000: Training 5 Clients ---
Selected clients: ['62', '12', '4', '42', '58']
--- Updating central model ---
Checkpoint saved in path: checkpoints/cifar10/alpha0.5_K5_N10000_cnn_E1_clr0.01_fedopt_sgd_slr1.0_sam_rho0.1_112125_19:29:45.ckpt
--- Round 241 of 10000: Training 5 Clients ---
Selected clients: ['26', '51', '52', '2', '61']
--- Updating central model ---
Checkpoint saved in path: checkpoints/cifar10/alpha0.5_K5_N10000_cnn_E1_clr0.01_fedopt_sgd_slr1.0_sam_rho0.1_112125_19:29:45.ckpt
--- Round 242 of 10000: Training 5 Clients ---
Selected clients: ['66', '13', '81', '41', '25']
--- Updating central model ---
Checkpoint saved in path: checkpoints/cifar10/alpha0.5_K5_N10000_cnn_E1_clr0.01_fedopt_sgd_slr1.0_sam_rho0.1_112125_19:29:45.ckpt
--- Round 243 of 10000: Training 5 Clients ---
Selected clients: ['69', '98', '88', '35', '79']
--- Updating central model ---
Checkpoint saved in path: checkpoints/cifar10/alpha0.5_K5_N10000_cnn_E1_clr0.01_fedopt_sgd_slr1.0_sam_rho0.1_112125_19:29:45.ckpt
--- Round 244 of 10000: Training 5 Clients ---
Selected clients: ['48', '57', '30', '53', '66']
--- Updating central model ---
Checkpoint saved in path: checkpoints/cifar10/alpha0.5_K5_N10000_cnn_E1_clr0.01_fedopt_sgd_slr1.0_sam_rho0.1_112125_19:29:45.ckpt
--- Round 245 of 10000: Training 5 Clients ---
Selected clients: ['23', '10', '11', '42', '82']
--- Updating central model ---
Checkpoint saved in path: checkpoints/cifar10/alpha0.5_K5_N10000_cnn_E1_clr0.01_fedopt_sgd_slr1.0_sam_rho0.1_112125_19:29:45.ckpt
--- Round 246 of 10000: Training 5 Clients ---
Selected clients: ['80', '6', '74', '98', '22']
--- Updating central model ---
Checkpoint saved in path: checkpoints/cifar10/alpha0.5_K5_N10000_cnn_E1_clr0.01_fedopt_sgd_slr1.0_sam_rho0.1_112125_19:29:45.ckpt
--- Round 247 of 10000: Training 5 Clients ---
Selected clients: ['26', '96', '33', '61', '60']
--- Updating central model ---
Checkpoint saved in path: checkpoints/cifar10/alpha0.5_K5_N10000_cnn_E1_clr0.01_fedopt_sgd_slr1.0_sam_rho0.1_112125_19:29:45.ckpt
--- Round 248 of 10000: Training 5 Clients ---
Selected clients: ['48', '43', '83', '58', '45']
--- Updating central model ---
Checkpoint saved in path: checkpoints/cifar10/alpha0.5_K5_N10000_cnn_E1_clr0.01_fedopt_sgd_slr1.0_sam_rho0.1_112125_19:29:45.ckpt
--- Round 249 of 10000: Training 5 Clients ---
Selected clients: ['74', '93', '10', '97', '9']
--- Updating central model ---
Checkpoint saved in path: checkpoints/cifar10/alpha0.5_K5_N10000_cnn_E1_clr0.01_fedopt_sgd_slr1.0_sam_rho0.1_112125_19:29:45.ckpt
--- Round 250 of 10000: Training 5 Clients ---
Selected clients: ['43', '23', '70', '52', '95']
--- Updating central model ---
Checkpoint saved in path: checkpoints/cifar10/alpha0.5_K5_N10000_cnn_E1_clr0.01_fedopt_sgd_slr1.0_sam_rho0.1_112125_19:29:45.ckpt
--- Round 251 of 10000: Training 5 Clients ---
Selected clients: ['40', '59', '96', '7', '64']
--- Updating central model ---
Checkpoint saved in path: checkpoints/cifar10/alpha0.5_K5_N10000_cnn_E1_clr0.01_fedopt_sgd_slr1.0_sam_rho0.1_112125_19:29:45.ckpt
--- Round 252 of 10000: Training 5 Clients ---
Selected clients: ['4', '0', '44', '19', '96']
--- Updating central model ---
Checkpoint saved in path: checkpoints/cifar10/alpha0.5_K5_N10000_cnn_E1_clr0.01_fedopt_sgd_slr1.0_sam_rho0.1_112125_19:29:45.ckpt
--- Round 253 of 10000: Training 5 Clients ---
Selected clients: ['87', '85', '5', '73', '81']
--- Updating central model ---
Checkpoint saved in path: checkpoints/cifar10/alpha0.5_K5_N10000_cnn_E1_clr0.01_fedopt_sgd_slr1.0_sam_rho0.1_112125_19:29:45.ckpt
--- Round 254 of 10000: Training 5 Clients ---
Selected clients: ['72', '25', '51', '6', '36']
--- Updating central model ---
Checkpoint saved in path: checkpoints/cifar10/alpha0.5_K5_N10000_cnn_E1_clr0.01_fedopt_sgd_slr1.0_sam_rho0.1_112125_19:29:45.ckpt
--- Round 255 of 10000: Training 5 Clients ---
Selected clients: ['3', '46', '50', '32', '81']
--- Updating central model ---
Checkpoint saved in path: checkpoints/cifar10/alpha0.5_K5_N10000_cnn_E1_clr0.01_fedopt_sgd_slr1.0_sam_rho0.1_112125_19:29:45.ckpt
--- Round 256 of 10000: Training 5 Clients ---
Selected clients: ['89', '93', '70', '71', '78']
--- Updating central model ---
Checkpoint saved in path: checkpoints/cifar10/alpha0.5_K5_N10000_cnn_E1_clr0.01_fedopt_sgd_slr1.0_sam_rho0.1_112125_19:29:45.ckpt
--- Round 257 of 10000: Training 5 Clients ---
Selected clients: ['75', '58', '31', '69', '15']
--- Updating central model ---
Checkpoint saved in path: checkpoints/cifar10/alpha0.5_K5_N10000_cnn_E1_clr0.01_fedopt_sgd_slr1.0_sam_rho0.1_112125_19:29:45.ckpt
--- Round 258 of 10000: Training 5 Clients ---
Selected clients: ['12', '85', '67', '48', '87']
--- Updating central model ---
Checkpoint saved in path: checkpoints/cifar10/alpha0.5_K5_N10000_cnn_E1_clr0.01_fedopt_sgd_slr1.0_sam_rho0.1_112125_19:29:45.ckpt
--- Round 259 of 10000: Training 5 Clients ---
Selected clients: ['52', '75', '18', '80', '3']
--- Updating central model ---
Checkpoint saved in path: checkpoints/cifar10/alpha0.5_K5_N10000_cnn_E1_clr0.01_fedopt_sgd_slr1.0_sam_rho0.1_112125_19:29:45.ckpt
--- Round 260 of 10000: Training 5 Clients ---
Selected clients: ['7', '16', '42', '91', '32']
--- Updating central model ---
Checkpoint saved in path: checkpoints/cifar10/alpha0.5_K5_N10000_cnn_E1_clr0.01_fedopt_sgd_slr1.0_sam_rho0.1_112125_19:29:45.ckpt
--- Round 261 of 10000: Training 5 Clients ---
Selected clients: ['43', '57', '95', '23', '90']
--- Updating central model ---
Checkpoint saved in path: checkpoints/cifar10/alpha0.5_K5_N10000_cnn_E1_clr0.01_fedopt_sgd_slr1.0_sam_rho0.1_112125_19:29:45.ckpt
--- Round 262 of 10000: Training 5 Clients ---
Selected clients: ['0', '60', '50', '32', '25']
--- Updating central model ---
Checkpoint saved in path: checkpoints/cifar10/alpha0.5_K5_N10000_cnn_E1_clr0.01_fedopt_sgd_slr1.0_sam_rho0.1_112125_19:29:45.ckpt
--- Round 263 of 10000: Training 5 Clients ---
Selected clients: ['81', '45', '53', '7', '94']
--- Updating central model ---
Checkpoint saved in path: checkpoints/cifar10/alpha0.5_K5_N10000_cnn_E1_clr0.01_fedopt_sgd_slr1.0_sam_rho0.1_112125_19:29:45.ckpt
--- Round 264 of 10000: Training 5 Clients ---
Selected clients: ['40', '86', '52', '46', '7']
--- Updating central model ---
Checkpoint saved in path: checkpoints/cifar10/alpha0.5_K5_N10000_cnn_E1_clr0.01_fedopt_sgd_slr1.0_sam_rho0.1_112125_19:29:45.ckpt
--- Round 265 of 10000: Training 5 Clients ---
Selected clients: ['96', '70', '73', '44', '18']
--- Updating central model ---
Checkpoint saved in path: checkpoints/cifar10/alpha0.5_K5_N10000_cnn_E1_clr0.01_fedopt_sgd_slr1.0_sam_rho0.1_112125_19:29:45.ckpt
--- Round 266 of 10000: Training 5 Clients ---
Selected clients: ['10', '45', '24', '28', '78']
--- Updating central model ---
Checkpoint saved in path: checkpoints/cifar10/alpha0.5_K5_N10000_cnn_E1_clr0.01_fedopt_sgd_slr1.0_sam_rho0.1_112125_19:29:45.ckpt
--- Round 267 of 10000: Training 5 Clients ---
Selected clients: ['10', '29', '85', '27', '33']
--- Updating central model ---
Checkpoint saved in path: checkpoints/cifar10/alpha0.5_K5_N10000_cnn_E1_clr0.01_fedopt_sgd_slr1.0_sam_rho0.1_112125_19:29:45.ckpt
--- Round 268 of 10000: Training 5 Clients ---
Selected clients: ['35', '4', '85', '62', '77']
--- Updating central model ---
Checkpoint saved in path: checkpoints/cifar10/alpha0.5_K5_N10000_cnn_E1_clr0.01_fedopt_sgd_slr1.0_sam_rho0.1_112125_19:29:45.ckpt
--- Round 269 of 10000: Training 5 Clients ---
Selected clients: ['35', '19', '47', '18', '63']
--- Updating central model ---
Checkpoint saved in path: checkpoints/cifar10/alpha0.5_K5_N10000_cnn_E1_clr0.01_fedopt_sgd_slr1.0_sam_rho0.1_112125_19:29:45.ckpt
--- Round 270 of 10000: Training 5 Clients ---
Selected clients: ['98', '41', '73', '35', '39']
--- Updating central model ---
Checkpoint saved in path: checkpoints/cifar10/alpha0.5_K5_N10000_cnn_E1_clr0.01_fedopt_sgd_slr1.0_sam_rho0.1_112125_19:29:45.ckpt
--- Round 271 of 10000: Training 5 Clients ---
Selected clients: ['46', '96', '77', '76', '33']
--- Updating central model ---
Checkpoint saved in path: checkpoints/cifar10/alpha0.5_K5_N10000_cnn_E1_clr0.01_fedopt_sgd_slr1.0_sam_rho0.1_112125_19:29:45.ckpt
--- Round 272 of 10000: Training 5 Clients ---
Selected clients: ['83', '60', '9', '54', '39']
--- Updating central model ---
Checkpoint saved in path: checkpoints/cifar10/alpha0.5_K5_N10000_cnn_E1_clr0.01_fedopt_sgd_slr1.0_sam_rho0.1_112125_19:29:45.ckpt
--- Round 273 of 10000: Training 5 Clients ---
Selected clients: ['44', '22', '73', '65', '88']
--- Updating central model ---
Checkpoint saved in path: checkpoints/cifar10/alpha0.5_K5_N10000_cnn_E1_clr0.01_fedopt_sgd_slr1.0_sam_rho0.1_112125_19:29:45.ckpt
--- Round 274 of 10000: Training 5 Clients ---
Selected clients: ['82', '32', '60', '14', '93']
--- Updating central model ---
Checkpoint saved in path: checkpoints/cifar10/alpha0.5_K5_N10000_cnn_E1_clr0.01_fedopt_sgd_slr1.0_sam_rho0.1_112125_19:29:45.ckpt
--- Round 275 of 10000: Training 5 Clients ---
Selected clients: ['2', '35', '41', '72', '75']
--- Updating central model ---
Checkpoint saved in path: checkpoints/cifar10/alpha0.5_K5_N10000_cnn_E1_clr0.01_fedopt_sgd_slr1.0_sam_rho0.1_112125_19:29:45.ckpt
--- Round 276 of 10000: Training 5 Clients ---
Selected clients: ['93', '11', '95', '43', '74']
--- Updating central model ---
Checkpoint saved in path: checkpoints/cifar10/alpha0.5_K5_N10000_cnn_E1_clr0.01_fedopt_sgd_slr1.0_sam_rho0.1_112125_19:29:45.ckpt
--- Round 277 of 10000: Training 5 Clients ---
Selected clients: ['5', '36', '2', '23', '96']
--- Updating central model ---
Checkpoint saved in path: checkpoints/cifar10/alpha0.5_K5_N10000_cnn_E1_clr0.01_fedopt_sgd_slr1.0_sam_rho0.1_112125_19:29:45.ckpt
--- Round 278 of 10000: Training 5 Clients ---
Selected clients: ['32', '9', '40', '23', '16']
--- Updating central model ---
Checkpoint saved in path: checkpoints/cifar10/alpha0.5_K5_N10000_cnn_E1_clr0.01_fedopt_sgd_slr1.0_sam_rho0.1_112125_19:29:45.ckpt
--- Round 279 of 10000: Training 5 Clients ---
Selected clients: ['73', '91', '76', '39', '88']
--- Updating central model ---
Checkpoint saved in path: checkpoints/cifar10/alpha0.5_K5_N10000_cnn_E1_clr0.01_fedopt_sgd_slr1.0_sam_rho0.1_112125_19:29:45.ckpt
--- Round 280 of 10000: Training 5 Clients ---
Selected clients: ['39', '21', '5', '41', '30']
--- Updating central model ---
Checkpoint saved in path: checkpoints/cifar10/alpha0.5_K5_N10000_cnn_E1_clr0.01_fedopt_sgd_slr1.0_sam_rho0.1_112125_19:29:45.ckpt
--- Round 281 of 10000: Training 5 Clients ---
Selected clients: ['45', '72', '76', '86', '50']
--- Updating central model ---
Checkpoint saved in path: checkpoints/cifar10/alpha0.5_K5_N10000_cnn_E1_clr0.01_fedopt_sgd_slr1.0_sam_rho0.1_112125_19:29:45.ckpt
--- Round 282 of 10000: Training 5 Clients ---
Selected clients: ['91', '7', '53', '99', '77']
--- Updating central model ---
Checkpoint saved in path: checkpoints/cifar10/alpha0.5_K5_N10000_cnn_E1_clr0.01_fedopt_sgd_slr1.0_sam_rho0.1_112125_19:29:45.ckpt
--- Round 283 of 10000: Training 5 Clients ---
Selected clients: ['45', '30', '87', '64', '93']
--- Updating central model ---
Checkpoint saved in path: checkpoints/cifar10/alpha0.5_K5_N10000_cnn_E1_clr0.01_fedopt_sgd_slr1.0_sam_rho0.1_112125_19:29:45.ckpt
--- Round 284 of 10000: Training 5 Clients ---
Selected clients: ['86', '36', '22', '85', '6']
--- Updating central model ---
Checkpoint saved in path: checkpoints/cifar10/alpha0.5_K5_N10000_cnn_E1_clr0.01_fedopt_sgd_slr1.0_sam_rho0.1_112125_19:29:45.ckpt
--- Round 285 of 10000: Training 5 Clients ---
Selected clients: ['36', '82', '0', '96', '85']
--- Updating central model ---
Checkpoint saved in path: checkpoints/cifar10/alpha0.5_K5_N10000_cnn_E1_clr0.01_fedopt_sgd_slr1.0_sam_rho0.1_112125_19:29:45.ckpt
--- Round 286 of 10000: Training 5 Clients ---
Selected clients: ['10', '50', '99', '98', '22']
--- Updating central model ---
Checkpoint saved in path: checkpoints/cifar10/alpha0.5_K5_N10000_cnn_E1_clr0.01_fedopt_sgd_slr1.0_sam_rho0.1_112125_19:29:45.ckpt
--- Round 287 of 10000: Training 5 Clients ---
Selected clients: ['30', '23', '99', '47', '22']
--- Updating central model ---
Checkpoint saved in path: checkpoints/cifar10/alpha0.5_K5_N10000_cnn_E1_clr0.01_fedopt_sgd_slr1.0_sam_rho0.1_112125_19:29:45.ckpt
--- Round 288 of 10000: Training 5 Clients ---
Selected clients: ['28', '15', '33', '63', '39']
--- Updating central model ---
Checkpoint saved in path: checkpoints/cifar10/alpha0.5_K5_N10000_cnn_E1_clr0.01_fedopt_sgd_slr1.0_sam_rho0.1_112125_19:29:45.ckpt
--- Round 289 of 10000: Training 5 Clients ---
Selected clients: ['62', '18', '46', '45', '76']
--- Updating central model ---
Checkpoint saved in path: checkpoints/cifar10/alpha0.5_K5_N10000_cnn_E1_clr0.01_fedopt_sgd_slr1.0_sam_rho0.1_112125_19:29:45.ckpt
--- Round 290 of 10000: Training 5 Clients ---
Selected clients: ['48', '5', '60', '78', '82']
--- Updating central model ---
Checkpoint saved in path: checkpoints/cifar10/alpha0.5_K5_N10000_cnn_E1_clr0.01_fedopt_sgd_slr1.0_sam_rho0.1_112125_19:29:45.ckpt
--- Round 291 of 10000: Training 5 Clients ---
Selected clients: ['78', '2', '5', '11', '50']
--- Updating central model ---
Checkpoint saved in path: checkpoints/cifar10/alpha0.5_K5_N10000_cnn_E1_clr0.01_fedopt_sgd_slr1.0_sam_rho0.1_112125_19:29:45.ckpt
--- Round 292 of 10000: Training 5 Clients ---
Selected clients: ['52', '51', '89', '48', '94']
--- Updating central model ---
Checkpoint saved in path: checkpoints/cifar10/alpha0.5_K5_N10000_cnn_E1_clr0.01_fedopt_sgd_slr1.0_sam_rho0.1_112125_19:29:45.ckpt
--- Round 293 of 10000: Training 5 Clients ---
Selected clients: ['69', '41', '5', '96', '80']
--- Updating central model ---
Checkpoint saved in path: checkpoints/cifar10/alpha0.5_K5_N10000_cnn_E1_clr0.01_fedopt_sgd_slr1.0_sam_rho0.1_112125_19:29:45.ckpt
--- Round 294 of 10000: Training 5 Clients ---
Selected clients: ['58', '20', '22', '70', '24']
--- Updating central model ---
Checkpoint saved in path: checkpoints/cifar10/alpha0.5_K5_N10000_cnn_E1_clr0.01_fedopt_sgd_slr1.0_sam_rho0.1_112125_19:29:45.ckpt
--- Round 295 of 10000: Training 5 Clients ---
Selected clients: ['13', '85', '21', '69', '20']
--- Updating central model ---
Checkpoint saved in path: checkpoints/cifar10/alpha0.5_K5_N10000_cnn_E1_clr0.01_fedopt_sgd_slr1.0_sam_rho0.1_112125_19:29:45.ckpt
--- Round 296 of 10000: Training 5 Clients ---
Selected clients: ['84', '93', '56', '75', '14']
--- Updating central model ---
Checkpoint saved in path: checkpoints/cifar10/alpha0.5_K5_N10000_cnn_E1_clr0.01_fedopt_sgd_slr1.0_sam_rho0.1_112125_19:29:45.ckpt
--- Round 297 of 10000: Training 5 Clients ---
Selected clients: ['81', '14', '96', '58', '65']
--- Updating central model ---
Checkpoint saved in path: checkpoints/cifar10/alpha0.5_K5_N10000_cnn_E1_clr0.01_fedopt_sgd_slr1.0_sam_rho0.1_112125_19:29:45.ckpt
--- Round 298 of 10000: Training 5 Clients ---
Selected clients: ['11', '59', '24', '35', '25']
--- Updating central model ---
Checkpoint saved in path: checkpoints/cifar10/alpha0.5_K5_N10000_cnn_E1_clr0.01_fedopt_sgd_slr1.0_sam_rho0.1_112125_19:29:45.ckpt
--- Round 299 of 10000: Training 5 Clients ---
Selected clients: ['58', '14', '46', '41', '38']
--- Updating central model ---
Checkpoint saved in path: checkpoints/cifar10/alpha0.5_K5_N10000_cnn_E1_clr0.01_fedopt_sgd_slr1.0_sam_rho0.1_112125_19:29:45.ckpt
--- Round 300 of 10000: Training 5 Clients ---
Selected clients: ['58', '7', '73', '71', '6']
--- Updating central model ---
train_accuracy: 19.1429, 10th percentile: 6.41635, 50th percentile: 16.7784, 90th percentile 36.7488
train_loss: 2.17041, 10th percentile: 2.03003, 50th percentile: 2.19358, 90th percentile 2.27894
test_accuracy: 20.16, 10th percentile: 20.16, 50th percentile: 20.16, 90th percentile 20.16
test_loss: 2.16287, 10th percentile: 2.16287, 50th percentile: 2.16287, 90th percentile 2.16287
Checkpoint saved in path: checkpoints/cifar10/alpha0.5_K5_N10000_cnn_E1_clr0.01_fedopt_sgd_slr1.0_sam_rho0.1_112125_19:29:45.ckpt
--- Round 301 of 10000: Training 5 Clients ---
Selected clients: ['19', '80', '71', '1', '45']
--- Updating central model ---
Checkpoint saved in path: checkpoints/cifar10/alpha0.5_K5_N10000_cnn_E1_clr0.01_fedopt_sgd_slr1.0_sam_rho0.1_112125_19:29:45.ckpt
--- Round 302 of 10000: Training 5 Clients ---
Selected clients: ['47', '9', '69', '20', '48']
--- Updating central model ---
Checkpoint saved in path: checkpoints/cifar10/alpha0.5_K5_N10000_cnn_E1_clr0.01_fedopt_sgd_slr1.0_sam_rho0.1_112125_19:29:45.ckpt
--- Round 303 of 10000: Training 5 Clients ---
Selected clients: ['19', '18', '14', '42', '31']
--- Updating central model ---
Checkpoint saved in path: checkpoints/cifar10/alpha0.5_K5_N10000_cnn_E1_clr0.01_fedopt_sgd_slr1.0_sam_rho0.1_112125_19:29:45.ckpt
--- Round 304 of 10000: Training 5 Clients ---
Selected clients: ['46', '72', '22', '42', '11']
--- Updating central model ---
Checkpoint saved in path: checkpoints/cifar10/alpha0.5_K5_N10000_cnn_E1_clr0.01_fedopt_sgd_slr1.0_sam_rho0.1_112125_19:29:45.ckpt
--- Round 305 of 10000: Training 5 Clients ---
Selected clients: ['55', '82', '83', '20', '70']
--- Updating central model ---
Checkpoint saved in path: checkpoints/cifar10/alpha0.5_K5_N10000_cnn_E1_clr0.01_fedopt_sgd_slr1.0_sam_rho0.1_112125_19:29:45.ckpt
--- Round 306 of 10000: Training 5 Clients ---
Selected clients: ['23', '83', '27', '25', '21']
--- Updating central model ---
Checkpoint saved in path: checkpoints/cifar10/alpha0.5_K5_N10000_cnn_E1_clr0.01_fedopt_sgd_slr1.0_sam_rho0.1_112125_19:29:45.ckpt
--- Round 307 of 10000: Training 5 Clients ---
Selected clients: ['89', '52', '44', '24', '61']
--- Updating central model ---
Checkpoint saved in path: checkpoints/cifar10/alpha0.5_K5_N10000_cnn_E1_clr0.01_fedopt_sgd_slr1.0_sam_rho0.1_112125_19:29:45.ckpt
--- Round 308 of 10000: Training 5 Clients ---
Selected clients: ['4', '36', '86', '18', '15']
--- Updating central model ---
Checkpoint saved in path: checkpoints/cifar10/alpha0.5_K5_N10000_cnn_E1_clr0.01_fedopt_sgd_slr1.0_sam_rho0.1_112125_19:29:45.ckpt
--- Round 309 of 10000: Training 5 Clients ---
Selected clients: ['72', '12', '59', '73', '50']
--- Updating central model ---
Checkpoint saved in path: checkpoints/cifar10/alpha0.5_K5_N10000_cnn_E1_clr0.01_fedopt_sgd_slr1.0_sam_rho0.1_112125_19:29:45.ckpt
--- Round 310 of 10000: Training 5 Clients ---
Selected clients: ['95', '74', '8', '91', '44']
--- Updating central model ---
Checkpoint saved in path: checkpoints/cifar10/alpha0.5_K5_N10000_cnn_E1_clr0.01_fedopt_sgd_slr1.0_sam_rho0.1_112125_19:29:45.ckpt
--- Round 311 of 10000: Training 5 Clients ---
Selected clients: ['66', '71', '69', '27', '16']
--- Updating central model ---
Checkpoint saved in path: checkpoints/cifar10/alpha0.5_K5_N10000_cnn_E1_clr0.01_fedopt_sgd_slr1.0_sam_rho0.1_112125_19:29:45.ckpt
--- Round 312 of 10000: Training 5 Clients ---
Selected clients: ['82', '57', '49', '26', '32']
--- Updating central model ---
Checkpoint saved in path: checkpoints/cifar10/alpha0.5_K5_N10000_cnn_E1_clr0.01_fedopt_sgd_slr1.0_sam_rho0.1_112125_19:29:45.ckpt
--- Round 313 of 10000: Training 5 Clients ---
Selected clients: ['76', '80', '98', '3', '49']
--- Updating central model ---
Checkpoint saved in path: checkpoints/cifar10/alpha0.5_K5_N10000_cnn_E1_clr0.01_fedopt_sgd_slr1.0_sam_rho0.1_112125_19:29:45.ckpt
--- Round 314 of 10000: Training 5 Clients ---
Selected clients: ['46', '45', '84', '24', '47']
--- Updating central model ---
Checkpoint saved in path: checkpoints/cifar10/alpha0.5_K5_N10000_cnn_E1_clr0.01_fedopt_sgd_slr1.0_sam_rho0.1_112125_19:29:45.ckpt
--- Round 315 of 10000: Training 5 Clients ---
Selected clients: ['52', '56', '41', '9', '64']
--- Updating central model ---
Checkpoint saved in path: checkpoints/cifar10/alpha0.5_K5_N10000_cnn_E1_clr0.01_fedopt_sgd_slr1.0_sam_rho0.1_112125_19:29:45.ckpt
--- Round 316 of 10000: Training 5 Clients ---
Selected clients: ['11', '47', '62', '88', '36']
--- Updating central model ---
Checkpoint saved in path: checkpoints/cifar10/alpha0.5_K5_N10000_cnn_E1_clr0.01_fedopt_sgd_slr1.0_sam_rho0.1_112125_19:29:45.ckpt
--- Round 317 of 10000: Training 5 Clients ---
Selected clients: ['89', '7', '68', '77', '16']
--- Updating central model ---
Checkpoint saved in path: checkpoints/cifar10/alpha0.5_K5_N10000_cnn_E1_clr0.01_fedopt_sgd_slr1.0_sam_rho0.1_112125_19:29:45.ckpt
--- Round 318 of 10000: Training 5 Clients ---
Selected clients: ['26', '87', '18', '89', '36']
--- Updating central model ---
Checkpoint saved in path: checkpoints/cifar10/alpha0.5_K5_N10000_cnn_E1_clr0.01_fedopt_sgd_slr1.0_sam_rho0.1_112125_19:29:45.ckpt
--- Round 319 of 10000: Training 5 Clients ---
Selected clients: ['10', '99', '27', '87', '88']
--- Updating central model ---
Checkpoint saved in path: checkpoints/cifar10/alpha0.5_K5_N10000_cnn_E1_clr0.01_fedopt_sgd_slr1.0_sam_rho0.1_112125_19:29:45.ckpt
--- Round 320 of 10000: Training 5 Clients ---
Selected clients: ['36', '46', '65', '27', '23']
--- Updating central model ---
Checkpoint saved in path: checkpoints/cifar10/alpha0.5_K5_N10000_cnn_E1_clr0.01_fedopt_sgd_slr1.0_sam_rho0.1_112125_19:29:45.ckpt
--- Round 321 of 10000: Training 5 Clients ---
Selected clients: ['6', '39', '92', '40', '29']
--- Updating central model ---
Checkpoint saved in path: checkpoints/cifar10/alpha0.5_K5_N10000_cnn_E1_clr0.01_fedopt_sgd_slr1.0_sam_rho0.1_112125_19:29:45.ckpt
--- Round 322 of 10000: Training 5 Clients ---
Selected clients: ['46', '61', '39', '12', '30']
--- Updating central model ---
Checkpoint saved in path: checkpoints/cifar10/alpha0.5_K5_N10000_cnn_E1_clr0.01_fedopt_sgd_slr1.0_sam_rho0.1_112125_19:29:45.ckpt
--- Round 323 of 10000: Training 5 Clients ---
Selected clients: ['9', '60', '66', '48', '99']
--- Updating central model ---
Checkpoint saved in path: checkpoints/cifar10/alpha0.5_K5_N10000_cnn_E1_clr0.01_fedopt_sgd_slr1.0_sam_rho0.1_112125_19:29:45.ckpt
--- Round 324 of 10000: Training 5 Clients ---
Selected clients: ['91', '84', '42', '57', '99']
--- Updating central model ---
Checkpoint saved in path: checkpoints/cifar10/alpha0.5_K5_N10000_cnn_E1_clr0.01_fedopt_sgd_slr1.0_sam_rho0.1_112125_19:29:45.ckpt
--- Round 325 of 10000: Training 5 Clients ---
Selected clients: ['77', '23', '57', '83', '84']
--- Updating central model ---
Checkpoint saved in path: checkpoints/cifar10/alpha0.5_K5_N10000_cnn_E1_clr0.01_fedopt_sgd_slr1.0_sam_rho0.1_112125_19:29:45.ckpt
--- Round 326 of 10000: Training 5 Clients ---
Selected clients: ['20', '25', '83', '26', '3']
--- Updating central model ---
Checkpoint saved in path: checkpoints/cifar10/alpha0.5_K5_N10000_cnn_E1_clr0.01_fedopt_sgd_slr1.0_sam_rho0.1_112125_19:29:45.ckpt
--- Round 327 of 10000: Training 5 Clients ---
Selected clients: ['7', '47', '71', '43', '44']
--- Updating central model ---
Checkpoint saved in path: checkpoints/cifar10/alpha0.5_K5_N10000_cnn_E1_clr0.01_fedopt_sgd_slr1.0_sam_rho0.1_112125_19:29:45.ckpt
--- Round 328 of 10000: Training 5 Clients ---
Selected clients: ['50', '80', '3', '24', '39']
--- Updating central model ---
Checkpoint saved in path: checkpoints/cifar10/alpha0.5_K5_N10000_cnn_E1_clr0.01_fedopt_sgd_slr1.0_sam_rho0.1_112125_19:29:45.ckpt
--- Round 329 of 10000: Training 5 Clients ---
Selected clients: ['36', '39', '15', '68', '45']
--- Updating central model ---
Checkpoint saved in path: checkpoints/cifar10/alpha0.5_K5_N10000_cnn_E1_clr0.01_fedopt_sgd_slr1.0_sam_rho0.1_112125_19:29:45.ckpt
--- Round 330 of 10000: Training 5 Clients ---
Selected clients: ['30', '45', '55', '1', '29']
--- Updating central model ---
Checkpoint saved in path: checkpoints/cifar10/alpha0.5_K5_N10000_cnn_E1_clr0.01_fedopt_sgd_slr1.0_sam_rho0.1_112125_19:29:45.ckpt
--- Round 331 of 10000: Training 5 Clients ---
Selected clients: ['91', '77', '35', '2', '37']
--- Updating central model ---
Checkpoint saved in path: checkpoints/cifar10/alpha0.5_K5_N10000_cnn_E1_clr0.01_fedopt_sgd_slr1.0_sam_rho0.1_112125_19:29:45.ckpt
--- Round 332 of 10000: Training 5 Clients ---
Selected clients: ['32', '91', '62', '95', '93']
--- Updating central model ---
Checkpoint saved in path: checkpoints/cifar10/alpha0.5_K5_N10000_cnn_E1_clr0.01_fedopt_sgd_slr1.0_sam_rho0.1_112125_19:29:45.ckpt
--- Round 333 of 10000: Training 5 Clients ---
Selected clients: ['50', '26', '42', '53', '8']
--- Updating central model ---
Checkpoint saved in path: checkpoints/cifar10/alpha0.5_K5_N10000_cnn_E1_clr0.01_fedopt_sgd_slr1.0_sam_rho0.1_112125_19:29:45.ckpt
--- Round 334 of 10000: Training 5 Clients ---
Selected clients: ['59', '69', '52', '75', '86']
--- Updating central model ---
Checkpoint saved in path: checkpoints/cifar10/alpha0.5_K5_N10000_cnn_E1_clr0.01_fedopt_sgd_slr1.0_sam_rho0.1_112125_19:29:45.ckpt
--- Round 335 of 10000: Training 5 Clients ---
Selected clients: ['62', '53', '11', '90', '63']
--- Updating central model ---
Checkpoint saved in path: checkpoints/cifar10/alpha0.5_K5_N10000_cnn_E1_clr0.01_fedopt_sgd_slr1.0_sam_rho0.1_112125_19:29:45.ckpt
--- Round 336 of 10000: Training 5 Clients ---
Selected clients: ['90', '92', '23', '91', '79']
--- Updating central model ---
Checkpoint saved in path: checkpoints/cifar10/alpha0.5_K5_N10000_cnn_E1_clr0.01_fedopt_sgd_slr1.0_sam_rho0.1_112125_19:29:45.ckpt
--- Round 337 of 10000: Training 5 Clients ---
Selected clients: ['6', '14', '86', '3', '87']
--- Updating central model ---
Checkpoint saved in path: checkpoints/cifar10/alpha0.5_K5_N10000_cnn_E1_clr0.01_fedopt_sgd_slr1.0_sam_rho0.1_112125_19:29:45.ckpt
--- Round 338 of 10000: Training 5 Clients ---
Selected clients: ['85', '40', '63', '25', '12']
--- Updating central model ---
Checkpoint saved in path: checkpoints/cifar10/alpha0.5_K5_N10000_cnn_E1_clr0.01_fedopt_sgd_slr1.0_sam_rho0.1_112125_19:29:45.ckpt
--- Round 339 of 10000: Training 5 Clients ---
Selected clients: ['13', '94', '76', '80', '35']
--- Updating central model ---
Checkpoint saved in path: checkpoints/cifar10/alpha0.5_K5_N10000_cnn_E1_clr0.01_fedopt_sgd_slr1.0_sam_rho0.1_112125_19:29:45.ckpt
--- Round 340 of 10000: Training 5 Clients ---
Selected clients: ['8', '92', '66', '11', '67']
--- Updating central model ---
Checkpoint saved in path: checkpoints/cifar10/alpha0.5_K5_N10000_cnn_E1_clr0.01_fedopt_sgd_slr1.0_sam_rho0.1_112125_19:29:45.ckpt
--- Round 341 of 10000: Training 5 Clients ---
Selected clients: ['74', '29', '38', '53', '65']
--- Updating central model ---
Checkpoint saved in path: checkpoints/cifar10/alpha0.5_K5_N10000_cnn_E1_clr0.01_fedopt_sgd_slr1.0_sam_rho0.1_112125_19:29:45.ckpt
--- Round 342 of 10000: Training 5 Clients ---
Selected clients: ['79', '45', '86', '89', '24']
--- Updating central model ---
Checkpoint saved in path: checkpoints/cifar10/alpha0.5_K5_N10000_cnn_E1_clr0.01_fedopt_sgd_slr1.0_sam_rho0.1_112125_19:29:45.ckpt
--- Round 343 of 10000: Training 5 Clients ---
Selected clients: ['43', '65', '72', '47', '85']
--- Updating central model ---
Checkpoint saved in path: checkpoints/cifar10/alpha0.5_K5_N10000_cnn_E1_clr0.01_fedopt_sgd_slr1.0_sam_rho0.1_112125_19:29:45.ckpt
--- Round 344 of 10000: Training 5 Clients ---
Selected clients: ['39', '91', '24', '66', '64']
--- Updating central model ---
Checkpoint saved in path: checkpoints/cifar10/alpha0.5_K5_N10000_cnn_E1_clr0.01_fedopt_sgd_slr1.0_sam_rho0.1_112125_19:29:45.ckpt
--- Round 345 of 10000: Training 5 Clients ---
Selected clients: ['40', '13', '17', '87', '86']
--- Updating central model ---
Checkpoint saved in path: checkpoints/cifar10/alpha0.5_K5_N10000_cnn_E1_clr0.01_fedopt_sgd_slr1.0_sam_rho0.1_112125_19:29:45.ckpt
--- Round 346 of 10000: Training 5 Clients ---
Selected clients: ['32', '49', '72', '19', '17']
--- Updating central model ---
Checkpoint saved in path: checkpoints/cifar10/alpha0.5_K5_N10000_cnn_E1_clr0.01_fedopt_sgd_slr1.0_sam_rho0.1_112125_19:29:45.ckpt
--- Round 347 of 10000: Training 5 Clients ---
Selected clients: ['48', '70', '26', '41', '66']
--- Updating central model ---
Checkpoint saved in path: checkpoints/cifar10/alpha0.5_K5_N10000_cnn_E1_clr0.01_fedopt_sgd_slr1.0_sam_rho0.1_112125_19:29:45.ckpt
--- Round 348 of 10000: Training 5 Clients ---
Selected clients: ['30', '55', '95', '21', '22']
--- Updating central model ---
Checkpoint saved in path: checkpoints/cifar10/alpha0.5_K5_N10000_cnn_E1_clr0.01_fedopt_sgd_slr1.0_sam_rho0.1_112125_19:29:45.ckpt