Alpha: alpha_0.50
Using device: NVIDIA A100-SXM4-80GB
############################## cifar10.cnn ##############################
Running experiment with server servers.fedopt_server and client clients.sam_client
Verify client and server: <class 'clients.sam_client.SAMClient'> <class 'servers.fedopt_server.FedOptServer'>
Running influence estimation:   0%|          | 0/20 [00:00<?, ?it/s]wandb: WARNING `resume` will be ignored since W&B syncing is set to `offline`. Starting a new run with run id 4mehc27k.
wandb: Tracking run with wandb version 0.23.0
wandb: W&B syncing is set to `offline` in this directory. Run `wandb online` or set WANDB_MODE=online to enable cloud syncing.
wandb: Run data is saved locally in /home/mlr570t1/FedSAM_mem_inf-main/models/wandb/offline-run-20251121_192854-4mehc27k
Server optimizer: sgd with lr 1.0 and momentum 0
Start round: 0
Clients in Total: 100 training clients and 1 test clients
--- Random Initialization ---
--- Round 1 of 10000: Training 5 Clients ---
Selected clients: ['13', '34', '62', '61', '79']
--- Updating central model ---
Checkpoint saved in path: checkpoints/cifar10/alpha0.5_K5_N10000_cnn_E1_clr0.01_fedopt_sgd_slr1.0_sam_rho0.1_112125_19:29:21.ckpt
--- Round 2 of 10000: Training 5 Clients ---
Selected clients: ['42', '85', '75', '99', '86']
--- Updating central model ---
Checkpoint saved in path: checkpoints/cifar10/alpha0.5_K5_N10000_cnn_E1_clr0.01_fedopt_sgd_slr1.0_sam_rho0.1_112125_19:29:21.ckpt
--- Round 3 of 10000: Training 5 Clients ---
Selected clients: ['11', '93', '6', '65', '41']
--- Updating central model ---
Checkpoint saved in path: checkpoints/cifar10/alpha0.5_K5_N10000_cnn_E1_clr0.01_fedopt_sgd_slr1.0_sam_rho0.1_112125_19:29:21.ckpt
--- Round 4 of 10000: Training 5 Clients ---
Selected clients: ['4', '63', '44', '50', '36']
--- Updating central model ---
Checkpoint saved in path: checkpoints/cifar10/alpha0.5_K5_N10000_cnn_E1_clr0.01_fedopt_sgd_slr1.0_sam_rho0.1_112125_19:29:21.ckpt
--- Round 5 of 10000: Training 5 Clients ---
Selected clients: ['48', '73', '35', '37', '93']
--- Updating central model ---
Checkpoint saved in path: checkpoints/cifar10/alpha0.5_K5_N10000_cnn_E1_clr0.01_fedopt_sgd_slr1.0_sam_rho0.1_112125_19:29:21.ckpt
--- Round 6 of 10000: Training 5 Clients ---
Selected clients: ['52', '47', '97', '91', '96']
--- Updating central model ---
Checkpoint saved in path: checkpoints/cifar10/alpha0.5_K5_N10000_cnn_E1_clr0.01_fedopt_sgd_slr1.0_sam_rho0.1_112125_19:29:21.ckpt
--- Round 7 of 10000: Training 5 Clients ---
Selected clients: ['45', '37', '97', '48', '91']
--- Updating central model ---
Checkpoint saved in path: checkpoints/cifar10/alpha0.5_K5_N10000_cnn_E1_clr0.01_fedopt_sgd_slr1.0_sam_rho0.1_112125_19:29:21.ckpt
--- Round 8 of 10000: Training 5 Clients ---
Selected clients: ['41', '76', '36', '34', '22']
--- Updating central model ---
Checkpoint saved in path: checkpoints/cifar10/alpha0.5_K5_N10000_cnn_E1_clr0.01_fedopt_sgd_slr1.0_sam_rho0.1_112125_19:29:21.ckpt
--- Round 9 of 10000: Training 5 Clients ---
Selected clients: ['79', '8', '98', '48', '65']
--- Updating central model ---
Checkpoint saved in path: checkpoints/cifar10/alpha0.5_K5_N10000_cnn_E1_clr0.01_fedopt_sgd_slr1.0_sam_rho0.1_112125_19:29:21.ckpt
--- Round 10 of 10000: Training 5 Clients ---
Selected clients: ['70', '47', '58', '20', '40']
--- Updating central model ---
Checkpoint saved in path: checkpoints/cifar10/alpha0.5_K5_N10000_cnn_E1_clr0.01_fedopt_sgd_slr1.0_sam_rho0.1_112125_19:29:21.ckpt
--- Round 11 of 10000: Training 5 Clients ---
Selected clients: ['50', '57', '84', '20', '56']
--- Updating central model ---
Checkpoint saved in path: checkpoints/cifar10/alpha0.5_K5_N10000_cnn_E1_clr0.01_fedopt_sgd_slr1.0_sam_rho0.1_112125_19:29:21.ckpt
--- Round 12 of 10000: Training 5 Clients ---
Selected clients: ['57', '95', '19', '65', '18']
--- Updating central model ---
Checkpoint saved in path: checkpoints/cifar10/alpha0.5_K5_N10000_cnn_E1_clr0.01_fedopt_sgd_slr1.0_sam_rho0.1_112125_19:29:21.ckpt
--- Round 13 of 10000: Training 5 Clients ---
Selected clients: ['93', '6', '1', '17', '97']
--- Updating central model ---
Checkpoint saved in path: checkpoints/cifar10/alpha0.5_K5_N10000_cnn_E1_clr0.01_fedopt_sgd_slr1.0_sam_rho0.1_112125_19:29:21.ckpt
--- Round 14 of 10000: Training 5 Clients ---
Selected clients: ['8', '9', '98', '2', '48']
--- Updating central model ---
Checkpoint saved in path: checkpoints/cifar10/alpha0.5_K5_N10000_cnn_E1_clr0.01_fedopt_sgd_slr1.0_sam_rho0.1_112125_19:29:21.ckpt
--- Round 15 of 10000: Training 5 Clients ---
Selected clients: ['38', '40', '11', '72', '56']
--- Updating central model ---
Checkpoint saved in path: checkpoints/cifar10/alpha0.5_K5_N10000_cnn_E1_clr0.01_fedopt_sgd_slr1.0_sam_rho0.1_112125_19:29:21.ckpt
--- Round 16 of 10000: Training 5 Clients ---
Selected clients: ['29', '58', '43', '41', '6']
--- Updating central model ---
Checkpoint saved in path: checkpoints/cifar10/alpha0.5_K5_N10000_cnn_E1_clr0.01_fedopt_sgd_slr1.0_sam_rho0.1_112125_19:29:21.ckpt
--- Round 17 of 10000: Training 5 Clients ---
Selected clients: ['83', '29', '86', '53', '42']
--- Updating central model ---
Checkpoint saved in path: checkpoints/cifar10/alpha0.5_K5_N10000_cnn_E1_clr0.01_fedopt_sgd_slr1.0_sam_rho0.1_112125_19:29:21.ckpt
--- Round 18 of 10000: Training 5 Clients ---
Selected clients: ['58', '38', '60', '8', '51']
--- Updating central model ---
Checkpoint saved in path: checkpoints/cifar10/alpha0.5_K5_N10000_cnn_E1_clr0.01_fedopt_sgd_slr1.0_sam_rho0.1_112125_19:29:21.ckpt
--- Round 19 of 10000: Training 5 Clients ---
Selected clients: ['73', '80', '48', '97', '22']
--- Updating central model ---
Checkpoint saved in path: checkpoints/cifar10/alpha0.5_K5_N10000_cnn_E1_clr0.01_fedopt_sgd_slr1.0_sam_rho0.1_112125_19:29:21.ckpt
--- Round 20 of 10000: Training 5 Clients ---
Selected clients: ['26', '43', '53', '57', '12']
--- Updating central model ---
Checkpoint saved in path: checkpoints/cifar10/alpha0.5_K5_N10000_cnn_E1_clr0.01_fedopt_sgd_slr1.0_sam_rho0.1_112125_19:29:21.ckpt
--- Round 21 of 10000: Training 5 Clients ---
Selected clients: ['84', '88', '23', '17', '57']
--- Updating central model ---
Checkpoint saved in path: checkpoints/cifar10/alpha0.5_K5_N10000_cnn_E1_clr0.01_fedopt_sgd_slr1.0_sam_rho0.1_112125_19:29:21.ckpt
--- Round 22 of 10000: Training 5 Clients ---
Selected clients: ['22', '76', '79', '28', '24']
--- Updating central model ---
Checkpoint saved in path: checkpoints/cifar10/alpha0.5_K5_N10000_cnn_E1_clr0.01_fedopt_sgd_slr1.0_sam_rho0.1_112125_19:29:21.ckpt
--- Round 23 of 10000: Training 5 Clients ---
Selected clients: ['57', '49', '27', '78', '66']
--- Updating central model ---
Checkpoint saved in path: checkpoints/cifar10/alpha0.5_K5_N10000_cnn_E1_clr0.01_fedopt_sgd_slr1.0_sam_rho0.1_112125_19:29:21.ckpt
--- Round 24 of 10000: Training 5 Clients ---
Selected clients: ['0', '55', '51', '81', '98']
--- Updating central model ---
Checkpoint saved in path: checkpoints/cifar10/alpha0.5_K5_N10000_cnn_E1_clr0.01_fedopt_sgd_slr1.0_sam_rho0.1_112125_19:29:21.ckpt
--- Round 25 of 10000: Training 5 Clients ---
Selected clients: ['46', '50', '58', '70', '17']
--- Updating central model ---
Checkpoint saved in path: checkpoints/cifar10/alpha0.5_K5_N10000_cnn_E1_clr0.01_fedopt_sgd_slr1.0_sam_rho0.1_112125_19:29:21.ckpt
--- Round 26 of 10000: Training 5 Clients ---
Selected clients: ['36', '80', '56', '97', '55']
--- Updating central model ---
Checkpoint saved in path: checkpoints/cifar10/alpha0.5_K5_N10000_cnn_E1_clr0.01_fedopt_sgd_slr1.0_sam_rho0.1_112125_19:29:21.ckpt
--- Round 27 of 10000: Training 5 Clients ---
Selected clients: ['32', '49', '72', '8', '59']
--- Updating central model ---
Checkpoint saved in path: checkpoints/cifar10/alpha0.5_K5_N10000_cnn_E1_clr0.01_fedopt_sgd_slr1.0_sam_rho0.1_112125_19:29:21.ckpt
--- Round 28 of 10000: Training 5 Clients ---
Selected clients: ['44', '23', '39', '18', '21']
--- Updating central model ---
Checkpoint saved in path: checkpoints/cifar10/alpha0.5_K5_N10000_cnn_E1_clr0.01_fedopt_sgd_slr1.0_sam_rho0.1_112125_19:29:21.ckpt
--- Round 29 of 10000: Training 5 Clients ---
Selected clients: ['37', '47', '13', '27', '56']
--- Updating central model ---
Checkpoint saved in path: checkpoints/cifar10/alpha0.5_K5_N10000_cnn_E1_clr0.01_fedopt_sgd_slr1.0_sam_rho0.1_112125_19:29:21.ckpt
--- Round 30 of 10000: Training 5 Clients ---
Selected clients: ['97', '13', '60', '95', '96']
--- Updating central model ---
Checkpoint saved in path: checkpoints/cifar10/alpha0.5_K5_N10000_cnn_E1_clr0.01_fedopt_sgd_slr1.0_sam_rho0.1_112125_19:29:21.ckpt
--- Round 31 of 10000: Training 5 Clients ---
Selected clients: ['87', '33', '77', '60', '85']
--- Updating central model ---
Checkpoint saved in path: checkpoints/cifar10/alpha0.5_K5_N10000_cnn_E1_clr0.01_fedopt_sgd_slr1.0_sam_rho0.1_112125_19:29:21.ckpt
--- Round 32 of 10000: Training 5 Clients ---
Selected clients: ['85', '16', '29', '55', '39']
--- Updating central model ---
Checkpoint saved in path: checkpoints/cifar10/alpha0.5_K5_N10000_cnn_E1_clr0.01_fedopt_sgd_slr1.0_sam_rho0.1_112125_19:29:21.ckpt
--- Round 33 of 10000: Training 5 Clients ---
Selected clients: ['3', '78', '99', '37', '38']
--- Updating central model ---
Checkpoint saved in path: checkpoints/cifar10/alpha0.5_K5_N10000_cnn_E1_clr0.01_fedopt_sgd_slr1.0_sam_rho0.1_112125_19:29:21.ckpt
--- Round 34 of 10000: Training 5 Clients ---
Selected clients: ['71', '41', '73', '76', '7']
--- Updating central model ---
Checkpoint saved in path: checkpoints/cifar10/alpha0.5_K5_N10000_cnn_E1_clr0.01_fedopt_sgd_slr1.0_sam_rho0.1_112125_19:29:21.ckpt
--- Round 35 of 10000: Training 5 Clients ---
Selected clients: ['31', '2', '87', '76', '59']
--- Updating central model ---
Checkpoint saved in path: checkpoints/cifar10/alpha0.5_K5_N10000_cnn_E1_clr0.01_fedopt_sgd_slr1.0_sam_rho0.1_112125_19:29:21.ckpt
--- Round 36 of 10000: Training 5 Clients ---
Selected clients: ['52', '97', '54', '81', '98']
--- Updating central model ---
Checkpoint saved in path: checkpoints/cifar10/alpha0.5_K5_N10000_cnn_E1_clr0.01_fedopt_sgd_slr1.0_sam_rho0.1_112125_19:29:21.ckpt
--- Round 37 of 10000: Training 5 Clients ---
Selected clients: ['53', '68', '88', '94', '75']
--- Updating central model ---
Checkpoint saved in path: checkpoints/cifar10/alpha0.5_K5_N10000_cnn_E1_clr0.01_fedopt_sgd_slr1.0_sam_rho0.1_112125_19:29:21.ckpt
--- Round 38 of 10000: Training 5 Clients ---
Selected clients: ['71', '99', '13', '28', '20']
--- Updating central model ---
Checkpoint saved in path: checkpoints/cifar10/alpha0.5_K5_N10000_cnn_E1_clr0.01_fedopt_sgd_slr1.0_sam_rho0.1_112125_19:29:21.ckpt
--- Round 39 of 10000: Training 5 Clients ---
Selected clients: ['96', '38', '0', '69', '6']
--- Updating central model ---
Checkpoint saved in path: checkpoints/cifar10/alpha0.5_K5_N10000_cnn_E1_clr0.01_fedopt_sgd_slr1.0_sam_rho0.1_112125_19:29:21.ckpt
--- Round 40 of 10000: Training 5 Clients ---
Selected clients: ['4', '73', '61', '78', '20']
--- Updating central model ---
Checkpoint saved in path: checkpoints/cifar10/alpha0.5_K5_N10000_cnn_E1_clr0.01_fedopt_sgd_slr1.0_sam_rho0.1_112125_19:29:21.ckpt
--- Round 41 of 10000: Training 5 Clients ---
Selected clients: ['28', '30', '55', '60', '21']
--- Updating central model ---
Checkpoint saved in path: checkpoints/cifar10/alpha0.5_K5_N10000_cnn_E1_clr0.01_fedopt_sgd_slr1.0_sam_rho0.1_112125_19:29:21.ckpt
--- Round 42 of 10000: Training 5 Clients ---
Selected clients: ['67', '57', '66', '19', '22']
--- Updating central model ---
Checkpoint saved in path: checkpoints/cifar10/alpha0.5_K5_N10000_cnn_E1_clr0.01_fedopt_sgd_slr1.0_sam_rho0.1_112125_19:29:21.ckpt
--- Round 43 of 10000: Training 5 Clients ---
Selected clients: ['70', '44', '52', '90', '17']
--- Updating central model ---
Checkpoint saved in path: checkpoints/cifar10/alpha0.5_K5_N10000_cnn_E1_clr0.01_fedopt_sgd_slr1.0_sam_rho0.1_112125_19:29:21.ckpt
--- Round 44 of 10000: Training 5 Clients ---
Selected clients: ['78', '2', '59', '34', '75']
--- Updating central model ---
Checkpoint saved in path: checkpoints/cifar10/alpha0.5_K5_N10000_cnn_E1_clr0.01_fedopt_sgd_slr1.0_sam_rho0.1_112125_19:29:21.ckpt
--- Round 45 of 10000: Training 5 Clients ---
Selected clients: ['27', '60', '77', '21', '83']
--- Updating central model ---
Checkpoint saved in path: checkpoints/cifar10/alpha0.5_K5_N10000_cnn_E1_clr0.01_fedopt_sgd_slr1.0_sam_rho0.1_112125_19:29:21.ckpt
--- Round 46 of 10000: Training 5 Clients ---
Selected clients: ['33', '5', '19', '0', '69']
--- Updating central model ---
Checkpoint saved in path: checkpoints/cifar10/alpha0.5_K5_N10000_cnn_E1_clr0.01_fedopt_sgd_slr1.0_sam_rho0.1_112125_19:29:21.ckpt
--- Round 47 of 10000: Training 5 Clients ---
Selected clients: ['65', '99', '81', '11', '31']
--- Updating central model ---
Checkpoint saved in path: checkpoints/cifar10/alpha0.5_K5_N10000_cnn_E1_clr0.01_fedopt_sgd_slr1.0_sam_rho0.1_112125_19:29:21.ckpt
--- Round 48 of 10000: Training 5 Clients ---
Selected clients: ['73', '41', '95', '82', '54']
--- Updating central model ---
Checkpoint saved in path: checkpoints/cifar10/alpha0.5_K5_N10000_cnn_E1_clr0.01_fedopt_sgd_slr1.0_sam_rho0.1_112125_19:29:21.ckpt
--- Round 49 of 10000: Training 5 Clients ---
Selected clients: ['79', '54', '89', '41', '27']
--- Updating central model ---
Checkpoint saved in path: checkpoints/cifar10/alpha0.5_K5_N10000_cnn_E1_clr0.01_fedopt_sgd_slr1.0_sam_rho0.1_112125_19:29:21.ckpt
--- Round 50 of 10000: Training 5 Clients ---
Selected clients: ['34', '20', '6', '68', '83']
--- Updating central model ---
Checkpoint saved in path: checkpoints/cifar10/alpha0.5_K5_N10000_cnn_E1_clr0.01_fedopt_sgd_slr1.0_sam_rho0.1_112125_19:29:21.ckpt
--- Round 51 of 10000: Training 5 Clients ---
Selected clients: ['90', '84', '74', '71', '99']
--- Updating central model ---
Checkpoint saved in path: checkpoints/cifar10/alpha0.5_K5_N10000_cnn_E1_clr0.01_fedopt_sgd_slr1.0_sam_rho0.1_112125_19:29:21.ckpt
--- Round 52 of 10000: Training 5 Clients ---
Selected clients: ['26', '74', '97', '6', '37']
--- Updating central model ---
Checkpoint saved in path: checkpoints/cifar10/alpha0.5_K5_N10000_cnn_E1_clr0.01_fedopt_sgd_slr1.0_sam_rho0.1_112125_19:29:21.ckpt
--- Round 53 of 10000: Training 5 Clients ---
Selected clients: ['41', '67', '24', '0', '55']
--- Updating central model ---
Checkpoint saved in path: checkpoints/cifar10/alpha0.5_K5_N10000_cnn_E1_clr0.01_fedopt_sgd_slr1.0_sam_rho0.1_112125_19:29:21.ckpt
--- Round 54 of 10000: Training 5 Clients ---
Selected clients: ['72', '82', '41', '38', '91']
--- Updating central model ---
Checkpoint saved in path: checkpoints/cifar10/alpha0.5_K5_N10000_cnn_E1_clr0.01_fedopt_sgd_slr1.0_sam_rho0.1_112125_19:29:21.ckpt
--- Round 55 of 10000: Training 5 Clients ---
Selected clients: ['49', '55', '26', '29', '50']
--- Updating central model ---
Checkpoint saved in path: checkpoints/cifar10/alpha0.5_K5_N10000_cnn_E1_clr0.01_fedopt_sgd_slr1.0_sam_rho0.1_112125_19:29:21.ckpt
--- Round 56 of 10000: Training 5 Clients ---
Selected clients: ['88', '34', '32', '31', '20']
--- Updating central model ---
Checkpoint saved in path: checkpoints/cifar10/alpha0.5_K5_N10000_cnn_E1_clr0.01_fedopt_sgd_slr1.0_sam_rho0.1_112125_19:29:21.ckpt
--- Round 57 of 10000: Training 5 Clients ---
Selected clients: ['98', '92', '42', '89', '85']
--- Updating central model ---
Checkpoint saved in path: checkpoints/cifar10/alpha0.5_K5_N10000_cnn_E1_clr0.01_fedopt_sgd_slr1.0_sam_rho0.1_112125_19:29:21.ckpt
--- Round 58 of 10000: Training 5 Clients ---
Selected clients: ['60', '27', '52', '48', '67']
--- Updating central model ---
Checkpoint saved in path: checkpoints/cifar10/alpha0.5_K5_N10000_cnn_E1_clr0.01_fedopt_sgd_slr1.0_sam_rho0.1_112125_19:29:21.ckpt
--- Round 59 of 10000: Training 5 Clients ---
Selected clients: ['77', '3', '41', '92', '55']
--- Updating central model ---
Checkpoint saved in path: checkpoints/cifar10/alpha0.5_K5_N10000_cnn_E1_clr0.01_fedopt_sgd_slr1.0_sam_rho0.1_112125_19:29:21.ckpt
--- Round 60 of 10000: Training 5 Clients ---
Selected clients: ['21', '58', '36', '23', '59']
--- Updating central model ---
Checkpoint saved in path: checkpoints/cifar10/alpha0.5_K5_N10000_cnn_E1_clr0.01_fedopt_sgd_slr1.0_sam_rho0.1_112125_19:29:21.ckpt
--- Round 61 of 10000: Training 5 Clients ---
Selected clients: ['15', '0', '40', '70', '32']
--- Updating central model ---
Checkpoint saved in path: checkpoints/cifar10/alpha0.5_K5_N10000_cnn_E1_clr0.01_fedopt_sgd_slr1.0_sam_rho0.1_112125_19:29:21.ckpt
--- Round 62 of 10000: Training 5 Clients ---
Selected clients: ['81', '69', '92', '76', '71']
--- Updating central model ---
Checkpoint saved in path: checkpoints/cifar10/alpha0.5_K5_N10000_cnn_E1_clr0.01_fedopt_sgd_slr1.0_sam_rho0.1_112125_19:29:21.ckpt
--- Round 63 of 10000: Training 5 Clients ---
Selected clients: ['90', '39', '92', '0', '6']
--- Updating central model ---
Checkpoint saved in path: checkpoints/cifar10/alpha0.5_K5_N10000_cnn_E1_clr0.01_fedopt_sgd_slr1.0_sam_rho0.1_112125_19:29:21.ckpt
--- Round 64 of 10000: Training 5 Clients ---
Selected clients: ['46', '43', '29', '39', '13']
--- Updating central model ---
Checkpoint saved in path: checkpoints/cifar10/alpha0.5_K5_N10000_cnn_E1_clr0.01_fedopt_sgd_slr1.0_sam_rho0.1_112125_19:29:21.ckpt
--- Round 65 of 10000: Training 5 Clients ---
Selected clients: ['83', '55', '40', '48', '41']
--- Updating central model ---
Checkpoint saved in path: checkpoints/cifar10/alpha0.5_K5_N10000_cnn_E1_clr0.01_fedopt_sgd_slr1.0_sam_rho0.1_112125_19:29:21.ckpt
--- Round 66 of 10000: Training 5 Clients ---
Selected clients: ['0', '2', '53', '17', '58']
--- Updating central model ---
Checkpoint saved in path: checkpoints/cifar10/alpha0.5_K5_N10000_cnn_E1_clr0.01_fedopt_sgd_slr1.0_sam_rho0.1_112125_19:29:21.ckpt
--- Round 67 of 10000: Training 5 Clients ---
Selected clients: ['19', '27', '64', '22', '28']
--- Updating central model ---
Checkpoint saved in path: checkpoints/cifar10/alpha0.5_K5_N10000_cnn_E1_clr0.01_fedopt_sgd_slr1.0_sam_rho0.1_112125_19:29:21.ckpt
--- Round 68 of 10000: Training 5 Clients ---
Selected clients: ['11', '32', '38', '17', '60']
--- Updating central model ---
Checkpoint saved in path: checkpoints/cifar10/alpha0.5_K5_N10000_cnn_E1_clr0.01_fedopt_sgd_slr1.0_sam_rho0.1_112125_19:29:21.ckpt
--- Round 69 of 10000: Training 5 Clients ---
Selected clients: ['71', '98', '12', '73', '15']
--- Updating central model ---
Checkpoint saved in path: checkpoints/cifar10/alpha0.5_K5_N10000_cnn_E1_clr0.01_fedopt_sgd_slr1.0_sam_rho0.1_112125_19:29:21.ckpt
--- Round 70 of 10000: Training 5 Clients ---
Selected clients: ['35', '93', '45', '73', '95']
--- Updating central model ---
Checkpoint saved in path: checkpoints/cifar10/alpha0.5_K5_N10000_cnn_E1_clr0.01_fedopt_sgd_slr1.0_sam_rho0.1_112125_19:29:21.ckpt
--- Round 71 of 10000: Training 5 Clients ---
Selected clients: ['4', '41', '42', '76', '17']
--- Updating central model ---
Checkpoint saved in path: checkpoints/cifar10/alpha0.5_K5_N10000_cnn_E1_clr0.01_fedopt_sgd_slr1.0_sam_rho0.1_112125_19:29:21.ckpt
--- Round 72 of 10000: Training 5 Clients ---
Selected clients: ['31', '42', '22', '45', '59']
--- Updating central model ---
Checkpoint saved in path: checkpoints/cifar10/alpha0.5_K5_N10000_cnn_E1_clr0.01_fedopt_sgd_slr1.0_sam_rho0.1_112125_19:29:21.ckpt
--- Round 73 of 10000: Training 5 Clients ---
Selected clients: ['60', '38', '46', '77', '30']
--- Updating central model ---
Checkpoint saved in path: checkpoints/cifar10/alpha0.5_K5_N10000_cnn_E1_clr0.01_fedopt_sgd_slr1.0_sam_rho0.1_112125_19:29:21.ckpt
--- Round 74 of 10000: Training 5 Clients ---
Selected clients: ['64', '16', '92', '4', '40']
--- Updating central model ---
Checkpoint saved in path: checkpoints/cifar10/alpha0.5_K5_N10000_cnn_E1_clr0.01_fedopt_sgd_slr1.0_sam_rho0.1_112125_19:29:21.ckpt
--- Round 75 of 10000: Training 5 Clients ---
Selected clients: ['71', '59', '6', '88', '97']
--- Updating central model ---
Checkpoint saved in path: checkpoints/cifar10/alpha0.5_K5_N10000_cnn_E1_clr0.01_fedopt_sgd_slr1.0_sam_rho0.1_112125_19:29:21.ckpt
--- Round 76 of 10000: Training 5 Clients ---
Selected clients: ['49', '70', '91', '62', '47']
--- Updating central model ---
Checkpoint saved in path: checkpoints/cifar10/alpha0.5_K5_N10000_cnn_E1_clr0.01_fedopt_sgd_slr1.0_sam_rho0.1_112125_19:29:21.ckpt
--- Round 77 of 10000: Training 5 Clients ---
Selected clients: ['85', '29', '91', '38', '81']
--- Updating central model ---
Checkpoint saved in path: checkpoints/cifar10/alpha0.5_K5_N10000_cnn_E1_clr0.01_fedopt_sgd_slr1.0_sam_rho0.1_112125_19:29:21.ckpt
--- Round 78 of 10000: Training 5 Clients ---
Selected clients: ['76', '52', '24', '17', '80']
--- Updating central model ---
Checkpoint saved in path: checkpoints/cifar10/alpha0.5_K5_N10000_cnn_E1_clr0.01_fedopt_sgd_slr1.0_sam_rho0.1_112125_19:29:21.ckpt
--- Round 79 of 10000: Training 5 Clients ---
Selected clients: ['0', '38', '74', '20', '28']
--- Updating central model ---
Checkpoint saved in path: checkpoints/cifar10/alpha0.5_K5_N10000_cnn_E1_clr0.01_fedopt_sgd_slr1.0_sam_rho0.1_112125_19:29:21.ckpt
--- Round 80 of 10000: Training 5 Clients ---
Selected clients: ['30', '35', '36', '97', '91']
--- Updating central model ---
Checkpoint saved in path: checkpoints/cifar10/alpha0.5_K5_N10000_cnn_E1_clr0.01_fedopt_sgd_slr1.0_sam_rho0.1_112125_19:29:21.ckpt
--- Round 81 of 10000: Training 5 Clients ---
Selected clients: ['31', '14', '85', '22', '19']
--- Updating central model ---
Checkpoint saved in path: checkpoints/cifar10/alpha0.5_K5_N10000_cnn_E1_clr0.01_fedopt_sgd_slr1.0_sam_rho0.1_112125_19:29:21.ckpt
--- Round 82 of 10000: Training 5 Clients ---
Selected clients: ['53', '22', '14', '43', '34']
--- Updating central model ---
Checkpoint saved in path: checkpoints/cifar10/alpha0.5_K5_N10000_cnn_E1_clr0.01_fedopt_sgd_slr1.0_sam_rho0.1_112125_19:29:21.ckpt
--- Round 83 of 10000: Training 5 Clients ---
Selected clients: ['85', '74', '15', '39', '92']
--- Updating central model ---
Checkpoint saved in path: checkpoints/cifar10/alpha0.5_K5_N10000_cnn_E1_clr0.01_fedopt_sgd_slr1.0_sam_rho0.1_112125_19:29:21.ckpt
--- Round 84 of 10000: Training 5 Clients ---
Selected clients: ['76', '8', '12', '27', '86']
--- Updating central model ---
Checkpoint saved in path: checkpoints/cifar10/alpha0.5_K5_N10000_cnn_E1_clr0.01_fedopt_sgd_slr1.0_sam_rho0.1_112125_19:29:21.ckpt
--- Round 85 of 10000: Training 5 Clients ---
Selected clients: ['83', '34', '0', '62', '48']
--- Updating central model ---
Checkpoint saved in path: checkpoints/cifar10/alpha0.5_K5_N10000_cnn_E1_clr0.01_fedopt_sgd_slr1.0_sam_rho0.1_112125_19:29:21.ckpt
--- Round 86 of 10000: Training 5 Clients ---
Selected clients: ['76', '12', '67', '61', '70']
--- Updating central model ---
Checkpoint saved in path: checkpoints/cifar10/alpha0.5_K5_N10000_cnn_E1_clr0.01_fedopt_sgd_slr1.0_sam_rho0.1_112125_19:29:21.ckpt
--- Round 87 of 10000: Training 5 Clients ---
Selected clients: ['33', '50', '73', '82', '40']
--- Updating central model ---
Checkpoint saved in path: checkpoints/cifar10/alpha0.5_K5_N10000_cnn_E1_clr0.01_fedopt_sgd_slr1.0_sam_rho0.1_112125_19:29:21.ckpt
--- Round 88 of 10000: Training 5 Clients ---
Selected clients: ['61', '81', '47', '93', '84']
--- Updating central model ---
Checkpoint saved in path: checkpoints/cifar10/alpha0.5_K5_N10000_cnn_E1_clr0.01_fedopt_sgd_slr1.0_sam_rho0.1_112125_19:29:21.ckpt
--- Round 89 of 10000: Training 5 Clients ---
Selected clients: ['63', '61', '79', '96', '13']
--- Updating central model ---
Checkpoint saved in path: checkpoints/cifar10/alpha0.5_K5_N10000_cnn_E1_clr0.01_fedopt_sgd_slr1.0_sam_rho0.1_112125_19:29:21.ckpt
--- Round 90 of 10000: Training 5 Clients ---
Selected clients: ['67', '31', '42', '24', '11']
--- Updating central model ---
Checkpoint saved in path: checkpoints/cifar10/alpha0.5_K5_N10000_cnn_E1_clr0.01_fedopt_sgd_slr1.0_sam_rho0.1_112125_19:29:21.ckpt
--- Round 91 of 10000: Training 5 Clients ---
Selected clients: ['46', '28', '97', '21', '48']
--- Updating central model ---
Checkpoint saved in path: checkpoints/cifar10/alpha0.5_K5_N10000_cnn_E1_clr0.01_fedopt_sgd_slr1.0_sam_rho0.1_112125_19:29:21.ckpt
--- Round 92 of 10000: Training 5 Clients ---
Selected clients: ['91', '74', '99', '0', '13']
--- Updating central model ---
Checkpoint saved in path: checkpoints/cifar10/alpha0.5_K5_N10000_cnn_E1_clr0.01_fedopt_sgd_slr1.0_sam_rho0.1_112125_19:29:21.ckpt
--- Round 93 of 10000: Training 5 Clients ---
Selected clients: ['85', '66', '36', '27', '14']
--- Updating central model ---
Checkpoint saved in path: checkpoints/cifar10/alpha0.5_K5_N10000_cnn_E1_clr0.01_fedopt_sgd_slr1.0_sam_rho0.1_112125_19:29:21.ckpt
--- Round 94 of 10000: Training 5 Clients ---
Selected clients: ['59', '83', '56', '63', '78']
--- Updating central model ---
Checkpoint saved in path: checkpoints/cifar10/alpha0.5_K5_N10000_cnn_E1_clr0.01_fedopt_sgd_slr1.0_sam_rho0.1_112125_19:29:21.ckpt
--- Round 95 of 10000: Training 5 Clients ---
Selected clients: ['93', '32', '71', '14', '28']
--- Updating central model ---
Checkpoint saved in path: checkpoints/cifar10/alpha0.5_K5_N10000_cnn_E1_clr0.01_fedopt_sgd_slr1.0_sam_rho0.1_112125_19:29:21.ckpt
--- Round 96 of 10000: Training 5 Clients ---
Selected clients: ['86', '48', '21', '25', '14']
--- Updating central model ---
Checkpoint saved in path: checkpoints/cifar10/alpha0.5_K5_N10000_cnn_E1_clr0.01_fedopt_sgd_slr1.0_sam_rho0.1_112125_19:29:21.ckpt
--- Round 97 of 10000: Training 5 Clients ---
Selected clients: ['34', '13', '38', '70', '36']
--- Updating central model ---
Checkpoint saved in path: checkpoints/cifar10/alpha0.5_K5_N10000_cnn_E1_clr0.01_fedopt_sgd_slr1.0_sam_rho0.1_112125_19:29:21.ckpt
--- Round 98 of 10000: Training 5 Clients ---
Selected clients: ['43', '74', '76', '67', '7']
--- Updating central model ---
Checkpoint saved in path: checkpoints/cifar10/alpha0.5_K5_N10000_cnn_E1_clr0.01_fedopt_sgd_slr1.0_sam_rho0.1_112125_19:29:21.ckpt
--- Round 99 of 10000: Training 5 Clients ---
Selected clients: ['71', '33', '48', '14', '92']
--- Updating central model ---
Checkpoint saved in path: checkpoints/cifar10/alpha0.5_K5_N10000_cnn_E1_clr0.01_fedopt_sgd_slr1.0_sam_rho0.1_112125_19:29:21.ckpt
--- Round 100 of 10000: Training 5 Clients ---
Selected clients: ['49', '73', '85', '91', '6']
--- Updating central model ---
train_accuracy: 11.7971, 10th percentile: 0.850532, 50th percentile: 6.36094, 90th percentile 30.1674
train_loss: 2.30127, 10th percentile: 2.28131, 50th percentile: 2.30427, 90th percentile 2.31867
test_accuracy: 11.59, 10th percentile: 11.59, 50th percentile: 11.59, 90th percentile 11.59
test_loss: 2.30112, 10th percentile: 2.30112, 50th percentile: 2.30112, 90th percentile 2.30112
Checkpoint saved in path: checkpoints/cifar10/alpha0.5_K5_N10000_cnn_E1_clr0.01_fedopt_sgd_slr1.0_sam_rho0.1_112125_19:29:21.ckpt
--- Round 101 of 10000: Training 5 Clients ---
Selected clients: ['88', '36', '31', '21', '30']
--- Updating central model ---
Checkpoint saved in path: checkpoints/cifar10/alpha0.5_K5_N10000_cnn_E1_clr0.01_fedopt_sgd_slr1.0_sam_rho0.1_112125_19:29:21.ckpt
--- Round 102 of 10000: Training 5 Clients ---
Selected clients: ['18', '6', '96', '91', '88']
--- Updating central model ---
Checkpoint saved in path: checkpoints/cifar10/alpha0.5_K5_N10000_cnn_E1_clr0.01_fedopt_sgd_slr1.0_sam_rho0.1_112125_19:29:21.ckpt
--- Round 103 of 10000: Training 5 Clients ---
Selected clients: ['27', '65', '69', '46', '40']
--- Updating central model ---
Checkpoint saved in path: checkpoints/cifar10/alpha0.5_K5_N10000_cnn_E1_clr0.01_fedopt_sgd_slr1.0_sam_rho0.1_112125_19:29:21.ckpt
--- Round 104 of 10000: Training 5 Clients ---
Selected clients: ['28', '33', '35', '59', '49']
--- Updating central model ---
Checkpoint saved in path: checkpoints/cifar10/alpha0.5_K5_N10000_cnn_E1_clr0.01_fedopt_sgd_slr1.0_sam_rho0.1_112125_19:29:21.ckpt
--- Round 105 of 10000: Training 5 Clients ---
Selected clients: ['21', '91', '52', '77', '26']
--- Updating central model ---
Checkpoint saved in path: checkpoints/cifar10/alpha0.5_K5_N10000_cnn_E1_clr0.01_fedopt_sgd_slr1.0_sam_rho0.1_112125_19:29:21.ckpt
--- Round 106 of 10000: Training 5 Clients ---
Selected clients: ['74', '22', '32', '67', '38']
--- Updating central model ---
Checkpoint saved in path: checkpoints/cifar10/alpha0.5_K5_N10000_cnn_E1_clr0.01_fedopt_sgd_slr1.0_sam_rho0.1_112125_19:29:21.ckpt
--- Round 107 of 10000: Training 5 Clients ---
Selected clients: ['67', '94', '13', '32', '56']
--- Updating central model ---
Checkpoint saved in path: checkpoints/cifar10/alpha0.5_K5_N10000_cnn_E1_clr0.01_fedopt_sgd_slr1.0_sam_rho0.1_112125_19:29:21.ckpt
--- Round 108 of 10000: Training 5 Clients ---
Selected clients: ['17', '52', '67', '5', '96']
--- Updating central model ---
Checkpoint saved in path: checkpoints/cifar10/alpha0.5_K5_N10000_cnn_E1_clr0.01_fedopt_sgd_slr1.0_sam_rho0.1_112125_19:29:21.ckpt
--- Round 109 of 10000: Training 5 Clients ---
Selected clients: ['23', '49', '27', '8', '37']
--- Updating central model ---
Checkpoint saved in path: checkpoints/cifar10/alpha0.5_K5_N10000_cnn_E1_clr0.01_fedopt_sgd_slr1.0_sam_rho0.1_112125_19:29:21.ckpt
--- Round 110 of 10000: Training 5 Clients ---
Selected clients: ['32', '98', '15', '46', '42']
--- Updating central model ---
Checkpoint saved in path: checkpoints/cifar10/alpha0.5_K5_N10000_cnn_E1_clr0.01_fedopt_sgd_slr1.0_sam_rho0.1_112125_19:29:21.ckpt
--- Round 111 of 10000: Training 5 Clients ---
Selected clients: ['83', '28', '57', '73', '20']
--- Updating central model ---
Checkpoint saved in path: checkpoints/cifar10/alpha0.5_K5_N10000_cnn_E1_clr0.01_fedopt_sgd_slr1.0_sam_rho0.1_112125_19:29:21.ckpt
--- Round 112 of 10000: Training 5 Clients ---
Selected clients: ['30', '68', '84', '0', '98']
--- Updating central model ---
Checkpoint saved in path: checkpoints/cifar10/alpha0.5_K5_N10000_cnn_E1_clr0.01_fedopt_sgd_slr1.0_sam_rho0.1_112125_19:29:21.ckpt
--- Round 113 of 10000: Training 5 Clients ---
Selected clients: ['10', '89', '66', '46', '6']
--- Updating central model ---
Checkpoint saved in path: checkpoints/cifar10/alpha0.5_K5_N10000_cnn_E1_clr0.01_fedopt_sgd_slr1.0_sam_rho0.1_112125_19:29:21.ckpt
--- Round 114 of 10000: Training 5 Clients ---
Selected clients: ['82', '15', '61', '98', '73']
--- Updating central model ---
Checkpoint saved in path: checkpoints/cifar10/alpha0.5_K5_N10000_cnn_E1_clr0.01_fedopt_sgd_slr1.0_sam_rho0.1_112125_19:29:21.ckpt
--- Round 115 of 10000: Training 5 Clients ---
Selected clients: ['49', '15', '4', '57', '63']
--- Updating central model ---
Checkpoint saved in path: checkpoints/cifar10/alpha0.5_K5_N10000_cnn_E1_clr0.01_fedopt_sgd_slr1.0_sam_rho0.1_112125_19:29:21.ckpt
--- Round 116 of 10000: Training 5 Clients ---
Selected clients: ['29', '87', '25', '81', '19']
--- Updating central model ---
Checkpoint saved in path: checkpoints/cifar10/alpha0.5_K5_N10000_cnn_E1_clr0.01_fedopt_sgd_slr1.0_sam_rho0.1_112125_19:29:21.ckpt
--- Round 117 of 10000: Training 5 Clients ---
Selected clients: ['96', '24', '81', '42', '46']
--- Updating central model ---
Checkpoint saved in path: checkpoints/cifar10/alpha0.5_K5_N10000_cnn_E1_clr0.01_fedopt_sgd_slr1.0_sam_rho0.1_112125_19:29:21.ckpt
--- Round 118 of 10000: Training 5 Clients ---
Selected clients: ['93', '8', '63', '38', '4']
--- Updating central model ---
Checkpoint saved in path: checkpoints/cifar10/alpha0.5_K5_N10000_cnn_E1_clr0.01_fedopt_sgd_slr1.0_sam_rho0.1_112125_19:29:21.ckpt
--- Round 119 of 10000: Training 5 Clients ---
Selected clients: ['65', '52', '47', '42', '80']
--- Updating central model ---
Checkpoint saved in path: checkpoints/cifar10/alpha0.5_K5_N10000_cnn_E1_clr0.01_fedopt_sgd_slr1.0_sam_rho0.1_112125_19:29:21.ckpt
--- Round 120 of 10000: Training 5 Clients ---
Selected clients: ['71', '58', '8', '98', '91']
--- Updating central model ---
Checkpoint saved in path: checkpoints/cifar10/alpha0.5_K5_N10000_cnn_E1_clr0.01_fedopt_sgd_slr1.0_sam_rho0.1_112125_19:29:21.ckpt
--- Round 121 of 10000: Training 5 Clients ---
Selected clients: ['28', '66', '82', '58', '12']
--- Updating central model ---
Checkpoint saved in path: checkpoints/cifar10/alpha0.5_K5_N10000_cnn_E1_clr0.01_fedopt_sgd_slr1.0_sam_rho0.1_112125_19:29:21.ckpt
--- Round 122 of 10000: Training 5 Clients ---
Selected clients: ['47', '82', '95', '48', '7']
--- Updating central model ---
Checkpoint saved in path: checkpoints/cifar10/alpha0.5_K5_N10000_cnn_E1_clr0.01_fedopt_sgd_slr1.0_sam_rho0.1_112125_19:29:21.ckpt
--- Round 123 of 10000: Training 5 Clients ---
Selected clients: ['27', '65', '86', '58', '57']
--- Updating central model ---
Checkpoint saved in path: checkpoints/cifar10/alpha0.5_K5_N10000_cnn_E1_clr0.01_fedopt_sgd_slr1.0_sam_rho0.1_112125_19:29:21.ckpt
--- Round 124 of 10000: Training 5 Clients ---
Selected clients: ['31', '5', '93', '33', '48']
--- Updating central model ---
Checkpoint saved in path: checkpoints/cifar10/alpha0.5_K5_N10000_cnn_E1_clr0.01_fedopt_sgd_slr1.0_sam_rho0.1_112125_19:29:21.ckpt
--- Round 125 of 10000: Training 5 Clients ---
Selected clients: ['11', '71', '13', '47', '42']
--- Updating central model ---
Checkpoint saved in path: checkpoints/cifar10/alpha0.5_K5_N10000_cnn_E1_clr0.01_fedopt_sgd_slr1.0_sam_rho0.1_112125_19:29:21.ckpt
--- Round 126 of 10000: Training 5 Clients ---
Selected clients: ['74', '77', '11', '80', '75']
--- Updating central model ---
Checkpoint saved in path: checkpoints/cifar10/alpha0.5_K5_N10000_cnn_E1_clr0.01_fedopt_sgd_slr1.0_sam_rho0.1_112125_19:29:21.ckpt
--- Round 127 of 10000: Training 5 Clients ---
Selected clients: ['89', '82', '15', '87', '21']
--- Updating central model ---
Checkpoint saved in path: checkpoints/cifar10/alpha0.5_K5_N10000_cnn_E1_clr0.01_fedopt_sgd_slr1.0_sam_rho0.1_112125_19:29:21.ckpt
--- Round 128 of 10000: Training 5 Clients ---
Selected clients: ['33', '47', '19', '10', '59']
--- Updating central model ---
Checkpoint saved in path: checkpoints/cifar10/alpha0.5_K5_N10000_cnn_E1_clr0.01_fedopt_sgd_slr1.0_sam_rho0.1_112125_19:29:21.ckpt
--- Round 129 of 10000: Training 5 Clients ---
Selected clients: ['25', '46', '28', '86', '42']
--- Updating central model ---
Checkpoint saved in path: checkpoints/cifar10/alpha0.5_K5_N10000_cnn_E1_clr0.01_fedopt_sgd_slr1.0_sam_rho0.1_112125_19:29:21.ckpt
--- Round 130 of 10000: Training 5 Clients ---
Selected clients: ['61', '26', '94', '97', '18']
--- Updating central model ---
Checkpoint saved in path: checkpoints/cifar10/alpha0.5_K5_N10000_cnn_E1_clr0.01_fedopt_sgd_slr1.0_sam_rho0.1_112125_19:29:21.ckpt
--- Round 131 of 10000: Training 5 Clients ---
Selected clients: ['56', '12', '87', '18', '19']
--- Updating central model ---
Checkpoint saved in path: checkpoints/cifar10/alpha0.5_K5_N10000_cnn_E1_clr0.01_fedopt_sgd_slr1.0_sam_rho0.1_112125_19:29:21.ckpt
--- Round 132 of 10000: Training 5 Clients ---
Selected clients: ['88', '18', '38', '85', '22']
--- Updating central model ---
Checkpoint saved in path: checkpoints/cifar10/alpha0.5_K5_N10000_cnn_E1_clr0.01_fedopt_sgd_slr1.0_sam_rho0.1_112125_19:29:21.ckpt
--- Round 133 of 10000: Training 5 Clients ---
Selected clients: ['22', '95', '63', '53', '98']
--- Updating central model ---
Checkpoint saved in path: checkpoints/cifar10/alpha0.5_K5_N10000_cnn_E1_clr0.01_fedopt_sgd_slr1.0_sam_rho0.1_112125_19:29:21.ckpt
--- Round 134 of 10000: Training 5 Clients ---
Selected clients: ['1', '16', '89', '23', '43']
--- Updating central model ---
Checkpoint saved in path: checkpoints/cifar10/alpha0.5_K5_N10000_cnn_E1_clr0.01_fedopt_sgd_slr1.0_sam_rho0.1_112125_19:29:21.ckpt
--- Round 135 of 10000: Training 5 Clients ---
Selected clients: ['82', '14', '4', '22', '1']
--- Updating central model ---
Checkpoint saved in path: checkpoints/cifar10/alpha0.5_K5_N10000_cnn_E1_clr0.01_fedopt_sgd_slr1.0_sam_rho0.1_112125_19:29:21.ckpt
--- Round 136 of 10000: Training 5 Clients ---
Selected clients: ['36', '42', '17', '4', '39']
--- Updating central model ---
Checkpoint saved in path: checkpoints/cifar10/alpha0.5_K5_N10000_cnn_E1_clr0.01_fedopt_sgd_slr1.0_sam_rho0.1_112125_19:29:21.ckpt
--- Round 137 of 10000: Training 5 Clients ---
Selected clients: ['55', '33', '76', '58', '3']
--- Updating central model ---
Checkpoint saved in path: checkpoints/cifar10/alpha0.5_K5_N10000_cnn_E1_clr0.01_fedopt_sgd_slr1.0_sam_rho0.1_112125_19:29:21.ckpt
--- Round 138 of 10000: Training 5 Clients ---
Selected clients: ['49', '38', '5', '13', '71']
--- Updating central model ---
Checkpoint saved in path: checkpoints/cifar10/alpha0.5_K5_N10000_cnn_E1_clr0.01_fedopt_sgd_slr1.0_sam_rho0.1_112125_19:29:21.ckpt
--- Round 139 of 10000: Training 5 Clients ---
Selected clients: ['94', '32', '73', '97', '53']
--- Updating central model ---
Checkpoint saved in path: checkpoints/cifar10/alpha0.5_K5_N10000_cnn_E1_clr0.01_fedopt_sgd_slr1.0_sam_rho0.1_112125_19:29:21.ckpt
--- Round 140 of 10000: Training 5 Clients ---
Selected clients: ['16', '64', '28', '77', '22']
--- Updating central model ---
Checkpoint saved in path: checkpoints/cifar10/alpha0.5_K5_N10000_cnn_E1_clr0.01_fedopt_sgd_slr1.0_sam_rho0.1_112125_19:29:21.ckpt
--- Round 141 of 10000: Training 5 Clients ---
Selected clients: ['56', '90', '61', '26', '44']
--- Updating central model ---
Checkpoint saved in path: checkpoints/cifar10/alpha0.5_K5_N10000_cnn_E1_clr0.01_fedopt_sgd_slr1.0_sam_rho0.1_112125_19:29:21.ckpt
--- Round 142 of 10000: Training 5 Clients ---
Selected clients: ['5', '59', '4', '9', '24']
--- Updating central model ---
Checkpoint saved in path: checkpoints/cifar10/alpha0.5_K5_N10000_cnn_E1_clr0.01_fedopt_sgd_slr1.0_sam_rho0.1_112125_19:29:21.ckpt
--- Round 143 of 10000: Training 5 Clients ---
Selected clients: ['16', '72', '71', '25', '88']
--- Updating central model ---
Checkpoint saved in path: checkpoints/cifar10/alpha0.5_K5_N10000_cnn_E1_clr0.01_fedopt_sgd_slr1.0_sam_rho0.1_112125_19:29:21.ckpt
--- Round 144 of 10000: Training 5 Clients ---
Selected clients: ['64', '24', '7', '68', '16']
--- Updating central model ---
Checkpoint saved in path: checkpoints/cifar10/alpha0.5_K5_N10000_cnn_E1_clr0.01_fedopt_sgd_slr1.0_sam_rho0.1_112125_19:29:21.ckpt
--- Round 145 of 10000: Training 5 Clients ---
Selected clients: ['50', '34', '86', '35', '11']
--- Updating central model ---
Checkpoint saved in path: checkpoints/cifar10/alpha0.5_K5_N10000_cnn_E1_clr0.01_fedopt_sgd_slr1.0_sam_rho0.1_112125_19:29:21.ckpt
--- Round 146 of 10000: Training 5 Clients ---
Selected clients: ['56', '11', '72', '65', '9']
--- Updating central model ---
Checkpoint saved in path: checkpoints/cifar10/alpha0.5_K5_N10000_cnn_E1_clr0.01_fedopt_sgd_slr1.0_sam_rho0.1_112125_19:29:21.ckpt
--- Round 147 of 10000: Training 5 Clients ---
Selected clients: ['77', '97', '52', '1', '85']
--- Updating central model ---
Checkpoint saved in path: checkpoints/cifar10/alpha0.5_K5_N10000_cnn_E1_clr0.01_fedopt_sgd_slr1.0_sam_rho0.1_112125_19:29:21.ckpt
--- Round 148 of 10000: Training 5 Clients ---
Selected clients: ['13', '97', '46', '6', '49']
--- Updating central model ---
Checkpoint saved in path: checkpoints/cifar10/alpha0.5_K5_N10000_cnn_E1_clr0.01_fedopt_sgd_slr1.0_sam_rho0.1_112125_19:29:21.ckpt
--- Round 149 of 10000: Training 5 Clients ---
Selected clients: ['35', '97', '1', '24', '86']
--- Updating central model ---
Checkpoint saved in path: checkpoints/cifar10/alpha0.5_K5_N10000_cnn_E1_clr0.01_fedopt_sgd_slr1.0_sam_rho0.1_112125_19:29:21.ckpt
--- Round 150 of 10000: Training 5 Clients ---
Selected clients: ['17', '43', '94', '25', '33']
--- Updating central model ---
Checkpoint saved in path: checkpoints/cifar10/alpha0.5_K5_N10000_cnn_E1_clr0.01_fedopt_sgd_slr1.0_sam_rho0.1_112125_19:29:21.ckpt
--- Round 151 of 10000: Training 5 Clients ---
Selected clients: ['87', '48', '32', '29', '55']
--- Updating central model ---
Checkpoint saved in path: checkpoints/cifar10/alpha0.5_K5_N10000_cnn_E1_clr0.01_fedopt_sgd_slr1.0_sam_rho0.1_112125_19:29:21.ckpt
--- Round 152 of 10000: Training 5 Clients ---
Selected clients: ['44', '36', '28', '53', '96']
--- Updating central model ---
Checkpoint saved in path: checkpoints/cifar10/alpha0.5_K5_N10000_cnn_E1_clr0.01_fedopt_sgd_slr1.0_sam_rho0.1_112125_19:29:21.ckpt
--- Round 153 of 10000: Training 5 Clients ---
Selected clients: ['6', '66', '95', '1', '53']
--- Updating central model ---
Checkpoint saved in path: checkpoints/cifar10/alpha0.5_K5_N10000_cnn_E1_clr0.01_fedopt_sgd_slr1.0_sam_rho0.1_112125_19:29:21.ckpt
--- Round 154 of 10000: Training 5 Clients ---
Selected clients: ['58', '44', '99', '92', '84']
--- Updating central model ---
Checkpoint saved in path: checkpoints/cifar10/alpha0.5_K5_N10000_cnn_E1_clr0.01_fedopt_sgd_slr1.0_sam_rho0.1_112125_19:29:21.ckpt
--- Round 155 of 10000: Training 5 Clients ---
Selected clients: ['36', '27', '74', '57', '51']
--- Updating central model ---
Checkpoint saved in path: checkpoints/cifar10/alpha0.5_K5_N10000_cnn_E1_clr0.01_fedopt_sgd_slr1.0_sam_rho0.1_112125_19:29:21.ckpt
--- Round 156 of 10000: Training 5 Clients ---
Selected clients: ['78', '0', '81', '19', '67']
--- Updating central model ---
Checkpoint saved in path: checkpoints/cifar10/alpha0.5_K5_N10000_cnn_E1_clr0.01_fedopt_sgd_slr1.0_sam_rho0.1_112125_19:29:21.ckpt
--- Round 157 of 10000: Training 5 Clients ---
Selected clients: ['64', '75', '88', '78', '68']
--- Updating central model ---
Checkpoint saved in path: checkpoints/cifar10/alpha0.5_K5_N10000_cnn_E1_clr0.01_fedopt_sgd_slr1.0_sam_rho0.1_112125_19:29:21.ckpt
--- Round 158 of 10000: Training 5 Clients ---
Selected clients: ['44', '39', '70', '16', '99']
--- Updating central model ---
Checkpoint saved in path: checkpoints/cifar10/alpha0.5_K5_N10000_cnn_E1_clr0.01_fedopt_sgd_slr1.0_sam_rho0.1_112125_19:29:21.ckpt
--- Round 159 of 10000: Training 5 Clients ---
Selected clients: ['60', '74', '24', '37', '41']
--- Updating central model ---
Checkpoint saved in path: checkpoints/cifar10/alpha0.5_K5_N10000_cnn_E1_clr0.01_fedopt_sgd_slr1.0_sam_rho0.1_112125_19:29:21.ckpt
--- Round 160 of 10000: Training 5 Clients ---
Selected clients: ['65', '49', '81', '91', '92']
--- Updating central model ---
Checkpoint saved in path: checkpoints/cifar10/alpha0.5_K5_N10000_cnn_E1_clr0.01_fedopt_sgd_slr1.0_sam_rho0.1_112125_19:29:21.ckpt
--- Round 161 of 10000: Training 5 Clients ---
Selected clients: ['25', '47', '8', '0', '4']
--- Updating central model ---
Checkpoint saved in path: checkpoints/cifar10/alpha0.5_K5_N10000_cnn_E1_clr0.01_fedopt_sgd_slr1.0_sam_rho0.1_112125_19:29:21.ckpt
--- Round 162 of 10000: Training 5 Clients ---
Selected clients: ['91', '59', '15', '72', '28']
--- Updating central model ---
Checkpoint saved in path: checkpoints/cifar10/alpha0.5_K5_N10000_cnn_E1_clr0.01_fedopt_sgd_slr1.0_sam_rho0.1_112125_19:29:21.ckpt
--- Round 163 of 10000: Training 5 Clients ---
Selected clients: ['54', '61', '40', '32', '22']
--- Updating central model ---
Checkpoint saved in path: checkpoints/cifar10/alpha0.5_K5_N10000_cnn_E1_clr0.01_fedopt_sgd_slr1.0_sam_rho0.1_112125_19:29:21.ckpt
--- Round 164 of 10000: Training 5 Clients ---
Selected clients: ['43', '20', '80', '96', '33']
--- Updating central model ---
Checkpoint saved in path: checkpoints/cifar10/alpha0.5_K5_N10000_cnn_E1_clr0.01_fedopt_sgd_slr1.0_sam_rho0.1_112125_19:29:21.ckpt
--- Round 165 of 10000: Training 5 Clients ---
Selected clients: ['22', '20', '60', '62', '59']
--- Updating central model ---
Checkpoint saved in path: checkpoints/cifar10/alpha0.5_K5_N10000_cnn_E1_clr0.01_fedopt_sgd_slr1.0_sam_rho0.1_112125_19:29:21.ckpt
--- Round 166 of 10000: Training 5 Clients ---
Selected clients: ['20', '62', '2', '18', '74']
--- Updating central model ---
Checkpoint saved in path: checkpoints/cifar10/alpha0.5_K5_N10000_cnn_E1_clr0.01_fedopt_sgd_slr1.0_sam_rho0.1_112125_19:29:21.ckpt
--- Round 167 of 10000: Training 5 Clients ---
Selected clients: ['45', '26', '40', '68', '9']
--- Updating central model ---
Checkpoint saved in path: checkpoints/cifar10/alpha0.5_K5_N10000_cnn_E1_clr0.01_fedopt_sgd_slr1.0_sam_rho0.1_112125_19:29:21.ckpt
--- Round 168 of 10000: Training 5 Clients ---
Selected clients: ['20', '40', '33', '14', '97']
--- Updating central model ---
Checkpoint saved in path: checkpoints/cifar10/alpha0.5_K5_N10000_cnn_E1_clr0.01_fedopt_sgd_slr1.0_sam_rho0.1_112125_19:29:21.ckpt
--- Round 169 of 10000: Training 5 Clients ---
Selected clients: ['33', '37', '94', '13', '76']
--- Updating central model ---
Checkpoint saved in path: checkpoints/cifar10/alpha0.5_K5_N10000_cnn_E1_clr0.01_fedopt_sgd_slr1.0_sam_rho0.1_112125_19:29:21.ckpt
--- Round 170 of 10000: Training 5 Clients ---
Selected clients: ['88', '99', '45', '66', '73']
--- Updating central model ---
Checkpoint saved in path: checkpoints/cifar10/alpha0.5_K5_N10000_cnn_E1_clr0.01_fedopt_sgd_slr1.0_sam_rho0.1_112125_19:29:21.ckpt
--- Round 171 of 10000: Training 5 Clients ---
Selected clients: ['35', '30', '69', '67', '26']
--- Updating central model ---
Checkpoint saved in path: checkpoints/cifar10/alpha0.5_K5_N10000_cnn_E1_clr0.01_fedopt_sgd_slr1.0_sam_rho0.1_112125_19:29:21.ckpt
--- Round 172 of 10000: Training 5 Clients ---
Selected clients: ['88', '8', '70', '45', '81']
--- Updating central model ---
Checkpoint saved in path: checkpoints/cifar10/alpha0.5_K5_N10000_cnn_E1_clr0.01_fedopt_sgd_slr1.0_sam_rho0.1_112125_19:29:21.ckpt
--- Round 173 of 10000: Training 5 Clients ---
Selected clients: ['76', '70', '80', '12', '18']
--- Updating central model ---
Checkpoint saved in path: checkpoints/cifar10/alpha0.5_K5_N10000_cnn_E1_clr0.01_fedopt_sgd_slr1.0_sam_rho0.1_112125_19:29:21.ckpt
--- Round 174 of 10000: Training 5 Clients ---
Selected clients: ['12', '88', '16', '3', '65']
--- Updating central model ---
Checkpoint saved in path: checkpoints/cifar10/alpha0.5_K5_N10000_cnn_E1_clr0.01_fedopt_sgd_slr1.0_sam_rho0.1_112125_19:29:21.ckpt
--- Round 175 of 10000: Training 5 Clients ---
Selected clients: ['88', '20', '32', '52', '49']
--- Updating central model ---
Checkpoint saved in path: checkpoints/cifar10/alpha0.5_K5_N10000_cnn_E1_clr0.01_fedopt_sgd_slr1.0_sam_rho0.1_112125_19:29:21.ckpt
--- Round 176 of 10000: Training 5 Clients ---
Selected clients: ['67', '60', '3', '31', '21']
--- Updating central model ---
Checkpoint saved in path: checkpoints/cifar10/alpha0.5_K5_N10000_cnn_E1_clr0.01_fedopt_sgd_slr1.0_sam_rho0.1_112125_19:29:21.ckpt
--- Round 177 of 10000: Training 5 Clients ---
Selected clients: ['30', '40', '69', '78', '33']
--- Updating central model ---
Checkpoint saved in path: checkpoints/cifar10/alpha0.5_K5_N10000_cnn_E1_clr0.01_fedopt_sgd_slr1.0_sam_rho0.1_112125_19:29:21.ckpt
--- Round 178 of 10000: Training 5 Clients ---
Selected clients: ['77', '52', '28', '27', '71']
--- Updating central model ---
Checkpoint saved in path: checkpoints/cifar10/alpha0.5_K5_N10000_cnn_E1_clr0.01_fedopt_sgd_slr1.0_sam_rho0.1_112125_19:29:21.ckpt
--- Round 179 of 10000: Training 5 Clients ---
Selected clients: ['85', '60', '91', '9', '30']
--- Updating central model ---
Checkpoint saved in path: checkpoints/cifar10/alpha0.5_K5_N10000_cnn_E1_clr0.01_fedopt_sgd_slr1.0_sam_rho0.1_112125_19:29:21.ckpt
--- Round 180 of 10000: Training 5 Clients ---
Selected clients: ['48', '42', '39', '64', '12']
--- Updating central model ---
Checkpoint saved in path: checkpoints/cifar10/alpha0.5_K5_N10000_cnn_E1_clr0.01_fedopt_sgd_slr1.0_sam_rho0.1_112125_19:29:21.ckpt
--- Round 181 of 10000: Training 5 Clients ---
Selected clients: ['73', '47', '98', '59', '58']
--- Updating central model ---
Checkpoint saved in path: checkpoints/cifar10/alpha0.5_K5_N10000_cnn_E1_clr0.01_fedopt_sgd_slr1.0_sam_rho0.1_112125_19:29:21.ckpt
--- Round 182 of 10000: Training 5 Clients ---
Selected clients: ['68', '0', '84', '31', '69']
--- Updating central model ---
Checkpoint saved in path: checkpoints/cifar10/alpha0.5_K5_N10000_cnn_E1_clr0.01_fedopt_sgd_slr1.0_sam_rho0.1_112125_19:29:21.ckpt
--- Round 183 of 10000: Training 5 Clients ---
Selected clients: ['54', '41', '30', '16', '88']
--- Updating central model ---
Checkpoint saved in path: checkpoints/cifar10/alpha0.5_K5_N10000_cnn_E1_clr0.01_fedopt_sgd_slr1.0_sam_rho0.1_112125_19:29:21.ckpt
--- Round 184 of 10000: Training 5 Clients ---
Selected clients: ['78', '0', '66', '60', '96']
--- Updating central model ---
Checkpoint saved in path: checkpoints/cifar10/alpha0.5_K5_N10000_cnn_E1_clr0.01_fedopt_sgd_slr1.0_sam_rho0.1_112125_19:29:21.ckpt
--- Round 185 of 10000: Training 5 Clients ---
Selected clients: ['61', '78', '58', '13', '34']
--- Updating central model ---
Checkpoint saved in path: checkpoints/cifar10/alpha0.5_K5_N10000_cnn_E1_clr0.01_fedopt_sgd_slr1.0_sam_rho0.1_112125_19:29:21.ckpt
--- Round 186 of 10000: Training 5 Clients ---
Selected clients: ['87', '49', '17', '8', '7']
--- Updating central model ---
Checkpoint saved in path: checkpoints/cifar10/alpha0.5_K5_N10000_cnn_E1_clr0.01_fedopt_sgd_slr1.0_sam_rho0.1_112125_19:29:21.ckpt
--- Round 187 of 10000: Training 5 Clients ---
Selected clients: ['18', '50', '1', '47', '34']
--- Updating central model ---
Checkpoint saved in path: checkpoints/cifar10/alpha0.5_K5_N10000_cnn_E1_clr0.01_fedopt_sgd_slr1.0_sam_rho0.1_112125_19:29:21.ckpt
--- Round 188 of 10000: Training 5 Clients ---
Selected clients: ['56', '49', '71', '61', '83']
--- Updating central model ---
Checkpoint saved in path: checkpoints/cifar10/alpha0.5_K5_N10000_cnn_E1_clr0.01_fedopt_sgd_slr1.0_sam_rho0.1_112125_19:29:21.ckpt
--- Round 189 of 10000: Training 5 Clients ---
Selected clients: ['23', '84', '3', '77', '17']
--- Updating central model ---
Checkpoint saved in path: checkpoints/cifar10/alpha0.5_K5_N10000_cnn_E1_clr0.01_fedopt_sgd_slr1.0_sam_rho0.1_112125_19:29:21.ckpt
--- Round 190 of 10000: Training 5 Clients ---
Selected clients: ['75', '44', '20', '21', '13']
--- Updating central model ---
Checkpoint saved in path: checkpoints/cifar10/alpha0.5_K5_N10000_cnn_E1_clr0.01_fedopt_sgd_slr1.0_sam_rho0.1_112125_19:29:21.ckpt
--- Round 191 of 10000: Training 5 Clients ---
Selected clients: ['87', '25', '77', '69', '84']
--- Updating central model ---
Checkpoint saved in path: checkpoints/cifar10/alpha0.5_K5_N10000_cnn_E1_clr0.01_fedopt_sgd_slr1.0_sam_rho0.1_112125_19:29:21.ckpt
--- Round 192 of 10000: Training 5 Clients ---
Selected clients: ['80', '69', '7', '60', '15']
--- Updating central model ---
Checkpoint saved in path: checkpoints/cifar10/alpha0.5_K5_N10000_cnn_E1_clr0.01_fedopt_sgd_slr1.0_sam_rho0.1_112125_19:29:21.ckpt
--- Round 193 of 10000: Training 5 Clients ---
Selected clients: ['63', '95', '10', '64', '9']
--- Updating central model ---
Checkpoint saved in path: checkpoints/cifar10/alpha0.5_K5_N10000_cnn_E1_clr0.01_fedopt_sgd_slr1.0_sam_rho0.1_112125_19:29:21.ckpt
--- Round 194 of 10000: Training 5 Clients ---
Selected clients: ['77', '58', '60', '87', '81']
--- Updating central model ---
Checkpoint saved in path: checkpoints/cifar10/alpha0.5_K5_N10000_cnn_E1_clr0.01_fedopt_sgd_slr1.0_sam_rho0.1_112125_19:29:21.ckpt
--- Round 195 of 10000: Training 5 Clients ---
Selected clients: ['19', '24', '59', '57', '78']
--- Updating central model ---
Checkpoint saved in path: checkpoints/cifar10/alpha0.5_K5_N10000_cnn_E1_clr0.01_fedopt_sgd_slr1.0_sam_rho0.1_112125_19:29:21.ckpt
--- Round 196 of 10000: Training 5 Clients ---
Selected clients: ['81', '99', '76', '38', '30']
--- Updating central model ---
Checkpoint saved in path: checkpoints/cifar10/alpha0.5_K5_N10000_cnn_E1_clr0.01_fedopt_sgd_slr1.0_sam_rho0.1_112125_19:29:21.ckpt
--- Round 197 of 10000: Training 5 Clients ---
Selected clients: ['10', '48', '77', '90', '71']
--- Updating central model ---
Checkpoint saved in path: checkpoints/cifar10/alpha0.5_K5_N10000_cnn_E1_clr0.01_fedopt_sgd_slr1.0_sam_rho0.1_112125_19:29:21.ckpt
--- Round 198 of 10000: Training 5 Clients ---
Selected clients: ['11', '42', '64', '74', '80']
--- Updating central model ---
Checkpoint saved in path: checkpoints/cifar10/alpha0.5_K5_N10000_cnn_E1_clr0.01_fedopt_sgd_slr1.0_sam_rho0.1_112125_19:29:21.ckpt
--- Round 199 of 10000: Training 5 Clients ---
Selected clients: ['3', '80', '38', '4', '1']
--- Updating central model ---
Checkpoint saved in path: checkpoints/cifar10/alpha0.5_K5_N10000_cnn_E1_clr0.01_fedopt_sgd_slr1.0_sam_rho0.1_112125_19:29:21.ckpt
--- Round 200 of 10000: Training 5 Clients ---
Selected clients: ['82', '38', '45', '83', '68']
--- Updating central model ---
train_accuracy: 10.5543, 10th percentile: 0.433174, 50th percentile: 4.37145, 90th percentile 28.7374
train_loss: 2.29535, 10th percentile: 2.26779, 50th percentile: 2.29543, 90th percentile 2.32079
test_accuracy: 10.49, 10th percentile: 10.49, 50th percentile: 10.49, 90th percentile 10.49
test_loss: 2.29486, 10th percentile: 2.29486, 50th percentile: 2.29486, 90th percentile 2.29486
Checkpoint saved in path: checkpoints/cifar10/alpha0.5_K5_N10000_cnn_E1_clr0.01_fedopt_sgd_slr1.0_sam_rho0.1_112125_19:29:21.ckpt
--- Round 201 of 10000: Training 5 Clients ---
Selected clients: ['44', '90', '64', '73', '40']
--- Updating central model ---
Checkpoint saved in path: checkpoints/cifar10/alpha0.5_K5_N10000_cnn_E1_clr0.01_fedopt_sgd_slr1.0_sam_rho0.1_112125_19:29:21.ckpt
--- Round 202 of 10000: Training 5 Clients ---
Selected clients: ['10', '80', '24', '7', '9']
--- Updating central model ---
Checkpoint saved in path: checkpoints/cifar10/alpha0.5_K5_N10000_cnn_E1_clr0.01_fedopt_sgd_slr1.0_sam_rho0.1_112125_19:29:21.ckpt
--- Round 203 of 10000: Training 5 Clients ---
Selected clients: ['47', '89', '84', '51', '77']
--- Updating central model ---
Checkpoint saved in path: checkpoints/cifar10/alpha0.5_K5_N10000_cnn_E1_clr0.01_fedopt_sgd_slr1.0_sam_rho0.1_112125_19:29:21.ckpt
--- Round 204 of 10000: Training 5 Clients ---
Selected clients: ['64', '37', '52', '46', '29']
--- Updating central model ---
Checkpoint saved in path: checkpoints/cifar10/alpha0.5_K5_N10000_cnn_E1_clr0.01_fedopt_sgd_slr1.0_sam_rho0.1_112125_19:29:21.ckpt
--- Round 205 of 10000: Training 5 Clients ---
Selected clients: ['78', '93', '55', '4', '80']
--- Updating central model ---
Checkpoint saved in path: checkpoints/cifar10/alpha0.5_K5_N10000_cnn_E1_clr0.01_fedopt_sgd_slr1.0_sam_rho0.1_112125_19:29:21.ckpt
--- Round 206 of 10000: Training 5 Clients ---
Selected clients: ['25', '26', '23', '1', '6']
--- Updating central model ---
Checkpoint saved in path: checkpoints/cifar10/alpha0.5_K5_N10000_cnn_E1_clr0.01_fedopt_sgd_slr1.0_sam_rho0.1_112125_19:29:21.ckpt
--- Round 207 of 10000: Training 5 Clients ---
Selected clients: ['34', '36', '15', '13', '28']
--- Updating central model ---
Checkpoint saved in path: checkpoints/cifar10/alpha0.5_K5_N10000_cnn_E1_clr0.01_fedopt_sgd_slr1.0_sam_rho0.1_112125_19:29:21.ckpt
--- Round 208 of 10000: Training 5 Clients ---
Selected clients: ['85', '69', '20', '61', '46']
--- Updating central model ---
Checkpoint saved in path: checkpoints/cifar10/alpha0.5_K5_N10000_cnn_E1_clr0.01_fedopt_sgd_slr1.0_sam_rho0.1_112125_19:29:21.ckpt
--- Round 209 of 10000: Training 5 Clients ---
Selected clients: ['89', '29', '96', '81', '57']
--- Updating central model ---
Checkpoint saved in path: checkpoints/cifar10/alpha0.5_K5_N10000_cnn_E1_clr0.01_fedopt_sgd_slr1.0_sam_rho0.1_112125_19:29:21.ckpt
--- Round 210 of 10000: Training 5 Clients ---
Selected clients: ['43', '26', '3', '23', '2']
--- Updating central model ---
Checkpoint saved in path: checkpoints/cifar10/alpha0.5_K5_N10000_cnn_E1_clr0.01_fedopt_sgd_slr1.0_sam_rho0.1_112125_19:29:21.ckpt
--- Round 211 of 10000: Training 5 Clients ---
Selected clients: ['96', '66', '63', '82', '8']
--- Updating central model ---
Checkpoint saved in path: checkpoints/cifar10/alpha0.5_K5_N10000_cnn_E1_clr0.01_fedopt_sgd_slr1.0_sam_rho0.1_112125_19:29:21.ckpt
--- Round 212 of 10000: Training 5 Clients ---
Selected clients: ['95', '90', '3', '13', '97']
--- Updating central model ---
Checkpoint saved in path: checkpoints/cifar10/alpha0.5_K5_N10000_cnn_E1_clr0.01_fedopt_sgd_slr1.0_sam_rho0.1_112125_19:29:21.ckpt
--- Round 213 of 10000: Training 5 Clients ---
Selected clients: ['17', '88', '31', '12', '1']
--- Updating central model ---
Checkpoint saved in path: checkpoints/cifar10/alpha0.5_K5_N10000_cnn_E1_clr0.01_fedopt_sgd_slr1.0_sam_rho0.1_112125_19:29:21.ckpt
--- Round 214 of 10000: Training 5 Clients ---
Selected clients: ['97', '36', '30', '60', '88']
--- Updating central model ---
Checkpoint saved in path: checkpoints/cifar10/alpha0.5_K5_N10000_cnn_E1_clr0.01_fedopt_sgd_slr1.0_sam_rho0.1_112125_19:29:21.ckpt
--- Round 215 of 10000: Training 5 Clients ---
Selected clients: ['69', '92', '10', '98', '27']
--- Updating central model ---
Checkpoint saved in path: checkpoints/cifar10/alpha0.5_K5_N10000_cnn_E1_clr0.01_fedopt_sgd_slr1.0_sam_rho0.1_112125_19:29:21.ckpt
--- Round 216 of 10000: Training 5 Clients ---
Selected clients: ['44', '52', '7', '48', '10']
--- Updating central model ---
Checkpoint saved in path: checkpoints/cifar10/alpha0.5_K5_N10000_cnn_E1_clr0.01_fedopt_sgd_slr1.0_sam_rho0.1_112125_19:29:21.ckpt
--- Round 217 of 10000: Training 5 Clients ---
Selected clients: ['65', '15', '10', '45', '51']
--- Updating central model ---
Checkpoint saved in path: checkpoints/cifar10/alpha0.5_K5_N10000_cnn_E1_clr0.01_fedopt_sgd_slr1.0_sam_rho0.1_112125_19:29:21.ckpt
--- Round 218 of 10000: Training 5 Clients ---
Selected clients: ['14', '50', '16', '71', '63']
--- Updating central model ---
Checkpoint saved in path: checkpoints/cifar10/alpha0.5_K5_N10000_cnn_E1_clr0.01_fedopt_sgd_slr1.0_sam_rho0.1_112125_19:29:21.ckpt
--- Round 219 of 10000: Training 5 Clients ---
Selected clients: ['64', '82', '86', '33', '55']
--- Updating central model ---
Checkpoint saved in path: checkpoints/cifar10/alpha0.5_K5_N10000_cnn_E1_clr0.01_fedopt_sgd_slr1.0_sam_rho0.1_112125_19:29:21.ckpt
--- Round 220 of 10000: Training 5 Clients ---
Selected clients: ['2', '31', '56', '63', '81']
--- Updating central model ---
Checkpoint saved in path: checkpoints/cifar10/alpha0.5_K5_N10000_cnn_E1_clr0.01_fedopt_sgd_slr1.0_sam_rho0.1_112125_19:29:21.ckpt
--- Round 221 of 10000: Training 5 Clients ---
Selected clients: ['15', '28', '13', '50', '37']
--- Updating central model ---
Checkpoint saved in path: checkpoints/cifar10/alpha0.5_K5_N10000_cnn_E1_clr0.01_fedopt_sgd_slr1.0_sam_rho0.1_112125_19:29:21.ckpt
--- Round 222 of 10000: Training 5 Clients ---
Selected clients: ['56', '50', '32', '51', '34']
--- Updating central model ---
Checkpoint saved in path: checkpoints/cifar10/alpha0.5_K5_N10000_cnn_E1_clr0.01_fedopt_sgd_slr1.0_sam_rho0.1_112125_19:29:21.ckpt
--- Round 223 of 10000: Training 5 Clients ---
Selected clients: ['46', '68', '41', '33', '69']
--- Updating central model ---
Checkpoint saved in path: checkpoints/cifar10/alpha0.5_K5_N10000_cnn_E1_clr0.01_fedopt_sgd_slr1.0_sam_rho0.1_112125_19:29:21.ckpt
--- Round 224 of 10000: Training 5 Clients ---
Selected clients: ['89', '32', '78', '86', '73']
--- Updating central model ---
Checkpoint saved in path: checkpoints/cifar10/alpha0.5_K5_N10000_cnn_E1_clr0.01_fedopt_sgd_slr1.0_sam_rho0.1_112125_19:29:21.ckpt
--- Round 225 of 10000: Training 5 Clients ---
Selected clients: ['30', '46', '77', '58', '96']
--- Updating central model ---
Checkpoint saved in path: checkpoints/cifar10/alpha0.5_K5_N10000_cnn_E1_clr0.01_fedopt_sgd_slr1.0_sam_rho0.1_112125_19:29:21.ckpt
--- Round 226 of 10000: Training 5 Clients ---
Selected clients: ['8', '28', '99', '5', '94']
--- Updating central model ---
Checkpoint saved in path: checkpoints/cifar10/alpha0.5_K5_N10000_cnn_E1_clr0.01_fedopt_sgd_slr1.0_sam_rho0.1_112125_19:29:21.ckpt
--- Round 227 of 10000: Training 5 Clients ---
Selected clients: ['14', '67', '64', '21', '75']
--- Updating central model ---
Checkpoint saved in path: checkpoints/cifar10/alpha0.5_K5_N10000_cnn_E1_clr0.01_fedopt_sgd_slr1.0_sam_rho0.1_112125_19:29:21.ckpt
--- Round 228 of 10000: Training 5 Clients ---
Selected clients: ['69', '4', '57', '44', '14']
--- Updating central model ---
Checkpoint saved in path: checkpoints/cifar10/alpha0.5_K5_N10000_cnn_E1_clr0.01_fedopt_sgd_slr1.0_sam_rho0.1_112125_19:29:21.ckpt
--- Round 229 of 10000: Training 5 Clients ---
Selected clients: ['97', '84', '70', '34', '13']
--- Updating central model ---
Checkpoint saved in path: checkpoints/cifar10/alpha0.5_K5_N10000_cnn_E1_clr0.01_fedopt_sgd_slr1.0_sam_rho0.1_112125_19:29:21.ckpt
--- Round 230 of 10000: Training 5 Clients ---
Selected clients: ['32', '72', '47', '9', '36']
--- Updating central model ---
Checkpoint saved in path: checkpoints/cifar10/alpha0.5_K5_N10000_cnn_E1_clr0.01_fedopt_sgd_slr1.0_sam_rho0.1_112125_19:29:21.ckpt
--- Round 231 of 10000: Training 5 Clients ---
Selected clients: ['71', '60', '46', '61', '36']
--- Updating central model ---
Checkpoint saved in path: checkpoints/cifar10/alpha0.5_K5_N10000_cnn_E1_clr0.01_fedopt_sgd_slr1.0_sam_rho0.1_112125_19:29:21.ckpt
--- Round 232 of 10000: Training 5 Clients ---
Selected clients: ['61', '6', '55', '90', '62']
--- Updating central model ---
Checkpoint saved in path: checkpoints/cifar10/alpha0.5_K5_N10000_cnn_E1_clr0.01_fedopt_sgd_slr1.0_sam_rho0.1_112125_19:29:21.ckpt
--- Round 233 of 10000: Training 5 Clients ---
Selected clients: ['72', '4', '40', '79', '61']
--- Updating central model ---
Checkpoint saved in path: checkpoints/cifar10/alpha0.5_K5_N10000_cnn_E1_clr0.01_fedopt_sgd_slr1.0_sam_rho0.1_112125_19:29:21.ckpt
--- Round 234 of 10000: Training 5 Clients ---
Selected clients: ['40', '44', '51', '24', '59']
--- Updating central model ---
Checkpoint saved in path: checkpoints/cifar10/alpha0.5_K5_N10000_cnn_E1_clr0.01_fedopt_sgd_slr1.0_sam_rho0.1_112125_19:29:21.ckpt
--- Round 235 of 10000: Training 5 Clients ---
Selected clients: ['15', '69', '35', '25', '77']
--- Updating central model ---
Checkpoint saved in path: checkpoints/cifar10/alpha0.5_K5_N10000_cnn_E1_clr0.01_fedopt_sgd_slr1.0_sam_rho0.1_112125_19:29:21.ckpt
--- Round 236 of 10000: Training 5 Clients ---
Selected clients: ['92', '17', '65', '18', '37']
--- Updating central model ---
Checkpoint saved in path: checkpoints/cifar10/alpha0.5_K5_N10000_cnn_E1_clr0.01_fedopt_sgd_slr1.0_sam_rho0.1_112125_19:29:21.ckpt
--- Round 237 of 10000: Training 5 Clients ---
Selected clients: ['58', '80', '33', '82', '78']
--- Updating central model ---
Checkpoint saved in path: checkpoints/cifar10/alpha0.5_K5_N10000_cnn_E1_clr0.01_fedopt_sgd_slr1.0_sam_rho0.1_112125_19:29:21.ckpt
--- Round 238 of 10000: Training 5 Clients ---
Selected clients: ['34', '47', '4', '12', '92']
--- Updating central model ---
Checkpoint saved in path: checkpoints/cifar10/alpha0.5_K5_N10000_cnn_E1_clr0.01_fedopt_sgd_slr1.0_sam_rho0.1_112125_19:29:21.ckpt
--- Round 239 of 10000: Training 5 Clients ---
Selected clients: ['84', '9', '34', '49', '8']
--- Updating central model ---
Checkpoint saved in path: checkpoints/cifar10/alpha0.5_K5_N10000_cnn_E1_clr0.01_fedopt_sgd_slr1.0_sam_rho0.1_112125_19:29:21.ckpt
--- Round 240 of 10000: Training 5 Clients ---
Selected clients: ['58', '93', '34', '29', '52']
--- Updating central model ---
Checkpoint saved in path: checkpoints/cifar10/alpha0.5_K5_N10000_cnn_E1_clr0.01_fedopt_sgd_slr1.0_sam_rho0.1_112125_19:29:21.ckpt
--- Round 241 of 10000: Training 5 Clients ---
Selected clients: ['53', '37', '58', '25', '29']
--- Updating central model ---
Checkpoint saved in path: checkpoints/cifar10/alpha0.5_K5_N10000_cnn_E1_clr0.01_fedopt_sgd_slr1.0_sam_rho0.1_112125_19:29:21.ckpt
--- Round 242 of 10000: Training 5 Clients ---
Selected clients: ['45', '41', '68', '50', '34']
--- Updating central model ---
Checkpoint saved in path: checkpoints/cifar10/alpha0.5_K5_N10000_cnn_E1_clr0.01_fedopt_sgd_slr1.0_sam_rho0.1_112125_19:29:21.ckpt
--- Round 243 of 10000: Training 5 Clients ---
Selected clients: ['7', '61', '81', '98', '96']
--- Updating central model ---
Checkpoint saved in path: checkpoints/cifar10/alpha0.5_K5_N10000_cnn_E1_clr0.01_fedopt_sgd_slr1.0_sam_rho0.1_112125_19:29:21.ckpt
--- Round 244 of 10000: Training 5 Clients ---
Selected clients: ['74', '43', '48', '5', '79']
--- Updating central model ---
Checkpoint saved in path: checkpoints/cifar10/alpha0.5_K5_N10000_cnn_E1_clr0.01_fedopt_sgd_slr1.0_sam_rho0.1_112125_19:29:21.ckpt
--- Round 245 of 10000: Training 5 Clients ---
Selected clients: ['71', '51', '80', '98', '0']
--- Updating central model ---
Checkpoint saved in path: checkpoints/cifar10/alpha0.5_K5_N10000_cnn_E1_clr0.01_fedopt_sgd_slr1.0_sam_rho0.1_112125_19:29:21.ckpt
--- Round 246 of 10000: Training 5 Clients ---
Selected clients: ['42', '43', '47', '27', '95']
--- Updating central model ---
Checkpoint saved in path: checkpoints/cifar10/alpha0.5_K5_N10000_cnn_E1_clr0.01_fedopt_sgd_slr1.0_sam_rho0.1_112125_19:29:21.ckpt
--- Round 247 of 10000: Training 5 Clients ---
Selected clients: ['72', '23', '5', '22', '18']
--- Updating central model ---
Checkpoint saved in path: checkpoints/cifar10/alpha0.5_K5_N10000_cnn_E1_clr0.01_fedopt_sgd_slr1.0_sam_rho0.1_112125_19:29:21.ckpt
--- Round 248 of 10000: Training 5 Clients ---
Selected clients: ['93', '28', '70', '58', '68']
--- Updating central model ---
Checkpoint saved in path: checkpoints/cifar10/alpha0.5_K5_N10000_cnn_E1_clr0.01_fedopt_sgd_slr1.0_sam_rho0.1_112125_19:29:21.ckpt
--- Round 249 of 10000: Training 5 Clients ---
Selected clients: ['60', '43', '65', '91', '2']
--- Updating central model ---
Checkpoint saved in path: checkpoints/cifar10/alpha0.5_K5_N10000_cnn_E1_clr0.01_fedopt_sgd_slr1.0_sam_rho0.1_112125_19:29:21.ckpt
--- Round 250 of 10000: Training 5 Clients ---
Selected clients: ['81', '47', '66', '36', '41']
--- Updating central model ---
Checkpoint saved in path: checkpoints/cifar10/alpha0.5_K5_N10000_cnn_E1_clr0.01_fedopt_sgd_slr1.0_sam_rho0.1_112125_19:29:21.ckpt
--- Round 251 of 10000: Training 5 Clients ---
Selected clients: ['54', '14', '59', '52', '84']
--- Updating central model ---
Checkpoint saved in path: checkpoints/cifar10/alpha0.5_K5_N10000_cnn_E1_clr0.01_fedopt_sgd_slr1.0_sam_rho0.1_112125_19:29:21.ckpt
--- Round 252 of 10000: Training 5 Clients ---
Selected clients: ['22', '75', '64', '0', '81']
--- Updating central model ---
Checkpoint saved in path: checkpoints/cifar10/alpha0.5_K5_N10000_cnn_E1_clr0.01_fedopt_sgd_slr1.0_sam_rho0.1_112125_19:29:21.ckpt
--- Round 253 of 10000: Training 5 Clients ---
Selected clients: ['18', '68', '69', '5', '39']
--- Updating central model ---
Checkpoint saved in path: checkpoints/cifar10/alpha0.5_K5_N10000_cnn_E1_clr0.01_fedopt_sgd_slr1.0_sam_rho0.1_112125_19:29:21.ckpt
--- Round 254 of 10000: Training 5 Clients ---
Selected clients: ['96', '32', '77', '78', '97']
--- Updating central model ---
Checkpoint saved in path: checkpoints/cifar10/alpha0.5_K5_N10000_cnn_E1_clr0.01_fedopt_sgd_slr1.0_sam_rho0.1_112125_19:29:21.ckpt
--- Round 255 of 10000: Training 5 Clients ---
Selected clients: ['98', '5', '10', '54', '39']
--- Updating central model ---
Checkpoint saved in path: checkpoints/cifar10/alpha0.5_K5_N10000_cnn_E1_clr0.01_fedopt_sgd_slr1.0_sam_rho0.1_112125_19:29:21.ckpt
--- Round 256 of 10000: Training 5 Clients ---
Selected clients: ['18', '9', '35', '28', '61']
--- Updating central model ---
Checkpoint saved in path: checkpoints/cifar10/alpha0.5_K5_N10000_cnn_E1_clr0.01_fedopt_sgd_slr1.0_sam_rho0.1_112125_19:29:21.ckpt
--- Round 257 of 10000: Training 5 Clients ---
Selected clients: ['72', '59', '33', '26', '65']
--- Updating central model ---
Checkpoint saved in path: checkpoints/cifar10/alpha0.5_K5_N10000_cnn_E1_clr0.01_fedopt_sgd_slr1.0_sam_rho0.1_112125_19:29:21.ckpt
--- Round 258 of 10000: Training 5 Clients ---
Selected clients: ['20', '11', '56', '33', '15']
--- Updating central model ---
Checkpoint saved in path: checkpoints/cifar10/alpha0.5_K5_N10000_cnn_E1_clr0.01_fedopt_sgd_slr1.0_sam_rho0.1_112125_19:29:21.ckpt
--- Round 259 of 10000: Training 5 Clients ---
Selected clients: ['68', '78', '74', '59', '60']
--- Updating central model ---
Checkpoint saved in path: checkpoints/cifar10/alpha0.5_K5_N10000_cnn_E1_clr0.01_fedopt_sgd_slr1.0_sam_rho0.1_112125_19:29:21.ckpt
--- Round 260 of 10000: Training 5 Clients ---
Selected clients: ['58', '47', '82', '32', '88']
--- Updating central model ---
Checkpoint saved in path: checkpoints/cifar10/alpha0.5_K5_N10000_cnn_E1_clr0.01_fedopt_sgd_slr1.0_sam_rho0.1_112125_19:29:21.ckpt
--- Round 261 of 10000: Training 5 Clients ---
Selected clients: ['18', '27', '54', '64', '73']
--- Updating central model ---
Checkpoint saved in path: checkpoints/cifar10/alpha0.5_K5_N10000_cnn_E1_clr0.01_fedopt_sgd_slr1.0_sam_rho0.1_112125_19:29:21.ckpt
--- Round 262 of 10000: Training 5 Clients ---
Selected clients: ['59', '52', '60', '77', '50']
--- Updating central model ---
Checkpoint saved in path: checkpoints/cifar10/alpha0.5_K5_N10000_cnn_E1_clr0.01_fedopt_sgd_slr1.0_sam_rho0.1_112125_19:29:21.ckpt
--- Round 263 of 10000: Training 5 Clients ---
Selected clients: ['69', '53', '76', '71', '58']
--- Updating central model ---
Checkpoint saved in path: checkpoints/cifar10/alpha0.5_K5_N10000_cnn_E1_clr0.01_fedopt_sgd_slr1.0_sam_rho0.1_112125_19:29:21.ckpt
--- Round 264 of 10000: Training 5 Clients ---
Selected clients: ['17', '62', '3', '52', '84']
--- Updating central model ---
Checkpoint saved in path: checkpoints/cifar10/alpha0.5_K5_N10000_cnn_E1_clr0.01_fedopt_sgd_slr1.0_sam_rho0.1_112125_19:29:21.ckpt
--- Round 265 of 10000: Training 5 Clients ---
Selected clients: ['31', '92', '29', '75', '87']
--- Updating central model ---
Checkpoint saved in path: checkpoints/cifar10/alpha0.5_K5_N10000_cnn_E1_clr0.01_fedopt_sgd_slr1.0_sam_rho0.1_112125_19:29:21.ckpt
--- Round 266 of 10000: Training 5 Clients ---
Selected clients: ['97', '15', '99', '65', '57']
--- Updating central model ---
Checkpoint saved in path: checkpoints/cifar10/alpha0.5_K5_N10000_cnn_E1_clr0.01_fedopt_sgd_slr1.0_sam_rho0.1_112125_19:29:21.ckpt
--- Round 267 of 10000: Training 5 Clients ---
Selected clients: ['77', '98', '97', '5', '39']
--- Updating central model ---
Checkpoint saved in path: checkpoints/cifar10/alpha0.5_K5_N10000_cnn_E1_clr0.01_fedopt_sgd_slr1.0_sam_rho0.1_112125_19:29:21.ckpt
--- Round 268 of 10000: Training 5 Clients ---
Selected clients: ['29', '16', '27', '83', '61']
--- Updating central model ---
Checkpoint saved in path: checkpoints/cifar10/alpha0.5_K5_N10000_cnn_E1_clr0.01_fedopt_sgd_slr1.0_sam_rho0.1_112125_19:29:21.ckpt
--- Round 269 of 10000: Training 5 Clients ---
Selected clients: ['77', '4', '5', '72', '76']
--- Updating central model ---
Checkpoint saved in path: checkpoints/cifar10/alpha0.5_K5_N10000_cnn_E1_clr0.01_fedopt_sgd_slr1.0_sam_rho0.1_112125_19:29:21.ckpt
--- Round 270 of 10000: Training 5 Clients ---
Selected clients: ['35', '74', '36', '65', '85']
--- Updating central model ---
Checkpoint saved in path: checkpoints/cifar10/alpha0.5_K5_N10000_cnn_E1_clr0.01_fedopt_sgd_slr1.0_sam_rho0.1_112125_19:29:21.ckpt
--- Round 271 of 10000: Training 5 Clients ---
Selected clients: ['62', '15', '77', '49', '7']
--- Updating central model ---
Checkpoint saved in path: checkpoints/cifar10/alpha0.5_K5_N10000_cnn_E1_clr0.01_fedopt_sgd_slr1.0_sam_rho0.1_112125_19:29:21.ckpt
--- Round 272 of 10000: Training 5 Clients ---
Selected clients: ['6', '36', '51', '46', '26']
--- Updating central model ---
Checkpoint saved in path: checkpoints/cifar10/alpha0.5_K5_N10000_cnn_E1_clr0.01_fedopt_sgd_slr1.0_sam_rho0.1_112125_19:29:21.ckpt
--- Round 273 of 10000: Training 5 Clients ---
Selected clients: ['21', '67', '12', '47', '44']
--- Updating central model ---
Checkpoint saved in path: checkpoints/cifar10/alpha0.5_K5_N10000_cnn_E1_clr0.01_fedopt_sgd_slr1.0_sam_rho0.1_112125_19:29:21.ckpt
--- Round 274 of 10000: Training 5 Clients ---
Selected clients: ['85', '8', '19', '71', '59']
--- Updating central model ---
Checkpoint saved in path: checkpoints/cifar10/alpha0.5_K5_N10000_cnn_E1_clr0.01_fedopt_sgd_slr1.0_sam_rho0.1_112125_19:29:21.ckpt
--- Round 275 of 10000: Training 5 Clients ---
Selected clients: ['32', '7', '12', '26', '96']
--- Updating central model ---
Checkpoint saved in path: checkpoints/cifar10/alpha0.5_K5_N10000_cnn_E1_clr0.01_fedopt_sgd_slr1.0_sam_rho0.1_112125_19:29:21.ckpt
--- Round 276 of 10000: Training 5 Clients ---
Selected clients: ['78', '1', '24', '98', '46']
--- Updating central model ---
Checkpoint saved in path: checkpoints/cifar10/alpha0.5_K5_N10000_cnn_E1_clr0.01_fedopt_sgd_slr1.0_sam_rho0.1_112125_19:29:21.ckpt
--- Round 277 of 10000: Training 5 Clients ---
Selected clients: ['34', '15', '25', '46', '64']
--- Updating central model ---
Checkpoint saved in path: checkpoints/cifar10/alpha0.5_K5_N10000_cnn_E1_clr0.01_fedopt_sgd_slr1.0_sam_rho0.1_112125_19:29:21.ckpt
--- Round 278 of 10000: Training 5 Clients ---
Selected clients: ['94', '79', '4', '61', '60']
--- Updating central model ---
Checkpoint saved in path: checkpoints/cifar10/alpha0.5_K5_N10000_cnn_E1_clr0.01_fedopt_sgd_slr1.0_sam_rho0.1_112125_19:29:21.ckpt
--- Round 279 of 10000: Training 5 Clients ---
Selected clients: ['44', '43', '53', '35', '45']
--- Updating central model ---
Checkpoint saved in path: checkpoints/cifar10/alpha0.5_K5_N10000_cnn_E1_clr0.01_fedopt_sgd_slr1.0_sam_rho0.1_112125_19:29:21.ckpt
--- Round 280 of 10000: Training 5 Clients ---
Selected clients: ['18', '90', '84', '33', '46']
--- Updating central model ---
Checkpoint saved in path: checkpoints/cifar10/alpha0.5_K5_N10000_cnn_E1_clr0.01_fedopt_sgd_slr1.0_sam_rho0.1_112125_19:29:21.ckpt
--- Round 281 of 10000: Training 5 Clients ---
Selected clients: ['25', '62', '69', '50', '80']
--- Updating central model ---
Checkpoint saved in path: checkpoints/cifar10/alpha0.5_K5_N10000_cnn_E1_clr0.01_fedopt_sgd_slr1.0_sam_rho0.1_112125_19:29:21.ckpt
--- Round 282 of 10000: Training 5 Clients ---
Selected clients: ['4', '40', '28', '45', '86']
--- Updating central model ---
Checkpoint saved in path: checkpoints/cifar10/alpha0.5_K5_N10000_cnn_E1_clr0.01_fedopt_sgd_slr1.0_sam_rho0.1_112125_19:29:21.ckpt
--- Round 283 of 10000: Training 5 Clients ---
Selected clients: ['38', '55', '40', '35', '80']
--- Updating central model ---
Checkpoint saved in path: checkpoints/cifar10/alpha0.5_K5_N10000_cnn_E1_clr0.01_fedopt_sgd_slr1.0_sam_rho0.1_112125_19:29:21.ckpt
--- Round 284 of 10000: Training 5 Clients ---
Selected clients: ['50', '42', '80', '90', '45']
--- Updating central model ---
Checkpoint saved in path: checkpoints/cifar10/alpha0.5_K5_N10000_cnn_E1_clr0.01_fedopt_sgd_slr1.0_sam_rho0.1_112125_19:29:21.ckpt
--- Round 285 of 10000: Training 5 Clients ---
Selected clients: ['63', '67', '70', '89', '60']
--- Updating central model ---
Checkpoint saved in path: checkpoints/cifar10/alpha0.5_K5_N10000_cnn_E1_clr0.01_fedopt_sgd_slr1.0_sam_rho0.1_112125_19:29:21.ckpt
--- Round 286 of 10000: Training 5 Clients ---
Selected clients: ['83', '45', '51', '32', '58']
--- Updating central model ---
Checkpoint saved in path: checkpoints/cifar10/alpha0.5_K5_N10000_cnn_E1_clr0.01_fedopt_sgd_slr1.0_sam_rho0.1_112125_19:29:21.ckpt
--- Round 287 of 10000: Training 5 Clients ---
Selected clients: ['10', '82', '46', '36', '94']
--- Updating central model ---
Checkpoint saved in path: checkpoints/cifar10/alpha0.5_K5_N10000_cnn_E1_clr0.01_fedopt_sgd_slr1.0_sam_rho0.1_112125_19:29:21.ckpt
--- Round 288 of 10000: Training 5 Clients ---
Selected clients: ['54', '5', '20', '76', '72']
--- Updating central model ---
Checkpoint saved in path: checkpoints/cifar10/alpha0.5_K5_N10000_cnn_E1_clr0.01_fedopt_sgd_slr1.0_sam_rho0.1_112125_19:29:21.ckpt
--- Round 289 of 10000: Training 5 Clients ---
Selected clients: ['76', '11', '65', '13', '23']
--- Updating central model ---
Checkpoint saved in path: checkpoints/cifar10/alpha0.5_K5_N10000_cnn_E1_clr0.01_fedopt_sgd_slr1.0_sam_rho0.1_112125_19:29:21.ckpt
--- Round 290 of 10000: Training 5 Clients ---
Selected clients: ['19', '91', '25', '37', '23']
--- Updating central model ---
Checkpoint saved in path: checkpoints/cifar10/alpha0.5_K5_N10000_cnn_E1_clr0.01_fedopt_sgd_slr1.0_sam_rho0.1_112125_19:29:21.ckpt
--- Round 291 of 10000: Training 5 Clients ---
Selected clients: ['21', '94', '74', '88', '37']
--- Updating central model ---
Checkpoint saved in path: checkpoints/cifar10/alpha0.5_K5_N10000_cnn_E1_clr0.01_fedopt_sgd_slr1.0_sam_rho0.1_112125_19:29:21.ckpt
--- Round 292 of 10000: Training 5 Clients ---
Selected clients: ['21', '95', '26', '72', '0']
--- Updating central model ---
Checkpoint saved in path: checkpoints/cifar10/alpha0.5_K5_N10000_cnn_E1_clr0.01_fedopt_sgd_slr1.0_sam_rho0.1_112125_19:29:21.ckpt
--- Round 293 of 10000: Training 5 Clients ---
Selected clients: ['52', '54', '95', '92', '59']
--- Updating central model ---
Checkpoint saved in path: checkpoints/cifar10/alpha0.5_K5_N10000_cnn_E1_clr0.01_fedopt_sgd_slr1.0_sam_rho0.1_112125_19:29:21.ckpt
--- Round 294 of 10000: Training 5 Clients ---
Selected clients: ['13', '49', '32', '79', '8']
--- Updating central model ---
Checkpoint saved in path: checkpoints/cifar10/alpha0.5_K5_N10000_cnn_E1_clr0.01_fedopt_sgd_slr1.0_sam_rho0.1_112125_19:29:21.ckpt
--- Round 295 of 10000: Training 5 Clients ---
Selected clients: ['76', '51', '12', '94', '17']
--- Updating central model ---
Checkpoint saved in path: checkpoints/cifar10/alpha0.5_K5_N10000_cnn_E1_clr0.01_fedopt_sgd_slr1.0_sam_rho0.1_112125_19:29:21.ckpt
--- Round 296 of 10000: Training 5 Clients ---
Selected clients: ['75', '11', '86', '28', '23']
--- Updating central model ---
Checkpoint saved in path: checkpoints/cifar10/alpha0.5_K5_N10000_cnn_E1_clr0.01_fedopt_sgd_slr1.0_sam_rho0.1_112125_19:29:21.ckpt
--- Round 297 of 10000: Training 5 Clients ---
Selected clients: ['55', '84', '73', '50', '97']
--- Updating central model ---
Checkpoint saved in path: checkpoints/cifar10/alpha0.5_K5_N10000_cnn_E1_clr0.01_fedopt_sgd_slr1.0_sam_rho0.1_112125_19:29:21.ckpt
--- Round 298 of 10000: Training 5 Clients ---
Selected clients: ['15', '97', '85', '21', '79']
--- Updating central model ---
Checkpoint saved in path: checkpoints/cifar10/alpha0.5_K5_N10000_cnn_E1_clr0.01_fedopt_sgd_slr1.0_sam_rho0.1_112125_19:29:21.ckpt
--- Round 299 of 10000: Training 5 Clients ---
Selected clients: ['65', '68', '85', '57', '33']
--- Updating central model ---
Checkpoint saved in path: checkpoints/cifar10/alpha0.5_K5_N10000_cnn_E1_clr0.01_fedopt_sgd_slr1.0_sam_rho0.1_112125_19:29:21.ckpt
--- Round 300 of 10000: Training 5 Clients ---
Selected clients: ['31', '89', '34', '54', '14']
--- Updating central model ---
train_accuracy: 18.8086, 10th percentile: 6.3648, 50th percentile: 18.0034, 90th percentile 35.535
train_loss: 2.17116, 10th percentile: 2.07197, 50th percentile: 2.1724, 90th percentile 2.2517
test_accuracy: 19.55, 10th percentile: 19.55, 50th percentile: 19.55, 90th percentile 19.55
test_loss: 2.16469, 10th percentile: 2.16469, 50th percentile: 2.16469, 90th percentile 2.16469
Checkpoint saved in path: checkpoints/cifar10/alpha0.5_K5_N10000_cnn_E1_clr0.01_fedopt_sgd_slr1.0_sam_rho0.1_112125_19:29:21.ckpt
--- Round 301 of 10000: Training 5 Clients ---
Selected clients: ['79', '29', '52', '4', '38']
--- Updating central model ---
Checkpoint saved in path: checkpoints/cifar10/alpha0.5_K5_N10000_cnn_E1_clr0.01_fedopt_sgd_slr1.0_sam_rho0.1_112125_19:29:21.ckpt
--- Round 302 of 10000: Training 5 Clients ---
Selected clients: ['95', '11', '73', '94', '18']
--- Updating central model ---
Checkpoint saved in path: checkpoints/cifar10/alpha0.5_K5_N10000_cnn_E1_clr0.01_fedopt_sgd_slr1.0_sam_rho0.1_112125_19:29:21.ckpt
--- Round 303 of 10000: Training 5 Clients ---
Selected clients: ['47', '78', '51', '83', '89']
--- Updating central model ---
Checkpoint saved in path: checkpoints/cifar10/alpha0.5_K5_N10000_cnn_E1_clr0.01_fedopt_sgd_slr1.0_sam_rho0.1_112125_19:29:21.ckpt
--- Round 304 of 10000: Training 5 Clients ---
Selected clients: ['84', '98', '11', '99', '2']
--- Updating central model ---
Checkpoint saved in path: checkpoints/cifar10/alpha0.5_K5_N10000_cnn_E1_clr0.01_fedopt_sgd_slr1.0_sam_rho0.1_112125_19:29:21.ckpt
--- Round 305 of 10000: Training 5 Clients ---
Selected clients: ['71', '2', '24', '77', '93']
--- Updating central model ---
Checkpoint saved in path: checkpoints/cifar10/alpha0.5_K5_N10000_cnn_E1_clr0.01_fedopt_sgd_slr1.0_sam_rho0.1_112125_19:29:21.ckpt
--- Round 306 of 10000: Training 5 Clients ---
Selected clients: ['78', '88', '6', '69', '5']
--- Updating central model ---
Checkpoint saved in path: checkpoints/cifar10/alpha0.5_K5_N10000_cnn_E1_clr0.01_fedopt_sgd_slr1.0_sam_rho0.1_112125_19:29:21.ckpt
--- Round 307 of 10000: Training 5 Clients ---
Selected clients: ['11', '15', '5', '64', '94']
--- Updating central model ---
Checkpoint saved in path: checkpoints/cifar10/alpha0.5_K5_N10000_cnn_E1_clr0.01_fedopt_sgd_slr1.0_sam_rho0.1_112125_19:29:21.ckpt
--- Round 308 of 10000: Training 5 Clients ---
Selected clients: ['34', '82', '45', '59', '61']
--- Updating central model ---
Checkpoint saved in path: checkpoints/cifar10/alpha0.5_K5_N10000_cnn_E1_clr0.01_fedopt_sgd_slr1.0_sam_rho0.1_112125_19:29:21.ckpt
--- Round 309 of 10000: Training 5 Clients ---
Selected clients: ['10', '75', '29', '32', '27']
--- Updating central model ---
Checkpoint saved in path: checkpoints/cifar10/alpha0.5_K5_N10000_cnn_E1_clr0.01_fedopt_sgd_slr1.0_sam_rho0.1_112125_19:29:21.ckpt
--- Round 310 of 10000: Training 5 Clients ---
Selected clients: ['89', '31', '97', '64', '7']
--- Updating central model ---
Checkpoint saved in path: checkpoints/cifar10/alpha0.5_K5_N10000_cnn_E1_clr0.01_fedopt_sgd_slr1.0_sam_rho0.1_112125_19:29:21.ckpt
--- Round 311 of 10000: Training 5 Clients ---
Selected clients: ['6', '54', '3', '64', '12']
--- Updating central model ---
Checkpoint saved in path: checkpoints/cifar10/alpha0.5_K5_N10000_cnn_E1_clr0.01_fedopt_sgd_slr1.0_sam_rho0.1_112125_19:29:21.ckpt
--- Round 312 of 10000: Training 5 Clients ---
Selected clients: ['3', '92', '86', '72', '16']
--- Updating central model ---
Checkpoint saved in path: checkpoints/cifar10/alpha0.5_K5_N10000_cnn_E1_clr0.01_fedopt_sgd_slr1.0_sam_rho0.1_112125_19:29:21.ckpt
--- Round 313 of 10000: Training 5 Clients ---
Selected clients: ['27', '46', '73', '6', '65']
--- Updating central model ---
Checkpoint saved in path: checkpoints/cifar10/alpha0.5_K5_N10000_cnn_E1_clr0.01_fedopt_sgd_slr1.0_sam_rho0.1_112125_19:29:21.ckpt
--- Round 314 of 10000: Training 5 Clients ---
Selected clients: ['83', '31', '5', '90', '32']
--- Updating central model ---
Checkpoint saved in path: checkpoints/cifar10/alpha0.5_K5_N10000_cnn_E1_clr0.01_fedopt_sgd_slr1.0_sam_rho0.1_112125_19:29:21.ckpt
--- Round 315 of 10000: Training 5 Clients ---
Selected clients: ['28', '5', '19', '38', '15']
--- Updating central model ---
Checkpoint saved in path: checkpoints/cifar10/alpha0.5_K5_N10000_cnn_E1_clr0.01_fedopt_sgd_slr1.0_sam_rho0.1_112125_19:29:21.ckpt
--- Round 316 of 10000: Training 5 Clients ---
Selected clients: ['40', '28', '60', '97', '17']
--- Updating central model ---
Checkpoint saved in path: checkpoints/cifar10/alpha0.5_K5_N10000_cnn_E1_clr0.01_fedopt_sgd_slr1.0_sam_rho0.1_112125_19:29:21.ckpt
--- Round 317 of 10000: Training 5 Clients ---
Selected clients: ['37', '20', '26', '83', '1']
--- Updating central model ---
Checkpoint saved in path: checkpoints/cifar10/alpha0.5_K5_N10000_cnn_E1_clr0.01_fedopt_sgd_slr1.0_sam_rho0.1_112125_19:29:21.ckpt
--- Round 318 of 10000: Training 5 Clients ---
Selected clients: ['89', '70', '84', '13', '40']
--- Updating central model ---
Checkpoint saved in path: checkpoints/cifar10/alpha0.5_K5_N10000_cnn_E1_clr0.01_fedopt_sgd_slr1.0_sam_rho0.1_112125_19:29:21.ckpt
--- Round 319 of 10000: Training 5 Clients ---
Selected clients: ['12', '16', '4', '90', '79']
--- Updating central model ---
Checkpoint saved in path: checkpoints/cifar10/alpha0.5_K5_N10000_cnn_E1_clr0.01_fedopt_sgd_slr1.0_sam_rho0.1_112125_19:29:21.ckpt
--- Round 320 of 10000: Training 5 Clients ---
Selected clients: ['54', '12', '96', '31', '20']
--- Updating central model ---
Checkpoint saved in path: checkpoints/cifar10/alpha0.5_K5_N10000_cnn_E1_clr0.01_fedopt_sgd_slr1.0_sam_rho0.1_112125_19:29:21.ckpt
--- Round 321 of 10000: Training 5 Clients ---
Selected clients: ['27', '50', '36', '64', '43']
--- Updating central model ---
Checkpoint saved in path: checkpoints/cifar10/alpha0.5_K5_N10000_cnn_E1_clr0.01_fedopt_sgd_slr1.0_sam_rho0.1_112125_19:29:21.ckpt
--- Round 322 of 10000: Training 5 Clients ---
Selected clients: ['7', '59', '93', '3', '15']
--- Updating central model ---
Checkpoint saved in path: checkpoints/cifar10/alpha0.5_K5_N10000_cnn_E1_clr0.01_fedopt_sgd_slr1.0_sam_rho0.1_112125_19:29:21.ckpt
--- Round 323 of 10000: Training 5 Clients ---
Selected clients: ['27', '88', '25', '87', '14']
--- Updating central model ---
Checkpoint saved in path: checkpoints/cifar10/alpha0.5_K5_N10000_cnn_E1_clr0.01_fedopt_sgd_slr1.0_sam_rho0.1_112125_19:29:21.ckpt
--- Round 324 of 10000: Training 5 Clients ---
Selected clients: ['55', '48', '16', '95', '22']
--- Updating central model ---
Checkpoint saved in path: checkpoints/cifar10/alpha0.5_K5_N10000_cnn_E1_clr0.01_fedopt_sgd_slr1.0_sam_rho0.1_112125_19:29:21.ckpt
--- Round 325 of 10000: Training 5 Clients ---
Selected clients: ['68', '36', '14', '70', '50']
--- Updating central model ---
Checkpoint saved in path: checkpoints/cifar10/alpha0.5_K5_N10000_cnn_E1_clr0.01_fedopt_sgd_slr1.0_sam_rho0.1_112125_19:29:21.ckpt
--- Round 326 of 10000: Training 5 Clients ---
Selected clients: ['79', '7', '3', '75', '77']
--- Updating central model ---
Checkpoint saved in path: checkpoints/cifar10/alpha0.5_K5_N10000_cnn_E1_clr0.01_fedopt_sgd_slr1.0_sam_rho0.1_112125_19:29:21.ckpt
--- Round 327 of 10000: Training 5 Clients ---
Selected clients: ['17', '37', '61', '4', '40']
--- Updating central model ---
Checkpoint saved in path: checkpoints/cifar10/alpha0.5_K5_N10000_cnn_E1_clr0.01_fedopt_sgd_slr1.0_sam_rho0.1_112125_19:29:21.ckpt
--- Round 328 of 10000: Training 5 Clients ---
Selected clients: ['82', '21', '98', '28', '30']
--- Updating central model ---
Checkpoint saved in path: checkpoints/cifar10/alpha0.5_K5_N10000_cnn_E1_clr0.01_fedopt_sgd_slr1.0_sam_rho0.1_112125_19:29:21.ckpt
--- Round 329 of 10000: Training 5 Clients ---
Selected clients: ['80', '93', '43', '17', '64']
--- Updating central model ---
Checkpoint saved in path: checkpoints/cifar10/alpha0.5_K5_N10000_cnn_E1_clr0.01_fedopt_sgd_slr1.0_sam_rho0.1_112125_19:29:21.ckpt
--- Round 330 of 10000: Training 5 Clients ---
Selected clients: ['6', '63', '20', '64', '90']
--- Updating central model ---
Checkpoint saved in path: checkpoints/cifar10/alpha0.5_K5_N10000_cnn_E1_clr0.01_fedopt_sgd_slr1.0_sam_rho0.1_112125_19:29:21.ckpt
--- Round 331 of 10000: Training 5 Clients ---
Selected clients: ['63', '75', '49', '69', '81']
--- Updating central model ---
Checkpoint saved in path: checkpoints/cifar10/alpha0.5_K5_N10000_cnn_E1_clr0.01_fedopt_sgd_slr1.0_sam_rho0.1_112125_19:29:21.ckpt
--- Round 332 of 10000: Training 5 Clients ---
Selected clients: ['5', '45', '58', '1', '12']
--- Updating central model ---
Checkpoint saved in path: checkpoints/cifar10/alpha0.5_K5_N10000_cnn_E1_clr0.01_fedopt_sgd_slr1.0_sam_rho0.1_112125_19:29:21.ckpt
--- Round 333 of 10000: Training 5 Clients ---
Selected clients: ['99', '33', '31', '8', '77']
--- Updating central model ---
Checkpoint saved in path: checkpoints/cifar10/alpha0.5_K5_N10000_cnn_E1_clr0.01_fedopt_sgd_slr1.0_sam_rho0.1_112125_19:29:21.ckpt
--- Round 334 of 10000: Training 5 Clients ---
Selected clients: ['22', '4', '61', '46', '31']
--- Updating central model ---
Checkpoint saved in path: checkpoints/cifar10/alpha0.5_K5_N10000_cnn_E1_clr0.01_fedopt_sgd_slr1.0_sam_rho0.1_112125_19:29:21.ckpt
--- Round 335 of 10000: Training 5 Clients ---
Selected clients: ['77', '22', '42', '75', '4']
--- Updating central model ---
Checkpoint saved in path: checkpoints/cifar10/alpha0.5_K5_N10000_cnn_E1_clr0.01_fedopt_sgd_slr1.0_sam_rho0.1_112125_19:29:21.ckpt
--- Round 336 of 10000: Training 5 Clients ---
Selected clients: ['34', '67', '80', '7', '83']
--- Updating central model ---
Checkpoint saved in path: checkpoints/cifar10/alpha0.5_K5_N10000_cnn_E1_clr0.01_fedopt_sgd_slr1.0_sam_rho0.1_112125_19:29:21.ckpt
--- Round 337 of 10000: Training 5 Clients ---
Selected clients: ['8', '49', '94', '92', '89']
--- Updating central model ---
Checkpoint saved in path: checkpoints/cifar10/alpha0.5_K5_N10000_cnn_E1_clr0.01_fedopt_sgd_slr1.0_sam_rho0.1_112125_19:29:21.ckpt
--- Round 338 of 10000: Training 5 Clients ---
Selected clients: ['38', '30', '2', '12', '48']
--- Updating central model ---
Checkpoint saved in path: checkpoints/cifar10/alpha0.5_K5_N10000_cnn_E1_clr0.01_fedopt_sgd_slr1.0_sam_rho0.1_112125_19:29:21.ckpt
--- Round 339 of 10000: Training 5 Clients ---
Selected clients: ['78', '70', '84', '15', '20']
--- Updating central model ---
Checkpoint saved in path: checkpoints/cifar10/alpha0.5_K5_N10000_cnn_E1_clr0.01_fedopt_sgd_slr1.0_sam_rho0.1_112125_19:29:21.ckpt
--- Round 340 of 10000: Training 5 Clients ---
Selected clients: ['48', '42', '23', '41', '18']
--- Updating central model ---
Checkpoint saved in path: checkpoints/cifar10/alpha0.5_K5_N10000_cnn_E1_clr0.01_fedopt_sgd_slr1.0_sam_rho0.1_112125_19:29:21.ckpt
--- Round 341 of 10000: Training 5 Clients ---
Selected clients: ['92', '88', '55', '38', '11']
--- Updating central model ---
Checkpoint saved in path: checkpoints/cifar10/alpha0.5_K5_N10000_cnn_E1_clr0.01_fedopt_sgd_slr1.0_sam_rho0.1_112125_19:29:21.ckpt
--- Round 342 of 10000: Training 5 Clients ---
Selected clients: ['51', '45', '7', '69', '77']
--- Updating central model ---
Checkpoint saved in path: checkpoints/cifar10/alpha0.5_K5_N10000_cnn_E1_clr0.01_fedopt_sgd_slr1.0_sam_rho0.1_112125_19:29:21.ckpt
--- Round 343 of 10000: Training 5 Clients ---
Selected clients: ['12', '98', '24', '74', '35']
--- Updating central model ---
Checkpoint saved in path: checkpoints/cifar10/alpha0.5_K5_N10000_cnn_E1_clr0.01_fedopt_sgd_slr1.0_sam_rho0.1_112125_19:29:21.ckpt
--- Round 344 of 10000: Training 5 Clients ---
Selected clients: ['93', '35', '23', '47', '44']
--- Updating central model ---
Checkpoint saved in path: checkpoints/cifar10/alpha0.5_K5_N10000_cnn_E1_clr0.01_fedopt_sgd_slr1.0_sam_rho0.1_112125_19:29:21.ckpt
--- Round 345 of 10000: Training 5 Clients ---
Selected clients: ['95', '65', '36', '47', '50']
--- Updating central model ---
Checkpoint saved in path: checkpoints/cifar10/alpha0.5_K5_N10000_cnn_E1_clr0.01_fedopt_sgd_slr1.0_sam_rho0.1_112125_19:29:21.ckpt
--- Round 346 of 10000: Training 5 Clients ---
Selected clients: ['99', '14', '96', '40', '30']
--- Updating central model ---
Checkpoint saved in path: checkpoints/cifar10/alpha0.5_K5_N10000_cnn_E1_clr0.01_fedopt_sgd_slr1.0_sam_rho0.1_112125_19:29:21.ckpt
--- Round 347 of 10000: Training 5 Clients ---
Selected clients: ['7', '47', '31', '65', '73']
--- Updating central model ---
Checkpoint saved in path: checkpoints/cifar10/alpha0.5_K5_N10000_cnn_E1_clr0.01_fedopt_sgd_slr1.0_sam_rho0.1_112125_19:29:21.ckpt
--- Round 348 of 10000: Training 5 Clients ---
Selected clients: ['96', '10', '87', '44', '63']
--- Updating central model ---
Checkpoint saved in path: checkpoints/cifar10/alpha0.5_K5_N10000_cnn_E1_clr0.01_fedopt_sgd_slr1.0_sam_rho0.1_112125_19:29:21.ckpt