Alpha: alpha_0.50
Using device: NVIDIA A100-SXM4-80GB
############################## cifar10.cnn ##############################
Running experiment with server servers.fedopt_server and client clients.sam_client
Verify client and server: <class 'clients.sam_client.SAMClient'> <class 'servers.fedopt_server.FedOptServer'>
Running influence estimation:   0%|          | 0/20 [00:00<?, ?it/s]wandb: WARNING `resume` will be ignored since W&B syncing is set to `offline`. Starting a new run with run id joulyu13.
wandb: Tracking run with wandb version 0.23.0
wandb: W&B syncing is set to `offline` in this directory. Run `wandb online` or set WANDB_MODE=online to enable cloud syncing.
wandb: Run data is saved locally in /home/mlr570t1/FedSAM_mem_inf-main/models/wandb/offline-run-20251121_192855-joulyu13
Server optimizer: sgd with lr 1.0 and momentum 0
Start round: 0
Clients in Total: 100 training clients and 1 test clients
--- Random Initialization ---
--- Round 1 of 10000: Training 5 Clients ---
Selected clients: ['73', '42', '67', '92', '96']
--- Updating central model ---
Checkpoint saved in path: checkpoints/cifar10/alpha0.5_K5_N10000_cnn_E1_clr0.01_fedopt_sgd_slr1.0_sam_rho0.1_112125_19:29:42.ckpt
--- Round 2 of 10000: Training 5 Clients ---
Selected clients: ['38', '37', '75', '9', '95']
--- Updating central model ---
Checkpoint saved in path: checkpoints/cifar10/alpha0.5_K5_N10000_cnn_E1_clr0.01_fedopt_sgd_slr1.0_sam_rho0.1_112125_19:29:42.ckpt
--- Round 3 of 10000: Training 5 Clients ---
Selected clients: ['62', '42', '71', '47', '15']
--- Updating central model ---
Checkpoint saved in path: checkpoints/cifar10/alpha0.5_K5_N10000_cnn_E1_clr0.01_fedopt_sgd_slr1.0_sam_rho0.1_112125_19:29:42.ckpt
--- Round 4 of 10000: Training 5 Clients ---
Selected clients: ['63', '2', '55', '53', '77']
--- Updating central model ---
Checkpoint saved in path: checkpoints/cifar10/alpha0.5_K5_N10000_cnn_E1_clr0.01_fedopt_sgd_slr1.0_sam_rho0.1_112125_19:29:42.ckpt
--- Round 5 of 10000: Training 5 Clients ---
Selected clients: ['29', '77', '46', '54', '47']
--- Updating central model ---
Checkpoint saved in path: checkpoints/cifar10/alpha0.5_K5_N10000_cnn_E1_clr0.01_fedopt_sgd_slr1.0_sam_rho0.1_112125_19:29:42.ckpt
--- Round 6 of 10000: Training 5 Clients ---
Selected clients: ['63', '27', '3', '88', '68']
--- Updating central model ---
Checkpoint saved in path: checkpoints/cifar10/alpha0.5_K5_N10000_cnn_E1_clr0.01_fedopt_sgd_slr1.0_sam_rho0.1_112125_19:29:42.ckpt
--- Round 7 of 10000: Training 5 Clients ---
Selected clients: ['82', '63', '31', '89', '0']
--- Updating central model ---
Checkpoint saved in path: checkpoints/cifar10/alpha0.5_K5_N10000_cnn_E1_clr0.01_fedopt_sgd_slr1.0_sam_rho0.1_112125_19:29:42.ckpt
--- Round 8 of 10000: Training 5 Clients ---
Selected clients: ['64', '85', '53', '15', '1']
--- Updating central model ---
Checkpoint saved in path: checkpoints/cifar10/alpha0.5_K5_N10000_cnn_E1_clr0.01_fedopt_sgd_slr1.0_sam_rho0.1_112125_19:29:42.ckpt
--- Round 9 of 10000: Training 5 Clients ---
Selected clients: ['58', '52', '1', '70', '65']
--- Updating central model ---
Checkpoint saved in path: checkpoints/cifar10/alpha0.5_K5_N10000_cnn_E1_clr0.01_fedopt_sgd_slr1.0_sam_rho0.1_112125_19:29:42.ckpt
--- Round 10 of 10000: Training 5 Clients ---
Selected clients: ['34', '11', '98', '56', '65']
--- Updating central model ---
Checkpoint saved in path: checkpoints/cifar10/alpha0.5_K5_N10000_cnn_E1_clr0.01_fedopt_sgd_slr1.0_sam_rho0.1_112125_19:29:42.ckpt
--- Round 11 of 10000: Training 5 Clients ---
Selected clients: ['26', '14', '34', '80', '69']
--- Updating central model ---
Checkpoint saved in path: checkpoints/cifar10/alpha0.5_K5_N10000_cnn_E1_clr0.01_fedopt_sgd_slr1.0_sam_rho0.1_112125_19:29:42.ckpt
--- Round 12 of 10000: Training 5 Clients ---
Selected clients: ['57', '12', '42', '7', '34']
--- Updating central model ---
Checkpoint saved in path: checkpoints/cifar10/alpha0.5_K5_N10000_cnn_E1_clr0.01_fedopt_sgd_slr1.0_sam_rho0.1_112125_19:29:42.ckpt
--- Round 13 of 10000: Training 5 Clients ---
Selected clients: ['0', '3', '91', '47', '93']
--- Updating central model ---
Checkpoint saved in path: checkpoints/cifar10/alpha0.5_K5_N10000_cnn_E1_clr0.01_fedopt_sgd_slr1.0_sam_rho0.1_112125_19:29:42.ckpt
--- Round 14 of 10000: Training 5 Clients ---
Selected clients: ['43', '5', '51', '48', '49']
--- Updating central model ---
Checkpoint saved in path: checkpoints/cifar10/alpha0.5_K5_N10000_cnn_E1_clr0.01_fedopt_sgd_slr1.0_sam_rho0.1_112125_19:29:42.ckpt
--- Round 15 of 10000: Training 5 Clients ---
Selected clients: ['67', '53', '8', '77', '40']
--- Updating central model ---
Checkpoint saved in path: checkpoints/cifar10/alpha0.5_K5_N10000_cnn_E1_clr0.01_fedopt_sgd_slr1.0_sam_rho0.1_112125_19:29:42.ckpt
--- Round 16 of 10000: Training 5 Clients ---
Selected clients: ['19', '25', '50', '55', '82']
--- Updating central model ---
Checkpoint saved in path: checkpoints/cifar10/alpha0.5_K5_N10000_cnn_E1_clr0.01_fedopt_sgd_slr1.0_sam_rho0.1_112125_19:29:42.ckpt
--- Round 17 of 10000: Training 5 Clients ---
Selected clients: ['73', '26', '61', '59', '68']
--- Updating central model ---
Checkpoint saved in path: checkpoints/cifar10/alpha0.5_K5_N10000_cnn_E1_clr0.01_fedopt_sgd_slr1.0_sam_rho0.1_112125_19:29:42.ckpt
--- Round 18 of 10000: Training 5 Clients ---
Selected clients: ['28', '58', '87', '39', '63']
--- Updating central model ---
Checkpoint saved in path: checkpoints/cifar10/alpha0.5_K5_N10000_cnn_E1_clr0.01_fedopt_sgd_slr1.0_sam_rho0.1_112125_19:29:42.ckpt
--- Round 19 of 10000: Training 5 Clients ---
Selected clients: ['3', '38', '37', '44', '88']
--- Updating central model ---
Checkpoint saved in path: checkpoints/cifar10/alpha0.5_K5_N10000_cnn_E1_clr0.01_fedopt_sgd_slr1.0_sam_rho0.1_112125_19:29:42.ckpt
--- Round 20 of 10000: Training 5 Clients ---
Selected clients: ['69', '50', '58', '14', '99']
--- Updating central model ---
Checkpoint saved in path: checkpoints/cifar10/alpha0.5_K5_N10000_cnn_E1_clr0.01_fedopt_sgd_slr1.0_sam_rho0.1_112125_19:29:42.ckpt
--- Round 21 of 10000: Training 5 Clients ---
Selected clients: ['58', '86', '44', '89', '85']
--- Updating central model ---
Checkpoint saved in path: checkpoints/cifar10/alpha0.5_K5_N10000_cnn_E1_clr0.01_fedopt_sgd_slr1.0_sam_rho0.1_112125_19:29:42.ckpt
--- Round 22 of 10000: Training 5 Clients ---
Selected clients: ['88', '13', '53', '61', '10']
--- Updating central model ---
Checkpoint saved in path: checkpoints/cifar10/alpha0.5_K5_N10000_cnn_E1_clr0.01_fedopt_sgd_slr1.0_sam_rho0.1_112125_19:29:42.ckpt
--- Round 23 of 10000: Training 5 Clients ---
Selected clients: ['56', '13', '91', '24', '48']
--- Updating central model ---
Checkpoint saved in path: checkpoints/cifar10/alpha0.5_K5_N10000_cnn_E1_clr0.01_fedopt_sgd_slr1.0_sam_rho0.1_112125_19:29:42.ckpt
--- Round 24 of 10000: Training 5 Clients ---
Selected clients: ['31', '66', '37', '8', '56']
--- Updating central model ---
Checkpoint saved in path: checkpoints/cifar10/alpha0.5_K5_N10000_cnn_E1_clr0.01_fedopt_sgd_slr1.0_sam_rho0.1_112125_19:29:42.ckpt
--- Round 25 of 10000: Training 5 Clients ---
Selected clients: ['69', '96', '58', '46', '34']
--- Updating central model ---
Checkpoint saved in path: checkpoints/cifar10/alpha0.5_K5_N10000_cnn_E1_clr0.01_fedopt_sgd_slr1.0_sam_rho0.1_112125_19:29:42.ckpt
--- Round 26 of 10000: Training 5 Clients ---
Selected clients: ['5', '12', '9', '85', '3']
--- Updating central model ---
Checkpoint saved in path: checkpoints/cifar10/alpha0.5_K5_N10000_cnn_E1_clr0.01_fedopt_sgd_slr1.0_sam_rho0.1_112125_19:29:42.ckpt
--- Round 27 of 10000: Training 5 Clients ---
Selected clients: ['88', '47', '59', '66', '22']
--- Updating central model ---
Checkpoint saved in path: checkpoints/cifar10/alpha0.5_K5_N10000_cnn_E1_clr0.01_fedopt_sgd_slr1.0_sam_rho0.1_112125_19:29:42.ckpt
--- Round 28 of 10000: Training 5 Clients ---
Selected clients: ['74', '61', '6', '68', '58']
--- Updating central model ---
Checkpoint saved in path: checkpoints/cifar10/alpha0.5_K5_N10000_cnn_E1_clr0.01_fedopt_sgd_slr1.0_sam_rho0.1_112125_19:29:42.ckpt
--- Round 29 of 10000: Training 5 Clients ---
Selected clients: ['32', '5', '79', '55', '78']
--- Updating central model ---
Checkpoint saved in path: checkpoints/cifar10/alpha0.5_K5_N10000_cnn_E1_clr0.01_fedopt_sgd_slr1.0_sam_rho0.1_112125_19:29:42.ckpt
--- Round 30 of 10000: Training 5 Clients ---
Selected clients: ['0', '91', '17', '30', '18']
--- Updating central model ---
Checkpoint saved in path: checkpoints/cifar10/alpha0.5_K5_N10000_cnn_E1_clr0.01_fedopt_sgd_slr1.0_sam_rho0.1_112125_19:29:42.ckpt
--- Round 31 of 10000: Training 5 Clients ---
Selected clients: ['75', '3', '56', '80', '21']
--- Updating central model ---
Checkpoint saved in path: checkpoints/cifar10/alpha0.5_K5_N10000_cnn_E1_clr0.01_fedopt_sgd_slr1.0_sam_rho0.1_112125_19:29:42.ckpt
--- Round 32 of 10000: Training 5 Clients ---
Selected clients: ['12', '72', '88', '45', '23']
--- Updating central model ---
Checkpoint saved in path: checkpoints/cifar10/alpha0.5_K5_N10000_cnn_E1_clr0.01_fedopt_sgd_slr1.0_sam_rho0.1_112125_19:29:42.ckpt
--- Round 33 of 10000: Training 5 Clients ---
Selected clients: ['4', '91', '28', '54', '65']
--- Updating central model ---
Checkpoint saved in path: checkpoints/cifar10/alpha0.5_K5_N10000_cnn_E1_clr0.01_fedopt_sgd_slr1.0_sam_rho0.1_112125_19:29:42.ckpt
--- Round 34 of 10000: Training 5 Clients ---
Selected clients: ['73', '38', '85', '27', '47']
--- Updating central model ---
Checkpoint saved in path: checkpoints/cifar10/alpha0.5_K5_N10000_cnn_E1_clr0.01_fedopt_sgd_slr1.0_sam_rho0.1_112125_19:29:42.ckpt
--- Round 35 of 10000: Training 5 Clients ---
Selected clients: ['15', '17', '76', '67', '28']
--- Updating central model ---
Checkpoint saved in path: checkpoints/cifar10/alpha0.5_K5_N10000_cnn_E1_clr0.01_fedopt_sgd_slr1.0_sam_rho0.1_112125_19:29:42.ckpt
--- Round 36 of 10000: Training 5 Clients ---
Selected clients: ['48', '73', '5', '40', '92']
--- Updating central model ---
Checkpoint saved in path: checkpoints/cifar10/alpha0.5_K5_N10000_cnn_E1_clr0.01_fedopt_sgd_slr1.0_sam_rho0.1_112125_19:29:42.ckpt
--- Round 37 of 10000: Training 5 Clients ---
Selected clients: ['58', '4', '33', '1', '27']
--- Updating central model ---
Checkpoint saved in path: checkpoints/cifar10/alpha0.5_K5_N10000_cnn_E1_clr0.01_fedopt_sgd_slr1.0_sam_rho0.1_112125_19:29:42.ckpt
--- Round 38 of 10000: Training 5 Clients ---
Selected clients: ['23', '66', '92', '89', '37']
--- Updating central model ---
Checkpoint saved in path: checkpoints/cifar10/alpha0.5_K5_N10000_cnn_E1_clr0.01_fedopt_sgd_slr1.0_sam_rho0.1_112125_19:29:42.ckpt
--- Round 39 of 10000: Training 5 Clients ---
Selected clients: ['87', '83', '47', '22', '25']
--- Updating central model ---
Checkpoint saved in path: checkpoints/cifar10/alpha0.5_K5_N10000_cnn_E1_clr0.01_fedopt_sgd_slr1.0_sam_rho0.1_112125_19:29:42.ckpt
--- Round 40 of 10000: Training 5 Clients ---
Selected clients: ['49', '84', '17', '86', '55']
--- Updating central model ---
Checkpoint saved in path: checkpoints/cifar10/alpha0.5_K5_N10000_cnn_E1_clr0.01_fedopt_sgd_slr1.0_sam_rho0.1_112125_19:29:42.ckpt
--- Round 41 of 10000: Training 5 Clients ---
Selected clients: ['9', '64', '95', '87', '56']
--- Updating central model ---
Checkpoint saved in path: checkpoints/cifar10/alpha0.5_K5_N10000_cnn_E1_clr0.01_fedopt_sgd_slr1.0_sam_rho0.1_112125_19:29:42.ckpt
--- Round 42 of 10000: Training 5 Clients ---
Selected clients: ['56', '93', '61', '60', '64']
--- Updating central model ---
Checkpoint saved in path: checkpoints/cifar10/alpha0.5_K5_N10000_cnn_E1_clr0.01_fedopt_sgd_slr1.0_sam_rho0.1_112125_19:29:42.ckpt
--- Round 43 of 10000: Training 5 Clients ---
Selected clients: ['61', '92', '62', '83', '93']
--- Updating central model ---
Checkpoint saved in path: checkpoints/cifar10/alpha0.5_K5_N10000_cnn_E1_clr0.01_fedopt_sgd_slr1.0_sam_rho0.1_112125_19:29:42.ckpt
--- Round 44 of 10000: Training 5 Clients ---
Selected clients: ['70', '67', '46', '50', '77']
--- Updating central model ---
Checkpoint saved in path: checkpoints/cifar10/alpha0.5_K5_N10000_cnn_E1_clr0.01_fedopt_sgd_slr1.0_sam_rho0.1_112125_19:29:42.ckpt
--- Round 45 of 10000: Training 5 Clients ---
Selected clients: ['36', '81', '25', '85', '65']
--- Updating central model ---
Checkpoint saved in path: checkpoints/cifar10/alpha0.5_K5_N10000_cnn_E1_clr0.01_fedopt_sgd_slr1.0_sam_rho0.1_112125_19:29:42.ckpt
--- Round 46 of 10000: Training 5 Clients ---
Selected clients: ['9', '88', '36', '74', '62']
--- Updating central model ---
Checkpoint saved in path: checkpoints/cifar10/alpha0.5_K5_N10000_cnn_E1_clr0.01_fedopt_sgd_slr1.0_sam_rho0.1_112125_19:29:42.ckpt
--- Round 47 of 10000: Training 5 Clients ---
Selected clients: ['51', '17', '13', '56', '99']
--- Updating central model ---
Checkpoint saved in path: checkpoints/cifar10/alpha0.5_K5_N10000_cnn_E1_clr0.01_fedopt_sgd_slr1.0_sam_rho0.1_112125_19:29:42.ckpt
--- Round 48 of 10000: Training 5 Clients ---
Selected clients: ['23', '40', '84', '24', '4']
--- Updating central model ---
Checkpoint saved in path: checkpoints/cifar10/alpha0.5_K5_N10000_cnn_E1_clr0.01_fedopt_sgd_slr1.0_sam_rho0.1_112125_19:29:42.ckpt
--- Round 49 of 10000: Training 5 Clients ---
Selected clients: ['85', '31', '79', '52', '34']
--- Updating central model ---
Checkpoint saved in path: checkpoints/cifar10/alpha0.5_K5_N10000_cnn_E1_clr0.01_fedopt_sgd_slr1.0_sam_rho0.1_112125_19:29:42.ckpt
--- Round 50 of 10000: Training 5 Clients ---
Selected clients: ['73', '59', '25', '62', '8']
--- Updating central model ---
Checkpoint saved in path: checkpoints/cifar10/alpha0.5_K5_N10000_cnn_E1_clr0.01_fedopt_sgd_slr1.0_sam_rho0.1_112125_19:29:42.ckpt
--- Round 51 of 10000: Training 5 Clients ---
Selected clients: ['52', '72', '66', '51', '84']
--- Updating central model ---
Checkpoint saved in path: checkpoints/cifar10/alpha0.5_K5_N10000_cnn_E1_clr0.01_fedopt_sgd_slr1.0_sam_rho0.1_112125_19:29:42.ckpt
--- Round 52 of 10000: Training 5 Clients ---
Selected clients: ['22', '90', '93', '55', '23']
--- Updating central model ---
Checkpoint saved in path: checkpoints/cifar10/alpha0.5_K5_N10000_cnn_E1_clr0.01_fedopt_sgd_slr1.0_sam_rho0.1_112125_19:29:42.ckpt
--- Round 53 of 10000: Training 5 Clients ---
Selected clients: ['89', '59', '13', '55', '22']
--- Updating central model ---
Checkpoint saved in path: checkpoints/cifar10/alpha0.5_K5_N10000_cnn_E1_clr0.01_fedopt_sgd_slr1.0_sam_rho0.1_112125_19:29:42.ckpt
--- Round 54 of 10000: Training 5 Clients ---
Selected clients: ['11', '33', '80', '73', '91']
--- Updating central model ---
Checkpoint saved in path: checkpoints/cifar10/alpha0.5_K5_N10000_cnn_E1_clr0.01_fedopt_sgd_slr1.0_sam_rho0.1_112125_19:29:42.ckpt
--- Round 55 of 10000: Training 5 Clients ---
Selected clients: ['20', '44', '68', '74', '21']
--- Updating central model ---
Checkpoint saved in path: checkpoints/cifar10/alpha0.5_K5_N10000_cnn_E1_clr0.01_fedopt_sgd_slr1.0_sam_rho0.1_112125_19:29:42.ckpt
--- Round 56 of 10000: Training 5 Clients ---
Selected clients: ['83', '17', '94', '95', '26']
--- Updating central model ---
Checkpoint saved in path: checkpoints/cifar10/alpha0.5_K5_N10000_cnn_E1_clr0.01_fedopt_sgd_slr1.0_sam_rho0.1_112125_19:29:42.ckpt
--- Round 57 of 10000: Training 5 Clients ---
Selected clients: ['41', '5', '90', '34', '12']
--- Updating central model ---
Checkpoint saved in path: checkpoints/cifar10/alpha0.5_K5_N10000_cnn_E1_clr0.01_fedopt_sgd_slr1.0_sam_rho0.1_112125_19:29:42.ckpt
--- Round 58 of 10000: Training 5 Clients ---
Selected clients: ['18', '70', '98', '93', '34']
--- Updating central model ---
Checkpoint saved in path: checkpoints/cifar10/alpha0.5_K5_N10000_cnn_E1_clr0.01_fedopt_sgd_slr1.0_sam_rho0.1_112125_19:29:42.ckpt
--- Round 59 of 10000: Training 5 Clients ---
Selected clients: ['93', '49', '74', '67', '40']
--- Updating central model ---
Checkpoint saved in path: checkpoints/cifar10/alpha0.5_K5_N10000_cnn_E1_clr0.01_fedopt_sgd_slr1.0_sam_rho0.1_112125_19:29:42.ckpt
--- Round 60 of 10000: Training 5 Clients ---
Selected clients: ['87', '90', '25', '35', '22']
--- Updating central model ---
Checkpoint saved in path: checkpoints/cifar10/alpha0.5_K5_N10000_cnn_E1_clr0.01_fedopt_sgd_slr1.0_sam_rho0.1_112125_19:29:42.ckpt
--- Round 61 of 10000: Training 5 Clients ---
Selected clients: ['92', '16', '43', '99', '96']
--- Updating central model ---
Checkpoint saved in path: checkpoints/cifar10/alpha0.5_K5_N10000_cnn_E1_clr0.01_fedopt_sgd_slr1.0_sam_rho0.1_112125_19:29:42.ckpt
--- Round 62 of 10000: Training 5 Clients ---
Selected clients: ['23', '58', '49', '82', '34']
--- Updating central model ---
Checkpoint saved in path: checkpoints/cifar10/alpha0.5_K5_N10000_cnn_E1_clr0.01_fedopt_sgd_slr1.0_sam_rho0.1_112125_19:29:42.ckpt
--- Round 63 of 10000: Training 5 Clients ---
Selected clients: ['7', '16', '2', '12', '37']
--- Updating central model ---
Checkpoint saved in path: checkpoints/cifar10/alpha0.5_K5_N10000_cnn_E1_clr0.01_fedopt_sgd_slr1.0_sam_rho0.1_112125_19:29:42.ckpt
--- Round 64 of 10000: Training 5 Clients ---
Selected clients: ['81', '35', '72', '45', '15']
--- Updating central model ---
Checkpoint saved in path: checkpoints/cifar10/alpha0.5_K5_N10000_cnn_E1_clr0.01_fedopt_sgd_slr1.0_sam_rho0.1_112125_19:29:42.ckpt
--- Round 65 of 10000: Training 5 Clients ---
Selected clients: ['53', '40', '32', '35', '49']
--- Updating central model ---
Checkpoint saved in path: checkpoints/cifar10/alpha0.5_K5_N10000_cnn_E1_clr0.01_fedopt_sgd_slr1.0_sam_rho0.1_112125_19:29:42.ckpt
--- Round 66 of 10000: Training 5 Clients ---
Selected clients: ['21', '90', '72', '64', '22']
--- Updating central model ---
Checkpoint saved in path: checkpoints/cifar10/alpha0.5_K5_N10000_cnn_E1_clr0.01_fedopt_sgd_slr1.0_sam_rho0.1_112125_19:29:42.ckpt
--- Round 67 of 10000: Training 5 Clients ---
Selected clients: ['60', '99', '22', '5', '93']
--- Updating central model ---
Checkpoint saved in path: checkpoints/cifar10/alpha0.5_K5_N10000_cnn_E1_clr0.01_fedopt_sgd_slr1.0_sam_rho0.1_112125_19:29:42.ckpt
--- Round 68 of 10000: Training 5 Clients ---
Selected clients: ['89', '67', '86', '78', '82']
--- Updating central model ---
Checkpoint saved in path: checkpoints/cifar10/alpha0.5_K5_N10000_cnn_E1_clr0.01_fedopt_sgd_slr1.0_sam_rho0.1_112125_19:29:42.ckpt
--- Round 69 of 10000: Training 5 Clients ---
Selected clients: ['54', '45', '27', '49', '9']
--- Updating central model ---
Checkpoint saved in path: checkpoints/cifar10/alpha0.5_K5_N10000_cnn_E1_clr0.01_fedopt_sgd_slr1.0_sam_rho0.1_112125_19:29:42.ckpt
--- Round 70 of 10000: Training 5 Clients ---
Selected clients: ['92', '78', '62', '17', '76']
--- Updating central model ---
Checkpoint saved in path: checkpoints/cifar10/alpha0.5_K5_N10000_cnn_E1_clr0.01_fedopt_sgd_slr1.0_sam_rho0.1_112125_19:29:42.ckpt
--- Round 71 of 10000: Training 5 Clients ---
Selected clients: ['16', '32', '53', '8', '12']
--- Updating central model ---
Checkpoint saved in path: checkpoints/cifar10/alpha0.5_K5_N10000_cnn_E1_clr0.01_fedopt_sgd_slr1.0_sam_rho0.1_112125_19:29:42.ckpt
--- Round 72 of 10000: Training 5 Clients ---
Selected clients: ['18', '79', '53', '69', '80']
--- Updating central model ---
Checkpoint saved in path: checkpoints/cifar10/alpha0.5_K5_N10000_cnn_E1_clr0.01_fedopt_sgd_slr1.0_sam_rho0.1_112125_19:29:42.ckpt
--- Round 73 of 10000: Training 5 Clients ---
Selected clients: ['42', '60', '92', '78', '41']
--- Updating central model ---
Checkpoint saved in path: checkpoints/cifar10/alpha0.5_K5_N10000_cnn_E1_clr0.01_fedopt_sgd_slr1.0_sam_rho0.1_112125_19:29:42.ckpt
--- Round 74 of 10000: Training 5 Clients ---
Selected clients: ['35', '87', '6', '49', '18']
--- Updating central model ---
Checkpoint saved in path: checkpoints/cifar10/alpha0.5_K5_N10000_cnn_E1_clr0.01_fedopt_sgd_slr1.0_sam_rho0.1_112125_19:29:42.ckpt
--- Round 75 of 10000: Training 5 Clients ---
Selected clients: ['36', '13', '87', '23', '58']
--- Updating central model ---
Checkpoint saved in path: checkpoints/cifar10/alpha0.5_K5_N10000_cnn_E1_clr0.01_fedopt_sgd_slr1.0_sam_rho0.1_112125_19:29:42.ckpt
--- Round 76 of 10000: Training 5 Clients ---
Selected clients: ['75', '50', '3', '19', '56']
--- Updating central model ---
Checkpoint saved in path: checkpoints/cifar10/alpha0.5_K5_N10000_cnn_E1_clr0.01_fedopt_sgd_slr1.0_sam_rho0.1_112125_19:29:42.ckpt
--- Round 77 of 10000: Training 5 Clients ---
Selected clients: ['48', '2', '31', '84', '87']
--- Updating central model ---
Checkpoint saved in path: checkpoints/cifar10/alpha0.5_K5_N10000_cnn_E1_clr0.01_fedopt_sgd_slr1.0_sam_rho0.1_112125_19:29:42.ckpt
--- Round 78 of 10000: Training 5 Clients ---
Selected clients: ['85', '73', '23', '20', '77']
--- Updating central model ---
Checkpoint saved in path: checkpoints/cifar10/alpha0.5_K5_N10000_cnn_E1_clr0.01_fedopt_sgd_slr1.0_sam_rho0.1_112125_19:29:42.ckpt
--- Round 79 of 10000: Training 5 Clients ---
Selected clients: ['40', '15', '3', '56', '97']
--- Updating central model ---
Checkpoint saved in path: checkpoints/cifar10/alpha0.5_K5_N10000_cnn_E1_clr0.01_fedopt_sgd_slr1.0_sam_rho0.1_112125_19:29:42.ckpt
--- Round 80 of 10000: Training 5 Clients ---
Selected clients: ['68', '16', '49', '47', '58']
--- Updating central model ---
Checkpoint saved in path: checkpoints/cifar10/alpha0.5_K5_N10000_cnn_E1_clr0.01_fedopt_sgd_slr1.0_sam_rho0.1_112125_19:29:42.ckpt
--- Round 81 of 10000: Training 5 Clients ---
Selected clients: ['1', '40', '58', '26', '16']
--- Updating central model ---
Checkpoint saved in path: checkpoints/cifar10/alpha0.5_K5_N10000_cnn_E1_clr0.01_fedopt_sgd_slr1.0_sam_rho0.1_112125_19:29:42.ckpt
--- Round 82 of 10000: Training 5 Clients ---
Selected clients: ['90', '99', '2', '61', '51']
--- Updating central model ---
Checkpoint saved in path: checkpoints/cifar10/alpha0.5_K5_N10000_cnn_E1_clr0.01_fedopt_sgd_slr1.0_sam_rho0.1_112125_19:29:42.ckpt
--- Round 83 of 10000: Training 5 Clients ---
Selected clients: ['72', '47', '11', '35', '44']
--- Updating central model ---
Checkpoint saved in path: checkpoints/cifar10/alpha0.5_K5_N10000_cnn_E1_clr0.01_fedopt_sgd_slr1.0_sam_rho0.1_112125_19:29:42.ckpt
--- Round 84 of 10000: Training 5 Clients ---
Selected clients: ['41', '0', '76', '42', '54']
--- Updating central model ---
Checkpoint saved in path: checkpoints/cifar10/alpha0.5_K5_N10000_cnn_E1_clr0.01_fedopt_sgd_slr1.0_sam_rho0.1_112125_19:29:42.ckpt
--- Round 85 of 10000: Training 5 Clients ---
Selected clients: ['72', '56', '69', '26', '20']
--- Updating central model ---
Checkpoint saved in path: checkpoints/cifar10/alpha0.5_K5_N10000_cnn_E1_clr0.01_fedopt_sgd_slr1.0_sam_rho0.1_112125_19:29:42.ckpt
--- Round 86 of 10000: Training 5 Clients ---
Selected clients: ['12', '98', '4', '45', '41']
--- Updating central model ---
Checkpoint saved in path: checkpoints/cifar10/alpha0.5_K5_N10000_cnn_E1_clr0.01_fedopt_sgd_slr1.0_sam_rho0.1_112125_19:29:42.ckpt
--- Round 87 of 10000: Training 5 Clients ---
Selected clients: ['59', '62', '61', '58', '50']
--- Updating central model ---
Checkpoint saved in path: checkpoints/cifar10/alpha0.5_K5_N10000_cnn_E1_clr0.01_fedopt_sgd_slr1.0_sam_rho0.1_112125_19:29:42.ckpt
--- Round 88 of 10000: Training 5 Clients ---
Selected clients: ['2', '40', '54', '18', '61']
--- Updating central model ---
Checkpoint saved in path: checkpoints/cifar10/alpha0.5_K5_N10000_cnn_E1_clr0.01_fedopt_sgd_slr1.0_sam_rho0.1_112125_19:29:42.ckpt
--- Round 89 of 10000: Training 5 Clients ---
Selected clients: ['49', '97', '74', '6', '77']
--- Updating central model ---
Checkpoint saved in path: checkpoints/cifar10/alpha0.5_K5_N10000_cnn_E1_clr0.01_fedopt_sgd_slr1.0_sam_rho0.1_112125_19:29:42.ckpt
--- Round 90 of 10000: Training 5 Clients ---
Selected clients: ['77', '15', '94', '96', '22']
--- Updating central model ---
Checkpoint saved in path: checkpoints/cifar10/alpha0.5_K5_N10000_cnn_E1_clr0.01_fedopt_sgd_slr1.0_sam_rho0.1_112125_19:29:42.ckpt
--- Round 91 of 10000: Training 5 Clients ---
Selected clients: ['79', '87', '0', '8', '21']
--- Updating central model ---
Checkpoint saved in path: checkpoints/cifar10/alpha0.5_K5_N10000_cnn_E1_clr0.01_fedopt_sgd_slr1.0_sam_rho0.1_112125_19:29:42.ckpt
--- Round 92 of 10000: Training 5 Clients ---
Selected clients: ['6', '80', '22', '50', '48']
--- Updating central model ---
Checkpoint saved in path: checkpoints/cifar10/alpha0.5_K5_N10000_cnn_E1_clr0.01_fedopt_sgd_slr1.0_sam_rho0.1_112125_19:29:42.ckpt
--- Round 93 of 10000: Training 5 Clients ---
Selected clients: ['53', '62', '92', '98', '68']
--- Updating central model ---
Checkpoint saved in path: checkpoints/cifar10/alpha0.5_K5_N10000_cnn_E1_clr0.01_fedopt_sgd_slr1.0_sam_rho0.1_112125_19:29:42.ckpt
--- Round 94 of 10000: Training 5 Clients ---
Selected clients: ['45', '11', '38', '87', '10']
--- Updating central model ---
Checkpoint saved in path: checkpoints/cifar10/alpha0.5_K5_N10000_cnn_E1_clr0.01_fedopt_sgd_slr1.0_sam_rho0.1_112125_19:29:42.ckpt
--- Round 95 of 10000: Training 5 Clients ---
Selected clients: ['2', '30', '80', '50', '9']
--- Updating central model ---
Checkpoint saved in path: checkpoints/cifar10/alpha0.5_K5_N10000_cnn_E1_clr0.01_fedopt_sgd_slr1.0_sam_rho0.1_112125_19:29:42.ckpt
--- Round 96 of 10000: Training 5 Clients ---
Selected clients: ['61', '7', '90', '58', '17']
--- Updating central model ---
Checkpoint saved in path: checkpoints/cifar10/alpha0.5_K5_N10000_cnn_E1_clr0.01_fedopt_sgd_slr1.0_sam_rho0.1_112125_19:29:42.ckpt
--- Round 97 of 10000: Training 5 Clients ---
Selected clients: ['32', '86', '19', '12', '6']
--- Updating central model ---
Checkpoint saved in path: checkpoints/cifar10/alpha0.5_K5_N10000_cnn_E1_clr0.01_fedopt_sgd_slr1.0_sam_rho0.1_112125_19:29:42.ckpt
--- Round 98 of 10000: Training 5 Clients ---
Selected clients: ['26', '96', '2', '75', '99']
--- Updating central model ---
Checkpoint saved in path: checkpoints/cifar10/alpha0.5_K5_N10000_cnn_E1_clr0.01_fedopt_sgd_slr1.0_sam_rho0.1_112125_19:29:42.ckpt
--- Round 99 of 10000: Training 5 Clients ---
Selected clients: ['55', '99', '65', '1', '18']
--- Updating central model ---
Checkpoint saved in path: checkpoints/cifar10/alpha0.5_K5_N10000_cnn_E1_clr0.01_fedopt_sgd_slr1.0_sam_rho0.1_112125_19:29:42.ckpt
--- Round 100 of 10000: Training 5 Clients ---
Selected clients: ['62', '24', '35', '86', '91']
--- Updating central model ---
train_accuracy: 19.1257, 10th percentile: 6.43637, 50th percentile: 16.8929, 90th percentile 35.0329
train_loss: 2.29769, 10th percentile: 2.28473, 50th percentile: 2.29693, 90th percentile 2.31318
test_accuracy: 19.92, 10th percentile: 19.92, 50th percentile: 19.92, 90th percentile 19.92
test_loss: 2.29753, 10th percentile: 2.29753, 50th percentile: 2.29753, 90th percentile 2.29753
Checkpoint saved in path: checkpoints/cifar10/alpha0.5_K5_N10000_cnn_E1_clr0.01_fedopt_sgd_slr1.0_sam_rho0.1_112125_19:29:42.ckpt
--- Round 101 of 10000: Training 5 Clients ---
Selected clients: ['39', '16', '32', '89', '57']
--- Updating central model ---
Checkpoint saved in path: checkpoints/cifar10/alpha0.5_K5_N10000_cnn_E1_clr0.01_fedopt_sgd_slr1.0_sam_rho0.1_112125_19:29:42.ckpt
--- Round 102 of 10000: Training 5 Clients ---
Selected clients: ['87', '31', '23', '62', '26']
--- Updating central model ---
Checkpoint saved in path: checkpoints/cifar10/alpha0.5_K5_N10000_cnn_E1_clr0.01_fedopt_sgd_slr1.0_sam_rho0.1_112125_19:29:42.ckpt
--- Round 103 of 10000: Training 5 Clients ---
Selected clients: ['68', '8', '99', '48', '43']
--- Updating central model ---
Checkpoint saved in path: checkpoints/cifar10/alpha0.5_K5_N10000_cnn_E1_clr0.01_fedopt_sgd_slr1.0_sam_rho0.1_112125_19:29:42.ckpt
--- Round 104 of 10000: Training 5 Clients ---
Selected clients: ['95', '0', '78', '15', '40']
--- Updating central model ---
Checkpoint saved in path: checkpoints/cifar10/alpha0.5_K5_N10000_cnn_E1_clr0.01_fedopt_sgd_slr1.0_sam_rho0.1_112125_19:29:42.ckpt
--- Round 105 of 10000: Training 5 Clients ---
Selected clients: ['0', '57', '10', '44', '68']
--- Updating central model ---
Checkpoint saved in path: checkpoints/cifar10/alpha0.5_K5_N10000_cnn_E1_clr0.01_fedopt_sgd_slr1.0_sam_rho0.1_112125_19:29:42.ckpt
--- Round 106 of 10000: Training 5 Clients ---
Selected clients: ['21', '85', '47', '5', '17']
--- Updating central model ---
Checkpoint saved in path: checkpoints/cifar10/alpha0.5_K5_N10000_cnn_E1_clr0.01_fedopt_sgd_slr1.0_sam_rho0.1_112125_19:29:42.ckpt
--- Round 107 of 10000: Training 5 Clients ---
Selected clients: ['24', '22', '4', '38', '71']
--- Updating central model ---
Checkpoint saved in path: checkpoints/cifar10/alpha0.5_K5_N10000_cnn_E1_clr0.01_fedopt_sgd_slr1.0_sam_rho0.1_112125_19:29:42.ckpt
--- Round 108 of 10000: Training 5 Clients ---
Selected clients: ['10', '23', '66', '50', '84']
--- Updating central model ---
Checkpoint saved in path: checkpoints/cifar10/alpha0.5_K5_N10000_cnn_E1_clr0.01_fedopt_sgd_slr1.0_sam_rho0.1_112125_19:29:42.ckpt
--- Round 109 of 10000: Training 5 Clients ---
Selected clients: ['89', '33', '8', '80', '21']
--- Updating central model ---
Checkpoint saved in path: checkpoints/cifar10/alpha0.5_K5_N10000_cnn_E1_clr0.01_fedopt_sgd_slr1.0_sam_rho0.1_112125_19:29:42.ckpt
--- Round 110 of 10000: Training 5 Clients ---
Selected clients: ['94', '20', '17', '64', '24']
--- Updating central model ---
Checkpoint saved in path: checkpoints/cifar10/alpha0.5_K5_N10000_cnn_E1_clr0.01_fedopt_sgd_slr1.0_sam_rho0.1_112125_19:29:42.ckpt
--- Round 111 of 10000: Training 5 Clients ---
Selected clients: ['46', '6', '16', '78', '7']
--- Updating central model ---
Checkpoint saved in path: checkpoints/cifar10/alpha0.5_K5_N10000_cnn_E1_clr0.01_fedopt_sgd_slr1.0_sam_rho0.1_112125_19:29:42.ckpt
--- Round 112 of 10000: Training 5 Clients ---
Selected clients: ['1', '39', '60', '35', '65']
--- Updating central model ---
Checkpoint saved in path: checkpoints/cifar10/alpha0.5_K5_N10000_cnn_E1_clr0.01_fedopt_sgd_slr1.0_sam_rho0.1_112125_19:29:42.ckpt
--- Round 113 of 10000: Training 5 Clients ---
Selected clients: ['34', '96', '50', '42', '97']
--- Updating central model ---
Checkpoint saved in path: checkpoints/cifar10/alpha0.5_K5_N10000_cnn_E1_clr0.01_fedopt_sgd_slr1.0_sam_rho0.1_112125_19:29:42.ckpt
--- Round 114 of 10000: Training 5 Clients ---
Selected clients: ['31', '15', '54', '96', '89']
--- Updating central model ---
Checkpoint saved in path: checkpoints/cifar10/alpha0.5_K5_N10000_cnn_E1_clr0.01_fedopt_sgd_slr1.0_sam_rho0.1_112125_19:29:42.ckpt
--- Round 115 of 10000: Training 5 Clients ---
Selected clients: ['55', '69', '36', '33', '87']
--- Updating central model ---
Checkpoint saved in path: checkpoints/cifar10/alpha0.5_K5_N10000_cnn_E1_clr0.01_fedopt_sgd_slr1.0_sam_rho0.1_112125_19:29:42.ckpt
--- Round 116 of 10000: Training 5 Clients ---
Selected clients: ['1', '40', '42', '50', '35']
--- Updating central model ---
Checkpoint saved in path: checkpoints/cifar10/alpha0.5_K5_N10000_cnn_E1_clr0.01_fedopt_sgd_slr1.0_sam_rho0.1_112125_19:29:42.ckpt
--- Round 117 of 10000: Training 5 Clients ---
Selected clients: ['18', '13', '20', '24', '7']
--- Updating central model ---
Checkpoint saved in path: checkpoints/cifar10/alpha0.5_K5_N10000_cnn_E1_clr0.01_fedopt_sgd_slr1.0_sam_rho0.1_112125_19:29:42.ckpt
--- Round 118 of 10000: Training 5 Clients ---
Selected clients: ['97', '64', '98', '25', '46']
--- Updating central model ---
Checkpoint saved in path: checkpoints/cifar10/alpha0.5_K5_N10000_cnn_E1_clr0.01_fedopt_sgd_slr1.0_sam_rho0.1_112125_19:29:42.ckpt
--- Round 119 of 10000: Training 5 Clients ---
Selected clients: ['91', '23', '25', '21', '79']
--- Updating central model ---
Checkpoint saved in path: checkpoints/cifar10/alpha0.5_K5_N10000_cnn_E1_clr0.01_fedopt_sgd_slr1.0_sam_rho0.1_112125_19:29:42.ckpt
--- Round 120 of 10000: Training 5 Clients ---
Selected clients: ['68', '98', '93', '51', '53']
--- Updating central model ---
Checkpoint saved in path: checkpoints/cifar10/alpha0.5_K5_N10000_cnn_E1_clr0.01_fedopt_sgd_slr1.0_sam_rho0.1_112125_19:29:42.ckpt
--- Round 121 of 10000: Training 5 Clients ---
Selected clients: ['78', '7', '87', '43', '15']
--- Updating central model ---
Checkpoint saved in path: checkpoints/cifar10/alpha0.5_K5_N10000_cnn_E1_clr0.01_fedopt_sgd_slr1.0_sam_rho0.1_112125_19:29:42.ckpt
--- Round 122 of 10000: Training 5 Clients ---
Selected clients: ['37', '34', '10', '94', '38']
--- Updating central model ---
Checkpoint saved in path: checkpoints/cifar10/alpha0.5_K5_N10000_cnn_E1_clr0.01_fedopt_sgd_slr1.0_sam_rho0.1_112125_19:29:42.ckpt
--- Round 123 of 10000: Training 5 Clients ---
Selected clients: ['84', '31', '26', '74', '22']
--- Updating central model ---
Checkpoint saved in path: checkpoints/cifar10/alpha0.5_K5_N10000_cnn_E1_clr0.01_fedopt_sgd_slr1.0_sam_rho0.1_112125_19:29:42.ckpt
--- Round 124 of 10000: Training 5 Clients ---
Selected clients: ['72', '4', '98', '25', '79']
--- Updating central model ---
Checkpoint saved in path: checkpoints/cifar10/alpha0.5_K5_N10000_cnn_E1_clr0.01_fedopt_sgd_slr1.0_sam_rho0.1_112125_19:29:42.ckpt
--- Round 125 of 10000: Training 5 Clients ---
Selected clients: ['75', '8', '9', '53', '98']
--- Updating central model ---
Checkpoint saved in path: checkpoints/cifar10/alpha0.5_K5_N10000_cnn_E1_clr0.01_fedopt_sgd_slr1.0_sam_rho0.1_112125_19:29:42.ckpt
--- Round 126 of 10000: Training 5 Clients ---
Selected clients: ['73', '99', '4', '31', '37']
--- Updating central model ---
Checkpoint saved in path: checkpoints/cifar10/alpha0.5_K5_N10000_cnn_E1_clr0.01_fedopt_sgd_slr1.0_sam_rho0.1_112125_19:29:42.ckpt
--- Round 127 of 10000: Training 5 Clients ---
Selected clients: ['29', '35', '49', '6', '15']
--- Updating central model ---
Checkpoint saved in path: checkpoints/cifar10/alpha0.5_K5_N10000_cnn_E1_clr0.01_fedopt_sgd_slr1.0_sam_rho0.1_112125_19:29:42.ckpt
--- Round 128 of 10000: Training 5 Clients ---
Selected clients: ['7', '24', '99', '96', '91']
--- Updating central model ---
Checkpoint saved in path: checkpoints/cifar10/alpha0.5_K5_N10000_cnn_E1_clr0.01_fedopt_sgd_slr1.0_sam_rho0.1_112125_19:29:42.ckpt
--- Round 129 of 10000: Training 5 Clients ---
Selected clients: ['82', '42', '28', '47', '52']
--- Updating central model ---
Checkpoint saved in path: checkpoints/cifar10/alpha0.5_K5_N10000_cnn_E1_clr0.01_fedopt_sgd_slr1.0_sam_rho0.1_112125_19:29:42.ckpt
--- Round 130 of 10000: Training 5 Clients ---
Selected clients: ['97', '85', '54', '22', '55']
--- Updating central model ---
Checkpoint saved in path: checkpoints/cifar10/alpha0.5_K5_N10000_cnn_E1_clr0.01_fedopt_sgd_slr1.0_sam_rho0.1_112125_19:29:42.ckpt
--- Round 131 of 10000: Training 5 Clients ---
Selected clients: ['23', '21', '80', '14', '89']
--- Updating central model ---
Checkpoint saved in path: checkpoints/cifar10/alpha0.5_K5_N10000_cnn_E1_clr0.01_fedopt_sgd_slr1.0_sam_rho0.1_112125_19:29:42.ckpt
--- Round 132 of 10000: Training 5 Clients ---
Selected clients: ['73', '43', '85', '88', '13']
--- Updating central model ---
Checkpoint saved in path: checkpoints/cifar10/alpha0.5_K5_N10000_cnn_E1_clr0.01_fedopt_sgd_slr1.0_sam_rho0.1_112125_19:29:42.ckpt
--- Round 133 of 10000: Training 5 Clients ---
Selected clients: ['37', '10', '67', '62', '87']
--- Updating central model ---
Checkpoint saved in path: checkpoints/cifar10/alpha0.5_K5_N10000_cnn_E1_clr0.01_fedopt_sgd_slr1.0_sam_rho0.1_112125_19:29:42.ckpt
--- Round 134 of 10000: Training 5 Clients ---
Selected clients: ['16', '2', '85', '35', '75']
--- Updating central model ---
Checkpoint saved in path: checkpoints/cifar10/alpha0.5_K5_N10000_cnn_E1_clr0.01_fedopt_sgd_slr1.0_sam_rho0.1_112125_19:29:42.ckpt
--- Round 135 of 10000: Training 5 Clients ---
Selected clients: ['25', '23', '28', '67', '19']
--- Updating central model ---
Checkpoint saved in path: checkpoints/cifar10/alpha0.5_K5_N10000_cnn_E1_clr0.01_fedopt_sgd_slr1.0_sam_rho0.1_112125_19:29:42.ckpt
--- Round 136 of 10000: Training 5 Clients ---
Selected clients: ['80', '85', '87', '82', '78']
--- Updating central model ---
Checkpoint saved in path: checkpoints/cifar10/alpha0.5_K5_N10000_cnn_E1_clr0.01_fedopt_sgd_slr1.0_sam_rho0.1_112125_19:29:42.ckpt
--- Round 137 of 10000: Training 5 Clients ---
Selected clients: ['59', '72', '38', '86', '78']
--- Updating central model ---
Checkpoint saved in path: checkpoints/cifar10/alpha0.5_K5_N10000_cnn_E1_clr0.01_fedopt_sgd_slr1.0_sam_rho0.1_112125_19:29:42.ckpt
--- Round 138 of 10000: Training 5 Clients ---
Selected clients: ['81', '74', '21', '1', '88']
--- Updating central model ---
Checkpoint saved in path: checkpoints/cifar10/alpha0.5_K5_N10000_cnn_E1_clr0.01_fedopt_sgd_slr1.0_sam_rho0.1_112125_19:29:42.ckpt
--- Round 139 of 10000: Training 5 Clients ---
Selected clients: ['34', '14', '32', '72', '18']
--- Updating central model ---
Checkpoint saved in path: checkpoints/cifar10/alpha0.5_K5_N10000_cnn_E1_clr0.01_fedopt_sgd_slr1.0_sam_rho0.1_112125_19:29:42.ckpt
--- Round 140 of 10000: Training 5 Clients ---
Selected clients: ['73', '88', '20', '5', '59']
--- Updating central model ---
Checkpoint saved in path: checkpoints/cifar10/alpha0.5_K5_N10000_cnn_E1_clr0.01_fedopt_sgd_slr1.0_sam_rho0.1_112125_19:29:42.ckpt
--- Round 141 of 10000: Training 5 Clients ---
Selected clients: ['19', '55', '69', '61', '22']
--- Updating central model ---
Checkpoint saved in path: checkpoints/cifar10/alpha0.5_K5_N10000_cnn_E1_clr0.01_fedopt_sgd_slr1.0_sam_rho0.1_112125_19:29:42.ckpt
--- Round 142 of 10000: Training 5 Clients ---
Selected clients: ['78', '85', '27', '79', '35']
--- Updating central model ---
Checkpoint saved in path: checkpoints/cifar10/alpha0.5_K5_N10000_cnn_E1_clr0.01_fedopt_sgd_slr1.0_sam_rho0.1_112125_19:29:42.ckpt
--- Round 143 of 10000: Training 5 Clients ---
Selected clients: ['72', '14', '98', '58', '0']
--- Updating central model ---
Checkpoint saved in path: checkpoints/cifar10/alpha0.5_K5_N10000_cnn_E1_clr0.01_fedopt_sgd_slr1.0_sam_rho0.1_112125_19:29:42.ckpt
--- Round 144 of 10000: Training 5 Clients ---
Selected clients: ['43', '9', '26', '60', '27']
--- Updating central model ---
Checkpoint saved in path: checkpoints/cifar10/alpha0.5_K5_N10000_cnn_E1_clr0.01_fedopt_sgd_slr1.0_sam_rho0.1_112125_19:29:42.ckpt
--- Round 145 of 10000: Training 5 Clients ---
Selected clients: ['72', '99', '53', '33', '23']
--- Updating central model ---
Checkpoint saved in path: checkpoints/cifar10/alpha0.5_K5_N10000_cnn_E1_clr0.01_fedopt_sgd_slr1.0_sam_rho0.1_112125_19:29:42.ckpt
--- Round 146 of 10000: Training 5 Clients ---
Selected clients: ['19', '29', '58', '93', '94']
--- Updating central model ---
Checkpoint saved in path: checkpoints/cifar10/alpha0.5_K5_N10000_cnn_E1_clr0.01_fedopt_sgd_slr1.0_sam_rho0.1_112125_19:29:42.ckpt
--- Round 147 of 10000: Training 5 Clients ---
Selected clients: ['41', '59', '32', '68', '45']
--- Updating central model ---
Checkpoint saved in path: checkpoints/cifar10/alpha0.5_K5_N10000_cnn_E1_clr0.01_fedopt_sgd_slr1.0_sam_rho0.1_112125_19:29:42.ckpt
--- Round 148 of 10000: Training 5 Clients ---
Selected clients: ['17', '87', '80', '47', '62']
--- Updating central model ---
Checkpoint saved in path: checkpoints/cifar10/alpha0.5_K5_N10000_cnn_E1_clr0.01_fedopt_sgd_slr1.0_sam_rho0.1_112125_19:29:42.ckpt
--- Round 149 of 10000: Training 5 Clients ---
Selected clients: ['93', '21', '80', '20', '13']
--- Updating central model ---
Checkpoint saved in path: checkpoints/cifar10/alpha0.5_K5_N10000_cnn_E1_clr0.01_fedopt_sgd_slr1.0_sam_rho0.1_112125_19:29:42.ckpt
--- Round 150 of 10000: Training 5 Clients ---
Selected clients: ['84', '75', '52', '35', '40']
--- Updating central model ---
Checkpoint saved in path: checkpoints/cifar10/alpha0.5_K5_N10000_cnn_E1_clr0.01_fedopt_sgd_slr1.0_sam_rho0.1_112125_19:29:42.ckpt
--- Round 151 of 10000: Training 5 Clients ---
Selected clients: ['53', '94', '7', '61', '75']
--- Updating central model ---
Checkpoint saved in path: checkpoints/cifar10/alpha0.5_K5_N10000_cnn_E1_clr0.01_fedopt_sgd_slr1.0_sam_rho0.1_112125_19:29:42.ckpt
--- Round 152 of 10000: Training 5 Clients ---
Selected clients: ['87', '74', '45', '44', '39']
--- Updating central model ---
Checkpoint saved in path: checkpoints/cifar10/alpha0.5_K5_N10000_cnn_E1_clr0.01_fedopt_sgd_slr1.0_sam_rho0.1_112125_19:29:42.ckpt
--- Round 153 of 10000: Training 5 Clients ---
Selected clients: ['6', '0', '88', '31', '20']
--- Updating central model ---
Checkpoint saved in path: checkpoints/cifar10/alpha0.5_K5_N10000_cnn_E1_clr0.01_fedopt_sgd_slr1.0_sam_rho0.1_112125_19:29:42.ckpt
--- Round 154 of 10000: Training 5 Clients ---
Selected clients: ['31', '8', '5', '61', '59']
--- Updating central model ---
Checkpoint saved in path: checkpoints/cifar10/alpha0.5_K5_N10000_cnn_E1_clr0.01_fedopt_sgd_slr1.0_sam_rho0.1_112125_19:29:42.ckpt
--- Round 155 of 10000: Training 5 Clients ---
Selected clients: ['61', '32', '65', '84', '63']
--- Updating central model ---
Checkpoint saved in path: checkpoints/cifar10/alpha0.5_K5_N10000_cnn_E1_clr0.01_fedopt_sgd_slr1.0_sam_rho0.1_112125_19:29:42.ckpt
--- Round 156 of 10000: Training 5 Clients ---
Selected clients: ['34', '24', '25', '80', '78']
--- Updating central model ---
Checkpoint saved in path: checkpoints/cifar10/alpha0.5_K5_N10000_cnn_E1_clr0.01_fedopt_sgd_slr1.0_sam_rho0.1_112125_19:29:42.ckpt
--- Round 157 of 10000: Training 5 Clients ---
Selected clients: ['75', '49', '73', '96', '9']
--- Updating central model ---
Checkpoint saved in path: checkpoints/cifar10/alpha0.5_K5_N10000_cnn_E1_clr0.01_fedopt_sgd_slr1.0_sam_rho0.1_112125_19:29:42.ckpt
--- Round 158 of 10000: Training 5 Clients ---
Selected clients: ['22', '30', '69', '0', '43']
--- Updating central model ---
Checkpoint saved in path: checkpoints/cifar10/alpha0.5_K5_N10000_cnn_E1_clr0.01_fedopt_sgd_slr1.0_sam_rho0.1_112125_19:29:42.ckpt
--- Round 159 of 10000: Training 5 Clients ---
Selected clients: ['18', '62', '3', '87', '25']
--- Updating central model ---
Checkpoint saved in path: checkpoints/cifar10/alpha0.5_K5_N10000_cnn_E1_clr0.01_fedopt_sgd_slr1.0_sam_rho0.1_112125_19:29:42.ckpt
--- Round 160 of 10000: Training 5 Clients ---
Selected clients: ['12', '23', '22', '55', '1']
--- Updating central model ---
Checkpoint saved in path: checkpoints/cifar10/alpha0.5_K5_N10000_cnn_E1_clr0.01_fedopt_sgd_slr1.0_sam_rho0.1_112125_19:29:42.ckpt
--- Round 161 of 10000: Training 5 Clients ---
Selected clients: ['89', '84', '3', '79', '62']
--- Updating central model ---
Checkpoint saved in path: checkpoints/cifar10/alpha0.5_K5_N10000_cnn_E1_clr0.01_fedopt_sgd_slr1.0_sam_rho0.1_112125_19:29:42.ckpt
--- Round 162 of 10000: Training 5 Clients ---
Selected clients: ['98', '89', '44', '14', '33']
--- Updating central model ---
Checkpoint saved in path: checkpoints/cifar10/alpha0.5_K5_N10000_cnn_E1_clr0.01_fedopt_sgd_slr1.0_sam_rho0.1_112125_19:29:42.ckpt
--- Round 163 of 10000: Training 5 Clients ---
Selected clients: ['53', '61', '57', '12', '84']
--- Updating central model ---
Checkpoint saved in path: checkpoints/cifar10/alpha0.5_K5_N10000_cnn_E1_clr0.01_fedopt_sgd_slr1.0_sam_rho0.1_112125_19:29:42.ckpt
--- Round 164 of 10000: Training 5 Clients ---
Selected clients: ['34', '36', '6', '17', '75']
--- Updating central model ---
Checkpoint saved in path: checkpoints/cifar10/alpha0.5_K5_N10000_cnn_E1_clr0.01_fedopt_sgd_slr1.0_sam_rho0.1_112125_19:29:42.ckpt
--- Round 165 of 10000: Training 5 Clients ---
Selected clients: ['84', '47', '39', '67', '95']
--- Updating central model ---
Checkpoint saved in path: checkpoints/cifar10/alpha0.5_K5_N10000_cnn_E1_clr0.01_fedopt_sgd_slr1.0_sam_rho0.1_112125_19:29:42.ckpt
--- Round 166 of 10000: Training 5 Clients ---
Selected clients: ['4', '14', '80', '17', '35']
--- Updating central model ---
Checkpoint saved in path: checkpoints/cifar10/alpha0.5_K5_N10000_cnn_E1_clr0.01_fedopt_sgd_slr1.0_sam_rho0.1_112125_19:29:42.ckpt
--- Round 167 of 10000: Training 5 Clients ---
Selected clients: ['10', '75', '3', '16', '35']
--- Updating central model ---
Checkpoint saved in path: checkpoints/cifar10/alpha0.5_K5_N10000_cnn_E1_clr0.01_fedopt_sgd_slr1.0_sam_rho0.1_112125_19:29:42.ckpt
--- Round 168 of 10000: Training 5 Clients ---
Selected clients: ['35', '48', '8', '15', '20']
--- Updating central model ---
Checkpoint saved in path: checkpoints/cifar10/alpha0.5_K5_N10000_cnn_E1_clr0.01_fedopt_sgd_slr1.0_sam_rho0.1_112125_19:29:42.ckpt
--- Round 169 of 10000: Training 5 Clients ---
Selected clients: ['1', '0', '3', '39', '51']
--- Updating central model ---
Checkpoint saved in path: checkpoints/cifar10/alpha0.5_K5_N10000_cnn_E1_clr0.01_fedopt_sgd_slr1.0_sam_rho0.1_112125_19:29:42.ckpt
--- Round 170 of 10000: Training 5 Clients ---
Selected clients: ['6', '19', '64', '10', '8']
--- Updating central model ---
Checkpoint saved in path: checkpoints/cifar10/alpha0.5_K5_N10000_cnn_E1_clr0.01_fedopt_sgd_slr1.0_sam_rho0.1_112125_19:29:42.ckpt
--- Round 171 of 10000: Training 5 Clients ---
Selected clients: ['9', '57', '75', '8', '56']
--- Updating central model ---
Checkpoint saved in path: checkpoints/cifar10/alpha0.5_K5_N10000_cnn_E1_clr0.01_fedopt_sgd_slr1.0_sam_rho0.1_112125_19:29:42.ckpt
--- Round 172 of 10000: Training 5 Clients ---
Selected clients: ['26', '15', '22', '42', '68']
--- Updating central model ---
Checkpoint saved in path: checkpoints/cifar10/alpha0.5_K5_N10000_cnn_E1_clr0.01_fedopt_sgd_slr1.0_sam_rho0.1_112125_19:29:42.ckpt
--- Round 173 of 10000: Training 5 Clients ---
Selected clients: ['61', '77', '80', '27', '19']
--- Updating central model ---
Checkpoint saved in path: checkpoints/cifar10/alpha0.5_K5_N10000_cnn_E1_clr0.01_fedopt_sgd_slr1.0_sam_rho0.1_112125_19:29:42.ckpt
--- Round 174 of 10000: Training 5 Clients ---
Selected clients: ['4', '63', '32', '71', '0']
--- Updating central model ---
Checkpoint saved in path: checkpoints/cifar10/alpha0.5_K5_N10000_cnn_E1_clr0.01_fedopt_sgd_slr1.0_sam_rho0.1_112125_19:29:42.ckpt
--- Round 175 of 10000: Training 5 Clients ---
Selected clients: ['86', '76', '31', '21', '23']
--- Updating central model ---
Checkpoint saved in path: checkpoints/cifar10/alpha0.5_K5_N10000_cnn_E1_clr0.01_fedopt_sgd_slr1.0_sam_rho0.1_112125_19:29:42.ckpt
--- Round 176 of 10000: Training 5 Clients ---
Selected clients: ['60', '58', '26', '23', '69']
--- Updating central model ---
Checkpoint saved in path: checkpoints/cifar10/alpha0.5_K5_N10000_cnn_E1_clr0.01_fedopt_sgd_slr1.0_sam_rho0.1_112125_19:29:42.ckpt
--- Round 177 of 10000: Training 5 Clients ---
Selected clients: ['95', '14', '74', '77', '55']
--- Updating central model ---
Checkpoint saved in path: checkpoints/cifar10/alpha0.5_K5_N10000_cnn_E1_clr0.01_fedopt_sgd_slr1.0_sam_rho0.1_112125_19:29:42.ckpt
--- Round 178 of 10000: Training 5 Clients ---
Selected clients: ['20', '42', '77', '61', '67']
--- Updating central model ---
Checkpoint saved in path: checkpoints/cifar10/alpha0.5_K5_N10000_cnn_E1_clr0.01_fedopt_sgd_slr1.0_sam_rho0.1_112125_19:29:42.ckpt
--- Round 179 of 10000: Training 5 Clients ---
Selected clients: ['68', '96', '41', '62', '89']
--- Updating central model ---
Checkpoint saved in path: checkpoints/cifar10/alpha0.5_K5_N10000_cnn_E1_clr0.01_fedopt_sgd_slr1.0_sam_rho0.1_112125_19:29:42.ckpt
--- Round 180 of 10000: Training 5 Clients ---
Selected clients: ['97', '53', '58', '71', '0']
--- Updating central model ---
Checkpoint saved in path: checkpoints/cifar10/alpha0.5_K5_N10000_cnn_E1_clr0.01_fedopt_sgd_slr1.0_sam_rho0.1_112125_19:29:42.ckpt
--- Round 181 of 10000: Training 5 Clients ---
Selected clients: ['16', '20', '30', '91', '2']
--- Updating central model ---
Checkpoint saved in path: checkpoints/cifar10/alpha0.5_K5_N10000_cnn_E1_clr0.01_fedopt_sgd_slr1.0_sam_rho0.1_112125_19:29:42.ckpt
--- Round 182 of 10000: Training 5 Clients ---
Selected clients: ['67', '89', '17', '33', '4']
--- Updating central model ---
Checkpoint saved in path: checkpoints/cifar10/alpha0.5_K5_N10000_cnn_E1_clr0.01_fedopt_sgd_slr1.0_sam_rho0.1_112125_19:29:42.ckpt
--- Round 183 of 10000: Training 5 Clients ---
Selected clients: ['52', '23', '7', '58', '97']
--- Updating central model ---
Checkpoint saved in path: checkpoints/cifar10/alpha0.5_K5_N10000_cnn_E1_clr0.01_fedopt_sgd_slr1.0_sam_rho0.1_112125_19:29:42.ckpt
--- Round 184 of 10000: Training 5 Clients ---
Selected clients: ['63', '41', '46', '36', '44']
--- Updating central model ---
Checkpoint saved in path: checkpoints/cifar10/alpha0.5_K5_N10000_cnn_E1_clr0.01_fedopt_sgd_slr1.0_sam_rho0.1_112125_19:29:42.ckpt
--- Round 185 of 10000: Training 5 Clients ---
Selected clients: ['96', '27', '41', '34', '94']
--- Updating central model ---
Checkpoint saved in path: checkpoints/cifar10/alpha0.5_K5_N10000_cnn_E1_clr0.01_fedopt_sgd_slr1.0_sam_rho0.1_112125_19:29:42.ckpt
--- Round 186 of 10000: Training 5 Clients ---
Selected clients: ['54', '16', '9', '95', '67']
--- Updating central model ---
Checkpoint saved in path: checkpoints/cifar10/alpha0.5_K5_N10000_cnn_E1_clr0.01_fedopt_sgd_slr1.0_sam_rho0.1_112125_19:29:42.ckpt
--- Round 187 of 10000: Training 5 Clients ---
Selected clients: ['63', '20', '61', '68', '58']
--- Updating central model ---
Checkpoint saved in path: checkpoints/cifar10/alpha0.5_K5_N10000_cnn_E1_clr0.01_fedopt_sgd_slr1.0_sam_rho0.1_112125_19:29:42.ckpt
--- Round 188 of 10000: Training 5 Clients ---
Selected clients: ['20', '99', '22', '29', '67']
--- Updating central model ---
Checkpoint saved in path: checkpoints/cifar10/alpha0.5_K5_N10000_cnn_E1_clr0.01_fedopt_sgd_slr1.0_sam_rho0.1_112125_19:29:42.ckpt
--- Round 189 of 10000: Training 5 Clients ---
Selected clients: ['53', '9', '79', '57', '4']
--- Updating central model ---
Checkpoint saved in path: checkpoints/cifar10/alpha0.5_K5_N10000_cnn_E1_clr0.01_fedopt_sgd_slr1.0_sam_rho0.1_112125_19:29:42.ckpt
--- Round 190 of 10000: Training 5 Clients ---
Selected clients: ['53', '74', '60', '98', '65']
--- Updating central model ---
Checkpoint saved in path: checkpoints/cifar10/alpha0.5_K5_N10000_cnn_E1_clr0.01_fedopt_sgd_slr1.0_sam_rho0.1_112125_19:29:42.ckpt
--- Round 191 of 10000: Training 5 Clients ---
Selected clients: ['36', '1', '21', '35', '37']
--- Updating central model ---
Checkpoint saved in path: checkpoints/cifar10/alpha0.5_K5_N10000_cnn_E1_clr0.01_fedopt_sgd_slr1.0_sam_rho0.1_112125_19:29:42.ckpt
--- Round 192 of 10000: Training 5 Clients ---
Selected clients: ['32', '55', '67', '38', '10']
--- Updating central model ---
Checkpoint saved in path: checkpoints/cifar10/alpha0.5_K5_N10000_cnn_E1_clr0.01_fedopt_sgd_slr1.0_sam_rho0.1_112125_19:29:42.ckpt
--- Round 193 of 10000: Training 5 Clients ---
Selected clients: ['63', '13', '41', '27', '45']
--- Updating central model ---
Checkpoint saved in path: checkpoints/cifar10/alpha0.5_K5_N10000_cnn_E1_clr0.01_fedopt_sgd_slr1.0_sam_rho0.1_112125_19:29:42.ckpt
--- Round 194 of 10000: Training 5 Clients ---
Selected clients: ['53', '7', '50', '39', '66']
--- Updating central model ---
Checkpoint saved in path: checkpoints/cifar10/alpha0.5_K5_N10000_cnn_E1_clr0.01_fedopt_sgd_slr1.0_sam_rho0.1_112125_19:29:42.ckpt
--- Round 195 of 10000: Training 5 Clients ---
Selected clients: ['70', '29', '98', '4', '37']
--- Updating central model ---
Checkpoint saved in path: checkpoints/cifar10/alpha0.5_K5_N10000_cnn_E1_clr0.01_fedopt_sgd_slr1.0_sam_rho0.1_112125_19:29:42.ckpt
--- Round 196 of 10000: Training 5 Clients ---
Selected clients: ['19', '46', '25', '21', '57']
--- Updating central model ---
Checkpoint saved in path: checkpoints/cifar10/alpha0.5_K5_N10000_cnn_E1_clr0.01_fedopt_sgd_slr1.0_sam_rho0.1_112125_19:29:42.ckpt
--- Round 197 of 10000: Training 5 Clients ---
Selected clients: ['22', '83', '56', '89', '94']
--- Updating central model ---
Checkpoint saved in path: checkpoints/cifar10/alpha0.5_K5_N10000_cnn_E1_clr0.01_fedopt_sgd_slr1.0_sam_rho0.1_112125_19:29:42.ckpt
--- Round 198 of 10000: Training 5 Clients ---
Selected clients: ['92', '59', '47', '36', '77']
--- Updating central model ---
Checkpoint saved in path: checkpoints/cifar10/alpha0.5_K5_N10000_cnn_E1_clr0.01_fedopt_sgd_slr1.0_sam_rho0.1_112125_19:29:42.ckpt
--- Round 199 of 10000: Training 5 Clients ---
Selected clients: ['87', '9', '97', '99', '67']
--- Updating central model ---
Checkpoint saved in path: checkpoints/cifar10/alpha0.5_K5_N10000_cnn_E1_clr0.01_fedopt_sgd_slr1.0_sam_rho0.1_112125_19:29:42.ckpt
--- Round 200 of 10000: Training 5 Clients ---
Selected clients: ['94', '36', '76', '67', '17']
--- Updating central model ---
train_accuracy: 18.0886, 10th percentile: 4.78718, 50th percentile: 15.1834, 90th percentile 33.2676
train_loss: 2.27045, 10th percentile: 2.23795, 50th percentile: 2.27017, 90th percentile 2.30146
test_accuracy: 18.51, 10th percentile: 18.51, 50th percentile: 18.51, 90th percentile 18.51
test_loss: 2.26878, 10th percentile: 2.26878, 50th percentile: 2.26878, 90th percentile 2.26878
Checkpoint saved in path: checkpoints/cifar10/alpha0.5_K5_N10000_cnn_E1_clr0.01_fedopt_sgd_slr1.0_sam_rho0.1_112125_19:29:42.ckpt
--- Round 201 of 10000: Training 5 Clients ---
Selected clients: ['24', '53', '46', '91', '59']
--- Updating central model ---
Checkpoint saved in path: checkpoints/cifar10/alpha0.5_K5_N10000_cnn_E1_clr0.01_fedopt_sgd_slr1.0_sam_rho0.1_112125_19:29:42.ckpt
--- Round 202 of 10000: Training 5 Clients ---
Selected clients: ['71', '95', '25', '65', '80']
--- Updating central model ---
Checkpoint saved in path: checkpoints/cifar10/alpha0.5_K5_N10000_cnn_E1_clr0.01_fedopt_sgd_slr1.0_sam_rho0.1_112125_19:29:42.ckpt
--- Round 203 of 10000: Training 5 Clients ---
Selected clients: ['34', '89', '6', '17', '53']
--- Updating central model ---
Checkpoint saved in path: checkpoints/cifar10/alpha0.5_K5_N10000_cnn_E1_clr0.01_fedopt_sgd_slr1.0_sam_rho0.1_112125_19:29:42.ckpt
--- Round 204 of 10000: Training 5 Clients ---
Selected clients: ['41', '45', '11', '4', '7']
--- Updating central model ---
Checkpoint saved in path: checkpoints/cifar10/alpha0.5_K5_N10000_cnn_E1_clr0.01_fedopt_sgd_slr1.0_sam_rho0.1_112125_19:29:42.ckpt
--- Round 205 of 10000: Training 5 Clients ---
Selected clients: ['22', '25', '88', '59', '34']
--- Updating central model ---
Checkpoint saved in path: checkpoints/cifar10/alpha0.5_K5_N10000_cnn_E1_clr0.01_fedopt_sgd_slr1.0_sam_rho0.1_112125_19:29:42.ckpt
--- Round 206 of 10000: Training 5 Clients ---
Selected clients: ['51', '89', '66', '54', '17']
--- Updating central model ---
Checkpoint saved in path: checkpoints/cifar10/alpha0.5_K5_N10000_cnn_E1_clr0.01_fedopt_sgd_slr1.0_sam_rho0.1_112125_19:29:42.ckpt
--- Round 207 of 10000: Training 5 Clients ---
Selected clients: ['62', '83', '46', '34', '85']
--- Updating central model ---
Checkpoint saved in path: checkpoints/cifar10/alpha0.5_K5_N10000_cnn_E1_clr0.01_fedopt_sgd_slr1.0_sam_rho0.1_112125_19:29:42.ckpt
--- Round 208 of 10000: Training 5 Clients ---
Selected clients: ['10', '14', '2', '11', '65']
--- Updating central model ---
Checkpoint saved in path: checkpoints/cifar10/alpha0.5_K5_N10000_cnn_E1_clr0.01_fedopt_sgd_slr1.0_sam_rho0.1_112125_19:29:42.ckpt
--- Round 209 of 10000: Training 5 Clients ---
Selected clients: ['84', '45', '50', '51', '10']
--- Updating central model ---
Checkpoint saved in path: checkpoints/cifar10/alpha0.5_K5_N10000_cnn_E1_clr0.01_fedopt_sgd_slr1.0_sam_rho0.1_112125_19:29:42.ckpt
--- Round 210 of 10000: Training 5 Clients ---
Selected clients: ['27', '21', '73', '65', '84']
--- Updating central model ---
Checkpoint saved in path: checkpoints/cifar10/alpha0.5_K5_N10000_cnn_E1_clr0.01_fedopt_sgd_slr1.0_sam_rho0.1_112125_19:29:42.ckpt
--- Round 211 of 10000: Training 5 Clients ---
Selected clients: ['69', '1', '68', '48', '38']
--- Updating central model ---
Checkpoint saved in path: checkpoints/cifar10/alpha0.5_K5_N10000_cnn_E1_clr0.01_fedopt_sgd_slr1.0_sam_rho0.1_112125_19:29:42.ckpt
--- Round 212 of 10000: Training 5 Clients ---
Selected clients: ['7', '66', '58', '77', '6']
--- Updating central model ---
Checkpoint saved in path: checkpoints/cifar10/alpha0.5_K5_N10000_cnn_E1_clr0.01_fedopt_sgd_slr1.0_sam_rho0.1_112125_19:29:42.ckpt
--- Round 213 of 10000: Training 5 Clients ---
Selected clients: ['12', '60', '87', '86', '96']
--- Updating central model ---
Checkpoint saved in path: checkpoints/cifar10/alpha0.5_K5_N10000_cnn_E1_clr0.01_fedopt_sgd_slr1.0_sam_rho0.1_112125_19:29:42.ckpt
--- Round 214 of 10000: Training 5 Clients ---
Selected clients: ['72', '61', '97', '39', '34']
--- Updating central model ---
Checkpoint saved in path: checkpoints/cifar10/alpha0.5_K5_N10000_cnn_E1_clr0.01_fedopt_sgd_slr1.0_sam_rho0.1_112125_19:29:42.ckpt
--- Round 215 of 10000: Training 5 Clients ---
Selected clients: ['9', '94', '20', '36', '51']
--- Updating central model ---
Checkpoint saved in path: checkpoints/cifar10/alpha0.5_K5_N10000_cnn_E1_clr0.01_fedopt_sgd_slr1.0_sam_rho0.1_112125_19:29:42.ckpt
--- Round 216 of 10000: Training 5 Clients ---
Selected clients: ['49', '6', '16', '37', '82']
--- Updating central model ---
Checkpoint saved in path: checkpoints/cifar10/alpha0.5_K5_N10000_cnn_E1_clr0.01_fedopt_sgd_slr1.0_sam_rho0.1_112125_19:29:42.ckpt
--- Round 217 of 10000: Training 5 Clients ---
Selected clients: ['54', '68', '55', '72', '43']
--- Updating central model ---
Checkpoint saved in path: checkpoints/cifar10/alpha0.5_K5_N10000_cnn_E1_clr0.01_fedopt_sgd_slr1.0_sam_rho0.1_112125_19:29:42.ckpt
--- Round 218 of 10000: Training 5 Clients ---
Selected clients: ['9', '57', '15', '58', '72']
--- Updating central model ---
Checkpoint saved in path: checkpoints/cifar10/alpha0.5_K5_N10000_cnn_E1_clr0.01_fedopt_sgd_slr1.0_sam_rho0.1_112125_19:29:42.ckpt
--- Round 219 of 10000: Training 5 Clients ---
Selected clients: ['32', '88', '61', '8', '11']
--- Updating central model ---
Checkpoint saved in path: checkpoints/cifar10/alpha0.5_K5_N10000_cnn_E1_clr0.01_fedopt_sgd_slr1.0_sam_rho0.1_112125_19:29:42.ckpt
--- Round 220 of 10000: Training 5 Clients ---
Selected clients: ['96', '35', '83', '2', '33']
--- Updating central model ---
Checkpoint saved in path: checkpoints/cifar10/alpha0.5_K5_N10000_cnn_E1_clr0.01_fedopt_sgd_slr1.0_sam_rho0.1_112125_19:29:42.ckpt
--- Round 221 of 10000: Training 5 Clients ---
Selected clients: ['8', '40', '68', '66', '53']
--- Updating central model ---
Checkpoint saved in path: checkpoints/cifar10/alpha0.5_K5_N10000_cnn_E1_clr0.01_fedopt_sgd_slr1.0_sam_rho0.1_112125_19:29:42.ckpt
--- Round 222 of 10000: Training 5 Clients ---
Selected clients: ['17', '95', '66', '67', '88']
--- Updating central model ---
Checkpoint saved in path: checkpoints/cifar10/alpha0.5_K5_N10000_cnn_E1_clr0.01_fedopt_sgd_slr1.0_sam_rho0.1_112125_19:29:42.ckpt
--- Round 223 of 10000: Training 5 Clients ---
Selected clients: ['95', '81', '76', '11', '57']
--- Updating central model ---
Checkpoint saved in path: checkpoints/cifar10/alpha0.5_K5_N10000_cnn_E1_clr0.01_fedopt_sgd_slr1.0_sam_rho0.1_112125_19:29:42.ckpt
--- Round 224 of 10000: Training 5 Clients ---
Selected clients: ['10', '79', '62', '64', '76']
--- Updating central model ---
Checkpoint saved in path: checkpoints/cifar10/alpha0.5_K5_N10000_cnn_E1_clr0.01_fedopt_sgd_slr1.0_sam_rho0.1_112125_19:29:42.ckpt
--- Round 225 of 10000: Training 5 Clients ---
Selected clients: ['94', '72', '4', '44', '35']
--- Updating central model ---
Checkpoint saved in path: checkpoints/cifar10/alpha0.5_K5_N10000_cnn_E1_clr0.01_fedopt_sgd_slr1.0_sam_rho0.1_112125_19:29:42.ckpt
--- Round 226 of 10000: Training 5 Clients ---
Selected clients: ['59', '55', '35', '21', '27']
--- Updating central model ---
Checkpoint saved in path: checkpoints/cifar10/alpha0.5_K5_N10000_cnn_E1_clr0.01_fedopt_sgd_slr1.0_sam_rho0.1_112125_19:29:42.ckpt
--- Round 227 of 10000: Training 5 Clients ---
Selected clients: ['90', '0', '2', '7', '48']
--- Updating central model ---
Checkpoint saved in path: checkpoints/cifar10/alpha0.5_K5_N10000_cnn_E1_clr0.01_fedopt_sgd_slr1.0_sam_rho0.1_112125_19:29:42.ckpt
--- Round 228 of 10000: Training 5 Clients ---
Selected clients: ['11', '92', '40', '2', '53']
--- Updating central model ---
Checkpoint saved in path: checkpoints/cifar10/alpha0.5_K5_N10000_cnn_E1_clr0.01_fedopt_sgd_slr1.0_sam_rho0.1_112125_19:29:42.ckpt
--- Round 229 of 10000: Training 5 Clients ---
Selected clients: ['42', '28', '50', '98', '48']
--- Updating central model ---
Checkpoint saved in path: checkpoints/cifar10/alpha0.5_K5_N10000_cnn_E1_clr0.01_fedopt_sgd_slr1.0_sam_rho0.1_112125_19:29:42.ckpt
--- Round 230 of 10000: Training 5 Clients ---
Selected clients: ['72', '52', '70', '92', '35']
--- Updating central model ---
Checkpoint saved in path: checkpoints/cifar10/alpha0.5_K5_N10000_cnn_E1_clr0.01_fedopt_sgd_slr1.0_sam_rho0.1_112125_19:29:42.ckpt
--- Round 231 of 10000: Training 5 Clients ---
Selected clients: ['97', '64', '38', '78', '13']
--- Updating central model ---
Checkpoint saved in path: checkpoints/cifar10/alpha0.5_K5_N10000_cnn_E1_clr0.01_fedopt_sgd_slr1.0_sam_rho0.1_112125_19:29:42.ckpt
--- Round 232 of 10000: Training 5 Clients ---
Selected clients: ['93', '22', '23', '55', '28']
--- Updating central model ---
Checkpoint saved in path: checkpoints/cifar10/alpha0.5_K5_N10000_cnn_E1_clr0.01_fedopt_sgd_slr1.0_sam_rho0.1_112125_19:29:42.ckpt
--- Round 233 of 10000: Training 5 Clients ---
Selected clients: ['8', '60', '70', '11', '20']
--- Updating central model ---
Checkpoint saved in path: checkpoints/cifar10/alpha0.5_K5_N10000_cnn_E1_clr0.01_fedopt_sgd_slr1.0_sam_rho0.1_112125_19:29:42.ckpt
--- Round 234 of 10000: Training 5 Clients ---
Selected clients: ['48', '30', '53', '99', '5']
--- Updating central model ---
Checkpoint saved in path: checkpoints/cifar10/alpha0.5_K5_N10000_cnn_E1_clr0.01_fedopt_sgd_slr1.0_sam_rho0.1_112125_19:29:42.ckpt
--- Round 235 of 10000: Training 5 Clients ---
Selected clients: ['80', '84', '36', '5', '17']
--- Updating central model ---
Checkpoint saved in path: checkpoints/cifar10/alpha0.5_K5_N10000_cnn_E1_clr0.01_fedopt_sgd_slr1.0_sam_rho0.1_112125_19:29:42.ckpt
--- Round 236 of 10000: Training 5 Clients ---
Selected clients: ['70', '19', '80', '33', '78']
--- Updating central model ---
Checkpoint saved in path: checkpoints/cifar10/alpha0.5_K5_N10000_cnn_E1_clr0.01_fedopt_sgd_slr1.0_sam_rho0.1_112125_19:29:42.ckpt
--- Round 237 of 10000: Training 5 Clients ---
Selected clients: ['1', '36', '45', '50', '20']
--- Updating central model ---
Checkpoint saved in path: checkpoints/cifar10/alpha0.5_K5_N10000_cnn_E1_clr0.01_fedopt_sgd_slr1.0_sam_rho0.1_112125_19:29:42.ckpt
--- Round 238 of 10000: Training 5 Clients ---
Selected clients: ['71', '45', '69', '19', '33']
--- Updating central model ---
Checkpoint saved in path: checkpoints/cifar10/alpha0.5_K5_N10000_cnn_E1_clr0.01_fedopt_sgd_slr1.0_sam_rho0.1_112125_19:29:42.ckpt
--- Round 239 of 10000: Training 5 Clients ---
Selected clients: ['73', '76', '53', '1', '93']
--- Updating central model ---
Checkpoint saved in path: checkpoints/cifar10/alpha0.5_K5_N10000_cnn_E1_clr0.01_fedopt_sgd_slr1.0_sam_rho0.1_112125_19:29:42.ckpt
--- Round 240 of 10000: Training 5 Clients ---
Selected clients: ['60', '41', '69', '50', '40']
--- Updating central model ---
Checkpoint saved in path: checkpoints/cifar10/alpha0.5_K5_N10000_cnn_E1_clr0.01_fedopt_sgd_slr1.0_sam_rho0.1_112125_19:29:42.ckpt
--- Round 241 of 10000: Training 5 Clients ---
Selected clients: ['22', '13', '56', '33', '61']
--- Updating central model ---
Checkpoint saved in path: checkpoints/cifar10/alpha0.5_K5_N10000_cnn_E1_clr0.01_fedopt_sgd_slr1.0_sam_rho0.1_112125_19:29:42.ckpt
--- Round 242 of 10000: Training 5 Clients ---
Selected clients: ['32', '19', '22', '38', '26']
--- Updating central model ---
Checkpoint saved in path: checkpoints/cifar10/alpha0.5_K5_N10000_cnn_E1_clr0.01_fedopt_sgd_slr1.0_sam_rho0.1_112125_19:29:42.ckpt
--- Round 243 of 10000: Training 5 Clients ---
Selected clients: ['26', '33', '0', '68', '1']
--- Updating central model ---
Checkpoint saved in path: checkpoints/cifar10/alpha0.5_K5_N10000_cnn_E1_clr0.01_fedopt_sgd_slr1.0_sam_rho0.1_112125_19:29:42.ckpt
--- Round 244 of 10000: Training 5 Clients ---
Selected clients: ['76', '5', '94', '69', '27']
--- Updating central model ---
Checkpoint saved in path: checkpoints/cifar10/alpha0.5_K5_N10000_cnn_E1_clr0.01_fedopt_sgd_slr1.0_sam_rho0.1_112125_19:29:42.ckpt
--- Round 245 of 10000: Training 5 Clients ---
Selected clients: ['83', '24', '49', '59', '69']
--- Updating central model ---
Checkpoint saved in path: checkpoints/cifar10/alpha0.5_K5_N10000_cnn_E1_clr0.01_fedopt_sgd_slr1.0_sam_rho0.1_112125_19:29:42.ckpt
--- Round 246 of 10000: Training 5 Clients ---
Selected clients: ['23', '55', '16', '74', '61']
--- Updating central model ---
Checkpoint saved in path: checkpoints/cifar10/alpha0.5_K5_N10000_cnn_E1_clr0.01_fedopt_sgd_slr1.0_sam_rho0.1_112125_19:29:42.ckpt
--- Round 247 of 10000: Training 5 Clients ---
Selected clients: ['88', '57', '98', '56', '1']
--- Updating central model ---
Checkpoint saved in path: checkpoints/cifar10/alpha0.5_K5_N10000_cnn_E1_clr0.01_fedopt_sgd_slr1.0_sam_rho0.1_112125_19:29:42.ckpt
--- Round 248 of 10000: Training 5 Clients ---
Selected clients: ['64', '33', '59', '48', '30']
--- Updating central model ---
Checkpoint saved in path: checkpoints/cifar10/alpha0.5_K5_N10000_cnn_E1_clr0.01_fedopt_sgd_slr1.0_sam_rho0.1_112125_19:29:42.ckpt
--- Round 249 of 10000: Training 5 Clients ---
Selected clients: ['3', '94', '90', '58', '57']
--- Updating central model ---
Checkpoint saved in path: checkpoints/cifar10/alpha0.5_K5_N10000_cnn_E1_clr0.01_fedopt_sgd_slr1.0_sam_rho0.1_112125_19:29:42.ckpt
--- Round 250 of 10000: Training 5 Clients ---
Selected clients: ['64', '88', '41', '7', '83']
--- Updating central model ---
Checkpoint saved in path: checkpoints/cifar10/alpha0.5_K5_N10000_cnn_E1_clr0.01_fedopt_sgd_slr1.0_sam_rho0.1_112125_19:29:42.ckpt
--- Round 251 of 10000: Training 5 Clients ---
Selected clients: ['70', '74', '20', '61', '89']
--- Updating central model ---
Checkpoint saved in path: checkpoints/cifar10/alpha0.5_K5_N10000_cnn_E1_clr0.01_fedopt_sgd_slr1.0_sam_rho0.1_112125_19:29:42.ckpt
--- Round 252 of 10000: Training 5 Clients ---
Selected clients: ['31', '78', '71', '56', '20']
--- Updating central model ---
Checkpoint saved in path: checkpoints/cifar10/alpha0.5_K5_N10000_cnn_E1_clr0.01_fedopt_sgd_slr1.0_sam_rho0.1_112125_19:29:42.ckpt
--- Round 253 of 10000: Training 5 Clients ---
Selected clients: ['99', '31', '66', '83', '52']
--- Updating central model ---
Checkpoint saved in path: checkpoints/cifar10/alpha0.5_K5_N10000_cnn_E1_clr0.01_fedopt_sgd_slr1.0_sam_rho0.1_112125_19:29:42.ckpt
--- Round 254 of 10000: Training 5 Clients ---
Selected clients: ['29', '87', '19', '4', '90']
--- Updating central model ---
Checkpoint saved in path: checkpoints/cifar10/alpha0.5_K5_N10000_cnn_E1_clr0.01_fedopt_sgd_slr1.0_sam_rho0.1_112125_19:29:42.ckpt
--- Round 255 of 10000: Training 5 Clients ---
Selected clients: ['29', '26', '5', '33', '61']
--- Updating central model ---
Checkpoint saved in path: checkpoints/cifar10/alpha0.5_K5_N10000_cnn_E1_clr0.01_fedopt_sgd_slr1.0_sam_rho0.1_112125_19:29:42.ckpt
--- Round 256 of 10000: Training 5 Clients ---
Selected clients: ['44', '60', '24', '35', '39']
--- Updating central model ---
Checkpoint saved in path: checkpoints/cifar10/alpha0.5_K5_N10000_cnn_E1_clr0.01_fedopt_sgd_slr1.0_sam_rho0.1_112125_19:29:42.ckpt
--- Round 257 of 10000: Training 5 Clients ---
Selected clients: ['98', '76', '92', '18', '33']
--- Updating central model ---
Checkpoint saved in path: checkpoints/cifar10/alpha0.5_K5_N10000_cnn_E1_clr0.01_fedopt_sgd_slr1.0_sam_rho0.1_112125_19:29:42.ckpt
--- Round 258 of 10000: Training 5 Clients ---
Selected clients: ['95', '43', '84', '85', '13']
--- Updating central model ---
Checkpoint saved in path: checkpoints/cifar10/alpha0.5_K5_N10000_cnn_E1_clr0.01_fedopt_sgd_slr1.0_sam_rho0.1_112125_19:29:42.ckpt
--- Round 259 of 10000: Training 5 Clients ---
Selected clients: ['74', '37', '88', '17', '23']
--- Updating central model ---
Checkpoint saved in path: checkpoints/cifar10/alpha0.5_K5_N10000_cnn_E1_clr0.01_fedopt_sgd_slr1.0_sam_rho0.1_112125_19:29:42.ckpt
--- Round 260 of 10000: Training 5 Clients ---
Selected clients: ['94', '76', '98', '95', '14']
--- Updating central model ---
Checkpoint saved in path: checkpoints/cifar10/alpha0.5_K5_N10000_cnn_E1_clr0.01_fedopt_sgd_slr1.0_sam_rho0.1_112125_19:29:42.ckpt
--- Round 261 of 10000: Training 5 Clients ---
Selected clients: ['58', '13', '16', '99', '77']
--- Updating central model ---
Checkpoint saved in path: checkpoints/cifar10/alpha0.5_K5_N10000_cnn_E1_clr0.01_fedopt_sgd_slr1.0_sam_rho0.1_112125_19:29:42.ckpt
--- Round 262 of 10000: Training 5 Clients ---
Selected clients: ['28', '53', '89', '36', '39']
--- Updating central model ---
Checkpoint saved in path: checkpoints/cifar10/alpha0.5_K5_N10000_cnn_E1_clr0.01_fedopt_sgd_slr1.0_sam_rho0.1_112125_19:29:42.ckpt
--- Round 263 of 10000: Training 5 Clients ---
Selected clients: ['52', '69', '43', '35', '77']
--- Updating central model ---
Checkpoint saved in path: checkpoints/cifar10/alpha0.5_K5_N10000_cnn_E1_clr0.01_fedopt_sgd_slr1.0_sam_rho0.1_112125_19:29:42.ckpt
--- Round 264 of 10000: Training 5 Clients ---
Selected clients: ['86', '41', '2', '75', '30']
--- Updating central model ---
Checkpoint saved in path: checkpoints/cifar10/alpha0.5_K5_N10000_cnn_E1_clr0.01_fedopt_sgd_slr1.0_sam_rho0.1_112125_19:29:42.ckpt
--- Round 265 of 10000: Training 5 Clients ---
Selected clients: ['26', '56', '51', '3', '61']
--- Updating central model ---
Checkpoint saved in path: checkpoints/cifar10/alpha0.5_K5_N10000_cnn_E1_clr0.01_fedopt_sgd_slr1.0_sam_rho0.1_112125_19:29:42.ckpt
--- Round 266 of 10000: Training 5 Clients ---
Selected clients: ['69', '36', '77', '6', '14']
--- Updating central model ---
Checkpoint saved in path: checkpoints/cifar10/alpha0.5_K5_N10000_cnn_E1_clr0.01_fedopt_sgd_slr1.0_sam_rho0.1_112125_19:29:42.ckpt
--- Round 267 of 10000: Training 5 Clients ---
Selected clients: ['35', '86', '73', '65', '59']
--- Updating central model ---
Checkpoint saved in path: checkpoints/cifar10/alpha0.5_K5_N10000_cnn_E1_clr0.01_fedopt_sgd_slr1.0_sam_rho0.1_112125_19:29:42.ckpt
--- Round 268 of 10000: Training 5 Clients ---
Selected clients: ['10', '34', '46', '91', '73']
--- Updating central model ---
Checkpoint saved in path: checkpoints/cifar10/alpha0.5_K5_N10000_cnn_E1_clr0.01_fedopt_sgd_slr1.0_sam_rho0.1_112125_19:29:42.ckpt
--- Round 269 of 10000: Training 5 Clients ---
Selected clients: ['80', '66', '37', '81', '14']
--- Updating central model ---
Checkpoint saved in path: checkpoints/cifar10/alpha0.5_K5_N10000_cnn_E1_clr0.01_fedopt_sgd_slr1.0_sam_rho0.1_112125_19:29:42.ckpt
--- Round 270 of 10000: Training 5 Clients ---
Selected clients: ['18', '78', '28', '86', '89']
--- Updating central model ---
Checkpoint saved in path: checkpoints/cifar10/alpha0.5_K5_N10000_cnn_E1_clr0.01_fedopt_sgd_slr1.0_sam_rho0.1_112125_19:29:42.ckpt
--- Round 271 of 10000: Training 5 Clients ---
Selected clients: ['44', '4', '46', '6', '62']
--- Updating central model ---
Checkpoint saved in path: checkpoints/cifar10/alpha0.5_K5_N10000_cnn_E1_clr0.01_fedopt_sgd_slr1.0_sam_rho0.1_112125_19:29:42.ckpt
--- Round 272 of 10000: Training 5 Clients ---
Selected clients: ['73', '6', '61', '26', '9']
--- Updating central model ---
Checkpoint saved in path: checkpoints/cifar10/alpha0.5_K5_N10000_cnn_E1_clr0.01_fedopt_sgd_slr1.0_sam_rho0.1_112125_19:29:42.ckpt
--- Round 273 of 10000: Training 5 Clients ---
Selected clients: ['35', '2', '17', '65', '46']
--- Updating central model ---
Checkpoint saved in path: checkpoints/cifar10/alpha0.5_K5_N10000_cnn_E1_clr0.01_fedopt_sgd_slr1.0_sam_rho0.1_112125_19:29:42.ckpt
--- Round 274 of 10000: Training 5 Clients ---
Selected clients: ['76', '41', '8', '53', '24']
--- Updating central model ---
Checkpoint saved in path: checkpoints/cifar10/alpha0.5_K5_N10000_cnn_E1_clr0.01_fedopt_sgd_slr1.0_sam_rho0.1_112125_19:29:42.ckpt
--- Round 275 of 10000: Training 5 Clients ---
Selected clients: ['51', '66', '36', '15', '50']
--- Updating central model ---
Checkpoint saved in path: checkpoints/cifar10/alpha0.5_K5_N10000_cnn_E1_clr0.01_fedopt_sgd_slr1.0_sam_rho0.1_112125_19:29:42.ckpt
--- Round 276 of 10000: Training 5 Clients ---
Selected clients: ['50', '23', '94', '16', '27']
--- Updating central model ---
Checkpoint saved in path: checkpoints/cifar10/alpha0.5_K5_N10000_cnn_E1_clr0.01_fedopt_sgd_slr1.0_sam_rho0.1_112125_19:29:42.ckpt
--- Round 277 of 10000: Training 5 Clients ---
Selected clients: ['5', '75', '46', '41', '77']
--- Updating central model ---
Checkpoint saved in path: checkpoints/cifar10/alpha0.5_K5_N10000_cnn_E1_clr0.01_fedopt_sgd_slr1.0_sam_rho0.1_112125_19:29:42.ckpt
--- Round 278 of 10000: Training 5 Clients ---
Selected clients: ['59', '35', '54', '87', '37']
--- Updating central model ---
Checkpoint saved in path: checkpoints/cifar10/alpha0.5_K5_N10000_cnn_E1_clr0.01_fedopt_sgd_slr1.0_sam_rho0.1_112125_19:29:42.ckpt
--- Round 279 of 10000: Training 5 Clients ---
Selected clients: ['87', '16', '59', '82', '18']
--- Updating central model ---
Checkpoint saved in path: checkpoints/cifar10/alpha0.5_K5_N10000_cnn_E1_clr0.01_fedopt_sgd_slr1.0_sam_rho0.1_112125_19:29:42.ckpt
--- Round 280 of 10000: Training 5 Clients ---
Selected clients: ['18', '1', '87', '60', '52']
--- Updating central model ---
Checkpoint saved in path: checkpoints/cifar10/alpha0.5_K5_N10000_cnn_E1_clr0.01_fedopt_sgd_slr1.0_sam_rho0.1_112125_19:29:42.ckpt
--- Round 281 of 10000: Training 5 Clients ---
Selected clients: ['97', '11', '82', '60', '47']
--- Updating central model ---
Checkpoint saved in path: checkpoints/cifar10/alpha0.5_K5_N10000_cnn_E1_clr0.01_fedopt_sgd_slr1.0_sam_rho0.1_112125_19:29:42.ckpt
--- Round 282 of 10000: Training 5 Clients ---
Selected clients: ['88', '76', '99', '19', '7']
--- Updating central model ---
Checkpoint saved in path: checkpoints/cifar10/alpha0.5_K5_N10000_cnn_E1_clr0.01_fedopt_sgd_slr1.0_sam_rho0.1_112125_19:29:42.ckpt
--- Round 283 of 10000: Training 5 Clients ---
Selected clients: ['14', '10', '45', '66', '60']
--- Updating central model ---
Checkpoint saved in path: checkpoints/cifar10/alpha0.5_K5_N10000_cnn_E1_clr0.01_fedopt_sgd_slr1.0_sam_rho0.1_112125_19:29:42.ckpt
--- Round 284 of 10000: Training 5 Clients ---
Selected clients: ['46', '28', '1', '65', '14']
--- Updating central model ---
Checkpoint saved in path: checkpoints/cifar10/alpha0.5_K5_N10000_cnn_E1_clr0.01_fedopt_sgd_slr1.0_sam_rho0.1_112125_19:29:42.ckpt
--- Round 285 of 10000: Training 5 Clients ---
Selected clients: ['22', '60', '87', '43', '81']
--- Updating central model ---
Checkpoint saved in path: checkpoints/cifar10/alpha0.5_K5_N10000_cnn_E1_clr0.01_fedopt_sgd_slr1.0_sam_rho0.1_112125_19:29:42.ckpt
--- Round 286 of 10000: Training 5 Clients ---
Selected clients: ['72', '14', '93', '66', '26']
--- Updating central model ---
Checkpoint saved in path: checkpoints/cifar10/alpha0.5_K5_N10000_cnn_E1_clr0.01_fedopt_sgd_slr1.0_sam_rho0.1_112125_19:29:42.ckpt
--- Round 287 of 10000: Training 5 Clients ---
Selected clients: ['26', '62', '18', '17', '3']
--- Updating central model ---
Checkpoint saved in path: checkpoints/cifar10/alpha0.5_K5_N10000_cnn_E1_clr0.01_fedopt_sgd_slr1.0_sam_rho0.1_112125_19:29:42.ckpt
--- Round 288 of 10000: Training 5 Clients ---
Selected clients: ['24', '2', '19', '99', '82']
--- Updating central model ---
Checkpoint saved in path: checkpoints/cifar10/alpha0.5_K5_N10000_cnn_E1_clr0.01_fedopt_sgd_slr1.0_sam_rho0.1_112125_19:29:42.ckpt
--- Round 289 of 10000: Training 5 Clients ---
Selected clients: ['23', '31', '40', '6', '11']
--- Updating central model ---
Checkpoint saved in path: checkpoints/cifar10/alpha0.5_K5_N10000_cnn_E1_clr0.01_fedopt_sgd_slr1.0_sam_rho0.1_112125_19:29:42.ckpt
--- Round 290 of 10000: Training 5 Clients ---
Selected clients: ['71', '11', '23', '87', '91']
--- Updating central model ---
Checkpoint saved in path: checkpoints/cifar10/alpha0.5_K5_N10000_cnn_E1_clr0.01_fedopt_sgd_slr1.0_sam_rho0.1_112125_19:29:42.ckpt
--- Round 291 of 10000: Training 5 Clients ---
Selected clients: ['51', '71', '94', '49', '30']
--- Updating central model ---
Checkpoint saved in path: checkpoints/cifar10/alpha0.5_K5_N10000_cnn_E1_clr0.01_fedopt_sgd_slr1.0_sam_rho0.1_112125_19:29:42.ckpt
--- Round 292 of 10000: Training 5 Clients ---
Selected clients: ['33', '2', '41', '90', '14']
--- Updating central model ---
Checkpoint saved in path: checkpoints/cifar10/alpha0.5_K5_N10000_cnn_E1_clr0.01_fedopt_sgd_slr1.0_sam_rho0.1_112125_19:29:42.ckpt
--- Round 293 of 10000: Training 5 Clients ---
Selected clients: ['86', '0', '63', '30', '9']
--- Updating central model ---
Checkpoint saved in path: checkpoints/cifar10/alpha0.5_K5_N10000_cnn_E1_clr0.01_fedopt_sgd_slr1.0_sam_rho0.1_112125_19:29:42.ckpt
--- Round 294 of 10000: Training 5 Clients ---
Selected clients: ['20', '19', '23', '81', '86']
--- Updating central model ---
Checkpoint saved in path: checkpoints/cifar10/alpha0.5_K5_N10000_cnn_E1_clr0.01_fedopt_sgd_slr1.0_sam_rho0.1_112125_19:29:42.ckpt
--- Round 295 of 10000: Training 5 Clients ---
Selected clients: ['7', '79', '34', '53', '74']
--- Updating central model ---
Checkpoint saved in path: checkpoints/cifar10/alpha0.5_K5_N10000_cnn_E1_clr0.01_fedopt_sgd_slr1.0_sam_rho0.1_112125_19:29:42.ckpt
--- Round 296 of 10000: Training 5 Clients ---
Selected clients: ['71', '90', '53', '20', '16']
--- Updating central model ---
Checkpoint saved in path: checkpoints/cifar10/alpha0.5_K5_N10000_cnn_E1_clr0.01_fedopt_sgd_slr1.0_sam_rho0.1_112125_19:29:42.ckpt
--- Round 297 of 10000: Training 5 Clients ---
Selected clients: ['18', '62', '73', '74', '87']
--- Updating central model ---
Checkpoint saved in path: checkpoints/cifar10/alpha0.5_K5_N10000_cnn_E1_clr0.01_fedopt_sgd_slr1.0_sam_rho0.1_112125_19:29:42.ckpt
--- Round 298 of 10000: Training 5 Clients ---
Selected clients: ['23', '27', '52', '89', '55']
--- Updating central model ---
Checkpoint saved in path: checkpoints/cifar10/alpha0.5_K5_N10000_cnn_E1_clr0.01_fedopt_sgd_slr1.0_sam_rho0.1_112125_19:29:42.ckpt
--- Round 299 of 10000: Training 5 Clients ---
Selected clients: ['59', '42', '88', '98', '35']
--- Updating central model ---
Checkpoint saved in path: checkpoints/cifar10/alpha0.5_K5_N10000_cnn_E1_clr0.01_fedopt_sgd_slr1.0_sam_rho0.1_112125_19:29:42.ckpt
--- Round 300 of 10000: Training 5 Clients ---
Selected clients: ['2', '39', '98', '20', '33']
--- Updating central model ---
train_accuracy: 20.6171, 10th percentile: 8.16605, 50th percentile: 19.2338, 90th percentile 38.0546
train_loss: 2.10125, 10th percentile: 2.0189, 50th percentile: 2.10309, 90th percentile 2.18964
test_accuracy: 20.74, 10th percentile: 20.74, 50th percentile: 20.74, 90th percentile 20.74
test_loss: 2.08471, 10th percentile: 2.08471, 50th percentile: 2.08471, 90th percentile 2.08471
Checkpoint saved in path: checkpoints/cifar10/alpha0.5_K5_N10000_cnn_E1_clr0.01_fedopt_sgd_slr1.0_sam_rho0.1_112125_19:29:42.ckpt
--- Round 301 of 10000: Training 5 Clients ---
Selected clients: ['80', '64', '66', '61', '88']
--- Updating central model ---
Checkpoint saved in path: checkpoints/cifar10/alpha0.5_K5_N10000_cnn_E1_clr0.01_fedopt_sgd_slr1.0_sam_rho0.1_112125_19:29:42.ckpt
--- Round 302 of 10000: Training 5 Clients ---
Selected clients: ['62', '40', '90', '86', '3']
--- Updating central model ---
Checkpoint saved in path: checkpoints/cifar10/alpha0.5_K5_N10000_cnn_E1_clr0.01_fedopt_sgd_slr1.0_sam_rho0.1_112125_19:29:42.ckpt
--- Round 303 of 10000: Training 5 Clients ---
Selected clients: ['76', '92', '83', '74', '64']
--- Updating central model ---
Checkpoint saved in path: checkpoints/cifar10/alpha0.5_K5_N10000_cnn_E1_clr0.01_fedopt_sgd_slr1.0_sam_rho0.1_112125_19:29:42.ckpt
--- Round 304 of 10000: Training 5 Clients ---
Selected clients: ['73', '71', '4', '94', '72']
--- Updating central model ---
Checkpoint saved in path: checkpoints/cifar10/alpha0.5_K5_N10000_cnn_E1_clr0.01_fedopt_sgd_slr1.0_sam_rho0.1_112125_19:29:42.ckpt
--- Round 305 of 10000: Training 5 Clients ---
Selected clients: ['74', '97', '33', '60', '80']
--- Updating central model ---
Checkpoint saved in path: checkpoints/cifar10/alpha0.5_K5_N10000_cnn_E1_clr0.01_fedopt_sgd_slr1.0_sam_rho0.1_112125_19:29:42.ckpt
--- Round 306 of 10000: Training 5 Clients ---
Selected clients: ['65', '73', '48', '84', '75']
--- Updating central model ---
Checkpoint saved in path: checkpoints/cifar10/alpha0.5_K5_N10000_cnn_E1_clr0.01_fedopt_sgd_slr1.0_sam_rho0.1_112125_19:29:42.ckpt
--- Round 307 of 10000: Training 5 Clients ---
Selected clients: ['98', '19', '22', '53', '18']
--- Updating central model ---
Checkpoint saved in path: checkpoints/cifar10/alpha0.5_K5_N10000_cnn_E1_clr0.01_fedopt_sgd_slr1.0_sam_rho0.1_112125_19:29:42.ckpt
--- Round 308 of 10000: Training 5 Clients ---
Selected clients: ['79', '17', '71', '54', '34']
--- Updating central model ---
Checkpoint saved in path: checkpoints/cifar10/alpha0.5_K5_N10000_cnn_E1_clr0.01_fedopt_sgd_slr1.0_sam_rho0.1_112125_19:29:42.ckpt
--- Round 309 of 10000: Training 5 Clients ---
Selected clients: ['82', '41', '9', '42', '62']
--- Updating central model ---
Checkpoint saved in path: checkpoints/cifar10/alpha0.5_K5_N10000_cnn_E1_clr0.01_fedopt_sgd_slr1.0_sam_rho0.1_112125_19:29:42.ckpt
--- Round 310 of 10000: Training 5 Clients ---
Selected clients: ['29', '86', '97', '96', '81']
--- Updating central model ---
Checkpoint saved in path: checkpoints/cifar10/alpha0.5_K5_N10000_cnn_E1_clr0.01_fedopt_sgd_slr1.0_sam_rho0.1_112125_19:29:42.ckpt
--- Round 311 of 10000: Training 5 Clients ---
Selected clients: ['55', '30', '74', '58', '2']
--- Updating central model ---
Checkpoint saved in path: checkpoints/cifar10/alpha0.5_K5_N10000_cnn_E1_clr0.01_fedopt_sgd_slr1.0_sam_rho0.1_112125_19:29:42.ckpt
--- Round 312 of 10000: Training 5 Clients ---
Selected clients: ['91', '17', '65', '13', '83']
--- Updating central model ---
Checkpoint saved in path: checkpoints/cifar10/alpha0.5_K5_N10000_cnn_E1_clr0.01_fedopt_sgd_slr1.0_sam_rho0.1_112125_19:29:42.ckpt
--- Round 313 of 10000: Training 5 Clients ---
Selected clients: ['12', '35', '63', '32', '61']
--- Updating central model ---
Checkpoint saved in path: checkpoints/cifar10/alpha0.5_K5_N10000_cnn_E1_clr0.01_fedopt_sgd_slr1.0_sam_rho0.1_112125_19:29:42.ckpt
--- Round 314 of 10000: Training 5 Clients ---
Selected clients: ['90', '9', '54', '94', '87']
--- Updating central model ---
Checkpoint saved in path: checkpoints/cifar10/alpha0.5_K5_N10000_cnn_E1_clr0.01_fedopt_sgd_slr1.0_sam_rho0.1_112125_19:29:42.ckpt
--- Round 315 of 10000: Training 5 Clients ---
Selected clients: ['4', '14', '38', '35', '56']
--- Updating central model ---
Checkpoint saved in path: checkpoints/cifar10/alpha0.5_K5_N10000_cnn_E1_clr0.01_fedopt_sgd_slr1.0_sam_rho0.1_112125_19:29:42.ckpt
--- Round 316 of 10000: Training 5 Clients ---
Selected clients: ['45', '41', '20', '0', '82']
--- Updating central model ---
Checkpoint saved in path: checkpoints/cifar10/alpha0.5_K5_N10000_cnn_E1_clr0.01_fedopt_sgd_slr1.0_sam_rho0.1_112125_19:29:42.ckpt
--- Round 317 of 10000: Training 5 Clients ---
Selected clients: ['33', '61', '97', '44', '46']
--- Updating central model ---
Checkpoint saved in path: checkpoints/cifar10/alpha0.5_K5_N10000_cnn_E1_clr0.01_fedopt_sgd_slr1.0_sam_rho0.1_112125_19:29:42.ckpt
--- Round 318 of 10000: Training 5 Clients ---
Selected clients: ['14', '25', '72', '58', '28']
--- Updating central model ---
Checkpoint saved in path: checkpoints/cifar10/alpha0.5_K5_N10000_cnn_E1_clr0.01_fedopt_sgd_slr1.0_sam_rho0.1_112125_19:29:42.ckpt
--- Round 319 of 10000: Training 5 Clients ---
Selected clients: ['10', '41', '31', '82', '71']
--- Updating central model ---
Checkpoint saved in path: checkpoints/cifar10/alpha0.5_K5_N10000_cnn_E1_clr0.01_fedopt_sgd_slr1.0_sam_rho0.1_112125_19:29:42.ckpt
--- Round 320 of 10000: Training 5 Clients ---
Selected clients: ['3', '44', '81', '42', '17']
--- Updating central model ---
Checkpoint saved in path: checkpoints/cifar10/alpha0.5_K5_N10000_cnn_E1_clr0.01_fedopt_sgd_slr1.0_sam_rho0.1_112125_19:29:42.ckpt
--- Round 321 of 10000: Training 5 Clients ---
Selected clients: ['8', '13', '70', '69', '15']
--- Updating central model ---
Checkpoint saved in path: checkpoints/cifar10/alpha0.5_K5_N10000_cnn_E1_clr0.01_fedopt_sgd_slr1.0_sam_rho0.1_112125_19:29:42.ckpt
--- Round 322 of 10000: Training 5 Clients ---
Selected clients: ['39', '28', '67', '49', '71']
--- Updating central model ---
Checkpoint saved in path: checkpoints/cifar10/alpha0.5_K5_N10000_cnn_E1_clr0.01_fedopt_sgd_slr1.0_sam_rho0.1_112125_19:29:42.ckpt
--- Round 323 of 10000: Training 5 Clients ---
Selected clients: ['27', '20', '9', '22', '99']
--- Updating central model ---
Checkpoint saved in path: checkpoints/cifar10/alpha0.5_K5_N10000_cnn_E1_clr0.01_fedopt_sgd_slr1.0_sam_rho0.1_112125_19:29:42.ckpt
--- Round 324 of 10000: Training 5 Clients ---
Selected clients: ['83', '60', '77', '90', '27']
--- Updating central model ---
Checkpoint saved in path: checkpoints/cifar10/alpha0.5_K5_N10000_cnn_E1_clr0.01_fedopt_sgd_slr1.0_sam_rho0.1_112125_19:29:42.ckpt
--- Round 325 of 10000: Training 5 Clients ---
Selected clients: ['75', '93', '25', '18', '11']
--- Updating central model ---
Checkpoint saved in path: checkpoints/cifar10/alpha0.5_K5_N10000_cnn_E1_clr0.01_fedopt_sgd_slr1.0_sam_rho0.1_112125_19:29:42.ckpt
--- Round 326 of 10000: Training 5 Clients ---
Selected clients: ['57', '51', '53', '25', '35']
--- Updating central model ---
Checkpoint saved in path: checkpoints/cifar10/alpha0.5_K5_N10000_cnn_E1_clr0.01_fedopt_sgd_slr1.0_sam_rho0.1_112125_19:29:42.ckpt
--- Round 327 of 10000: Training 5 Clients ---
Selected clients: ['40', '86', '19', '81', '78']
--- Updating central model ---
Checkpoint saved in path: checkpoints/cifar10/alpha0.5_K5_N10000_cnn_E1_clr0.01_fedopt_sgd_slr1.0_sam_rho0.1_112125_19:29:42.ckpt
--- Round 328 of 10000: Training 5 Clients ---
Selected clients: ['81', '59', '16', '48', '39']
--- Updating central model ---
Checkpoint saved in path: checkpoints/cifar10/alpha0.5_K5_N10000_cnn_E1_clr0.01_fedopt_sgd_slr1.0_sam_rho0.1_112125_19:29:42.ckpt
--- Round 329 of 10000: Training 5 Clients ---
Selected clients: ['46', '87', '20', '9', '28']
--- Updating central model ---
Checkpoint saved in path: checkpoints/cifar10/alpha0.5_K5_N10000_cnn_E1_clr0.01_fedopt_sgd_slr1.0_sam_rho0.1_112125_19:29:42.ckpt
--- Round 330 of 10000: Training 5 Clients ---
Selected clients: ['53', '30', '99', '27', '67']
--- Updating central model ---
Checkpoint saved in path: checkpoints/cifar10/alpha0.5_K5_N10000_cnn_E1_clr0.01_fedopt_sgd_slr1.0_sam_rho0.1_112125_19:29:42.ckpt
--- Round 331 of 10000: Training 5 Clients ---
Selected clients: ['55', '65', '91', '23', '38']
--- Updating central model ---
Checkpoint saved in path: checkpoints/cifar10/alpha0.5_K5_N10000_cnn_E1_clr0.01_fedopt_sgd_slr1.0_sam_rho0.1_112125_19:29:42.ckpt
--- Round 332 of 10000: Training 5 Clients ---
Selected clients: ['2', '53', '39', '68', '14']
--- Updating central model ---
Checkpoint saved in path: checkpoints/cifar10/alpha0.5_K5_N10000_cnn_E1_clr0.01_fedopt_sgd_slr1.0_sam_rho0.1_112125_19:29:42.ckpt
--- Round 333 of 10000: Training 5 Clients ---
Selected clients: ['85', '31', '34', '44', '18']
--- Updating central model ---
Checkpoint saved in path: checkpoints/cifar10/alpha0.5_K5_N10000_cnn_E1_clr0.01_fedopt_sgd_slr1.0_sam_rho0.1_112125_19:29:42.ckpt
--- Round 334 of 10000: Training 5 Clients ---
Selected clients: ['27', '32', '7', '93', '56']
--- Updating central model ---
Checkpoint saved in path: checkpoints/cifar10/alpha0.5_K5_N10000_cnn_E1_clr0.01_fedopt_sgd_slr1.0_sam_rho0.1_112125_19:29:42.ckpt
--- Round 335 of 10000: Training 5 Clients ---
Selected clients: ['73', '29', '83', '82', '14']
--- Updating central model ---
Checkpoint saved in path: checkpoints/cifar10/alpha0.5_K5_N10000_cnn_E1_clr0.01_fedopt_sgd_slr1.0_sam_rho0.1_112125_19:29:42.ckpt
--- Round 336 of 10000: Training 5 Clients ---
Selected clients: ['97', '73', '49', '23', '1']
--- Updating central model ---
Checkpoint saved in path: checkpoints/cifar10/alpha0.5_K5_N10000_cnn_E1_clr0.01_fedopt_sgd_slr1.0_sam_rho0.1_112125_19:29:42.ckpt
--- Round 337 of 10000: Training 5 Clients ---
Selected clients: ['40', '53', '96', '71', '65']
--- Updating central model ---
Checkpoint saved in path: checkpoints/cifar10/alpha0.5_K5_N10000_cnn_E1_clr0.01_fedopt_sgd_slr1.0_sam_rho0.1_112125_19:29:42.ckpt
--- Round 338 of 10000: Training 5 Clients ---
Selected clients: ['34', '29', '30', '40', '20']
--- Updating central model ---
Checkpoint saved in path: checkpoints/cifar10/alpha0.5_K5_N10000_cnn_E1_clr0.01_fedopt_sgd_slr1.0_sam_rho0.1_112125_19:29:42.ckpt
--- Round 339 of 10000: Training 5 Clients ---
Selected clients: ['60', '99', '46', '67', '49']
--- Updating central model ---
Checkpoint saved in path: checkpoints/cifar10/alpha0.5_K5_N10000_cnn_E1_clr0.01_fedopt_sgd_slr1.0_sam_rho0.1_112125_19:29:42.ckpt
--- Round 340 of 10000: Training 5 Clients ---
Selected clients: ['50', '25', '61', '93', '97']
--- Updating central model ---
Checkpoint saved in path: checkpoints/cifar10/alpha0.5_K5_N10000_cnn_E1_clr0.01_fedopt_sgd_slr1.0_sam_rho0.1_112125_19:29:42.ckpt
--- Round 341 of 10000: Training 5 Clients ---
Selected clients: ['25', '19', '26', '60', '89']
--- Updating central model ---
Checkpoint saved in path: checkpoints/cifar10/alpha0.5_K5_N10000_cnn_E1_clr0.01_fedopt_sgd_slr1.0_sam_rho0.1_112125_19:29:42.ckpt
--- Round 342 of 10000: Training 5 Clients ---
Selected clients: ['38', '5', '24', '93', '9']
--- Updating central model ---
Checkpoint saved in path: checkpoints/cifar10/alpha0.5_K5_N10000_cnn_E1_clr0.01_fedopt_sgd_slr1.0_sam_rho0.1_112125_19:29:42.ckpt
--- Round 343 of 10000: Training 5 Clients ---
Selected clients: ['7', '53', '79', '31', '74']
--- Updating central model ---
Checkpoint saved in path: checkpoints/cifar10/alpha0.5_K5_N10000_cnn_E1_clr0.01_fedopt_sgd_slr1.0_sam_rho0.1_112125_19:29:42.ckpt
--- Round 344 of 10000: Training 5 Clients ---
Selected clients: ['88', '48', '68', '93', '72']
--- Updating central model ---
Checkpoint saved in path: checkpoints/cifar10/alpha0.5_K5_N10000_cnn_E1_clr0.01_fedopt_sgd_slr1.0_sam_rho0.1_112125_19:29:42.ckpt
--- Round 345 of 10000: Training 5 Clients ---
Selected clients: ['61', '67', '59', '84', '51']
--- Updating central model ---
Checkpoint saved in path: checkpoints/cifar10/alpha0.5_K5_N10000_cnn_E1_clr0.01_fedopt_sgd_slr1.0_sam_rho0.1_112125_19:29:42.ckpt
--- Round 346 of 10000: Training 5 Clients ---
Selected clients: ['0', '33', '91', '39', '17']
--- Updating central model ---
Checkpoint saved in path: checkpoints/cifar10/alpha0.5_K5_N10000_cnn_E1_clr0.01_fedopt_sgd_slr1.0_sam_rho0.1_112125_19:29:42.ckpt
--- Round 347 of 10000: Training 5 Clients ---
Selected clients: ['91', '21', '36', '44', '73']
--- Updating central model ---
Checkpoint saved in path: checkpoints/cifar10/alpha0.5_K5_N10000_cnn_E1_clr0.01_fedopt_sgd_slr1.0_sam_rho0.1_112125_19:29:42.ckpt
--- Round 348 of 10000: Training 5 Clients ---
Selected clients: ['50', '44', '0', '64', '88']
--- Updating central model ---
Checkpoint saved in path: checkpoints/cifar10/alpha0.5_K5_N10000_cnn_E1_clr0.01_fedopt_sgd_slr1.0_sam_rho0.1_112125_19:29:42.ckpt