Alpha: alpha_0.50
Using device: NVIDIA A100-SXM4-80GB
############################## cifar10.cnn ##############################
Running experiment with server servers.fedopt_server and client clients.sam_client
Verify client and server: <class 'clients.sam_client.SAMClient'> <class 'servers.fedopt_server.FedOptServer'>
Running influence estimation:   0%|          | 0/20 [00:00<?, ?it/s]wandb: WARNING `resume` will be ignored since W&B syncing is set to `offline`. Starting a new run with run id 6oiyqvvi.
wandb: Tracking run with wandb version 0.23.0
wandb: W&B syncing is set to `offline` in this directory. Run `wandb online` or set WANDB_MODE=online to enable cloud syncing.
wandb: Run data is saved locally in /home/mlr570t1/FedSAM_mem_inf-main/models/wandb/offline-run-20251121_192855-6oiyqvvi
Server optimizer: sgd with lr 1.0 and momentum 0
Start round: 0
Clients in Total: 100 training clients and 1 test clients
--- Random Initialization ---
--- Round 1 of 10000: Training 5 Clients ---
Selected clients: ['90', '15', '20', '35', '93']
--- Updating central model ---
Checkpoint saved in path: checkpoints/cifar10/alpha0.5_K5_N10000_cnn_E1_clr0.01_fedopt_sgd_slr1.0_sam_rho0.1_112125_19:29:42.ckpt
--- Round 2 of 10000: Training 5 Clients ---
Selected clients: ['55', '8', '3', '1', '21']
--- Updating central model ---
Checkpoint saved in path: checkpoints/cifar10/alpha0.5_K5_N10000_cnn_E1_clr0.01_fedopt_sgd_slr1.0_sam_rho0.1_112125_19:29:42.ckpt
--- Round 3 of 10000: Training 5 Clients ---
Selected clients: ['96', '1', '35', '59', '57']
--- Updating central model ---
Checkpoint saved in path: checkpoints/cifar10/alpha0.5_K5_N10000_cnn_E1_clr0.01_fedopt_sgd_slr1.0_sam_rho0.1_112125_19:29:42.ckpt
--- Round 4 of 10000: Training 5 Clients ---
Selected clients: ['78', '46', '83', '11', '22']
--- Updating central model ---
Checkpoint saved in path: checkpoints/cifar10/alpha0.5_K5_N10000_cnn_E1_clr0.01_fedopt_sgd_slr1.0_sam_rho0.1_112125_19:29:42.ckpt
--- Round 5 of 10000: Training 5 Clients ---
Selected clients: ['72', '59', '94', '10', '79']
--- Updating central model ---
Checkpoint saved in path: checkpoints/cifar10/alpha0.5_K5_N10000_cnn_E1_clr0.01_fedopt_sgd_slr1.0_sam_rho0.1_112125_19:29:42.ckpt
--- Round 6 of 10000: Training 5 Clients ---
Selected clients: ['91', '84', '60', '16', '41']
--- Updating central model ---
Checkpoint saved in path: checkpoints/cifar10/alpha0.5_K5_N10000_cnn_E1_clr0.01_fedopt_sgd_slr1.0_sam_rho0.1_112125_19:29:42.ckpt
--- Round 7 of 10000: Training 5 Clients ---
Selected clients: ['91', '98', '58', '83', '18']
--- Updating central model ---
Checkpoint saved in path: checkpoints/cifar10/alpha0.5_K5_N10000_cnn_E1_clr0.01_fedopt_sgd_slr1.0_sam_rho0.1_112125_19:29:42.ckpt
--- Round 8 of 10000: Training 5 Clients ---
Selected clients: ['87', '83', '92', '80', '38']
--- Updating central model ---
Checkpoint saved in path: checkpoints/cifar10/alpha0.5_K5_N10000_cnn_E1_clr0.01_fedopt_sgd_slr1.0_sam_rho0.1_112125_19:29:42.ckpt
--- Round 9 of 10000: Training 5 Clients ---
Selected clients: ['74', '81', '43', '93', '33']
--- Updating central model ---
Checkpoint saved in path: checkpoints/cifar10/alpha0.5_K5_N10000_cnn_E1_clr0.01_fedopt_sgd_slr1.0_sam_rho0.1_112125_19:29:42.ckpt
--- Round 10 of 10000: Training 5 Clients ---
Selected clients: ['79', '52', '42', '11', '17']
--- Updating central model ---
Checkpoint saved in path: checkpoints/cifar10/alpha0.5_K5_N10000_cnn_E1_clr0.01_fedopt_sgd_slr1.0_sam_rho0.1_112125_19:29:42.ckpt
--- Round 11 of 10000: Training 5 Clients ---
Selected clients: ['84', '31', '86', '44', '43']
--- Updating central model ---
Checkpoint saved in path: checkpoints/cifar10/alpha0.5_K5_N10000_cnn_E1_clr0.01_fedopt_sgd_slr1.0_sam_rho0.1_112125_19:29:42.ckpt
--- Round 12 of 10000: Training 5 Clients ---
Selected clients: ['81', '11', '7', '43', '24']
--- Updating central model ---
Checkpoint saved in path: checkpoints/cifar10/alpha0.5_K5_N10000_cnn_E1_clr0.01_fedopt_sgd_slr1.0_sam_rho0.1_112125_19:29:42.ckpt
--- Round 13 of 10000: Training 5 Clients ---
Selected clients: ['43', '20', '64', '94', '89']
--- Updating central model ---
Checkpoint saved in path: checkpoints/cifar10/alpha0.5_K5_N10000_cnn_E1_clr0.01_fedopt_sgd_slr1.0_sam_rho0.1_112125_19:29:42.ckpt
--- Round 14 of 10000: Training 5 Clients ---
Selected clients: ['26', '30', '35', '14', '66']
--- Updating central model ---
Checkpoint saved in path: checkpoints/cifar10/alpha0.5_K5_N10000_cnn_E1_clr0.01_fedopt_sgd_slr1.0_sam_rho0.1_112125_19:29:42.ckpt
--- Round 15 of 10000: Training 5 Clients ---
Selected clients: ['98', '56', '25', '27', '66']
--- Updating central model ---
Checkpoint saved in path: checkpoints/cifar10/alpha0.5_K5_N10000_cnn_E1_clr0.01_fedopt_sgd_slr1.0_sam_rho0.1_112125_19:29:42.ckpt
--- Round 16 of 10000: Training 5 Clients ---
Selected clients: ['9', '29', '5', '92', '68']
--- Updating central model ---
Checkpoint saved in path: checkpoints/cifar10/alpha0.5_K5_N10000_cnn_E1_clr0.01_fedopt_sgd_slr1.0_sam_rho0.1_112125_19:29:42.ckpt
--- Round 17 of 10000: Training 5 Clients ---
Selected clients: ['26', '49', '65', '87', '44']
--- Updating central model ---
Checkpoint saved in path: checkpoints/cifar10/alpha0.5_K5_N10000_cnn_E1_clr0.01_fedopt_sgd_slr1.0_sam_rho0.1_112125_19:29:42.ckpt
--- Round 18 of 10000: Training 5 Clients ---
Selected clients: ['5', '52', '10', '24', '39']
--- Updating central model ---
Checkpoint saved in path: checkpoints/cifar10/alpha0.5_K5_N10000_cnn_E1_clr0.01_fedopt_sgd_slr1.0_sam_rho0.1_112125_19:29:42.ckpt
--- Round 19 of 10000: Training 5 Clients ---
Selected clients: ['2', '74', '46', '0', '98']
--- Updating central model ---
Checkpoint saved in path: checkpoints/cifar10/alpha0.5_K5_N10000_cnn_E1_clr0.01_fedopt_sgd_slr1.0_sam_rho0.1_112125_19:29:42.ckpt
--- Round 20 of 10000: Training 5 Clients ---
Selected clients: ['74', '36', '75', '90', '52']
--- Updating central model ---
Checkpoint saved in path: checkpoints/cifar10/alpha0.5_K5_N10000_cnn_E1_clr0.01_fedopt_sgd_slr1.0_sam_rho0.1_112125_19:29:42.ckpt
--- Round 21 of 10000: Training 5 Clients ---
Selected clients: ['66', '18', '58', '62', '59']
--- Updating central model ---
Checkpoint saved in path: checkpoints/cifar10/alpha0.5_K5_N10000_cnn_E1_clr0.01_fedopt_sgd_slr1.0_sam_rho0.1_112125_19:29:42.ckpt
--- Round 22 of 10000: Training 5 Clients ---
Selected clients: ['20', '8', '61', '35', '89']
--- Updating central model ---
Checkpoint saved in path: checkpoints/cifar10/alpha0.5_K5_N10000_cnn_E1_clr0.01_fedopt_sgd_slr1.0_sam_rho0.1_112125_19:29:42.ckpt
--- Round 23 of 10000: Training 5 Clients ---
Selected clients: ['44', '20', '63', '75', '9']
--- Updating central model ---
Checkpoint saved in path: checkpoints/cifar10/alpha0.5_K5_N10000_cnn_E1_clr0.01_fedopt_sgd_slr1.0_sam_rho0.1_112125_19:29:42.ckpt
--- Round 24 of 10000: Training 5 Clients ---
Selected clients: ['48', '0', '35', '19', '80']
--- Updating central model ---
Checkpoint saved in path: checkpoints/cifar10/alpha0.5_K5_N10000_cnn_E1_clr0.01_fedopt_sgd_slr1.0_sam_rho0.1_112125_19:29:42.ckpt
--- Round 25 of 10000: Training 5 Clients ---
Selected clients: ['45', '7', '93', '59', '57']
--- Updating central model ---
Checkpoint saved in path: checkpoints/cifar10/alpha0.5_K5_N10000_cnn_E1_clr0.01_fedopt_sgd_slr1.0_sam_rho0.1_112125_19:29:42.ckpt
--- Round 26 of 10000: Training 5 Clients ---
Selected clients: ['83', '28', '27', '8', '59']
--- Updating central model ---
Checkpoint saved in path: checkpoints/cifar10/alpha0.5_K5_N10000_cnn_E1_clr0.01_fedopt_sgd_slr1.0_sam_rho0.1_112125_19:29:42.ckpt
--- Round 27 of 10000: Training 5 Clients ---
Selected clients: ['36', '32', '24', '34', '21']
--- Updating central model ---
Checkpoint saved in path: checkpoints/cifar10/alpha0.5_K5_N10000_cnn_E1_clr0.01_fedopt_sgd_slr1.0_sam_rho0.1_112125_19:29:42.ckpt
--- Round 28 of 10000: Training 5 Clients ---
Selected clients: ['18', '55', '91', '0', '73']
--- Updating central model ---
Checkpoint saved in path: checkpoints/cifar10/alpha0.5_K5_N10000_cnn_E1_clr0.01_fedopt_sgd_slr1.0_sam_rho0.1_112125_19:29:42.ckpt
--- Round 29 of 10000: Training 5 Clients ---
Selected clients: ['75', '40', '9', '35', '54']
--- Updating central model ---
Checkpoint saved in path: checkpoints/cifar10/alpha0.5_K5_N10000_cnn_E1_clr0.01_fedopt_sgd_slr1.0_sam_rho0.1_112125_19:29:42.ckpt
--- Round 30 of 10000: Training 5 Clients ---
Selected clients: ['43', '34', '16', '1', '42']
--- Updating central model ---
Checkpoint saved in path: checkpoints/cifar10/alpha0.5_K5_N10000_cnn_E1_clr0.01_fedopt_sgd_slr1.0_sam_rho0.1_112125_19:29:42.ckpt
--- Round 31 of 10000: Training 5 Clients ---
Selected clients: ['60', '94', '32', '47', '53']
--- Updating central model ---
Checkpoint saved in path: checkpoints/cifar10/alpha0.5_K5_N10000_cnn_E1_clr0.01_fedopt_sgd_slr1.0_sam_rho0.1_112125_19:29:42.ckpt
--- Round 32 of 10000: Training 5 Clients ---
Selected clients: ['90', '96', '79', '16', '50']
--- Updating central model ---
Checkpoint saved in path: checkpoints/cifar10/alpha0.5_K5_N10000_cnn_E1_clr0.01_fedopt_sgd_slr1.0_sam_rho0.1_112125_19:29:42.ckpt
--- Round 33 of 10000: Training 5 Clients ---
Selected clients: ['65', '63', '20', '22', '41']
--- Updating central model ---
Checkpoint saved in path: checkpoints/cifar10/alpha0.5_K5_N10000_cnn_E1_clr0.01_fedopt_sgd_slr1.0_sam_rho0.1_112125_19:29:42.ckpt
--- Round 34 of 10000: Training 5 Clients ---
Selected clients: ['58', '10', '54', '24', '68']
--- Updating central model ---
Checkpoint saved in path: checkpoints/cifar10/alpha0.5_K5_N10000_cnn_E1_clr0.01_fedopt_sgd_slr1.0_sam_rho0.1_112125_19:29:42.ckpt
--- Round 35 of 10000: Training 5 Clients ---
Selected clients: ['48', '3', '98', '44', '76']
--- Updating central model ---
Checkpoint saved in path: checkpoints/cifar10/alpha0.5_K5_N10000_cnn_E1_clr0.01_fedopt_sgd_slr1.0_sam_rho0.1_112125_19:29:42.ckpt
--- Round 36 of 10000: Training 5 Clients ---
Selected clients: ['25', '53', '82', '3', '46']
--- Updating central model ---
Checkpoint saved in path: checkpoints/cifar10/alpha0.5_K5_N10000_cnn_E1_clr0.01_fedopt_sgd_slr1.0_sam_rho0.1_112125_19:29:42.ckpt
--- Round 37 of 10000: Training 5 Clients ---
Selected clients: ['77', '31', '68', '88', '25']
--- Updating central model ---
Checkpoint saved in path: checkpoints/cifar10/alpha0.5_K5_N10000_cnn_E1_clr0.01_fedopt_sgd_slr1.0_sam_rho0.1_112125_19:29:42.ckpt
--- Round 38 of 10000: Training 5 Clients ---
Selected clients: ['3', '51', '20', '69', '41']
--- Updating central model ---
Checkpoint saved in path: checkpoints/cifar10/alpha0.5_K5_N10000_cnn_E1_clr0.01_fedopt_sgd_slr1.0_sam_rho0.1_112125_19:29:42.ckpt
--- Round 39 of 10000: Training 5 Clients ---
Selected clients: ['49', '20', '88', '80', '46']
--- Updating central model ---
Checkpoint saved in path: checkpoints/cifar10/alpha0.5_K5_N10000_cnn_E1_clr0.01_fedopt_sgd_slr1.0_sam_rho0.1_112125_19:29:42.ckpt
--- Round 40 of 10000: Training 5 Clients ---
Selected clients: ['90', '22', '88', '83', '85']
--- Updating central model ---
Checkpoint saved in path: checkpoints/cifar10/alpha0.5_K5_N10000_cnn_E1_clr0.01_fedopt_sgd_slr1.0_sam_rho0.1_112125_19:29:42.ckpt
--- Round 41 of 10000: Training 5 Clients ---
Selected clients: ['38', '26', '4', '3', '53']
--- Updating central model ---
Checkpoint saved in path: checkpoints/cifar10/alpha0.5_K5_N10000_cnn_E1_clr0.01_fedopt_sgd_slr1.0_sam_rho0.1_112125_19:29:42.ckpt
--- Round 42 of 10000: Training 5 Clients ---
Selected clients: ['38', '71', '62', '39', '85']
--- Updating central model ---
Checkpoint saved in path: checkpoints/cifar10/alpha0.5_K5_N10000_cnn_E1_clr0.01_fedopt_sgd_slr1.0_sam_rho0.1_112125_19:29:42.ckpt
--- Round 43 of 10000: Training 5 Clients ---
Selected clients: ['37', '52', '16', '46', '26']
--- Updating central model ---
Checkpoint saved in path: checkpoints/cifar10/alpha0.5_K5_N10000_cnn_E1_clr0.01_fedopt_sgd_slr1.0_sam_rho0.1_112125_19:29:42.ckpt
--- Round 44 of 10000: Training 5 Clients ---
Selected clients: ['47', '86', '68', '74', '85']
--- Updating central model ---
Checkpoint saved in path: checkpoints/cifar10/alpha0.5_K5_N10000_cnn_E1_clr0.01_fedopt_sgd_slr1.0_sam_rho0.1_112125_19:29:42.ckpt
--- Round 45 of 10000: Training 5 Clients ---
Selected clients: ['57', '37', '83', '84', '55']
--- Updating central model ---
Checkpoint saved in path: checkpoints/cifar10/alpha0.5_K5_N10000_cnn_E1_clr0.01_fedopt_sgd_slr1.0_sam_rho0.1_112125_19:29:42.ckpt
--- Round 46 of 10000: Training 5 Clients ---
Selected clients: ['53', '3', '86', '90', '94']
--- Updating central model ---
Checkpoint saved in path: checkpoints/cifar10/alpha0.5_K5_N10000_cnn_E1_clr0.01_fedopt_sgd_slr1.0_sam_rho0.1_112125_19:29:42.ckpt
--- Round 47 of 10000: Training 5 Clients ---
Selected clients: ['3', '87', '52', '80', '76']
--- Updating central model ---
Checkpoint saved in path: checkpoints/cifar10/alpha0.5_K5_N10000_cnn_E1_clr0.01_fedopt_sgd_slr1.0_sam_rho0.1_112125_19:29:42.ckpt
--- Round 48 of 10000: Training 5 Clients ---
Selected clients: ['8', '23', '58', '36', '89']
--- Updating central model ---
Checkpoint saved in path: checkpoints/cifar10/alpha0.5_K5_N10000_cnn_E1_clr0.01_fedopt_sgd_slr1.0_sam_rho0.1_112125_19:29:42.ckpt
--- Round 49 of 10000: Training 5 Clients ---
Selected clients: ['86', '63', '51', '93', '43']
--- Updating central model ---
Checkpoint saved in path: checkpoints/cifar10/alpha0.5_K5_N10000_cnn_E1_clr0.01_fedopt_sgd_slr1.0_sam_rho0.1_112125_19:29:42.ckpt
--- Round 50 of 10000: Training 5 Clients ---
Selected clients: ['70', '78', '95', '93', '0']
--- Updating central model ---
Checkpoint saved in path: checkpoints/cifar10/alpha0.5_K5_N10000_cnn_E1_clr0.01_fedopt_sgd_slr1.0_sam_rho0.1_112125_19:29:42.ckpt
--- Round 51 of 10000: Training 5 Clients ---
Selected clients: ['57', '71', '98', '33', '76']
--- Updating central model ---
Checkpoint saved in path: checkpoints/cifar10/alpha0.5_K5_N10000_cnn_E1_clr0.01_fedopt_sgd_slr1.0_sam_rho0.1_112125_19:29:42.ckpt
--- Round 52 of 10000: Training 5 Clients ---
Selected clients: ['74', '61', '40', '43', '75']
--- Updating central model ---
Checkpoint saved in path: checkpoints/cifar10/alpha0.5_K5_N10000_cnn_E1_clr0.01_fedopt_sgd_slr1.0_sam_rho0.1_112125_19:29:42.ckpt
--- Round 53 of 10000: Training 5 Clients ---
Selected clients: ['86', '30', '67', '3', '5']
--- Updating central model ---
Checkpoint saved in path: checkpoints/cifar10/alpha0.5_K5_N10000_cnn_E1_clr0.01_fedopt_sgd_slr1.0_sam_rho0.1_112125_19:29:42.ckpt
--- Round 54 of 10000: Training 5 Clients ---
Selected clients: ['85', '7', '48', '8', '69']
--- Updating central model ---
Checkpoint saved in path: checkpoints/cifar10/alpha0.5_K5_N10000_cnn_E1_clr0.01_fedopt_sgd_slr1.0_sam_rho0.1_112125_19:29:42.ckpt
--- Round 55 of 10000: Training 5 Clients ---
Selected clients: ['51', '38', '71', '17', '84']
--- Updating central model ---
Checkpoint saved in path: checkpoints/cifar10/alpha0.5_K5_N10000_cnn_E1_clr0.01_fedopt_sgd_slr1.0_sam_rho0.1_112125_19:29:42.ckpt
--- Round 56 of 10000: Training 5 Clients ---
Selected clients: ['48', '86', '76', '62', '81']
--- Updating central model ---
Checkpoint saved in path: checkpoints/cifar10/alpha0.5_K5_N10000_cnn_E1_clr0.01_fedopt_sgd_slr1.0_sam_rho0.1_112125_19:29:42.ckpt
--- Round 57 of 10000: Training 5 Clients ---
Selected clients: ['52', '47', '4', '18', '39']
--- Updating central model ---
Checkpoint saved in path: checkpoints/cifar10/alpha0.5_K5_N10000_cnn_E1_clr0.01_fedopt_sgd_slr1.0_sam_rho0.1_112125_19:29:42.ckpt
--- Round 58 of 10000: Training 5 Clients ---
Selected clients: ['67', '41', '43', '81', '24']
--- Updating central model ---
Checkpoint saved in path: checkpoints/cifar10/alpha0.5_K5_N10000_cnn_E1_clr0.01_fedopt_sgd_slr1.0_sam_rho0.1_112125_19:29:42.ckpt
--- Round 59 of 10000: Training 5 Clients ---
Selected clients: ['83', '58', '68', '99', '93']
--- Updating central model ---
Checkpoint saved in path: checkpoints/cifar10/alpha0.5_K5_N10000_cnn_E1_clr0.01_fedopt_sgd_slr1.0_sam_rho0.1_112125_19:29:42.ckpt
--- Round 60 of 10000: Training 5 Clients ---
Selected clients: ['35', '57', '32', '72', '20']
--- Updating central model ---
Checkpoint saved in path: checkpoints/cifar10/alpha0.5_K5_N10000_cnn_E1_clr0.01_fedopt_sgd_slr1.0_sam_rho0.1_112125_19:29:42.ckpt
--- Round 61 of 10000: Training 5 Clients ---
Selected clients: ['76', '0', '56', '54', '51']
--- Updating central model ---
Checkpoint saved in path: checkpoints/cifar10/alpha0.5_K5_N10000_cnn_E1_clr0.01_fedopt_sgd_slr1.0_sam_rho0.1_112125_19:29:42.ckpt
--- Round 62 of 10000: Training 5 Clients ---
Selected clients: ['78', '77', '30', '94', '73']
--- Updating central model ---
Checkpoint saved in path: checkpoints/cifar10/alpha0.5_K5_N10000_cnn_E1_clr0.01_fedopt_sgd_slr1.0_sam_rho0.1_112125_19:29:42.ckpt
--- Round 63 of 10000: Training 5 Clients ---
Selected clients: ['60', '46', '21', '77', '31']
--- Updating central model ---
Checkpoint saved in path: checkpoints/cifar10/alpha0.5_K5_N10000_cnn_E1_clr0.01_fedopt_sgd_slr1.0_sam_rho0.1_112125_19:29:42.ckpt
--- Round 64 of 10000: Training 5 Clients ---
Selected clients: ['44', '79', '98', '87', '17']
--- Updating central model ---
Checkpoint saved in path: checkpoints/cifar10/alpha0.5_K5_N10000_cnn_E1_clr0.01_fedopt_sgd_slr1.0_sam_rho0.1_112125_19:29:42.ckpt
--- Round 65 of 10000: Training 5 Clients ---
Selected clients: ['31', '61', '55', '67', '94']
--- Updating central model ---
Checkpoint saved in path: checkpoints/cifar10/alpha0.5_K5_N10000_cnn_E1_clr0.01_fedopt_sgd_slr1.0_sam_rho0.1_112125_19:29:42.ckpt
--- Round 66 of 10000: Training 5 Clients ---
Selected clients: ['68', '32', '35', '27', '40']
--- Updating central model ---
Checkpoint saved in path: checkpoints/cifar10/alpha0.5_K5_N10000_cnn_E1_clr0.01_fedopt_sgd_slr1.0_sam_rho0.1_112125_19:29:42.ckpt
--- Round 67 of 10000: Training 5 Clients ---
Selected clients: ['40', '6', '44', '33', '79']
--- Updating central model ---
Checkpoint saved in path: checkpoints/cifar10/alpha0.5_K5_N10000_cnn_E1_clr0.01_fedopt_sgd_slr1.0_sam_rho0.1_112125_19:29:42.ckpt
--- Round 68 of 10000: Training 5 Clients ---
Selected clients: ['35', '11', '75', '2', '34']
--- Updating central model ---
Checkpoint saved in path: checkpoints/cifar10/alpha0.5_K5_N10000_cnn_E1_clr0.01_fedopt_sgd_slr1.0_sam_rho0.1_112125_19:29:42.ckpt
--- Round 69 of 10000: Training 5 Clients ---
Selected clients: ['67', '41', '53', '58', '18']
--- Updating central model ---
Checkpoint saved in path: checkpoints/cifar10/alpha0.5_K5_N10000_cnn_E1_clr0.01_fedopt_sgd_slr1.0_sam_rho0.1_112125_19:29:42.ckpt
--- Round 70 of 10000: Training 5 Clients ---
Selected clients: ['62', '58', '77', '92', '66']
--- Updating central model ---
Checkpoint saved in path: checkpoints/cifar10/alpha0.5_K5_N10000_cnn_E1_clr0.01_fedopt_sgd_slr1.0_sam_rho0.1_112125_19:29:42.ckpt
--- Round 71 of 10000: Training 5 Clients ---
Selected clients: ['65', '30', '13', '21', '43']
--- Updating central model ---
Checkpoint saved in path: checkpoints/cifar10/alpha0.5_K5_N10000_cnn_E1_clr0.01_fedopt_sgd_slr1.0_sam_rho0.1_112125_19:29:42.ckpt
--- Round 72 of 10000: Training 5 Clients ---
Selected clients: ['70', '22', '93', '38', '10']
--- Updating central model ---
Checkpoint saved in path: checkpoints/cifar10/alpha0.5_K5_N10000_cnn_E1_clr0.01_fedopt_sgd_slr1.0_sam_rho0.1_112125_19:29:42.ckpt
--- Round 73 of 10000: Training 5 Clients ---
Selected clients: ['43', '36', '84', '52', '17']
--- Updating central model ---
Checkpoint saved in path: checkpoints/cifar10/alpha0.5_K5_N10000_cnn_E1_clr0.01_fedopt_sgd_slr1.0_sam_rho0.1_112125_19:29:42.ckpt
--- Round 74 of 10000: Training 5 Clients ---
Selected clients: ['0', '23', '46', '41', '83']
--- Updating central model ---
Checkpoint saved in path: checkpoints/cifar10/alpha0.5_K5_N10000_cnn_E1_clr0.01_fedopt_sgd_slr1.0_sam_rho0.1_112125_19:29:42.ckpt
--- Round 75 of 10000: Training 5 Clients ---
Selected clients: ['49', '94', '40', '2', '20']
--- Updating central model ---
Checkpoint saved in path: checkpoints/cifar10/alpha0.5_K5_N10000_cnn_E1_clr0.01_fedopt_sgd_slr1.0_sam_rho0.1_112125_19:29:42.ckpt
--- Round 76 of 10000: Training 5 Clients ---
Selected clients: ['52', '5', '11', '1', '17']
--- Updating central model ---
Checkpoint saved in path: checkpoints/cifar10/alpha0.5_K5_N10000_cnn_E1_clr0.01_fedopt_sgd_slr1.0_sam_rho0.1_112125_19:29:42.ckpt
--- Round 77 of 10000: Training 5 Clients ---
Selected clients: ['58', '0', '34', '48', '38']
--- Updating central model ---
Checkpoint saved in path: checkpoints/cifar10/alpha0.5_K5_N10000_cnn_E1_clr0.01_fedopt_sgd_slr1.0_sam_rho0.1_112125_19:29:42.ckpt
--- Round 78 of 10000: Training 5 Clients ---
Selected clients: ['17', '79', '22', '2', '25']
--- Updating central model ---
Checkpoint saved in path: checkpoints/cifar10/alpha0.5_K5_N10000_cnn_E1_clr0.01_fedopt_sgd_slr1.0_sam_rho0.1_112125_19:29:42.ckpt
--- Round 79 of 10000: Training 5 Clients ---
Selected clients: ['76', '42', '18', '4', '11']
--- Updating central model ---
Checkpoint saved in path: checkpoints/cifar10/alpha0.5_K5_N10000_cnn_E1_clr0.01_fedopt_sgd_slr1.0_sam_rho0.1_112125_19:29:42.ckpt
--- Round 80 of 10000: Training 5 Clients ---
Selected clients: ['53', '19', '84', '8', '68']
--- Updating central model ---
Checkpoint saved in path: checkpoints/cifar10/alpha0.5_K5_N10000_cnn_E1_clr0.01_fedopt_sgd_slr1.0_sam_rho0.1_112125_19:29:42.ckpt
--- Round 81 of 10000: Training 5 Clients ---
Selected clients: ['98', '3', '20', '83', '97']
--- Updating central model ---
Checkpoint saved in path: checkpoints/cifar10/alpha0.5_K5_N10000_cnn_E1_clr0.01_fedopt_sgd_slr1.0_sam_rho0.1_112125_19:29:42.ckpt
--- Round 82 of 10000: Training 5 Clients ---
Selected clients: ['68', '53', '54', '49', '96']
--- Updating central model ---
Checkpoint saved in path: checkpoints/cifar10/alpha0.5_K5_N10000_cnn_E1_clr0.01_fedopt_sgd_slr1.0_sam_rho0.1_112125_19:29:42.ckpt
--- Round 83 of 10000: Training 5 Clients ---
Selected clients: ['70', '14', '84', '29', '39']
--- Updating central model ---
Checkpoint saved in path: checkpoints/cifar10/alpha0.5_K5_N10000_cnn_E1_clr0.01_fedopt_sgd_slr1.0_sam_rho0.1_112125_19:29:42.ckpt
--- Round 84 of 10000: Training 5 Clients ---
Selected clients: ['83', '86', '61', '21', '32']
--- Updating central model ---
Checkpoint saved in path: checkpoints/cifar10/alpha0.5_K5_N10000_cnn_E1_clr0.01_fedopt_sgd_slr1.0_sam_rho0.1_112125_19:29:42.ckpt
--- Round 85 of 10000: Training 5 Clients ---
Selected clients: ['49', '92', '62', '76', '93']
--- Updating central model ---
Checkpoint saved in path: checkpoints/cifar10/alpha0.5_K5_N10000_cnn_E1_clr0.01_fedopt_sgd_slr1.0_sam_rho0.1_112125_19:29:42.ckpt
--- Round 86 of 10000: Training 5 Clients ---
Selected clients: ['16', '36', '58', '81', '17']
--- Updating central model ---
Checkpoint saved in path: checkpoints/cifar10/alpha0.5_K5_N10000_cnn_E1_clr0.01_fedopt_sgd_slr1.0_sam_rho0.1_112125_19:29:42.ckpt
--- Round 87 of 10000: Training 5 Clients ---
Selected clients: ['6', '18', '54', '13', '35']
--- Updating central model ---
Checkpoint saved in path: checkpoints/cifar10/alpha0.5_K5_N10000_cnn_E1_clr0.01_fedopt_sgd_slr1.0_sam_rho0.1_112125_19:29:42.ckpt
--- Round 88 of 10000: Training 5 Clients ---
Selected clients: ['45', '98', '9', '44', '18']
--- Updating central model ---
Checkpoint saved in path: checkpoints/cifar10/alpha0.5_K5_N10000_cnn_E1_clr0.01_fedopt_sgd_slr1.0_sam_rho0.1_112125_19:29:42.ckpt
--- Round 89 of 10000: Training 5 Clients ---
Selected clients: ['48', '57', '95', '21', '92']
--- Updating central model ---
Checkpoint saved in path: checkpoints/cifar10/alpha0.5_K5_N10000_cnn_E1_clr0.01_fedopt_sgd_slr1.0_sam_rho0.1_112125_19:29:42.ckpt
--- Round 90 of 10000: Training 5 Clients ---
Selected clients: ['4', '58', '38', '72', '83']
--- Updating central model ---
Checkpoint saved in path: checkpoints/cifar10/alpha0.5_K5_N10000_cnn_E1_clr0.01_fedopt_sgd_slr1.0_sam_rho0.1_112125_19:29:42.ckpt
--- Round 91 of 10000: Training 5 Clients ---
Selected clients: ['68', '60', '15', '32', '9']
--- Updating central model ---
Checkpoint saved in path: checkpoints/cifar10/alpha0.5_K5_N10000_cnn_E1_clr0.01_fedopt_sgd_slr1.0_sam_rho0.1_112125_19:29:42.ckpt
--- Round 92 of 10000: Training 5 Clients ---
Selected clients: ['5', '32', '49', '30', '50']
--- Updating central model ---
Checkpoint saved in path: checkpoints/cifar10/alpha0.5_K5_N10000_cnn_E1_clr0.01_fedopt_sgd_slr1.0_sam_rho0.1_112125_19:29:42.ckpt
--- Round 93 of 10000: Training 5 Clients ---
Selected clients: ['64', '84', '95', '19', '39']
--- Updating central model ---
Checkpoint saved in path: checkpoints/cifar10/alpha0.5_K5_N10000_cnn_E1_clr0.01_fedopt_sgd_slr1.0_sam_rho0.1_112125_19:29:42.ckpt
--- Round 94 of 10000: Training 5 Clients ---
Selected clients: ['56', '59', '74', '60', '43']
--- Updating central model ---
Checkpoint saved in path: checkpoints/cifar10/alpha0.5_K5_N10000_cnn_E1_clr0.01_fedopt_sgd_slr1.0_sam_rho0.1_112125_19:29:42.ckpt
--- Round 95 of 10000: Training 5 Clients ---
Selected clients: ['72', '67', '6', '68', '74']
--- Updating central model ---
Checkpoint saved in path: checkpoints/cifar10/alpha0.5_K5_N10000_cnn_E1_clr0.01_fedopt_sgd_slr1.0_sam_rho0.1_112125_19:29:42.ckpt
--- Round 96 of 10000: Training 5 Clients ---
Selected clients: ['48', '8', '19', '22', '97']
--- Updating central model ---
Checkpoint saved in path: checkpoints/cifar10/alpha0.5_K5_N10000_cnn_E1_clr0.01_fedopt_sgd_slr1.0_sam_rho0.1_112125_19:29:42.ckpt
--- Round 97 of 10000: Training 5 Clients ---
Selected clients: ['2', '4', '48', '81', '57']
--- Updating central model ---
Checkpoint saved in path: checkpoints/cifar10/alpha0.5_K5_N10000_cnn_E1_clr0.01_fedopt_sgd_slr1.0_sam_rho0.1_112125_19:29:42.ckpt
--- Round 98 of 10000: Training 5 Clients ---
Selected clients: ['93', '72', '76', '71', '87']
--- Updating central model ---
Checkpoint saved in path: checkpoints/cifar10/alpha0.5_K5_N10000_cnn_E1_clr0.01_fedopt_sgd_slr1.0_sam_rho0.1_112125_19:29:42.ckpt
--- Round 99 of 10000: Training 5 Clients ---
Selected clients: ['66', '64', '30', '32', '31']
--- Updating central model ---
Checkpoint saved in path: checkpoints/cifar10/alpha0.5_K5_N10000_cnn_E1_clr0.01_fedopt_sgd_slr1.0_sam_rho0.1_112125_19:29:42.ckpt
--- Round 100 of 10000: Training 5 Clients ---
Selected clients: ['68', '38', '20', '59', '30']
--- Updating central model ---
train_accuracy: 10.7429, 10th percentile: 1.34551, 50th percentile: 6.62758, 90th percentile 26.2475
train_loss: 2.30032, 10th percentile: 2.28392, 50th percentile: 2.29934, 90th percentile 2.32036
test_accuracy: 10.43, 10th percentile: 10.43, 50th percentile: 10.43, 90th percentile 10.43
test_loss: 2.30037, 10th percentile: 2.30037, 50th percentile: 2.30037, 90th percentile 2.30037
Checkpoint saved in path: checkpoints/cifar10/alpha0.5_K5_N10000_cnn_E1_clr0.01_fedopt_sgd_slr1.0_sam_rho0.1_112125_19:29:42.ckpt
--- Round 101 of 10000: Training 5 Clients ---
Selected clients: ['7', '30', '62', '43', '38']
--- Updating central model ---
Checkpoint saved in path: checkpoints/cifar10/alpha0.5_K5_N10000_cnn_E1_clr0.01_fedopt_sgd_slr1.0_sam_rho0.1_112125_19:29:42.ckpt
--- Round 102 of 10000: Training 5 Clients ---
Selected clients: ['45', '97', '50', '91', '29']
--- Updating central model ---
Checkpoint saved in path: checkpoints/cifar10/alpha0.5_K5_N10000_cnn_E1_clr0.01_fedopt_sgd_slr1.0_sam_rho0.1_112125_19:29:42.ckpt
--- Round 103 of 10000: Training 5 Clients ---
Selected clients: ['2', '99', '42', '25', '47']
--- Updating central model ---
Checkpoint saved in path: checkpoints/cifar10/alpha0.5_K5_N10000_cnn_E1_clr0.01_fedopt_sgd_slr1.0_sam_rho0.1_112125_19:29:42.ckpt
--- Round 104 of 10000: Training 5 Clients ---
Selected clients: ['57', '39', '82', '93', '1']
--- Updating central model ---
Checkpoint saved in path: checkpoints/cifar10/alpha0.5_K5_N10000_cnn_E1_clr0.01_fedopt_sgd_slr1.0_sam_rho0.1_112125_19:29:42.ckpt
--- Round 105 of 10000: Training 5 Clients ---
Selected clients: ['57', '55', '23', '58', '75']
--- Updating central model ---
Checkpoint saved in path: checkpoints/cifar10/alpha0.5_K5_N10000_cnn_E1_clr0.01_fedopt_sgd_slr1.0_sam_rho0.1_112125_19:29:42.ckpt
--- Round 106 of 10000: Training 5 Clients ---
Selected clients: ['76', '50', '21', '83', '60']
--- Updating central model ---
Checkpoint saved in path: checkpoints/cifar10/alpha0.5_K5_N10000_cnn_E1_clr0.01_fedopt_sgd_slr1.0_sam_rho0.1_112125_19:29:42.ckpt
--- Round 107 of 10000: Training 5 Clients ---
Selected clients: ['42', '95', '18', '32', '41']
--- Updating central model ---
Checkpoint saved in path: checkpoints/cifar10/alpha0.5_K5_N10000_cnn_E1_clr0.01_fedopt_sgd_slr1.0_sam_rho0.1_112125_19:29:42.ckpt
--- Round 108 of 10000: Training 5 Clients ---
Selected clients: ['42', '95', '34', '11', '68']
--- Updating central model ---
Checkpoint saved in path: checkpoints/cifar10/alpha0.5_K5_N10000_cnn_E1_clr0.01_fedopt_sgd_slr1.0_sam_rho0.1_112125_19:29:42.ckpt
--- Round 109 of 10000: Training 5 Clients ---
Selected clients: ['27', '31', '53', '16', '3']
--- Updating central model ---
Checkpoint saved in path: checkpoints/cifar10/alpha0.5_K5_N10000_cnn_E1_clr0.01_fedopt_sgd_slr1.0_sam_rho0.1_112125_19:29:42.ckpt
--- Round 110 of 10000: Training 5 Clients ---
Selected clients: ['82', '85', '79', '27', '36']
--- Updating central model ---
Checkpoint saved in path: checkpoints/cifar10/alpha0.5_K5_N10000_cnn_E1_clr0.01_fedopt_sgd_slr1.0_sam_rho0.1_112125_19:29:42.ckpt
--- Round 111 of 10000: Training 5 Clients ---
Selected clients: ['70', '98', '88', '46', '55']
--- Updating central model ---
Checkpoint saved in path: checkpoints/cifar10/alpha0.5_K5_N10000_cnn_E1_clr0.01_fedopt_sgd_slr1.0_sam_rho0.1_112125_19:29:42.ckpt
--- Round 112 of 10000: Training 5 Clients ---
Selected clients: ['18', '39', '54', '51', '88']
--- Updating central model ---
Checkpoint saved in path: checkpoints/cifar10/alpha0.5_K5_N10000_cnn_E1_clr0.01_fedopt_sgd_slr1.0_sam_rho0.1_112125_19:29:42.ckpt
--- Round 113 of 10000: Training 5 Clients ---
Selected clients: ['39', '21', '83', '32', '41']
--- Updating central model ---
Checkpoint saved in path: checkpoints/cifar10/alpha0.5_K5_N10000_cnn_E1_clr0.01_fedopt_sgd_slr1.0_sam_rho0.1_112125_19:29:42.ckpt
--- Round 114 of 10000: Training 5 Clients ---
Selected clients: ['59', '56', '49', '10', '27']
--- Updating central model ---
Checkpoint saved in path: checkpoints/cifar10/alpha0.5_K5_N10000_cnn_E1_clr0.01_fedopt_sgd_slr1.0_sam_rho0.1_112125_19:29:42.ckpt
--- Round 115 of 10000: Training 5 Clients ---
Selected clients: ['20', '28', '91', '44', '53']
--- Updating central model ---
Checkpoint saved in path: checkpoints/cifar10/alpha0.5_K5_N10000_cnn_E1_clr0.01_fedopt_sgd_slr1.0_sam_rho0.1_112125_19:29:42.ckpt
--- Round 116 of 10000: Training 5 Clients ---
Selected clients: ['63', '42', '30', '68', '49']
--- Updating central model ---
Checkpoint saved in path: checkpoints/cifar10/alpha0.5_K5_N10000_cnn_E1_clr0.01_fedopt_sgd_slr1.0_sam_rho0.1_112125_19:29:42.ckpt
--- Round 117 of 10000: Training 5 Clients ---
Selected clients: ['23', '86', '18', '54', '25']
--- Updating central model ---
Checkpoint saved in path: checkpoints/cifar10/alpha0.5_K5_N10000_cnn_E1_clr0.01_fedopt_sgd_slr1.0_sam_rho0.1_112125_19:29:42.ckpt
--- Round 118 of 10000: Training 5 Clients ---
Selected clients: ['22', '46', '8', '30', '33']
--- Updating central model ---
Checkpoint saved in path: checkpoints/cifar10/alpha0.5_K5_N10000_cnn_E1_clr0.01_fedopt_sgd_slr1.0_sam_rho0.1_112125_19:29:42.ckpt
--- Round 119 of 10000: Training 5 Clients ---
Selected clients: ['77', '83', '56', '96', '0']
--- Updating central model ---
Checkpoint saved in path: checkpoints/cifar10/alpha0.5_K5_N10000_cnn_E1_clr0.01_fedopt_sgd_slr1.0_sam_rho0.1_112125_19:29:42.ckpt
--- Round 120 of 10000: Training 5 Clients ---
Selected clients: ['91', '93', '41', '19', '99']
--- Updating central model ---
Checkpoint saved in path: checkpoints/cifar10/alpha0.5_K5_N10000_cnn_E1_clr0.01_fedopt_sgd_slr1.0_sam_rho0.1_112125_19:29:42.ckpt
--- Round 121 of 10000: Training 5 Clients ---
Selected clients: ['18', '24', '23', '55', '97']
--- Updating central model ---
Checkpoint saved in path: checkpoints/cifar10/alpha0.5_K5_N10000_cnn_E1_clr0.01_fedopt_sgd_slr1.0_sam_rho0.1_112125_19:29:42.ckpt
--- Round 122 of 10000: Training 5 Clients ---
Selected clients: ['74', '89', '60', '68', '79']
--- Updating central model ---
Checkpoint saved in path: checkpoints/cifar10/alpha0.5_K5_N10000_cnn_E1_clr0.01_fedopt_sgd_slr1.0_sam_rho0.1_112125_19:29:42.ckpt
--- Round 123 of 10000: Training 5 Clients ---
Selected clients: ['26', '70', '4', '76', '97']
--- Updating central model ---
Checkpoint saved in path: checkpoints/cifar10/alpha0.5_K5_N10000_cnn_E1_clr0.01_fedopt_sgd_slr1.0_sam_rho0.1_112125_19:29:42.ckpt
--- Round 124 of 10000: Training 5 Clients ---
Selected clients: ['30', '90', '95', '42', '70']
--- Updating central model ---
Checkpoint saved in path: checkpoints/cifar10/alpha0.5_K5_N10000_cnn_E1_clr0.01_fedopt_sgd_slr1.0_sam_rho0.1_112125_19:29:42.ckpt
--- Round 125 of 10000: Training 5 Clients ---
Selected clients: ['62', '35', '6', '34', '17']
--- Updating central model ---
Checkpoint saved in path: checkpoints/cifar10/alpha0.5_K5_N10000_cnn_E1_clr0.01_fedopt_sgd_slr1.0_sam_rho0.1_112125_19:29:42.ckpt
--- Round 126 of 10000: Training 5 Clients ---
Selected clients: ['94', '74', '88', '54', '44']
--- Updating central model ---
Checkpoint saved in path: checkpoints/cifar10/alpha0.5_K5_N10000_cnn_E1_clr0.01_fedopt_sgd_slr1.0_sam_rho0.1_112125_19:29:42.ckpt
--- Round 127 of 10000: Training 5 Clients ---
Selected clients: ['49', '72', '39', '17', '59']
--- Updating central model ---
Checkpoint saved in path: checkpoints/cifar10/alpha0.5_K5_N10000_cnn_E1_clr0.01_fedopt_sgd_slr1.0_sam_rho0.1_112125_19:29:42.ckpt
--- Round 128 of 10000: Training 5 Clients ---
Selected clients: ['16', '88', '71', '51', '60']
--- Updating central model ---
Checkpoint saved in path: checkpoints/cifar10/alpha0.5_K5_N10000_cnn_E1_clr0.01_fedopt_sgd_slr1.0_sam_rho0.1_112125_19:29:42.ckpt
--- Round 129 of 10000: Training 5 Clients ---
Selected clients: ['35', '43', '69', '52', '85']
--- Updating central model ---
Checkpoint saved in path: checkpoints/cifar10/alpha0.5_K5_N10000_cnn_E1_clr0.01_fedopt_sgd_slr1.0_sam_rho0.1_112125_19:29:42.ckpt
--- Round 130 of 10000: Training 5 Clients ---
Selected clients: ['95', '71', '76', '66', '32']
--- Updating central model ---
Checkpoint saved in path: checkpoints/cifar10/alpha0.5_K5_N10000_cnn_E1_clr0.01_fedopt_sgd_slr1.0_sam_rho0.1_112125_19:29:42.ckpt
--- Round 131 of 10000: Training 5 Clients ---
Selected clients: ['19', '99', '35', '8', '66']
--- Updating central model ---
Checkpoint saved in path: checkpoints/cifar10/alpha0.5_K5_N10000_cnn_E1_clr0.01_fedopt_sgd_slr1.0_sam_rho0.1_112125_19:29:42.ckpt
--- Round 132 of 10000: Training 5 Clients ---
Selected clients: ['82', '4', '1', '97', '37']
--- Updating central model ---
Checkpoint saved in path: checkpoints/cifar10/alpha0.5_K5_N10000_cnn_E1_clr0.01_fedopt_sgd_slr1.0_sam_rho0.1_112125_19:29:42.ckpt
--- Round 133 of 10000: Training 5 Clients ---
Selected clients: ['93', '20', '25', '81', '52']
--- Updating central model ---
Checkpoint saved in path: checkpoints/cifar10/alpha0.5_K5_N10000_cnn_E1_clr0.01_fedopt_sgd_slr1.0_sam_rho0.1_112125_19:29:42.ckpt
--- Round 134 of 10000: Training 5 Clients ---
Selected clients: ['4', '66', '71', '9', '54']
--- Updating central model ---
Checkpoint saved in path: checkpoints/cifar10/alpha0.5_K5_N10000_cnn_E1_clr0.01_fedopt_sgd_slr1.0_sam_rho0.1_112125_19:29:42.ckpt
--- Round 135 of 10000: Training 5 Clients ---
Selected clients: ['16', '60', '30', '68', '35']
--- Updating central model ---
Checkpoint saved in path: checkpoints/cifar10/alpha0.5_K5_N10000_cnn_E1_clr0.01_fedopt_sgd_slr1.0_sam_rho0.1_112125_19:29:42.ckpt
--- Round 136 of 10000: Training 5 Clients ---
Selected clients: ['97', '75', '83', '39', '13']
--- Updating central model ---
Checkpoint saved in path: checkpoints/cifar10/alpha0.5_K5_N10000_cnn_E1_clr0.01_fedopt_sgd_slr1.0_sam_rho0.1_112125_19:29:42.ckpt
--- Round 137 of 10000: Training 5 Clients ---
Selected clients: ['96', '61', '94', '76', '46']
--- Updating central model ---
Checkpoint saved in path: checkpoints/cifar10/alpha0.5_K5_N10000_cnn_E1_clr0.01_fedopt_sgd_slr1.0_sam_rho0.1_112125_19:29:42.ckpt
--- Round 138 of 10000: Training 5 Clients ---
Selected clients: ['85', '33', '41', '37', '24']
--- Updating central model ---
Checkpoint saved in path: checkpoints/cifar10/alpha0.5_K5_N10000_cnn_E1_clr0.01_fedopt_sgd_slr1.0_sam_rho0.1_112125_19:29:42.ckpt
--- Round 139 of 10000: Training 5 Clients ---
Selected clients: ['21', '79', '36', '98', '3']
--- Updating central model ---
Checkpoint saved in path: checkpoints/cifar10/alpha0.5_K5_N10000_cnn_E1_clr0.01_fedopt_sgd_slr1.0_sam_rho0.1_112125_19:29:42.ckpt
--- Round 140 of 10000: Training 5 Clients ---
Selected clients: ['75', '24', '54', '46', '65']
--- Updating central model ---
Checkpoint saved in path: checkpoints/cifar10/alpha0.5_K5_N10000_cnn_E1_clr0.01_fedopt_sgd_slr1.0_sam_rho0.1_112125_19:29:42.ckpt
--- Round 141 of 10000: Training 5 Clients ---
Selected clients: ['67', '44', '70', '6', '26']
--- Updating central model ---
Checkpoint saved in path: checkpoints/cifar10/alpha0.5_K5_N10000_cnn_E1_clr0.01_fedopt_sgd_slr1.0_sam_rho0.1_112125_19:29:42.ckpt
--- Round 142 of 10000: Training 5 Clients ---
Selected clients: ['7', '33', '88', '66', '54']
--- Updating central model ---
Checkpoint saved in path: checkpoints/cifar10/alpha0.5_K5_N10000_cnn_E1_clr0.01_fedopt_sgd_slr1.0_sam_rho0.1_112125_19:29:42.ckpt
--- Round 143 of 10000: Training 5 Clients ---
Selected clients: ['34', '91', '45', '39', '48']
--- Updating central model ---
Checkpoint saved in path: checkpoints/cifar10/alpha0.5_K5_N10000_cnn_E1_clr0.01_fedopt_sgd_slr1.0_sam_rho0.1_112125_19:29:42.ckpt
--- Round 144 of 10000: Training 5 Clients ---
Selected clients: ['65', '45', '99', '14', '58']
--- Updating central model ---
Checkpoint saved in path: checkpoints/cifar10/alpha0.5_K5_N10000_cnn_E1_clr0.01_fedopt_sgd_slr1.0_sam_rho0.1_112125_19:29:42.ckpt
--- Round 145 of 10000: Training 5 Clients ---
Selected clients: ['92', '31', '74', '3', '29']
--- Updating central model ---
Checkpoint saved in path: checkpoints/cifar10/alpha0.5_K5_N10000_cnn_E1_clr0.01_fedopt_sgd_slr1.0_sam_rho0.1_112125_19:29:42.ckpt
--- Round 146 of 10000: Training 5 Clients ---
Selected clients: ['65', '98', '35', '30', '64']
--- Updating central model ---
Checkpoint saved in path: checkpoints/cifar10/alpha0.5_K5_N10000_cnn_E1_clr0.01_fedopt_sgd_slr1.0_sam_rho0.1_112125_19:29:42.ckpt
--- Round 147 of 10000: Training 5 Clients ---
Selected clients: ['5', '81', '25', '80', '50']
--- Updating central model ---
Checkpoint saved in path: checkpoints/cifar10/alpha0.5_K5_N10000_cnn_E1_clr0.01_fedopt_sgd_slr1.0_sam_rho0.1_112125_19:29:42.ckpt
--- Round 148 of 10000: Training 5 Clients ---
Selected clients: ['35', '47', '10', '55', '7']
--- Updating central model ---
Checkpoint saved in path: checkpoints/cifar10/alpha0.5_K5_N10000_cnn_E1_clr0.01_fedopt_sgd_slr1.0_sam_rho0.1_112125_19:29:42.ckpt
--- Round 149 of 10000: Training 5 Clients ---
Selected clients: ['97', '10', '55', '96', '64']
--- Updating central model ---
Checkpoint saved in path: checkpoints/cifar10/alpha0.5_K5_N10000_cnn_E1_clr0.01_fedopt_sgd_slr1.0_sam_rho0.1_112125_19:29:42.ckpt
--- Round 150 of 10000: Training 5 Clients ---
Selected clients: ['61', '11', '28', '52', '31']
--- Updating central model ---
Checkpoint saved in path: checkpoints/cifar10/alpha0.5_K5_N10000_cnn_E1_clr0.01_fedopt_sgd_slr1.0_sam_rho0.1_112125_19:29:42.ckpt
--- Round 151 of 10000: Training 5 Clients ---
Selected clients: ['45', '69', '66', '14', '74']
--- Updating central model ---
Checkpoint saved in path: checkpoints/cifar10/alpha0.5_K5_N10000_cnn_E1_clr0.01_fedopt_sgd_slr1.0_sam_rho0.1_112125_19:29:42.ckpt
--- Round 152 of 10000: Training 5 Clients ---
Selected clients: ['7', '51', '8', '29', '49']
--- Updating central model ---
Checkpoint saved in path: checkpoints/cifar10/alpha0.5_K5_N10000_cnn_E1_clr0.01_fedopt_sgd_slr1.0_sam_rho0.1_112125_19:29:42.ckpt
--- Round 153 of 10000: Training 5 Clients ---
Selected clients: ['5', '12', '24', '62', '42']
--- Updating central model ---
Checkpoint saved in path: checkpoints/cifar10/alpha0.5_K5_N10000_cnn_E1_clr0.01_fedopt_sgd_slr1.0_sam_rho0.1_112125_19:29:42.ckpt
--- Round 154 of 10000: Training 5 Clients ---
Selected clients: ['68', '17', '89', '96', '47']
--- Updating central model ---
Checkpoint saved in path: checkpoints/cifar10/alpha0.5_K5_N10000_cnn_E1_clr0.01_fedopt_sgd_slr1.0_sam_rho0.1_112125_19:29:42.ckpt
--- Round 155 of 10000: Training 5 Clients ---
Selected clients: ['30', '76', '28', '82', '40']
--- Updating central model ---
Checkpoint saved in path: checkpoints/cifar10/alpha0.5_K5_N10000_cnn_E1_clr0.01_fedopt_sgd_slr1.0_sam_rho0.1_112125_19:29:42.ckpt
--- Round 156 of 10000: Training 5 Clients ---
Selected clients: ['42', '9', '23', '18', '61']
--- Updating central model ---
Checkpoint saved in path: checkpoints/cifar10/alpha0.5_K5_N10000_cnn_E1_clr0.01_fedopt_sgd_slr1.0_sam_rho0.1_112125_19:29:42.ckpt
--- Round 157 of 10000: Training 5 Clients ---
Selected clients: ['69', '50', '86', '31', '23']
--- Updating central model ---
Checkpoint saved in path: checkpoints/cifar10/alpha0.5_K5_N10000_cnn_E1_clr0.01_fedopt_sgd_slr1.0_sam_rho0.1_112125_19:29:42.ckpt
--- Round 158 of 10000: Training 5 Clients ---
Selected clients: ['26', '95', '29', '90', '9']
--- Updating central model ---
Checkpoint saved in path: checkpoints/cifar10/alpha0.5_K5_N10000_cnn_E1_clr0.01_fedopt_sgd_slr1.0_sam_rho0.1_112125_19:29:42.ckpt
--- Round 159 of 10000: Training 5 Clients ---
Selected clients: ['11', '94', '65', '97', '64']
--- Updating central model ---
Checkpoint saved in path: checkpoints/cifar10/alpha0.5_K5_N10000_cnn_E1_clr0.01_fedopt_sgd_slr1.0_sam_rho0.1_112125_19:29:42.ckpt
--- Round 160 of 10000: Training 5 Clients ---
Selected clients: ['83', '78', '75', '4', '20']
--- Updating central model ---
Checkpoint saved in path: checkpoints/cifar10/alpha0.5_K5_N10000_cnn_E1_clr0.01_fedopt_sgd_slr1.0_sam_rho0.1_112125_19:29:42.ckpt
--- Round 161 of 10000: Training 5 Clients ---
Selected clients: ['0', '14', '40', '44', '3']
--- Updating central model ---
Checkpoint saved in path: checkpoints/cifar10/alpha0.5_K5_N10000_cnn_E1_clr0.01_fedopt_sgd_slr1.0_sam_rho0.1_112125_19:29:42.ckpt
--- Round 162 of 10000: Training 5 Clients ---
Selected clients: ['8', '37', '22', '88', '81']
--- Updating central model ---
Checkpoint saved in path: checkpoints/cifar10/alpha0.5_K5_N10000_cnn_E1_clr0.01_fedopt_sgd_slr1.0_sam_rho0.1_112125_19:29:42.ckpt
--- Round 163 of 10000: Training 5 Clients ---
Selected clients: ['56', '64', '10', '27', '84']
--- Updating central model ---
Checkpoint saved in path: checkpoints/cifar10/alpha0.5_K5_N10000_cnn_E1_clr0.01_fedopt_sgd_slr1.0_sam_rho0.1_112125_19:29:42.ckpt
--- Round 164 of 10000: Training 5 Clients ---
Selected clients: ['56', '86', '0', '71', '18']
--- Updating central model ---
Checkpoint saved in path: checkpoints/cifar10/alpha0.5_K5_N10000_cnn_E1_clr0.01_fedopt_sgd_slr1.0_sam_rho0.1_112125_19:29:42.ckpt
--- Round 165 of 10000: Training 5 Clients ---
Selected clients: ['56', '93', '6', '39', '62']
--- Updating central model ---
Checkpoint saved in path: checkpoints/cifar10/alpha0.5_K5_N10000_cnn_E1_clr0.01_fedopt_sgd_slr1.0_sam_rho0.1_112125_19:29:42.ckpt
--- Round 166 of 10000: Training 5 Clients ---
Selected clients: ['68', '4', '31', '78', '42']
--- Updating central model ---
Checkpoint saved in path: checkpoints/cifar10/alpha0.5_K5_N10000_cnn_E1_clr0.01_fedopt_sgd_slr1.0_sam_rho0.1_112125_19:29:42.ckpt
--- Round 167 of 10000: Training 5 Clients ---
Selected clients: ['16', '55', '85', '68', '3']
--- Updating central model ---
Checkpoint saved in path: checkpoints/cifar10/alpha0.5_K5_N10000_cnn_E1_clr0.01_fedopt_sgd_slr1.0_sam_rho0.1_112125_19:29:42.ckpt
--- Round 168 of 10000: Training 5 Clients ---
Selected clients: ['3', '12', '4', '71', '85']
--- Updating central model ---
Checkpoint saved in path: checkpoints/cifar10/alpha0.5_K5_N10000_cnn_E1_clr0.01_fedopt_sgd_slr1.0_sam_rho0.1_112125_19:29:42.ckpt
--- Round 169 of 10000: Training 5 Clients ---
Selected clients: ['97', '56', '77', '35', '20']
--- Updating central model ---
Checkpoint saved in path: checkpoints/cifar10/alpha0.5_K5_N10000_cnn_E1_clr0.01_fedopt_sgd_slr1.0_sam_rho0.1_112125_19:29:42.ckpt
--- Round 170 of 10000: Training 5 Clients ---
Selected clients: ['97', '8', '12', '2', '1']
--- Updating central model ---
Checkpoint saved in path: checkpoints/cifar10/alpha0.5_K5_N10000_cnn_E1_clr0.01_fedopt_sgd_slr1.0_sam_rho0.1_112125_19:29:42.ckpt
--- Round 171 of 10000: Training 5 Clients ---
Selected clients: ['29', '89', '33', '75', '52']
--- Updating central model ---
Checkpoint saved in path: checkpoints/cifar10/alpha0.5_K5_N10000_cnn_E1_clr0.01_fedopt_sgd_slr1.0_sam_rho0.1_112125_19:29:42.ckpt
--- Round 172 of 10000: Training 5 Clients ---
Selected clients: ['62', '65', '14', '44', '38']
--- Updating central model ---
Checkpoint saved in path: checkpoints/cifar10/alpha0.5_K5_N10000_cnn_E1_clr0.01_fedopt_sgd_slr1.0_sam_rho0.1_112125_19:29:42.ckpt
--- Round 173 of 10000: Training 5 Clients ---
Selected clients: ['74', '82', '50', '95', '68']
--- Updating central model ---
Checkpoint saved in path: checkpoints/cifar10/alpha0.5_K5_N10000_cnn_E1_clr0.01_fedopt_sgd_slr1.0_sam_rho0.1_112125_19:29:42.ckpt
--- Round 174 of 10000: Training 5 Clients ---
Selected clients: ['86', '87', '51', '26', '57']
--- Updating central model ---
Checkpoint saved in path: checkpoints/cifar10/alpha0.5_K5_N10000_cnn_E1_clr0.01_fedopt_sgd_slr1.0_sam_rho0.1_112125_19:29:42.ckpt
--- Round 175 of 10000: Training 5 Clients ---
Selected clients: ['22', '6', '89', '93', '85']
--- Updating central model ---
Checkpoint saved in path: checkpoints/cifar10/alpha0.5_K5_N10000_cnn_E1_clr0.01_fedopt_sgd_slr1.0_sam_rho0.1_112125_19:29:42.ckpt
--- Round 176 of 10000: Training 5 Clients ---
Selected clients: ['34', '41', '10', '79', '19']
--- Updating central model ---
Checkpoint saved in path: checkpoints/cifar10/alpha0.5_K5_N10000_cnn_E1_clr0.01_fedopt_sgd_slr1.0_sam_rho0.1_112125_19:29:42.ckpt
--- Round 177 of 10000: Training 5 Clients ---
Selected clients: ['59', '55', '12', '97', '4']
--- Updating central model ---
Checkpoint saved in path: checkpoints/cifar10/alpha0.5_K5_N10000_cnn_E1_clr0.01_fedopt_sgd_slr1.0_sam_rho0.1_112125_19:29:42.ckpt
--- Round 178 of 10000: Training 5 Clients ---
Selected clients: ['15', '24', '74', '47', '63']
--- Updating central model ---
Checkpoint saved in path: checkpoints/cifar10/alpha0.5_K5_N10000_cnn_E1_clr0.01_fedopt_sgd_slr1.0_sam_rho0.1_112125_19:29:42.ckpt
--- Round 179 of 10000: Training 5 Clients ---
Selected clients: ['17', '16', '42', '48', '56']
--- Updating central model ---
Checkpoint saved in path: checkpoints/cifar10/alpha0.5_K5_N10000_cnn_E1_clr0.01_fedopt_sgd_slr1.0_sam_rho0.1_112125_19:29:42.ckpt
--- Round 180 of 10000: Training 5 Clients ---
Selected clients: ['87', '75', '23', '53', '22']
--- Updating central model ---
Checkpoint saved in path: checkpoints/cifar10/alpha0.5_K5_N10000_cnn_E1_clr0.01_fedopt_sgd_slr1.0_sam_rho0.1_112125_19:29:42.ckpt
--- Round 181 of 10000: Training 5 Clients ---
Selected clients: ['61', '19', '92', '25', '1']
--- Updating central model ---
Checkpoint saved in path: checkpoints/cifar10/alpha0.5_K5_N10000_cnn_E1_clr0.01_fedopt_sgd_slr1.0_sam_rho0.1_112125_19:29:42.ckpt
--- Round 182 of 10000: Training 5 Clients ---
Selected clients: ['40', '75', '69', '4', '99']
--- Updating central model ---
Checkpoint saved in path: checkpoints/cifar10/alpha0.5_K5_N10000_cnn_E1_clr0.01_fedopt_sgd_slr1.0_sam_rho0.1_112125_19:29:42.ckpt
--- Round 183 of 10000: Training 5 Clients ---
Selected clients: ['70', '96', '94', '39', '86']
--- Updating central model ---
Checkpoint saved in path: checkpoints/cifar10/alpha0.5_K5_N10000_cnn_E1_clr0.01_fedopt_sgd_slr1.0_sam_rho0.1_112125_19:29:42.ckpt
--- Round 184 of 10000: Training 5 Clients ---
Selected clients: ['0', '48', '50', '84', '22']
--- Updating central model ---
Checkpoint saved in path: checkpoints/cifar10/alpha0.5_K5_N10000_cnn_E1_clr0.01_fedopt_sgd_slr1.0_sam_rho0.1_112125_19:29:42.ckpt
--- Round 185 of 10000: Training 5 Clients ---
Selected clients: ['36', '64', '39', '12', '51']
--- Updating central model ---
Checkpoint saved in path: checkpoints/cifar10/alpha0.5_K5_N10000_cnn_E1_clr0.01_fedopt_sgd_slr1.0_sam_rho0.1_112125_19:29:42.ckpt
--- Round 186 of 10000: Training 5 Clients ---
Selected clients: ['54', '77', '84', '98', '21']
--- Updating central model ---
Checkpoint saved in path: checkpoints/cifar10/alpha0.5_K5_N10000_cnn_E1_clr0.01_fedopt_sgd_slr1.0_sam_rho0.1_112125_19:29:42.ckpt
--- Round 187 of 10000: Training 5 Clients ---
Selected clients: ['31', '44', '19', '51', '42']
--- Updating central model ---
Checkpoint saved in path: checkpoints/cifar10/alpha0.5_K5_N10000_cnn_E1_clr0.01_fedopt_sgd_slr1.0_sam_rho0.1_112125_19:29:42.ckpt
--- Round 188 of 10000: Training 5 Clients ---
Selected clients: ['34', '98', '35', '92', '66']
--- Updating central model ---
Checkpoint saved in path: checkpoints/cifar10/alpha0.5_K5_N10000_cnn_E1_clr0.01_fedopt_sgd_slr1.0_sam_rho0.1_112125_19:29:42.ckpt
--- Round 189 of 10000: Training 5 Clients ---
Selected clients: ['50', '13', '36', '53', '89']
--- Updating central model ---
Checkpoint saved in path: checkpoints/cifar10/alpha0.5_K5_N10000_cnn_E1_clr0.01_fedopt_sgd_slr1.0_sam_rho0.1_112125_19:29:42.ckpt
--- Round 190 of 10000: Training 5 Clients ---
Selected clients: ['38', '28', '86', '98', '12']
--- Updating central model ---
Checkpoint saved in path: checkpoints/cifar10/alpha0.5_K5_N10000_cnn_E1_clr0.01_fedopt_sgd_slr1.0_sam_rho0.1_112125_19:29:42.ckpt
--- Round 191 of 10000: Training 5 Clients ---
Selected clients: ['37', '41', '72', '39', '56']
--- Updating central model ---
Checkpoint saved in path: checkpoints/cifar10/alpha0.5_K5_N10000_cnn_E1_clr0.01_fedopt_sgd_slr1.0_sam_rho0.1_112125_19:29:42.ckpt
--- Round 192 of 10000: Training 5 Clients ---
Selected clients: ['58', '9', '71', '30', '48']
--- Updating central model ---
Checkpoint saved in path: checkpoints/cifar10/alpha0.5_K5_N10000_cnn_E1_clr0.01_fedopt_sgd_slr1.0_sam_rho0.1_112125_19:29:42.ckpt
--- Round 193 of 10000: Training 5 Clients ---
Selected clients: ['1', '50', '13', '5', '18']
--- Updating central model ---
Checkpoint saved in path: checkpoints/cifar10/alpha0.5_K5_N10000_cnn_E1_clr0.01_fedopt_sgd_slr1.0_sam_rho0.1_112125_19:29:42.ckpt
--- Round 194 of 10000: Training 5 Clients ---
Selected clients: ['31', '90', '92', '20', '19']
--- Updating central model ---
Checkpoint saved in path: checkpoints/cifar10/alpha0.5_K5_N10000_cnn_E1_clr0.01_fedopt_sgd_slr1.0_sam_rho0.1_112125_19:29:42.ckpt
--- Round 195 of 10000: Training 5 Clients ---
Selected clients: ['59', '8', '88', '48', '33']
--- Updating central model ---
Checkpoint saved in path: checkpoints/cifar10/alpha0.5_K5_N10000_cnn_E1_clr0.01_fedopt_sgd_slr1.0_sam_rho0.1_112125_19:29:42.ckpt
--- Round 196 of 10000: Training 5 Clients ---
Selected clients: ['75', '11', '10', '28', '18']
--- Updating central model ---
Checkpoint saved in path: checkpoints/cifar10/alpha0.5_K5_N10000_cnn_E1_clr0.01_fedopt_sgd_slr1.0_sam_rho0.1_112125_19:29:42.ckpt
--- Round 197 of 10000: Training 5 Clients ---
Selected clients: ['35', '37', '94', '25', '48']
--- Updating central model ---
Checkpoint saved in path: checkpoints/cifar10/alpha0.5_K5_N10000_cnn_E1_clr0.01_fedopt_sgd_slr1.0_sam_rho0.1_112125_19:29:42.ckpt
--- Round 198 of 10000: Training 5 Clients ---
Selected clients: ['52', '21', '72', '61', '16']
--- Updating central model ---
Checkpoint saved in path: checkpoints/cifar10/alpha0.5_K5_N10000_cnn_E1_clr0.01_fedopt_sgd_slr1.0_sam_rho0.1_112125_19:29:42.ckpt
--- Round 199 of 10000: Training 5 Clients ---
Selected clients: ['42', '75', '74', '18', '61']
--- Updating central model ---
Checkpoint saved in path: checkpoints/cifar10/alpha0.5_K5_N10000_cnn_E1_clr0.01_fedopt_sgd_slr1.0_sam_rho0.1_112125_19:29:42.ckpt
--- Round 200 of 10000: Training 5 Clients ---
Selected clients: ['73', '57', '15', '93', '63']
--- Updating central model ---
train_accuracy: 18.3943, 10th percentile: 3.74213, 50th percentile: 15.1512, 90th percentile 37.7302
train_loss: 2.29333, 10th percentile: 2.28177, 50th percentile: 2.29265, 90th percentile 2.30763
test_accuracy: 18.84, 10th percentile: 18.84, 50th percentile: 18.84, 90th percentile 18.84
test_loss: 2.29335, 10th percentile: 2.29335, 50th percentile: 2.29335, 90th percentile 2.29335
Checkpoint saved in path: checkpoints/cifar10/alpha0.5_K5_N10000_cnn_E1_clr0.01_fedopt_sgd_slr1.0_sam_rho0.1_112125_19:29:42.ckpt
--- Round 201 of 10000: Training 5 Clients ---
Selected clients: ['6', '17', '84', '68', '4']
--- Updating central model ---
Checkpoint saved in path: checkpoints/cifar10/alpha0.5_K5_N10000_cnn_E1_clr0.01_fedopt_sgd_slr1.0_sam_rho0.1_112125_19:29:42.ckpt
--- Round 202 of 10000: Training 5 Clients ---
Selected clients: ['57', '24', '84', '44', '89']
--- Updating central model ---
Checkpoint saved in path: checkpoints/cifar10/alpha0.5_K5_N10000_cnn_E1_clr0.01_fedopt_sgd_slr1.0_sam_rho0.1_112125_19:29:42.ckpt
--- Round 203 of 10000: Training 5 Clients ---
Selected clients: ['7', '52', '93', '35', '82']
--- Updating central model ---
Checkpoint saved in path: checkpoints/cifar10/alpha0.5_K5_N10000_cnn_E1_clr0.01_fedopt_sgd_slr1.0_sam_rho0.1_112125_19:29:42.ckpt
--- Round 204 of 10000: Training 5 Clients ---
Selected clients: ['35', '1', '52', '89', '88']
--- Updating central model ---
Checkpoint saved in path: checkpoints/cifar10/alpha0.5_K5_N10000_cnn_E1_clr0.01_fedopt_sgd_slr1.0_sam_rho0.1_112125_19:29:42.ckpt
--- Round 205 of 10000: Training 5 Clients ---
Selected clients: ['76', '25', '68', '55', '19']
--- Updating central model ---
Checkpoint saved in path: checkpoints/cifar10/alpha0.5_K5_N10000_cnn_E1_clr0.01_fedopt_sgd_slr1.0_sam_rho0.1_112125_19:29:42.ckpt
--- Round 206 of 10000: Training 5 Clients ---
Selected clients: ['1', '82', '58', '81', '11']
--- Updating central model ---
Checkpoint saved in path: checkpoints/cifar10/alpha0.5_K5_N10000_cnn_E1_clr0.01_fedopt_sgd_slr1.0_sam_rho0.1_112125_19:29:42.ckpt
--- Round 207 of 10000: Training 5 Clients ---
Selected clients: ['17', '67', '18', '12', '42']
--- Updating central model ---
Checkpoint saved in path: checkpoints/cifar10/alpha0.5_K5_N10000_cnn_E1_clr0.01_fedopt_sgd_slr1.0_sam_rho0.1_112125_19:29:42.ckpt
--- Round 208 of 10000: Training 5 Clients ---
Selected clients: ['74', '90', '98', '8', '75']
--- Updating central model ---
Checkpoint saved in path: checkpoints/cifar10/alpha0.5_K5_N10000_cnn_E1_clr0.01_fedopt_sgd_slr1.0_sam_rho0.1_112125_19:29:42.ckpt
--- Round 209 of 10000: Training 5 Clients ---
Selected clients: ['83', '34', '69', '75', '61']
--- Updating central model ---
Checkpoint saved in path: checkpoints/cifar10/alpha0.5_K5_N10000_cnn_E1_clr0.01_fedopt_sgd_slr1.0_sam_rho0.1_112125_19:29:42.ckpt
--- Round 210 of 10000: Training 5 Clients ---
Selected clients: ['91', '44', '73', '36', '30']
--- Updating central model ---
Checkpoint saved in path: checkpoints/cifar10/alpha0.5_K5_N10000_cnn_E1_clr0.01_fedopt_sgd_slr1.0_sam_rho0.1_112125_19:29:42.ckpt
--- Round 211 of 10000: Training 5 Clients ---
Selected clients: ['52', '43', '38', '64', '20']
--- Updating central model ---
Checkpoint saved in path: checkpoints/cifar10/alpha0.5_K5_N10000_cnn_E1_clr0.01_fedopt_sgd_slr1.0_sam_rho0.1_112125_19:29:42.ckpt
--- Round 212 of 10000: Training 5 Clients ---
Selected clients: ['98', '73', '10', '3', '0']
--- Updating central model ---
Checkpoint saved in path: checkpoints/cifar10/alpha0.5_K5_N10000_cnn_E1_clr0.01_fedopt_sgd_slr1.0_sam_rho0.1_112125_19:29:42.ckpt
--- Round 213 of 10000: Training 5 Clients ---
Selected clients: ['72', '2', '52', '31', '61']
--- Updating central model ---
Checkpoint saved in path: checkpoints/cifar10/alpha0.5_K5_N10000_cnn_E1_clr0.01_fedopt_sgd_slr1.0_sam_rho0.1_112125_19:29:42.ckpt
--- Round 214 of 10000: Training 5 Clients ---
Selected clients: ['30', '7', '1', '76', '31']
--- Updating central model ---
Checkpoint saved in path: checkpoints/cifar10/alpha0.5_K5_N10000_cnn_E1_clr0.01_fedopt_sgd_slr1.0_sam_rho0.1_112125_19:29:42.ckpt
--- Round 215 of 10000: Training 5 Clients ---
Selected clients: ['61', '13', '89', '63', '44']
--- Updating central model ---
Checkpoint saved in path: checkpoints/cifar10/alpha0.5_K5_N10000_cnn_E1_clr0.01_fedopt_sgd_slr1.0_sam_rho0.1_112125_19:29:42.ckpt
--- Round 216 of 10000: Training 5 Clients ---
Selected clients: ['82', '64', '3', '54', '68']
--- Updating central model ---
Checkpoint saved in path: checkpoints/cifar10/alpha0.5_K5_N10000_cnn_E1_clr0.01_fedopt_sgd_slr1.0_sam_rho0.1_112125_19:29:42.ckpt
--- Round 217 of 10000: Training 5 Clients ---
Selected clients: ['38', '10', '94', '42', '54']
--- Updating central model ---
Checkpoint saved in path: checkpoints/cifar10/alpha0.5_K5_N10000_cnn_E1_clr0.01_fedopt_sgd_slr1.0_sam_rho0.1_112125_19:29:42.ckpt
--- Round 218 of 10000: Training 5 Clients ---
Selected clients: ['96', '6', '59', '41', '86']
--- Updating central model ---
Checkpoint saved in path: checkpoints/cifar10/alpha0.5_K5_N10000_cnn_E1_clr0.01_fedopt_sgd_slr1.0_sam_rho0.1_112125_19:29:42.ckpt
--- Round 219 of 10000: Training 5 Clients ---
Selected clients: ['77', '2', '21', '89', '62']
--- Updating central model ---
Checkpoint saved in path: checkpoints/cifar10/alpha0.5_K5_N10000_cnn_E1_clr0.01_fedopt_sgd_slr1.0_sam_rho0.1_112125_19:29:42.ckpt
--- Round 220 of 10000: Training 5 Clients ---
Selected clients: ['26', '51', '1', '27', '57']
--- Updating central model ---
Checkpoint saved in path: checkpoints/cifar10/alpha0.5_K5_N10000_cnn_E1_clr0.01_fedopt_sgd_slr1.0_sam_rho0.1_112125_19:29:42.ckpt
--- Round 221 of 10000: Training 5 Clients ---
Selected clients: ['87', '74', '56', '72', '5']
--- Updating central model ---
Checkpoint saved in path: checkpoints/cifar10/alpha0.5_K5_N10000_cnn_E1_clr0.01_fedopt_sgd_slr1.0_sam_rho0.1_112125_19:29:42.ckpt
--- Round 222 of 10000: Training 5 Clients ---
Selected clients: ['64', '53', '72', '25', '56']
--- Updating central model ---
Checkpoint saved in path: checkpoints/cifar10/alpha0.5_K5_N10000_cnn_E1_clr0.01_fedopt_sgd_slr1.0_sam_rho0.1_112125_19:29:42.ckpt
--- Round 223 of 10000: Training 5 Clients ---
Selected clients: ['41', '20', '65', '81', '11']
--- Updating central model ---
Checkpoint saved in path: checkpoints/cifar10/alpha0.5_K5_N10000_cnn_E1_clr0.01_fedopt_sgd_slr1.0_sam_rho0.1_112125_19:29:42.ckpt
--- Round 224 of 10000: Training 5 Clients ---
Selected clients: ['8', '66', '94', '3', '75']
--- Updating central model ---
Checkpoint saved in path: checkpoints/cifar10/alpha0.5_K5_N10000_cnn_E1_clr0.01_fedopt_sgd_slr1.0_sam_rho0.1_112125_19:29:42.ckpt
--- Round 225 of 10000: Training 5 Clients ---
Selected clients: ['13', '10', '92', '36', '66']
--- Updating central model ---
Checkpoint saved in path: checkpoints/cifar10/alpha0.5_K5_N10000_cnn_E1_clr0.01_fedopt_sgd_slr1.0_sam_rho0.1_112125_19:29:42.ckpt
--- Round 226 of 10000: Training 5 Clients ---
Selected clients: ['79', '41', '11', '53', '78']
--- Updating central model ---
Checkpoint saved in path: checkpoints/cifar10/alpha0.5_K5_N10000_cnn_E1_clr0.01_fedopt_sgd_slr1.0_sam_rho0.1_112125_19:29:42.ckpt
--- Round 227 of 10000: Training 5 Clients ---
Selected clients: ['13', '19', '79', '86', '74']
--- Updating central model ---
Checkpoint saved in path: checkpoints/cifar10/alpha0.5_K5_N10000_cnn_E1_clr0.01_fedopt_sgd_slr1.0_sam_rho0.1_112125_19:29:42.ckpt
--- Round 228 of 10000: Training 5 Clients ---
Selected clients: ['60', '15', '22', '89', '7']
--- Updating central model ---
Checkpoint saved in path: checkpoints/cifar10/alpha0.5_K5_N10000_cnn_E1_clr0.01_fedopt_sgd_slr1.0_sam_rho0.1_112125_19:29:42.ckpt
--- Round 229 of 10000: Training 5 Clients ---
Selected clients: ['90', '69', '41', '96', '37']
--- Updating central model ---
Checkpoint saved in path: checkpoints/cifar10/alpha0.5_K5_N10000_cnn_E1_clr0.01_fedopt_sgd_slr1.0_sam_rho0.1_112125_19:29:42.ckpt
--- Round 230 of 10000: Training 5 Clients ---
Selected clients: ['81', '98', '73', '4', '47']
--- Updating central model ---
Checkpoint saved in path: checkpoints/cifar10/alpha0.5_K5_N10000_cnn_E1_clr0.01_fedopt_sgd_slr1.0_sam_rho0.1_112125_19:29:42.ckpt
--- Round 231 of 10000: Training 5 Clients ---
Selected clients: ['80', '56', '60', '97', '42']
--- Updating central model ---
Checkpoint saved in path: checkpoints/cifar10/alpha0.5_K5_N10000_cnn_E1_clr0.01_fedopt_sgd_slr1.0_sam_rho0.1_112125_19:29:42.ckpt
--- Round 232 of 10000: Training 5 Clients ---
Selected clients: ['78', '26', '10', '16', '55']
--- Updating central model ---
Checkpoint saved in path: checkpoints/cifar10/alpha0.5_K5_N10000_cnn_E1_clr0.01_fedopt_sgd_slr1.0_sam_rho0.1_112125_19:29:42.ckpt
--- Round 233 of 10000: Training 5 Clients ---
Selected clients: ['46', '37', '14', '64', '54']
--- Updating central model ---
Checkpoint saved in path: checkpoints/cifar10/alpha0.5_K5_N10000_cnn_E1_clr0.01_fedopt_sgd_slr1.0_sam_rho0.1_112125_19:29:42.ckpt
--- Round 234 of 10000: Training 5 Clients ---
Selected clients: ['91', '47', '62', '20', '31']
--- Updating central model ---
Checkpoint saved in path: checkpoints/cifar10/alpha0.5_K5_N10000_cnn_E1_clr0.01_fedopt_sgd_slr1.0_sam_rho0.1_112125_19:29:42.ckpt
--- Round 235 of 10000: Training 5 Clients ---
Selected clients: ['99', '25', '73', '58', '10']
--- Updating central model ---
Checkpoint saved in path: checkpoints/cifar10/alpha0.5_K5_N10000_cnn_E1_clr0.01_fedopt_sgd_slr1.0_sam_rho0.1_112125_19:29:42.ckpt
--- Round 236 of 10000: Training 5 Clients ---
Selected clients: ['47', '12', '26', '38', '83']
--- Updating central model ---
Checkpoint saved in path: checkpoints/cifar10/alpha0.5_K5_N10000_cnn_E1_clr0.01_fedopt_sgd_slr1.0_sam_rho0.1_112125_19:29:42.ckpt
--- Round 237 of 10000: Training 5 Clients ---
Selected clients: ['8', '83', '0', '5', '93']
--- Updating central model ---
Checkpoint saved in path: checkpoints/cifar10/alpha0.5_K5_N10000_cnn_E1_clr0.01_fedopt_sgd_slr1.0_sam_rho0.1_112125_19:29:42.ckpt
--- Round 238 of 10000: Training 5 Clients ---
Selected clients: ['63', '3', '34', '7', '37']
--- Updating central model ---
Checkpoint saved in path: checkpoints/cifar10/alpha0.5_K5_N10000_cnn_E1_clr0.01_fedopt_sgd_slr1.0_sam_rho0.1_112125_19:29:42.ckpt
--- Round 239 of 10000: Training 5 Clients ---
Selected clients: ['53', '58', '10', '67', '45']
--- Updating central model ---
Checkpoint saved in path: checkpoints/cifar10/alpha0.5_K5_N10000_cnn_E1_clr0.01_fedopt_sgd_slr1.0_sam_rho0.1_112125_19:29:42.ckpt
--- Round 240 of 10000: Training 5 Clients ---
Selected clients: ['51', '32', '14', '73', '10']
--- Updating central model ---
Checkpoint saved in path: checkpoints/cifar10/alpha0.5_K5_N10000_cnn_E1_clr0.01_fedopt_sgd_slr1.0_sam_rho0.1_112125_19:29:42.ckpt
--- Round 241 of 10000: Training 5 Clients ---
Selected clients: ['29', '72', '54', '16', '36']
--- Updating central model ---
Checkpoint saved in path: checkpoints/cifar10/alpha0.5_K5_N10000_cnn_E1_clr0.01_fedopt_sgd_slr1.0_sam_rho0.1_112125_19:29:42.ckpt
--- Round 242 of 10000: Training 5 Clients ---
Selected clients: ['23', '35', '11', '90', '43']
--- Updating central model ---
Checkpoint saved in path: checkpoints/cifar10/alpha0.5_K5_N10000_cnn_E1_clr0.01_fedopt_sgd_slr1.0_sam_rho0.1_112125_19:29:42.ckpt
--- Round 243 of 10000: Training 5 Clients ---
Selected clients: ['82', '29', '4', '55', '12']
--- Updating central model ---
Checkpoint saved in path: checkpoints/cifar10/alpha0.5_K5_N10000_cnn_E1_clr0.01_fedopt_sgd_slr1.0_sam_rho0.1_112125_19:29:42.ckpt
--- Round 244 of 10000: Training 5 Clients ---
Selected clients: ['27', '75', '54', '44', '22']
--- Updating central model ---
Checkpoint saved in path: checkpoints/cifar10/alpha0.5_K5_N10000_cnn_E1_clr0.01_fedopt_sgd_slr1.0_sam_rho0.1_112125_19:29:42.ckpt
--- Round 245 of 10000: Training 5 Clients ---
Selected clients: ['33', '61', '25', '56', '16']
--- Updating central model ---
Checkpoint saved in path: checkpoints/cifar10/alpha0.5_K5_N10000_cnn_E1_clr0.01_fedopt_sgd_slr1.0_sam_rho0.1_112125_19:29:42.ckpt
--- Round 246 of 10000: Training 5 Clients ---
Selected clients: ['34', '90', '27', '8', '50']
--- Updating central model ---
Checkpoint saved in path: checkpoints/cifar10/alpha0.5_K5_N10000_cnn_E1_clr0.01_fedopt_sgd_slr1.0_sam_rho0.1_112125_19:29:42.ckpt
--- Round 247 of 10000: Training 5 Clients ---
Selected clients: ['7', '12', '30', '66', '83']
--- Updating central model ---
Checkpoint saved in path: checkpoints/cifar10/alpha0.5_K5_N10000_cnn_E1_clr0.01_fedopt_sgd_slr1.0_sam_rho0.1_112125_19:29:42.ckpt
--- Round 248 of 10000: Training 5 Clients ---
Selected clients: ['74', '14', '1', '44', '3']
--- Updating central model ---
Checkpoint saved in path: checkpoints/cifar10/alpha0.5_K5_N10000_cnn_E1_clr0.01_fedopt_sgd_slr1.0_sam_rho0.1_112125_19:29:42.ckpt
--- Round 249 of 10000: Training 5 Clients ---
Selected clients: ['75', '27', '12', '87', '88']
--- Updating central model ---
Checkpoint saved in path: checkpoints/cifar10/alpha0.5_K5_N10000_cnn_E1_clr0.01_fedopt_sgd_slr1.0_sam_rho0.1_112125_19:29:42.ckpt
--- Round 250 of 10000: Training 5 Clients ---
Selected clients: ['58', '54', '19', '31', '35']
--- Updating central model ---
Checkpoint saved in path: checkpoints/cifar10/alpha0.5_K5_N10000_cnn_E1_clr0.01_fedopt_sgd_slr1.0_sam_rho0.1_112125_19:29:42.ckpt
--- Round 251 of 10000: Training 5 Clients ---
Selected clients: ['39', '3', '80', '85', '45']
--- Updating central model ---
Checkpoint saved in path: checkpoints/cifar10/alpha0.5_K5_N10000_cnn_E1_clr0.01_fedopt_sgd_slr1.0_sam_rho0.1_112125_19:29:42.ckpt
--- Round 252 of 10000: Training 5 Clients ---
Selected clients: ['93', '28', '30', '69', '73']
--- Updating central model ---
Checkpoint saved in path: checkpoints/cifar10/alpha0.5_K5_N10000_cnn_E1_clr0.01_fedopt_sgd_slr1.0_sam_rho0.1_112125_19:29:42.ckpt
--- Round 253 of 10000: Training 5 Clients ---
Selected clients: ['54', '16', '55', '20', '3']
--- Updating central model ---
Checkpoint saved in path: checkpoints/cifar10/alpha0.5_K5_N10000_cnn_E1_clr0.01_fedopt_sgd_slr1.0_sam_rho0.1_112125_19:29:42.ckpt
--- Round 254 of 10000: Training 5 Clients ---
Selected clients: ['70', '71', '75', '27', '64']
--- Updating central model ---
Checkpoint saved in path: checkpoints/cifar10/alpha0.5_K5_N10000_cnn_E1_clr0.01_fedopt_sgd_slr1.0_sam_rho0.1_112125_19:29:42.ckpt
--- Round 255 of 10000: Training 5 Clients ---
Selected clients: ['82', '18', '13', '20', '76']
--- Updating central model ---
Checkpoint saved in path: checkpoints/cifar10/alpha0.5_K5_N10000_cnn_E1_clr0.01_fedopt_sgd_slr1.0_sam_rho0.1_112125_19:29:42.ckpt
--- Round 256 of 10000: Training 5 Clients ---
Selected clients: ['85', '84', '76', '43', '57']
--- Updating central model ---
Checkpoint saved in path: checkpoints/cifar10/alpha0.5_K5_N10000_cnn_E1_clr0.01_fedopt_sgd_slr1.0_sam_rho0.1_112125_19:29:42.ckpt
--- Round 257 of 10000: Training 5 Clients ---
Selected clients: ['60', '62', '69', '99', '89']
--- Updating central model ---
Checkpoint saved in path: checkpoints/cifar10/alpha0.5_K5_N10000_cnn_E1_clr0.01_fedopt_sgd_slr1.0_sam_rho0.1_112125_19:29:42.ckpt
--- Round 258 of 10000: Training 5 Clients ---
Selected clients: ['18', '24', '45', '31', '15']
--- Updating central model ---
Checkpoint saved in path: checkpoints/cifar10/alpha0.5_K5_N10000_cnn_E1_clr0.01_fedopt_sgd_slr1.0_sam_rho0.1_112125_19:29:42.ckpt
--- Round 259 of 10000: Training 5 Clients ---
Selected clients: ['8', '9', '40', '81', '98']
--- Updating central model ---
Checkpoint saved in path: checkpoints/cifar10/alpha0.5_K5_N10000_cnn_E1_clr0.01_fedopt_sgd_slr1.0_sam_rho0.1_112125_19:29:42.ckpt
--- Round 260 of 10000: Training 5 Clients ---
Selected clients: ['66', '46', '39', '36', '4']
--- Updating central model ---
Checkpoint saved in path: checkpoints/cifar10/alpha0.5_K5_N10000_cnn_E1_clr0.01_fedopt_sgd_slr1.0_sam_rho0.1_112125_19:29:42.ckpt
--- Round 261 of 10000: Training 5 Clients ---
Selected clients: ['39', '24', '76', '86', '35']
--- Updating central model ---
Checkpoint saved in path: checkpoints/cifar10/alpha0.5_K5_N10000_cnn_E1_clr0.01_fedopt_sgd_slr1.0_sam_rho0.1_112125_19:29:42.ckpt
--- Round 262 of 10000: Training 5 Clients ---
Selected clients: ['60', '3', '82', '40', '53']
--- Updating central model ---
Checkpoint saved in path: checkpoints/cifar10/alpha0.5_K5_N10000_cnn_E1_clr0.01_fedopt_sgd_slr1.0_sam_rho0.1_112125_19:29:42.ckpt
--- Round 263 of 10000: Training 5 Clients ---
Selected clients: ['53', '28', '66', '96', '58']
--- Updating central model ---
Checkpoint saved in path: checkpoints/cifar10/alpha0.5_K5_N10000_cnn_E1_clr0.01_fedopt_sgd_slr1.0_sam_rho0.1_112125_19:29:42.ckpt
--- Round 264 of 10000: Training 5 Clients ---
Selected clients: ['5', '80', '25', '65', '62']
--- Updating central model ---
Checkpoint saved in path: checkpoints/cifar10/alpha0.5_K5_N10000_cnn_E1_clr0.01_fedopt_sgd_slr1.0_sam_rho0.1_112125_19:29:42.ckpt
--- Round 265 of 10000: Training 5 Clients ---
Selected clients: ['65', '92', '33', '78', '58']
--- Updating central model ---
Checkpoint saved in path: checkpoints/cifar10/alpha0.5_K5_N10000_cnn_E1_clr0.01_fedopt_sgd_slr1.0_sam_rho0.1_112125_19:29:42.ckpt
--- Round 266 of 10000: Training 5 Clients ---
Selected clients: ['28', '82', '2', '49', '61']
--- Updating central model ---
Checkpoint saved in path: checkpoints/cifar10/alpha0.5_K5_N10000_cnn_E1_clr0.01_fedopt_sgd_slr1.0_sam_rho0.1_112125_19:29:42.ckpt
--- Round 267 of 10000: Training 5 Clients ---
Selected clients: ['77', '45', '71', '47', '10']
--- Updating central model ---
Checkpoint saved in path: checkpoints/cifar10/alpha0.5_K5_N10000_cnn_E1_clr0.01_fedopt_sgd_slr1.0_sam_rho0.1_112125_19:29:42.ckpt
--- Round 268 of 10000: Training 5 Clients ---
Selected clients: ['33', '58', '68', '67', '92']
--- Updating central model ---
Checkpoint saved in path: checkpoints/cifar10/alpha0.5_K5_N10000_cnn_E1_clr0.01_fedopt_sgd_slr1.0_sam_rho0.1_112125_19:29:42.ckpt
--- Round 269 of 10000: Training 5 Clients ---
Selected clients: ['14', '61', '36', '32', '25']
--- Updating central model ---
Checkpoint saved in path: checkpoints/cifar10/alpha0.5_K5_N10000_cnn_E1_clr0.01_fedopt_sgd_slr1.0_sam_rho0.1_112125_19:29:42.ckpt
--- Round 270 of 10000: Training 5 Clients ---
Selected clients: ['78', '66', '26', '37', '96']
--- Updating central model ---
Checkpoint saved in path: checkpoints/cifar10/alpha0.5_K5_N10000_cnn_E1_clr0.01_fedopt_sgd_slr1.0_sam_rho0.1_112125_19:29:42.ckpt
--- Round 271 of 10000: Training 5 Clients ---
Selected clients: ['4', '72', '61', '75', '90']
--- Updating central model ---
Checkpoint saved in path: checkpoints/cifar10/alpha0.5_K5_N10000_cnn_E1_clr0.01_fedopt_sgd_slr1.0_sam_rho0.1_112125_19:29:42.ckpt
--- Round 272 of 10000: Training 5 Clients ---
Selected clients: ['75', '23', '24', '46', '35']
--- Updating central model ---
Checkpoint saved in path: checkpoints/cifar10/alpha0.5_K5_N10000_cnn_E1_clr0.01_fedopt_sgd_slr1.0_sam_rho0.1_112125_19:29:42.ckpt
--- Round 273 of 10000: Training 5 Clients ---
Selected clients: ['11', '28', '35', '92', '37']
--- Updating central model ---
Checkpoint saved in path: checkpoints/cifar10/alpha0.5_K5_N10000_cnn_E1_clr0.01_fedopt_sgd_slr1.0_sam_rho0.1_112125_19:29:42.ckpt
--- Round 274 of 10000: Training 5 Clients ---
Selected clients: ['33', '3', '72', '43', '60']
--- Updating central model ---
Checkpoint saved in path: checkpoints/cifar10/alpha0.5_K5_N10000_cnn_E1_clr0.01_fedopt_sgd_slr1.0_sam_rho0.1_112125_19:29:42.ckpt
--- Round 275 of 10000: Training 5 Clients ---
Selected clients: ['92', '84', '3', '42', '64']
--- Updating central model ---
Checkpoint saved in path: checkpoints/cifar10/alpha0.5_K5_N10000_cnn_E1_clr0.01_fedopt_sgd_slr1.0_sam_rho0.1_112125_19:29:42.ckpt
--- Round 276 of 10000: Training 5 Clients ---
Selected clients: ['55', '57', '72', '65', '8']
--- Updating central model ---
Checkpoint saved in path: checkpoints/cifar10/alpha0.5_K5_N10000_cnn_E1_clr0.01_fedopt_sgd_slr1.0_sam_rho0.1_112125_19:29:42.ckpt
--- Round 277 of 10000: Training 5 Clients ---
Selected clients: ['52', '48', '94', '61', '24']
--- Updating central model ---
Checkpoint saved in path: checkpoints/cifar10/alpha0.5_K5_N10000_cnn_E1_clr0.01_fedopt_sgd_slr1.0_sam_rho0.1_112125_19:29:42.ckpt
--- Round 278 of 10000: Training 5 Clients ---
Selected clients: ['3', '12', '38', '54', '29']
--- Updating central model ---
Checkpoint saved in path: checkpoints/cifar10/alpha0.5_K5_N10000_cnn_E1_clr0.01_fedopt_sgd_slr1.0_sam_rho0.1_112125_19:29:42.ckpt
--- Round 279 of 10000: Training 5 Clients ---
Selected clients: ['83', '25', '64', '90', '56']
--- Updating central model ---
Checkpoint saved in path: checkpoints/cifar10/alpha0.5_K5_N10000_cnn_E1_clr0.01_fedopt_sgd_slr1.0_sam_rho0.1_112125_19:29:42.ckpt
--- Round 280 of 10000: Training 5 Clients ---
Selected clients: ['62', '77', '26', '70', '65']
--- Updating central model ---
Checkpoint saved in path: checkpoints/cifar10/alpha0.5_K5_N10000_cnn_E1_clr0.01_fedopt_sgd_slr1.0_sam_rho0.1_112125_19:29:42.ckpt
--- Round 281 of 10000: Training 5 Clients ---
Selected clients: ['4', '46', '38', '30', '60']
--- Updating central model ---
Checkpoint saved in path: checkpoints/cifar10/alpha0.5_K5_N10000_cnn_E1_clr0.01_fedopt_sgd_slr1.0_sam_rho0.1_112125_19:29:42.ckpt
--- Round 282 of 10000: Training 5 Clients ---
Selected clients: ['75', '38', '49', '29', '72']
--- Updating central model ---
Checkpoint saved in path: checkpoints/cifar10/alpha0.5_K5_N10000_cnn_E1_clr0.01_fedopt_sgd_slr1.0_sam_rho0.1_112125_19:29:42.ckpt
--- Round 283 of 10000: Training 5 Clients ---
Selected clients: ['68', '90', '0', '2', '24']
--- Updating central model ---
Checkpoint saved in path: checkpoints/cifar10/alpha0.5_K5_N10000_cnn_E1_clr0.01_fedopt_sgd_slr1.0_sam_rho0.1_112125_19:29:42.ckpt
--- Round 284 of 10000: Training 5 Clients ---
Selected clients: ['38', '16', '11', '24', '79']
--- Updating central model ---
Checkpoint saved in path: checkpoints/cifar10/alpha0.5_K5_N10000_cnn_E1_clr0.01_fedopt_sgd_slr1.0_sam_rho0.1_112125_19:29:42.ckpt
--- Round 285 of 10000: Training 5 Clients ---
Selected clients: ['92', '49', '69', '67', '15']
--- Updating central model ---
Checkpoint saved in path: checkpoints/cifar10/alpha0.5_K5_N10000_cnn_E1_clr0.01_fedopt_sgd_slr1.0_sam_rho0.1_112125_19:29:42.ckpt
--- Round 286 of 10000: Training 5 Clients ---
Selected clients: ['54', '56', '14', '85', '31']
--- Updating central model ---
Checkpoint saved in path: checkpoints/cifar10/alpha0.5_K5_N10000_cnn_E1_clr0.01_fedopt_sgd_slr1.0_sam_rho0.1_112125_19:29:42.ckpt
--- Round 287 of 10000: Training 5 Clients ---
Selected clients: ['60', '75', '81', '92', '2']
--- Updating central model ---
Checkpoint saved in path: checkpoints/cifar10/alpha0.5_K5_N10000_cnn_E1_clr0.01_fedopt_sgd_slr1.0_sam_rho0.1_112125_19:29:42.ckpt
--- Round 288 of 10000: Training 5 Clients ---
Selected clients: ['21', '72', '5', '8', '96']
--- Updating central model ---
Checkpoint saved in path: checkpoints/cifar10/alpha0.5_K5_N10000_cnn_E1_clr0.01_fedopt_sgd_slr1.0_sam_rho0.1_112125_19:29:42.ckpt
--- Round 289 of 10000: Training 5 Clients ---
Selected clients: ['6', '78', '36', '87', '68']
--- Updating central model ---
Checkpoint saved in path: checkpoints/cifar10/alpha0.5_K5_N10000_cnn_E1_clr0.01_fedopt_sgd_slr1.0_sam_rho0.1_112125_19:29:42.ckpt
--- Round 290 of 10000: Training 5 Clients ---
Selected clients: ['56', '5', '25', '21', '37']
--- Updating central model ---
Checkpoint saved in path: checkpoints/cifar10/alpha0.5_K5_N10000_cnn_E1_clr0.01_fedopt_sgd_slr1.0_sam_rho0.1_112125_19:29:42.ckpt
--- Round 291 of 10000: Training 5 Clients ---
Selected clients: ['66', '91', '45', '23', '40']
--- Updating central model ---
Checkpoint saved in path: checkpoints/cifar10/alpha0.5_K5_N10000_cnn_E1_clr0.01_fedopt_sgd_slr1.0_sam_rho0.1_112125_19:29:42.ckpt
--- Round 292 of 10000: Training 5 Clients ---
Selected clients: ['79', '93', '62', '76', '81']
--- Updating central model ---
Checkpoint saved in path: checkpoints/cifar10/alpha0.5_K5_N10000_cnn_E1_clr0.01_fedopt_sgd_slr1.0_sam_rho0.1_112125_19:29:42.ckpt
--- Round 293 of 10000: Training 5 Clients ---
Selected clients: ['35', '72', '94', '16', '91']
--- Updating central model ---
Checkpoint saved in path: checkpoints/cifar10/alpha0.5_K5_N10000_cnn_E1_clr0.01_fedopt_sgd_slr1.0_sam_rho0.1_112125_19:29:42.ckpt
--- Round 294 of 10000: Training 5 Clients ---
Selected clients: ['32', '42', '35', '63', '12']
--- Updating central model ---
Checkpoint saved in path: checkpoints/cifar10/alpha0.5_K5_N10000_cnn_E1_clr0.01_fedopt_sgd_slr1.0_sam_rho0.1_112125_19:29:42.ckpt
--- Round 295 of 10000: Training 5 Clients ---
Selected clients: ['11', '64', '12', '15', '91']
--- Updating central model ---
Checkpoint saved in path: checkpoints/cifar10/alpha0.5_K5_N10000_cnn_E1_clr0.01_fedopt_sgd_slr1.0_sam_rho0.1_112125_19:29:42.ckpt
--- Round 296 of 10000: Training 5 Clients ---
Selected clients: ['25', '89', '94', '62', '84']
--- Updating central model ---
Checkpoint saved in path: checkpoints/cifar10/alpha0.5_K5_N10000_cnn_E1_clr0.01_fedopt_sgd_slr1.0_sam_rho0.1_112125_19:29:42.ckpt
--- Round 297 of 10000: Training 5 Clients ---
Selected clients: ['80', '38', '51', '99', '44']
--- Updating central model ---
Checkpoint saved in path: checkpoints/cifar10/alpha0.5_K5_N10000_cnn_E1_clr0.01_fedopt_sgd_slr1.0_sam_rho0.1_112125_19:29:42.ckpt
--- Round 298 of 10000: Training 5 Clients ---
Selected clients: ['53', '11', '88', '13', '58']
--- Updating central model ---
Checkpoint saved in path: checkpoints/cifar10/alpha0.5_K5_N10000_cnn_E1_clr0.01_fedopt_sgd_slr1.0_sam_rho0.1_112125_19:29:42.ckpt
--- Round 299 of 10000: Training 5 Clients ---
Selected clients: ['26', '58', '36', '50', '16']
--- Updating central model ---
Checkpoint saved in path: checkpoints/cifar10/alpha0.5_K5_N10000_cnn_E1_clr0.01_fedopt_sgd_slr1.0_sam_rho0.1_112125_19:29:42.ckpt
--- Round 300 of 10000: Training 5 Clients ---
Selected clients: ['61', '31', '52', '42', '40']
--- Updating central model ---
train_accuracy: 17.9486, 10th percentile: 2.87605, 50th percentile: 14.6599, 90th percentile 34.5604
train_loss: 2.16914, 10th percentile: 2.01005, 50th percentile: 2.19346, 90th percentile 2.30668
test_accuracy: 18.23, 10th percentile: 18.23, 50th percentile: 18.23, 90th percentile 18.23
test_loss: 2.16812, 10th percentile: 2.16812, 50th percentile: 2.16812, 90th percentile 2.16812
Checkpoint saved in path: checkpoints/cifar10/alpha0.5_K5_N10000_cnn_E1_clr0.01_fedopt_sgd_slr1.0_sam_rho0.1_112125_19:29:42.ckpt
--- Round 301 of 10000: Training 5 Clients ---
Selected clients: ['42', '68', '53', '82', '3']
--- Updating central model ---
Checkpoint saved in path: checkpoints/cifar10/alpha0.5_K5_N10000_cnn_E1_clr0.01_fedopt_sgd_slr1.0_sam_rho0.1_112125_19:29:42.ckpt
--- Round 302 of 10000: Training 5 Clients ---
Selected clients: ['53', '69', '72', '19', '78']
--- Updating central model ---
Checkpoint saved in path: checkpoints/cifar10/alpha0.5_K5_N10000_cnn_E1_clr0.01_fedopt_sgd_slr1.0_sam_rho0.1_112125_19:29:42.ckpt
--- Round 303 of 10000: Training 5 Clients ---
Selected clients: ['61', '51', '29', '55', '81']
--- Updating central model ---
Checkpoint saved in path: checkpoints/cifar10/alpha0.5_K5_N10000_cnn_E1_clr0.01_fedopt_sgd_slr1.0_sam_rho0.1_112125_19:29:42.ckpt
--- Round 304 of 10000: Training 5 Clients ---
Selected clients: ['77', '71', '42', '55', '72']
--- Updating central model ---
Checkpoint saved in path: checkpoints/cifar10/alpha0.5_K5_N10000_cnn_E1_clr0.01_fedopt_sgd_slr1.0_sam_rho0.1_112125_19:29:42.ckpt
--- Round 305 of 10000: Training 5 Clients ---
Selected clients: ['35', '10', '98', '8', '48']
--- Updating central model ---
Checkpoint saved in path: checkpoints/cifar10/alpha0.5_K5_N10000_cnn_E1_clr0.01_fedopt_sgd_slr1.0_sam_rho0.1_112125_19:29:42.ckpt
--- Round 306 of 10000: Training 5 Clients ---
Selected clients: ['26', '66', '76', '52', '77']
--- Updating central model ---
Checkpoint saved in path: checkpoints/cifar10/alpha0.5_K5_N10000_cnn_E1_clr0.01_fedopt_sgd_slr1.0_sam_rho0.1_112125_19:29:42.ckpt
--- Round 307 of 10000: Training 5 Clients ---
Selected clients: ['22', '62', '66', '65', '70']
--- Updating central model ---
Checkpoint saved in path: checkpoints/cifar10/alpha0.5_K5_N10000_cnn_E1_clr0.01_fedopt_sgd_slr1.0_sam_rho0.1_112125_19:29:42.ckpt
--- Round 308 of 10000: Training 5 Clients ---
Selected clients: ['66', '42', '89', '21', '22']
--- Updating central model ---
Checkpoint saved in path: checkpoints/cifar10/alpha0.5_K5_N10000_cnn_E1_clr0.01_fedopt_sgd_slr1.0_sam_rho0.1_112125_19:29:42.ckpt
--- Round 309 of 10000: Training 5 Clients ---
Selected clients: ['56', '55', '37', '81', '0']
--- Updating central model ---
Checkpoint saved in path: checkpoints/cifar10/alpha0.5_K5_N10000_cnn_E1_clr0.01_fedopt_sgd_slr1.0_sam_rho0.1_112125_19:29:42.ckpt
--- Round 310 of 10000: Training 5 Clients ---
Selected clients: ['42', '14', '77', '21', '50']
--- Updating central model ---
Checkpoint saved in path: checkpoints/cifar10/alpha0.5_K5_N10000_cnn_E1_clr0.01_fedopt_sgd_slr1.0_sam_rho0.1_112125_19:29:42.ckpt
--- Round 311 of 10000: Training 5 Clients ---
Selected clients: ['22', '76', '88', '41', '54']
--- Updating central model ---
Checkpoint saved in path: checkpoints/cifar10/alpha0.5_K5_N10000_cnn_E1_clr0.01_fedopt_sgd_slr1.0_sam_rho0.1_112125_19:29:42.ckpt
--- Round 312 of 10000: Training 5 Clients ---
Selected clients: ['43', '24', '76', '53', '52']
--- Updating central model ---
Checkpoint saved in path: checkpoints/cifar10/alpha0.5_K5_N10000_cnn_E1_clr0.01_fedopt_sgd_slr1.0_sam_rho0.1_112125_19:29:42.ckpt
--- Round 313 of 10000: Training 5 Clients ---
Selected clients: ['29', '64', '35', '90', '18']
--- Updating central model ---
Checkpoint saved in path: checkpoints/cifar10/alpha0.5_K5_N10000_cnn_E1_clr0.01_fedopt_sgd_slr1.0_sam_rho0.1_112125_19:29:42.ckpt
--- Round 314 of 10000: Training 5 Clients ---
Selected clients: ['60', '76', '0', '41', '56']
--- Updating central model ---
Checkpoint saved in path: checkpoints/cifar10/alpha0.5_K5_N10000_cnn_E1_clr0.01_fedopt_sgd_slr1.0_sam_rho0.1_112125_19:29:42.ckpt
--- Round 315 of 10000: Training 5 Clients ---
Selected clients: ['57', '42', '27', '4', '17']
--- Updating central model ---
Checkpoint saved in path: checkpoints/cifar10/alpha0.5_K5_N10000_cnn_E1_clr0.01_fedopt_sgd_slr1.0_sam_rho0.1_112125_19:29:42.ckpt
--- Round 316 of 10000: Training 5 Clients ---
Selected clients: ['10', '6', '60', '68', '91']
--- Updating central model ---
Checkpoint saved in path: checkpoints/cifar10/alpha0.5_K5_N10000_cnn_E1_clr0.01_fedopt_sgd_slr1.0_sam_rho0.1_112125_19:29:42.ckpt
--- Round 317 of 10000: Training 5 Clients ---
Selected clients: ['22', '87', '16', '90', '30']
--- Updating central model ---
Checkpoint saved in path: checkpoints/cifar10/alpha0.5_K5_N10000_cnn_E1_clr0.01_fedopt_sgd_slr1.0_sam_rho0.1_112125_19:29:42.ckpt
--- Round 318 of 10000: Training 5 Clients ---
Selected clients: ['98', '46', '29', '36', '80']
--- Updating central model ---
Checkpoint saved in path: checkpoints/cifar10/alpha0.5_K5_N10000_cnn_E1_clr0.01_fedopt_sgd_slr1.0_sam_rho0.1_112125_19:29:42.ckpt
--- Round 319 of 10000: Training 5 Clients ---
Selected clients: ['82', '79', '50', '29', '67']
--- Updating central model ---
Checkpoint saved in path: checkpoints/cifar10/alpha0.5_K5_N10000_cnn_E1_clr0.01_fedopt_sgd_slr1.0_sam_rho0.1_112125_19:29:42.ckpt
--- Round 320 of 10000: Training 5 Clients ---
Selected clients: ['3', '18', '15', '68', '75']
--- Updating central model ---
Checkpoint saved in path: checkpoints/cifar10/alpha0.5_K5_N10000_cnn_E1_clr0.01_fedopt_sgd_slr1.0_sam_rho0.1_112125_19:29:42.ckpt
--- Round 321 of 10000: Training 5 Clients ---
Selected clients: ['69', '81', '87', '19', '30']
--- Updating central model ---
Checkpoint saved in path: checkpoints/cifar10/alpha0.5_K5_N10000_cnn_E1_clr0.01_fedopt_sgd_slr1.0_sam_rho0.1_112125_19:29:42.ckpt
--- Round 322 of 10000: Training 5 Clients ---
Selected clients: ['49', '59', '42', '14', '98']
--- Updating central model ---
Checkpoint saved in path: checkpoints/cifar10/alpha0.5_K5_N10000_cnn_E1_clr0.01_fedopt_sgd_slr1.0_sam_rho0.1_112125_19:29:42.ckpt
--- Round 323 of 10000: Training 5 Clients ---
Selected clients: ['99', '26', '56', '95', '19']
--- Updating central model ---
Checkpoint saved in path: checkpoints/cifar10/alpha0.5_K5_N10000_cnn_E1_clr0.01_fedopt_sgd_slr1.0_sam_rho0.1_112125_19:29:42.ckpt
--- Round 324 of 10000: Training 5 Clients ---
Selected clients: ['11', '99', '63', '55', '91']
--- Updating central model ---
Checkpoint saved in path: checkpoints/cifar10/alpha0.5_K5_N10000_cnn_E1_clr0.01_fedopt_sgd_slr1.0_sam_rho0.1_112125_19:29:42.ckpt
--- Round 325 of 10000: Training 5 Clients ---
Selected clients: ['69', '32', '51', '29', '92']
--- Updating central model ---
Checkpoint saved in path: checkpoints/cifar10/alpha0.5_K5_N10000_cnn_E1_clr0.01_fedopt_sgd_slr1.0_sam_rho0.1_112125_19:29:42.ckpt
--- Round 326 of 10000: Training 5 Clients ---
Selected clients: ['14', '52', '43', '62', '26']
--- Updating central model ---
Checkpoint saved in path: checkpoints/cifar10/alpha0.5_K5_N10000_cnn_E1_clr0.01_fedopt_sgd_slr1.0_sam_rho0.1_112125_19:29:42.ckpt
--- Round 327 of 10000: Training 5 Clients ---
Selected clients: ['82', '46', '15', '14', '83']
--- Updating central model ---
Checkpoint saved in path: checkpoints/cifar10/alpha0.5_K5_N10000_cnn_E1_clr0.01_fedopt_sgd_slr1.0_sam_rho0.1_112125_19:29:42.ckpt
--- Round 328 of 10000: Training 5 Clients ---
Selected clients: ['88', '10', '84', '45', '99']
--- Updating central model ---
Checkpoint saved in path: checkpoints/cifar10/alpha0.5_K5_N10000_cnn_E1_clr0.01_fedopt_sgd_slr1.0_sam_rho0.1_112125_19:29:42.ckpt
--- Round 329 of 10000: Training 5 Clients ---
Selected clients: ['47', '18', '94', '73', '60']
--- Updating central model ---
Checkpoint saved in path: checkpoints/cifar10/alpha0.5_K5_N10000_cnn_E1_clr0.01_fedopt_sgd_slr1.0_sam_rho0.1_112125_19:29:42.ckpt
--- Round 330 of 10000: Training 5 Clients ---
Selected clients: ['12', '44', '15', '70', '77']
--- Updating central model ---
Checkpoint saved in path: checkpoints/cifar10/alpha0.5_K5_N10000_cnn_E1_clr0.01_fedopt_sgd_slr1.0_sam_rho0.1_112125_19:29:42.ckpt
--- Round 331 of 10000: Training 5 Clients ---
Selected clients: ['47', '34', '9', '68', '64']
--- Updating central model ---
Checkpoint saved in path: checkpoints/cifar10/alpha0.5_K5_N10000_cnn_E1_clr0.01_fedopt_sgd_slr1.0_sam_rho0.1_112125_19:29:42.ckpt
--- Round 332 of 10000: Training 5 Clients ---
Selected clients: ['65', '95', '88', '31', '63']
--- Updating central model ---
Checkpoint saved in path: checkpoints/cifar10/alpha0.5_K5_N10000_cnn_E1_clr0.01_fedopt_sgd_slr1.0_sam_rho0.1_112125_19:29:42.ckpt
--- Round 333 of 10000: Training 5 Clients ---
Selected clients: ['43', '93', '12', '69', '60']
--- Updating central model ---
Checkpoint saved in path: checkpoints/cifar10/alpha0.5_K5_N10000_cnn_E1_clr0.01_fedopt_sgd_slr1.0_sam_rho0.1_112125_19:29:42.ckpt
--- Round 334 of 10000: Training 5 Clients ---
Selected clients: ['55', '91', '39', '14', '63']
--- Updating central model ---
Checkpoint saved in path: checkpoints/cifar10/alpha0.5_K5_N10000_cnn_E1_clr0.01_fedopt_sgd_slr1.0_sam_rho0.1_112125_19:29:42.ckpt
--- Round 335 of 10000: Training 5 Clients ---
Selected clients: ['88', '66', '96', '68', '71']
--- Updating central model ---
Checkpoint saved in path: checkpoints/cifar10/alpha0.5_K5_N10000_cnn_E1_clr0.01_fedopt_sgd_slr1.0_sam_rho0.1_112125_19:29:42.ckpt
--- Round 336 of 10000: Training 5 Clients ---
Selected clients: ['52', '77', '64', '29', '8']
--- Updating central model ---
Checkpoint saved in path: checkpoints/cifar10/alpha0.5_K5_N10000_cnn_E1_clr0.01_fedopt_sgd_slr1.0_sam_rho0.1_112125_19:29:42.ckpt
--- Round 337 of 10000: Training 5 Clients ---
Selected clients: ['80', '18', '98', '6', '10']
--- Updating central model ---
Checkpoint saved in path: checkpoints/cifar10/alpha0.5_K5_N10000_cnn_E1_clr0.01_fedopt_sgd_slr1.0_sam_rho0.1_112125_19:29:42.ckpt
--- Round 338 of 10000: Training 5 Clients ---
Selected clients: ['52', '78', '79', '25', '67']
--- Updating central model ---
Checkpoint saved in path: checkpoints/cifar10/alpha0.5_K5_N10000_cnn_E1_clr0.01_fedopt_sgd_slr1.0_sam_rho0.1_112125_19:29:42.ckpt
--- Round 339 of 10000: Training 5 Clients ---
Selected clients: ['21', '93', '24', '71', '60']
--- Updating central model ---
Checkpoint saved in path: checkpoints/cifar10/alpha0.5_K5_N10000_cnn_E1_clr0.01_fedopt_sgd_slr1.0_sam_rho0.1_112125_19:29:42.ckpt
--- Round 340 of 10000: Training 5 Clients ---
Selected clients: ['35', '28', '13', '38', '83']
--- Updating central model ---
Checkpoint saved in path: checkpoints/cifar10/alpha0.5_K5_N10000_cnn_E1_clr0.01_fedopt_sgd_slr1.0_sam_rho0.1_112125_19:29:42.ckpt
--- Round 341 of 10000: Training 5 Clients ---
Selected clients: ['49', '21', '41', '96', '17']
--- Updating central model ---
Checkpoint saved in path: checkpoints/cifar10/alpha0.5_K5_N10000_cnn_E1_clr0.01_fedopt_sgd_slr1.0_sam_rho0.1_112125_19:29:42.ckpt
--- Round 342 of 10000: Training 5 Clients ---
Selected clients: ['33', '70', '45', '42', '3']
--- Updating central model ---
Checkpoint saved in path: checkpoints/cifar10/alpha0.5_K5_N10000_cnn_E1_clr0.01_fedopt_sgd_slr1.0_sam_rho0.1_112125_19:29:42.ckpt
--- Round 343 of 10000: Training 5 Clients ---
Selected clients: ['88', '34', '17', '99', '38']
--- Updating central model ---
Checkpoint saved in path: checkpoints/cifar10/alpha0.5_K5_N10000_cnn_E1_clr0.01_fedopt_sgd_slr1.0_sam_rho0.1_112125_19:29:42.ckpt
--- Round 344 of 10000: Training 5 Clients ---
Selected clients: ['30', '72', '73', '17', '81']
--- Updating central model ---
Checkpoint saved in path: checkpoints/cifar10/alpha0.5_K5_N10000_cnn_E1_clr0.01_fedopt_sgd_slr1.0_sam_rho0.1_112125_19:29:42.ckpt
--- Round 345 of 10000: Training 5 Clients ---
Selected clients: ['30', '88', '94', '48', '74']
--- Updating central model ---
Checkpoint saved in path: checkpoints/cifar10/alpha0.5_K5_N10000_cnn_E1_clr0.01_fedopt_sgd_slr1.0_sam_rho0.1_112125_19:29:42.ckpt
--- Round 346 of 10000: Training 5 Clients ---
Selected clients: ['75', '54', '34', '19', '77']
--- Updating central model ---
Checkpoint saved in path: checkpoints/cifar10/alpha0.5_K5_N10000_cnn_E1_clr0.01_fedopt_sgd_slr1.0_sam_rho0.1_112125_19:29:42.ckpt
--- Round 347 of 10000: Training 5 Clients ---
Selected clients: ['79', '85', '50', '32', '88']
--- Updating central model ---
Checkpoint saved in path: checkpoints/cifar10/alpha0.5_K5_N10000_cnn_E1_clr0.01_fedopt_sgd_slr1.0_sam_rho0.1_112125_19:29:42.ckpt
--- Round 348 of 10000: Training 5 Clients ---
Selected clients: ['95', '51', '87', '26', '83']
--- Updating central model ---
Checkpoint saved in path: checkpoints/cifar10/alpha0.5_K5_N10000_cnn_E1_clr0.01_fedopt_sgd_slr1.0_sam_rho0.1_112125_19:29:42.ckpt