Alpha: alpha_0.50
Using device: NVIDIA A100-SXM4-80GB
############################## cifar10.cnn ##############################
Running experiment with server servers.fedopt_server and client clients.sam_client
Verify client and server: <class 'clients.sam_client.SAMClient'> <class 'servers.fedopt_server.FedOptServer'>
Running influence estimation:   0%|          | 0/20 [00:00<?, ?it/s]wandb: WARNING `resume` will be ignored since W&B syncing is set to `offline`. Starting a new run with run id 3dcx37zj.
wandb: Tracking run with wandb version 0.23.0
wandb: W&B syncing is set to `offline` in this directory. Run `wandb online` or set WANDB_MODE=online to enable cloud syncing.
wandb: Run data is saved locally in /home/mlr570t1/FedSAM_mem_inf-main/models/wandb/offline-run-20251121_192854-3dcx37zj
Server optimizer: sgd with lr 1.0 and momentum 0
Start round: 0
Clients in Total: 100 training clients and 1 test clients
--- Random Initialization ---
--- Round 1 of 10000: Training 5 Clients ---
Selected clients: ['23', '11', '96', '20', '15']
--- Updating central model ---
Checkpoint saved in path: checkpoints/cifar10/alpha0.5_K5_N10000_cnn_E1_clr0.01_fedopt_sgd_slr1.0_sam_rho0.1_112125_19:29:23.ckpt
--- Round 2 of 10000: Training 5 Clients ---
Selected clients: ['45', '40', '7', '34', '67']
--- Updating central model ---
Checkpoint saved in path: checkpoints/cifar10/alpha0.5_K5_N10000_cnn_E1_clr0.01_fedopt_sgd_slr1.0_sam_rho0.1_112125_19:29:23.ckpt
--- Round 3 of 10000: Training 5 Clients ---
Selected clients: ['48', '61', '62', '89', '85']
--- Updating central model ---
Checkpoint saved in path: checkpoints/cifar10/alpha0.5_K5_N10000_cnn_E1_clr0.01_fedopt_sgd_slr1.0_sam_rho0.1_112125_19:29:23.ckpt
--- Round 4 of 10000: Training 5 Clients ---
Selected clients: ['94', '80', '93', '45', '85']
--- Updating central model ---
Checkpoint saved in path: checkpoints/cifar10/alpha0.5_K5_N10000_cnn_E1_clr0.01_fedopt_sgd_slr1.0_sam_rho0.1_112125_19:29:23.ckpt
--- Round 5 of 10000: Training 5 Clients ---
Selected clients: ['13', '79', '9', '16', '51']
--- Updating central model ---
Checkpoint saved in path: checkpoints/cifar10/alpha0.5_K5_N10000_cnn_E1_clr0.01_fedopt_sgd_slr1.0_sam_rho0.1_112125_19:29:23.ckpt
--- Round 6 of 10000: Training 5 Clients ---
Selected clients: ['24', '71', '18', '46', '12']
--- Updating central model ---
Checkpoint saved in path: checkpoints/cifar10/alpha0.5_K5_N10000_cnn_E1_clr0.01_fedopt_sgd_slr1.0_sam_rho0.1_112125_19:29:23.ckpt
--- Round 7 of 10000: Training 5 Clients ---
Selected clients: ['60', '30', '50', '44', '42']
--- Updating central model ---
Checkpoint saved in path: checkpoints/cifar10/alpha0.5_K5_N10000_cnn_E1_clr0.01_fedopt_sgd_slr1.0_sam_rho0.1_112125_19:29:23.ckpt
--- Round 8 of 10000: Training 5 Clients ---
Selected clients: ['98', '50', '16', '80', '81']
--- Updating central model ---
Checkpoint saved in path: checkpoints/cifar10/alpha0.5_K5_N10000_cnn_E1_clr0.01_fedopt_sgd_slr1.0_sam_rho0.1_112125_19:29:23.ckpt
--- Round 9 of 10000: Training 5 Clients ---
Selected clients: ['50', '43', '77', '85', '60']
--- Updating central model ---
Checkpoint saved in path: checkpoints/cifar10/alpha0.5_K5_N10000_cnn_E1_clr0.01_fedopt_sgd_slr1.0_sam_rho0.1_112125_19:29:23.ckpt
--- Round 10 of 10000: Training 5 Clients ---
Selected clients: ['94', '50', '12', '78', '11']
--- Updating central model ---
Checkpoint saved in path: checkpoints/cifar10/alpha0.5_K5_N10000_cnn_E1_clr0.01_fedopt_sgd_slr1.0_sam_rho0.1_112125_19:29:23.ckpt
--- Round 11 of 10000: Training 5 Clients ---
Selected clients: ['52', '54', '43', '57', '84']
--- Updating central model ---
Checkpoint saved in path: checkpoints/cifar10/alpha0.5_K5_N10000_cnn_E1_clr0.01_fedopt_sgd_slr1.0_sam_rho0.1_112125_19:29:23.ckpt
--- Round 12 of 10000: Training 5 Clients ---
Selected clients: ['90', '83', '60', '33', '40']
--- Updating central model ---
Checkpoint saved in path: checkpoints/cifar10/alpha0.5_K5_N10000_cnn_E1_clr0.01_fedopt_sgd_slr1.0_sam_rho0.1_112125_19:29:23.ckpt
--- Round 13 of 10000: Training 5 Clients ---
Selected clients: ['87', '65', '10', '89', '45']
--- Updating central model ---
Checkpoint saved in path: checkpoints/cifar10/alpha0.5_K5_N10000_cnn_E1_clr0.01_fedopt_sgd_slr1.0_sam_rho0.1_112125_19:29:23.ckpt
--- Round 14 of 10000: Training 5 Clients ---
Selected clients: ['60', '31', '8', '9', '56']
--- Updating central model ---
Checkpoint saved in path: checkpoints/cifar10/alpha0.5_K5_N10000_cnn_E1_clr0.01_fedopt_sgd_slr1.0_sam_rho0.1_112125_19:29:23.ckpt
--- Round 15 of 10000: Training 5 Clients ---
Selected clients: ['44', '71', '95', '20', '10']
--- Updating central model ---
Checkpoint saved in path: checkpoints/cifar10/alpha0.5_K5_N10000_cnn_E1_clr0.01_fedopt_sgd_slr1.0_sam_rho0.1_112125_19:29:23.ckpt
--- Round 16 of 10000: Training 5 Clients ---
Selected clients: ['84', '17', '8', '53', '70']
--- Updating central model ---
Checkpoint saved in path: checkpoints/cifar10/alpha0.5_K5_N10000_cnn_E1_clr0.01_fedopt_sgd_slr1.0_sam_rho0.1_112125_19:29:23.ckpt
--- Round 17 of 10000: Training 5 Clients ---
Selected clients: ['12', '44', '72', '55', '17']
--- Updating central model ---
Checkpoint saved in path: checkpoints/cifar10/alpha0.5_K5_N10000_cnn_E1_clr0.01_fedopt_sgd_slr1.0_sam_rho0.1_112125_19:29:23.ckpt
--- Round 18 of 10000: Training 5 Clients ---
Selected clients: ['74', '4', '96', '73', '84']
--- Updating central model ---
Checkpoint saved in path: checkpoints/cifar10/alpha0.5_K5_N10000_cnn_E1_clr0.01_fedopt_sgd_slr1.0_sam_rho0.1_112125_19:29:23.ckpt
--- Round 19 of 10000: Training 5 Clients ---
Selected clients: ['77', '31', '83', '5', '66']
--- Updating central model ---
Checkpoint saved in path: checkpoints/cifar10/alpha0.5_K5_N10000_cnn_E1_clr0.01_fedopt_sgd_slr1.0_sam_rho0.1_112125_19:29:23.ckpt
--- Round 20 of 10000: Training 5 Clients ---
Selected clients: ['31', '13', '86', '44', '29']
--- Updating central model ---
Checkpoint saved in path: checkpoints/cifar10/alpha0.5_K5_N10000_cnn_E1_clr0.01_fedopt_sgd_slr1.0_sam_rho0.1_112125_19:29:23.ckpt
--- Round 21 of 10000: Training 5 Clients ---
Selected clients: ['14', '57', '95', '71', '18']
--- Updating central model ---
Checkpoint saved in path: checkpoints/cifar10/alpha0.5_K5_N10000_cnn_E1_clr0.01_fedopt_sgd_slr1.0_sam_rho0.1_112125_19:29:23.ckpt
--- Round 22 of 10000: Training 5 Clients ---
Selected clients: ['39', '77', '27', '61', '40']
--- Updating central model ---
Checkpoint saved in path: checkpoints/cifar10/alpha0.5_K5_N10000_cnn_E1_clr0.01_fedopt_sgd_slr1.0_sam_rho0.1_112125_19:29:23.ckpt
--- Round 23 of 10000: Training 5 Clients ---
Selected clients: ['37', '49', '13', '77', '35']
--- Updating central model ---
Checkpoint saved in path: checkpoints/cifar10/alpha0.5_K5_N10000_cnn_E1_clr0.01_fedopt_sgd_slr1.0_sam_rho0.1_112125_19:29:23.ckpt
--- Round 24 of 10000: Training 5 Clients ---
Selected clients: ['37', '24', '14', '32', '85']
--- Updating central model ---
Checkpoint saved in path: checkpoints/cifar10/alpha0.5_K5_N10000_cnn_E1_clr0.01_fedopt_sgd_slr1.0_sam_rho0.1_112125_19:29:23.ckpt
--- Round 25 of 10000: Training 5 Clients ---
Selected clients: ['40', '61', '97', '78', '76']
--- Updating central model ---
Checkpoint saved in path: checkpoints/cifar10/alpha0.5_K5_N10000_cnn_E1_clr0.01_fedopt_sgd_slr1.0_sam_rho0.1_112125_19:29:23.ckpt
--- Round 26 of 10000: Training 5 Clients ---
Selected clients: ['21', '17', '22', '39', '78']
--- Updating central model ---
Checkpoint saved in path: checkpoints/cifar10/alpha0.5_K5_N10000_cnn_E1_clr0.01_fedopt_sgd_slr1.0_sam_rho0.1_112125_19:29:23.ckpt
--- Round 27 of 10000: Training 5 Clients ---
Selected clients: ['42', '74', '16', '82', '29']
--- Updating central model ---
Checkpoint saved in path: checkpoints/cifar10/alpha0.5_K5_N10000_cnn_E1_clr0.01_fedopt_sgd_slr1.0_sam_rho0.1_112125_19:29:23.ckpt
--- Round 28 of 10000: Training 5 Clients ---
Selected clients: ['5', '0', '10', '27', '81']
--- Updating central model ---
Checkpoint saved in path: checkpoints/cifar10/alpha0.5_K5_N10000_cnn_E1_clr0.01_fedopt_sgd_slr1.0_sam_rho0.1_112125_19:29:23.ckpt
--- Round 29 of 10000: Training 5 Clients ---
Selected clients: ['28', '49', '31', '76', '92']
--- Updating central model ---
Checkpoint saved in path: checkpoints/cifar10/alpha0.5_K5_N10000_cnn_E1_clr0.01_fedopt_sgd_slr1.0_sam_rho0.1_112125_19:29:23.ckpt
--- Round 30 of 10000: Training 5 Clients ---
Selected clients: ['39', '21', '47', '36', '22']
--- Updating central model ---
Checkpoint saved in path: checkpoints/cifar10/alpha0.5_K5_N10000_cnn_E1_clr0.01_fedopt_sgd_slr1.0_sam_rho0.1_112125_19:29:23.ckpt
--- Round 31 of 10000: Training 5 Clients ---
Selected clients: ['86', '59', '91', '50', '68']
--- Updating central model ---
Checkpoint saved in path: checkpoints/cifar10/alpha0.5_K5_N10000_cnn_E1_clr0.01_fedopt_sgd_slr1.0_sam_rho0.1_112125_19:29:23.ckpt
--- Round 32 of 10000: Training 5 Clients ---
Selected clients: ['15', '37', '58', '83', '67']
--- Updating central model ---
Checkpoint saved in path: checkpoints/cifar10/alpha0.5_K5_N10000_cnn_E1_clr0.01_fedopt_sgd_slr1.0_sam_rho0.1_112125_19:29:23.ckpt
--- Round 33 of 10000: Training 5 Clients ---
Selected clients: ['46', '41', '35', '79', '63']
--- Updating central model ---
Checkpoint saved in path: checkpoints/cifar10/alpha0.5_K5_N10000_cnn_E1_clr0.01_fedopt_sgd_slr1.0_sam_rho0.1_112125_19:29:23.ckpt
--- Round 34 of 10000: Training 5 Clients ---
Selected clients: ['7', '32', '29', '60', '48']
--- Updating central model ---
Checkpoint saved in path: checkpoints/cifar10/alpha0.5_K5_N10000_cnn_E1_clr0.01_fedopt_sgd_slr1.0_sam_rho0.1_112125_19:29:23.ckpt
--- Round 35 of 10000: Training 5 Clients ---
Selected clients: ['6', '5', '93', '23', '32']
--- Updating central model ---
Checkpoint saved in path: checkpoints/cifar10/alpha0.5_K5_N10000_cnn_E1_clr0.01_fedopt_sgd_slr1.0_sam_rho0.1_112125_19:29:23.ckpt
--- Round 36 of 10000: Training 5 Clients ---
Selected clients: ['24', '13', '64', '63', '89']
--- Updating central model ---
Checkpoint saved in path: checkpoints/cifar10/alpha0.5_K5_N10000_cnn_E1_clr0.01_fedopt_sgd_slr1.0_sam_rho0.1_112125_19:29:23.ckpt
--- Round 37 of 10000: Training 5 Clients ---
Selected clients: ['9', '80', '75', '6', '22']
--- Updating central model ---
Checkpoint saved in path: checkpoints/cifar10/alpha0.5_K5_N10000_cnn_E1_clr0.01_fedopt_sgd_slr1.0_sam_rho0.1_112125_19:29:23.ckpt
--- Round 38 of 10000: Training 5 Clients ---
Selected clients: ['31', '87', '49', '91', '39']
--- Updating central model ---
Checkpoint saved in path: checkpoints/cifar10/alpha0.5_K5_N10000_cnn_E1_clr0.01_fedopt_sgd_slr1.0_sam_rho0.1_112125_19:29:23.ckpt
--- Round 39 of 10000: Training 5 Clients ---
Selected clients: ['55', '27', '38', '39', '36']
--- Updating central model ---
Checkpoint saved in path: checkpoints/cifar10/alpha0.5_K5_N10000_cnn_E1_clr0.01_fedopt_sgd_slr1.0_sam_rho0.1_112125_19:29:23.ckpt
--- Round 40 of 10000: Training 5 Clients ---
Selected clients: ['20', '23', '10', '80', '62']
--- Updating central model ---
Checkpoint saved in path: checkpoints/cifar10/alpha0.5_K5_N10000_cnn_E1_clr0.01_fedopt_sgd_slr1.0_sam_rho0.1_112125_19:29:23.ckpt
--- Round 41 of 10000: Training 5 Clients ---
Selected clients: ['99', '86', '58', '59', '73']
--- Updating central model ---
Checkpoint saved in path: checkpoints/cifar10/alpha0.5_K5_N10000_cnn_E1_clr0.01_fedopt_sgd_slr1.0_sam_rho0.1_112125_19:29:23.ckpt
--- Round 42 of 10000: Training 5 Clients ---
Selected clients: ['91', '46', '94', '5', '87']
--- Updating central model ---
Checkpoint saved in path: checkpoints/cifar10/alpha0.5_K5_N10000_cnn_E1_clr0.01_fedopt_sgd_slr1.0_sam_rho0.1_112125_19:29:23.ckpt
--- Round 43 of 10000: Training 5 Clients ---
Selected clients: ['92', '51', '29', '53', '58']
--- Updating central model ---
Checkpoint saved in path: checkpoints/cifar10/alpha0.5_K5_N10000_cnn_E1_clr0.01_fedopt_sgd_slr1.0_sam_rho0.1_112125_19:29:23.ckpt
--- Round 44 of 10000: Training 5 Clients ---
Selected clients: ['10', '28', '0', '77', '83']
--- Updating central model ---
Checkpoint saved in path: checkpoints/cifar10/alpha0.5_K5_N10000_cnn_E1_clr0.01_fedopt_sgd_slr1.0_sam_rho0.1_112125_19:29:23.ckpt
--- Round 45 of 10000: Training 5 Clients ---
Selected clients: ['83', '66', '69', '53', '91']
--- Updating central model ---
Checkpoint saved in path: checkpoints/cifar10/alpha0.5_K5_N10000_cnn_E1_clr0.01_fedopt_sgd_slr1.0_sam_rho0.1_112125_19:29:23.ckpt
--- Round 46 of 10000: Training 5 Clients ---
Selected clients: ['32', '67', '36', '71', '93']
--- Updating central model ---
Checkpoint saved in path: checkpoints/cifar10/alpha0.5_K5_N10000_cnn_E1_clr0.01_fedopt_sgd_slr1.0_sam_rho0.1_112125_19:29:23.ckpt
--- Round 47 of 10000: Training 5 Clients ---
Selected clients: ['95', '50', '31', '63', '69']
--- Updating central model ---
Checkpoint saved in path: checkpoints/cifar10/alpha0.5_K5_N10000_cnn_E1_clr0.01_fedopt_sgd_slr1.0_sam_rho0.1_112125_19:29:23.ckpt
--- Round 48 of 10000: Training 5 Clients ---
Selected clients: ['40', '39', '26', '24', '99']
--- Updating central model ---
Checkpoint saved in path: checkpoints/cifar10/alpha0.5_K5_N10000_cnn_E1_clr0.01_fedopt_sgd_slr1.0_sam_rho0.1_112125_19:29:23.ckpt
--- Round 49 of 10000: Training 5 Clients ---
Selected clients: ['88', '53', '20', '8', '40']
--- Updating central model ---
Checkpoint saved in path: checkpoints/cifar10/alpha0.5_K5_N10000_cnn_E1_clr0.01_fedopt_sgd_slr1.0_sam_rho0.1_112125_19:29:23.ckpt
--- Round 50 of 10000: Training 5 Clients ---
Selected clients: ['36', '45', '43', '13', '60']
--- Updating central model ---
Checkpoint saved in path: checkpoints/cifar10/alpha0.5_K5_N10000_cnn_E1_clr0.01_fedopt_sgd_slr1.0_sam_rho0.1_112125_19:29:23.ckpt
--- Round 51 of 10000: Training 5 Clients ---
Selected clients: ['62', '81', '29', '43', '41']
--- Updating central model ---
Checkpoint saved in path: checkpoints/cifar10/alpha0.5_K5_N10000_cnn_E1_clr0.01_fedopt_sgd_slr1.0_sam_rho0.1_112125_19:29:23.ckpt
--- Round 52 of 10000: Training 5 Clients ---
Selected clients: ['58', '82', '20', '95', '42']
--- Updating central model ---
Checkpoint saved in path: checkpoints/cifar10/alpha0.5_K5_N10000_cnn_E1_clr0.01_fedopt_sgd_slr1.0_sam_rho0.1_112125_19:29:23.ckpt
--- Round 53 of 10000: Training 5 Clients ---
Selected clients: ['79', '77', '90', '57', '52']
--- Updating central model ---
Checkpoint saved in path: checkpoints/cifar10/alpha0.5_K5_N10000_cnn_E1_clr0.01_fedopt_sgd_slr1.0_sam_rho0.1_112125_19:29:23.ckpt
--- Round 54 of 10000: Training 5 Clients ---
Selected clients: ['20', '14', '69', '62', '9']
--- Updating central model ---
Checkpoint saved in path: checkpoints/cifar10/alpha0.5_K5_N10000_cnn_E1_clr0.01_fedopt_sgd_slr1.0_sam_rho0.1_112125_19:29:23.ckpt
--- Round 55 of 10000: Training 5 Clients ---
Selected clients: ['85', '16', '95', '22', '91']
--- Updating central model ---
Checkpoint saved in path: checkpoints/cifar10/alpha0.5_K5_N10000_cnn_E1_clr0.01_fedopt_sgd_slr1.0_sam_rho0.1_112125_19:29:23.ckpt
--- Round 56 of 10000: Training 5 Clients ---
Selected clients: ['46', '50', '38', '81', '66']
--- Updating central model ---
Checkpoint saved in path: checkpoints/cifar10/alpha0.5_K5_N10000_cnn_E1_clr0.01_fedopt_sgd_slr1.0_sam_rho0.1_112125_19:29:23.ckpt
--- Round 57 of 10000: Training 5 Clients ---
Selected clients: ['80', '40', '30', '46', '10']
--- Updating central model ---
Checkpoint saved in path: checkpoints/cifar10/alpha0.5_K5_N10000_cnn_E1_clr0.01_fedopt_sgd_slr1.0_sam_rho0.1_112125_19:29:23.ckpt
--- Round 58 of 10000: Training 5 Clients ---
Selected clients: ['65', '31', '44', '95', '5']
--- Updating central model ---
Checkpoint saved in path: checkpoints/cifar10/alpha0.5_K5_N10000_cnn_E1_clr0.01_fedopt_sgd_slr1.0_sam_rho0.1_112125_19:29:23.ckpt
--- Round 59 of 10000: Training 5 Clients ---
Selected clients: ['15', '2', '3', '35', '9']
--- Updating central model ---
Checkpoint saved in path: checkpoints/cifar10/alpha0.5_K5_N10000_cnn_E1_clr0.01_fedopt_sgd_slr1.0_sam_rho0.1_112125_19:29:23.ckpt
--- Round 60 of 10000: Training 5 Clients ---
Selected clients: ['40', '26', '53', '90', '8']
--- Updating central model ---
Checkpoint saved in path: checkpoints/cifar10/alpha0.5_K5_N10000_cnn_E1_clr0.01_fedopt_sgd_slr1.0_sam_rho0.1_112125_19:29:23.ckpt
--- Round 61 of 10000: Training 5 Clients ---
Selected clients: ['60', '13', '32', '66', '57']
--- Updating central model ---
Checkpoint saved in path: checkpoints/cifar10/alpha0.5_K5_N10000_cnn_E1_clr0.01_fedopt_sgd_slr1.0_sam_rho0.1_112125_19:29:23.ckpt
--- Round 62 of 10000: Training 5 Clients ---
Selected clients: ['24', '63', '5', '84', '35']
--- Updating central model ---
Checkpoint saved in path: checkpoints/cifar10/alpha0.5_K5_N10000_cnn_E1_clr0.01_fedopt_sgd_slr1.0_sam_rho0.1_112125_19:29:23.ckpt
--- Round 63 of 10000: Training 5 Clients ---
Selected clients: ['59', '95', '39', '90', '29']
--- Updating central model ---
Checkpoint saved in path: checkpoints/cifar10/alpha0.5_K5_N10000_cnn_E1_clr0.01_fedopt_sgd_slr1.0_sam_rho0.1_112125_19:29:23.ckpt
--- Round 64 of 10000: Training 5 Clients ---
Selected clients: ['8', '1', '18', '69', '73']
--- Updating central model ---
Checkpoint saved in path: checkpoints/cifar10/alpha0.5_K5_N10000_cnn_E1_clr0.01_fedopt_sgd_slr1.0_sam_rho0.1_112125_19:29:23.ckpt
--- Round 65 of 10000: Training 5 Clients ---
Selected clients: ['78', '85', '22', '60', '55']
--- Updating central model ---
Checkpoint saved in path: checkpoints/cifar10/alpha0.5_K5_N10000_cnn_E1_clr0.01_fedopt_sgd_slr1.0_sam_rho0.1_112125_19:29:23.ckpt
--- Round 66 of 10000: Training 5 Clients ---
Selected clients: ['39', '53', '67', '94', '99']
--- Updating central model ---
Checkpoint saved in path: checkpoints/cifar10/alpha0.5_K5_N10000_cnn_E1_clr0.01_fedopt_sgd_slr1.0_sam_rho0.1_112125_19:29:23.ckpt
--- Round 67 of 10000: Training 5 Clients ---
Selected clients: ['31', '41', '28', '17', '77']
--- Updating central model ---
Checkpoint saved in path: checkpoints/cifar10/alpha0.5_K5_N10000_cnn_E1_clr0.01_fedopt_sgd_slr1.0_sam_rho0.1_112125_19:29:23.ckpt
--- Round 68 of 10000: Training 5 Clients ---
Selected clients: ['70', '81', '76', '68', '44']
--- Updating central model ---
Checkpoint saved in path: checkpoints/cifar10/alpha0.5_K5_N10000_cnn_E1_clr0.01_fedopt_sgd_slr1.0_sam_rho0.1_112125_19:29:23.ckpt
--- Round 69 of 10000: Training 5 Clients ---
Selected clients: ['91', '62', '72', '58', '74']
--- Updating central model ---
Checkpoint saved in path: checkpoints/cifar10/alpha0.5_K5_N10000_cnn_E1_clr0.01_fedopt_sgd_slr1.0_sam_rho0.1_112125_19:29:23.ckpt
--- Round 70 of 10000: Training 5 Clients ---
Selected clients: ['43', '1', '65', '41', '90']
--- Updating central model ---
Checkpoint saved in path: checkpoints/cifar10/alpha0.5_K5_N10000_cnn_E1_clr0.01_fedopt_sgd_slr1.0_sam_rho0.1_112125_19:29:23.ckpt
--- Round 71 of 10000: Training 5 Clients ---
Selected clients: ['71', '51', '1', '59', '38']
--- Updating central model ---
Checkpoint saved in path: checkpoints/cifar10/alpha0.5_K5_N10000_cnn_E1_clr0.01_fedopt_sgd_slr1.0_sam_rho0.1_112125_19:29:23.ckpt
--- Round 72 of 10000: Training 5 Clients ---
Selected clients: ['75', '28', '50', '47', '72']
--- Updating central model ---
Checkpoint saved in path: checkpoints/cifar10/alpha0.5_K5_N10000_cnn_E1_clr0.01_fedopt_sgd_slr1.0_sam_rho0.1_112125_19:29:23.ckpt
--- Round 73 of 10000: Training 5 Clients ---
Selected clients: ['55', '56', '22', '91', '11']
--- Updating central model ---
Checkpoint saved in path: checkpoints/cifar10/alpha0.5_K5_N10000_cnn_E1_clr0.01_fedopt_sgd_slr1.0_sam_rho0.1_112125_19:29:23.ckpt
--- Round 74 of 10000: Training 5 Clients ---
Selected clients: ['2', '51', '96', '40', '3']
--- Updating central model ---
Checkpoint saved in path: checkpoints/cifar10/alpha0.5_K5_N10000_cnn_E1_clr0.01_fedopt_sgd_slr1.0_sam_rho0.1_112125_19:29:23.ckpt
--- Round 75 of 10000: Training 5 Clients ---
Selected clients: ['66', '61', '32', '86', '12']
--- Updating central model ---
Checkpoint saved in path: checkpoints/cifar10/alpha0.5_K5_N10000_cnn_E1_clr0.01_fedopt_sgd_slr1.0_sam_rho0.1_112125_19:29:23.ckpt
--- Round 76 of 10000: Training 5 Clients ---
Selected clients: ['44', '62', '39', '74', '67']
--- Updating central model ---
Checkpoint saved in path: checkpoints/cifar10/alpha0.5_K5_N10000_cnn_E1_clr0.01_fedopt_sgd_slr1.0_sam_rho0.1_112125_19:29:23.ckpt
--- Round 77 of 10000: Training 5 Clients ---
Selected clients: ['91', '29', '44', '86', '33']
--- Updating central model ---
Checkpoint saved in path: checkpoints/cifar10/alpha0.5_K5_N10000_cnn_E1_clr0.01_fedopt_sgd_slr1.0_sam_rho0.1_112125_19:29:23.ckpt
--- Round 78 of 10000: Training 5 Clients ---
Selected clients: ['67', '20', '3', '56', '22']
--- Updating central model ---
Checkpoint saved in path: checkpoints/cifar10/alpha0.5_K5_N10000_cnn_E1_clr0.01_fedopt_sgd_slr1.0_sam_rho0.1_112125_19:29:23.ckpt
--- Round 79 of 10000: Training 5 Clients ---
Selected clients: ['19', '18', '53', '78', '66']
--- Updating central model ---
Checkpoint saved in path: checkpoints/cifar10/alpha0.5_K5_N10000_cnn_E1_clr0.01_fedopt_sgd_slr1.0_sam_rho0.1_112125_19:29:23.ckpt
--- Round 80 of 10000: Training 5 Clients ---
Selected clients: ['98', '20', '8', '42', '60']
--- Updating central model ---
Checkpoint saved in path: checkpoints/cifar10/alpha0.5_K5_N10000_cnn_E1_clr0.01_fedopt_sgd_slr1.0_sam_rho0.1_112125_19:29:23.ckpt
--- Round 81 of 10000: Training 5 Clients ---
Selected clients: ['8', '83', '98', '17', '91']
--- Updating central model ---
Checkpoint saved in path: checkpoints/cifar10/alpha0.5_K5_N10000_cnn_E1_clr0.01_fedopt_sgd_slr1.0_sam_rho0.1_112125_19:29:23.ckpt
--- Round 82 of 10000: Training 5 Clients ---
Selected clients: ['61', '50', '44', '73', '31']
--- Updating central model ---
Checkpoint saved in path: checkpoints/cifar10/alpha0.5_K5_N10000_cnn_E1_clr0.01_fedopt_sgd_slr1.0_sam_rho0.1_112125_19:29:23.ckpt
--- Round 83 of 10000: Training 5 Clients ---
Selected clients: ['74', '65', '31', '56', '66']
--- Updating central model ---
Checkpoint saved in path: checkpoints/cifar10/alpha0.5_K5_N10000_cnn_E1_clr0.01_fedopt_sgd_slr1.0_sam_rho0.1_112125_19:29:23.ckpt
--- Round 84 of 10000: Training 5 Clients ---
Selected clients: ['74', '30', '23', '27', '34']
--- Updating central model ---
Checkpoint saved in path: checkpoints/cifar10/alpha0.5_K5_N10000_cnn_E1_clr0.01_fedopt_sgd_slr1.0_sam_rho0.1_112125_19:29:23.ckpt
--- Round 85 of 10000: Training 5 Clients ---
Selected clients: ['6', '17', '22', '54', '93']
--- Updating central model ---
Checkpoint saved in path: checkpoints/cifar10/alpha0.5_K5_N10000_cnn_E1_clr0.01_fedopt_sgd_slr1.0_sam_rho0.1_112125_19:29:23.ckpt
--- Round 86 of 10000: Training 5 Clients ---
Selected clients: ['97', '0', '61', '98', '28']
--- Updating central model ---
Checkpoint saved in path: checkpoints/cifar10/alpha0.5_K5_N10000_cnn_E1_clr0.01_fedopt_sgd_slr1.0_sam_rho0.1_112125_19:29:23.ckpt
--- Round 87 of 10000: Training 5 Clients ---
Selected clients: ['1', '83', '42', '90', '85']
--- Updating central model ---
Checkpoint saved in path: checkpoints/cifar10/alpha0.5_K5_N10000_cnn_E1_clr0.01_fedopt_sgd_slr1.0_sam_rho0.1_112125_19:29:23.ckpt
--- Round 88 of 10000: Training 5 Clients ---
Selected clients: ['36', '68', '27', '97', '23']
--- Updating central model ---
Checkpoint saved in path: checkpoints/cifar10/alpha0.5_K5_N10000_cnn_E1_clr0.01_fedopt_sgd_slr1.0_sam_rho0.1_112125_19:29:23.ckpt
--- Round 89 of 10000: Training 5 Clients ---
Selected clients: ['78', '86', '36', '99', '46']
--- Updating central model ---
Checkpoint saved in path: checkpoints/cifar10/alpha0.5_K5_N10000_cnn_E1_clr0.01_fedopt_sgd_slr1.0_sam_rho0.1_112125_19:29:23.ckpt
--- Round 90 of 10000: Training 5 Clients ---
Selected clients: ['30', '79', '16', '49', '97']
--- Updating central model ---
Checkpoint saved in path: checkpoints/cifar10/alpha0.5_K5_N10000_cnn_E1_clr0.01_fedopt_sgd_slr1.0_sam_rho0.1_112125_19:29:23.ckpt
--- Round 91 of 10000: Training 5 Clients ---
Selected clients: ['47', '25', '66', '6', '27']
--- Updating central model ---
Checkpoint saved in path: checkpoints/cifar10/alpha0.5_K5_N10000_cnn_E1_clr0.01_fedopt_sgd_slr1.0_sam_rho0.1_112125_19:29:23.ckpt
--- Round 92 of 10000: Training 5 Clients ---
Selected clients: ['91', '16', '96', '19', '38']
--- Updating central model ---
Checkpoint saved in path: checkpoints/cifar10/alpha0.5_K5_N10000_cnn_E1_clr0.01_fedopt_sgd_slr1.0_sam_rho0.1_112125_19:29:23.ckpt
--- Round 93 of 10000: Training 5 Clients ---
Selected clients: ['61', '81', '71', '36', '23']
--- Updating central model ---
Checkpoint saved in path: checkpoints/cifar10/alpha0.5_K5_N10000_cnn_E1_clr0.01_fedopt_sgd_slr1.0_sam_rho0.1_112125_19:29:23.ckpt
--- Round 94 of 10000: Training 5 Clients ---
Selected clients: ['61', '93', '44', '2', '7']
--- Updating central model ---
Checkpoint saved in path: checkpoints/cifar10/alpha0.5_K5_N10000_cnn_E1_clr0.01_fedopt_sgd_slr1.0_sam_rho0.1_112125_19:29:23.ckpt
--- Round 95 of 10000: Training 5 Clients ---
Selected clients: ['2', '14', '15', '60', '65']
--- Updating central model ---
Checkpoint saved in path: checkpoints/cifar10/alpha0.5_K5_N10000_cnn_E1_clr0.01_fedopt_sgd_slr1.0_sam_rho0.1_112125_19:29:23.ckpt
--- Round 96 of 10000: Training 5 Clients ---
Selected clients: ['99', '19', '49', '59', '31']
--- Updating central model ---
Checkpoint saved in path: checkpoints/cifar10/alpha0.5_K5_N10000_cnn_E1_clr0.01_fedopt_sgd_slr1.0_sam_rho0.1_112125_19:29:23.ckpt
--- Round 97 of 10000: Training 5 Clients ---
Selected clients: ['1', '78', '9', '97', '43']
--- Updating central model ---
Checkpoint saved in path: checkpoints/cifar10/alpha0.5_K5_N10000_cnn_E1_clr0.01_fedopt_sgd_slr1.0_sam_rho0.1_112125_19:29:23.ckpt
--- Round 98 of 10000: Training 5 Clients ---
Selected clients: ['29', '1', '30', '86', '53']
--- Updating central model ---
Checkpoint saved in path: checkpoints/cifar10/alpha0.5_K5_N10000_cnn_E1_clr0.01_fedopt_sgd_slr1.0_sam_rho0.1_112125_19:29:23.ckpt
--- Round 99 of 10000: Training 5 Clients ---
Selected clients: ['87', '16', '45', '6', '91']
--- Updating central model ---
Checkpoint saved in path: checkpoints/cifar10/alpha0.5_K5_N10000_cnn_E1_clr0.01_fedopt_sgd_slr1.0_sam_rho0.1_112125_19:29:23.ckpt
--- Round 100 of 10000: Training 5 Clients ---
Selected clients: ['46', '73', '30', '6', '78']
--- Updating central model ---
train_accuracy: 12.0314, 10th percentile: 1.22809, 50th percentile: 9.51397, 90th percentile 25.2822
train_loss: 2.3022, 10th percentile: 2.28478, 50th percentile: 2.30167, 90th percentile 2.32828
test_accuracy: 12.02, 10th percentile: 12.02, 50th percentile: 12.02, 90th percentile 12.02
test_loss: 2.3024, 10th percentile: 2.3024, 50th percentile: 2.3024, 90th percentile 2.3024
Checkpoint saved in path: checkpoints/cifar10/alpha0.5_K5_N10000_cnn_E1_clr0.01_fedopt_sgd_slr1.0_sam_rho0.1_112125_19:29:23.ckpt
--- Round 101 of 10000: Training 5 Clients ---
Selected clients: ['96', '83', '74', '56', '89']
--- Updating central model ---
Checkpoint saved in path: checkpoints/cifar10/alpha0.5_K5_N10000_cnn_E1_clr0.01_fedopt_sgd_slr1.0_sam_rho0.1_112125_19:29:23.ckpt
--- Round 102 of 10000: Training 5 Clients ---
Selected clients: ['48', '32', '99', '0', '4']
--- Updating central model ---
Checkpoint saved in path: checkpoints/cifar10/alpha0.5_K5_N10000_cnn_E1_clr0.01_fedopt_sgd_slr1.0_sam_rho0.1_112125_19:29:23.ckpt
--- Round 103 of 10000: Training 5 Clients ---
Selected clients: ['26', '61', '56', '84', '11']
--- Updating central model ---
Checkpoint saved in path: checkpoints/cifar10/alpha0.5_K5_N10000_cnn_E1_clr0.01_fedopt_sgd_slr1.0_sam_rho0.1_112125_19:29:23.ckpt
--- Round 104 of 10000: Training 5 Clients ---
Selected clients: ['26', '87', '60', '78', '85']
--- Updating central model ---
Checkpoint saved in path: checkpoints/cifar10/alpha0.5_K5_N10000_cnn_E1_clr0.01_fedopt_sgd_slr1.0_sam_rho0.1_112125_19:29:23.ckpt
--- Round 105 of 10000: Training 5 Clients ---
Selected clients: ['36', '27', '37', '98', '74']
--- Updating central model ---
Checkpoint saved in path: checkpoints/cifar10/alpha0.5_K5_N10000_cnn_E1_clr0.01_fedopt_sgd_slr1.0_sam_rho0.1_112125_19:29:23.ckpt
--- Round 106 of 10000: Training 5 Clients ---
Selected clients: ['93', '49', '80', '30', '70']
--- Updating central model ---
Checkpoint saved in path: checkpoints/cifar10/alpha0.5_K5_N10000_cnn_E1_clr0.01_fedopt_sgd_slr1.0_sam_rho0.1_112125_19:29:23.ckpt
--- Round 107 of 10000: Training 5 Clients ---
Selected clients: ['66', '63', '22', '87', '57']
--- Updating central model ---
Checkpoint saved in path: checkpoints/cifar10/alpha0.5_K5_N10000_cnn_E1_clr0.01_fedopt_sgd_slr1.0_sam_rho0.1_112125_19:29:23.ckpt
--- Round 108 of 10000: Training 5 Clients ---
Selected clients: ['73', '52', '82', '25', '99']
--- Updating central model ---
Checkpoint saved in path: checkpoints/cifar10/alpha0.5_K5_N10000_cnn_E1_clr0.01_fedopt_sgd_slr1.0_sam_rho0.1_112125_19:29:23.ckpt
--- Round 109 of 10000: Training 5 Clients ---
Selected clients: ['51', '23', '62', '71', '89']
--- Updating central model ---
Checkpoint saved in path: checkpoints/cifar10/alpha0.5_K5_N10000_cnn_E1_clr0.01_fedopt_sgd_slr1.0_sam_rho0.1_112125_19:29:23.ckpt
--- Round 110 of 10000: Training 5 Clients ---
Selected clients: ['62', '17', '66', '44', '54']
--- Updating central model ---
Checkpoint saved in path: checkpoints/cifar10/alpha0.5_K5_N10000_cnn_E1_clr0.01_fedopt_sgd_slr1.0_sam_rho0.1_112125_19:29:23.ckpt
--- Round 111 of 10000: Training 5 Clients ---
Selected clients: ['14', '39', '55', '42', '34']
--- Updating central model ---
Checkpoint saved in path: checkpoints/cifar10/alpha0.5_K5_N10000_cnn_E1_clr0.01_fedopt_sgd_slr1.0_sam_rho0.1_112125_19:29:23.ckpt
--- Round 112 of 10000: Training 5 Clients ---
Selected clients: ['12', '18', '77', '87', '37']
--- Updating central model ---
Checkpoint saved in path: checkpoints/cifar10/alpha0.5_K5_N10000_cnn_E1_clr0.01_fedopt_sgd_slr1.0_sam_rho0.1_112125_19:29:23.ckpt
--- Round 113 of 10000: Training 5 Clients ---
Selected clients: ['31', '32', '14', '87', '3']
--- Updating central model ---
Checkpoint saved in path: checkpoints/cifar10/alpha0.5_K5_N10000_cnn_E1_clr0.01_fedopt_sgd_slr1.0_sam_rho0.1_112125_19:29:23.ckpt
--- Round 114 of 10000: Training 5 Clients ---
Selected clients: ['46', '28', '48', '12', '33']
--- Updating central model ---
Checkpoint saved in path: checkpoints/cifar10/alpha0.5_K5_N10000_cnn_E1_clr0.01_fedopt_sgd_slr1.0_sam_rho0.1_112125_19:29:23.ckpt
--- Round 115 of 10000: Training 5 Clients ---
Selected clients: ['41', '83', '62', '56', '57']
--- Updating central model ---
Checkpoint saved in path: checkpoints/cifar10/alpha0.5_K5_N10000_cnn_E1_clr0.01_fedopt_sgd_slr1.0_sam_rho0.1_112125_19:29:23.ckpt
--- Round 116 of 10000: Training 5 Clients ---
Selected clients: ['35', '33', '99', '34', '87']
--- Updating central model ---
Checkpoint saved in path: checkpoints/cifar10/alpha0.5_K5_N10000_cnn_E1_clr0.01_fedopt_sgd_slr1.0_sam_rho0.1_112125_19:29:23.ckpt
--- Round 117 of 10000: Training 5 Clients ---
Selected clients: ['16', '75', '64', '85', '53']
--- Updating central model ---
Checkpoint saved in path: checkpoints/cifar10/alpha0.5_K5_N10000_cnn_E1_clr0.01_fedopt_sgd_slr1.0_sam_rho0.1_112125_19:29:23.ckpt
--- Round 118 of 10000: Training 5 Clients ---
Selected clients: ['22', '11', '59', '85', '96']
--- Updating central model ---
Checkpoint saved in path: checkpoints/cifar10/alpha0.5_K5_N10000_cnn_E1_clr0.01_fedopt_sgd_slr1.0_sam_rho0.1_112125_19:29:23.ckpt
--- Round 119 of 10000: Training 5 Clients ---
Selected clients: ['10', '67', '47', '24', '15']
--- Updating central model ---
Checkpoint saved in path: checkpoints/cifar10/alpha0.5_K5_N10000_cnn_E1_clr0.01_fedopt_sgd_slr1.0_sam_rho0.1_112125_19:29:23.ckpt
--- Round 120 of 10000: Training 5 Clients ---
Selected clients: ['41', '99', '5', '45', '95']
--- Updating central model ---
Checkpoint saved in path: checkpoints/cifar10/alpha0.5_K5_N10000_cnn_E1_clr0.01_fedopt_sgd_slr1.0_sam_rho0.1_112125_19:29:23.ckpt
--- Round 121 of 10000: Training 5 Clients ---
Selected clients: ['94', '83', '23', '34', '39']
--- Updating central model ---
Checkpoint saved in path: checkpoints/cifar10/alpha0.5_K5_N10000_cnn_E1_clr0.01_fedopt_sgd_slr1.0_sam_rho0.1_112125_19:29:23.ckpt
--- Round 122 of 10000: Training 5 Clients ---
Selected clients: ['79', '53', '25', '31', '23']
--- Updating central model ---
Checkpoint saved in path: checkpoints/cifar10/alpha0.5_K5_N10000_cnn_E1_clr0.01_fedopt_sgd_slr1.0_sam_rho0.1_112125_19:29:23.ckpt
--- Round 123 of 10000: Training 5 Clients ---
Selected clients: ['92', '76', '35', '67', '85']
--- Updating central model ---
Checkpoint saved in path: checkpoints/cifar10/alpha0.5_K5_N10000_cnn_E1_clr0.01_fedopt_sgd_slr1.0_sam_rho0.1_112125_19:29:23.ckpt
--- Round 124 of 10000: Training 5 Clients ---
Selected clients: ['53', '23', '94', '48', '70']
--- Updating central model ---
Checkpoint saved in path: checkpoints/cifar10/alpha0.5_K5_N10000_cnn_E1_clr0.01_fedopt_sgd_slr1.0_sam_rho0.1_112125_19:29:23.ckpt
--- Round 125 of 10000: Training 5 Clients ---
Selected clients: ['3', '56', '9', '63', '60']
--- Updating central model ---
Checkpoint saved in path: checkpoints/cifar10/alpha0.5_K5_N10000_cnn_E1_clr0.01_fedopt_sgd_slr1.0_sam_rho0.1_112125_19:29:23.ckpt
--- Round 126 of 10000: Training 5 Clients ---
Selected clients: ['58', '30', '70', '43', '84']
--- Updating central model ---
Checkpoint saved in path: checkpoints/cifar10/alpha0.5_K5_N10000_cnn_E1_clr0.01_fedopt_sgd_slr1.0_sam_rho0.1_112125_19:29:23.ckpt
--- Round 127 of 10000: Training 5 Clients ---
Selected clients: ['82', '9', '75', '8', '77']
--- Updating central model ---
Checkpoint saved in path: checkpoints/cifar10/alpha0.5_K5_N10000_cnn_E1_clr0.01_fedopt_sgd_slr1.0_sam_rho0.1_112125_19:29:23.ckpt
--- Round 128 of 10000: Training 5 Clients ---
Selected clients: ['6', '49', '3', '68', '69']
--- Updating central model ---
Checkpoint saved in path: checkpoints/cifar10/alpha0.5_K5_N10000_cnn_E1_clr0.01_fedopt_sgd_slr1.0_sam_rho0.1_112125_19:29:23.ckpt
--- Round 129 of 10000: Training 5 Clients ---
Selected clients: ['71', '37', '4', '12', '97']
--- Updating central model ---
Checkpoint saved in path: checkpoints/cifar10/alpha0.5_K5_N10000_cnn_E1_clr0.01_fedopt_sgd_slr1.0_sam_rho0.1_112125_19:29:23.ckpt
--- Round 130 of 10000: Training 5 Clients ---
Selected clients: ['67', '27', '56', '20', '53']
--- Updating central model ---
Checkpoint saved in path: checkpoints/cifar10/alpha0.5_K5_N10000_cnn_E1_clr0.01_fedopt_sgd_slr1.0_sam_rho0.1_112125_19:29:23.ckpt
--- Round 131 of 10000: Training 5 Clients ---
Selected clients: ['13', '38', '37', '51', '67']
--- Updating central model ---
Checkpoint saved in path: checkpoints/cifar10/alpha0.5_K5_N10000_cnn_E1_clr0.01_fedopt_sgd_slr1.0_sam_rho0.1_112125_19:29:23.ckpt
--- Round 132 of 10000: Training 5 Clients ---
Selected clients: ['91', '63', '2', '10', '72']
--- Updating central model ---
Checkpoint saved in path: checkpoints/cifar10/alpha0.5_K5_N10000_cnn_E1_clr0.01_fedopt_sgd_slr1.0_sam_rho0.1_112125_19:29:23.ckpt
--- Round 133 of 10000: Training 5 Clients ---
Selected clients: ['4', '92', '25', '8', '64']
--- Updating central model ---
Checkpoint saved in path: checkpoints/cifar10/alpha0.5_K5_N10000_cnn_E1_clr0.01_fedopt_sgd_slr1.0_sam_rho0.1_112125_19:29:23.ckpt
--- Round 134 of 10000: Training 5 Clients ---
Selected clients: ['26', '57', '49', '5', '46']
--- Updating central model ---
Checkpoint saved in path: checkpoints/cifar10/alpha0.5_K5_N10000_cnn_E1_clr0.01_fedopt_sgd_slr1.0_sam_rho0.1_112125_19:29:23.ckpt
--- Round 135 of 10000: Training 5 Clients ---
Selected clients: ['11', '97', '14', '21', '70']
--- Updating central model ---
Checkpoint saved in path: checkpoints/cifar10/alpha0.5_K5_N10000_cnn_E1_clr0.01_fedopt_sgd_slr1.0_sam_rho0.1_112125_19:29:23.ckpt
--- Round 136 of 10000: Training 5 Clients ---
Selected clients: ['46', '61', '75', '12', '42']
--- Updating central model ---
Checkpoint saved in path: checkpoints/cifar10/alpha0.5_K5_N10000_cnn_E1_clr0.01_fedopt_sgd_slr1.0_sam_rho0.1_112125_19:29:23.ckpt
--- Round 137 of 10000: Training 5 Clients ---
Selected clients: ['79', '29', '45', '59', '9']
--- Updating central model ---
Checkpoint saved in path: checkpoints/cifar10/alpha0.5_K5_N10000_cnn_E1_clr0.01_fedopt_sgd_slr1.0_sam_rho0.1_112125_19:29:23.ckpt
--- Round 138 of 10000: Training 5 Clients ---
Selected clients: ['72', '41', '82', '66', '77']
--- Updating central model ---
Checkpoint saved in path: checkpoints/cifar10/alpha0.5_K5_N10000_cnn_E1_clr0.01_fedopt_sgd_slr1.0_sam_rho0.1_112125_19:29:23.ckpt
--- Round 139 of 10000: Training 5 Clients ---
Selected clients: ['77', '89', '47', '57', '56']
--- Updating central model ---
Checkpoint saved in path: checkpoints/cifar10/alpha0.5_K5_N10000_cnn_E1_clr0.01_fedopt_sgd_slr1.0_sam_rho0.1_112125_19:29:23.ckpt
--- Round 140 of 10000: Training 5 Clients ---
Selected clients: ['42', '67', '80', '68', '95']
--- Updating central model ---
Checkpoint saved in path: checkpoints/cifar10/alpha0.5_K5_N10000_cnn_E1_clr0.01_fedopt_sgd_slr1.0_sam_rho0.1_112125_19:29:23.ckpt
--- Round 141 of 10000: Training 5 Clients ---
Selected clients: ['59', '4', '17', '7', '60']
--- Updating central model ---
Checkpoint saved in path: checkpoints/cifar10/alpha0.5_K5_N10000_cnn_E1_clr0.01_fedopt_sgd_slr1.0_sam_rho0.1_112125_19:29:23.ckpt
--- Round 142 of 10000: Training 5 Clients ---
Selected clients: ['56', '42', '49', '69', '13']
--- Updating central model ---
Checkpoint saved in path: checkpoints/cifar10/alpha0.5_K5_N10000_cnn_E1_clr0.01_fedopt_sgd_slr1.0_sam_rho0.1_112125_19:29:23.ckpt
--- Round 143 of 10000: Training 5 Clients ---
Selected clients: ['17', '61', '39', '54', '22']
--- Updating central model ---
Checkpoint saved in path: checkpoints/cifar10/alpha0.5_K5_N10000_cnn_E1_clr0.01_fedopt_sgd_slr1.0_sam_rho0.1_112125_19:29:23.ckpt
--- Round 144 of 10000: Training 5 Clients ---
Selected clients: ['28', '59', '38', '77', '81']
--- Updating central model ---
Checkpoint saved in path: checkpoints/cifar10/alpha0.5_K5_N10000_cnn_E1_clr0.01_fedopt_sgd_slr1.0_sam_rho0.1_112125_19:29:23.ckpt
--- Round 145 of 10000: Training 5 Clients ---
Selected clients: ['72', '97', '34', '31', '80']
--- Updating central model ---
Checkpoint saved in path: checkpoints/cifar10/alpha0.5_K5_N10000_cnn_E1_clr0.01_fedopt_sgd_slr1.0_sam_rho0.1_112125_19:29:23.ckpt
--- Round 146 of 10000: Training 5 Clients ---
Selected clients: ['65', '63', '13', '78', '93']
--- Updating central model ---
Checkpoint saved in path: checkpoints/cifar10/alpha0.5_K5_N10000_cnn_E1_clr0.01_fedopt_sgd_slr1.0_sam_rho0.1_112125_19:29:23.ckpt
--- Round 147 of 10000: Training 5 Clients ---
Selected clients: ['87', '33', '73', '69', '57']
--- Updating central model ---
Checkpoint saved in path: checkpoints/cifar10/alpha0.5_K5_N10000_cnn_E1_clr0.01_fedopt_sgd_slr1.0_sam_rho0.1_112125_19:29:23.ckpt
--- Round 148 of 10000: Training 5 Clients ---
Selected clients: ['89', '49', '69', '96', '72']
--- Updating central model ---
Checkpoint saved in path: checkpoints/cifar10/alpha0.5_K5_N10000_cnn_E1_clr0.01_fedopt_sgd_slr1.0_sam_rho0.1_112125_19:29:23.ckpt
--- Round 149 of 10000: Training 5 Clients ---
Selected clients: ['41', '76', '36', '11', '29']
--- Updating central model ---
Checkpoint saved in path: checkpoints/cifar10/alpha0.5_K5_N10000_cnn_E1_clr0.01_fedopt_sgd_slr1.0_sam_rho0.1_112125_19:29:23.ckpt
--- Round 150 of 10000: Training 5 Clients ---
Selected clients: ['46', '14', '57', '48', '36']
--- Updating central model ---
Checkpoint saved in path: checkpoints/cifar10/alpha0.5_K5_N10000_cnn_E1_clr0.01_fedopt_sgd_slr1.0_sam_rho0.1_112125_19:29:23.ckpt
--- Round 151 of 10000: Training 5 Clients ---
Selected clients: ['51', '52', '5', '46', '3']
--- Updating central model ---
Checkpoint saved in path: checkpoints/cifar10/alpha0.5_K5_N10000_cnn_E1_clr0.01_fedopt_sgd_slr1.0_sam_rho0.1_112125_19:29:23.ckpt
--- Round 152 of 10000: Training 5 Clients ---
Selected clients: ['82', '80', '25', '13', '42']
--- Updating central model ---
Checkpoint saved in path: checkpoints/cifar10/alpha0.5_K5_N10000_cnn_E1_clr0.01_fedopt_sgd_slr1.0_sam_rho0.1_112125_19:29:23.ckpt
--- Round 153 of 10000: Training 5 Clients ---
Selected clients: ['38', '5', '96', '19', '22']
--- Updating central model ---
Checkpoint saved in path: checkpoints/cifar10/alpha0.5_K5_N10000_cnn_E1_clr0.01_fedopt_sgd_slr1.0_sam_rho0.1_112125_19:29:23.ckpt
--- Round 154 of 10000: Training 5 Clients ---
Selected clients: ['19', '32', '62', '11', '79']
--- Updating central model ---
Checkpoint saved in path: checkpoints/cifar10/alpha0.5_K5_N10000_cnn_E1_clr0.01_fedopt_sgd_slr1.0_sam_rho0.1_112125_19:29:23.ckpt
--- Round 155 of 10000: Training 5 Clients ---
Selected clients: ['24', '59', '56', '62', '77']
--- Updating central model ---
Checkpoint saved in path: checkpoints/cifar10/alpha0.5_K5_N10000_cnn_E1_clr0.01_fedopt_sgd_slr1.0_sam_rho0.1_112125_19:29:23.ckpt
--- Round 156 of 10000: Training 5 Clients ---
Selected clients: ['43', '93', '20', '66', '33']
--- Updating central model ---
Checkpoint saved in path: checkpoints/cifar10/alpha0.5_K5_N10000_cnn_E1_clr0.01_fedopt_sgd_slr1.0_sam_rho0.1_112125_19:29:23.ckpt
--- Round 157 of 10000: Training 5 Clients ---
Selected clients: ['10', '24', '57', '69', '83']
--- Updating central model ---
Checkpoint saved in path: checkpoints/cifar10/alpha0.5_K5_N10000_cnn_E1_clr0.01_fedopt_sgd_slr1.0_sam_rho0.1_112125_19:29:23.ckpt
--- Round 158 of 10000: Training 5 Clients ---
Selected clients: ['47', '87', '71', '50', '65']
--- Updating central model ---
Checkpoint saved in path: checkpoints/cifar10/alpha0.5_K5_N10000_cnn_E1_clr0.01_fedopt_sgd_slr1.0_sam_rho0.1_112125_19:29:23.ckpt
--- Round 159 of 10000: Training 5 Clients ---
Selected clients: ['20', '97', '94', '95', '83']
--- Updating central model ---
Checkpoint saved in path: checkpoints/cifar10/alpha0.5_K5_N10000_cnn_E1_clr0.01_fedopt_sgd_slr1.0_sam_rho0.1_112125_19:29:23.ckpt
--- Round 160 of 10000: Training 5 Clients ---
Selected clients: ['14', '93', '53', '40', '65']
--- Updating central model ---
Checkpoint saved in path: checkpoints/cifar10/alpha0.5_K5_N10000_cnn_E1_clr0.01_fedopt_sgd_slr1.0_sam_rho0.1_112125_19:29:23.ckpt
--- Round 161 of 10000: Training 5 Clients ---
Selected clients: ['45', '51', '64', '66', '16']
--- Updating central model ---
Checkpoint saved in path: checkpoints/cifar10/alpha0.5_K5_N10000_cnn_E1_clr0.01_fedopt_sgd_slr1.0_sam_rho0.1_112125_19:29:23.ckpt
--- Round 162 of 10000: Training 5 Clients ---
Selected clients: ['55', '37', '2', '30', '54']
--- Updating central model ---
Checkpoint saved in path: checkpoints/cifar10/alpha0.5_K5_N10000_cnn_E1_clr0.01_fedopt_sgd_slr1.0_sam_rho0.1_112125_19:29:23.ckpt
--- Round 163 of 10000: Training 5 Clients ---
Selected clients: ['70', '21', '28', '74', '33']
--- Updating central model ---
Checkpoint saved in path: checkpoints/cifar10/alpha0.5_K5_N10000_cnn_E1_clr0.01_fedopt_sgd_slr1.0_sam_rho0.1_112125_19:29:23.ckpt
--- Round 164 of 10000: Training 5 Clients ---
Selected clients: ['90', '64', '32', '52', '86']
--- Updating central model ---
Checkpoint saved in path: checkpoints/cifar10/alpha0.5_K5_N10000_cnn_E1_clr0.01_fedopt_sgd_slr1.0_sam_rho0.1_112125_19:29:23.ckpt
--- Round 165 of 10000: Training 5 Clients ---
Selected clients: ['19', '55', '48', '83', '50']
--- Updating central model ---
Checkpoint saved in path: checkpoints/cifar10/alpha0.5_K5_N10000_cnn_E1_clr0.01_fedopt_sgd_slr1.0_sam_rho0.1_112125_19:29:23.ckpt
--- Round 166 of 10000: Training 5 Clients ---
Selected clients: ['34', '82', '44', '42', '5']
--- Updating central model ---
Checkpoint saved in path: checkpoints/cifar10/alpha0.5_K5_N10000_cnn_E1_clr0.01_fedopt_sgd_slr1.0_sam_rho0.1_112125_19:29:23.ckpt
--- Round 167 of 10000: Training 5 Clients ---
Selected clients: ['29', '96', '13', '89', '33']
--- Updating central model ---
Checkpoint saved in path: checkpoints/cifar10/alpha0.5_K5_N10000_cnn_E1_clr0.01_fedopt_sgd_slr1.0_sam_rho0.1_112125_19:29:23.ckpt
--- Round 168 of 10000: Training 5 Clients ---
Selected clients: ['20', '30', '33', '53', '2']
--- Updating central model ---
Checkpoint saved in path: checkpoints/cifar10/alpha0.5_K5_N10000_cnn_E1_clr0.01_fedopt_sgd_slr1.0_sam_rho0.1_112125_19:29:23.ckpt
--- Round 169 of 10000: Training 5 Clients ---
Selected clients: ['77', '29', '48', '57', '66']
--- Updating central model ---
Checkpoint saved in path: checkpoints/cifar10/alpha0.5_K5_N10000_cnn_E1_clr0.01_fedopt_sgd_slr1.0_sam_rho0.1_112125_19:29:23.ckpt
--- Round 170 of 10000: Training 5 Clients ---
Selected clients: ['17', '55', '45', '4', '42']
--- Updating central model ---
Checkpoint saved in path: checkpoints/cifar10/alpha0.5_K5_N10000_cnn_E1_clr0.01_fedopt_sgd_slr1.0_sam_rho0.1_112125_19:29:23.ckpt
--- Round 171 of 10000: Training 5 Clients ---
Selected clients: ['32', '90', '11', '67', '41']
--- Updating central model ---
Checkpoint saved in path: checkpoints/cifar10/alpha0.5_K5_N10000_cnn_E1_clr0.01_fedopt_sgd_slr1.0_sam_rho0.1_112125_19:29:23.ckpt
--- Round 172 of 10000: Training 5 Clients ---
Selected clients: ['84', '87', '12', '51', '8']
--- Updating central model ---
Checkpoint saved in path: checkpoints/cifar10/alpha0.5_K5_N10000_cnn_E1_clr0.01_fedopt_sgd_slr1.0_sam_rho0.1_112125_19:29:23.ckpt
--- Round 173 of 10000: Training 5 Clients ---
Selected clients: ['99', '12', '47', '52', '16']
--- Updating central model ---
Checkpoint saved in path: checkpoints/cifar10/alpha0.5_K5_N10000_cnn_E1_clr0.01_fedopt_sgd_slr1.0_sam_rho0.1_112125_19:29:23.ckpt
--- Round 174 of 10000: Training 5 Clients ---
Selected clients: ['67', '26', '29', '71', '9']
--- Updating central model ---
Checkpoint saved in path: checkpoints/cifar10/alpha0.5_K5_N10000_cnn_E1_clr0.01_fedopt_sgd_slr1.0_sam_rho0.1_112125_19:29:23.ckpt
--- Round 175 of 10000: Training 5 Clients ---
Selected clients: ['65', '63', '44', '14', '46']
--- Updating central model ---
Checkpoint saved in path: checkpoints/cifar10/alpha0.5_K5_N10000_cnn_E1_clr0.01_fedopt_sgd_slr1.0_sam_rho0.1_112125_19:29:23.ckpt
--- Round 176 of 10000: Training 5 Clients ---
Selected clients: ['71', '86', '16', '14', '97']
--- Updating central model ---
Checkpoint saved in path: checkpoints/cifar10/alpha0.5_K5_N10000_cnn_E1_clr0.01_fedopt_sgd_slr1.0_sam_rho0.1_112125_19:29:23.ckpt
--- Round 177 of 10000: Training 5 Clients ---
Selected clients: ['94', '42', '93', '7', '90']
--- Updating central model ---
Checkpoint saved in path: checkpoints/cifar10/alpha0.5_K5_N10000_cnn_E1_clr0.01_fedopt_sgd_slr1.0_sam_rho0.1_112125_19:29:23.ckpt
--- Round 178 of 10000: Training 5 Clients ---
Selected clients: ['44', '37', '93', '80', '21']
--- Updating central model ---
Checkpoint saved in path: checkpoints/cifar10/alpha0.5_K5_N10000_cnn_E1_clr0.01_fedopt_sgd_slr1.0_sam_rho0.1_112125_19:29:23.ckpt
--- Round 179 of 10000: Training 5 Clients ---
Selected clients: ['55', '35', '54', '52', '97']
--- Updating central model ---
Checkpoint saved in path: checkpoints/cifar10/alpha0.5_K5_N10000_cnn_E1_clr0.01_fedopt_sgd_slr1.0_sam_rho0.1_112125_19:29:23.ckpt
--- Round 180 of 10000: Training 5 Clients ---
Selected clients: ['87', '38', '45', '76', '6']
--- Updating central model ---
Checkpoint saved in path: checkpoints/cifar10/alpha0.5_K5_N10000_cnn_E1_clr0.01_fedopt_sgd_slr1.0_sam_rho0.1_112125_19:29:23.ckpt
--- Round 181 of 10000: Training 5 Clients ---
Selected clients: ['64', '41', '16', '80', '95']
--- Updating central model ---
Checkpoint saved in path: checkpoints/cifar10/alpha0.5_K5_N10000_cnn_E1_clr0.01_fedopt_sgd_slr1.0_sam_rho0.1_112125_19:29:23.ckpt
--- Round 182 of 10000: Training 5 Clients ---
Selected clients: ['15', '31', '99', '87', '20']
--- Updating central model ---
Checkpoint saved in path: checkpoints/cifar10/alpha0.5_K5_N10000_cnn_E1_clr0.01_fedopt_sgd_slr1.0_sam_rho0.1_112125_19:29:23.ckpt
--- Round 183 of 10000: Training 5 Clients ---
Selected clients: ['95', '82', '57', '84', '59']
--- Updating central model ---
Checkpoint saved in path: checkpoints/cifar10/alpha0.5_K5_N10000_cnn_E1_clr0.01_fedopt_sgd_slr1.0_sam_rho0.1_112125_19:29:23.ckpt
--- Round 184 of 10000: Training 5 Clients ---
Selected clients: ['43', '46', '9', '77', '42']
--- Updating central model ---
Checkpoint saved in path: checkpoints/cifar10/alpha0.5_K5_N10000_cnn_E1_clr0.01_fedopt_sgd_slr1.0_sam_rho0.1_112125_19:29:23.ckpt
--- Round 185 of 10000: Training 5 Clients ---
Selected clients: ['61', '96', '50', '74', '28']
--- Updating central model ---
Checkpoint saved in path: checkpoints/cifar10/alpha0.5_K5_N10000_cnn_E1_clr0.01_fedopt_sgd_slr1.0_sam_rho0.1_112125_19:29:23.ckpt
--- Round 186 of 10000: Training 5 Clients ---
Selected clients: ['61', '93', '28', '71', '77']
--- Updating central model ---
Checkpoint saved in path: checkpoints/cifar10/alpha0.5_K5_N10000_cnn_E1_clr0.01_fedopt_sgd_slr1.0_sam_rho0.1_112125_19:29:23.ckpt
--- Round 187 of 10000: Training 5 Clients ---
Selected clients: ['45', '75', '8', '98', '99']
--- Updating central model ---
Checkpoint saved in path: checkpoints/cifar10/alpha0.5_K5_N10000_cnn_E1_clr0.01_fedopt_sgd_slr1.0_sam_rho0.1_112125_19:29:23.ckpt
--- Round 188 of 10000: Training 5 Clients ---
Selected clients: ['19', '8', '64', '16', '72']
--- Updating central model ---
Checkpoint saved in path: checkpoints/cifar10/alpha0.5_K5_N10000_cnn_E1_clr0.01_fedopt_sgd_slr1.0_sam_rho0.1_112125_19:29:23.ckpt
--- Round 189 of 10000: Training 5 Clients ---
Selected clients: ['97', '85', '89', '80', '23']
--- Updating central model ---
Checkpoint saved in path: checkpoints/cifar10/alpha0.5_K5_N10000_cnn_E1_clr0.01_fedopt_sgd_slr1.0_sam_rho0.1_112125_19:29:23.ckpt
--- Round 190 of 10000: Training 5 Clients ---
Selected clients: ['90', '72', '26', '99', '76']
--- Updating central model ---
Checkpoint saved in path: checkpoints/cifar10/alpha0.5_K5_N10000_cnn_E1_clr0.01_fedopt_sgd_slr1.0_sam_rho0.1_112125_19:29:23.ckpt
--- Round 191 of 10000: Training 5 Clients ---
Selected clients: ['1', '89', '37', '70', '78']
--- Updating central model ---
Checkpoint saved in path: checkpoints/cifar10/alpha0.5_K5_N10000_cnn_E1_clr0.01_fedopt_sgd_slr1.0_sam_rho0.1_112125_19:29:23.ckpt
--- Round 192 of 10000: Training 5 Clients ---
Selected clients: ['85', '36', '37', '14', '0']
--- Updating central model ---
Checkpoint saved in path: checkpoints/cifar10/alpha0.5_K5_N10000_cnn_E1_clr0.01_fedopt_sgd_slr1.0_sam_rho0.1_112125_19:29:23.ckpt
--- Round 193 of 10000: Training 5 Clients ---
Selected clients: ['12', '21', '17', '41', '46']
--- Updating central model ---
Checkpoint saved in path: checkpoints/cifar10/alpha0.5_K5_N10000_cnn_E1_clr0.01_fedopt_sgd_slr1.0_sam_rho0.1_112125_19:29:23.ckpt
--- Round 194 of 10000: Training 5 Clients ---
Selected clients: ['1', '21', '89', '47', '33']
--- Updating central model ---
Checkpoint saved in path: checkpoints/cifar10/alpha0.5_K5_N10000_cnn_E1_clr0.01_fedopt_sgd_slr1.0_sam_rho0.1_112125_19:29:23.ckpt
--- Round 195 of 10000: Training 5 Clients ---
Selected clients: ['78', '96', '31', '66', '64']
--- Updating central model ---
Checkpoint saved in path: checkpoints/cifar10/alpha0.5_K5_N10000_cnn_E1_clr0.01_fedopt_sgd_slr1.0_sam_rho0.1_112125_19:29:23.ckpt
--- Round 196 of 10000: Training 5 Clients ---
Selected clients: ['90', '34', '33', '77', '57']
--- Updating central model ---
Checkpoint saved in path: checkpoints/cifar10/alpha0.5_K5_N10000_cnn_E1_clr0.01_fedopt_sgd_slr1.0_sam_rho0.1_112125_19:29:23.ckpt
--- Round 197 of 10000: Training 5 Clients ---
Selected clients: ['91', '97', '25', '46', '47']
--- Updating central model ---
Checkpoint saved in path: checkpoints/cifar10/alpha0.5_K5_N10000_cnn_E1_clr0.01_fedopt_sgd_slr1.0_sam_rho0.1_112125_19:29:23.ckpt
--- Round 198 of 10000: Training 5 Clients ---
Selected clients: ['56', '97', '60', '44', '74']
--- Updating central model ---
Checkpoint saved in path: checkpoints/cifar10/alpha0.5_K5_N10000_cnn_E1_clr0.01_fedopt_sgd_slr1.0_sam_rho0.1_112125_19:29:23.ckpt
--- Round 199 of 10000: Training 5 Clients ---
Selected clients: ['94', '22', '80', '0', '15']
--- Updating central model ---
Checkpoint saved in path: checkpoints/cifar10/alpha0.5_K5_N10000_cnn_E1_clr0.01_fedopt_sgd_slr1.0_sam_rho0.1_112125_19:29:23.ckpt
--- Round 200 of 10000: Training 5 Clients ---
Selected clients: ['51', '12', '79', '30', '99']
--- Updating central model ---
train_accuracy: 11.7971, 10th percentile: 2.80184, 50th percentile: 9.73545, 90th percentile 21.7035
train_loss: 2.30019, 10th percentile: 2.27221, 50th percentile: 2.29775, 90th percentile 2.33301
test_accuracy: 12.07, 10th percentile: 12.07, 50th percentile: 12.07, 90th percentile 12.07
test_loss: 2.30033, 10th percentile: 2.30033, 50th percentile: 2.30033, 90th percentile 2.30033
Checkpoint saved in path: checkpoints/cifar10/alpha0.5_K5_N10000_cnn_E1_clr0.01_fedopt_sgd_slr1.0_sam_rho0.1_112125_19:29:23.ckpt
--- Round 201 of 10000: Training 5 Clients ---
Selected clients: ['50', '67', '58', '62', '45']
--- Updating central model ---
Checkpoint saved in path: checkpoints/cifar10/alpha0.5_K5_N10000_cnn_E1_clr0.01_fedopt_sgd_slr1.0_sam_rho0.1_112125_19:29:23.ckpt
--- Round 202 of 10000: Training 5 Clients ---
Selected clients: ['67', '12', '10', '95', '20']
--- Updating central model ---
Checkpoint saved in path: checkpoints/cifar10/alpha0.5_K5_N10000_cnn_E1_clr0.01_fedopt_sgd_slr1.0_sam_rho0.1_112125_19:29:23.ckpt
--- Round 203 of 10000: Training 5 Clients ---
Selected clients: ['45', '30', '87', '49', '53']
--- Updating central model ---
Checkpoint saved in path: checkpoints/cifar10/alpha0.5_K5_N10000_cnn_E1_clr0.01_fedopt_sgd_slr1.0_sam_rho0.1_112125_19:29:23.ckpt
--- Round 204 of 10000: Training 5 Clients ---
Selected clients: ['13', '65', '99', '89', '15']
--- Updating central model ---
Checkpoint saved in path: checkpoints/cifar10/alpha0.5_K5_N10000_cnn_E1_clr0.01_fedopt_sgd_slr1.0_sam_rho0.1_112125_19:29:23.ckpt
--- Round 205 of 10000: Training 5 Clients ---
Selected clients: ['87', '60', '57', '90', '96']
--- Updating central model ---
Checkpoint saved in path: checkpoints/cifar10/alpha0.5_K5_N10000_cnn_E1_clr0.01_fedopt_sgd_slr1.0_sam_rho0.1_112125_19:29:23.ckpt
--- Round 206 of 10000: Training 5 Clients ---
Selected clients: ['57', '38', '96', '17', '71']
--- Updating central model ---
Checkpoint saved in path: checkpoints/cifar10/alpha0.5_K5_N10000_cnn_E1_clr0.01_fedopt_sgd_slr1.0_sam_rho0.1_112125_19:29:23.ckpt
--- Round 207 of 10000: Training 5 Clients ---
Selected clients: ['7', '74', '27', '31', '26']
--- Updating central model ---
Checkpoint saved in path: checkpoints/cifar10/alpha0.5_K5_N10000_cnn_E1_clr0.01_fedopt_sgd_slr1.0_sam_rho0.1_112125_19:29:23.ckpt
--- Round 208 of 10000: Training 5 Clients ---
Selected clients: ['72', '98', '93', '90', '99']
--- Updating central model ---
Checkpoint saved in path: checkpoints/cifar10/alpha0.5_K5_N10000_cnn_E1_clr0.01_fedopt_sgd_slr1.0_sam_rho0.1_112125_19:29:23.ckpt
--- Round 209 of 10000: Training 5 Clients ---
Selected clients: ['72', '15', '99', '73', '52']
--- Updating central model ---
Checkpoint saved in path: checkpoints/cifar10/alpha0.5_K5_N10000_cnn_E1_clr0.01_fedopt_sgd_slr1.0_sam_rho0.1_112125_19:29:23.ckpt
--- Round 210 of 10000: Training 5 Clients ---
Selected clients: ['27', '18', '53', '36', '92']
--- Updating central model ---
Checkpoint saved in path: checkpoints/cifar10/alpha0.5_K5_N10000_cnn_E1_clr0.01_fedopt_sgd_slr1.0_sam_rho0.1_112125_19:29:23.ckpt
--- Round 211 of 10000: Training 5 Clients ---
Selected clients: ['21', '82', '10', '0', '51']
--- Updating central model ---
Checkpoint saved in path: checkpoints/cifar10/alpha0.5_K5_N10000_cnn_E1_clr0.01_fedopt_sgd_slr1.0_sam_rho0.1_112125_19:29:23.ckpt
--- Round 212 of 10000: Training 5 Clients ---
Selected clients: ['10', '73', '5', '74', '96']
--- Updating central model ---
Checkpoint saved in path: checkpoints/cifar10/alpha0.5_K5_N10000_cnn_E1_clr0.01_fedopt_sgd_slr1.0_sam_rho0.1_112125_19:29:23.ckpt
--- Round 213 of 10000: Training 5 Clients ---
Selected clients: ['73', '25', '46', '24', '5']
--- Updating central model ---
Checkpoint saved in path: checkpoints/cifar10/alpha0.5_K5_N10000_cnn_E1_clr0.01_fedopt_sgd_slr1.0_sam_rho0.1_112125_19:29:23.ckpt
--- Round 214 of 10000: Training 5 Clients ---
Selected clients: ['5', '69', '14', '67', '6']
--- Updating central model ---
Checkpoint saved in path: checkpoints/cifar10/alpha0.5_K5_N10000_cnn_E1_clr0.01_fedopt_sgd_slr1.0_sam_rho0.1_112125_19:29:23.ckpt
--- Round 215 of 10000: Training 5 Clients ---
Selected clients: ['93', '70', '7', '63', '82']
--- Updating central model ---
Checkpoint saved in path: checkpoints/cifar10/alpha0.5_K5_N10000_cnn_E1_clr0.01_fedopt_sgd_slr1.0_sam_rho0.1_112125_19:29:23.ckpt
--- Round 216 of 10000: Training 5 Clients ---
Selected clients: ['93', '15', '12', '1', '52']
--- Updating central model ---
Checkpoint saved in path: checkpoints/cifar10/alpha0.5_K5_N10000_cnn_E1_clr0.01_fedopt_sgd_slr1.0_sam_rho0.1_112125_19:29:23.ckpt
--- Round 217 of 10000: Training 5 Clients ---
Selected clients: ['52', '99', '30', '9', '1']
--- Updating central model ---
Checkpoint saved in path: checkpoints/cifar10/alpha0.5_K5_N10000_cnn_E1_clr0.01_fedopt_sgd_slr1.0_sam_rho0.1_112125_19:29:23.ckpt
--- Round 218 of 10000: Training 5 Clients ---
Selected clients: ['67', '77', '18', '8', '9']
--- Updating central model ---
Checkpoint saved in path: checkpoints/cifar10/alpha0.5_K5_N10000_cnn_E1_clr0.01_fedopt_sgd_slr1.0_sam_rho0.1_112125_19:29:23.ckpt
--- Round 219 of 10000: Training 5 Clients ---
Selected clients: ['85', '86', '74', '96', '82']
--- Updating central model ---
Checkpoint saved in path: checkpoints/cifar10/alpha0.5_K5_N10000_cnn_E1_clr0.01_fedopt_sgd_slr1.0_sam_rho0.1_112125_19:29:23.ckpt
--- Round 220 of 10000: Training 5 Clients ---
Selected clients: ['31', '14', '49', '99', '74']
--- Updating central model ---
Checkpoint saved in path: checkpoints/cifar10/alpha0.5_K5_N10000_cnn_E1_clr0.01_fedopt_sgd_slr1.0_sam_rho0.1_112125_19:29:23.ckpt
--- Round 221 of 10000: Training 5 Clients ---
Selected clients: ['92', '69', '31', '75', '99']
--- Updating central model ---
Checkpoint saved in path: checkpoints/cifar10/alpha0.5_K5_N10000_cnn_E1_clr0.01_fedopt_sgd_slr1.0_sam_rho0.1_112125_19:29:23.ckpt
--- Round 222 of 10000: Training 5 Clients ---
Selected clients: ['76', '71', '1', '23', '56']
--- Updating central model ---
Checkpoint saved in path: checkpoints/cifar10/alpha0.5_K5_N10000_cnn_E1_clr0.01_fedopt_sgd_slr1.0_sam_rho0.1_112125_19:29:23.ckpt
--- Round 223 of 10000: Training 5 Clients ---
Selected clients: ['41', '28', '30', '37', '76']
--- Updating central model ---
Checkpoint saved in path: checkpoints/cifar10/alpha0.5_K5_N10000_cnn_E1_clr0.01_fedopt_sgd_slr1.0_sam_rho0.1_112125_19:29:23.ckpt
--- Round 224 of 10000: Training 5 Clients ---
Selected clients: ['57', '66', '39', '13', '94']
--- Updating central model ---
Checkpoint saved in path: checkpoints/cifar10/alpha0.5_K5_N10000_cnn_E1_clr0.01_fedopt_sgd_slr1.0_sam_rho0.1_112125_19:29:23.ckpt
--- Round 225 of 10000: Training 5 Clients ---
Selected clients: ['63', '29', '52', '83', '3']
--- Updating central model ---
Checkpoint saved in path: checkpoints/cifar10/alpha0.5_K5_N10000_cnn_E1_clr0.01_fedopt_sgd_slr1.0_sam_rho0.1_112125_19:29:23.ckpt
--- Round 226 of 10000: Training 5 Clients ---
Selected clients: ['98', '6', '50', '59', '44']
--- Updating central model ---
Checkpoint saved in path: checkpoints/cifar10/alpha0.5_K5_N10000_cnn_E1_clr0.01_fedopt_sgd_slr1.0_sam_rho0.1_112125_19:29:23.ckpt
--- Round 227 of 10000: Training 5 Clients ---
Selected clients: ['44', '57', '77', '25', '23']
--- Updating central model ---
Checkpoint saved in path: checkpoints/cifar10/alpha0.5_K5_N10000_cnn_E1_clr0.01_fedopt_sgd_slr1.0_sam_rho0.1_112125_19:29:23.ckpt
--- Round 228 of 10000: Training 5 Clients ---
Selected clients: ['82', '43', '42', '91', '58']
--- Updating central model ---
Checkpoint saved in path: checkpoints/cifar10/alpha0.5_K5_N10000_cnn_E1_clr0.01_fedopt_sgd_slr1.0_sam_rho0.1_112125_19:29:23.ckpt
--- Round 229 of 10000: Training 5 Clients ---
Selected clients: ['25', '47', '15', '68', '99']
--- Updating central model ---
Checkpoint saved in path: checkpoints/cifar10/alpha0.5_K5_N10000_cnn_E1_clr0.01_fedopt_sgd_slr1.0_sam_rho0.1_112125_19:29:23.ckpt
--- Round 230 of 10000: Training 5 Clients ---
Selected clients: ['3', '78', '88', '90', '50']
--- Updating central model ---
Checkpoint saved in path: checkpoints/cifar10/alpha0.5_K5_N10000_cnn_E1_clr0.01_fedopt_sgd_slr1.0_sam_rho0.1_112125_19:29:23.ckpt
--- Round 231 of 10000: Training 5 Clients ---
Selected clients: ['19', '99', '35', '46', '14']
--- Updating central model ---
Checkpoint saved in path: checkpoints/cifar10/alpha0.5_K5_N10000_cnn_E1_clr0.01_fedopt_sgd_slr1.0_sam_rho0.1_112125_19:29:23.ckpt
--- Round 232 of 10000: Training 5 Clients ---
Selected clients: ['24', '9', '41', '50', '96']
--- Updating central model ---
Checkpoint saved in path: checkpoints/cifar10/alpha0.5_K5_N10000_cnn_E1_clr0.01_fedopt_sgd_slr1.0_sam_rho0.1_112125_19:29:23.ckpt
--- Round 233 of 10000: Training 5 Clients ---
Selected clients: ['40', '63', '61', '57', '81']
--- Updating central model ---
Checkpoint saved in path: checkpoints/cifar10/alpha0.5_K5_N10000_cnn_E1_clr0.01_fedopt_sgd_slr1.0_sam_rho0.1_112125_19:29:23.ckpt
--- Round 234 of 10000: Training 5 Clients ---
Selected clients: ['55', '77', '94', '12', '30']
--- Updating central model ---
Checkpoint saved in path: checkpoints/cifar10/alpha0.5_K5_N10000_cnn_E1_clr0.01_fedopt_sgd_slr1.0_sam_rho0.1_112125_19:29:23.ckpt
--- Round 235 of 10000: Training 5 Clients ---
Selected clients: ['82', '16', '3', '37', '75']
--- Updating central model ---
Checkpoint saved in path: checkpoints/cifar10/alpha0.5_K5_N10000_cnn_E1_clr0.01_fedopt_sgd_slr1.0_sam_rho0.1_112125_19:29:23.ckpt
--- Round 236 of 10000: Training 5 Clients ---
Selected clients: ['60', '7', '92', '21', '29']
--- Updating central model ---
Checkpoint saved in path: checkpoints/cifar10/alpha0.5_K5_N10000_cnn_E1_clr0.01_fedopt_sgd_slr1.0_sam_rho0.1_112125_19:29:23.ckpt
--- Round 237 of 10000: Training 5 Clients ---
Selected clients: ['97', '90', '74', '26', '60']
--- Updating central model ---
Checkpoint saved in path: checkpoints/cifar10/alpha0.5_K5_N10000_cnn_E1_clr0.01_fedopt_sgd_slr1.0_sam_rho0.1_112125_19:29:23.ckpt
--- Round 238 of 10000: Training 5 Clients ---
Selected clients: ['77', '21', '34', '65', '57']
--- Updating central model ---
Checkpoint saved in path: checkpoints/cifar10/alpha0.5_K5_N10000_cnn_E1_clr0.01_fedopt_sgd_slr1.0_sam_rho0.1_112125_19:29:23.ckpt
--- Round 239 of 10000: Training 5 Clients ---
Selected clients: ['97', '49', '47', '40', '48']
--- Updating central model ---
Checkpoint saved in path: checkpoints/cifar10/alpha0.5_K5_N10000_cnn_E1_clr0.01_fedopt_sgd_slr1.0_sam_rho0.1_112125_19:29:23.ckpt
--- Round 240 of 10000: Training 5 Clients ---
Selected clients: ['4', '88', '33', '15', '20']
--- Updating central model ---
Checkpoint saved in path: checkpoints/cifar10/alpha0.5_K5_N10000_cnn_E1_clr0.01_fedopt_sgd_slr1.0_sam_rho0.1_112125_19:29:23.ckpt
--- Round 241 of 10000: Training 5 Clients ---
Selected clients: ['23', '6', '17', '16', '15']
--- Updating central model ---
Checkpoint saved in path: checkpoints/cifar10/alpha0.5_K5_N10000_cnn_E1_clr0.01_fedopt_sgd_slr1.0_sam_rho0.1_112125_19:29:23.ckpt
--- Round 242 of 10000: Training 5 Clients ---
Selected clients: ['30', '7', '45', '94', '39']
--- Updating central model ---
Checkpoint saved in path: checkpoints/cifar10/alpha0.5_K5_N10000_cnn_E1_clr0.01_fedopt_sgd_slr1.0_sam_rho0.1_112125_19:29:23.ckpt
--- Round 243 of 10000: Training 5 Clients ---
Selected clients: ['58', '32', '44', '7', '30']
--- Updating central model ---
Checkpoint saved in path: checkpoints/cifar10/alpha0.5_K5_N10000_cnn_E1_clr0.01_fedopt_sgd_slr1.0_sam_rho0.1_112125_19:29:23.ckpt
--- Round 244 of 10000: Training 5 Clients ---
Selected clients: ['64', '27', '3', '49', '22']
--- Updating central model ---
Checkpoint saved in path: checkpoints/cifar10/alpha0.5_K5_N10000_cnn_E1_clr0.01_fedopt_sgd_slr1.0_sam_rho0.1_112125_19:29:23.ckpt
--- Round 245 of 10000: Training 5 Clients ---
Selected clients: ['28', '62', '4', '68', '80']
--- Updating central model ---
Checkpoint saved in path: checkpoints/cifar10/alpha0.5_K5_N10000_cnn_E1_clr0.01_fedopt_sgd_slr1.0_sam_rho0.1_112125_19:29:23.ckpt
--- Round 246 of 10000: Training 5 Clients ---
Selected clients: ['23', '93', '74', '26', '90']
--- Updating central model ---
Checkpoint saved in path: checkpoints/cifar10/alpha0.5_K5_N10000_cnn_E1_clr0.01_fedopt_sgd_slr1.0_sam_rho0.1_112125_19:29:23.ckpt
--- Round 247 of 10000: Training 5 Clients ---
Selected clients: ['29', '88', '52', '21', '46']
--- Updating central model ---
Checkpoint saved in path: checkpoints/cifar10/alpha0.5_K5_N10000_cnn_E1_clr0.01_fedopt_sgd_slr1.0_sam_rho0.1_112125_19:29:23.ckpt
--- Round 248 of 10000: Training 5 Clients ---
Selected clients: ['63', '87', '36', '28', '71']
--- Updating central model ---
Checkpoint saved in path: checkpoints/cifar10/alpha0.5_K5_N10000_cnn_E1_clr0.01_fedopt_sgd_slr1.0_sam_rho0.1_112125_19:29:23.ckpt
--- Round 249 of 10000: Training 5 Clients ---
Selected clients: ['25', '16', '89', '53', '3']
--- Updating central model ---
Checkpoint saved in path: checkpoints/cifar10/alpha0.5_K5_N10000_cnn_E1_clr0.01_fedopt_sgd_slr1.0_sam_rho0.1_112125_19:29:23.ckpt
--- Round 250 of 10000: Training 5 Clients ---
Selected clients: ['34', '7', '36', '86', '82']
--- Updating central model ---
Checkpoint saved in path: checkpoints/cifar10/alpha0.5_K5_N10000_cnn_E1_clr0.01_fedopt_sgd_slr1.0_sam_rho0.1_112125_19:29:23.ckpt
--- Round 251 of 10000: Training 5 Clients ---
Selected clients: ['89', '62', '31', '60', '45']
--- Updating central model ---
Checkpoint saved in path: checkpoints/cifar10/alpha0.5_K5_N10000_cnn_E1_clr0.01_fedopt_sgd_slr1.0_sam_rho0.1_112125_19:29:23.ckpt
--- Round 252 of 10000: Training 5 Clients ---
Selected clients: ['68', '23', '87', '51', '45']
--- Updating central model ---
Checkpoint saved in path: checkpoints/cifar10/alpha0.5_K5_N10000_cnn_E1_clr0.01_fedopt_sgd_slr1.0_sam_rho0.1_112125_19:29:23.ckpt
--- Round 253 of 10000: Training 5 Clients ---
Selected clients: ['26', '27', '73', '28', '78']
--- Updating central model ---
Checkpoint saved in path: checkpoints/cifar10/alpha0.5_K5_N10000_cnn_E1_clr0.01_fedopt_sgd_slr1.0_sam_rho0.1_112125_19:29:23.ckpt
--- Round 254 of 10000: Training 5 Clients ---
Selected clients: ['99', '0', '97', '49', '88']
--- Updating central model ---
Checkpoint saved in path: checkpoints/cifar10/alpha0.5_K5_N10000_cnn_E1_clr0.01_fedopt_sgd_slr1.0_sam_rho0.1_112125_19:29:23.ckpt
--- Round 255 of 10000: Training 5 Clients ---
Selected clients: ['26', '76', '60', '2', '77']
--- Updating central model ---
Checkpoint saved in path: checkpoints/cifar10/alpha0.5_K5_N10000_cnn_E1_clr0.01_fedopt_sgd_slr1.0_sam_rho0.1_112125_19:29:23.ckpt
--- Round 256 of 10000: Training 5 Clients ---
Selected clients: ['39', '73', '3', '20', '83']
--- Updating central model ---
Checkpoint saved in path: checkpoints/cifar10/alpha0.5_K5_N10000_cnn_E1_clr0.01_fedopt_sgd_slr1.0_sam_rho0.1_112125_19:29:23.ckpt
--- Round 257 of 10000: Training 5 Clients ---
Selected clients: ['71', '79', '13', '68', '10']
--- Updating central model ---
Checkpoint saved in path: checkpoints/cifar10/alpha0.5_K5_N10000_cnn_E1_clr0.01_fedopt_sgd_slr1.0_sam_rho0.1_112125_19:29:23.ckpt
--- Round 258 of 10000: Training 5 Clients ---
Selected clients: ['68', '42', '27', '94', '18']
--- Updating central model ---
Checkpoint saved in path: checkpoints/cifar10/alpha0.5_K5_N10000_cnn_E1_clr0.01_fedopt_sgd_slr1.0_sam_rho0.1_112125_19:29:23.ckpt
--- Round 259 of 10000: Training 5 Clients ---
Selected clients: ['16', '42', '73', '80', '38']
--- Updating central model ---
Checkpoint saved in path: checkpoints/cifar10/alpha0.5_K5_N10000_cnn_E1_clr0.01_fedopt_sgd_slr1.0_sam_rho0.1_112125_19:29:23.ckpt
--- Round 260 of 10000: Training 5 Clients ---
Selected clients: ['47', '93', '77', '90', '55']
--- Updating central model ---
Checkpoint saved in path: checkpoints/cifar10/alpha0.5_K5_N10000_cnn_E1_clr0.01_fedopt_sgd_slr1.0_sam_rho0.1_112125_19:29:23.ckpt
--- Round 261 of 10000: Training 5 Clients ---
Selected clients: ['63', '73', '22', '88', '24']
--- Updating central model ---
Checkpoint saved in path: checkpoints/cifar10/alpha0.5_K5_N10000_cnn_E1_clr0.01_fedopt_sgd_slr1.0_sam_rho0.1_112125_19:29:23.ckpt
--- Round 262 of 10000: Training 5 Clients ---
Selected clients: ['81', '73', '7', '11', '67']
--- Updating central model ---
Checkpoint saved in path: checkpoints/cifar10/alpha0.5_K5_N10000_cnn_E1_clr0.01_fedopt_sgd_slr1.0_sam_rho0.1_112125_19:29:23.ckpt
--- Round 263 of 10000: Training 5 Clients ---
Selected clients: ['97', '14', '96', '6', '23']
--- Updating central model ---
Checkpoint saved in path: checkpoints/cifar10/alpha0.5_K5_N10000_cnn_E1_clr0.01_fedopt_sgd_slr1.0_sam_rho0.1_112125_19:29:23.ckpt
--- Round 264 of 10000: Training 5 Clients ---
Selected clients: ['50', '23', '24', '17', '73']
--- Updating central model ---
Checkpoint saved in path: checkpoints/cifar10/alpha0.5_K5_N10000_cnn_E1_clr0.01_fedopt_sgd_slr1.0_sam_rho0.1_112125_19:29:23.ckpt
--- Round 265 of 10000: Training 5 Clients ---
Selected clients: ['94', '39', '29', '51', '90']
--- Updating central model ---
Checkpoint saved in path: checkpoints/cifar10/alpha0.5_K5_N10000_cnn_E1_clr0.01_fedopt_sgd_slr1.0_sam_rho0.1_112125_19:29:23.ckpt
--- Round 266 of 10000: Training 5 Clients ---
Selected clients: ['74', '58', '4', '99', '11']
--- Updating central model ---
Checkpoint saved in path: checkpoints/cifar10/alpha0.5_K5_N10000_cnn_E1_clr0.01_fedopt_sgd_slr1.0_sam_rho0.1_112125_19:29:23.ckpt
--- Round 267 of 10000: Training 5 Clients ---
Selected clients: ['89', '72', '16', '43', '8']
--- Updating central model ---
Checkpoint saved in path: checkpoints/cifar10/alpha0.5_K5_N10000_cnn_E1_clr0.01_fedopt_sgd_slr1.0_sam_rho0.1_112125_19:29:23.ckpt
--- Round 268 of 10000: Training 5 Clients ---
Selected clients: ['99', '40', '33', '93', '67']
--- Updating central model ---
Checkpoint saved in path: checkpoints/cifar10/alpha0.5_K5_N10000_cnn_E1_clr0.01_fedopt_sgd_slr1.0_sam_rho0.1_112125_19:29:23.ckpt
--- Round 269 of 10000: Training 5 Clients ---
Selected clients: ['23', '55', '57', '89', '33']
--- Updating central model ---
Checkpoint saved in path: checkpoints/cifar10/alpha0.5_K5_N10000_cnn_E1_clr0.01_fedopt_sgd_slr1.0_sam_rho0.1_112125_19:29:23.ckpt
--- Round 270 of 10000: Training 5 Clients ---
Selected clients: ['26', '5', '68', '88', '48']
--- Updating central model ---
Checkpoint saved in path: checkpoints/cifar10/alpha0.5_K5_N10000_cnn_E1_clr0.01_fedopt_sgd_slr1.0_sam_rho0.1_112125_19:29:23.ckpt
--- Round 271 of 10000: Training 5 Clients ---
Selected clients: ['6', '18', '12', '88', '76']
--- Updating central model ---
Checkpoint saved in path: checkpoints/cifar10/alpha0.5_K5_N10000_cnn_E1_clr0.01_fedopt_sgd_slr1.0_sam_rho0.1_112125_19:29:23.ckpt
--- Round 272 of 10000: Training 5 Clients ---
Selected clients: ['40', '32', '30', '11', '72']
--- Updating central model ---
Checkpoint saved in path: checkpoints/cifar10/alpha0.5_K5_N10000_cnn_E1_clr0.01_fedopt_sgd_slr1.0_sam_rho0.1_112125_19:29:23.ckpt
--- Round 273 of 10000: Training 5 Clients ---
Selected clients: ['80', '60', '6', '37', '23']
--- Updating central model ---
Checkpoint saved in path: checkpoints/cifar10/alpha0.5_K5_N10000_cnn_E1_clr0.01_fedopt_sgd_slr1.0_sam_rho0.1_112125_19:29:23.ckpt
--- Round 274 of 10000: Training 5 Clients ---
Selected clients: ['93', '59', '31', '86', '71']
--- Updating central model ---
Checkpoint saved in path: checkpoints/cifar10/alpha0.5_K5_N10000_cnn_E1_clr0.01_fedopt_sgd_slr1.0_sam_rho0.1_112125_19:29:23.ckpt
--- Round 275 of 10000: Training 5 Clients ---
Selected clients: ['67', '97', '4', '22', '65']
--- Updating central model ---
Checkpoint saved in path: checkpoints/cifar10/alpha0.5_K5_N10000_cnn_E1_clr0.01_fedopt_sgd_slr1.0_sam_rho0.1_112125_19:29:23.ckpt
--- Round 276 of 10000: Training 5 Clients ---
Selected clients: ['41', '11', '28', '89', '77']
--- Updating central model ---
Checkpoint saved in path: checkpoints/cifar10/alpha0.5_K5_N10000_cnn_E1_clr0.01_fedopt_sgd_slr1.0_sam_rho0.1_112125_19:29:23.ckpt
--- Round 277 of 10000: Training 5 Clients ---
Selected clients: ['2', '78', '81', '92', '64']
--- Updating central model ---
Checkpoint saved in path: checkpoints/cifar10/alpha0.5_K5_N10000_cnn_E1_clr0.01_fedopt_sgd_slr1.0_sam_rho0.1_112125_19:29:23.ckpt
--- Round 278 of 10000: Training 5 Clients ---
Selected clients: ['33', '55', '12', '73', '48']
--- Updating central model ---
Checkpoint saved in path: checkpoints/cifar10/alpha0.5_K5_N10000_cnn_E1_clr0.01_fedopt_sgd_slr1.0_sam_rho0.1_112125_19:29:23.ckpt
--- Round 279 of 10000: Training 5 Clients ---
Selected clients: ['68', '81', '77', '39', '47']
--- Updating central model ---
Checkpoint saved in path: checkpoints/cifar10/alpha0.5_K5_N10000_cnn_E1_clr0.01_fedopt_sgd_slr1.0_sam_rho0.1_112125_19:29:23.ckpt
--- Round 280 of 10000: Training 5 Clients ---
Selected clients: ['87', '49', '91', '81', '9']
--- Updating central model ---
Checkpoint saved in path: checkpoints/cifar10/alpha0.5_K5_N10000_cnn_E1_clr0.01_fedopt_sgd_slr1.0_sam_rho0.1_112125_19:29:23.ckpt
--- Round 281 of 10000: Training 5 Clients ---
Selected clients: ['52', '93', '95', '32', '23']
--- Updating central model ---
Checkpoint saved in path: checkpoints/cifar10/alpha0.5_K5_N10000_cnn_E1_clr0.01_fedopt_sgd_slr1.0_sam_rho0.1_112125_19:29:23.ckpt
--- Round 282 of 10000: Training 5 Clients ---
Selected clients: ['31', '82', '77', '45', '68']
--- Updating central model ---
Checkpoint saved in path: checkpoints/cifar10/alpha0.5_K5_N10000_cnn_E1_clr0.01_fedopt_sgd_slr1.0_sam_rho0.1_112125_19:29:23.ckpt
--- Round 283 of 10000: Training 5 Clients ---
Selected clients: ['81', '72', '69', '10', '42']
--- Updating central model ---
Checkpoint saved in path: checkpoints/cifar10/alpha0.5_K5_N10000_cnn_E1_clr0.01_fedopt_sgd_slr1.0_sam_rho0.1_112125_19:29:23.ckpt
--- Round 284 of 10000: Training 5 Clients ---
Selected clients: ['28', '85', '6', '20', '91']
--- Updating central model ---
Checkpoint saved in path: checkpoints/cifar10/alpha0.5_K5_N10000_cnn_E1_clr0.01_fedopt_sgd_slr1.0_sam_rho0.1_112125_19:29:23.ckpt
--- Round 285 of 10000: Training 5 Clients ---
Selected clients: ['15', '98', '13', '83', '22']
--- Updating central model ---
Checkpoint saved in path: checkpoints/cifar10/alpha0.5_K5_N10000_cnn_E1_clr0.01_fedopt_sgd_slr1.0_sam_rho0.1_112125_19:29:23.ckpt
--- Round 286 of 10000: Training 5 Clients ---
Selected clients: ['74', '10', '71', '69', '31']
--- Updating central model ---
Checkpoint saved in path: checkpoints/cifar10/alpha0.5_K5_N10000_cnn_E1_clr0.01_fedopt_sgd_slr1.0_sam_rho0.1_112125_19:29:23.ckpt
--- Round 287 of 10000: Training 5 Clients ---
Selected clients: ['33', '34', '21', '98', '58']
--- Updating central model ---
Checkpoint saved in path: checkpoints/cifar10/alpha0.5_K5_N10000_cnn_E1_clr0.01_fedopt_sgd_slr1.0_sam_rho0.1_112125_19:29:23.ckpt
--- Round 288 of 10000: Training 5 Clients ---
Selected clients: ['32', '97', '51', '73', '50']
--- Updating central model ---
Checkpoint saved in path: checkpoints/cifar10/alpha0.5_K5_N10000_cnn_E1_clr0.01_fedopt_sgd_slr1.0_sam_rho0.1_112125_19:29:23.ckpt
--- Round 289 of 10000: Training 5 Clients ---
Selected clients: ['99', '42', '20', '17', '8']
--- Updating central model ---
Checkpoint saved in path: checkpoints/cifar10/alpha0.5_K5_N10000_cnn_E1_clr0.01_fedopt_sgd_slr1.0_sam_rho0.1_112125_19:29:23.ckpt
--- Round 290 of 10000: Training 5 Clients ---
Selected clients: ['25', '20', '56', '66', '65']
--- Updating central model ---
Checkpoint saved in path: checkpoints/cifar10/alpha0.5_K5_N10000_cnn_E1_clr0.01_fedopt_sgd_slr1.0_sam_rho0.1_112125_19:29:23.ckpt
--- Round 291 of 10000: Training 5 Clients ---
Selected clients: ['41', '34', '89', '7', '13']
--- Updating central model ---
Checkpoint saved in path: checkpoints/cifar10/alpha0.5_K5_N10000_cnn_E1_clr0.01_fedopt_sgd_slr1.0_sam_rho0.1_112125_19:29:23.ckpt
--- Round 292 of 10000: Training 5 Clients ---
Selected clients: ['72', '92', '19', '80', '45']
--- Updating central model ---
Checkpoint saved in path: checkpoints/cifar10/alpha0.5_K5_N10000_cnn_E1_clr0.01_fedopt_sgd_slr1.0_sam_rho0.1_112125_19:29:23.ckpt
--- Round 293 of 10000: Training 5 Clients ---
Selected clients: ['37', '91', '67', '12', '27']
--- Updating central model ---
Checkpoint saved in path: checkpoints/cifar10/alpha0.5_K5_N10000_cnn_E1_clr0.01_fedopt_sgd_slr1.0_sam_rho0.1_112125_19:29:23.ckpt
--- Round 294 of 10000: Training 5 Clients ---
Selected clients: ['88', '69', '62', '47', '80']
--- Updating central model ---
Checkpoint saved in path: checkpoints/cifar10/alpha0.5_K5_N10000_cnn_E1_clr0.01_fedopt_sgd_slr1.0_sam_rho0.1_112125_19:29:23.ckpt
--- Round 295 of 10000: Training 5 Clients ---
Selected clients: ['10', '98', '79', '2', '11']
--- Updating central model ---
Checkpoint saved in path: checkpoints/cifar10/alpha0.5_K5_N10000_cnn_E1_clr0.01_fedopt_sgd_slr1.0_sam_rho0.1_112125_19:29:23.ckpt
--- Round 296 of 10000: Training 5 Clients ---
Selected clients: ['92', '22', '17', '7', '48']
--- Updating central model ---
Checkpoint saved in path: checkpoints/cifar10/alpha0.5_K5_N10000_cnn_E1_clr0.01_fedopt_sgd_slr1.0_sam_rho0.1_112125_19:29:23.ckpt
--- Round 297 of 10000: Training 5 Clients ---
Selected clients: ['53', '2', '85', '80', '92']
--- Updating central model ---
Checkpoint saved in path: checkpoints/cifar10/alpha0.5_K5_N10000_cnn_E1_clr0.01_fedopt_sgd_slr1.0_sam_rho0.1_112125_19:29:23.ckpt
--- Round 298 of 10000: Training 5 Clients ---
Selected clients: ['63', '54', '78', '38', '45']
--- Updating central model ---
Checkpoint saved in path: checkpoints/cifar10/alpha0.5_K5_N10000_cnn_E1_clr0.01_fedopt_sgd_slr1.0_sam_rho0.1_112125_19:29:23.ckpt
--- Round 299 of 10000: Training 5 Clients ---
Selected clients: ['42', '11', '54', '63', '74']
--- Updating central model ---
Checkpoint saved in path: checkpoints/cifar10/alpha0.5_K5_N10000_cnn_E1_clr0.01_fedopt_sgd_slr1.0_sam_rho0.1_112125_19:29:23.ckpt
--- Round 300 of 10000: Training 5 Clients ---
Selected clients: ['72', '74', '59', '2', '52']
--- Updating central model ---
train_accuracy: 21.4314, 10th percentile: 10.2079, 50th percentile: 20.005, 90th percentile 35.0057
train_loss: 2.27428, 10th percentile: 2.24595, 50th percentile: 2.27575, 90th percentile 2.31136
test_accuracy: 22.72, 10th percentile: 22.72, 50th percentile: 22.72, 90th percentile 22.72
test_loss: 2.2733, 10th percentile: 2.2733, 50th percentile: 2.2733, 90th percentile 2.2733
Checkpoint saved in path: checkpoints/cifar10/alpha0.5_K5_N10000_cnn_E1_clr0.01_fedopt_sgd_slr1.0_sam_rho0.1_112125_19:29:23.ckpt
--- Round 301 of 10000: Training 5 Clients ---
Selected clients: ['35', '70', '59', '62', '79']
--- Updating central model ---
Checkpoint saved in path: checkpoints/cifar10/alpha0.5_K5_N10000_cnn_E1_clr0.01_fedopt_sgd_slr1.0_sam_rho0.1_112125_19:29:23.ckpt
--- Round 302 of 10000: Training 5 Clients ---
Selected clients: ['40', '53', '36', '93', '19']
--- Updating central model ---
Checkpoint saved in path: checkpoints/cifar10/alpha0.5_K5_N10000_cnn_E1_clr0.01_fedopt_sgd_slr1.0_sam_rho0.1_112125_19:29:23.ckpt
--- Round 303 of 10000: Training 5 Clients ---
Selected clients: ['72', '87', '89', '48', '45']
--- Updating central model ---
Checkpoint saved in path: checkpoints/cifar10/alpha0.5_K5_N10000_cnn_E1_clr0.01_fedopt_sgd_slr1.0_sam_rho0.1_112125_19:29:23.ckpt
--- Round 304 of 10000: Training 5 Clients ---
Selected clients: ['33', '13', '4', '83', '96']
--- Updating central model ---
Checkpoint saved in path: checkpoints/cifar10/alpha0.5_K5_N10000_cnn_E1_clr0.01_fedopt_sgd_slr1.0_sam_rho0.1_112125_19:29:23.ckpt
--- Round 305 of 10000: Training 5 Clients ---
Selected clients: ['45', '41', '96', '51', '15']
--- Updating central model ---
Checkpoint saved in path: checkpoints/cifar10/alpha0.5_K5_N10000_cnn_E1_clr0.01_fedopt_sgd_slr1.0_sam_rho0.1_112125_19:29:23.ckpt
--- Round 306 of 10000: Training 5 Clients ---
Selected clients: ['54', '72', '42', '70', '36']
--- Updating central model ---
Checkpoint saved in path: checkpoints/cifar10/alpha0.5_K5_N10000_cnn_E1_clr0.01_fedopt_sgd_slr1.0_sam_rho0.1_112125_19:29:23.ckpt
--- Round 307 of 10000: Training 5 Clients ---
Selected clients: ['1', '22', '18', '64', '78']
--- Updating central model ---
Checkpoint saved in path: checkpoints/cifar10/alpha0.5_K5_N10000_cnn_E1_clr0.01_fedopt_sgd_slr1.0_sam_rho0.1_112125_19:29:23.ckpt
--- Round 308 of 10000: Training 5 Clients ---
Selected clients: ['52', '38', '71', '24', '96']
--- Updating central model ---
Checkpoint saved in path: checkpoints/cifar10/alpha0.5_K5_N10000_cnn_E1_clr0.01_fedopt_sgd_slr1.0_sam_rho0.1_112125_19:29:23.ckpt
--- Round 309 of 10000: Training 5 Clients ---
Selected clients: ['84', '99', '51', '76', '41']
--- Updating central model ---
Checkpoint saved in path: checkpoints/cifar10/alpha0.5_K5_N10000_cnn_E1_clr0.01_fedopt_sgd_slr1.0_sam_rho0.1_112125_19:29:23.ckpt
--- Round 310 of 10000: Training 5 Clients ---
Selected clients: ['46', '49', '23', '67', '85']
--- Updating central model ---
Checkpoint saved in path: checkpoints/cifar10/alpha0.5_K5_N10000_cnn_E1_clr0.01_fedopt_sgd_slr1.0_sam_rho0.1_112125_19:29:23.ckpt
--- Round 311 of 10000: Training 5 Clients ---
Selected clients: ['81', '17', '26', '56', '62']
--- Updating central model ---
Checkpoint saved in path: checkpoints/cifar10/alpha0.5_K5_N10000_cnn_E1_clr0.01_fedopt_sgd_slr1.0_sam_rho0.1_112125_19:29:23.ckpt
--- Round 312 of 10000: Training 5 Clients ---
Selected clients: ['42', '26', '46', '48', '73']
--- Updating central model ---
Checkpoint saved in path: checkpoints/cifar10/alpha0.5_K5_N10000_cnn_E1_clr0.01_fedopt_sgd_slr1.0_sam_rho0.1_112125_19:29:23.ckpt
--- Round 313 of 10000: Training 5 Clients ---
Selected clients: ['38', '90', '22', '6', '94']
--- Updating central model ---
Checkpoint saved in path: checkpoints/cifar10/alpha0.5_K5_N10000_cnn_E1_clr0.01_fedopt_sgd_slr1.0_sam_rho0.1_112125_19:29:23.ckpt
--- Round 314 of 10000: Training 5 Clients ---
Selected clients: ['32', '5', '64', '93', '37']
--- Updating central model ---
Checkpoint saved in path: checkpoints/cifar10/alpha0.5_K5_N10000_cnn_E1_clr0.01_fedopt_sgd_slr1.0_sam_rho0.1_112125_19:29:23.ckpt
--- Round 315 of 10000: Training 5 Clients ---
Selected clients: ['85', '39', '65', '31', '51']
--- Updating central model ---
Checkpoint saved in path: checkpoints/cifar10/alpha0.5_K5_N10000_cnn_E1_clr0.01_fedopt_sgd_slr1.0_sam_rho0.1_112125_19:29:23.ckpt
--- Round 316 of 10000: Training 5 Clients ---
Selected clients: ['55', '30', '13', '28', '38']
--- Updating central model ---
Checkpoint saved in path: checkpoints/cifar10/alpha0.5_K5_N10000_cnn_E1_clr0.01_fedopt_sgd_slr1.0_sam_rho0.1_112125_19:29:23.ckpt
--- Round 317 of 10000: Training 5 Clients ---
Selected clients: ['66', '52', '26', '92', '1']
--- Updating central model ---
Checkpoint saved in path: checkpoints/cifar10/alpha0.5_K5_N10000_cnn_E1_clr0.01_fedopt_sgd_slr1.0_sam_rho0.1_112125_19:29:23.ckpt
--- Round 318 of 10000: Training 5 Clients ---
Selected clients: ['20', '23', '45', '63', '24']
--- Updating central model ---
Checkpoint saved in path: checkpoints/cifar10/alpha0.5_K5_N10000_cnn_E1_clr0.01_fedopt_sgd_slr1.0_sam_rho0.1_112125_19:29:23.ckpt
--- Round 319 of 10000: Training 5 Clients ---
Selected clients: ['28', '90', '67', '42', '84']
--- Updating central model ---
Checkpoint saved in path: checkpoints/cifar10/alpha0.5_K5_N10000_cnn_E1_clr0.01_fedopt_sgd_slr1.0_sam_rho0.1_112125_19:29:23.ckpt
--- Round 320 of 10000: Training 5 Clients ---
Selected clients: ['88', '99', '5', '96', '58']
--- Updating central model ---
Checkpoint saved in path: checkpoints/cifar10/alpha0.5_K5_N10000_cnn_E1_clr0.01_fedopt_sgd_slr1.0_sam_rho0.1_112125_19:29:23.ckpt
--- Round 321 of 10000: Training 5 Clients ---
Selected clients: ['68', '66', '25', '10', '92']
--- Updating central model ---
Checkpoint saved in path: checkpoints/cifar10/alpha0.5_K5_N10000_cnn_E1_clr0.01_fedopt_sgd_slr1.0_sam_rho0.1_112125_19:29:23.ckpt
--- Round 322 of 10000: Training 5 Clients ---
Selected clients: ['19', '54', '28', '2', '5']
--- Updating central model ---
Checkpoint saved in path: checkpoints/cifar10/alpha0.5_K5_N10000_cnn_E1_clr0.01_fedopt_sgd_slr1.0_sam_rho0.1_112125_19:29:23.ckpt
--- Round 323 of 10000: Training 5 Clients ---
Selected clients: ['82', '91', '24', '96', '90']
--- Updating central model ---
Checkpoint saved in path: checkpoints/cifar10/alpha0.5_K5_N10000_cnn_E1_clr0.01_fedopt_sgd_slr1.0_sam_rho0.1_112125_19:29:23.ckpt
--- Round 324 of 10000: Training 5 Clients ---
Selected clients: ['19', '43', '24', '2', '6']
--- Updating central model ---
Checkpoint saved in path: checkpoints/cifar10/alpha0.5_K5_N10000_cnn_E1_clr0.01_fedopt_sgd_slr1.0_sam_rho0.1_112125_19:29:23.ckpt
--- Round 325 of 10000: Training 5 Clients ---
Selected clients: ['18', '56', '64', '25', '77']
--- Updating central model ---
Checkpoint saved in path: checkpoints/cifar10/alpha0.5_K5_N10000_cnn_E1_clr0.01_fedopt_sgd_slr1.0_sam_rho0.1_112125_19:29:23.ckpt
--- Round 326 of 10000: Training 5 Clients ---
Selected clients: ['84', '64', '30', '72', '56']
--- Updating central model ---
Checkpoint saved in path: checkpoints/cifar10/alpha0.5_K5_N10000_cnn_E1_clr0.01_fedopt_sgd_slr1.0_sam_rho0.1_112125_19:29:23.ckpt
--- Round 327 of 10000: Training 5 Clients ---
Selected clients: ['71', '61', '35', '83', '34']
--- Updating central model ---
Checkpoint saved in path: checkpoints/cifar10/alpha0.5_K5_N10000_cnn_E1_clr0.01_fedopt_sgd_slr1.0_sam_rho0.1_112125_19:29:23.ckpt
--- Round 328 of 10000: Training 5 Clients ---
Selected clients: ['70', '14', '3', '71', '80']
--- Updating central model ---
Checkpoint saved in path: checkpoints/cifar10/alpha0.5_K5_N10000_cnn_E1_clr0.01_fedopt_sgd_slr1.0_sam_rho0.1_112125_19:29:23.ckpt
--- Round 329 of 10000: Training 5 Clients ---
Selected clients: ['66', '59', '76', '51', '85']
--- Updating central model ---
Checkpoint saved in path: checkpoints/cifar10/alpha0.5_K5_N10000_cnn_E1_clr0.01_fedopt_sgd_slr1.0_sam_rho0.1_112125_19:29:23.ckpt
--- Round 330 of 10000: Training 5 Clients ---
Selected clients: ['16', '88', '87', '58', '84']
--- Updating central model ---
Checkpoint saved in path: checkpoints/cifar10/alpha0.5_K5_N10000_cnn_E1_clr0.01_fedopt_sgd_slr1.0_sam_rho0.1_112125_19:29:23.ckpt
--- Round 331 of 10000: Training 5 Clients ---
Selected clients: ['19', '50', '73', '55', '51']
--- Updating central model ---
Checkpoint saved in path: checkpoints/cifar10/alpha0.5_K5_N10000_cnn_E1_clr0.01_fedopt_sgd_slr1.0_sam_rho0.1_112125_19:29:23.ckpt
--- Round 332 of 10000: Training 5 Clients ---
Selected clients: ['40', '10', '96', '35', '93']
--- Updating central model ---
Checkpoint saved in path: checkpoints/cifar10/alpha0.5_K5_N10000_cnn_E1_clr0.01_fedopt_sgd_slr1.0_sam_rho0.1_112125_19:29:23.ckpt
--- Round 333 of 10000: Training 5 Clients ---
Selected clients: ['98', '53', '31', '40', '60']
--- Updating central model ---
Checkpoint saved in path: checkpoints/cifar10/alpha0.5_K5_N10000_cnn_E1_clr0.01_fedopt_sgd_slr1.0_sam_rho0.1_112125_19:29:23.ckpt
--- Round 334 of 10000: Training 5 Clients ---
Selected clients: ['25', '85', '59', '15', '24']
--- Updating central model ---
Checkpoint saved in path: checkpoints/cifar10/alpha0.5_K5_N10000_cnn_E1_clr0.01_fedopt_sgd_slr1.0_sam_rho0.1_112125_19:29:23.ckpt
--- Round 335 of 10000: Training 5 Clients ---
Selected clients: ['63', '31', '11', '42', '0']
--- Updating central model ---
Checkpoint saved in path: checkpoints/cifar10/alpha0.5_K5_N10000_cnn_E1_clr0.01_fedopt_sgd_slr1.0_sam_rho0.1_112125_19:29:23.ckpt
--- Round 336 of 10000: Training 5 Clients ---
Selected clients: ['28', '32', '86', '83', '44']
--- Updating central model ---
Checkpoint saved in path: checkpoints/cifar10/alpha0.5_K5_N10000_cnn_E1_clr0.01_fedopt_sgd_slr1.0_sam_rho0.1_112125_19:29:23.ckpt
--- Round 337 of 10000: Training 5 Clients ---
Selected clients: ['86', '60', '20', '12', '48']
--- Updating central model ---
Checkpoint saved in path: checkpoints/cifar10/alpha0.5_K5_N10000_cnn_E1_clr0.01_fedopt_sgd_slr1.0_sam_rho0.1_112125_19:29:23.ckpt
--- Round 338 of 10000: Training 5 Clients ---
Selected clients: ['50', '13', '5', '81', '46']
--- Updating central model ---
Checkpoint saved in path: checkpoints/cifar10/alpha0.5_K5_N10000_cnn_E1_clr0.01_fedopt_sgd_slr1.0_sam_rho0.1_112125_19:29:23.ckpt
--- Round 339 of 10000: Training 5 Clients ---
Selected clients: ['11', '62', '23', '84', '67']
--- Updating central model ---
Checkpoint saved in path: checkpoints/cifar10/alpha0.5_K5_N10000_cnn_E1_clr0.01_fedopt_sgd_slr1.0_sam_rho0.1_112125_19:29:23.ckpt
--- Round 340 of 10000: Training 5 Clients ---
Selected clients: ['42', '72', '76', '88', '15']
--- Updating central model ---
Checkpoint saved in path: checkpoints/cifar10/alpha0.5_K5_N10000_cnn_E1_clr0.01_fedopt_sgd_slr1.0_sam_rho0.1_112125_19:29:23.ckpt
--- Round 341 of 10000: Training 5 Clients ---
Selected clients: ['7', '41', '36', '4', '18']
--- Updating central model ---
Checkpoint saved in path: checkpoints/cifar10/alpha0.5_K5_N10000_cnn_E1_clr0.01_fedopt_sgd_slr1.0_sam_rho0.1_112125_19:29:23.ckpt
--- Round 342 of 10000: Training 5 Clients ---
Selected clients: ['40', '63', '22', '7', '85']
--- Updating central model ---
Checkpoint saved in path: checkpoints/cifar10/alpha0.5_K5_N10000_cnn_E1_clr0.01_fedopt_sgd_slr1.0_sam_rho0.1_112125_19:29:23.ckpt
--- Round 343 of 10000: Training 5 Clients ---
Selected clients: ['82', '68', '40', '75', '50']
--- Updating central model ---
Checkpoint saved in path: checkpoints/cifar10/alpha0.5_K5_N10000_cnn_E1_clr0.01_fedopt_sgd_slr1.0_sam_rho0.1_112125_19:29:23.ckpt
--- Round 344 of 10000: Training 5 Clients ---
Selected clients: ['26', '41', '47', '93', '29']
--- Updating central model ---
Checkpoint saved in path: checkpoints/cifar10/alpha0.5_K5_N10000_cnn_E1_clr0.01_fedopt_sgd_slr1.0_sam_rho0.1_112125_19:29:23.ckpt
--- Round 345 of 10000: Training 5 Clients ---
Selected clients: ['39', '75', '76', '41', '32']
--- Updating central model ---
Checkpoint saved in path: checkpoints/cifar10/alpha0.5_K5_N10000_cnn_E1_clr0.01_fedopt_sgd_slr1.0_sam_rho0.1_112125_19:29:23.ckpt
--- Round 346 of 10000: Training 5 Clients ---
Selected clients: ['65', '31', '53', '51', '52']
--- Updating central model ---
Checkpoint saved in path: checkpoints/cifar10/alpha0.5_K5_N10000_cnn_E1_clr0.01_fedopt_sgd_slr1.0_sam_rho0.1_112125_19:29:23.ckpt
--- Round 347 of 10000: Training 5 Clients ---
Selected clients: ['87', '24', '13', '45', '68']
--- Updating central model ---
Checkpoint saved in path: checkpoints/cifar10/alpha0.5_K5_N10000_cnn_E1_clr0.01_fedopt_sgd_slr1.0_sam_rho0.1_112125_19:29:23.ckpt
--- Round 348 of 10000: Training 5 Clients ---
Selected clients: ['86', '85', '91', '52', '62']
--- Updating central model ---
Checkpoint saved in path: checkpoints/cifar10/alpha0.5_K5_N10000_cnn_E1_clr0.01_fedopt_sgd_slr1.0_sam_rho0.1_112125_19:29:23.ckpt