Alpha: alpha_0.50
Using device: NVIDIA A100-SXM4-80GB
############################## cifar10.cnn ##############################
Running experiment with server servers.fedopt_server and client clients.sam_client
Verify client and server: <class 'clients.sam_client.SAMClient'> <class 'servers.fedopt_server.FedOptServer'>
Running influence estimation:   0%|          | 0/20 [00:00<?, ?it/s]wandb: WARNING `resume` will be ignored since W&B syncing is set to `offline`. Starting a new run with run id 4vbd2mm9.
wandb: Tracking run with wandb version 0.23.0
wandb: W&B syncing is set to `offline` in this directory. Run `wandb online` or set WANDB_MODE=online to enable cloud syncing.
wandb: Run data is saved locally in /home/mlr570t1/FedSAM_mem_inf-main/models/wandb/offline-run-20251121_192854-4vbd2mm9
Server optimizer: sgd with lr 1.0 and momentum 0
Start round: 0
Clients in Total: 100 training clients and 1 test clients
--- Random Initialization ---
--- Round 1 of 10000: Training 5 Clients ---
Selected clients: ['53', '71', '69', '48', '63']
--- Updating central model ---
Checkpoint saved in path: checkpoints/cifar10/alpha0.5_K5_N10000_cnn_E1_clr0.01_fedopt_sgd_slr1.0_sam_rho0.1_112125_19:29:33.ckpt
--- Round 2 of 10000: Training 5 Clients ---
Selected clients: ['40', '39', '44', '5', '74']
--- Updating central model ---
Checkpoint saved in path: checkpoints/cifar10/alpha0.5_K5_N10000_cnn_E1_clr0.01_fedopt_sgd_slr1.0_sam_rho0.1_112125_19:29:33.ckpt
--- Round 3 of 10000: Training 5 Clients ---
Selected clients: ['58', '16', '32', '56', '48']
--- Updating central model ---
Checkpoint saved in path: checkpoints/cifar10/alpha0.5_K5_N10000_cnn_E1_clr0.01_fedopt_sgd_slr1.0_sam_rho0.1_112125_19:29:33.ckpt
--- Round 4 of 10000: Training 5 Clients ---
Selected clients: ['81', '4', '56', '10', '58']
--- Updating central model ---
Checkpoint saved in path: checkpoints/cifar10/alpha0.5_K5_N10000_cnn_E1_clr0.01_fedopt_sgd_slr1.0_sam_rho0.1_112125_19:29:33.ckpt
--- Round 5 of 10000: Training 5 Clients ---
Selected clients: ['22', '81', '65', '59', '1']
--- Updating central model ---
Checkpoint saved in path: checkpoints/cifar10/alpha0.5_K5_N10000_cnn_E1_clr0.01_fedopt_sgd_slr1.0_sam_rho0.1_112125_19:29:33.ckpt
--- Round 6 of 10000: Training 5 Clients ---
Selected clients: ['13', '45', '35', '25', '94']
--- Updating central model ---
Checkpoint saved in path: checkpoints/cifar10/alpha0.5_K5_N10000_cnn_E1_clr0.01_fedopt_sgd_slr1.0_sam_rho0.1_112125_19:29:33.ckpt
--- Round 7 of 10000: Training 5 Clients ---
Selected clients: ['63', '48', '83', '41', '79']
--- Updating central model ---
Checkpoint saved in path: checkpoints/cifar10/alpha0.5_K5_N10000_cnn_E1_clr0.01_fedopt_sgd_slr1.0_sam_rho0.1_112125_19:29:33.ckpt
--- Round 8 of 10000: Training 5 Clients ---
Selected clients: ['69', '90', '94', '45', '76']
--- Updating central model ---
Checkpoint saved in path: checkpoints/cifar10/alpha0.5_K5_N10000_cnn_E1_clr0.01_fedopt_sgd_slr1.0_sam_rho0.1_112125_19:29:33.ckpt
--- Round 9 of 10000: Training 5 Clients ---
Selected clients: ['22', '89', '63', '49', '81']
--- Updating central model ---
Checkpoint saved in path: checkpoints/cifar10/alpha0.5_K5_N10000_cnn_E1_clr0.01_fedopt_sgd_slr1.0_sam_rho0.1_112125_19:29:33.ckpt
--- Round 10 of 10000: Training 5 Clients ---
Selected clients: ['88', '22', '35', '84', '42']
--- Updating central model ---
Checkpoint saved in path: checkpoints/cifar10/alpha0.5_K5_N10000_cnn_E1_clr0.01_fedopt_sgd_slr1.0_sam_rho0.1_112125_19:29:33.ckpt
--- Round 11 of 10000: Training 5 Clients ---
Selected clients: ['31', '81', '78', '70', '42']
--- Updating central model ---
Checkpoint saved in path: checkpoints/cifar10/alpha0.5_K5_N10000_cnn_E1_clr0.01_fedopt_sgd_slr1.0_sam_rho0.1_112125_19:29:33.ckpt
--- Round 12 of 10000: Training 5 Clients ---
Selected clients: ['66', '89', '70', '10', '69']
--- Updating central model ---
Checkpoint saved in path: checkpoints/cifar10/alpha0.5_K5_N10000_cnn_E1_clr0.01_fedopt_sgd_slr1.0_sam_rho0.1_112125_19:29:33.ckpt
--- Round 13 of 10000: Training 5 Clients ---
Selected clients: ['81', '26', '29', '45', '46']
--- Updating central model ---
Checkpoint saved in path: checkpoints/cifar10/alpha0.5_K5_N10000_cnn_E1_clr0.01_fedopt_sgd_slr1.0_sam_rho0.1_112125_19:29:33.ckpt
--- Round 14 of 10000: Training 5 Clients ---
Selected clients: ['67', '41', '40', '98', '7']
--- Updating central model ---
Checkpoint saved in path: checkpoints/cifar10/alpha0.5_K5_N10000_cnn_E1_clr0.01_fedopt_sgd_slr1.0_sam_rho0.1_112125_19:29:33.ckpt
--- Round 15 of 10000: Training 5 Clients ---
Selected clients: ['18', '30', '64', '40', '38']
--- Updating central model ---
Checkpoint saved in path: checkpoints/cifar10/alpha0.5_K5_N10000_cnn_E1_clr0.01_fedopt_sgd_slr1.0_sam_rho0.1_112125_19:29:33.ckpt
--- Round 16 of 10000: Training 5 Clients ---
Selected clients: ['15', '97', '34', '22', '29']
--- Updating central model ---
Checkpoint saved in path: checkpoints/cifar10/alpha0.5_K5_N10000_cnn_E1_clr0.01_fedopt_sgd_slr1.0_sam_rho0.1_112125_19:29:33.ckpt
--- Round 17 of 10000: Training 5 Clients ---
Selected clients: ['28', '43', '92', '63', '27']
--- Updating central model ---
Checkpoint saved in path: checkpoints/cifar10/alpha0.5_K5_N10000_cnn_E1_clr0.01_fedopt_sgd_slr1.0_sam_rho0.1_112125_19:29:33.ckpt
--- Round 18 of 10000: Training 5 Clients ---
Selected clients: ['79', '4', '84', '91', '51']
--- Updating central model ---
Checkpoint saved in path: checkpoints/cifar10/alpha0.5_K5_N10000_cnn_E1_clr0.01_fedopt_sgd_slr1.0_sam_rho0.1_112125_19:29:33.ckpt
--- Round 19 of 10000: Training 5 Clients ---
Selected clients: ['46', '9', '85', '7', '57']
--- Updating central model ---
Checkpoint saved in path: checkpoints/cifar10/alpha0.5_K5_N10000_cnn_E1_clr0.01_fedopt_sgd_slr1.0_sam_rho0.1_112125_19:29:33.ckpt
--- Round 20 of 10000: Training 5 Clients ---
Selected clients: ['0', '29', '41', '53', '98']
--- Updating central model ---
Checkpoint saved in path: checkpoints/cifar10/alpha0.5_K5_N10000_cnn_E1_clr0.01_fedopt_sgd_slr1.0_sam_rho0.1_112125_19:29:33.ckpt
--- Round 21 of 10000: Training 5 Clients ---
Selected clients: ['90', '10', '83', '13', '45']
--- Updating central model ---
Checkpoint saved in path: checkpoints/cifar10/alpha0.5_K5_N10000_cnn_E1_clr0.01_fedopt_sgd_slr1.0_sam_rho0.1_112125_19:29:33.ckpt
--- Round 22 of 10000: Training 5 Clients ---
Selected clients: ['34', '10', '22', '74', '82']
--- Updating central model ---
Checkpoint saved in path: checkpoints/cifar10/alpha0.5_K5_N10000_cnn_E1_clr0.01_fedopt_sgd_slr1.0_sam_rho0.1_112125_19:29:33.ckpt
--- Round 23 of 10000: Training 5 Clients ---
Selected clients: ['70', '68', '58', '91', '43']
--- Updating central model ---
Checkpoint saved in path: checkpoints/cifar10/alpha0.5_K5_N10000_cnn_E1_clr0.01_fedopt_sgd_slr1.0_sam_rho0.1_112125_19:29:33.ckpt
--- Round 24 of 10000: Training 5 Clients ---
Selected clients: ['32', '19', '23', '97', '47']
--- Updating central model ---
Checkpoint saved in path: checkpoints/cifar10/alpha0.5_K5_N10000_cnn_E1_clr0.01_fedopt_sgd_slr1.0_sam_rho0.1_112125_19:29:33.ckpt
--- Round 25 of 10000: Training 5 Clients ---
Selected clients: ['56', '17', '64', '2', '35']
--- Updating central model ---
Checkpoint saved in path: checkpoints/cifar10/alpha0.5_K5_N10000_cnn_E1_clr0.01_fedopt_sgd_slr1.0_sam_rho0.1_112125_19:29:33.ckpt
--- Round 26 of 10000: Training 5 Clients ---
Selected clients: ['18', '7', '59', '25', '88']
--- Updating central model ---
Checkpoint saved in path: checkpoints/cifar10/alpha0.5_K5_N10000_cnn_E1_clr0.01_fedopt_sgd_slr1.0_sam_rho0.1_112125_19:29:33.ckpt
--- Round 27 of 10000: Training 5 Clients ---
Selected clients: ['29', '76', '13', '96', '51']
--- Updating central model ---
Checkpoint saved in path: checkpoints/cifar10/alpha0.5_K5_N10000_cnn_E1_clr0.01_fedopt_sgd_slr1.0_sam_rho0.1_112125_19:29:33.ckpt
--- Round 28 of 10000: Training 5 Clients ---
Selected clients: ['84', '62', '4', '27', '10']
--- Updating central model ---
Checkpoint saved in path: checkpoints/cifar10/alpha0.5_K5_N10000_cnn_E1_clr0.01_fedopt_sgd_slr1.0_sam_rho0.1_112125_19:29:33.ckpt
--- Round 29 of 10000: Training 5 Clients ---
Selected clients: ['40', '93', '47', '18', '39']
--- Updating central model ---
Checkpoint saved in path: checkpoints/cifar10/alpha0.5_K5_N10000_cnn_E1_clr0.01_fedopt_sgd_slr1.0_sam_rho0.1_112125_19:29:33.ckpt
--- Round 30 of 10000: Training 5 Clients ---
Selected clients: ['48', '58', '12', '76', '86']
--- Updating central model ---
Checkpoint saved in path: checkpoints/cifar10/alpha0.5_K5_N10000_cnn_E1_clr0.01_fedopt_sgd_slr1.0_sam_rho0.1_112125_19:29:33.ckpt
--- Round 31 of 10000: Training 5 Clients ---
Selected clients: ['80', '22', '32', '10', '52']
--- Updating central model ---
Checkpoint saved in path: checkpoints/cifar10/alpha0.5_K5_N10000_cnn_E1_clr0.01_fedopt_sgd_slr1.0_sam_rho0.1_112125_19:29:33.ckpt
--- Round 32 of 10000: Training 5 Clients ---
Selected clients: ['25', '4', '43', '45', '9']
--- Updating central model ---
Checkpoint saved in path: checkpoints/cifar10/alpha0.5_K5_N10000_cnn_E1_clr0.01_fedopt_sgd_slr1.0_sam_rho0.1_112125_19:29:33.ckpt
--- Round 33 of 10000: Training 5 Clients ---
Selected clients: ['92', '91', '2', '97', '12']
--- Updating central model ---
Checkpoint saved in path: checkpoints/cifar10/alpha0.5_K5_N10000_cnn_E1_clr0.01_fedopt_sgd_slr1.0_sam_rho0.1_112125_19:29:33.ckpt
--- Round 34 of 10000: Training 5 Clients ---
Selected clients: ['98', '36', '70', '80', '2']
--- Updating central model ---
Checkpoint saved in path: checkpoints/cifar10/alpha0.5_K5_N10000_cnn_E1_clr0.01_fedopt_sgd_slr1.0_sam_rho0.1_112125_19:29:33.ckpt
--- Round 35 of 10000: Training 5 Clients ---
Selected clients: ['61', '14', '18', '84', '69']
--- Updating central model ---
Checkpoint saved in path: checkpoints/cifar10/alpha0.5_K5_N10000_cnn_E1_clr0.01_fedopt_sgd_slr1.0_sam_rho0.1_112125_19:29:33.ckpt
--- Round 36 of 10000: Training 5 Clients ---
Selected clients: ['5', '77', '41', '69', '37']
--- Updating central model ---
Checkpoint saved in path: checkpoints/cifar10/alpha0.5_K5_N10000_cnn_E1_clr0.01_fedopt_sgd_slr1.0_sam_rho0.1_112125_19:29:33.ckpt
--- Round 37 of 10000: Training 5 Clients ---
Selected clients: ['54', '9', '51', '25', '16']
--- Updating central model ---
Checkpoint saved in path: checkpoints/cifar10/alpha0.5_K5_N10000_cnn_E1_clr0.01_fedopt_sgd_slr1.0_sam_rho0.1_112125_19:29:33.ckpt
--- Round 38 of 10000: Training 5 Clients ---
Selected clients: ['15', '86', '71', '7', '24']
--- Updating central model ---
Checkpoint saved in path: checkpoints/cifar10/alpha0.5_K5_N10000_cnn_E1_clr0.01_fedopt_sgd_slr1.0_sam_rho0.1_112125_19:29:33.ckpt
--- Round 39 of 10000: Training 5 Clients ---
Selected clients: ['55', '33', '20', '49', '35']
--- Updating central model ---
Checkpoint saved in path: checkpoints/cifar10/alpha0.5_K5_N10000_cnn_E1_clr0.01_fedopt_sgd_slr1.0_sam_rho0.1_112125_19:29:33.ckpt
--- Round 40 of 10000: Training 5 Clients ---
Selected clients: ['1', '20', '0', '85', '3']
--- Updating central model ---
Checkpoint saved in path: checkpoints/cifar10/alpha0.5_K5_N10000_cnn_E1_clr0.01_fedopt_sgd_slr1.0_sam_rho0.1_112125_19:29:33.ckpt
--- Round 41 of 10000: Training 5 Clients ---
Selected clients: ['6', '31', '94', '28', '15']
--- Updating central model ---
Checkpoint saved in path: checkpoints/cifar10/alpha0.5_K5_N10000_cnn_E1_clr0.01_fedopt_sgd_slr1.0_sam_rho0.1_112125_19:29:33.ckpt
--- Round 42 of 10000: Training 5 Clients ---
Selected clients: ['11', '81', '5', '70', '99']
--- Updating central model ---
Checkpoint saved in path: checkpoints/cifar10/alpha0.5_K5_N10000_cnn_E1_clr0.01_fedopt_sgd_slr1.0_sam_rho0.1_112125_19:29:33.ckpt
--- Round 43 of 10000: Training 5 Clients ---
Selected clients: ['96', '88', '14', '70', '76']
--- Updating central model ---
Checkpoint saved in path: checkpoints/cifar10/alpha0.5_K5_N10000_cnn_E1_clr0.01_fedopt_sgd_slr1.0_sam_rho0.1_112125_19:29:33.ckpt
--- Round 44 of 10000: Training 5 Clients ---
Selected clients: ['85', '96', '50', '95', '91']
--- Updating central model ---
Checkpoint saved in path: checkpoints/cifar10/alpha0.5_K5_N10000_cnn_E1_clr0.01_fedopt_sgd_slr1.0_sam_rho0.1_112125_19:29:33.ckpt
--- Round 45 of 10000: Training 5 Clients ---
Selected clients: ['23', '40', '56', '24', '45']
--- Updating central model ---
Checkpoint saved in path: checkpoints/cifar10/alpha0.5_K5_N10000_cnn_E1_clr0.01_fedopt_sgd_slr1.0_sam_rho0.1_112125_19:29:33.ckpt
--- Round 46 of 10000: Training 5 Clients ---
Selected clients: ['31', '43', '47', '32', '25']
--- Updating central model ---
Checkpoint saved in path: checkpoints/cifar10/alpha0.5_K5_N10000_cnn_E1_clr0.01_fedopt_sgd_slr1.0_sam_rho0.1_112125_19:29:33.ckpt
--- Round 47 of 10000: Training 5 Clients ---
Selected clients: ['39', '4', '1', '54', '57']
--- Updating central model ---
Checkpoint saved in path: checkpoints/cifar10/alpha0.5_K5_N10000_cnn_E1_clr0.01_fedopt_sgd_slr1.0_sam_rho0.1_112125_19:29:33.ckpt
--- Round 48 of 10000: Training 5 Clients ---
Selected clients: ['38', '92', '35', '37', '2']
--- Updating central model ---
Checkpoint saved in path: checkpoints/cifar10/alpha0.5_K5_N10000_cnn_E1_clr0.01_fedopt_sgd_slr1.0_sam_rho0.1_112125_19:29:33.ckpt
--- Round 49 of 10000: Training 5 Clients ---
Selected clients: ['98', '69', '58', '96', '0']
--- Updating central model ---
Checkpoint saved in path: checkpoints/cifar10/alpha0.5_K5_N10000_cnn_E1_clr0.01_fedopt_sgd_slr1.0_sam_rho0.1_112125_19:29:33.ckpt
--- Round 50 of 10000: Training 5 Clients ---
Selected clients: ['71', '14', '64', '88', '32']
--- Updating central model ---
Checkpoint saved in path: checkpoints/cifar10/alpha0.5_K5_N10000_cnn_E1_clr0.01_fedopt_sgd_slr1.0_sam_rho0.1_112125_19:29:33.ckpt
--- Round 51 of 10000: Training 5 Clients ---
Selected clients: ['46', '37', '98', '75', '97']
--- Updating central model ---
Checkpoint saved in path: checkpoints/cifar10/alpha0.5_K5_N10000_cnn_E1_clr0.01_fedopt_sgd_slr1.0_sam_rho0.1_112125_19:29:33.ckpt
--- Round 52 of 10000: Training 5 Clients ---
Selected clients: ['5', '46', '62', '97', '61']
--- Updating central model ---
Checkpoint saved in path: checkpoints/cifar10/alpha0.5_K5_N10000_cnn_E1_clr0.01_fedopt_sgd_slr1.0_sam_rho0.1_112125_19:29:33.ckpt
--- Round 53 of 10000: Training 5 Clients ---
Selected clients: ['24', '53', '73', '81', '97']
--- Updating central model ---
Checkpoint saved in path: checkpoints/cifar10/alpha0.5_K5_N10000_cnn_E1_clr0.01_fedopt_sgd_slr1.0_sam_rho0.1_112125_19:29:33.ckpt
--- Round 54 of 10000: Training 5 Clients ---
Selected clients: ['55', '11', '57', '28', '29']
--- Updating central model ---
Checkpoint saved in path: checkpoints/cifar10/alpha0.5_K5_N10000_cnn_E1_clr0.01_fedopt_sgd_slr1.0_sam_rho0.1_112125_19:29:33.ckpt
--- Round 55 of 10000: Training 5 Clients ---
Selected clients: ['68', '86', '91', '40', '22']
--- Updating central model ---
Checkpoint saved in path: checkpoints/cifar10/alpha0.5_K5_N10000_cnn_E1_clr0.01_fedopt_sgd_slr1.0_sam_rho0.1_112125_19:29:33.ckpt
--- Round 56 of 10000: Training 5 Clients ---
Selected clients: ['41', '95', '17', '56', '44']
--- Updating central model ---
Checkpoint saved in path: checkpoints/cifar10/alpha0.5_K5_N10000_cnn_E1_clr0.01_fedopt_sgd_slr1.0_sam_rho0.1_112125_19:29:33.ckpt
--- Round 57 of 10000: Training 5 Clients ---
Selected clients: ['77', '94', '95', '38', '58']
--- Updating central model ---
Checkpoint saved in path: checkpoints/cifar10/alpha0.5_K5_N10000_cnn_E1_clr0.01_fedopt_sgd_slr1.0_sam_rho0.1_112125_19:29:33.ckpt
--- Round 58 of 10000: Training 5 Clients ---
Selected clients: ['70', '40', '74', '62', '41']
--- Updating central model ---
Checkpoint saved in path: checkpoints/cifar10/alpha0.5_K5_N10000_cnn_E1_clr0.01_fedopt_sgd_slr1.0_sam_rho0.1_112125_19:29:33.ckpt
--- Round 59 of 10000: Training 5 Clients ---
Selected clients: ['14', '9', '23', '58', '96']
--- Updating central model ---
Checkpoint saved in path: checkpoints/cifar10/alpha0.5_K5_N10000_cnn_E1_clr0.01_fedopt_sgd_slr1.0_sam_rho0.1_112125_19:29:33.ckpt
--- Round 60 of 10000: Training 5 Clients ---
Selected clients: ['16', '49', '58', '23', '52']
--- Updating central model ---
Checkpoint saved in path: checkpoints/cifar10/alpha0.5_K5_N10000_cnn_E1_clr0.01_fedopt_sgd_slr1.0_sam_rho0.1_112125_19:29:33.ckpt
--- Round 61 of 10000: Training 5 Clients ---
Selected clients: ['12', '56', '14', '94', '77']
--- Updating central model ---
Checkpoint saved in path: checkpoints/cifar10/alpha0.5_K5_N10000_cnn_E1_clr0.01_fedopt_sgd_slr1.0_sam_rho0.1_112125_19:29:33.ckpt
--- Round 62 of 10000: Training 5 Clients ---
Selected clients: ['65', '39', '0', '82', '22']
--- Updating central model ---
Checkpoint saved in path: checkpoints/cifar10/alpha0.5_K5_N10000_cnn_E1_clr0.01_fedopt_sgd_slr1.0_sam_rho0.1_112125_19:29:33.ckpt
--- Round 63 of 10000: Training 5 Clients ---
Selected clients: ['7', '81', '54', '36', '32']
--- Updating central model ---
Checkpoint saved in path: checkpoints/cifar10/alpha0.5_K5_N10000_cnn_E1_clr0.01_fedopt_sgd_slr1.0_sam_rho0.1_112125_19:29:33.ckpt
--- Round 64 of 10000: Training 5 Clients ---
Selected clients: ['37', '11', '82', '79', '32']
--- Updating central model ---
Checkpoint saved in path: checkpoints/cifar10/alpha0.5_K5_N10000_cnn_E1_clr0.01_fedopt_sgd_slr1.0_sam_rho0.1_112125_19:29:33.ckpt
--- Round 65 of 10000: Training 5 Clients ---
Selected clients: ['42', '38', '99', '7', '35']
--- Updating central model ---
Checkpoint saved in path: checkpoints/cifar10/alpha0.5_K5_N10000_cnn_E1_clr0.01_fedopt_sgd_slr1.0_sam_rho0.1_112125_19:29:33.ckpt
--- Round 66 of 10000: Training 5 Clients ---
Selected clients: ['19', '28', '88', '30', '3']
--- Updating central model ---
Checkpoint saved in path: checkpoints/cifar10/alpha0.5_K5_N10000_cnn_E1_clr0.01_fedopt_sgd_slr1.0_sam_rho0.1_112125_19:29:33.ckpt
--- Round 67 of 10000: Training 5 Clients ---
Selected clients: ['34', '77', '12', '55', '11']
--- Updating central model ---
Checkpoint saved in path: checkpoints/cifar10/alpha0.5_K5_N10000_cnn_E1_clr0.01_fedopt_sgd_slr1.0_sam_rho0.1_112125_19:29:33.ckpt
--- Round 68 of 10000: Training 5 Clients ---
Selected clients: ['6', '16', '8', '9', '62']
--- Updating central model ---
Checkpoint saved in path: checkpoints/cifar10/alpha0.5_K5_N10000_cnn_E1_clr0.01_fedopt_sgd_slr1.0_sam_rho0.1_112125_19:29:33.ckpt
--- Round 69 of 10000: Training 5 Clients ---
Selected clients: ['83', '54', '7', '22', '5']
--- Updating central model ---
Checkpoint saved in path: checkpoints/cifar10/alpha0.5_K5_N10000_cnn_E1_clr0.01_fedopt_sgd_slr1.0_sam_rho0.1_112125_19:29:33.ckpt
--- Round 70 of 10000: Training 5 Clients ---
Selected clients: ['29', '16', '6', '25', '76']
--- Updating central model ---
Checkpoint saved in path: checkpoints/cifar10/alpha0.5_K5_N10000_cnn_E1_clr0.01_fedopt_sgd_slr1.0_sam_rho0.1_112125_19:29:33.ckpt
--- Round 71 of 10000: Training 5 Clients ---
Selected clients: ['74', '89', '21', '67', '78']
--- Updating central model ---
Checkpoint saved in path: checkpoints/cifar10/alpha0.5_K5_N10000_cnn_E1_clr0.01_fedopt_sgd_slr1.0_sam_rho0.1_112125_19:29:33.ckpt
--- Round 72 of 10000: Training 5 Clients ---
Selected clients: ['16', '52', '53', '4', '20']
--- Updating central model ---
Checkpoint saved in path: checkpoints/cifar10/alpha0.5_K5_N10000_cnn_E1_clr0.01_fedopt_sgd_slr1.0_sam_rho0.1_112125_19:29:33.ckpt
--- Round 73 of 10000: Training 5 Clients ---
Selected clients: ['30', '62', '65', '83', '81']
--- Updating central model ---
Checkpoint saved in path: checkpoints/cifar10/alpha0.5_K5_N10000_cnn_E1_clr0.01_fedopt_sgd_slr1.0_sam_rho0.1_112125_19:29:33.ckpt
--- Round 74 of 10000: Training 5 Clients ---
Selected clients: ['9', '98', '10', '71', '32']
--- Updating central model ---
Checkpoint saved in path: checkpoints/cifar10/alpha0.5_K5_N10000_cnn_E1_clr0.01_fedopt_sgd_slr1.0_sam_rho0.1_112125_19:29:33.ckpt
--- Round 75 of 10000: Training 5 Clients ---
Selected clients: ['64', '65', '58', '98', '45']
--- Updating central model ---
Checkpoint saved in path: checkpoints/cifar10/alpha0.5_K5_N10000_cnn_E1_clr0.01_fedopt_sgd_slr1.0_sam_rho0.1_112125_19:29:33.ckpt
--- Round 76 of 10000: Training 5 Clients ---
Selected clients: ['36', '13', '61', '33', '30']
--- Updating central model ---
Checkpoint saved in path: checkpoints/cifar10/alpha0.5_K5_N10000_cnn_E1_clr0.01_fedopt_sgd_slr1.0_sam_rho0.1_112125_19:29:33.ckpt
--- Round 77 of 10000: Training 5 Clients ---
Selected clients: ['7', '85', '20', '25', '2']
--- Updating central model ---
Checkpoint saved in path: checkpoints/cifar10/alpha0.5_K5_N10000_cnn_E1_clr0.01_fedopt_sgd_slr1.0_sam_rho0.1_112125_19:29:33.ckpt
--- Round 78 of 10000: Training 5 Clients ---
Selected clients: ['68', '29', '17', '19', '59']
--- Updating central model ---
Checkpoint saved in path: checkpoints/cifar10/alpha0.5_K5_N10000_cnn_E1_clr0.01_fedopt_sgd_slr1.0_sam_rho0.1_112125_19:29:33.ckpt
--- Round 79 of 10000: Training 5 Clients ---
Selected clients: ['38', '72', '30', '94', '78']
--- Updating central model ---
Checkpoint saved in path: checkpoints/cifar10/alpha0.5_K5_N10000_cnn_E1_clr0.01_fedopt_sgd_slr1.0_sam_rho0.1_112125_19:29:33.ckpt
--- Round 80 of 10000: Training 5 Clients ---
Selected clients: ['83', '38', '6', '53', '95']
--- Updating central model ---
Checkpoint saved in path: checkpoints/cifar10/alpha0.5_K5_N10000_cnn_E1_clr0.01_fedopt_sgd_slr1.0_sam_rho0.1_112125_19:29:33.ckpt
--- Round 81 of 10000: Training 5 Clients ---
Selected clients: ['7', '78', '42', '55', '0']
--- Updating central model ---
Checkpoint saved in path: checkpoints/cifar10/alpha0.5_K5_N10000_cnn_E1_clr0.01_fedopt_sgd_slr1.0_sam_rho0.1_112125_19:29:33.ckpt
--- Round 82 of 10000: Training 5 Clients ---
Selected clients: ['50', '2', '86', '72', '67']
--- Updating central model ---
Checkpoint saved in path: checkpoints/cifar10/alpha0.5_K5_N10000_cnn_E1_clr0.01_fedopt_sgd_slr1.0_sam_rho0.1_112125_19:29:33.ckpt
--- Round 83 of 10000: Training 5 Clients ---
Selected clients: ['95', '93', '59', '84', '72']
--- Updating central model ---
Checkpoint saved in path: checkpoints/cifar10/alpha0.5_K5_N10000_cnn_E1_clr0.01_fedopt_sgd_slr1.0_sam_rho0.1_112125_19:29:33.ckpt
--- Round 84 of 10000: Training 5 Clients ---
Selected clients: ['96', '20', '88', '54', '35']
--- Updating central model ---
Checkpoint saved in path: checkpoints/cifar10/alpha0.5_K5_N10000_cnn_E1_clr0.01_fedopt_sgd_slr1.0_sam_rho0.1_112125_19:29:33.ckpt
--- Round 85 of 10000: Training 5 Clients ---
Selected clients: ['90', '35', '73', '32', '54']
--- Updating central model ---
Checkpoint saved in path: checkpoints/cifar10/alpha0.5_K5_N10000_cnn_E1_clr0.01_fedopt_sgd_slr1.0_sam_rho0.1_112125_19:29:33.ckpt
--- Round 86 of 10000: Training 5 Clients ---
Selected clients: ['98', '43', '5', '75', '45']
--- Updating central model ---
Checkpoint saved in path: checkpoints/cifar10/alpha0.5_K5_N10000_cnn_E1_clr0.01_fedopt_sgd_slr1.0_sam_rho0.1_112125_19:29:33.ckpt
--- Round 87 of 10000: Training 5 Clients ---
Selected clients: ['44', '46', '30', '75', '94']
--- Updating central model ---
Checkpoint saved in path: checkpoints/cifar10/alpha0.5_K5_N10000_cnn_E1_clr0.01_fedopt_sgd_slr1.0_sam_rho0.1_112125_19:29:33.ckpt
--- Round 88 of 10000: Training 5 Clients ---
Selected clients: ['79', '53', '89', '38', '8']
--- Updating central model ---
Checkpoint saved in path: checkpoints/cifar10/alpha0.5_K5_N10000_cnn_E1_clr0.01_fedopt_sgd_slr1.0_sam_rho0.1_112125_19:29:33.ckpt
--- Round 89 of 10000: Training 5 Clients ---
Selected clients: ['81', '35', '55', '23', '80']
--- Updating central model ---
Checkpoint saved in path: checkpoints/cifar10/alpha0.5_K5_N10000_cnn_E1_clr0.01_fedopt_sgd_slr1.0_sam_rho0.1_112125_19:29:33.ckpt
--- Round 90 of 10000: Training 5 Clients ---
Selected clients: ['30', '10', '25', '79', '31']
--- Updating central model ---
Checkpoint saved in path: checkpoints/cifar10/alpha0.5_K5_N10000_cnn_E1_clr0.01_fedopt_sgd_slr1.0_sam_rho0.1_112125_19:29:33.ckpt
--- Round 91 of 10000: Training 5 Clients ---
Selected clients: ['76', '77', '50', '92', '97']
--- Updating central model ---
Checkpoint saved in path: checkpoints/cifar10/alpha0.5_K5_N10000_cnn_E1_clr0.01_fedopt_sgd_slr1.0_sam_rho0.1_112125_19:29:33.ckpt
--- Round 92 of 10000: Training 5 Clients ---
Selected clients: ['35', '32', '16', '63', '68']
--- Updating central model ---
Checkpoint saved in path: checkpoints/cifar10/alpha0.5_K5_N10000_cnn_E1_clr0.01_fedopt_sgd_slr1.0_sam_rho0.1_112125_19:29:33.ckpt
--- Round 93 of 10000: Training 5 Clients ---
Selected clients: ['50', '28', '64', '1', '24']
--- Updating central model ---
Checkpoint saved in path: checkpoints/cifar10/alpha0.5_K5_N10000_cnn_E1_clr0.01_fedopt_sgd_slr1.0_sam_rho0.1_112125_19:29:33.ckpt
--- Round 94 of 10000: Training 5 Clients ---
Selected clients: ['2', '60', '54', '21', '74']
--- Updating central model ---
Checkpoint saved in path: checkpoints/cifar10/alpha0.5_K5_N10000_cnn_E1_clr0.01_fedopt_sgd_slr1.0_sam_rho0.1_112125_19:29:33.ckpt
--- Round 95 of 10000: Training 5 Clients ---
Selected clients: ['49', '5', '38', '27', '86']
--- Updating central model ---
Checkpoint saved in path: checkpoints/cifar10/alpha0.5_K5_N10000_cnn_E1_clr0.01_fedopt_sgd_slr1.0_sam_rho0.1_112125_19:29:33.ckpt
--- Round 96 of 10000: Training 5 Clients ---
Selected clients: ['12', '3', '15', '17', '11']
--- Updating central model ---
Checkpoint saved in path: checkpoints/cifar10/alpha0.5_K5_N10000_cnn_E1_clr0.01_fedopt_sgd_slr1.0_sam_rho0.1_112125_19:29:33.ckpt
--- Round 97 of 10000: Training 5 Clients ---
Selected clients: ['82', '3', '38', '74', '40']
--- Updating central model ---
Checkpoint saved in path: checkpoints/cifar10/alpha0.5_K5_N10000_cnn_E1_clr0.01_fedopt_sgd_slr1.0_sam_rho0.1_112125_19:29:33.ckpt
--- Round 98 of 10000: Training 5 Clients ---
Selected clients: ['49', '83', '45', '63', '66']
--- Updating central model ---
Checkpoint saved in path: checkpoints/cifar10/alpha0.5_K5_N10000_cnn_E1_clr0.01_fedopt_sgd_slr1.0_sam_rho0.1_112125_19:29:33.ckpt
--- Round 99 of 10000: Training 5 Clients ---
Selected clients: ['87', '65', '2', '26', '8']
--- Updating central model ---
Checkpoint saved in path: checkpoints/cifar10/alpha0.5_K5_N10000_cnn_E1_clr0.01_fedopt_sgd_slr1.0_sam_rho0.1_112125_19:29:33.ckpt
--- Round 100 of 10000: Training 5 Clients ---
Selected clients: ['97', '87', '4', '23', '7']
--- Updating central model ---
train_accuracy: 10.2686, 10th percentile: 0.74166, 50th percentile: 5.55515, 90th percentile 25.4146
train_loss: 2.29918, 10th percentile: 2.28626, 50th percentile: 2.2987, 90th percentile 2.31815
test_accuracy: 10.19, 10th percentile: 10.19, 50th percentile: 10.19, 90th percentile 10.19
test_loss: 2.29907, 10th percentile: 2.29907, 50th percentile: 2.29907, 90th percentile 2.29907
Checkpoint saved in path: checkpoints/cifar10/alpha0.5_K5_N10000_cnn_E1_clr0.01_fedopt_sgd_slr1.0_sam_rho0.1_112125_19:29:33.ckpt
--- Round 101 of 10000: Training 5 Clients ---
Selected clients: ['56', '1', '70', '66', '97']
--- Updating central model ---
Checkpoint saved in path: checkpoints/cifar10/alpha0.5_K5_N10000_cnn_E1_clr0.01_fedopt_sgd_slr1.0_sam_rho0.1_112125_19:29:33.ckpt
--- Round 102 of 10000: Training 5 Clients ---
Selected clients: ['30', '86', '32', '15', '22']
--- Updating central model ---
Checkpoint saved in path: checkpoints/cifar10/alpha0.5_K5_N10000_cnn_E1_clr0.01_fedopt_sgd_slr1.0_sam_rho0.1_112125_19:29:33.ckpt
--- Round 103 of 10000: Training 5 Clients ---
Selected clients: ['38', '76', '89', '80', '98']
--- Updating central model ---
Checkpoint saved in path: checkpoints/cifar10/alpha0.5_K5_N10000_cnn_E1_clr0.01_fedopt_sgd_slr1.0_sam_rho0.1_112125_19:29:33.ckpt
--- Round 104 of 10000: Training 5 Clients ---
Selected clients: ['48', '41', '49', '60', '5']
--- Updating central model ---
Checkpoint saved in path: checkpoints/cifar10/alpha0.5_K5_N10000_cnn_E1_clr0.01_fedopt_sgd_slr1.0_sam_rho0.1_112125_19:29:33.ckpt
--- Round 105 of 10000: Training 5 Clients ---
Selected clients: ['24', '33', '7', '70', '99']
--- Updating central model ---
Checkpoint saved in path: checkpoints/cifar10/alpha0.5_K5_N10000_cnn_E1_clr0.01_fedopt_sgd_slr1.0_sam_rho0.1_112125_19:29:33.ckpt
--- Round 106 of 10000: Training 5 Clients ---
Selected clients: ['78', '49', '20', '34', '44']
--- Updating central model ---
Checkpoint saved in path: checkpoints/cifar10/alpha0.5_K5_N10000_cnn_E1_clr0.01_fedopt_sgd_slr1.0_sam_rho0.1_112125_19:29:33.ckpt
--- Round 107 of 10000: Training 5 Clients ---
Selected clients: ['7', '44', '51', '86', '89']
--- Updating central model ---
Checkpoint saved in path: checkpoints/cifar10/alpha0.5_K5_N10000_cnn_E1_clr0.01_fedopt_sgd_slr1.0_sam_rho0.1_112125_19:29:33.ckpt
--- Round 108 of 10000: Training 5 Clients ---
Selected clients: ['26', '41', '63', '90', '48']
--- Updating central model ---
Checkpoint saved in path: checkpoints/cifar10/alpha0.5_K5_N10000_cnn_E1_clr0.01_fedopt_sgd_slr1.0_sam_rho0.1_112125_19:29:33.ckpt
--- Round 109 of 10000: Training 5 Clients ---
Selected clients: ['28', '25', '2', '67', '10']
--- Updating central model ---
Checkpoint saved in path: checkpoints/cifar10/alpha0.5_K5_N10000_cnn_E1_clr0.01_fedopt_sgd_slr1.0_sam_rho0.1_112125_19:29:33.ckpt
--- Round 110 of 10000: Training 5 Clients ---
Selected clients: ['52', '27', '41', '14', '24']
--- Updating central model ---
Checkpoint saved in path: checkpoints/cifar10/alpha0.5_K5_N10000_cnn_E1_clr0.01_fedopt_sgd_slr1.0_sam_rho0.1_112125_19:29:33.ckpt
--- Round 111 of 10000: Training 5 Clients ---
Selected clients: ['65', '94', '85', '5', '51']
--- Updating central model ---
Checkpoint saved in path: checkpoints/cifar10/alpha0.5_K5_N10000_cnn_E1_clr0.01_fedopt_sgd_slr1.0_sam_rho0.1_112125_19:29:33.ckpt
--- Round 112 of 10000: Training 5 Clients ---
Selected clients: ['4', '15', '36', '30', '71']
--- Updating central model ---
Checkpoint saved in path: checkpoints/cifar10/alpha0.5_K5_N10000_cnn_E1_clr0.01_fedopt_sgd_slr1.0_sam_rho0.1_112125_19:29:33.ckpt
--- Round 113 of 10000: Training 5 Clients ---
Selected clients: ['9', '54', '13', '6', '61']
--- Updating central model ---
Checkpoint saved in path: checkpoints/cifar10/alpha0.5_K5_N10000_cnn_E1_clr0.01_fedopt_sgd_slr1.0_sam_rho0.1_112125_19:29:33.ckpt
--- Round 114 of 10000: Training 5 Clients ---
Selected clients: ['9', '65', '97', '59', '33']
--- Updating central model ---
Checkpoint saved in path: checkpoints/cifar10/alpha0.5_K5_N10000_cnn_E1_clr0.01_fedopt_sgd_slr1.0_sam_rho0.1_112125_19:29:33.ckpt
--- Round 115 of 10000: Training 5 Clients ---
Selected clients: ['98', '41', '67', '49', '43']
--- Updating central model ---
Checkpoint saved in path: checkpoints/cifar10/alpha0.5_K5_N10000_cnn_E1_clr0.01_fedopt_sgd_slr1.0_sam_rho0.1_112125_19:29:33.ckpt
--- Round 116 of 10000: Training 5 Clients ---
Selected clients: ['95', '0', '94', '51', '56']
--- Updating central model ---
Checkpoint saved in path: checkpoints/cifar10/alpha0.5_K5_N10000_cnn_E1_clr0.01_fedopt_sgd_slr1.0_sam_rho0.1_112125_19:29:33.ckpt
--- Round 117 of 10000: Training 5 Clients ---
Selected clients: ['4', '81', '69', '13', '38']
--- Updating central model ---
Checkpoint saved in path: checkpoints/cifar10/alpha0.5_K5_N10000_cnn_E1_clr0.01_fedopt_sgd_slr1.0_sam_rho0.1_112125_19:29:33.ckpt
--- Round 118 of 10000: Training 5 Clients ---
Selected clients: ['19', '8', '82', '6', '43']
--- Updating central model ---
Checkpoint saved in path: checkpoints/cifar10/alpha0.5_K5_N10000_cnn_E1_clr0.01_fedopt_sgd_slr1.0_sam_rho0.1_112125_19:29:33.ckpt
--- Round 119 of 10000: Training 5 Clients ---
Selected clients: ['67', '51', '48', '81', '80']
--- Updating central model ---
Checkpoint saved in path: checkpoints/cifar10/alpha0.5_K5_N10000_cnn_E1_clr0.01_fedopt_sgd_slr1.0_sam_rho0.1_112125_19:29:33.ckpt
--- Round 120 of 10000: Training 5 Clients ---
Selected clients: ['14', '20', '27', '6', '56']
--- Updating central model ---
Checkpoint saved in path: checkpoints/cifar10/alpha0.5_K5_N10000_cnn_E1_clr0.01_fedopt_sgd_slr1.0_sam_rho0.1_112125_19:29:33.ckpt
--- Round 121 of 10000: Training 5 Clients ---
Selected clients: ['13', '75', '35', '65', '31']
--- Updating central model ---
Checkpoint saved in path: checkpoints/cifar10/alpha0.5_K5_N10000_cnn_E1_clr0.01_fedopt_sgd_slr1.0_sam_rho0.1_112125_19:29:33.ckpt
--- Round 122 of 10000: Training 5 Clients ---
Selected clients: ['70', '22', '15', '79', '53']
--- Updating central model ---
Checkpoint saved in path: checkpoints/cifar10/alpha0.5_K5_N10000_cnn_E1_clr0.01_fedopt_sgd_slr1.0_sam_rho0.1_112125_19:29:33.ckpt
--- Round 123 of 10000: Training 5 Clients ---
Selected clients: ['4', '75', '44', '39', '23']
--- Updating central model ---
Checkpoint saved in path: checkpoints/cifar10/alpha0.5_K5_N10000_cnn_E1_clr0.01_fedopt_sgd_slr1.0_sam_rho0.1_112125_19:29:33.ckpt
--- Round 124 of 10000: Training 5 Clients ---
Selected clients: ['77', '54', '2', '0', '17']
--- Updating central model ---
Checkpoint saved in path: checkpoints/cifar10/alpha0.5_K5_N10000_cnn_E1_clr0.01_fedopt_sgd_slr1.0_sam_rho0.1_112125_19:29:33.ckpt
--- Round 125 of 10000: Training 5 Clients ---
Selected clients: ['45', '41', '23', '72', '9']
--- Updating central model ---
Checkpoint saved in path: checkpoints/cifar10/alpha0.5_K5_N10000_cnn_E1_clr0.01_fedopt_sgd_slr1.0_sam_rho0.1_112125_19:29:33.ckpt
--- Round 126 of 10000: Training 5 Clients ---
Selected clients: ['58', '73', '22', '36', '0']
--- Updating central model ---
Checkpoint saved in path: checkpoints/cifar10/alpha0.5_K5_N10000_cnn_E1_clr0.01_fedopt_sgd_slr1.0_sam_rho0.1_112125_19:29:33.ckpt
--- Round 127 of 10000: Training 5 Clients ---
Selected clients: ['95', '25', '33', '12', '18']
--- Updating central model ---
Checkpoint saved in path: checkpoints/cifar10/alpha0.5_K5_N10000_cnn_E1_clr0.01_fedopt_sgd_slr1.0_sam_rho0.1_112125_19:29:33.ckpt
--- Round 128 of 10000: Training 5 Clients ---
Selected clients: ['89', '79', '91', '68', '26']
--- Updating central model ---
Checkpoint saved in path: checkpoints/cifar10/alpha0.5_K5_N10000_cnn_E1_clr0.01_fedopt_sgd_slr1.0_sam_rho0.1_112125_19:29:33.ckpt
--- Round 129 of 10000: Training 5 Clients ---
Selected clients: ['16', '5', '4', '55', '63']
--- Updating central model ---
Checkpoint saved in path: checkpoints/cifar10/alpha0.5_K5_N10000_cnn_E1_clr0.01_fedopt_sgd_slr1.0_sam_rho0.1_112125_19:29:33.ckpt
--- Round 130 of 10000: Training 5 Clients ---
Selected clients: ['31', '26', '38', '66', '74']
--- Updating central model ---
Checkpoint saved in path: checkpoints/cifar10/alpha0.5_K5_N10000_cnn_E1_clr0.01_fedopt_sgd_slr1.0_sam_rho0.1_112125_19:29:33.ckpt
--- Round 131 of 10000: Training 5 Clients ---
Selected clients: ['25', '19', '96', '88', '99']
--- Updating central model ---
Checkpoint saved in path: checkpoints/cifar10/alpha0.5_K5_N10000_cnn_E1_clr0.01_fedopt_sgd_slr1.0_sam_rho0.1_112125_19:29:33.ckpt
--- Round 132 of 10000: Training 5 Clients ---
Selected clients: ['87', '11', '60', '37', '26']
--- Updating central model ---
Checkpoint saved in path: checkpoints/cifar10/alpha0.5_K5_N10000_cnn_E1_clr0.01_fedopt_sgd_slr1.0_sam_rho0.1_112125_19:29:33.ckpt
--- Round 133 of 10000: Training 5 Clients ---
Selected clients: ['36', '8', '33', '93', '65']
--- Updating central model ---
Checkpoint saved in path: checkpoints/cifar10/alpha0.5_K5_N10000_cnn_E1_clr0.01_fedopt_sgd_slr1.0_sam_rho0.1_112125_19:29:33.ckpt
--- Round 134 of 10000: Training 5 Clients ---
Selected clients: ['87', '18', '63', '13', '27']
--- Updating central model ---
Checkpoint saved in path: checkpoints/cifar10/alpha0.5_K5_N10000_cnn_E1_clr0.01_fedopt_sgd_slr1.0_sam_rho0.1_112125_19:29:33.ckpt
--- Round 135 of 10000: Training 5 Clients ---
Selected clients: ['76', '0', '91', '62', '52']
--- Updating central model ---
Checkpoint saved in path: checkpoints/cifar10/alpha0.5_K5_N10000_cnn_E1_clr0.01_fedopt_sgd_slr1.0_sam_rho0.1_112125_19:29:33.ckpt
--- Round 136 of 10000: Training 5 Clients ---
Selected clients: ['53', '11', '71', '56', '86']
--- Updating central model ---
Checkpoint saved in path: checkpoints/cifar10/alpha0.5_K5_N10000_cnn_E1_clr0.01_fedopt_sgd_slr1.0_sam_rho0.1_112125_19:29:33.ckpt
--- Round 137 of 10000: Training 5 Clients ---
Selected clients: ['94', '72', '0', '61', '58']
--- Updating central model ---
Checkpoint saved in path: checkpoints/cifar10/alpha0.5_K5_N10000_cnn_E1_clr0.01_fedopt_sgd_slr1.0_sam_rho0.1_112125_19:29:33.ckpt
--- Round 138 of 10000: Training 5 Clients ---
Selected clients: ['90', '49', '43', '10', '37']
--- Updating central model ---
Checkpoint saved in path: checkpoints/cifar10/alpha0.5_K5_N10000_cnn_E1_clr0.01_fedopt_sgd_slr1.0_sam_rho0.1_112125_19:29:33.ckpt
--- Round 139 of 10000: Training 5 Clients ---
Selected clients: ['13', '94', '37', '72', '97']
--- Updating central model ---
Checkpoint saved in path: checkpoints/cifar10/alpha0.5_K5_N10000_cnn_E1_clr0.01_fedopt_sgd_slr1.0_sam_rho0.1_112125_19:29:33.ckpt
--- Round 140 of 10000: Training 5 Clients ---
Selected clients: ['81', '32', '84', '6', '38']
--- Updating central model ---
Checkpoint saved in path: checkpoints/cifar10/alpha0.5_K5_N10000_cnn_E1_clr0.01_fedopt_sgd_slr1.0_sam_rho0.1_112125_19:29:33.ckpt
--- Round 141 of 10000: Training 5 Clients ---
Selected clients: ['68', '74', '61', '1', '33']
--- Updating central model ---
Checkpoint saved in path: checkpoints/cifar10/alpha0.5_K5_N10000_cnn_E1_clr0.01_fedopt_sgd_slr1.0_sam_rho0.1_112125_19:29:33.ckpt
--- Round 142 of 10000: Training 5 Clients ---
Selected clients: ['1', '44', '7', '5', '82']
--- Updating central model ---
Checkpoint saved in path: checkpoints/cifar10/alpha0.5_K5_N10000_cnn_E1_clr0.01_fedopt_sgd_slr1.0_sam_rho0.1_112125_19:29:33.ckpt
--- Round 143 of 10000: Training 5 Clients ---
Selected clients: ['97', '37', '55', '81', '80']
--- Updating central model ---
Checkpoint saved in path: checkpoints/cifar10/alpha0.5_K5_N10000_cnn_E1_clr0.01_fedopt_sgd_slr1.0_sam_rho0.1_112125_19:29:33.ckpt
--- Round 144 of 10000: Training 5 Clients ---
Selected clients: ['23', '8', '46', '65', '7']
--- Updating central model ---
Checkpoint saved in path: checkpoints/cifar10/alpha0.5_K5_N10000_cnn_E1_clr0.01_fedopt_sgd_slr1.0_sam_rho0.1_112125_19:29:33.ckpt
--- Round 145 of 10000: Training 5 Clients ---
Selected clients: ['55', '0', '48', '32', '76']
--- Updating central model ---
Checkpoint saved in path: checkpoints/cifar10/alpha0.5_K5_N10000_cnn_E1_clr0.01_fedopt_sgd_slr1.0_sam_rho0.1_112125_19:29:33.ckpt
--- Round 146 of 10000: Training 5 Clients ---
Selected clients: ['80', '51', '0', '58', '54']
--- Updating central model ---
Checkpoint saved in path: checkpoints/cifar10/alpha0.5_K5_N10000_cnn_E1_clr0.01_fedopt_sgd_slr1.0_sam_rho0.1_112125_19:29:33.ckpt
--- Round 147 of 10000: Training 5 Clients ---
Selected clients: ['25', '81', '46', '47', '15']
--- Updating central model ---
Checkpoint saved in path: checkpoints/cifar10/alpha0.5_K5_N10000_cnn_E1_clr0.01_fedopt_sgd_slr1.0_sam_rho0.1_112125_19:29:33.ckpt
--- Round 148 of 10000: Training 5 Clients ---
Selected clients: ['75', '69', '3', '61', '43']
--- Updating central model ---
Checkpoint saved in path: checkpoints/cifar10/alpha0.5_K5_N10000_cnn_E1_clr0.01_fedopt_sgd_slr1.0_sam_rho0.1_112125_19:29:33.ckpt
--- Round 149 of 10000: Training 5 Clients ---
Selected clients: ['3', '18', '8', '23', '31']
--- Updating central model ---
Checkpoint saved in path: checkpoints/cifar10/alpha0.5_K5_N10000_cnn_E1_clr0.01_fedopt_sgd_slr1.0_sam_rho0.1_112125_19:29:33.ckpt
--- Round 150 of 10000: Training 5 Clients ---
Selected clients: ['20', '85', '0', '6', '52']
--- Updating central model ---
Checkpoint saved in path: checkpoints/cifar10/alpha0.5_K5_N10000_cnn_E1_clr0.01_fedopt_sgd_slr1.0_sam_rho0.1_112125_19:29:33.ckpt
--- Round 151 of 10000: Training 5 Clients ---
Selected clients: ['76', '73', '61', '60', '80']
--- Updating central model ---
Checkpoint saved in path: checkpoints/cifar10/alpha0.5_K5_N10000_cnn_E1_clr0.01_fedopt_sgd_slr1.0_sam_rho0.1_112125_19:29:33.ckpt
--- Round 152 of 10000: Training 5 Clients ---
Selected clients: ['24', '56', '91', '76', '11']
--- Updating central model ---
Checkpoint saved in path: checkpoints/cifar10/alpha0.5_K5_N10000_cnn_E1_clr0.01_fedopt_sgd_slr1.0_sam_rho0.1_112125_19:29:33.ckpt
--- Round 153 of 10000: Training 5 Clients ---
Selected clients: ['82', '53', '40', '38', '8']
--- Updating central model ---
Checkpoint saved in path: checkpoints/cifar10/alpha0.5_K5_N10000_cnn_E1_clr0.01_fedopt_sgd_slr1.0_sam_rho0.1_112125_19:29:33.ckpt
--- Round 154 of 10000: Training 5 Clients ---
Selected clients: ['63', '61', '44', '0', '87']
--- Updating central model ---
Checkpoint saved in path: checkpoints/cifar10/alpha0.5_K5_N10000_cnn_E1_clr0.01_fedopt_sgd_slr1.0_sam_rho0.1_112125_19:29:33.ckpt
--- Round 155 of 10000: Training 5 Clients ---
Selected clients: ['52', '63', '67', '83', '5']
--- Updating central model ---
Checkpoint saved in path: checkpoints/cifar10/alpha0.5_K5_N10000_cnn_E1_clr0.01_fedopt_sgd_slr1.0_sam_rho0.1_112125_19:29:33.ckpt
--- Round 156 of 10000: Training 5 Clients ---
Selected clients: ['90', '10', '19', '76', '46']
--- Updating central model ---
Checkpoint saved in path: checkpoints/cifar10/alpha0.5_K5_N10000_cnn_E1_clr0.01_fedopt_sgd_slr1.0_sam_rho0.1_112125_19:29:33.ckpt
--- Round 157 of 10000: Training 5 Clients ---
Selected clients: ['14', '32', '15', '2', '36']
--- Updating central model ---
Checkpoint saved in path: checkpoints/cifar10/alpha0.5_K5_N10000_cnn_E1_clr0.01_fedopt_sgd_slr1.0_sam_rho0.1_112125_19:29:33.ckpt
--- Round 158 of 10000: Training 5 Clients ---
Selected clients: ['57', '54', '81', '2', '48']
--- Updating central model ---
Checkpoint saved in path: checkpoints/cifar10/alpha0.5_K5_N10000_cnn_E1_clr0.01_fedopt_sgd_slr1.0_sam_rho0.1_112125_19:29:33.ckpt
--- Round 159 of 10000: Training 5 Clients ---
Selected clients: ['36', '93', '12', '68', '58']
--- Updating central model ---
Checkpoint saved in path: checkpoints/cifar10/alpha0.5_K5_N10000_cnn_E1_clr0.01_fedopt_sgd_slr1.0_sam_rho0.1_112125_19:29:33.ckpt
--- Round 160 of 10000: Training 5 Clients ---
Selected clients: ['1', '46', '70', '29', '77']
--- Updating central model ---
Checkpoint saved in path: checkpoints/cifar10/alpha0.5_K5_N10000_cnn_E1_clr0.01_fedopt_sgd_slr1.0_sam_rho0.1_112125_19:29:33.ckpt
--- Round 161 of 10000: Training 5 Clients ---
Selected clients: ['32', '18', '27', '34', '9']
--- Updating central model ---
Checkpoint saved in path: checkpoints/cifar10/alpha0.5_K5_N10000_cnn_E1_clr0.01_fedopt_sgd_slr1.0_sam_rho0.1_112125_19:29:33.ckpt
--- Round 162 of 10000: Training 5 Clients ---
Selected clients: ['66', '4', '80', '32', '31']
--- Updating central model ---
Checkpoint saved in path: checkpoints/cifar10/alpha0.5_K5_N10000_cnn_E1_clr0.01_fedopt_sgd_slr1.0_sam_rho0.1_112125_19:29:33.ckpt
--- Round 163 of 10000: Training 5 Clients ---
Selected clients: ['98', '21', '63', '75', '7']
--- Updating central model ---
Checkpoint saved in path: checkpoints/cifar10/alpha0.5_K5_N10000_cnn_E1_clr0.01_fedopt_sgd_slr1.0_sam_rho0.1_112125_19:29:33.ckpt
--- Round 164 of 10000: Training 5 Clients ---
Selected clients: ['86', '79', '78', '93', '16']
--- Updating central model ---
Checkpoint saved in path: checkpoints/cifar10/alpha0.5_K5_N10000_cnn_E1_clr0.01_fedopt_sgd_slr1.0_sam_rho0.1_112125_19:29:33.ckpt
--- Round 165 of 10000: Training 5 Clients ---
Selected clients: ['52', '20', '43', '11', '22']
--- Updating central model ---
Checkpoint saved in path: checkpoints/cifar10/alpha0.5_K5_N10000_cnn_E1_clr0.01_fedopt_sgd_slr1.0_sam_rho0.1_112125_19:29:33.ckpt
--- Round 166 of 10000: Training 5 Clients ---
Selected clients: ['64', '3', '70', '88', '17']
--- Updating central model ---
Checkpoint saved in path: checkpoints/cifar10/alpha0.5_K5_N10000_cnn_E1_clr0.01_fedopt_sgd_slr1.0_sam_rho0.1_112125_19:29:33.ckpt
--- Round 167 of 10000: Training 5 Clients ---
Selected clients: ['31', '26', '77', '59', '11']
--- Updating central model ---
Checkpoint saved in path: checkpoints/cifar10/alpha0.5_K5_N10000_cnn_E1_clr0.01_fedopt_sgd_slr1.0_sam_rho0.1_112125_19:29:33.ckpt
--- Round 168 of 10000: Training 5 Clients ---
Selected clients: ['26', '66', '85', '69', '16']
--- Updating central model ---
Checkpoint saved in path: checkpoints/cifar10/alpha0.5_K5_N10000_cnn_E1_clr0.01_fedopt_sgd_slr1.0_sam_rho0.1_112125_19:29:33.ckpt
--- Round 169 of 10000: Training 5 Clients ---
Selected clients: ['40', '23', '7', '3', '30']
--- Updating central model ---
Checkpoint saved in path: checkpoints/cifar10/alpha0.5_K5_N10000_cnn_E1_clr0.01_fedopt_sgd_slr1.0_sam_rho0.1_112125_19:29:33.ckpt
--- Round 170 of 10000: Training 5 Clients ---
Selected clients: ['54', '6', '30', '58', '53']
--- Updating central model ---
Checkpoint saved in path: checkpoints/cifar10/alpha0.5_K5_N10000_cnn_E1_clr0.01_fedopt_sgd_slr1.0_sam_rho0.1_112125_19:29:33.ckpt
--- Round 171 of 10000: Training 5 Clients ---
Selected clients: ['66', '39', '2', '47', '62']
--- Updating central model ---
Checkpoint saved in path: checkpoints/cifar10/alpha0.5_K5_N10000_cnn_E1_clr0.01_fedopt_sgd_slr1.0_sam_rho0.1_112125_19:29:33.ckpt
--- Round 172 of 10000: Training 5 Clients ---
Selected clients: ['17', '38', '47', '32', '94']
--- Updating central model ---
Checkpoint saved in path: checkpoints/cifar10/alpha0.5_K5_N10000_cnn_E1_clr0.01_fedopt_sgd_slr1.0_sam_rho0.1_112125_19:29:33.ckpt
--- Round 173 of 10000: Training 5 Clients ---
Selected clients: ['26', '90', '2', '91', '80']
--- Updating central model ---
Checkpoint saved in path: checkpoints/cifar10/alpha0.5_K5_N10000_cnn_E1_clr0.01_fedopt_sgd_slr1.0_sam_rho0.1_112125_19:29:33.ckpt
--- Round 174 of 10000: Training 5 Clients ---
Selected clients: ['16', '61', '34', '57', '39']
--- Updating central model ---
Checkpoint saved in path: checkpoints/cifar10/alpha0.5_K5_N10000_cnn_E1_clr0.01_fedopt_sgd_slr1.0_sam_rho0.1_112125_19:29:33.ckpt
--- Round 175 of 10000: Training 5 Clients ---
Selected clients: ['76', '5', '91', '77', '46']
--- Updating central model ---
Checkpoint saved in path: checkpoints/cifar10/alpha0.5_K5_N10000_cnn_E1_clr0.01_fedopt_sgd_slr1.0_sam_rho0.1_112125_19:29:33.ckpt
--- Round 176 of 10000: Training 5 Clients ---
Selected clients: ['91', '70', '76', '98', '26']
--- Updating central model ---
Checkpoint saved in path: checkpoints/cifar10/alpha0.5_K5_N10000_cnn_E1_clr0.01_fedopt_sgd_slr1.0_sam_rho0.1_112125_19:29:33.ckpt
--- Round 177 of 10000: Training 5 Clients ---
Selected clients: ['51', '66', '87', '36', '65']
--- Updating central model ---
Checkpoint saved in path: checkpoints/cifar10/alpha0.5_K5_N10000_cnn_E1_clr0.01_fedopt_sgd_slr1.0_sam_rho0.1_112125_19:29:33.ckpt
--- Round 178 of 10000: Training 5 Clients ---
Selected clients: ['3', '35', '59', '48', '20']
--- Updating central model ---
Checkpoint saved in path: checkpoints/cifar10/alpha0.5_K5_N10000_cnn_E1_clr0.01_fedopt_sgd_slr1.0_sam_rho0.1_112125_19:29:33.ckpt
--- Round 179 of 10000: Training 5 Clients ---
Selected clients: ['85', '57', '65', '62', '84']
--- Updating central model ---
Checkpoint saved in path: checkpoints/cifar10/alpha0.5_K5_N10000_cnn_E1_clr0.01_fedopt_sgd_slr1.0_sam_rho0.1_112125_19:29:33.ckpt
--- Round 180 of 10000: Training 5 Clients ---
Selected clients: ['62', '21', '7', '95', '41']
--- Updating central model ---
Checkpoint saved in path: checkpoints/cifar10/alpha0.5_K5_N10000_cnn_E1_clr0.01_fedopt_sgd_slr1.0_sam_rho0.1_112125_19:29:33.ckpt
--- Round 181 of 10000: Training 5 Clients ---
Selected clients: ['84', '30', '5', '54', '33']
--- Updating central model ---
Checkpoint saved in path: checkpoints/cifar10/alpha0.5_K5_N10000_cnn_E1_clr0.01_fedopt_sgd_slr1.0_sam_rho0.1_112125_19:29:33.ckpt
--- Round 182 of 10000: Training 5 Clients ---
Selected clients: ['22', '10', '91', '17', '69']
--- Updating central model ---
Checkpoint saved in path: checkpoints/cifar10/alpha0.5_K5_N10000_cnn_E1_clr0.01_fedopt_sgd_slr1.0_sam_rho0.1_112125_19:29:33.ckpt
--- Round 183 of 10000: Training 5 Clients ---
Selected clients: ['52', '86', '19', '34', '72']
--- Updating central model ---
Checkpoint saved in path: checkpoints/cifar10/alpha0.5_K5_N10000_cnn_E1_clr0.01_fedopt_sgd_slr1.0_sam_rho0.1_112125_19:29:33.ckpt
--- Round 184 of 10000: Training 5 Clients ---
Selected clients: ['91', '71', '99', '19', '98']
--- Updating central model ---
Checkpoint saved in path: checkpoints/cifar10/alpha0.5_K5_N10000_cnn_E1_clr0.01_fedopt_sgd_slr1.0_sam_rho0.1_112125_19:29:33.ckpt
--- Round 185 of 10000: Training 5 Clients ---
Selected clients: ['76', '50', '4', '64', '23']
--- Updating central model ---
Checkpoint saved in path: checkpoints/cifar10/alpha0.5_K5_N10000_cnn_E1_clr0.01_fedopt_sgd_slr1.0_sam_rho0.1_112125_19:29:33.ckpt
--- Round 186 of 10000: Training 5 Clients ---
Selected clients: ['19', '64', '76', '46', '23']
--- Updating central model ---
Checkpoint saved in path: checkpoints/cifar10/alpha0.5_K5_N10000_cnn_E1_clr0.01_fedopt_sgd_slr1.0_sam_rho0.1_112125_19:29:33.ckpt
--- Round 187 of 10000: Training 5 Clients ---
Selected clients: ['35', '31', '76', '38', '58']
--- Updating central model ---
Checkpoint saved in path: checkpoints/cifar10/alpha0.5_K5_N10000_cnn_E1_clr0.01_fedopt_sgd_slr1.0_sam_rho0.1_112125_19:29:33.ckpt
--- Round 188 of 10000: Training 5 Clients ---
Selected clients: ['16', '39', '74', '43', '93']
--- Updating central model ---
Checkpoint saved in path: checkpoints/cifar10/alpha0.5_K5_N10000_cnn_E1_clr0.01_fedopt_sgd_slr1.0_sam_rho0.1_112125_19:29:33.ckpt
--- Round 189 of 10000: Training 5 Clients ---
Selected clients: ['77', '21', '13', '94', '63']
--- Updating central model ---
Checkpoint saved in path: checkpoints/cifar10/alpha0.5_K5_N10000_cnn_E1_clr0.01_fedopt_sgd_slr1.0_sam_rho0.1_112125_19:29:33.ckpt
--- Round 190 of 10000: Training 5 Clients ---
Selected clients: ['43', '18', '87', '27', '90']
--- Updating central model ---
Checkpoint saved in path: checkpoints/cifar10/alpha0.5_K5_N10000_cnn_E1_clr0.01_fedopt_sgd_slr1.0_sam_rho0.1_112125_19:29:33.ckpt
--- Round 191 of 10000: Training 5 Clients ---
Selected clients: ['75', '35', '87', '39', '27']
--- Updating central model ---
Checkpoint saved in path: checkpoints/cifar10/alpha0.5_K5_N10000_cnn_E1_clr0.01_fedopt_sgd_slr1.0_sam_rho0.1_112125_19:29:33.ckpt
--- Round 192 of 10000: Training 5 Clients ---
Selected clients: ['94', '91', '44', '43', '99']
--- Updating central model ---
Checkpoint saved in path: checkpoints/cifar10/alpha0.5_K5_N10000_cnn_E1_clr0.01_fedopt_sgd_slr1.0_sam_rho0.1_112125_19:29:33.ckpt
--- Round 193 of 10000: Training 5 Clients ---
Selected clients: ['45', '49', '42', '22', '24']
--- Updating central model ---
Checkpoint saved in path: checkpoints/cifar10/alpha0.5_K5_N10000_cnn_E1_clr0.01_fedopt_sgd_slr1.0_sam_rho0.1_112125_19:29:33.ckpt
--- Round 194 of 10000: Training 5 Clients ---
Selected clients: ['71', '6', '92', '89', '39']
--- Updating central model ---
Checkpoint saved in path: checkpoints/cifar10/alpha0.5_K5_N10000_cnn_E1_clr0.01_fedopt_sgd_slr1.0_sam_rho0.1_112125_19:29:33.ckpt
--- Round 195 of 10000: Training 5 Clients ---
Selected clients: ['57', '31', '24', '80', '8']
--- Updating central model ---
Checkpoint saved in path: checkpoints/cifar10/alpha0.5_K5_N10000_cnn_E1_clr0.01_fedopt_sgd_slr1.0_sam_rho0.1_112125_19:29:33.ckpt
--- Round 196 of 10000: Training 5 Clients ---
Selected clients: ['48', '58', '68', '15', '5']
--- Updating central model ---
Checkpoint saved in path: checkpoints/cifar10/alpha0.5_K5_N10000_cnn_E1_clr0.01_fedopt_sgd_slr1.0_sam_rho0.1_112125_19:29:33.ckpt
--- Round 197 of 10000: Training 5 Clients ---
Selected clients: ['50', '27', '34', '52', '37']
--- Updating central model ---
Checkpoint saved in path: checkpoints/cifar10/alpha0.5_K5_N10000_cnn_E1_clr0.01_fedopt_sgd_slr1.0_sam_rho0.1_112125_19:29:33.ckpt
--- Round 198 of 10000: Training 5 Clients ---
Selected clients: ['16', '56', '66', '95', '91']
--- Updating central model ---
Checkpoint saved in path: checkpoints/cifar10/alpha0.5_K5_N10000_cnn_E1_clr0.01_fedopt_sgd_slr1.0_sam_rho0.1_112125_19:29:33.ckpt
--- Round 199 of 10000: Training 5 Clients ---
Selected clients: ['14', '79', '87', '30', '82']
--- Updating central model ---
Checkpoint saved in path: checkpoints/cifar10/alpha0.5_K5_N10000_cnn_E1_clr0.01_fedopt_sgd_slr1.0_sam_rho0.1_112125_19:29:33.ckpt
--- Round 200 of 10000: Training 5 Clients ---
Selected clients: ['98', '78', '48', '86', '72']
--- Updating central model ---
train_accuracy: 17.1, 10th percentile: 3.05056, 50th percentile: 13.7219, 90th percentile 33.8242
train_loss: 2.27703, 10th percentile: 2.25195, 50th percentile: 2.27745, 90th percentile 2.30015
test_accuracy: 17.86, 10th percentile: 17.86, 50th percentile: 17.86, 90th percentile 17.86
test_loss: 2.27574, 10th percentile: 2.27574, 50th percentile: 2.27574, 90th percentile 2.27574
Checkpoint saved in path: checkpoints/cifar10/alpha0.5_K5_N10000_cnn_E1_clr0.01_fedopt_sgd_slr1.0_sam_rho0.1_112125_19:29:33.ckpt
--- Round 201 of 10000: Training 5 Clients ---
Selected clients: ['45', '95', '19', '67', '78']
--- Updating central model ---
Checkpoint saved in path: checkpoints/cifar10/alpha0.5_K5_N10000_cnn_E1_clr0.01_fedopt_sgd_slr1.0_sam_rho0.1_112125_19:29:33.ckpt
--- Round 202 of 10000: Training 5 Clients ---
Selected clients: ['70', '43', '67', '5', '74']
--- Updating central model ---
Checkpoint saved in path: checkpoints/cifar10/alpha0.5_K5_N10000_cnn_E1_clr0.01_fedopt_sgd_slr1.0_sam_rho0.1_112125_19:29:33.ckpt
--- Round 203 of 10000: Training 5 Clients ---
Selected clients: ['30', '32', '92', '51', '46']
--- Updating central model ---
Checkpoint saved in path: checkpoints/cifar10/alpha0.5_K5_N10000_cnn_E1_clr0.01_fedopt_sgd_slr1.0_sam_rho0.1_112125_19:29:33.ckpt
--- Round 204 of 10000: Training 5 Clients ---
Selected clients: ['45', '95', '98', '47', '55']
--- Updating central model ---
Checkpoint saved in path: checkpoints/cifar10/alpha0.5_K5_N10000_cnn_E1_clr0.01_fedopt_sgd_slr1.0_sam_rho0.1_112125_19:29:33.ckpt
--- Round 205 of 10000: Training 5 Clients ---
Selected clients: ['0', '36', '20', '91', '97']
--- Updating central model ---
Checkpoint saved in path: checkpoints/cifar10/alpha0.5_K5_N10000_cnn_E1_clr0.01_fedopt_sgd_slr1.0_sam_rho0.1_112125_19:29:33.ckpt
--- Round 206 of 10000: Training 5 Clients ---
Selected clients: ['82', '20', '7', '6', '74']
--- Updating central model ---
Checkpoint saved in path: checkpoints/cifar10/alpha0.5_K5_N10000_cnn_E1_clr0.01_fedopt_sgd_slr1.0_sam_rho0.1_112125_19:29:33.ckpt
--- Round 207 of 10000: Training 5 Clients ---
Selected clients: ['0', '91', '25', '15', '30']
--- Updating central model ---
Checkpoint saved in path: checkpoints/cifar10/alpha0.5_K5_N10000_cnn_E1_clr0.01_fedopt_sgd_slr1.0_sam_rho0.1_112125_19:29:33.ckpt
--- Round 208 of 10000: Training 5 Clients ---
Selected clients: ['41', '93', '40', '46', '10']
--- Updating central model ---
Checkpoint saved in path: checkpoints/cifar10/alpha0.5_K5_N10000_cnn_E1_clr0.01_fedopt_sgd_slr1.0_sam_rho0.1_112125_19:29:33.ckpt
--- Round 209 of 10000: Training 5 Clients ---
Selected clients: ['32', '9', '93', '55', '48']
--- Updating central model ---
Checkpoint saved in path: checkpoints/cifar10/alpha0.5_K5_N10000_cnn_E1_clr0.01_fedopt_sgd_slr1.0_sam_rho0.1_112125_19:29:33.ckpt
--- Round 210 of 10000: Training 5 Clients ---
Selected clients: ['87', '77', '79', '97', '91']
--- Updating central model ---
Checkpoint saved in path: checkpoints/cifar10/alpha0.5_K5_N10000_cnn_E1_clr0.01_fedopt_sgd_slr1.0_sam_rho0.1_112125_19:29:33.ckpt
--- Round 211 of 10000: Training 5 Clients ---
Selected clients: ['37', '86', '41', '83', '26']
--- Updating central model ---
Checkpoint saved in path: checkpoints/cifar10/alpha0.5_K5_N10000_cnn_E1_clr0.01_fedopt_sgd_slr1.0_sam_rho0.1_112125_19:29:33.ckpt
--- Round 212 of 10000: Training 5 Clients ---
Selected clients: ['93', '34', '62', '56', '98']
--- Updating central model ---
Checkpoint saved in path: checkpoints/cifar10/alpha0.5_K5_N10000_cnn_E1_clr0.01_fedopt_sgd_slr1.0_sam_rho0.1_112125_19:29:33.ckpt
--- Round 213 of 10000: Training 5 Clients ---
Selected clients: ['80', '88', '1', '75', '19']
--- Updating central model ---
Checkpoint saved in path: checkpoints/cifar10/alpha0.5_K5_N10000_cnn_E1_clr0.01_fedopt_sgd_slr1.0_sam_rho0.1_112125_19:29:33.ckpt
--- Round 214 of 10000: Training 5 Clients ---
Selected clients: ['25', '24', '96', '31', '81']
--- Updating central model ---
Checkpoint saved in path: checkpoints/cifar10/alpha0.5_K5_N10000_cnn_E1_clr0.01_fedopt_sgd_slr1.0_sam_rho0.1_112125_19:29:33.ckpt
--- Round 215 of 10000: Training 5 Clients ---
Selected clients: ['75', '24', '21', '36', '92']
--- Updating central model ---
Checkpoint saved in path: checkpoints/cifar10/alpha0.5_K5_N10000_cnn_E1_clr0.01_fedopt_sgd_slr1.0_sam_rho0.1_112125_19:29:33.ckpt
--- Round 216 of 10000: Training 5 Clients ---
Selected clients: ['22', '71', '20', '97', '69']
--- Updating central model ---
Checkpoint saved in path: checkpoints/cifar10/alpha0.5_K5_N10000_cnn_E1_clr0.01_fedopt_sgd_slr1.0_sam_rho0.1_112125_19:29:33.ckpt
--- Round 217 of 10000: Training 5 Clients ---
Selected clients: ['91', '5', '10', '46', '69']
--- Updating central model ---
Checkpoint saved in path: checkpoints/cifar10/alpha0.5_K5_N10000_cnn_E1_clr0.01_fedopt_sgd_slr1.0_sam_rho0.1_112125_19:29:33.ckpt
--- Round 218 of 10000: Training 5 Clients ---
Selected clients: ['75', '11', '78', '30', '48']
--- Updating central model ---
Checkpoint saved in path: checkpoints/cifar10/alpha0.5_K5_N10000_cnn_E1_clr0.01_fedopt_sgd_slr1.0_sam_rho0.1_112125_19:29:33.ckpt
--- Round 219 of 10000: Training 5 Clients ---
Selected clients: ['18', '6', '66', '75', '73']
--- Updating central model ---
Checkpoint saved in path: checkpoints/cifar10/alpha0.5_K5_N10000_cnn_E1_clr0.01_fedopt_sgd_slr1.0_sam_rho0.1_112125_19:29:33.ckpt
--- Round 220 of 10000: Training 5 Clients ---
Selected clients: ['25', '21', '29', '44', '49']
--- Updating central model ---
Checkpoint saved in path: checkpoints/cifar10/alpha0.5_K5_N10000_cnn_E1_clr0.01_fedopt_sgd_slr1.0_sam_rho0.1_112125_19:29:33.ckpt
--- Round 221 of 10000: Training 5 Clients ---
Selected clients: ['16', '66', '5', '35', '51']
--- Updating central model ---
Checkpoint saved in path: checkpoints/cifar10/alpha0.5_K5_N10000_cnn_E1_clr0.01_fedopt_sgd_slr1.0_sam_rho0.1_112125_19:29:33.ckpt
--- Round 222 of 10000: Training 5 Clients ---
Selected clients: ['42', '13', '37', '7', '68']
--- Updating central model ---
Checkpoint saved in path: checkpoints/cifar10/alpha0.5_K5_N10000_cnn_E1_clr0.01_fedopt_sgd_slr1.0_sam_rho0.1_112125_19:29:33.ckpt
--- Round 223 of 10000: Training 5 Clients ---
Selected clients: ['12', '44', '98', '47', '0']
--- Updating central model ---
Checkpoint saved in path: checkpoints/cifar10/alpha0.5_K5_N10000_cnn_E1_clr0.01_fedopt_sgd_slr1.0_sam_rho0.1_112125_19:29:33.ckpt
--- Round 224 of 10000: Training 5 Clients ---
Selected clients: ['88', '12', '16', '36', '6']
--- Updating central model ---
Checkpoint saved in path: checkpoints/cifar10/alpha0.5_K5_N10000_cnn_E1_clr0.01_fedopt_sgd_slr1.0_sam_rho0.1_112125_19:29:33.ckpt
--- Round 225 of 10000: Training 5 Clients ---
Selected clients: ['65', '72', '93', '26', '37']
--- Updating central model ---
Checkpoint saved in path: checkpoints/cifar10/alpha0.5_K5_N10000_cnn_E1_clr0.01_fedopt_sgd_slr1.0_sam_rho0.1_112125_19:29:33.ckpt
--- Round 226 of 10000: Training 5 Clients ---
Selected clients: ['28', '5', '19', '69', '18']
--- Updating central model ---
Checkpoint saved in path: checkpoints/cifar10/alpha0.5_K5_N10000_cnn_E1_clr0.01_fedopt_sgd_slr1.0_sam_rho0.1_112125_19:29:33.ckpt
--- Round 227 of 10000: Training 5 Clients ---
Selected clients: ['12', '54', '23', '68', '36']
--- Updating central model ---
Checkpoint saved in path: checkpoints/cifar10/alpha0.5_K5_N10000_cnn_E1_clr0.01_fedopt_sgd_slr1.0_sam_rho0.1_112125_19:29:33.ckpt
--- Round 228 of 10000: Training 5 Clients ---
Selected clients: ['39', '60', '8', '5', '54']
--- Updating central model ---
Checkpoint saved in path: checkpoints/cifar10/alpha0.5_K5_N10000_cnn_E1_clr0.01_fedopt_sgd_slr1.0_sam_rho0.1_112125_19:29:33.ckpt
--- Round 229 of 10000: Training 5 Clients ---
Selected clients: ['39', '37', '12', '11', '45']
--- Updating central model ---
Checkpoint saved in path: checkpoints/cifar10/alpha0.5_K5_N10000_cnn_E1_clr0.01_fedopt_sgd_slr1.0_sam_rho0.1_112125_19:29:33.ckpt
--- Round 230 of 10000: Training 5 Clients ---
Selected clients: ['17', '57', '12', '0', '7']
--- Updating central model ---
Checkpoint saved in path: checkpoints/cifar10/alpha0.5_K5_N10000_cnn_E1_clr0.01_fedopt_sgd_slr1.0_sam_rho0.1_112125_19:29:33.ckpt
--- Round 231 of 10000: Training 5 Clients ---
Selected clients: ['67', '57', '46', '2', '25']
--- Updating central model ---
Checkpoint saved in path: checkpoints/cifar10/alpha0.5_K5_N10000_cnn_E1_clr0.01_fedopt_sgd_slr1.0_sam_rho0.1_112125_19:29:33.ckpt
--- Round 232 of 10000: Training 5 Clients ---
Selected clients: ['73', '56', '78', '83', '68']
--- Updating central model ---
Checkpoint saved in path: checkpoints/cifar10/alpha0.5_K5_N10000_cnn_E1_clr0.01_fedopt_sgd_slr1.0_sam_rho0.1_112125_19:29:33.ckpt
--- Round 233 of 10000: Training 5 Clients ---
Selected clients: ['8', '4', '26', '88', '93']
--- Updating central model ---
Checkpoint saved in path: checkpoints/cifar10/alpha0.5_K5_N10000_cnn_E1_clr0.01_fedopt_sgd_slr1.0_sam_rho0.1_112125_19:29:33.ckpt
--- Round 234 of 10000: Training 5 Clients ---
Selected clients: ['53', '86', '54', '98', '76']
--- Updating central model ---
Checkpoint saved in path: checkpoints/cifar10/alpha0.5_K5_N10000_cnn_E1_clr0.01_fedopt_sgd_slr1.0_sam_rho0.1_112125_19:29:33.ckpt
--- Round 235 of 10000: Training 5 Clients ---
Selected clients: ['83', '53', '46', '18', '94']
--- Updating central model ---
Checkpoint saved in path: checkpoints/cifar10/alpha0.5_K5_N10000_cnn_E1_clr0.01_fedopt_sgd_slr1.0_sam_rho0.1_112125_19:29:33.ckpt
--- Round 236 of 10000: Training 5 Clients ---
Selected clients: ['53', '99', '42', '4', '33']
--- Updating central model ---
Checkpoint saved in path: checkpoints/cifar10/alpha0.5_K5_N10000_cnn_E1_clr0.01_fedopt_sgd_slr1.0_sam_rho0.1_112125_19:29:33.ckpt
--- Round 237 of 10000: Training 5 Clients ---
Selected clients: ['10', '66', '81', '99', '45']
--- Updating central model ---
Checkpoint saved in path: checkpoints/cifar10/alpha0.5_K5_N10000_cnn_E1_clr0.01_fedopt_sgd_slr1.0_sam_rho0.1_112125_19:29:33.ckpt
--- Round 238 of 10000: Training 5 Clients ---
Selected clients: ['98', '28', '91', '78', '47']
--- Updating central model ---
Checkpoint saved in path: checkpoints/cifar10/alpha0.5_K5_N10000_cnn_E1_clr0.01_fedopt_sgd_slr1.0_sam_rho0.1_112125_19:29:33.ckpt
--- Round 239 of 10000: Training 5 Clients ---
Selected clients: ['65', '23', '31', '46', '80']
--- Updating central model ---
Checkpoint saved in path: checkpoints/cifar10/alpha0.5_K5_N10000_cnn_E1_clr0.01_fedopt_sgd_slr1.0_sam_rho0.1_112125_19:29:33.ckpt
--- Round 240 of 10000: Training 5 Clients ---
Selected clients: ['33', '52', '42', '64', '74']
--- Updating central model ---
Checkpoint saved in path: checkpoints/cifar10/alpha0.5_K5_N10000_cnn_E1_clr0.01_fedopt_sgd_slr1.0_sam_rho0.1_112125_19:29:33.ckpt
--- Round 241 of 10000: Training 5 Clients ---
Selected clients: ['16', '69', '94', '88', '60']
--- Updating central model ---
Checkpoint saved in path: checkpoints/cifar10/alpha0.5_K5_N10000_cnn_E1_clr0.01_fedopt_sgd_slr1.0_sam_rho0.1_112125_19:29:33.ckpt
--- Round 242 of 10000: Training 5 Clients ---
Selected clients: ['39', '43', '12', '71', '10']
--- Updating central model ---
Checkpoint saved in path: checkpoints/cifar10/alpha0.5_K5_N10000_cnn_E1_clr0.01_fedopt_sgd_slr1.0_sam_rho0.1_112125_19:29:33.ckpt
--- Round 243 of 10000: Training 5 Clients ---
Selected clients: ['59', '67', '22', '97', '19']
--- Updating central model ---
Checkpoint saved in path: checkpoints/cifar10/alpha0.5_K5_N10000_cnn_E1_clr0.01_fedopt_sgd_slr1.0_sam_rho0.1_112125_19:29:33.ckpt
--- Round 244 of 10000: Training 5 Clients ---
Selected clients: ['89', '2', '22', '88', '57']
--- Updating central model ---
Checkpoint saved in path: checkpoints/cifar10/alpha0.5_K5_N10000_cnn_E1_clr0.01_fedopt_sgd_slr1.0_sam_rho0.1_112125_19:29:33.ckpt
--- Round 245 of 10000: Training 5 Clients ---
Selected clients: ['54', '55', '2', '53', '41']
--- Updating central model ---
Checkpoint saved in path: checkpoints/cifar10/alpha0.5_K5_N10000_cnn_E1_clr0.01_fedopt_sgd_slr1.0_sam_rho0.1_112125_19:29:33.ckpt
--- Round 246 of 10000: Training 5 Clients ---
Selected clients: ['39', '27', '71', '30', '33']
--- Updating central model ---
Checkpoint saved in path: checkpoints/cifar10/alpha0.5_K5_N10000_cnn_E1_clr0.01_fedopt_sgd_slr1.0_sam_rho0.1_112125_19:29:33.ckpt
--- Round 247 of 10000: Training 5 Clients ---
Selected clients: ['79', '14', '62', '2', '63']
--- Updating central model ---
Checkpoint saved in path: checkpoints/cifar10/alpha0.5_K5_N10000_cnn_E1_clr0.01_fedopt_sgd_slr1.0_sam_rho0.1_112125_19:29:33.ckpt
--- Round 248 of 10000: Training 5 Clients ---
Selected clients: ['88', '7', '69', '0', '45']
--- Updating central model ---
Checkpoint saved in path: checkpoints/cifar10/alpha0.5_K5_N10000_cnn_E1_clr0.01_fedopt_sgd_slr1.0_sam_rho0.1_112125_19:29:33.ckpt
--- Round 249 of 10000: Training 5 Clients ---
Selected clients: ['45', '97', '91', '9', '79']
--- Updating central model ---
Checkpoint saved in path: checkpoints/cifar10/alpha0.5_K5_N10000_cnn_E1_clr0.01_fedopt_sgd_slr1.0_sam_rho0.1_112125_19:29:33.ckpt
--- Round 250 of 10000: Training 5 Clients ---
Selected clients: ['11', '37', '1', '59', '44']
--- Updating central model ---
Checkpoint saved in path: checkpoints/cifar10/alpha0.5_K5_N10000_cnn_E1_clr0.01_fedopt_sgd_slr1.0_sam_rho0.1_112125_19:29:33.ckpt
--- Round 251 of 10000: Training 5 Clients ---
Selected clients: ['98', '45', '99', '76', '4']
--- Updating central model ---
Checkpoint saved in path: checkpoints/cifar10/alpha0.5_K5_N10000_cnn_E1_clr0.01_fedopt_sgd_slr1.0_sam_rho0.1_112125_19:29:33.ckpt
--- Round 252 of 10000: Training 5 Clients ---
Selected clients: ['51', '84', '0', '68', '39']
--- Updating central model ---
Checkpoint saved in path: checkpoints/cifar10/alpha0.5_K5_N10000_cnn_E1_clr0.01_fedopt_sgd_slr1.0_sam_rho0.1_112125_19:29:33.ckpt
--- Round 253 of 10000: Training 5 Clients ---
Selected clients: ['0', '10', '14', '24', '2']
--- Updating central model ---
Checkpoint saved in path: checkpoints/cifar10/alpha0.5_K5_N10000_cnn_E1_clr0.01_fedopt_sgd_slr1.0_sam_rho0.1_112125_19:29:33.ckpt
--- Round 254 of 10000: Training 5 Clients ---
Selected clients: ['99', '39', '81', '92', '23']
--- Updating central model ---
Checkpoint saved in path: checkpoints/cifar10/alpha0.5_K5_N10000_cnn_E1_clr0.01_fedopt_sgd_slr1.0_sam_rho0.1_112125_19:29:33.ckpt
--- Round 255 of 10000: Training 5 Clients ---
Selected clients: ['70', '62', '97', '20', '1']
--- Updating central model ---
Checkpoint saved in path: checkpoints/cifar10/alpha0.5_K5_N10000_cnn_E1_clr0.01_fedopt_sgd_slr1.0_sam_rho0.1_112125_19:29:33.ckpt
--- Round 256 of 10000: Training 5 Clients ---
Selected clients: ['10', '12', '89', '36', '87']
--- Updating central model ---
Checkpoint saved in path: checkpoints/cifar10/alpha0.5_K5_N10000_cnn_E1_clr0.01_fedopt_sgd_slr1.0_sam_rho0.1_112125_19:29:33.ckpt
--- Round 257 of 10000: Training 5 Clients ---
Selected clients: ['99', '45', '2', '64', '74']
--- Updating central model ---
Checkpoint saved in path: checkpoints/cifar10/alpha0.5_K5_N10000_cnn_E1_clr0.01_fedopt_sgd_slr1.0_sam_rho0.1_112125_19:29:33.ckpt
--- Round 258 of 10000: Training 5 Clients ---
Selected clients: ['5', '28', '12', '67', '40']
--- Updating central model ---
Checkpoint saved in path: checkpoints/cifar10/alpha0.5_K5_N10000_cnn_E1_clr0.01_fedopt_sgd_slr1.0_sam_rho0.1_112125_19:29:33.ckpt
--- Round 259 of 10000: Training 5 Clients ---
Selected clients: ['91', '92', '51', '93', '42']
--- Updating central model ---
Checkpoint saved in path: checkpoints/cifar10/alpha0.5_K5_N10000_cnn_E1_clr0.01_fedopt_sgd_slr1.0_sam_rho0.1_112125_19:29:33.ckpt
--- Round 260 of 10000: Training 5 Clients ---
Selected clients: ['28', '84', '56', '72', '65']
--- Updating central model ---
Checkpoint saved in path: checkpoints/cifar10/alpha0.5_K5_N10000_cnn_E1_clr0.01_fedopt_sgd_slr1.0_sam_rho0.1_112125_19:29:33.ckpt
--- Round 261 of 10000: Training 5 Clients ---
Selected clients: ['57', '56', '36', '54', '49']
--- Updating central model ---
Checkpoint saved in path: checkpoints/cifar10/alpha0.5_K5_N10000_cnn_E1_clr0.01_fedopt_sgd_slr1.0_sam_rho0.1_112125_19:29:33.ckpt
--- Round 262 of 10000: Training 5 Clients ---
Selected clients: ['99', '24', '8', '35', '86']
--- Updating central model ---
Checkpoint saved in path: checkpoints/cifar10/alpha0.5_K5_N10000_cnn_E1_clr0.01_fedopt_sgd_slr1.0_sam_rho0.1_112125_19:29:33.ckpt
--- Round 263 of 10000: Training 5 Clients ---
Selected clients: ['96', '41', '54', '43', '74']
--- Updating central model ---
Checkpoint saved in path: checkpoints/cifar10/alpha0.5_K5_N10000_cnn_E1_clr0.01_fedopt_sgd_slr1.0_sam_rho0.1_112125_19:29:33.ckpt
--- Round 264 of 10000: Training 5 Clients ---
Selected clients: ['94', '66', '31', '0', '91']
--- Updating central model ---
Checkpoint saved in path: checkpoints/cifar10/alpha0.5_K5_N10000_cnn_E1_clr0.01_fedopt_sgd_slr1.0_sam_rho0.1_112125_19:29:33.ckpt
--- Round 265 of 10000: Training 5 Clients ---
Selected clients: ['58', '91', '14', '93', '64']
--- Updating central model ---
Checkpoint saved in path: checkpoints/cifar10/alpha0.5_K5_N10000_cnn_E1_clr0.01_fedopt_sgd_slr1.0_sam_rho0.1_112125_19:29:33.ckpt
--- Round 266 of 10000: Training 5 Clients ---
Selected clients: ['54', '65', '28', '25', '38']
--- Updating central model ---
Checkpoint saved in path: checkpoints/cifar10/alpha0.5_K5_N10000_cnn_E1_clr0.01_fedopt_sgd_slr1.0_sam_rho0.1_112125_19:29:33.ckpt
--- Round 267 of 10000: Training 5 Clients ---
Selected clients: ['16', '75', '86', '72', '87']
--- Updating central model ---
Checkpoint saved in path: checkpoints/cifar10/alpha0.5_K5_N10000_cnn_E1_clr0.01_fedopt_sgd_slr1.0_sam_rho0.1_112125_19:29:33.ckpt
--- Round 268 of 10000: Training 5 Clients ---
Selected clients: ['44', '52', '91', '99', '76']
--- Updating central model ---
Checkpoint saved in path: checkpoints/cifar10/alpha0.5_K5_N10000_cnn_E1_clr0.01_fedopt_sgd_slr1.0_sam_rho0.1_112125_19:29:33.ckpt
--- Round 269 of 10000: Training 5 Clients ---
Selected clients: ['37', '48', '25', '74', '3']
--- Updating central model ---
Checkpoint saved in path: checkpoints/cifar10/alpha0.5_K5_N10000_cnn_E1_clr0.01_fedopt_sgd_slr1.0_sam_rho0.1_112125_19:29:33.ckpt
--- Round 270 of 10000: Training 5 Clients ---
Selected clients: ['64', '53', '46', '33', '86']
--- Updating central model ---
Checkpoint saved in path: checkpoints/cifar10/alpha0.5_K5_N10000_cnn_E1_clr0.01_fedopt_sgd_slr1.0_sam_rho0.1_112125_19:29:33.ckpt
--- Round 271 of 10000: Training 5 Clients ---
Selected clients: ['79', '95', '57', '54', '19']
--- Updating central model ---
Checkpoint saved in path: checkpoints/cifar10/alpha0.5_K5_N10000_cnn_E1_clr0.01_fedopt_sgd_slr1.0_sam_rho0.1_112125_19:29:33.ckpt
--- Round 272 of 10000: Training 5 Clients ---
Selected clients: ['98', '78', '76', '41', '47']
--- Updating central model ---
Checkpoint saved in path: checkpoints/cifar10/alpha0.5_K5_N10000_cnn_E1_clr0.01_fedopt_sgd_slr1.0_sam_rho0.1_112125_19:29:33.ckpt
--- Round 273 of 10000: Training 5 Clients ---
Selected clients: ['7', '15', '85', '23', '48']
--- Updating central model ---
Checkpoint saved in path: checkpoints/cifar10/alpha0.5_K5_N10000_cnn_E1_clr0.01_fedopt_sgd_slr1.0_sam_rho0.1_112125_19:29:33.ckpt
--- Round 274 of 10000: Training 5 Clients ---
Selected clients: ['39', '9', '3', '36', '84']
--- Updating central model ---
Checkpoint saved in path: checkpoints/cifar10/alpha0.5_K5_N10000_cnn_E1_clr0.01_fedopt_sgd_slr1.0_sam_rho0.1_112125_19:29:33.ckpt
--- Round 275 of 10000: Training 5 Clients ---
Selected clients: ['7', '57', '74', '67', '86']
--- Updating central model ---
Checkpoint saved in path: checkpoints/cifar10/alpha0.5_K5_N10000_cnn_E1_clr0.01_fedopt_sgd_slr1.0_sam_rho0.1_112125_19:29:33.ckpt
--- Round 276 of 10000: Training 5 Clients ---
Selected clients: ['29', '37', '39', '36', '34']
--- Updating central model ---
Checkpoint saved in path: checkpoints/cifar10/alpha0.5_K5_N10000_cnn_E1_clr0.01_fedopt_sgd_slr1.0_sam_rho0.1_112125_19:29:33.ckpt
--- Round 277 of 10000: Training 5 Clients ---
Selected clients: ['56', '44', '11', '67', '6']
--- Updating central model ---
Checkpoint saved in path: checkpoints/cifar10/alpha0.5_K5_N10000_cnn_E1_clr0.01_fedopt_sgd_slr1.0_sam_rho0.1_112125_19:29:33.ckpt
--- Round 278 of 10000: Training 5 Clients ---
Selected clients: ['1', '71', '75', '35', '37']
--- Updating central model ---
Checkpoint saved in path: checkpoints/cifar10/alpha0.5_K5_N10000_cnn_E1_clr0.01_fedopt_sgd_slr1.0_sam_rho0.1_112125_19:29:33.ckpt
--- Round 279 of 10000: Training 5 Clients ---
Selected clients: ['48', '89', '55', '76', '41']
--- Updating central model ---
Checkpoint saved in path: checkpoints/cifar10/alpha0.5_K5_N10000_cnn_E1_clr0.01_fedopt_sgd_slr1.0_sam_rho0.1_112125_19:29:33.ckpt
--- Round 280 of 10000: Training 5 Clients ---
Selected clients: ['92', '87', '86', '90', '41']
--- Updating central model ---
Checkpoint saved in path: checkpoints/cifar10/alpha0.5_K5_N10000_cnn_E1_clr0.01_fedopt_sgd_slr1.0_sam_rho0.1_112125_19:29:33.ckpt
--- Round 281 of 10000: Training 5 Clients ---
Selected clients: ['64', '78', '72', '27', '34']
--- Updating central model ---
Checkpoint saved in path: checkpoints/cifar10/alpha0.5_K5_N10000_cnn_E1_clr0.01_fedopt_sgd_slr1.0_sam_rho0.1_112125_19:29:33.ckpt
--- Round 282 of 10000: Training 5 Clients ---
Selected clients: ['44', '33', '19', '55', '3']
--- Updating central model ---
Checkpoint saved in path: checkpoints/cifar10/alpha0.5_K5_N10000_cnn_E1_clr0.01_fedopt_sgd_slr1.0_sam_rho0.1_112125_19:29:33.ckpt
--- Round 283 of 10000: Training 5 Clients ---
Selected clients: ['75', '82', '42', '74', '16']
--- Updating central model ---
Checkpoint saved in path: checkpoints/cifar10/alpha0.5_K5_N10000_cnn_E1_clr0.01_fedopt_sgd_slr1.0_sam_rho0.1_112125_19:29:33.ckpt
--- Round 284 of 10000: Training 5 Clients ---
Selected clients: ['37', '2', '72', '99', '10']
--- Updating central model ---
Checkpoint saved in path: checkpoints/cifar10/alpha0.5_K5_N10000_cnn_E1_clr0.01_fedopt_sgd_slr1.0_sam_rho0.1_112125_19:29:33.ckpt
--- Round 285 of 10000: Training 5 Clients ---
Selected clients: ['15', '20', '12', '10', '1']
--- Updating central model ---
Checkpoint saved in path: checkpoints/cifar10/alpha0.5_K5_N10000_cnn_E1_clr0.01_fedopt_sgd_slr1.0_sam_rho0.1_112125_19:29:33.ckpt
--- Round 286 of 10000: Training 5 Clients ---
Selected clients: ['76', '6', '45', '15', '31']
--- Updating central model ---
Checkpoint saved in path: checkpoints/cifar10/alpha0.5_K5_N10000_cnn_E1_clr0.01_fedopt_sgd_slr1.0_sam_rho0.1_112125_19:29:33.ckpt
--- Round 287 of 10000: Training 5 Clients ---
Selected clients: ['55', '53', '61', '75', '33']
--- Updating central model ---
Checkpoint saved in path: checkpoints/cifar10/alpha0.5_K5_N10000_cnn_E1_clr0.01_fedopt_sgd_slr1.0_sam_rho0.1_112125_19:29:33.ckpt
--- Round 288 of 10000: Training 5 Clients ---
Selected clients: ['94', '56', '5', '27', '60']
--- Updating central model ---
Checkpoint saved in path: checkpoints/cifar10/alpha0.5_K5_N10000_cnn_E1_clr0.01_fedopt_sgd_slr1.0_sam_rho0.1_112125_19:29:33.ckpt
--- Round 289 of 10000: Training 5 Clients ---
Selected clients: ['70', '94', '93', '68', '32']
--- Updating central model ---
Checkpoint saved in path: checkpoints/cifar10/alpha0.5_K5_N10000_cnn_E1_clr0.01_fedopt_sgd_slr1.0_sam_rho0.1_112125_19:29:33.ckpt
--- Round 290 of 10000: Training 5 Clients ---
Selected clients: ['26', '99', '25', '58', '29']
--- Updating central model ---
Checkpoint saved in path: checkpoints/cifar10/alpha0.5_K5_N10000_cnn_E1_clr0.01_fedopt_sgd_slr1.0_sam_rho0.1_112125_19:29:33.ckpt
--- Round 291 of 10000: Training 5 Clients ---
Selected clients: ['86', '39', '11', '68', '59']
--- Updating central model ---
Checkpoint saved in path: checkpoints/cifar10/alpha0.5_K5_N10000_cnn_E1_clr0.01_fedopt_sgd_slr1.0_sam_rho0.1_112125_19:29:33.ckpt
--- Round 292 of 10000: Training 5 Clients ---
Selected clients: ['41', '9', '30', '24', '0']
--- Updating central model ---
Checkpoint saved in path: checkpoints/cifar10/alpha0.5_K5_N10000_cnn_E1_clr0.01_fedopt_sgd_slr1.0_sam_rho0.1_112125_19:29:33.ckpt
--- Round 293 of 10000: Training 5 Clients ---
Selected clients: ['31', '60', '43', '52', '17']
--- Updating central model ---
Checkpoint saved in path: checkpoints/cifar10/alpha0.5_K5_N10000_cnn_E1_clr0.01_fedopt_sgd_slr1.0_sam_rho0.1_112125_19:29:33.ckpt
--- Round 294 of 10000: Training 5 Clients ---
Selected clients: ['27', '70', '80', '81', '10']
--- Updating central model ---
Checkpoint saved in path: checkpoints/cifar10/alpha0.5_K5_N10000_cnn_E1_clr0.01_fedopt_sgd_slr1.0_sam_rho0.1_112125_19:29:33.ckpt
--- Round 295 of 10000: Training 5 Clients ---
Selected clients: ['81', '55', '2', '77', '73']
--- Updating central model ---
Checkpoint saved in path: checkpoints/cifar10/alpha0.5_K5_N10000_cnn_E1_clr0.01_fedopt_sgd_slr1.0_sam_rho0.1_112125_19:29:33.ckpt
--- Round 296 of 10000: Training 5 Clients ---
Selected clients: ['13', '86', '84', '51', '71']
--- Updating central model ---
Checkpoint saved in path: checkpoints/cifar10/alpha0.5_K5_N10000_cnn_E1_clr0.01_fedopt_sgd_slr1.0_sam_rho0.1_112125_19:29:33.ckpt
--- Round 297 of 10000: Training 5 Clients ---
Selected clients: ['31', '85', '52', '13', '30']
--- Updating central model ---
Checkpoint saved in path: checkpoints/cifar10/alpha0.5_K5_N10000_cnn_E1_clr0.01_fedopt_sgd_slr1.0_sam_rho0.1_112125_19:29:33.ckpt
--- Round 298 of 10000: Training 5 Clients ---
Selected clients: ['58', '59', '37', '18', '28']
--- Updating central model ---
Checkpoint saved in path: checkpoints/cifar10/alpha0.5_K5_N10000_cnn_E1_clr0.01_fedopt_sgd_slr1.0_sam_rho0.1_112125_19:29:33.ckpt
--- Round 299 of 10000: Training 5 Clients ---
Selected clients: ['19', '67', '89', '20', '87']
--- Updating central model ---
Checkpoint saved in path: checkpoints/cifar10/alpha0.5_K5_N10000_cnn_E1_clr0.01_fedopt_sgd_slr1.0_sam_rho0.1_112125_19:29:33.ckpt
--- Round 300 of 10000: Training 5 Clients ---
Selected clients: ['52', '4', '40', '90', '25']
--- Updating central model ---
train_accuracy: 20.4829, 10th percentile: 7.92444, 50th percentile: 17.6165, 90th percentile 37.1818
train_loss: 2.08373, 10th percentile: 1.91871, 50th percentile: 2.08891, 90th percentile 2.2107
test_accuracy: 21.57, 10th percentile: 21.57, 50th percentile: 21.57, 90th percentile 21.57
test_loss: 2.07531, 10th percentile: 2.07531, 50th percentile: 2.07531, 90th percentile 2.07531
Checkpoint saved in path: checkpoints/cifar10/alpha0.5_K5_N10000_cnn_E1_clr0.01_fedopt_sgd_slr1.0_sam_rho0.1_112125_19:29:33.ckpt
--- Round 301 of 10000: Training 5 Clients ---
Selected clients: ['10', '15', '74', '14', '28']
--- Updating central model ---
Checkpoint saved in path: checkpoints/cifar10/alpha0.5_K5_N10000_cnn_E1_clr0.01_fedopt_sgd_slr1.0_sam_rho0.1_112125_19:29:33.ckpt
--- Round 302 of 10000: Training 5 Clients ---
Selected clients: ['41', '81', '96', '60', '99']
--- Updating central model ---
Checkpoint saved in path: checkpoints/cifar10/alpha0.5_K5_N10000_cnn_E1_clr0.01_fedopt_sgd_slr1.0_sam_rho0.1_112125_19:29:33.ckpt
--- Round 303 of 10000: Training 5 Clients ---
Selected clients: ['10', '82', '27', '72', '7']
--- Updating central model ---
Checkpoint saved in path: checkpoints/cifar10/alpha0.5_K5_N10000_cnn_E1_clr0.01_fedopt_sgd_slr1.0_sam_rho0.1_112125_19:29:33.ckpt
--- Round 304 of 10000: Training 5 Clients ---
Selected clients: ['20', '18', '47', '1', '2']
--- Updating central model ---
Checkpoint saved in path: checkpoints/cifar10/alpha0.5_K5_N10000_cnn_E1_clr0.01_fedopt_sgd_slr1.0_sam_rho0.1_112125_19:29:33.ckpt
--- Round 305 of 10000: Training 5 Clients ---
Selected clients: ['78', '31', '44', '14', '95']
--- Updating central model ---
Checkpoint saved in path: checkpoints/cifar10/alpha0.5_K5_N10000_cnn_E1_clr0.01_fedopt_sgd_slr1.0_sam_rho0.1_112125_19:29:33.ckpt
--- Round 306 of 10000: Training 5 Clients ---
Selected clients: ['91', '24', '41', '97', '20']
--- Updating central model ---
Checkpoint saved in path: checkpoints/cifar10/alpha0.5_K5_N10000_cnn_E1_clr0.01_fedopt_sgd_slr1.0_sam_rho0.1_112125_19:29:33.ckpt
--- Round 307 of 10000: Training 5 Clients ---
Selected clients: ['87', '25', '13', '64', '23']
--- Updating central model ---
Checkpoint saved in path: checkpoints/cifar10/alpha0.5_K5_N10000_cnn_E1_clr0.01_fedopt_sgd_slr1.0_sam_rho0.1_112125_19:29:33.ckpt
--- Round 308 of 10000: Training 5 Clients ---
Selected clients: ['39', '41', '57', '81', '49']
--- Updating central model ---
Checkpoint saved in path: checkpoints/cifar10/alpha0.5_K5_N10000_cnn_E1_clr0.01_fedopt_sgd_slr1.0_sam_rho0.1_112125_19:29:33.ckpt
--- Round 309 of 10000: Training 5 Clients ---
Selected clients: ['98', '50', '2', '9', '49']
--- Updating central model ---
Checkpoint saved in path: checkpoints/cifar10/alpha0.5_K5_N10000_cnn_E1_clr0.01_fedopt_sgd_slr1.0_sam_rho0.1_112125_19:29:33.ckpt
--- Round 310 of 10000: Training 5 Clients ---
Selected clients: ['54', '27', '80', '69', '64']
--- Updating central model ---
Checkpoint saved in path: checkpoints/cifar10/alpha0.5_K5_N10000_cnn_E1_clr0.01_fedopt_sgd_slr1.0_sam_rho0.1_112125_19:29:33.ckpt
--- Round 311 of 10000: Training 5 Clients ---
Selected clients: ['31', '89', '42', '47', '60']
--- Updating central model ---
Checkpoint saved in path: checkpoints/cifar10/alpha0.5_K5_N10000_cnn_E1_clr0.01_fedopt_sgd_slr1.0_sam_rho0.1_112125_19:29:33.ckpt
--- Round 312 of 10000: Training 5 Clients ---
Selected clients: ['58', '98', '39', '57', '24']
--- Updating central model ---
Checkpoint saved in path: checkpoints/cifar10/alpha0.5_K5_N10000_cnn_E1_clr0.01_fedopt_sgd_slr1.0_sam_rho0.1_112125_19:29:33.ckpt
--- Round 313 of 10000: Training 5 Clients ---
Selected clients: ['59', '68', '28', '71', '2']
--- Updating central model ---
Checkpoint saved in path: checkpoints/cifar10/alpha0.5_K5_N10000_cnn_E1_clr0.01_fedopt_sgd_slr1.0_sam_rho0.1_112125_19:29:33.ckpt
--- Round 314 of 10000: Training 5 Clients ---
Selected clients: ['8', '95', '57', '37', '38']
--- Updating central model ---
Checkpoint saved in path: checkpoints/cifar10/alpha0.5_K5_N10000_cnn_E1_clr0.01_fedopt_sgd_slr1.0_sam_rho0.1_112125_19:29:33.ckpt
--- Round 315 of 10000: Training 5 Clients ---
Selected clients: ['23', '21', '14', '63', '90']
--- Updating central model ---
Checkpoint saved in path: checkpoints/cifar10/alpha0.5_K5_N10000_cnn_E1_clr0.01_fedopt_sgd_slr1.0_sam_rho0.1_112125_19:29:33.ckpt
--- Round 316 of 10000: Training 5 Clients ---
Selected clients: ['26', '72', '39', '89', '46']
--- Updating central model ---
Checkpoint saved in path: checkpoints/cifar10/alpha0.5_K5_N10000_cnn_E1_clr0.01_fedopt_sgd_slr1.0_sam_rho0.1_112125_19:29:33.ckpt
--- Round 317 of 10000: Training 5 Clients ---
Selected clients: ['71', '30', '40', '81', '38']
--- Updating central model ---
Checkpoint saved in path: checkpoints/cifar10/alpha0.5_K5_N10000_cnn_E1_clr0.01_fedopt_sgd_slr1.0_sam_rho0.1_112125_19:29:33.ckpt
--- Round 318 of 10000: Training 5 Clients ---
Selected clients: ['93', '27', '11', '63', '36']
--- Updating central model ---
Checkpoint saved in path: checkpoints/cifar10/alpha0.5_K5_N10000_cnn_E1_clr0.01_fedopt_sgd_slr1.0_sam_rho0.1_112125_19:29:33.ckpt
--- Round 319 of 10000: Training 5 Clients ---
Selected clients: ['15', '64', '19', '98', '66']
--- Updating central model ---
Checkpoint saved in path: checkpoints/cifar10/alpha0.5_K5_N10000_cnn_E1_clr0.01_fedopt_sgd_slr1.0_sam_rho0.1_112125_19:29:33.ckpt
--- Round 320 of 10000: Training 5 Clients ---
Selected clients: ['77', '22', '81', '71', '53']
--- Updating central model ---
Checkpoint saved in path: checkpoints/cifar10/alpha0.5_K5_N10000_cnn_E1_clr0.01_fedopt_sgd_slr1.0_sam_rho0.1_112125_19:29:33.ckpt
--- Round 321 of 10000: Training 5 Clients ---
Selected clients: ['80', '21', '43', '3', '40']
--- Updating central model ---
Checkpoint saved in path: checkpoints/cifar10/alpha0.5_K5_N10000_cnn_E1_clr0.01_fedopt_sgd_slr1.0_sam_rho0.1_112125_19:29:33.ckpt
--- Round 322 of 10000: Training 5 Clients ---
Selected clients: ['57', '21', '85', '1', '55']
--- Updating central model ---
Checkpoint saved in path: checkpoints/cifar10/alpha0.5_K5_N10000_cnn_E1_clr0.01_fedopt_sgd_slr1.0_sam_rho0.1_112125_19:29:33.ckpt
--- Round 323 of 10000: Training 5 Clients ---
Selected clients: ['34', '86', '19', '12', '22']
--- Updating central model ---
Checkpoint saved in path: checkpoints/cifar10/alpha0.5_K5_N10000_cnn_E1_clr0.01_fedopt_sgd_slr1.0_sam_rho0.1_112125_19:29:33.ckpt
--- Round 324 of 10000: Training 5 Clients ---
Selected clients: ['20', '85', '47', '79', '87']
--- Updating central model ---
Checkpoint saved in path: checkpoints/cifar10/alpha0.5_K5_N10000_cnn_E1_clr0.01_fedopt_sgd_slr1.0_sam_rho0.1_112125_19:29:33.ckpt
--- Round 325 of 10000: Training 5 Clients ---
Selected clients: ['86', '43', '87', '16', '50']
--- Updating central model ---
Checkpoint saved in path: checkpoints/cifar10/alpha0.5_K5_N10000_cnn_E1_clr0.01_fedopt_sgd_slr1.0_sam_rho0.1_112125_19:29:33.ckpt
--- Round 326 of 10000: Training 5 Clients ---
Selected clients: ['26', '80', '17', '13', '6']
--- Updating central model ---
Checkpoint saved in path: checkpoints/cifar10/alpha0.5_K5_N10000_cnn_E1_clr0.01_fedopt_sgd_slr1.0_sam_rho0.1_112125_19:29:33.ckpt
--- Round 327 of 10000: Training 5 Clients ---
Selected clients: ['4', '25', '82', '68', '97']
--- Updating central model ---
Checkpoint saved in path: checkpoints/cifar10/alpha0.5_K5_N10000_cnn_E1_clr0.01_fedopt_sgd_slr1.0_sam_rho0.1_112125_19:29:33.ckpt
--- Round 328 of 10000: Training 5 Clients ---
Selected clients: ['99', '59', '74', '49', '67']
--- Updating central model ---
Checkpoint saved in path: checkpoints/cifar10/alpha0.5_K5_N10000_cnn_E1_clr0.01_fedopt_sgd_slr1.0_sam_rho0.1_112125_19:29:33.ckpt
--- Round 329 of 10000: Training 5 Clients ---
Selected clients: ['13', '22', '90', '10', '31']
--- Updating central model ---
Checkpoint saved in path: checkpoints/cifar10/alpha0.5_K5_N10000_cnn_E1_clr0.01_fedopt_sgd_slr1.0_sam_rho0.1_112125_19:29:33.ckpt
--- Round 330 of 10000: Training 5 Clients ---
Selected clients: ['67', '55', '24', '99', '68']
--- Updating central model ---
Checkpoint saved in path: checkpoints/cifar10/alpha0.5_K5_N10000_cnn_E1_clr0.01_fedopt_sgd_slr1.0_sam_rho0.1_112125_19:29:33.ckpt
--- Round 331 of 10000: Training 5 Clients ---
Selected clients: ['31', '36', '44', '46', '71']
--- Updating central model ---
Checkpoint saved in path: checkpoints/cifar10/alpha0.5_K5_N10000_cnn_E1_clr0.01_fedopt_sgd_slr1.0_sam_rho0.1_112125_19:29:33.ckpt
--- Round 332 of 10000: Training 5 Clients ---
Selected clients: ['79', '5', '67', '7', '93']
--- Updating central model ---
Checkpoint saved in path: checkpoints/cifar10/alpha0.5_K5_N10000_cnn_E1_clr0.01_fedopt_sgd_slr1.0_sam_rho0.1_112125_19:29:33.ckpt
--- Round 333 of 10000: Training 5 Clients ---
Selected clients: ['80', '12', '87', '13', '45']
--- Updating central model ---
Checkpoint saved in path: checkpoints/cifar10/alpha0.5_K5_N10000_cnn_E1_clr0.01_fedopt_sgd_slr1.0_sam_rho0.1_112125_19:29:33.ckpt
--- Round 334 of 10000: Training 5 Clients ---
Selected clients: ['8', '91', '86', '62', '20']
--- Updating central model ---
Checkpoint saved in path: checkpoints/cifar10/alpha0.5_K5_N10000_cnn_E1_clr0.01_fedopt_sgd_slr1.0_sam_rho0.1_112125_19:29:33.ckpt
--- Round 335 of 10000: Training 5 Clients ---
Selected clients: ['82', '13', '71', '28', '34']
--- Updating central model ---
Checkpoint saved in path: checkpoints/cifar10/alpha0.5_K5_N10000_cnn_E1_clr0.01_fedopt_sgd_slr1.0_sam_rho0.1_112125_19:29:33.ckpt
--- Round 336 of 10000: Training 5 Clients ---
Selected clients: ['10', '40', '64', '25', '14']
--- Updating central model ---
Checkpoint saved in path: checkpoints/cifar10/alpha0.5_K5_N10000_cnn_E1_clr0.01_fedopt_sgd_slr1.0_sam_rho0.1_112125_19:29:33.ckpt
--- Round 337 of 10000: Training 5 Clients ---
Selected clients: ['3', '11', '95', '79', '44']
--- Updating central model ---
Checkpoint saved in path: checkpoints/cifar10/alpha0.5_K5_N10000_cnn_E1_clr0.01_fedopt_sgd_slr1.0_sam_rho0.1_112125_19:29:33.ckpt
--- Round 338 of 10000: Training 5 Clients ---
Selected clients: ['36', '15', '49', '39', '7']
--- Updating central model ---
Checkpoint saved in path: checkpoints/cifar10/alpha0.5_K5_N10000_cnn_E1_clr0.01_fedopt_sgd_slr1.0_sam_rho0.1_112125_19:29:33.ckpt
--- Round 339 of 10000: Training 5 Clients ---
Selected clients: ['74', '47', '33', '16', '77']
--- Updating central model ---
Checkpoint saved in path: checkpoints/cifar10/alpha0.5_K5_N10000_cnn_E1_clr0.01_fedopt_sgd_slr1.0_sam_rho0.1_112125_19:29:33.ckpt
--- Round 340 of 10000: Training 5 Clients ---
Selected clients: ['91', '85', '78', '47', '11']
--- Updating central model ---
Checkpoint saved in path: checkpoints/cifar10/alpha0.5_K5_N10000_cnn_E1_clr0.01_fedopt_sgd_slr1.0_sam_rho0.1_112125_19:29:33.ckpt
--- Round 341 of 10000: Training 5 Clients ---
Selected clients: ['74', '14', '94', '4', '29']
--- Updating central model ---
Checkpoint saved in path: checkpoints/cifar10/alpha0.5_K5_N10000_cnn_E1_clr0.01_fedopt_sgd_slr1.0_sam_rho0.1_112125_19:29:33.ckpt
--- Round 342 of 10000: Training 5 Clients ---
Selected clients: ['76', '18', '51', '54', '73']
--- Updating central model ---
Checkpoint saved in path: checkpoints/cifar10/alpha0.5_K5_N10000_cnn_E1_clr0.01_fedopt_sgd_slr1.0_sam_rho0.1_112125_19:29:33.ckpt
--- Round 343 of 10000: Training 5 Clients ---
Selected clients: ['62', '78', '12', '48', '63']
--- Updating central model ---
Checkpoint saved in path: checkpoints/cifar10/alpha0.5_K5_N10000_cnn_E1_clr0.01_fedopt_sgd_slr1.0_sam_rho0.1_112125_19:29:33.ckpt
--- Round 344 of 10000: Training 5 Clients ---
Selected clients: ['91', '34', '69', '94', '8']
--- Updating central model ---
Checkpoint saved in path: checkpoints/cifar10/alpha0.5_K5_N10000_cnn_E1_clr0.01_fedopt_sgd_slr1.0_sam_rho0.1_112125_19:29:33.ckpt
--- Round 345 of 10000: Training 5 Clients ---
Selected clients: ['45', '87', '53', '61', '75']
--- Updating central model ---
Checkpoint saved in path: checkpoints/cifar10/alpha0.5_K5_N10000_cnn_E1_clr0.01_fedopt_sgd_slr1.0_sam_rho0.1_112125_19:29:33.ckpt
--- Round 346 of 10000: Training 5 Clients ---
Selected clients: ['56', '19', '97', '30', '24']
--- Updating central model ---
Checkpoint saved in path: checkpoints/cifar10/alpha0.5_K5_N10000_cnn_E1_clr0.01_fedopt_sgd_slr1.0_sam_rho0.1_112125_19:29:33.ckpt
--- Round 347 of 10000: Training 5 Clients ---
Selected clients: ['69', '13', '60', '19', '99']
--- Updating central model ---
Checkpoint saved in path: checkpoints/cifar10/alpha0.5_K5_N10000_cnn_E1_clr0.01_fedopt_sgd_slr1.0_sam_rho0.1_112125_19:29:33.ckpt
--- Round 348 of 10000: Training 5 Clients ---
Selected clients: ['29', '50', '33', '24', '20']
--- Updating central model ---
Checkpoint saved in path: checkpoints/cifar10/alpha0.5_K5_N10000_cnn_E1_clr0.01_fedopt_sgd_slr1.0_sam_rho0.1_112125_19:29:33.ckpt