Alpha: alpha_0.50
Using device: NVIDIA A100-SXM4-80GB
############################## cifar10.cnn ##############################
Running experiment with server servers.fedopt_server and client clients.sam_client
Verify client and server: <class 'clients.sam_client.SAMClient'> <class 'servers.fedopt_server.FedOptServer'>
Running influence estimation:   0%|          | 0/20 [00:00<?, ?it/s]wandb: WARNING `resume` will be ignored since W&B syncing is set to `offline`. Starting a new run with run id b62w7h1d.
wandb: Tracking run with wandb version 0.23.0
wandb: W&B syncing is set to `offline` in this directory. Run `wandb online` or set WANDB_MODE=online to enable cloud syncing.
wandb: Run data is saved locally in /home/mlr570t1/FedSAM_mem_inf-main/models/wandb/offline-run-20251121_192855-b62w7h1d
Server optimizer: sgd with lr 1.0 and momentum 0
Start round: 0
Clients in Total: 100 training clients and 1 test clients
--- Random Initialization ---
--- Round 1 of 10000: Training 5 Clients ---
Selected clients: ['58', '15', '49', '10', '9']
--- Updating central model ---
Checkpoint saved in path: checkpoints/cifar10/alpha0.5_K5_N10000_cnn_E1_clr0.01_fedopt_sgd_slr1.0_sam_rho0.1_112125_19:29:43.ckpt
--- Round 2 of 10000: Training 5 Clients ---
Selected clients: ['19', '87', '57', '58', '25']
--- Updating central model ---
Checkpoint saved in path: checkpoints/cifar10/alpha0.5_K5_N10000_cnn_E1_clr0.01_fedopt_sgd_slr1.0_sam_rho0.1_112125_19:29:43.ckpt
--- Round 3 of 10000: Training 5 Clients ---
Selected clients: ['98', '3', '36', '65', '60']
--- Updating central model ---
Checkpoint saved in path: checkpoints/cifar10/alpha0.5_K5_N10000_cnn_E1_clr0.01_fedopt_sgd_slr1.0_sam_rho0.1_112125_19:29:43.ckpt
--- Round 4 of 10000: Training 5 Clients ---
Selected clients: ['1', '87', '80', '48', '83']
--- Updating central model ---
Checkpoint saved in path: checkpoints/cifar10/alpha0.5_K5_N10000_cnn_E1_clr0.01_fedopt_sgd_slr1.0_sam_rho0.1_112125_19:29:43.ckpt
--- Round 5 of 10000: Training 5 Clients ---
Selected clients: ['80', '24', '28', '73', '40']
--- Updating central model ---
Checkpoint saved in path: checkpoints/cifar10/alpha0.5_K5_N10000_cnn_E1_clr0.01_fedopt_sgd_slr1.0_sam_rho0.1_112125_19:29:43.ckpt
--- Round 6 of 10000: Training 5 Clients ---
Selected clients: ['10', '43', '29', '74', '7']
--- Updating central model ---
Checkpoint saved in path: checkpoints/cifar10/alpha0.5_K5_N10000_cnn_E1_clr0.01_fedopt_sgd_slr1.0_sam_rho0.1_112125_19:29:43.ckpt
--- Round 7 of 10000: Training 5 Clients ---
Selected clients: ['17', '91', '1', '30', '93']
--- Updating central model ---
Checkpoint saved in path: checkpoints/cifar10/alpha0.5_K5_N10000_cnn_E1_clr0.01_fedopt_sgd_slr1.0_sam_rho0.1_112125_19:29:43.ckpt
--- Round 8 of 10000: Training 5 Clients ---
Selected clients: ['88', '41', '92', '5', '87']
--- Updating central model ---
Checkpoint saved in path: checkpoints/cifar10/alpha0.5_K5_N10000_cnn_E1_clr0.01_fedopt_sgd_slr1.0_sam_rho0.1_112125_19:29:43.ckpt
--- Round 9 of 10000: Training 5 Clients ---
Selected clients: ['61', '53', '55', '10', '23']
--- Updating central model ---
Checkpoint saved in path: checkpoints/cifar10/alpha0.5_K5_N10000_cnn_E1_clr0.01_fedopt_sgd_slr1.0_sam_rho0.1_112125_19:29:43.ckpt
--- Round 10 of 10000: Training 5 Clients ---
Selected clients: ['54', '71', '45', '5', '88']
--- Updating central model ---
Checkpoint saved in path: checkpoints/cifar10/alpha0.5_K5_N10000_cnn_E1_clr0.01_fedopt_sgd_slr1.0_sam_rho0.1_112125_19:29:43.ckpt
--- Round 11 of 10000: Training 5 Clients ---
Selected clients: ['36', '78', '0', '30', '50']
--- Updating central model ---
Checkpoint saved in path: checkpoints/cifar10/alpha0.5_K5_N10000_cnn_E1_clr0.01_fedopt_sgd_slr1.0_sam_rho0.1_112125_19:29:43.ckpt
--- Round 12 of 10000: Training 5 Clients ---
Selected clients: ['38', '34', '11', '5', '51']
--- Updating central model ---
Checkpoint saved in path: checkpoints/cifar10/alpha0.5_K5_N10000_cnn_E1_clr0.01_fedopt_sgd_slr1.0_sam_rho0.1_112125_19:29:43.ckpt
--- Round 13 of 10000: Training 5 Clients ---
Selected clients: ['59', '3', '27', '90', '30']
--- Updating central model ---
Checkpoint saved in path: checkpoints/cifar10/alpha0.5_K5_N10000_cnn_E1_clr0.01_fedopt_sgd_slr1.0_sam_rho0.1_112125_19:29:43.ckpt
--- Round 14 of 10000: Training 5 Clients ---
Selected clients: ['31', '3', '45', '61', '28']
--- Updating central model ---
Checkpoint saved in path: checkpoints/cifar10/alpha0.5_K5_N10000_cnn_E1_clr0.01_fedopt_sgd_slr1.0_sam_rho0.1_112125_19:29:43.ckpt
--- Round 15 of 10000: Training 5 Clients ---
Selected clients: ['46', '81', '2', '53', '13']
--- Updating central model ---
Checkpoint saved in path: checkpoints/cifar10/alpha0.5_K5_N10000_cnn_E1_clr0.01_fedopt_sgd_slr1.0_sam_rho0.1_112125_19:29:43.ckpt
--- Round 16 of 10000: Training 5 Clients ---
Selected clients: ['10', '57', '85', '2', '43']
--- Updating central model ---
Checkpoint saved in path: checkpoints/cifar10/alpha0.5_K5_N10000_cnn_E1_clr0.01_fedopt_sgd_slr1.0_sam_rho0.1_112125_19:29:43.ckpt
--- Round 17 of 10000: Training 5 Clients ---
Selected clients: ['4', '35', '95', '43', '41']
--- Updating central model ---
Checkpoint saved in path: checkpoints/cifar10/alpha0.5_K5_N10000_cnn_E1_clr0.01_fedopt_sgd_slr1.0_sam_rho0.1_112125_19:29:43.ckpt
--- Round 18 of 10000: Training 5 Clients ---
Selected clients: ['50', '42', '36', '6', '40']
--- Updating central model ---
Checkpoint saved in path: checkpoints/cifar10/alpha0.5_K5_N10000_cnn_E1_clr0.01_fedopt_sgd_slr1.0_sam_rho0.1_112125_19:29:43.ckpt
--- Round 19 of 10000: Training 5 Clients ---
Selected clients: ['11', '10', '13', '44', '74']
--- Updating central model ---
Checkpoint saved in path: checkpoints/cifar10/alpha0.5_K5_N10000_cnn_E1_clr0.01_fedopt_sgd_slr1.0_sam_rho0.1_112125_19:29:43.ckpt
--- Round 20 of 10000: Training 5 Clients ---
Selected clients: ['90', '28', '13', '76', '74']
--- Updating central model ---
Checkpoint saved in path: checkpoints/cifar10/alpha0.5_K5_N10000_cnn_E1_clr0.01_fedopt_sgd_slr1.0_sam_rho0.1_112125_19:29:43.ckpt
--- Round 21 of 10000: Training 5 Clients ---
Selected clients: ['4', '53', '87', '56', '0']
--- Updating central model ---
Checkpoint saved in path: checkpoints/cifar10/alpha0.5_K5_N10000_cnn_E1_clr0.01_fedopt_sgd_slr1.0_sam_rho0.1_112125_19:29:43.ckpt
--- Round 22 of 10000: Training 5 Clients ---
Selected clients: ['86', '79', '73', '61', '96']
--- Updating central model ---
Checkpoint saved in path: checkpoints/cifar10/alpha0.5_K5_N10000_cnn_E1_clr0.01_fedopt_sgd_slr1.0_sam_rho0.1_112125_19:29:43.ckpt
--- Round 23 of 10000: Training 5 Clients ---
Selected clients: ['7', '83', '45', '43', '21']
--- Updating central model ---
Checkpoint saved in path: checkpoints/cifar10/alpha0.5_K5_N10000_cnn_E1_clr0.01_fedopt_sgd_slr1.0_sam_rho0.1_112125_19:29:43.ckpt
--- Round 24 of 10000: Training 5 Clients ---
Selected clients: ['19', '86', '40', '47', '96']
--- Updating central model ---
Checkpoint saved in path: checkpoints/cifar10/alpha0.5_K5_N10000_cnn_E1_clr0.01_fedopt_sgd_slr1.0_sam_rho0.1_112125_19:29:43.ckpt
--- Round 25 of 10000: Training 5 Clients ---
Selected clients: ['7', '14', '80', '56', '3']
--- Updating central model ---
Checkpoint saved in path: checkpoints/cifar10/alpha0.5_K5_N10000_cnn_E1_clr0.01_fedopt_sgd_slr1.0_sam_rho0.1_112125_19:29:43.ckpt
--- Round 26 of 10000: Training 5 Clients ---
Selected clients: ['10', '96', '75', '34', '57']
--- Updating central model ---
Checkpoint saved in path: checkpoints/cifar10/alpha0.5_K5_N10000_cnn_E1_clr0.01_fedopt_sgd_slr1.0_sam_rho0.1_112125_19:29:43.ckpt
--- Round 27 of 10000: Training 5 Clients ---
Selected clients: ['74', '37', '47', '23', '65']
--- Updating central model ---
Checkpoint saved in path: checkpoints/cifar10/alpha0.5_K5_N10000_cnn_E1_clr0.01_fedopt_sgd_slr1.0_sam_rho0.1_112125_19:29:43.ckpt
--- Round 28 of 10000: Training 5 Clients ---
Selected clients: ['85', '63', '18', '40', '25']
--- Updating central model ---
Checkpoint saved in path: checkpoints/cifar10/alpha0.5_K5_N10000_cnn_E1_clr0.01_fedopt_sgd_slr1.0_sam_rho0.1_112125_19:29:43.ckpt
--- Round 29 of 10000: Training 5 Clients ---
Selected clients: ['29', '52', '26', '18', '35']
--- Updating central model ---
Checkpoint saved in path: checkpoints/cifar10/alpha0.5_K5_N10000_cnn_E1_clr0.01_fedopt_sgd_slr1.0_sam_rho0.1_112125_19:29:43.ckpt
--- Round 30 of 10000: Training 5 Clients ---
Selected clients: ['8', '49', '28', '95', '93']
--- Updating central model ---
Checkpoint saved in path: checkpoints/cifar10/alpha0.5_K5_N10000_cnn_E1_clr0.01_fedopt_sgd_slr1.0_sam_rho0.1_112125_19:29:43.ckpt
--- Round 31 of 10000: Training 5 Clients ---
Selected clients: ['33', '90', '79', '98', '53']
--- Updating central model ---
Checkpoint saved in path: checkpoints/cifar10/alpha0.5_K5_N10000_cnn_E1_clr0.01_fedopt_sgd_slr1.0_sam_rho0.1_112125_19:29:43.ckpt
--- Round 32 of 10000: Training 5 Clients ---
Selected clients: ['79', '68', '52', '81', '1']
--- Updating central model ---
Checkpoint saved in path: checkpoints/cifar10/alpha0.5_K5_N10000_cnn_E1_clr0.01_fedopt_sgd_slr1.0_sam_rho0.1_112125_19:29:43.ckpt
--- Round 33 of 10000: Training 5 Clients ---
Selected clients: ['67', '25', '53', '46', '51']
--- Updating central model ---
Checkpoint saved in path: checkpoints/cifar10/alpha0.5_K5_N10000_cnn_E1_clr0.01_fedopt_sgd_slr1.0_sam_rho0.1_112125_19:29:43.ckpt
--- Round 34 of 10000: Training 5 Clients ---
Selected clients: ['6', '70', '44', '81', '2']
--- Updating central model ---
Checkpoint saved in path: checkpoints/cifar10/alpha0.5_K5_N10000_cnn_E1_clr0.01_fedopt_sgd_slr1.0_sam_rho0.1_112125_19:29:43.ckpt
--- Round 35 of 10000: Training 5 Clients ---
Selected clients: ['30', '90', '70', '92', '25']
--- Updating central model ---
Checkpoint saved in path: checkpoints/cifar10/alpha0.5_K5_N10000_cnn_E1_clr0.01_fedopt_sgd_slr1.0_sam_rho0.1_112125_19:29:43.ckpt
--- Round 36 of 10000: Training 5 Clients ---
Selected clients: ['22', '91', '92', '4', '16']
--- Updating central model ---
Checkpoint saved in path: checkpoints/cifar10/alpha0.5_K5_N10000_cnn_E1_clr0.01_fedopt_sgd_slr1.0_sam_rho0.1_112125_19:29:43.ckpt
--- Round 37 of 10000: Training 5 Clients ---
Selected clients: ['34', '53', '5', '36', '30']
--- Updating central model ---
Checkpoint saved in path: checkpoints/cifar10/alpha0.5_K5_N10000_cnn_E1_clr0.01_fedopt_sgd_slr1.0_sam_rho0.1_112125_19:29:43.ckpt
--- Round 38 of 10000: Training 5 Clients ---
Selected clients: ['99', '52', '75', '18', '44']
--- Updating central model ---
Checkpoint saved in path: checkpoints/cifar10/alpha0.5_K5_N10000_cnn_E1_clr0.01_fedopt_sgd_slr1.0_sam_rho0.1_112125_19:29:43.ckpt
--- Round 39 of 10000: Training 5 Clients ---
Selected clients: ['87', '67', '89', '70', '9']
--- Updating central model ---
Checkpoint saved in path: checkpoints/cifar10/alpha0.5_K5_N10000_cnn_E1_clr0.01_fedopt_sgd_slr1.0_sam_rho0.1_112125_19:29:43.ckpt
--- Round 40 of 10000: Training 5 Clients ---
Selected clients: ['66', '4', '10', '34', '7']
--- Updating central model ---
Checkpoint saved in path: checkpoints/cifar10/alpha0.5_K5_N10000_cnn_E1_clr0.01_fedopt_sgd_slr1.0_sam_rho0.1_112125_19:29:43.ckpt
--- Round 41 of 10000: Training 5 Clients ---
Selected clients: ['43', '63', '60', '10', '56']
--- Updating central model ---
Checkpoint saved in path: checkpoints/cifar10/alpha0.5_K5_N10000_cnn_E1_clr0.01_fedopt_sgd_slr1.0_sam_rho0.1_112125_19:29:43.ckpt
--- Round 42 of 10000: Training 5 Clients ---
Selected clients: ['55', '79', '9', '78', '22']
--- Updating central model ---
Checkpoint saved in path: checkpoints/cifar10/alpha0.5_K5_N10000_cnn_E1_clr0.01_fedopt_sgd_slr1.0_sam_rho0.1_112125_19:29:43.ckpt
--- Round 43 of 10000: Training 5 Clients ---
Selected clients: ['40', '87', '24', '18', '64']
--- Updating central model ---
Checkpoint saved in path: checkpoints/cifar10/alpha0.5_K5_N10000_cnn_E1_clr0.01_fedopt_sgd_slr1.0_sam_rho0.1_112125_19:29:43.ckpt
--- Round 44 of 10000: Training 5 Clients ---
Selected clients: ['30', '61', '41', '45', '82']
--- Updating central model ---
Checkpoint saved in path: checkpoints/cifar10/alpha0.5_K5_N10000_cnn_E1_clr0.01_fedopt_sgd_slr1.0_sam_rho0.1_112125_19:29:43.ckpt
--- Round 45 of 10000: Training 5 Clients ---
Selected clients: ['25', '10', '77', '29', '68']
--- Updating central model ---
Checkpoint saved in path: checkpoints/cifar10/alpha0.5_K5_N10000_cnn_E1_clr0.01_fedopt_sgd_slr1.0_sam_rho0.1_112125_19:29:43.ckpt
--- Round 46 of 10000: Training 5 Clients ---
Selected clients: ['69', '45', '68', '26', '51']
--- Updating central model ---
Checkpoint saved in path: checkpoints/cifar10/alpha0.5_K5_N10000_cnn_E1_clr0.01_fedopt_sgd_slr1.0_sam_rho0.1_112125_19:29:43.ckpt
--- Round 47 of 10000: Training 5 Clients ---
Selected clients: ['23', '88', '67', '99', '55']
--- Updating central model ---
Checkpoint saved in path: checkpoints/cifar10/alpha0.5_K5_N10000_cnn_E1_clr0.01_fedopt_sgd_slr1.0_sam_rho0.1_112125_19:29:43.ckpt
--- Round 48 of 10000: Training 5 Clients ---
Selected clients: ['23', '52', '83', '69', '25']
--- Updating central model ---
Checkpoint saved in path: checkpoints/cifar10/alpha0.5_K5_N10000_cnn_E1_clr0.01_fedopt_sgd_slr1.0_sam_rho0.1_112125_19:29:43.ckpt
--- Round 49 of 10000: Training 5 Clients ---
Selected clients: ['12', '33', '6', '60', '10']
--- Updating central model ---
Checkpoint saved in path: checkpoints/cifar10/alpha0.5_K5_N10000_cnn_E1_clr0.01_fedopt_sgd_slr1.0_sam_rho0.1_112125_19:29:43.ckpt
--- Round 50 of 10000: Training 5 Clients ---
Selected clients: ['47', '85', '64', '99', '1']
--- Updating central model ---
Checkpoint saved in path: checkpoints/cifar10/alpha0.5_K5_N10000_cnn_E1_clr0.01_fedopt_sgd_slr1.0_sam_rho0.1_112125_19:29:43.ckpt
--- Round 51 of 10000: Training 5 Clients ---
Selected clients: ['42', '44', '39', '76', '68']
--- Updating central model ---
Checkpoint saved in path: checkpoints/cifar10/alpha0.5_K5_N10000_cnn_E1_clr0.01_fedopt_sgd_slr1.0_sam_rho0.1_112125_19:29:43.ckpt
--- Round 52 of 10000: Training 5 Clients ---
Selected clients: ['89', '53', '48', '32', '1']
--- Updating central model ---
Checkpoint saved in path: checkpoints/cifar10/alpha0.5_K5_N10000_cnn_E1_clr0.01_fedopt_sgd_slr1.0_sam_rho0.1_112125_19:29:43.ckpt
--- Round 53 of 10000: Training 5 Clients ---
Selected clients: ['2', '75', '18', '40', '6']
--- Updating central model ---
Checkpoint saved in path: checkpoints/cifar10/alpha0.5_K5_N10000_cnn_E1_clr0.01_fedopt_sgd_slr1.0_sam_rho0.1_112125_19:29:43.ckpt
--- Round 54 of 10000: Training 5 Clients ---
Selected clients: ['21', '53', '42', '14', '41']
--- Updating central model ---
Checkpoint saved in path: checkpoints/cifar10/alpha0.5_K5_N10000_cnn_E1_clr0.01_fedopt_sgd_slr1.0_sam_rho0.1_112125_19:29:43.ckpt
--- Round 55 of 10000: Training 5 Clients ---
Selected clients: ['20', '23', '60', '51', '30']
--- Updating central model ---
Checkpoint saved in path: checkpoints/cifar10/alpha0.5_K5_N10000_cnn_E1_clr0.01_fedopt_sgd_slr1.0_sam_rho0.1_112125_19:29:43.ckpt
--- Round 56 of 10000: Training 5 Clients ---
Selected clients: ['0', '89', '71', '10', '66']
--- Updating central model ---
Checkpoint saved in path: checkpoints/cifar10/alpha0.5_K5_N10000_cnn_E1_clr0.01_fedopt_sgd_slr1.0_sam_rho0.1_112125_19:29:43.ckpt
--- Round 57 of 10000: Training 5 Clients ---
Selected clients: ['81', '83', '51', '19', '99']
--- Updating central model ---
Checkpoint saved in path: checkpoints/cifar10/alpha0.5_K5_N10000_cnn_E1_clr0.01_fedopt_sgd_slr1.0_sam_rho0.1_112125_19:29:43.ckpt
--- Round 58 of 10000: Training 5 Clients ---
Selected clients: ['5', '34', '45', '38', '6']
--- Updating central model ---
Checkpoint saved in path: checkpoints/cifar10/alpha0.5_K5_N10000_cnn_E1_clr0.01_fedopt_sgd_slr1.0_sam_rho0.1_112125_19:29:43.ckpt
--- Round 59 of 10000: Training 5 Clients ---
Selected clients: ['21', '62', '40', '33', '14']
--- Updating central model ---
Checkpoint saved in path: checkpoints/cifar10/alpha0.5_K5_N10000_cnn_E1_clr0.01_fedopt_sgd_slr1.0_sam_rho0.1_112125_19:29:43.ckpt
--- Round 60 of 10000: Training 5 Clients ---
Selected clients: ['19', '55', '4', '75', '82']
--- Updating central model ---
Checkpoint saved in path: checkpoints/cifar10/alpha0.5_K5_N10000_cnn_E1_clr0.01_fedopt_sgd_slr1.0_sam_rho0.1_112125_19:29:43.ckpt
--- Round 61 of 10000: Training 5 Clients ---
Selected clients: ['64', '96', '6', '2', '14']
--- Updating central model ---
Checkpoint saved in path: checkpoints/cifar10/alpha0.5_K5_N10000_cnn_E1_clr0.01_fedopt_sgd_slr1.0_sam_rho0.1_112125_19:29:43.ckpt
--- Round 62 of 10000: Training 5 Clients ---
Selected clients: ['10', '46', '12', '32', '96']
--- Updating central model ---
Checkpoint saved in path: checkpoints/cifar10/alpha0.5_K5_N10000_cnn_E1_clr0.01_fedopt_sgd_slr1.0_sam_rho0.1_112125_19:29:43.ckpt
--- Round 63 of 10000: Training 5 Clients ---
Selected clients: ['61', '57', '48', '98', '66']
--- Updating central model ---
Checkpoint saved in path: checkpoints/cifar10/alpha0.5_K5_N10000_cnn_E1_clr0.01_fedopt_sgd_slr1.0_sam_rho0.1_112125_19:29:43.ckpt
--- Round 64 of 10000: Training 5 Clients ---
Selected clients: ['10', '26', '74', '31', '22']
--- Updating central model ---
Checkpoint saved in path: checkpoints/cifar10/alpha0.5_K5_N10000_cnn_E1_clr0.01_fedopt_sgd_slr1.0_sam_rho0.1_112125_19:29:43.ckpt
--- Round 65 of 10000: Training 5 Clients ---
Selected clients: ['38', '65', '21', '41', '37']
--- Updating central model ---
Checkpoint saved in path: checkpoints/cifar10/alpha0.5_K5_N10000_cnn_E1_clr0.01_fedopt_sgd_slr1.0_sam_rho0.1_112125_19:29:43.ckpt
--- Round 66 of 10000: Training 5 Clients ---
Selected clients: ['37', '27', '3', '87', '24']
--- Updating central model ---
Checkpoint saved in path: checkpoints/cifar10/alpha0.5_K5_N10000_cnn_E1_clr0.01_fedopt_sgd_slr1.0_sam_rho0.1_112125_19:29:43.ckpt
--- Round 67 of 10000: Training 5 Clients ---
Selected clients: ['49', '82', '67', '34', '15']
--- Updating central model ---
Checkpoint saved in path: checkpoints/cifar10/alpha0.5_K5_N10000_cnn_E1_clr0.01_fedopt_sgd_slr1.0_sam_rho0.1_112125_19:29:43.ckpt
--- Round 68 of 10000: Training 5 Clients ---
Selected clients: ['79', '90', '19', '98', '40']
--- Updating central model ---
Checkpoint saved in path: checkpoints/cifar10/alpha0.5_K5_N10000_cnn_E1_clr0.01_fedopt_sgd_slr1.0_sam_rho0.1_112125_19:29:43.ckpt
--- Round 69 of 10000: Training 5 Clients ---
Selected clients: ['59', '31', '22', '63', '17']
--- Updating central model ---
Checkpoint saved in path: checkpoints/cifar10/alpha0.5_K5_N10000_cnn_E1_clr0.01_fedopt_sgd_slr1.0_sam_rho0.1_112125_19:29:43.ckpt
--- Round 70 of 10000: Training 5 Clients ---
Selected clients: ['31', '44', '23', '38', '43']
--- Updating central model ---
Checkpoint saved in path: checkpoints/cifar10/alpha0.5_K5_N10000_cnn_E1_clr0.01_fedopt_sgd_slr1.0_sam_rho0.1_112125_19:29:43.ckpt
--- Round 71 of 10000: Training 5 Clients ---
Selected clients: ['13', '45', '89', '43', '75']
--- Updating central model ---
Checkpoint saved in path: checkpoints/cifar10/alpha0.5_K5_N10000_cnn_E1_clr0.01_fedopt_sgd_slr1.0_sam_rho0.1_112125_19:29:43.ckpt
--- Round 72 of 10000: Training 5 Clients ---
Selected clients: ['60', '92', '24', '71', '77']
--- Updating central model ---
Checkpoint saved in path: checkpoints/cifar10/alpha0.5_K5_N10000_cnn_E1_clr0.01_fedopt_sgd_slr1.0_sam_rho0.1_112125_19:29:43.ckpt
--- Round 73 of 10000: Training 5 Clients ---
Selected clients: ['97', '72', '96', '55', '86']
--- Updating central model ---
Checkpoint saved in path: checkpoints/cifar10/alpha0.5_K5_N10000_cnn_E1_clr0.01_fedopt_sgd_slr1.0_sam_rho0.1_112125_19:29:43.ckpt
--- Round 74 of 10000: Training 5 Clients ---
Selected clients: ['8', '89', '31', '20', '6']
--- Updating central model ---
Checkpoint saved in path: checkpoints/cifar10/alpha0.5_K5_N10000_cnn_E1_clr0.01_fedopt_sgd_slr1.0_sam_rho0.1_112125_19:29:43.ckpt
--- Round 75 of 10000: Training 5 Clients ---
Selected clients: ['91', '53', '84', '2', '47']
--- Updating central model ---
Checkpoint saved in path: checkpoints/cifar10/alpha0.5_K5_N10000_cnn_E1_clr0.01_fedopt_sgd_slr1.0_sam_rho0.1_112125_19:29:43.ckpt
--- Round 76 of 10000: Training 5 Clients ---
Selected clients: ['84', '43', '7', '78', '99']
--- Updating central model ---
Checkpoint saved in path: checkpoints/cifar10/alpha0.5_K5_N10000_cnn_E1_clr0.01_fedopt_sgd_slr1.0_sam_rho0.1_112125_19:29:43.ckpt
--- Round 77 of 10000: Training 5 Clients ---
Selected clients: ['81', '98', '17', '50', '16']
--- Updating central model ---
Checkpoint saved in path: checkpoints/cifar10/alpha0.5_K5_N10000_cnn_E1_clr0.01_fedopt_sgd_slr1.0_sam_rho0.1_112125_19:29:43.ckpt
--- Round 78 of 10000: Training 5 Clients ---
Selected clients: ['10', '12', '37', '58', '46']
--- Updating central model ---
Checkpoint saved in path: checkpoints/cifar10/alpha0.5_K5_N10000_cnn_E1_clr0.01_fedopt_sgd_slr1.0_sam_rho0.1_112125_19:29:43.ckpt
--- Round 79 of 10000: Training 5 Clients ---
Selected clients: ['80', '67', '70', '38', '66']
--- Updating central model ---
Checkpoint saved in path: checkpoints/cifar10/alpha0.5_K5_N10000_cnn_E1_clr0.01_fedopt_sgd_slr1.0_sam_rho0.1_112125_19:29:43.ckpt
--- Round 80 of 10000: Training 5 Clients ---
Selected clients: ['6', '14', '31', '24', '28']
--- Updating central model ---
Checkpoint saved in path: checkpoints/cifar10/alpha0.5_K5_N10000_cnn_E1_clr0.01_fedopt_sgd_slr1.0_sam_rho0.1_112125_19:29:43.ckpt
--- Round 81 of 10000: Training 5 Clients ---
Selected clients: ['59', '10', '77', '22', '57']
--- Updating central model ---
Checkpoint saved in path: checkpoints/cifar10/alpha0.5_K5_N10000_cnn_E1_clr0.01_fedopt_sgd_slr1.0_sam_rho0.1_112125_19:29:43.ckpt
--- Round 82 of 10000: Training 5 Clients ---
Selected clients: ['4', '97', '1', '27', '61']
--- Updating central model ---
Checkpoint saved in path: checkpoints/cifar10/alpha0.5_K5_N10000_cnn_E1_clr0.01_fedopt_sgd_slr1.0_sam_rho0.1_112125_19:29:43.ckpt
--- Round 83 of 10000: Training 5 Clients ---
Selected clients: ['33', '6', '36', '30', '56']
--- Updating central model ---
Checkpoint saved in path: checkpoints/cifar10/alpha0.5_K5_N10000_cnn_E1_clr0.01_fedopt_sgd_slr1.0_sam_rho0.1_112125_19:29:43.ckpt
--- Round 84 of 10000: Training 5 Clients ---
Selected clients: ['73', '13', '50', '77', '56']
--- Updating central model ---
Checkpoint saved in path: checkpoints/cifar10/alpha0.5_K5_N10000_cnn_E1_clr0.01_fedopt_sgd_slr1.0_sam_rho0.1_112125_19:29:43.ckpt
--- Round 85 of 10000: Training 5 Clients ---
Selected clients: ['14', '89', '33', '82', '69']
--- Updating central model ---
Checkpoint saved in path: checkpoints/cifar10/alpha0.5_K5_N10000_cnn_E1_clr0.01_fedopt_sgd_slr1.0_sam_rho0.1_112125_19:29:43.ckpt
--- Round 86 of 10000: Training 5 Clients ---
Selected clients: ['99', '22', '37', '34', '17']
--- Updating central model ---
Checkpoint saved in path: checkpoints/cifar10/alpha0.5_K5_N10000_cnn_E1_clr0.01_fedopt_sgd_slr1.0_sam_rho0.1_112125_19:29:43.ckpt
--- Round 87 of 10000: Training 5 Clients ---
Selected clients: ['75', '19', '45', '42', '84']
--- Updating central model ---
Checkpoint saved in path: checkpoints/cifar10/alpha0.5_K5_N10000_cnn_E1_clr0.01_fedopt_sgd_slr1.0_sam_rho0.1_112125_19:29:43.ckpt
--- Round 88 of 10000: Training 5 Clients ---
Selected clients: ['6', '80', '27', '39', '20']
--- Updating central model ---
Checkpoint saved in path: checkpoints/cifar10/alpha0.5_K5_N10000_cnn_E1_clr0.01_fedopt_sgd_slr1.0_sam_rho0.1_112125_19:29:43.ckpt
--- Round 89 of 10000: Training 5 Clients ---
Selected clients: ['87', '43', '9', '16', '11']
--- Updating central model ---
Checkpoint saved in path: checkpoints/cifar10/alpha0.5_K5_N10000_cnn_E1_clr0.01_fedopt_sgd_slr1.0_sam_rho0.1_112125_19:29:43.ckpt
--- Round 90 of 10000: Training 5 Clients ---
Selected clients: ['99', '26', '59', '18', '41']
--- Updating central model ---
Checkpoint saved in path: checkpoints/cifar10/alpha0.5_K5_N10000_cnn_E1_clr0.01_fedopt_sgd_slr1.0_sam_rho0.1_112125_19:29:43.ckpt
--- Round 91 of 10000: Training 5 Clients ---
Selected clients: ['69', '66', '68', '79', '12']
--- Updating central model ---
Checkpoint saved in path: checkpoints/cifar10/alpha0.5_K5_N10000_cnn_E1_clr0.01_fedopt_sgd_slr1.0_sam_rho0.1_112125_19:29:43.ckpt
--- Round 92 of 10000: Training 5 Clients ---
Selected clients: ['88', '29', '50', '8', '60']
--- Updating central model ---
Checkpoint saved in path: checkpoints/cifar10/alpha0.5_K5_N10000_cnn_E1_clr0.01_fedopt_sgd_slr1.0_sam_rho0.1_112125_19:29:43.ckpt
--- Round 93 of 10000: Training 5 Clients ---
Selected clients: ['15', '86', '62', '37', '98']
--- Updating central model ---
Checkpoint saved in path: checkpoints/cifar10/alpha0.5_K5_N10000_cnn_E1_clr0.01_fedopt_sgd_slr1.0_sam_rho0.1_112125_19:29:43.ckpt
--- Round 94 of 10000: Training 5 Clients ---
Selected clients: ['70', '2', '15', '77', '92']
--- Updating central model ---
Checkpoint saved in path: checkpoints/cifar10/alpha0.5_K5_N10000_cnn_E1_clr0.01_fedopt_sgd_slr1.0_sam_rho0.1_112125_19:29:43.ckpt
--- Round 95 of 10000: Training 5 Clients ---
Selected clients: ['89', '6', '97', '13', '69']
--- Updating central model ---
Checkpoint saved in path: checkpoints/cifar10/alpha0.5_K5_N10000_cnn_E1_clr0.01_fedopt_sgd_slr1.0_sam_rho0.1_112125_19:29:43.ckpt
--- Round 96 of 10000: Training 5 Clients ---
Selected clients: ['95', '39', '41', '78', '69']
--- Updating central model ---
Checkpoint saved in path: checkpoints/cifar10/alpha0.5_K5_N10000_cnn_E1_clr0.01_fedopt_sgd_slr1.0_sam_rho0.1_112125_19:29:43.ckpt
--- Round 97 of 10000: Training 5 Clients ---
Selected clients: ['40', '99', '96', '59', '44']
--- Updating central model ---
Checkpoint saved in path: checkpoints/cifar10/alpha0.5_K5_N10000_cnn_E1_clr0.01_fedopt_sgd_slr1.0_sam_rho0.1_112125_19:29:43.ckpt
--- Round 98 of 10000: Training 5 Clients ---
Selected clients: ['23', '2', '47', '18', '10']
--- Updating central model ---
Checkpoint saved in path: checkpoints/cifar10/alpha0.5_K5_N10000_cnn_E1_clr0.01_fedopt_sgd_slr1.0_sam_rho0.1_112125_19:29:43.ckpt
--- Round 99 of 10000: Training 5 Clients ---
Selected clients: ['7', '33', '61', '30', '6']
--- Updating central model ---
Checkpoint saved in path: checkpoints/cifar10/alpha0.5_K5_N10000_cnn_E1_clr0.01_fedopt_sgd_slr1.0_sam_rho0.1_112125_19:29:43.ckpt
--- Round 100 of 10000: Training 5 Clients ---
Selected clients: ['45', '55', '33', '41', '67']
--- Updating central model ---
train_accuracy: 10.4771, 10th percentile: 1.22465, 50th percentile: 5.22972, 90th percentile 25.1209
train_loss: 2.2988, 10th percentile: 2.27802, 50th percentile: 2.30028, 90th percentile 2.31918
test_accuracy: 10.45, 10th percentile: 10.45, 50th percentile: 10.45, 90th percentile 10.45
test_loss: 2.29865, 10th percentile: 2.29865, 50th percentile: 2.29865, 90th percentile 2.29865
Checkpoint saved in path: checkpoints/cifar10/alpha0.5_K5_N10000_cnn_E1_clr0.01_fedopt_sgd_slr1.0_sam_rho0.1_112125_19:29:43.ckpt
--- Round 101 of 10000: Training 5 Clients ---
Selected clients: ['84', '26', '65', '50', '78']
--- Updating central model ---
Checkpoint saved in path: checkpoints/cifar10/alpha0.5_K5_N10000_cnn_E1_clr0.01_fedopt_sgd_slr1.0_sam_rho0.1_112125_19:29:43.ckpt
--- Round 102 of 10000: Training 5 Clients ---
Selected clients: ['39', '5', '94', '65', '83']
--- Updating central model ---
Checkpoint saved in path: checkpoints/cifar10/alpha0.5_K5_N10000_cnn_E1_clr0.01_fedopt_sgd_slr1.0_sam_rho0.1_112125_19:29:43.ckpt
--- Round 103 of 10000: Training 5 Clients ---
Selected clients: ['68', '47', '4', '74', '61']
--- Updating central model ---
Checkpoint saved in path: checkpoints/cifar10/alpha0.5_K5_N10000_cnn_E1_clr0.01_fedopt_sgd_slr1.0_sam_rho0.1_112125_19:29:43.ckpt
--- Round 104 of 10000: Training 5 Clients ---
Selected clients: ['33', '49', '36', '67', '72']
--- Updating central model ---
Checkpoint saved in path: checkpoints/cifar10/alpha0.5_K5_N10000_cnn_E1_clr0.01_fedopt_sgd_slr1.0_sam_rho0.1_112125_19:29:43.ckpt
--- Round 105 of 10000: Training 5 Clients ---
Selected clients: ['7', '72', '20', '57', '36']
--- Updating central model ---
Checkpoint saved in path: checkpoints/cifar10/alpha0.5_K5_N10000_cnn_E1_clr0.01_fedopt_sgd_slr1.0_sam_rho0.1_112125_19:29:43.ckpt
--- Round 106 of 10000: Training 5 Clients ---
Selected clients: ['28', '35', '94', '67', '49']
--- Updating central model ---
Checkpoint saved in path: checkpoints/cifar10/alpha0.5_K5_N10000_cnn_E1_clr0.01_fedopt_sgd_slr1.0_sam_rho0.1_112125_19:29:43.ckpt
--- Round 107 of 10000: Training 5 Clients ---
Selected clients: ['93', '68', '81', '54', '6']
--- Updating central model ---
Checkpoint saved in path: checkpoints/cifar10/alpha0.5_K5_N10000_cnn_E1_clr0.01_fedopt_sgd_slr1.0_sam_rho0.1_112125_19:29:43.ckpt
--- Round 108 of 10000: Training 5 Clients ---
Selected clients: ['80', '91', '15', '50', '67']
--- Updating central model ---
Checkpoint saved in path: checkpoints/cifar10/alpha0.5_K5_N10000_cnn_E1_clr0.01_fedopt_sgd_slr1.0_sam_rho0.1_112125_19:29:43.ckpt
--- Round 109 of 10000: Training 5 Clients ---
Selected clients: ['29', '91', '95', '27', '72']
--- Updating central model ---
Checkpoint saved in path: checkpoints/cifar10/alpha0.5_K5_N10000_cnn_E1_clr0.01_fedopt_sgd_slr1.0_sam_rho0.1_112125_19:29:43.ckpt
--- Round 110 of 10000: Training 5 Clients ---
Selected clients: ['26', '58', '50', '37', '90']
--- Updating central model ---
Checkpoint saved in path: checkpoints/cifar10/alpha0.5_K5_N10000_cnn_E1_clr0.01_fedopt_sgd_slr1.0_sam_rho0.1_112125_19:29:43.ckpt
--- Round 111 of 10000: Training 5 Clients ---
Selected clients: ['67', '92', '82', '33', '47']
--- Updating central model ---
Checkpoint saved in path: checkpoints/cifar10/alpha0.5_K5_N10000_cnn_E1_clr0.01_fedopt_sgd_slr1.0_sam_rho0.1_112125_19:29:43.ckpt
--- Round 112 of 10000: Training 5 Clients ---
Selected clients: ['13', '20', '1', '14', '51']
--- Updating central model ---
Checkpoint saved in path: checkpoints/cifar10/alpha0.5_K5_N10000_cnn_E1_clr0.01_fedopt_sgd_slr1.0_sam_rho0.1_112125_19:29:43.ckpt
--- Round 113 of 10000: Training 5 Clients ---
Selected clients: ['14', '91', '4', '69', '34']
--- Updating central model ---
Checkpoint saved in path: checkpoints/cifar10/alpha0.5_K5_N10000_cnn_E1_clr0.01_fedopt_sgd_slr1.0_sam_rho0.1_112125_19:29:43.ckpt
--- Round 114 of 10000: Training 5 Clients ---
Selected clients: ['19', '96', '83', '78', '61']
--- Updating central model ---
Checkpoint saved in path: checkpoints/cifar10/alpha0.5_K5_N10000_cnn_E1_clr0.01_fedopt_sgd_slr1.0_sam_rho0.1_112125_19:29:43.ckpt
--- Round 115 of 10000: Training 5 Clients ---
Selected clients: ['88', '32', '56', '45', '92']
--- Updating central model ---
Checkpoint saved in path: checkpoints/cifar10/alpha0.5_K5_N10000_cnn_E1_clr0.01_fedopt_sgd_slr1.0_sam_rho0.1_112125_19:29:43.ckpt
--- Round 116 of 10000: Training 5 Clients ---
Selected clients: ['16', '66', '87', '30', '44']
--- Updating central model ---
Checkpoint saved in path: checkpoints/cifar10/alpha0.5_K5_N10000_cnn_E1_clr0.01_fedopt_sgd_slr1.0_sam_rho0.1_112125_19:29:43.ckpt
--- Round 117 of 10000: Training 5 Clients ---
Selected clients: ['69', '81', '70', '93', '47']
--- Updating central model ---
Checkpoint saved in path: checkpoints/cifar10/alpha0.5_K5_N10000_cnn_E1_clr0.01_fedopt_sgd_slr1.0_sam_rho0.1_112125_19:29:43.ckpt
--- Round 118 of 10000: Training 5 Clients ---
Selected clients: ['0', '94', '36', '23', '22']
--- Updating central model ---
Checkpoint saved in path: checkpoints/cifar10/alpha0.5_K5_N10000_cnn_E1_clr0.01_fedopt_sgd_slr1.0_sam_rho0.1_112125_19:29:43.ckpt
--- Round 119 of 10000: Training 5 Clients ---
Selected clients: ['49', '22', '66', '46', '99']
--- Updating central model ---
Checkpoint saved in path: checkpoints/cifar10/alpha0.5_K5_N10000_cnn_E1_clr0.01_fedopt_sgd_slr1.0_sam_rho0.1_112125_19:29:43.ckpt
--- Round 120 of 10000: Training 5 Clients ---
Selected clients: ['69', '88', '98', '35', '64']
--- Updating central model ---
Checkpoint saved in path: checkpoints/cifar10/alpha0.5_K5_N10000_cnn_E1_clr0.01_fedopt_sgd_slr1.0_sam_rho0.1_112125_19:29:43.ckpt
--- Round 121 of 10000: Training 5 Clients ---
Selected clients: ['10', '43', '86', '59', '99']
--- Updating central model ---
Checkpoint saved in path: checkpoints/cifar10/alpha0.5_K5_N10000_cnn_E1_clr0.01_fedopt_sgd_slr1.0_sam_rho0.1_112125_19:29:43.ckpt
--- Round 122 of 10000: Training 5 Clients ---
Selected clients: ['68', '32', '86', '82', '40']
--- Updating central model ---
Checkpoint saved in path: checkpoints/cifar10/alpha0.5_K5_N10000_cnn_E1_clr0.01_fedopt_sgd_slr1.0_sam_rho0.1_112125_19:29:43.ckpt
--- Round 123 of 10000: Training 5 Clients ---
Selected clients: ['14', '24', '23', '26', '74']
--- Updating central model ---
Checkpoint saved in path: checkpoints/cifar10/alpha0.5_K5_N10000_cnn_E1_clr0.01_fedopt_sgd_slr1.0_sam_rho0.1_112125_19:29:43.ckpt
--- Round 124 of 10000: Training 5 Clients ---
Selected clients: ['36', '7', '43', '12', '13']
--- Updating central model ---
Checkpoint saved in path: checkpoints/cifar10/alpha0.5_K5_N10000_cnn_E1_clr0.01_fedopt_sgd_slr1.0_sam_rho0.1_112125_19:29:43.ckpt
--- Round 125 of 10000: Training 5 Clients ---
Selected clients: ['79', '46', '60', '49', '72']
--- Updating central model ---
Checkpoint saved in path: checkpoints/cifar10/alpha0.5_K5_N10000_cnn_E1_clr0.01_fedopt_sgd_slr1.0_sam_rho0.1_112125_19:29:43.ckpt
--- Round 126 of 10000: Training 5 Clients ---
Selected clients: ['91', '21', '92', '10', '11']
--- Updating central model ---
Checkpoint saved in path: checkpoints/cifar10/alpha0.5_K5_N10000_cnn_E1_clr0.01_fedopt_sgd_slr1.0_sam_rho0.1_112125_19:29:43.ckpt
--- Round 127 of 10000: Training 5 Clients ---
Selected clients: ['19', '5', '20', '8', '82']
--- Updating central model ---
Checkpoint saved in path: checkpoints/cifar10/alpha0.5_K5_N10000_cnn_E1_clr0.01_fedopt_sgd_slr1.0_sam_rho0.1_112125_19:29:43.ckpt
--- Round 128 of 10000: Training 5 Clients ---
Selected clients: ['40', '43', '30', '83', '96']
--- Updating central model ---
Checkpoint saved in path: checkpoints/cifar10/alpha0.5_K5_N10000_cnn_E1_clr0.01_fedopt_sgd_slr1.0_sam_rho0.1_112125_19:29:43.ckpt
--- Round 129 of 10000: Training 5 Clients ---
Selected clients: ['76', '19', '99', '28', '87']
--- Updating central model ---
Checkpoint saved in path: checkpoints/cifar10/alpha0.5_K5_N10000_cnn_E1_clr0.01_fedopt_sgd_slr1.0_sam_rho0.1_112125_19:29:43.ckpt
--- Round 130 of 10000: Training 5 Clients ---
Selected clients: ['48', '89', '19', '38', '30']
--- Updating central model ---
Checkpoint saved in path: checkpoints/cifar10/alpha0.5_K5_N10000_cnn_E1_clr0.01_fedopt_sgd_slr1.0_sam_rho0.1_112125_19:29:43.ckpt
--- Round 131 of 10000: Training 5 Clients ---
Selected clients: ['21', '47', '56', '97', '10']
--- Updating central model ---
Checkpoint saved in path: checkpoints/cifar10/alpha0.5_K5_N10000_cnn_E1_clr0.01_fedopt_sgd_slr1.0_sam_rho0.1_112125_19:29:43.ckpt
--- Round 132 of 10000: Training 5 Clients ---
Selected clients: ['89', '82', '49', '27', '92']
--- Updating central model ---
Checkpoint saved in path: checkpoints/cifar10/alpha0.5_K5_N10000_cnn_E1_clr0.01_fedopt_sgd_slr1.0_sam_rho0.1_112125_19:29:43.ckpt
--- Round 133 of 10000: Training 5 Clients ---
Selected clients: ['36', '87', '9', '58', '35']
--- Updating central model ---
Checkpoint saved in path: checkpoints/cifar10/alpha0.5_K5_N10000_cnn_E1_clr0.01_fedopt_sgd_slr1.0_sam_rho0.1_112125_19:29:43.ckpt
--- Round 134 of 10000: Training 5 Clients ---
Selected clients: ['70', '56', '96', '64', '30']
--- Updating central model ---
Checkpoint saved in path: checkpoints/cifar10/alpha0.5_K5_N10000_cnn_E1_clr0.01_fedopt_sgd_slr1.0_sam_rho0.1_112125_19:29:43.ckpt
--- Round 135 of 10000: Training 5 Clients ---
Selected clients: ['48', '78', '18', '10', '15']
--- Updating central model ---
Checkpoint saved in path: checkpoints/cifar10/alpha0.5_K5_N10000_cnn_E1_clr0.01_fedopt_sgd_slr1.0_sam_rho0.1_112125_19:29:43.ckpt
--- Round 136 of 10000: Training 5 Clients ---
Selected clients: ['73', '19', '0', '89', '74']
--- Updating central model ---
Checkpoint saved in path: checkpoints/cifar10/alpha0.5_K5_N10000_cnn_E1_clr0.01_fedopt_sgd_slr1.0_sam_rho0.1_112125_19:29:43.ckpt
--- Round 137 of 10000: Training 5 Clients ---
Selected clients: ['70', '83', '75', '71', '64']
--- Updating central model ---
Checkpoint saved in path: checkpoints/cifar10/alpha0.5_K5_N10000_cnn_E1_clr0.01_fedopt_sgd_slr1.0_sam_rho0.1_112125_19:29:43.ckpt
--- Round 138 of 10000: Training 5 Clients ---
Selected clients: ['42', '48', '60', '97', '50']
--- Updating central model ---
Checkpoint saved in path: checkpoints/cifar10/alpha0.5_K5_N10000_cnn_E1_clr0.01_fedopt_sgd_slr1.0_sam_rho0.1_112125_19:29:43.ckpt
--- Round 139 of 10000: Training 5 Clients ---
Selected clients: ['84', '73', '9', '60', '22']
--- Updating central model ---
Checkpoint saved in path: checkpoints/cifar10/alpha0.5_K5_N10000_cnn_E1_clr0.01_fedopt_sgd_slr1.0_sam_rho0.1_112125_19:29:43.ckpt
--- Round 140 of 10000: Training 5 Clients ---
Selected clients: ['47', '13', '91', '16', '53']
--- Updating central model ---
Checkpoint saved in path: checkpoints/cifar10/alpha0.5_K5_N10000_cnn_E1_clr0.01_fedopt_sgd_slr1.0_sam_rho0.1_112125_19:29:43.ckpt
--- Round 141 of 10000: Training 5 Clients ---
Selected clients: ['43', '56', '78', '30', '37']
--- Updating central model ---
Checkpoint saved in path: checkpoints/cifar10/alpha0.5_K5_N10000_cnn_E1_clr0.01_fedopt_sgd_slr1.0_sam_rho0.1_112125_19:29:43.ckpt
--- Round 142 of 10000: Training 5 Clients ---
Selected clients: ['11', '25', '16', '89', '87']
--- Updating central model ---
Checkpoint saved in path: checkpoints/cifar10/alpha0.5_K5_N10000_cnn_E1_clr0.01_fedopt_sgd_slr1.0_sam_rho0.1_112125_19:29:43.ckpt
--- Round 143 of 10000: Training 5 Clients ---
Selected clients: ['14', '44', '1', '90', '8']
--- Updating central model ---
Checkpoint saved in path: checkpoints/cifar10/alpha0.5_K5_N10000_cnn_E1_clr0.01_fedopt_sgd_slr1.0_sam_rho0.1_112125_19:29:43.ckpt
--- Round 144 of 10000: Training 5 Clients ---
Selected clients: ['91', '80', '21', '70', '23']
--- Updating central model ---
Checkpoint saved in path: checkpoints/cifar10/alpha0.5_K5_N10000_cnn_E1_clr0.01_fedopt_sgd_slr1.0_sam_rho0.1_112125_19:29:43.ckpt
--- Round 145 of 10000: Training 5 Clients ---
Selected clients: ['44', '63', '66', '98', '0']
--- Updating central model ---
Checkpoint saved in path: checkpoints/cifar10/alpha0.5_K5_N10000_cnn_E1_clr0.01_fedopt_sgd_slr1.0_sam_rho0.1_112125_19:29:43.ckpt
--- Round 146 of 10000: Training 5 Clients ---
Selected clients: ['19', '10', '30', '53', '25']
--- Updating central model ---
Checkpoint saved in path: checkpoints/cifar10/alpha0.5_K5_N10000_cnn_E1_clr0.01_fedopt_sgd_slr1.0_sam_rho0.1_112125_19:29:43.ckpt
--- Round 147 of 10000: Training 5 Clients ---
Selected clients: ['6', '47', '3', '65', '92']
--- Updating central model ---
Checkpoint saved in path: checkpoints/cifar10/alpha0.5_K5_N10000_cnn_E1_clr0.01_fedopt_sgd_slr1.0_sam_rho0.1_112125_19:29:43.ckpt
--- Round 148 of 10000: Training 5 Clients ---
Selected clients: ['84', '98', '53', '51', '10']
--- Updating central model ---
Checkpoint saved in path: checkpoints/cifar10/alpha0.5_K5_N10000_cnn_E1_clr0.01_fedopt_sgd_slr1.0_sam_rho0.1_112125_19:29:43.ckpt
--- Round 149 of 10000: Training 5 Clients ---
Selected clients: ['60', '83', '3', '98', '41']
--- Updating central model ---
Checkpoint saved in path: checkpoints/cifar10/alpha0.5_K5_N10000_cnn_E1_clr0.01_fedopt_sgd_slr1.0_sam_rho0.1_112125_19:29:43.ckpt
--- Round 150 of 10000: Training 5 Clients ---
Selected clients: ['16', '46', '4', '76', '73']
--- Updating central model ---
Checkpoint saved in path: checkpoints/cifar10/alpha0.5_K5_N10000_cnn_E1_clr0.01_fedopt_sgd_slr1.0_sam_rho0.1_112125_19:29:43.ckpt
--- Round 151 of 10000: Training 5 Clients ---
Selected clients: ['30', '58', '5', '77', '47']
--- Updating central model ---
Checkpoint saved in path: checkpoints/cifar10/alpha0.5_K5_N10000_cnn_E1_clr0.01_fedopt_sgd_slr1.0_sam_rho0.1_112125_19:29:43.ckpt
--- Round 152 of 10000: Training 5 Clients ---
Selected clients: ['65', '38', '66', '86', '55']
--- Updating central model ---
Checkpoint saved in path: checkpoints/cifar10/alpha0.5_K5_N10000_cnn_E1_clr0.01_fedopt_sgd_slr1.0_sam_rho0.1_112125_19:29:43.ckpt
--- Round 153 of 10000: Training 5 Clients ---
Selected clients: ['61', '45', '22', '67', '39']
--- Updating central model ---
Checkpoint saved in path: checkpoints/cifar10/alpha0.5_K5_N10000_cnn_E1_clr0.01_fedopt_sgd_slr1.0_sam_rho0.1_112125_19:29:43.ckpt
--- Round 154 of 10000: Training 5 Clients ---
Selected clients: ['43', '65', '21', '12', '72']
--- Updating central model ---
Checkpoint saved in path: checkpoints/cifar10/alpha0.5_K5_N10000_cnn_E1_clr0.01_fedopt_sgd_slr1.0_sam_rho0.1_112125_19:29:43.ckpt
--- Round 155 of 10000: Training 5 Clients ---
Selected clients: ['34', '30', '15', '67', '35']
--- Updating central model ---
Checkpoint saved in path: checkpoints/cifar10/alpha0.5_K5_N10000_cnn_E1_clr0.01_fedopt_sgd_slr1.0_sam_rho0.1_112125_19:29:43.ckpt
--- Round 156 of 10000: Training 5 Clients ---
Selected clients: ['54', '33', '51', '52', '27']
--- Updating central model ---
Checkpoint saved in path: checkpoints/cifar10/alpha0.5_K5_N10000_cnn_E1_clr0.01_fedopt_sgd_slr1.0_sam_rho0.1_112125_19:29:43.ckpt
--- Round 157 of 10000: Training 5 Clients ---
Selected clients: ['4', '48', '63', '28', '58']
--- Updating central model ---
Checkpoint saved in path: checkpoints/cifar10/alpha0.5_K5_N10000_cnn_E1_clr0.01_fedopt_sgd_slr1.0_sam_rho0.1_112125_19:29:43.ckpt
--- Round 158 of 10000: Training 5 Clients ---
Selected clients: ['67', '22', '65', '57', '31']
--- Updating central model ---
Checkpoint saved in path: checkpoints/cifar10/alpha0.5_K5_N10000_cnn_E1_clr0.01_fedopt_sgd_slr1.0_sam_rho0.1_112125_19:29:43.ckpt
--- Round 159 of 10000: Training 5 Clients ---
Selected clients: ['6', '76', '78', '46', '18']
--- Updating central model ---
Checkpoint saved in path: checkpoints/cifar10/alpha0.5_K5_N10000_cnn_E1_clr0.01_fedopt_sgd_slr1.0_sam_rho0.1_112125_19:29:43.ckpt
--- Round 160 of 10000: Training 5 Clients ---
Selected clients: ['61', '81', '59', '72', '91']
--- Updating central model ---
Checkpoint saved in path: checkpoints/cifar10/alpha0.5_K5_N10000_cnn_E1_clr0.01_fedopt_sgd_slr1.0_sam_rho0.1_112125_19:29:43.ckpt
--- Round 161 of 10000: Training 5 Clients ---
Selected clients: ['53', '88', '77', '54', '80']
--- Updating central model ---
Checkpoint saved in path: checkpoints/cifar10/alpha0.5_K5_N10000_cnn_E1_clr0.01_fedopt_sgd_slr1.0_sam_rho0.1_112125_19:29:43.ckpt
--- Round 162 of 10000: Training 5 Clients ---
Selected clients: ['66', '87', '16', '52', '19']
--- Updating central model ---
Checkpoint saved in path: checkpoints/cifar10/alpha0.5_K5_N10000_cnn_E1_clr0.01_fedopt_sgd_slr1.0_sam_rho0.1_112125_19:29:43.ckpt
--- Round 163 of 10000: Training 5 Clients ---
Selected clients: ['81', '55', '36', '23', '50']
--- Updating central model ---
Checkpoint saved in path: checkpoints/cifar10/alpha0.5_K5_N10000_cnn_E1_clr0.01_fedopt_sgd_slr1.0_sam_rho0.1_112125_19:29:43.ckpt
--- Round 164 of 10000: Training 5 Clients ---
Selected clients: ['4', '91', '46', '70', '87']
--- Updating central model ---
Checkpoint saved in path: checkpoints/cifar10/alpha0.5_K5_N10000_cnn_E1_clr0.01_fedopt_sgd_slr1.0_sam_rho0.1_112125_19:29:43.ckpt
--- Round 165 of 10000: Training 5 Clients ---
Selected clients: ['77', '24', '14', '69', '71']
--- Updating central model ---
Checkpoint saved in path: checkpoints/cifar10/alpha0.5_K5_N10000_cnn_E1_clr0.01_fedopt_sgd_slr1.0_sam_rho0.1_112125_19:29:43.ckpt
--- Round 166 of 10000: Training 5 Clients ---
Selected clients: ['71', '46', '66', '7', '85']
--- Updating central model ---
Checkpoint saved in path: checkpoints/cifar10/alpha0.5_K5_N10000_cnn_E1_clr0.01_fedopt_sgd_slr1.0_sam_rho0.1_112125_19:29:43.ckpt
--- Round 167 of 10000: Training 5 Clients ---
Selected clients: ['93', '90', '20', '26', '70']
--- Updating central model ---
Checkpoint saved in path: checkpoints/cifar10/alpha0.5_K5_N10000_cnn_E1_clr0.01_fedopt_sgd_slr1.0_sam_rho0.1_112125_19:29:43.ckpt
--- Round 168 of 10000: Training 5 Clients ---
Selected clients: ['70', '6', '12', '33', '54']
--- Updating central model ---
Checkpoint saved in path: checkpoints/cifar10/alpha0.5_K5_N10000_cnn_E1_clr0.01_fedopt_sgd_slr1.0_sam_rho0.1_112125_19:29:43.ckpt
--- Round 169 of 10000: Training 5 Clients ---
Selected clients: ['33', '9', '80', '95', '87']
--- Updating central model ---
Checkpoint saved in path: checkpoints/cifar10/alpha0.5_K5_N10000_cnn_E1_clr0.01_fedopt_sgd_slr1.0_sam_rho0.1_112125_19:29:43.ckpt
--- Round 170 of 10000: Training 5 Clients ---
Selected clients: ['89', '81', '23', '13', '77']
--- Updating central model ---
Checkpoint saved in path: checkpoints/cifar10/alpha0.5_K5_N10000_cnn_E1_clr0.01_fedopt_sgd_slr1.0_sam_rho0.1_112125_19:29:43.ckpt
--- Round 171 of 10000: Training 5 Clients ---
Selected clients: ['37', '6', '3', '65', '2']
--- Updating central model ---
Checkpoint saved in path: checkpoints/cifar10/alpha0.5_K5_N10000_cnn_E1_clr0.01_fedopt_sgd_slr1.0_sam_rho0.1_112125_19:29:43.ckpt
--- Round 172 of 10000: Training 5 Clients ---
Selected clients: ['8', '26', '67', '13', '97']
--- Updating central model ---
Checkpoint saved in path: checkpoints/cifar10/alpha0.5_K5_N10000_cnn_E1_clr0.01_fedopt_sgd_slr1.0_sam_rho0.1_112125_19:29:43.ckpt
--- Round 173 of 10000: Training 5 Clients ---
Selected clients: ['70', '34', '33', '74', '38']
--- Updating central model ---
Checkpoint saved in path: checkpoints/cifar10/alpha0.5_K5_N10000_cnn_E1_clr0.01_fedopt_sgd_slr1.0_sam_rho0.1_112125_19:29:43.ckpt
--- Round 174 of 10000: Training 5 Clients ---
Selected clients: ['11', '71', '64', '67', '18']
--- Updating central model ---
Checkpoint saved in path: checkpoints/cifar10/alpha0.5_K5_N10000_cnn_E1_clr0.01_fedopt_sgd_slr1.0_sam_rho0.1_112125_19:29:43.ckpt
--- Round 175 of 10000: Training 5 Clients ---
Selected clients: ['8', '63', '54', '3', '35']
--- Updating central model ---
Checkpoint saved in path: checkpoints/cifar10/alpha0.5_K5_N10000_cnn_E1_clr0.01_fedopt_sgd_slr1.0_sam_rho0.1_112125_19:29:43.ckpt
--- Round 176 of 10000: Training 5 Clients ---
Selected clients: ['67', '9', '98', '85', '23']
--- Updating central model ---
Checkpoint saved in path: checkpoints/cifar10/alpha0.5_K5_N10000_cnn_E1_clr0.01_fedopt_sgd_slr1.0_sam_rho0.1_112125_19:29:43.ckpt
--- Round 177 of 10000: Training 5 Clients ---
Selected clients: ['24', '65', '31', '50', '34']
--- Updating central model ---
Checkpoint saved in path: checkpoints/cifar10/alpha0.5_K5_N10000_cnn_E1_clr0.01_fedopt_sgd_slr1.0_sam_rho0.1_112125_19:29:43.ckpt
--- Round 178 of 10000: Training 5 Clients ---
Selected clients: ['13', '40', '4', '19', '16']
--- Updating central model ---
Checkpoint saved in path: checkpoints/cifar10/alpha0.5_K5_N10000_cnn_E1_clr0.01_fedopt_sgd_slr1.0_sam_rho0.1_112125_19:29:43.ckpt
--- Round 179 of 10000: Training 5 Clients ---
Selected clients: ['49', '91', '15', '46', '33']
--- Updating central model ---
Checkpoint saved in path: checkpoints/cifar10/alpha0.5_K5_N10000_cnn_E1_clr0.01_fedopt_sgd_slr1.0_sam_rho0.1_112125_19:29:43.ckpt
--- Round 180 of 10000: Training 5 Clients ---
Selected clients: ['73', '27', '51', '22', '89']
--- Updating central model ---
Checkpoint saved in path: checkpoints/cifar10/alpha0.5_K5_N10000_cnn_E1_clr0.01_fedopt_sgd_slr1.0_sam_rho0.1_112125_19:29:43.ckpt
--- Round 181 of 10000: Training 5 Clients ---
Selected clients: ['42', '64', '98', '59', '57']
--- Updating central model ---
Checkpoint saved in path: checkpoints/cifar10/alpha0.5_K5_N10000_cnn_E1_clr0.01_fedopt_sgd_slr1.0_sam_rho0.1_112125_19:29:43.ckpt
--- Round 182 of 10000: Training 5 Clients ---
Selected clients: ['49', '33', '35', '56', '51']
--- Updating central model ---
Checkpoint saved in path: checkpoints/cifar10/alpha0.5_K5_N10000_cnn_E1_clr0.01_fedopt_sgd_slr1.0_sam_rho0.1_112125_19:29:43.ckpt
--- Round 183 of 10000: Training 5 Clients ---
Selected clients: ['95', '66', '23', '26', '33']
--- Updating central model ---
Checkpoint saved in path: checkpoints/cifar10/alpha0.5_K5_N10000_cnn_E1_clr0.01_fedopt_sgd_slr1.0_sam_rho0.1_112125_19:29:43.ckpt
--- Round 184 of 10000: Training 5 Clients ---
Selected clients: ['0', '94', '87', '27', '83']
--- Updating central model ---
Checkpoint saved in path: checkpoints/cifar10/alpha0.5_K5_N10000_cnn_E1_clr0.01_fedopt_sgd_slr1.0_sam_rho0.1_112125_19:29:43.ckpt
--- Round 185 of 10000: Training 5 Clients ---
Selected clients: ['40', '8', '77', '13', '49']
--- Updating central model ---
Checkpoint saved in path: checkpoints/cifar10/alpha0.5_K5_N10000_cnn_E1_clr0.01_fedopt_sgd_slr1.0_sam_rho0.1_112125_19:29:43.ckpt
--- Round 186 of 10000: Training 5 Clients ---
Selected clients: ['75', '47', '0', '95', '91']
--- Updating central model ---
Checkpoint saved in path: checkpoints/cifar10/alpha0.5_K5_N10000_cnn_E1_clr0.01_fedopt_sgd_slr1.0_sam_rho0.1_112125_19:29:43.ckpt
--- Round 187 of 10000: Training 5 Clients ---
Selected clients: ['55', '91', '9', '3', '71']
--- Updating central model ---
Checkpoint saved in path: checkpoints/cifar10/alpha0.5_K5_N10000_cnn_E1_clr0.01_fedopt_sgd_slr1.0_sam_rho0.1_112125_19:29:43.ckpt
--- Round 188 of 10000: Training 5 Clients ---
Selected clients: ['31', '11', '26', '74', '22']
--- Updating central model ---
Checkpoint saved in path: checkpoints/cifar10/alpha0.5_K5_N10000_cnn_E1_clr0.01_fedopt_sgd_slr1.0_sam_rho0.1_112125_19:29:43.ckpt
--- Round 189 of 10000: Training 5 Clients ---
Selected clients: ['40', '8', '51', '62', '75']
--- Updating central model ---
Checkpoint saved in path: checkpoints/cifar10/alpha0.5_K5_N10000_cnn_E1_clr0.01_fedopt_sgd_slr1.0_sam_rho0.1_112125_19:29:43.ckpt
--- Round 190 of 10000: Training 5 Clients ---
Selected clients: ['24', '29', '96', '13', '91']
--- Updating central model ---
Checkpoint saved in path: checkpoints/cifar10/alpha0.5_K5_N10000_cnn_E1_clr0.01_fedopt_sgd_slr1.0_sam_rho0.1_112125_19:29:43.ckpt
--- Round 191 of 10000: Training 5 Clients ---
Selected clients: ['6', '51', '67', '60', '7']
--- Updating central model ---
Checkpoint saved in path: checkpoints/cifar10/alpha0.5_K5_N10000_cnn_E1_clr0.01_fedopt_sgd_slr1.0_sam_rho0.1_112125_19:29:43.ckpt
--- Round 192 of 10000: Training 5 Clients ---
Selected clients: ['71', '22', '5', '7', '75']
--- Updating central model ---
Checkpoint saved in path: checkpoints/cifar10/alpha0.5_K5_N10000_cnn_E1_clr0.01_fedopt_sgd_slr1.0_sam_rho0.1_112125_19:29:43.ckpt
--- Round 193 of 10000: Training 5 Clients ---
Selected clients: ['75', '5', '93', '23', '96']
--- Updating central model ---
Checkpoint saved in path: checkpoints/cifar10/alpha0.5_K5_N10000_cnn_E1_clr0.01_fedopt_sgd_slr1.0_sam_rho0.1_112125_19:29:43.ckpt
--- Round 194 of 10000: Training 5 Clients ---
Selected clients: ['35', '10', '88', '31', '14']
--- Updating central model ---
Checkpoint saved in path: checkpoints/cifar10/alpha0.5_K5_N10000_cnn_E1_clr0.01_fedopt_sgd_slr1.0_sam_rho0.1_112125_19:29:43.ckpt
--- Round 195 of 10000: Training 5 Clients ---
Selected clients: ['17', '28', '9', '95', '93']
--- Updating central model ---
Checkpoint saved in path: checkpoints/cifar10/alpha0.5_K5_N10000_cnn_E1_clr0.01_fedopt_sgd_slr1.0_sam_rho0.1_112125_19:29:43.ckpt
--- Round 196 of 10000: Training 5 Clients ---
Selected clients: ['20', '89', '3', '73', '60']
--- Updating central model ---
Checkpoint saved in path: checkpoints/cifar10/alpha0.5_K5_N10000_cnn_E1_clr0.01_fedopt_sgd_slr1.0_sam_rho0.1_112125_19:29:43.ckpt
--- Round 197 of 10000: Training 5 Clients ---
Selected clients: ['55', '5', '16', '49', '0']
--- Updating central model ---
Checkpoint saved in path: checkpoints/cifar10/alpha0.5_K5_N10000_cnn_E1_clr0.01_fedopt_sgd_slr1.0_sam_rho0.1_112125_19:29:43.ckpt
--- Round 198 of 10000: Training 5 Clients ---
Selected clients: ['30', '52', '77', '11', '60']
--- Updating central model ---
Checkpoint saved in path: checkpoints/cifar10/alpha0.5_K5_N10000_cnn_E1_clr0.01_fedopt_sgd_slr1.0_sam_rho0.1_112125_19:29:43.ckpt
--- Round 199 of 10000: Training 5 Clients ---
Selected clients: ['40', '21', '17', '80', '51']
--- Updating central model ---
Checkpoint saved in path: checkpoints/cifar10/alpha0.5_K5_N10000_cnn_E1_clr0.01_fedopt_sgd_slr1.0_sam_rho0.1_112125_19:29:43.ckpt
--- Round 200 of 10000: Training 5 Clients ---
Selected clients: ['79', '63', '56', '29', '36']
--- Updating central model ---
train_accuracy: 16.6371, 10th percentile: 3.86581, 50th percentile: 13.6742, 90th percentile 30.5777
train_loss: 2.26965, 10th percentile: 2.24112, 50th percentile: 2.27266, 90th percentile 2.30205
test_accuracy: 17.3, 10th percentile: 17.3, 50th percentile: 17.3, 90th percentile 17.3
test_loss: 2.2684, 10th percentile: 2.2684, 50th percentile: 2.2684, 90th percentile 2.2684
Checkpoint saved in path: checkpoints/cifar10/alpha0.5_K5_N10000_cnn_E1_clr0.01_fedopt_sgd_slr1.0_sam_rho0.1_112125_19:29:43.ckpt
--- Round 201 of 10000: Training 5 Clients ---
Selected clients: ['99', '52', '50', '18', '56']
--- Updating central model ---
Checkpoint saved in path: checkpoints/cifar10/alpha0.5_K5_N10000_cnn_E1_clr0.01_fedopt_sgd_slr1.0_sam_rho0.1_112125_19:29:43.ckpt
--- Round 202 of 10000: Training 5 Clients ---
Selected clients: ['16', '86', '31', '41', '25']
--- Updating central model ---
Checkpoint saved in path: checkpoints/cifar10/alpha0.5_K5_N10000_cnn_E1_clr0.01_fedopt_sgd_slr1.0_sam_rho0.1_112125_19:29:43.ckpt
--- Round 203 of 10000: Training 5 Clients ---
Selected clients: ['59', '39', '40', '72', '73']
--- Updating central model ---
Checkpoint saved in path: checkpoints/cifar10/alpha0.5_K5_N10000_cnn_E1_clr0.01_fedopt_sgd_slr1.0_sam_rho0.1_112125_19:29:43.ckpt
--- Round 204 of 10000: Training 5 Clients ---
Selected clients: ['85', '74', '33', '53', '47']
--- Updating central model ---
Checkpoint saved in path: checkpoints/cifar10/alpha0.5_K5_N10000_cnn_E1_clr0.01_fedopt_sgd_slr1.0_sam_rho0.1_112125_19:29:43.ckpt
--- Round 205 of 10000: Training 5 Clients ---
Selected clients: ['25', '41', '59', '31', '79']
--- Updating central model ---
Checkpoint saved in path: checkpoints/cifar10/alpha0.5_K5_N10000_cnn_E1_clr0.01_fedopt_sgd_slr1.0_sam_rho0.1_112125_19:29:43.ckpt
--- Round 206 of 10000: Training 5 Clients ---
Selected clients: ['47', '31', '97', '33', '62']
--- Updating central model ---
Checkpoint saved in path: checkpoints/cifar10/alpha0.5_K5_N10000_cnn_E1_clr0.01_fedopt_sgd_slr1.0_sam_rho0.1_112125_19:29:43.ckpt
--- Round 207 of 10000: Training 5 Clients ---
Selected clients: ['35', '73', '80', '71', '56']
--- Updating central model ---
Checkpoint saved in path: checkpoints/cifar10/alpha0.5_K5_N10000_cnn_E1_clr0.01_fedopt_sgd_slr1.0_sam_rho0.1_112125_19:29:43.ckpt
--- Round 208 of 10000: Training 5 Clients ---
Selected clients: ['66', '99', '67', '17', '31']
--- Updating central model ---
Checkpoint saved in path: checkpoints/cifar10/alpha0.5_K5_N10000_cnn_E1_clr0.01_fedopt_sgd_slr1.0_sam_rho0.1_112125_19:29:43.ckpt
--- Round 209 of 10000: Training 5 Clients ---
Selected clients: ['42', '6', '93', '73', '29']
--- Updating central model ---
Checkpoint saved in path: checkpoints/cifar10/alpha0.5_K5_N10000_cnn_E1_clr0.01_fedopt_sgd_slr1.0_sam_rho0.1_112125_19:29:43.ckpt
--- Round 210 of 10000: Training 5 Clients ---
Selected clients: ['83', '26', '37', '61', '33']
--- Updating central model ---
Checkpoint saved in path: checkpoints/cifar10/alpha0.5_K5_N10000_cnn_E1_clr0.01_fedopt_sgd_slr1.0_sam_rho0.1_112125_19:29:43.ckpt
--- Round 211 of 10000: Training 5 Clients ---
Selected clients: ['64', '18', '77', '42', '0']
--- Updating central model ---
Checkpoint saved in path: checkpoints/cifar10/alpha0.5_K5_N10000_cnn_E1_clr0.01_fedopt_sgd_slr1.0_sam_rho0.1_112125_19:29:43.ckpt
--- Round 212 of 10000: Training 5 Clients ---
Selected clients: ['52', '80', '38', '22', '25']
--- Updating central model ---
Checkpoint saved in path: checkpoints/cifar10/alpha0.5_K5_N10000_cnn_E1_clr0.01_fedopt_sgd_slr1.0_sam_rho0.1_112125_19:29:43.ckpt
--- Round 213 of 10000: Training 5 Clients ---
Selected clients: ['59', '0', '24', '36', '31']
--- Updating central model ---
Checkpoint saved in path: checkpoints/cifar10/alpha0.5_K5_N10000_cnn_E1_clr0.01_fedopt_sgd_slr1.0_sam_rho0.1_112125_19:29:43.ckpt
--- Round 214 of 10000: Training 5 Clients ---
Selected clients: ['46', '75', '79', '78', '31']
--- Updating central model ---
Checkpoint saved in path: checkpoints/cifar10/alpha0.5_K5_N10000_cnn_E1_clr0.01_fedopt_sgd_slr1.0_sam_rho0.1_112125_19:29:43.ckpt
--- Round 215 of 10000: Training 5 Clients ---
Selected clients: ['71', '29', '33', '12', '11']
--- Updating central model ---
Checkpoint saved in path: checkpoints/cifar10/alpha0.5_K5_N10000_cnn_E1_clr0.01_fedopt_sgd_slr1.0_sam_rho0.1_112125_19:29:43.ckpt
--- Round 216 of 10000: Training 5 Clients ---
Selected clients: ['22', '47', '17', '73', '42']
--- Updating central model ---
Checkpoint saved in path: checkpoints/cifar10/alpha0.5_K5_N10000_cnn_E1_clr0.01_fedopt_sgd_slr1.0_sam_rho0.1_112125_19:29:43.ckpt
--- Round 217 of 10000: Training 5 Clients ---
Selected clients: ['53', '9', '71', '1', '57']
--- Updating central model ---
Checkpoint saved in path: checkpoints/cifar10/alpha0.5_K5_N10000_cnn_E1_clr0.01_fedopt_sgd_slr1.0_sam_rho0.1_112125_19:29:43.ckpt
--- Round 218 of 10000: Training 5 Clients ---
Selected clients: ['61', '62', '66', '21', '6']
--- Updating central model ---
Checkpoint saved in path: checkpoints/cifar10/alpha0.5_K5_N10000_cnn_E1_clr0.01_fedopt_sgd_slr1.0_sam_rho0.1_112125_19:29:43.ckpt
--- Round 219 of 10000: Training 5 Clients ---
Selected clients: ['78', '13', '7', '10', '69']
--- Updating central model ---
Checkpoint saved in path: checkpoints/cifar10/alpha0.5_K5_N10000_cnn_E1_clr0.01_fedopt_sgd_slr1.0_sam_rho0.1_112125_19:29:43.ckpt
--- Round 220 of 10000: Training 5 Clients ---
Selected clients: ['33', '81', '36', '20', '90']
--- Updating central model ---
Checkpoint saved in path: checkpoints/cifar10/alpha0.5_K5_N10000_cnn_E1_clr0.01_fedopt_sgd_slr1.0_sam_rho0.1_112125_19:29:43.ckpt
--- Round 221 of 10000: Training 5 Clients ---
Selected clients: ['30', '67', '39', '17', '14']
--- Updating central model ---
Checkpoint saved in path: checkpoints/cifar10/alpha0.5_K5_N10000_cnn_E1_clr0.01_fedopt_sgd_slr1.0_sam_rho0.1_112125_19:29:43.ckpt
--- Round 222 of 10000: Training 5 Clients ---
Selected clients: ['88', '69', '84', '67', '21']
--- Updating central model ---
Checkpoint saved in path: checkpoints/cifar10/alpha0.5_K5_N10000_cnn_E1_clr0.01_fedopt_sgd_slr1.0_sam_rho0.1_112125_19:29:43.ckpt
--- Round 223 of 10000: Training 5 Clients ---
Selected clients: ['19', '8', '18', '0', '57']
--- Updating central model ---
Checkpoint saved in path: checkpoints/cifar10/alpha0.5_K5_N10000_cnn_E1_clr0.01_fedopt_sgd_slr1.0_sam_rho0.1_112125_19:29:43.ckpt
--- Round 224 of 10000: Training 5 Clients ---
Selected clients: ['73', '79', '41', '52', '78']
--- Updating central model ---
Checkpoint saved in path: checkpoints/cifar10/alpha0.5_K5_N10000_cnn_E1_clr0.01_fedopt_sgd_slr1.0_sam_rho0.1_112125_19:29:43.ckpt
--- Round 225 of 10000: Training 5 Clients ---
Selected clients: ['85', '82', '98', '97', '63']
--- Updating central model ---
Checkpoint saved in path: checkpoints/cifar10/alpha0.5_K5_N10000_cnn_E1_clr0.01_fedopt_sgd_slr1.0_sam_rho0.1_112125_19:29:43.ckpt
--- Round 226 of 10000: Training 5 Clients ---
Selected clients: ['47', '14', '0', '90', '55']
--- Updating central model ---
Checkpoint saved in path: checkpoints/cifar10/alpha0.5_K5_N10000_cnn_E1_clr0.01_fedopt_sgd_slr1.0_sam_rho0.1_112125_19:29:43.ckpt
--- Round 227 of 10000: Training 5 Clients ---
Selected clients: ['10', '16', '8', '72', '64']
--- Updating central model ---
Checkpoint saved in path: checkpoints/cifar10/alpha0.5_K5_N10000_cnn_E1_clr0.01_fedopt_sgd_slr1.0_sam_rho0.1_112125_19:29:43.ckpt
--- Round 228 of 10000: Training 5 Clients ---
Selected clients: ['81', '55', '71', '40', '72']
--- Updating central model ---
Checkpoint saved in path: checkpoints/cifar10/alpha0.5_K5_N10000_cnn_E1_clr0.01_fedopt_sgd_slr1.0_sam_rho0.1_112125_19:29:43.ckpt
--- Round 229 of 10000: Training 5 Clients ---
Selected clients: ['80', '32', '16', '63', '36']
--- Updating central model ---
Checkpoint saved in path: checkpoints/cifar10/alpha0.5_K5_N10000_cnn_E1_clr0.01_fedopt_sgd_slr1.0_sam_rho0.1_112125_19:29:43.ckpt
--- Round 230 of 10000: Training 5 Clients ---
Selected clients: ['95', '12', '46', '26', '1']
--- Updating central model ---
Checkpoint saved in path: checkpoints/cifar10/alpha0.5_K5_N10000_cnn_E1_clr0.01_fedopt_sgd_slr1.0_sam_rho0.1_112125_19:29:43.ckpt
--- Round 231 of 10000: Training 5 Clients ---
Selected clients: ['1', '30', '2', '68', '75']
--- Updating central model ---
Checkpoint saved in path: checkpoints/cifar10/alpha0.5_K5_N10000_cnn_E1_clr0.01_fedopt_sgd_slr1.0_sam_rho0.1_112125_19:29:43.ckpt
--- Round 232 of 10000: Training 5 Clients ---
Selected clients: ['86', '93', '63', '0', '30']
--- Updating central model ---
Checkpoint saved in path: checkpoints/cifar10/alpha0.5_K5_N10000_cnn_E1_clr0.01_fedopt_sgd_slr1.0_sam_rho0.1_112125_19:29:43.ckpt
--- Round 233 of 10000: Training 5 Clients ---
Selected clients: ['57', '4', '51', '52', '85']
--- Updating central model ---
Checkpoint saved in path: checkpoints/cifar10/alpha0.5_K5_N10000_cnn_E1_clr0.01_fedopt_sgd_slr1.0_sam_rho0.1_112125_19:29:43.ckpt
--- Round 234 of 10000: Training 5 Clients ---
Selected clients: ['34', '41', '54', '16', '90']
--- Updating central model ---
Checkpoint saved in path: checkpoints/cifar10/alpha0.5_K5_N10000_cnn_E1_clr0.01_fedopt_sgd_slr1.0_sam_rho0.1_112125_19:29:43.ckpt
--- Round 235 of 10000: Training 5 Clients ---
Selected clients: ['28', '0', '26', '15', '64']
--- Updating central model ---
Checkpoint saved in path: checkpoints/cifar10/alpha0.5_K5_N10000_cnn_E1_clr0.01_fedopt_sgd_slr1.0_sam_rho0.1_112125_19:29:43.ckpt
--- Round 236 of 10000: Training 5 Clients ---
Selected clients: ['34', '49', '73', '83', '36']
--- Updating central model ---
Checkpoint saved in path: checkpoints/cifar10/alpha0.5_K5_N10000_cnn_E1_clr0.01_fedopt_sgd_slr1.0_sam_rho0.1_112125_19:29:43.ckpt
--- Round 237 of 10000: Training 5 Clients ---
Selected clients: ['36', '73', '26', '66', '83']
--- Updating central model ---
Checkpoint saved in path: checkpoints/cifar10/alpha0.5_K5_N10000_cnn_E1_clr0.01_fedopt_sgd_slr1.0_sam_rho0.1_112125_19:29:43.ckpt
--- Round 238 of 10000: Training 5 Clients ---
Selected clients: ['94', '64', '47', '5', '2']
--- Updating central model ---
Checkpoint saved in path: checkpoints/cifar10/alpha0.5_K5_N10000_cnn_E1_clr0.01_fedopt_sgd_slr1.0_sam_rho0.1_112125_19:29:43.ckpt
--- Round 239 of 10000: Training 5 Clients ---
Selected clients: ['38', '79', '30', '93', '46']
--- Updating central model ---
Checkpoint saved in path: checkpoints/cifar10/alpha0.5_K5_N10000_cnn_E1_clr0.01_fedopt_sgd_slr1.0_sam_rho0.1_112125_19:29:43.ckpt
--- Round 240 of 10000: Training 5 Clients ---
Selected clients: ['68', '27', '78', '26', '11']
--- Updating central model ---
Checkpoint saved in path: checkpoints/cifar10/alpha0.5_K5_N10000_cnn_E1_clr0.01_fedopt_sgd_slr1.0_sam_rho0.1_112125_19:29:43.ckpt
--- Round 241 of 10000: Training 5 Clients ---
Selected clients: ['73', '94', '66', '97', '57']
--- Updating central model ---
Checkpoint saved in path: checkpoints/cifar10/alpha0.5_K5_N10000_cnn_E1_clr0.01_fedopt_sgd_slr1.0_sam_rho0.1_112125_19:29:43.ckpt
--- Round 242 of 10000: Training 5 Clients ---
Selected clients: ['62', '54', '24', '9', '13']
--- Updating central model ---
Checkpoint saved in path: checkpoints/cifar10/alpha0.5_K5_N10000_cnn_E1_clr0.01_fedopt_sgd_slr1.0_sam_rho0.1_112125_19:29:43.ckpt
--- Round 243 of 10000: Training 5 Clients ---
Selected clients: ['66', '53', '56', '79', '1']
--- Updating central model ---
Checkpoint saved in path: checkpoints/cifar10/alpha0.5_K5_N10000_cnn_E1_clr0.01_fedopt_sgd_slr1.0_sam_rho0.1_112125_19:29:43.ckpt
--- Round 244 of 10000: Training 5 Clients ---
Selected clients: ['52', '26', '23', '2', '41']
--- Updating central model ---
Checkpoint saved in path: checkpoints/cifar10/alpha0.5_K5_N10000_cnn_E1_clr0.01_fedopt_sgd_slr1.0_sam_rho0.1_112125_19:29:43.ckpt
--- Round 245 of 10000: Training 5 Clients ---
Selected clients: ['44', '24', '31', '14', '45']
--- Updating central model ---
Checkpoint saved in path: checkpoints/cifar10/alpha0.5_K5_N10000_cnn_E1_clr0.01_fedopt_sgd_slr1.0_sam_rho0.1_112125_19:29:43.ckpt
--- Round 246 of 10000: Training 5 Clients ---
Selected clients: ['66', '4', '19', '25', '91']
--- Updating central model ---
Checkpoint saved in path: checkpoints/cifar10/alpha0.5_K5_N10000_cnn_E1_clr0.01_fedopt_sgd_slr1.0_sam_rho0.1_112125_19:29:43.ckpt
--- Round 247 of 10000: Training 5 Clients ---
Selected clients: ['96', '52', '56', '69', '27']
--- Updating central model ---
Checkpoint saved in path: checkpoints/cifar10/alpha0.5_K5_N10000_cnn_E1_clr0.01_fedopt_sgd_slr1.0_sam_rho0.1_112125_19:29:43.ckpt
--- Round 248 of 10000: Training 5 Clients ---
Selected clients: ['63', '56', '48', '59', '10']
--- Updating central model ---
Checkpoint saved in path: checkpoints/cifar10/alpha0.5_K5_N10000_cnn_E1_clr0.01_fedopt_sgd_slr1.0_sam_rho0.1_112125_19:29:43.ckpt
--- Round 249 of 10000: Training 5 Clients ---
Selected clients: ['34', '10', '11', '76', '29']
--- Updating central model ---
Checkpoint saved in path: checkpoints/cifar10/alpha0.5_K5_N10000_cnn_E1_clr0.01_fedopt_sgd_slr1.0_sam_rho0.1_112125_19:29:43.ckpt
--- Round 250 of 10000: Training 5 Clients ---
Selected clients: ['38', '41', '61', '64', '39']
--- Updating central model ---
Checkpoint saved in path: checkpoints/cifar10/alpha0.5_K5_N10000_cnn_E1_clr0.01_fedopt_sgd_slr1.0_sam_rho0.1_112125_19:29:43.ckpt
--- Round 251 of 10000: Training 5 Clients ---
Selected clients: ['67', '70', '12', '11', '41']
--- Updating central model ---
Checkpoint saved in path: checkpoints/cifar10/alpha0.5_K5_N10000_cnn_E1_clr0.01_fedopt_sgd_slr1.0_sam_rho0.1_112125_19:29:43.ckpt
--- Round 252 of 10000: Training 5 Clients ---
Selected clients: ['66', '57', '86', '69', '39']
--- Updating central model ---
Checkpoint saved in path: checkpoints/cifar10/alpha0.5_K5_N10000_cnn_E1_clr0.01_fedopt_sgd_slr1.0_sam_rho0.1_112125_19:29:43.ckpt
--- Round 253 of 10000: Training 5 Clients ---
Selected clients: ['99', '17', '10', '96', '1']
--- Updating central model ---
Checkpoint saved in path: checkpoints/cifar10/alpha0.5_K5_N10000_cnn_E1_clr0.01_fedopt_sgd_slr1.0_sam_rho0.1_112125_19:29:43.ckpt
--- Round 254 of 10000: Training 5 Clients ---
Selected clients: ['28', '16', '98', '55', '50']
--- Updating central model ---
Checkpoint saved in path: checkpoints/cifar10/alpha0.5_K5_N10000_cnn_E1_clr0.01_fedopt_sgd_slr1.0_sam_rho0.1_112125_19:29:43.ckpt
--- Round 255 of 10000: Training 5 Clients ---
Selected clients: ['78', '57', '81', '7', '10']
--- Updating central model ---
Checkpoint saved in path: checkpoints/cifar10/alpha0.5_K5_N10000_cnn_E1_clr0.01_fedopt_sgd_slr1.0_sam_rho0.1_112125_19:29:43.ckpt
--- Round 256 of 10000: Training 5 Clients ---
Selected clients: ['70', '19', '49', '6', '23']
--- Updating central model ---
Checkpoint saved in path: checkpoints/cifar10/alpha0.5_K5_N10000_cnn_E1_clr0.01_fedopt_sgd_slr1.0_sam_rho0.1_112125_19:29:43.ckpt
--- Round 257 of 10000: Training 5 Clients ---
Selected clients: ['9', '70', '43', '29', '82']
--- Updating central model ---
Checkpoint saved in path: checkpoints/cifar10/alpha0.5_K5_N10000_cnn_E1_clr0.01_fedopt_sgd_slr1.0_sam_rho0.1_112125_19:29:43.ckpt
--- Round 258 of 10000: Training 5 Clients ---
Selected clients: ['30', '22', '4', '54', '46']
--- Updating central model ---
Checkpoint saved in path: checkpoints/cifar10/alpha0.5_K5_N10000_cnn_E1_clr0.01_fedopt_sgd_slr1.0_sam_rho0.1_112125_19:29:43.ckpt
--- Round 259 of 10000: Training 5 Clients ---
Selected clients: ['93', '81', '31', '12', '92']
--- Updating central model ---
Checkpoint saved in path: checkpoints/cifar10/alpha0.5_K5_N10000_cnn_E1_clr0.01_fedopt_sgd_slr1.0_sam_rho0.1_112125_19:29:43.ckpt
--- Round 260 of 10000: Training 5 Clients ---
Selected clients: ['23', '11', '69', '27', '36']
--- Updating central model ---
Checkpoint saved in path: checkpoints/cifar10/alpha0.5_K5_N10000_cnn_E1_clr0.01_fedopt_sgd_slr1.0_sam_rho0.1_112125_19:29:43.ckpt
--- Round 261 of 10000: Training 5 Clients ---
Selected clients: ['83', '62', '2', '30', '0']
--- Updating central model ---
Checkpoint saved in path: checkpoints/cifar10/alpha0.5_K5_N10000_cnn_E1_clr0.01_fedopt_sgd_slr1.0_sam_rho0.1_112125_19:29:43.ckpt
--- Round 262 of 10000: Training 5 Clients ---
Selected clients: ['81', '58', '6', '93', '92']
--- Updating central model ---
Checkpoint saved in path: checkpoints/cifar10/alpha0.5_K5_N10000_cnn_E1_clr0.01_fedopt_sgd_slr1.0_sam_rho0.1_112125_19:29:43.ckpt
--- Round 263 of 10000: Training 5 Clients ---
Selected clients: ['91', '23', '51', '8', '97']
--- Updating central model ---
Checkpoint saved in path: checkpoints/cifar10/alpha0.5_K5_N10000_cnn_E1_clr0.01_fedopt_sgd_slr1.0_sam_rho0.1_112125_19:29:43.ckpt
--- Round 264 of 10000: Training 5 Clients ---
Selected clients: ['80', '60', '27', '28', '32']
--- Updating central model ---
Checkpoint saved in path: checkpoints/cifar10/alpha0.5_K5_N10000_cnn_E1_clr0.01_fedopt_sgd_slr1.0_sam_rho0.1_112125_19:29:43.ckpt
--- Round 265 of 10000: Training 5 Clients ---
Selected clients: ['7', '89', '94', '97', '51']
--- Updating central model ---
Checkpoint saved in path: checkpoints/cifar10/alpha0.5_K5_N10000_cnn_E1_clr0.01_fedopt_sgd_slr1.0_sam_rho0.1_112125_19:29:43.ckpt
--- Round 266 of 10000: Training 5 Clients ---
Selected clients: ['88', '1', '80', '13', '23']
--- Updating central model ---
Checkpoint saved in path: checkpoints/cifar10/alpha0.5_K5_N10000_cnn_E1_clr0.01_fedopt_sgd_slr1.0_sam_rho0.1_112125_19:29:43.ckpt
--- Round 267 of 10000: Training 5 Clients ---
Selected clients: ['38', '65', '35', '82', '21']
--- Updating central model ---
Checkpoint saved in path: checkpoints/cifar10/alpha0.5_K5_N10000_cnn_E1_clr0.01_fedopt_sgd_slr1.0_sam_rho0.1_112125_19:29:43.ckpt
--- Round 268 of 10000: Training 5 Clients ---
Selected clients: ['26', '34', '30', '61', '69']
--- Updating central model ---
Checkpoint saved in path: checkpoints/cifar10/alpha0.5_K5_N10000_cnn_E1_clr0.01_fedopt_sgd_slr1.0_sam_rho0.1_112125_19:29:43.ckpt
--- Round 269 of 10000: Training 5 Clients ---
Selected clients: ['21', '89', '36', '26', '10']
--- Updating central model ---
Checkpoint saved in path: checkpoints/cifar10/alpha0.5_K5_N10000_cnn_E1_clr0.01_fedopt_sgd_slr1.0_sam_rho0.1_112125_19:29:43.ckpt
--- Round 270 of 10000: Training 5 Clients ---
Selected clients: ['72', '61', '94', '81', '58']
--- Updating central model ---
Checkpoint saved in path: checkpoints/cifar10/alpha0.5_K5_N10000_cnn_E1_clr0.01_fedopt_sgd_slr1.0_sam_rho0.1_112125_19:29:43.ckpt
--- Round 271 of 10000: Training 5 Clients ---
Selected clients: ['80', '90', '88', '71', '68']
--- Updating central model ---
Checkpoint saved in path: checkpoints/cifar10/alpha0.5_K5_N10000_cnn_E1_clr0.01_fedopt_sgd_slr1.0_sam_rho0.1_112125_19:29:43.ckpt
--- Round 272 of 10000: Training 5 Clients ---
Selected clients: ['46', '93', '20', '9', '0']
--- Updating central model ---
Checkpoint saved in path: checkpoints/cifar10/alpha0.5_K5_N10000_cnn_E1_clr0.01_fedopt_sgd_slr1.0_sam_rho0.1_112125_19:29:43.ckpt
--- Round 273 of 10000: Training 5 Clients ---
Selected clients: ['0', '11', '88', '95', '89']
--- Updating central model ---
Checkpoint saved in path: checkpoints/cifar10/alpha0.5_K5_N10000_cnn_E1_clr0.01_fedopt_sgd_slr1.0_sam_rho0.1_112125_19:29:43.ckpt
--- Round 274 of 10000: Training 5 Clients ---
Selected clients: ['30', '81', '31', '53', '58']
--- Updating central model ---
Checkpoint saved in path: checkpoints/cifar10/alpha0.5_K5_N10000_cnn_E1_clr0.01_fedopt_sgd_slr1.0_sam_rho0.1_112125_19:29:43.ckpt
--- Round 275 of 10000: Training 5 Clients ---
Selected clients: ['42', '56', '84', '52', '77']
--- Updating central model ---
Checkpoint saved in path: checkpoints/cifar10/alpha0.5_K5_N10000_cnn_E1_clr0.01_fedopt_sgd_slr1.0_sam_rho0.1_112125_19:29:43.ckpt
--- Round 276 of 10000: Training 5 Clients ---
Selected clients: ['91', '82', '51', '73', '57']
--- Updating central model ---
Checkpoint saved in path: checkpoints/cifar10/alpha0.5_K5_N10000_cnn_E1_clr0.01_fedopt_sgd_slr1.0_sam_rho0.1_112125_19:29:43.ckpt
--- Round 277 of 10000: Training 5 Clients ---
Selected clients: ['43', '15', '63', '2', '9']
--- Updating central model ---
Checkpoint saved in path: checkpoints/cifar10/alpha0.5_K5_N10000_cnn_E1_clr0.01_fedopt_sgd_slr1.0_sam_rho0.1_112125_19:29:43.ckpt
--- Round 278 of 10000: Training 5 Clients ---
Selected clients: ['51', '67', '92', '99', '9']
--- Updating central model ---
Checkpoint saved in path: checkpoints/cifar10/alpha0.5_K5_N10000_cnn_E1_clr0.01_fedopt_sgd_slr1.0_sam_rho0.1_112125_19:29:43.ckpt
--- Round 279 of 10000: Training 5 Clients ---
Selected clients: ['18', '77', '46', '52', '7']
--- Updating central model ---
Checkpoint saved in path: checkpoints/cifar10/alpha0.5_K5_N10000_cnn_E1_clr0.01_fedopt_sgd_slr1.0_sam_rho0.1_112125_19:29:43.ckpt
--- Round 280 of 10000: Training 5 Clients ---
Selected clients: ['50', '90', '73', '55', '13']
--- Updating central model ---
Checkpoint saved in path: checkpoints/cifar10/alpha0.5_K5_N10000_cnn_E1_clr0.01_fedopt_sgd_slr1.0_sam_rho0.1_112125_19:29:43.ckpt
--- Round 281 of 10000: Training 5 Clients ---
Selected clients: ['69', '42', '76', '57', '92']
--- Updating central model ---
Checkpoint saved in path: checkpoints/cifar10/alpha0.5_K5_N10000_cnn_E1_clr0.01_fedopt_sgd_slr1.0_sam_rho0.1_112125_19:29:43.ckpt
--- Round 282 of 10000: Training 5 Clients ---
Selected clients: ['91', '33', '71', '9', '32']
--- Updating central model ---
Checkpoint saved in path: checkpoints/cifar10/alpha0.5_K5_N10000_cnn_E1_clr0.01_fedopt_sgd_slr1.0_sam_rho0.1_112125_19:29:43.ckpt
--- Round 283 of 10000: Training 5 Clients ---
Selected clients: ['98', '21', '11', '71', '58']
--- Updating central model ---
Checkpoint saved in path: checkpoints/cifar10/alpha0.5_K5_N10000_cnn_E1_clr0.01_fedopt_sgd_slr1.0_sam_rho0.1_112125_19:29:43.ckpt
--- Round 284 of 10000: Training 5 Clients ---
Selected clients: ['4', '80', '62', '94', '93']
--- Updating central model ---
Checkpoint saved in path: checkpoints/cifar10/alpha0.5_K5_N10000_cnn_E1_clr0.01_fedopt_sgd_slr1.0_sam_rho0.1_112125_19:29:43.ckpt
--- Round 285 of 10000: Training 5 Clients ---
Selected clients: ['47', '6', '7', '93', '60']
--- Updating central model ---
Checkpoint saved in path: checkpoints/cifar10/alpha0.5_K5_N10000_cnn_E1_clr0.01_fedopt_sgd_slr1.0_sam_rho0.1_112125_19:29:43.ckpt
--- Round 286 of 10000: Training 5 Clients ---
Selected clients: ['69', '98', '66', '67', '23']
--- Updating central model ---
Checkpoint saved in path: checkpoints/cifar10/alpha0.5_K5_N10000_cnn_E1_clr0.01_fedopt_sgd_slr1.0_sam_rho0.1_112125_19:29:43.ckpt
--- Round 287 of 10000: Training 5 Clients ---
Selected clients: ['71', '52', '21', '79', '95']
--- Updating central model ---
Checkpoint saved in path: checkpoints/cifar10/alpha0.5_K5_N10000_cnn_E1_clr0.01_fedopt_sgd_slr1.0_sam_rho0.1_112125_19:29:43.ckpt
--- Round 288 of 10000: Training 5 Clients ---
Selected clients: ['9', '65', '85', '97', '43']
--- Updating central model ---
Checkpoint saved in path: checkpoints/cifar10/alpha0.5_K5_N10000_cnn_E1_clr0.01_fedopt_sgd_slr1.0_sam_rho0.1_112125_19:29:43.ckpt
--- Round 289 of 10000: Training 5 Clients ---
Selected clients: ['37', '52', '68', '74', '29']
--- Updating central model ---
Checkpoint saved in path: checkpoints/cifar10/alpha0.5_K5_N10000_cnn_E1_clr0.01_fedopt_sgd_slr1.0_sam_rho0.1_112125_19:29:43.ckpt
--- Round 290 of 10000: Training 5 Clients ---
Selected clients: ['16', '40', '91', '45', '1']
--- Updating central model ---
Checkpoint saved in path: checkpoints/cifar10/alpha0.5_K5_N10000_cnn_E1_clr0.01_fedopt_sgd_slr1.0_sam_rho0.1_112125_19:29:43.ckpt
--- Round 291 of 10000: Training 5 Clients ---
Selected clients: ['32', '48', '12', '93', '58']
--- Updating central model ---
Checkpoint saved in path: checkpoints/cifar10/alpha0.5_K5_N10000_cnn_E1_clr0.01_fedopt_sgd_slr1.0_sam_rho0.1_112125_19:29:43.ckpt
--- Round 292 of 10000: Training 5 Clients ---
Selected clients: ['63', '11', '96', '50', '46']
--- Updating central model ---
Checkpoint saved in path: checkpoints/cifar10/alpha0.5_K5_N10000_cnn_E1_clr0.01_fedopt_sgd_slr1.0_sam_rho0.1_112125_19:29:43.ckpt
--- Round 293 of 10000: Training 5 Clients ---
Selected clients: ['74', '33', '76', '89', '25']
--- Updating central model ---
Checkpoint saved in path: checkpoints/cifar10/alpha0.5_K5_N10000_cnn_E1_clr0.01_fedopt_sgd_slr1.0_sam_rho0.1_112125_19:29:43.ckpt
--- Round 294 of 10000: Training 5 Clients ---
Selected clients: ['87', '19', '96', '91', '52']
--- Updating central model ---
Checkpoint saved in path: checkpoints/cifar10/alpha0.5_K5_N10000_cnn_E1_clr0.01_fedopt_sgd_slr1.0_sam_rho0.1_112125_19:29:43.ckpt
--- Round 295 of 10000: Training 5 Clients ---
Selected clients: ['8', '93', '52', '82', '57']
--- Updating central model ---
Checkpoint saved in path: checkpoints/cifar10/alpha0.5_K5_N10000_cnn_E1_clr0.01_fedopt_sgd_slr1.0_sam_rho0.1_112125_19:29:43.ckpt
--- Round 296 of 10000: Training 5 Clients ---
Selected clients: ['36', '17', '61', '80', '62']
--- Updating central model ---
Checkpoint saved in path: checkpoints/cifar10/alpha0.5_K5_N10000_cnn_E1_clr0.01_fedopt_sgd_slr1.0_sam_rho0.1_112125_19:29:43.ckpt
--- Round 297 of 10000: Training 5 Clients ---
Selected clients: ['80', '4', '59', '90', '65']
--- Updating central model ---
Checkpoint saved in path: checkpoints/cifar10/alpha0.5_K5_N10000_cnn_E1_clr0.01_fedopt_sgd_slr1.0_sam_rho0.1_112125_19:29:43.ckpt
--- Round 298 of 10000: Training 5 Clients ---
Selected clients: ['64', '31', '90', '22', '25']
--- Updating central model ---
Checkpoint saved in path: checkpoints/cifar10/alpha0.5_K5_N10000_cnn_E1_clr0.01_fedopt_sgd_slr1.0_sam_rho0.1_112125_19:29:43.ckpt
--- Round 299 of 10000: Training 5 Clients ---
Selected clients: ['62', '37', '61', '32', '79']
--- Updating central model ---
Checkpoint saved in path: checkpoints/cifar10/alpha0.5_K5_N10000_cnn_E1_clr0.01_fedopt_sgd_slr1.0_sam_rho0.1_112125_19:29:43.ckpt
--- Round 300 of 10000: Training 5 Clients ---
Selected clients: ['9', '31', '99', '14', '58']
--- Updating central model ---
train_accuracy: 20.7514, 10th percentile: 4.51623, 50th percentile: 19.2015, 90th percentile 36.1544
train_loss: 2.09927, 10th percentile: 1.98693, 50th percentile: 2.10865, 90th percentile 2.21532
test_accuracy: 20.6, 10th percentile: 20.6, 50th percentile: 20.6, 90th percentile 20.6
test_loss: 2.09064, 10th percentile: 2.09064, 50th percentile: 2.09064, 90th percentile 2.09064
Checkpoint saved in path: checkpoints/cifar10/alpha0.5_K5_N10000_cnn_E1_clr0.01_fedopt_sgd_slr1.0_sam_rho0.1_112125_19:29:43.ckpt
--- Round 301 of 10000: Training 5 Clients ---
Selected clients: ['59', '73', '89', '77', '70']
--- Updating central model ---
Checkpoint saved in path: checkpoints/cifar10/alpha0.5_K5_N10000_cnn_E1_clr0.01_fedopt_sgd_slr1.0_sam_rho0.1_112125_19:29:43.ckpt
--- Round 302 of 10000: Training 5 Clients ---
Selected clients: ['97', '52', '7', '77', '49']
--- Updating central model ---
Checkpoint saved in path: checkpoints/cifar10/alpha0.5_K5_N10000_cnn_E1_clr0.01_fedopt_sgd_slr1.0_sam_rho0.1_112125_19:29:43.ckpt
--- Round 303 of 10000: Training 5 Clients ---
Selected clients: ['0', '64', '6', '14', '13']
--- Updating central model ---
Checkpoint saved in path: checkpoints/cifar10/alpha0.5_K5_N10000_cnn_E1_clr0.01_fedopt_sgd_slr1.0_sam_rho0.1_112125_19:29:43.ckpt
--- Round 304 of 10000: Training 5 Clients ---
Selected clients: ['41', '13', '35', '55', '46']
--- Updating central model ---
Checkpoint saved in path: checkpoints/cifar10/alpha0.5_K5_N10000_cnn_E1_clr0.01_fedopt_sgd_slr1.0_sam_rho0.1_112125_19:29:43.ckpt
--- Round 305 of 10000: Training 5 Clients ---
Selected clients: ['54', '62', '31', '11', '95']
--- Updating central model ---
Checkpoint saved in path: checkpoints/cifar10/alpha0.5_K5_N10000_cnn_E1_clr0.01_fedopt_sgd_slr1.0_sam_rho0.1_112125_19:29:43.ckpt
--- Round 306 of 10000: Training 5 Clients ---
Selected clients: ['25', '11', '4', '0', '52']
--- Updating central model ---
Checkpoint saved in path: checkpoints/cifar10/alpha0.5_K5_N10000_cnn_E1_clr0.01_fedopt_sgd_slr1.0_sam_rho0.1_112125_19:29:43.ckpt
--- Round 307 of 10000: Training 5 Clients ---
Selected clients: ['52', '30', '84', '57', '10']
--- Updating central model ---
Checkpoint saved in path: checkpoints/cifar10/alpha0.5_K5_N10000_cnn_E1_clr0.01_fedopt_sgd_slr1.0_sam_rho0.1_112125_19:29:43.ckpt
--- Round 308 of 10000: Training 5 Clients ---
Selected clients: ['14', '3', '5', '43', '52']
--- Updating central model ---
Checkpoint saved in path: checkpoints/cifar10/alpha0.5_K5_N10000_cnn_E1_clr0.01_fedopt_sgd_slr1.0_sam_rho0.1_112125_19:29:43.ckpt
--- Round 309 of 10000: Training 5 Clients ---
Selected clients: ['30', '85', '91', '1', '75']
--- Updating central model ---
Checkpoint saved in path: checkpoints/cifar10/alpha0.5_K5_N10000_cnn_E1_clr0.01_fedopt_sgd_slr1.0_sam_rho0.1_112125_19:29:43.ckpt
--- Round 310 of 10000: Training 5 Clients ---
Selected clients: ['43', '35', '53', '96', '25']
--- Updating central model ---
Checkpoint saved in path: checkpoints/cifar10/alpha0.5_K5_N10000_cnn_E1_clr0.01_fedopt_sgd_slr1.0_sam_rho0.1_112125_19:29:43.ckpt
--- Round 311 of 10000: Training 5 Clients ---
Selected clients: ['77', '72', '79', '65', '69']
--- Updating central model ---
Checkpoint saved in path: checkpoints/cifar10/alpha0.5_K5_N10000_cnn_E1_clr0.01_fedopt_sgd_slr1.0_sam_rho0.1_112125_19:29:43.ckpt
--- Round 312 of 10000: Training 5 Clients ---
Selected clients: ['89', '50', '31', '6', '62']
--- Updating central model ---
Checkpoint saved in path: checkpoints/cifar10/alpha0.5_K5_N10000_cnn_E1_clr0.01_fedopt_sgd_slr1.0_sam_rho0.1_112125_19:29:43.ckpt
--- Round 313 of 10000: Training 5 Clients ---
Selected clients: ['70', '18', '31', '88', '75']
--- Updating central model ---
Checkpoint saved in path: checkpoints/cifar10/alpha0.5_K5_N10000_cnn_E1_clr0.01_fedopt_sgd_slr1.0_sam_rho0.1_112125_19:29:43.ckpt
--- Round 314 of 10000: Training 5 Clients ---
Selected clients: ['17', '32', '3', '52', '35']
--- Updating central model ---
Checkpoint saved in path: checkpoints/cifar10/alpha0.5_K5_N10000_cnn_E1_clr0.01_fedopt_sgd_slr1.0_sam_rho0.1_112125_19:29:43.ckpt
--- Round 315 of 10000: Training 5 Clients ---
Selected clients: ['92', '15', '1', '63', '57']
--- Updating central model ---
Checkpoint saved in path: checkpoints/cifar10/alpha0.5_K5_N10000_cnn_E1_clr0.01_fedopt_sgd_slr1.0_sam_rho0.1_112125_19:29:43.ckpt
--- Round 316 of 10000: Training 5 Clients ---
Selected clients: ['45', '98', '6', '64', '22']
--- Updating central model ---
Checkpoint saved in path: checkpoints/cifar10/alpha0.5_K5_N10000_cnn_E1_clr0.01_fedopt_sgd_slr1.0_sam_rho0.1_112125_19:29:43.ckpt
--- Round 317 of 10000: Training 5 Clients ---
Selected clients: ['38', '52', '71', '54', '11']
--- Updating central model ---
Checkpoint saved in path: checkpoints/cifar10/alpha0.5_K5_N10000_cnn_E1_clr0.01_fedopt_sgd_slr1.0_sam_rho0.1_112125_19:29:43.ckpt
--- Round 318 of 10000: Training 5 Clients ---
Selected clients: ['9', '71', '83', '20', '17']
--- Updating central model ---
Checkpoint saved in path: checkpoints/cifar10/alpha0.5_K5_N10000_cnn_E1_clr0.01_fedopt_sgd_slr1.0_sam_rho0.1_112125_19:29:43.ckpt
--- Round 319 of 10000: Training 5 Clients ---
Selected clients: ['3', '56', '67', '7', '76']
--- Updating central model ---
Checkpoint saved in path: checkpoints/cifar10/alpha0.5_K5_N10000_cnn_E1_clr0.01_fedopt_sgd_slr1.0_sam_rho0.1_112125_19:29:43.ckpt
--- Round 320 of 10000: Training 5 Clients ---
Selected clients: ['18', '80', '28', '0', '88']
--- Updating central model ---
Checkpoint saved in path: checkpoints/cifar10/alpha0.5_K5_N10000_cnn_E1_clr0.01_fedopt_sgd_slr1.0_sam_rho0.1_112125_19:29:43.ckpt
--- Round 321 of 10000: Training 5 Clients ---
Selected clients: ['36', '86', '46', '2', '95']
--- Updating central model ---
Checkpoint saved in path: checkpoints/cifar10/alpha0.5_K5_N10000_cnn_E1_clr0.01_fedopt_sgd_slr1.0_sam_rho0.1_112125_19:29:43.ckpt
--- Round 322 of 10000: Training 5 Clients ---
Selected clients: ['91', '26', '9', '76', '94']
--- Updating central model ---
Checkpoint saved in path: checkpoints/cifar10/alpha0.5_K5_N10000_cnn_E1_clr0.01_fedopt_sgd_slr1.0_sam_rho0.1_112125_19:29:43.ckpt
--- Round 323 of 10000: Training 5 Clients ---
Selected clients: ['5', '6', '74', '70', '55']
--- Updating central model ---
Checkpoint saved in path: checkpoints/cifar10/alpha0.5_K5_N10000_cnn_E1_clr0.01_fedopt_sgd_slr1.0_sam_rho0.1_112125_19:29:43.ckpt
--- Round 324 of 10000: Training 5 Clients ---
Selected clients: ['41', '96', '49', '14', '79']
--- Updating central model ---
Checkpoint saved in path: checkpoints/cifar10/alpha0.5_K5_N10000_cnn_E1_clr0.01_fedopt_sgd_slr1.0_sam_rho0.1_112125_19:29:43.ckpt
--- Round 325 of 10000: Training 5 Clients ---
Selected clients: ['0', '32', '10', '17', '7']
--- Updating central model ---
Checkpoint saved in path: checkpoints/cifar10/alpha0.5_K5_N10000_cnn_E1_clr0.01_fedopt_sgd_slr1.0_sam_rho0.1_112125_19:29:43.ckpt
--- Round 326 of 10000: Training 5 Clients ---
Selected clients: ['9', '82', '88', '83', '39']
--- Updating central model ---
Checkpoint saved in path: checkpoints/cifar10/alpha0.5_K5_N10000_cnn_E1_clr0.01_fedopt_sgd_slr1.0_sam_rho0.1_112125_19:29:43.ckpt
--- Round 327 of 10000: Training 5 Clients ---
Selected clients: ['35', '12', '88', '95', '85']
--- Updating central model ---
Checkpoint saved in path: checkpoints/cifar10/alpha0.5_K5_N10000_cnn_E1_clr0.01_fedopt_sgd_slr1.0_sam_rho0.1_112125_19:29:43.ckpt
--- Round 328 of 10000: Training 5 Clients ---
Selected clients: ['44', '2', '79', '56', '97']
--- Updating central model ---
Checkpoint saved in path: checkpoints/cifar10/alpha0.5_K5_N10000_cnn_E1_clr0.01_fedopt_sgd_slr1.0_sam_rho0.1_112125_19:29:43.ckpt
--- Round 329 of 10000: Training 5 Clients ---
Selected clients: ['13', '68', '45', '50', '41']
--- Updating central model ---
Checkpoint saved in path: checkpoints/cifar10/alpha0.5_K5_N10000_cnn_E1_clr0.01_fedopt_sgd_slr1.0_sam_rho0.1_112125_19:29:43.ckpt
--- Round 330 of 10000: Training 5 Clients ---
Selected clients: ['57', '33', '43', '72', '59']
--- Updating central model ---
Checkpoint saved in path: checkpoints/cifar10/alpha0.5_K5_N10000_cnn_E1_clr0.01_fedopt_sgd_slr1.0_sam_rho0.1_112125_19:29:43.ckpt
--- Round 331 of 10000: Training 5 Clients ---
Selected clients: ['53', '44', '96', '75', '2']
--- Updating central model ---
Checkpoint saved in path: checkpoints/cifar10/alpha0.5_K5_N10000_cnn_E1_clr0.01_fedopt_sgd_slr1.0_sam_rho0.1_112125_19:29:43.ckpt
--- Round 332 of 10000: Training 5 Clients ---
Selected clients: ['23', '91', '1', '9', '56']
--- Updating central model ---
Checkpoint saved in path: checkpoints/cifar10/alpha0.5_K5_N10000_cnn_E1_clr0.01_fedopt_sgd_slr1.0_sam_rho0.1_112125_19:29:43.ckpt
--- Round 333 of 10000: Training 5 Clients ---
Selected clients: ['48', '20', '45', '64', '22']
--- Updating central model ---
Checkpoint saved in path: checkpoints/cifar10/alpha0.5_K5_N10000_cnn_E1_clr0.01_fedopt_sgd_slr1.0_sam_rho0.1_112125_19:29:43.ckpt
--- Round 334 of 10000: Training 5 Clients ---
Selected clients: ['37', '14', '73', '52', '17']
--- Updating central model ---
Checkpoint saved in path: checkpoints/cifar10/alpha0.5_K5_N10000_cnn_E1_clr0.01_fedopt_sgd_slr1.0_sam_rho0.1_112125_19:29:43.ckpt
--- Round 335 of 10000: Training 5 Clients ---
Selected clients: ['99', '48', '53', '55', '68']
--- Updating central model ---
Checkpoint saved in path: checkpoints/cifar10/alpha0.5_K5_N10000_cnn_E1_clr0.01_fedopt_sgd_slr1.0_sam_rho0.1_112125_19:29:43.ckpt
--- Round 336 of 10000: Training 5 Clients ---
Selected clients: ['82', '72', '49', '56', '12']
--- Updating central model ---
Checkpoint saved in path: checkpoints/cifar10/alpha0.5_K5_N10000_cnn_E1_clr0.01_fedopt_sgd_slr1.0_sam_rho0.1_112125_19:29:43.ckpt
--- Round 337 of 10000: Training 5 Clients ---
Selected clients: ['11', '68', '47', '78', '19']
--- Updating central model ---
Checkpoint saved in path: checkpoints/cifar10/alpha0.5_K5_N10000_cnn_E1_clr0.01_fedopt_sgd_slr1.0_sam_rho0.1_112125_19:29:43.ckpt
--- Round 338 of 10000: Training 5 Clients ---
Selected clients: ['39', '36', '51', '6', '67']
--- Updating central model ---
Checkpoint saved in path: checkpoints/cifar10/alpha0.5_K5_N10000_cnn_E1_clr0.01_fedopt_sgd_slr1.0_sam_rho0.1_112125_19:29:43.ckpt
--- Round 339 of 10000: Training 5 Clients ---
Selected clients: ['47', '46', '44', '51', '38']
--- Updating central model ---
Checkpoint saved in path: checkpoints/cifar10/alpha0.5_K5_N10000_cnn_E1_clr0.01_fedopt_sgd_slr1.0_sam_rho0.1_112125_19:29:43.ckpt
--- Round 340 of 10000: Training 5 Clients ---
Selected clients: ['38', '0', '55', '83', '4']
--- Updating central model ---
Checkpoint saved in path: checkpoints/cifar10/alpha0.5_K5_N10000_cnn_E1_clr0.01_fedopt_sgd_slr1.0_sam_rho0.1_112125_19:29:43.ckpt
--- Round 341 of 10000: Training 5 Clients ---
Selected clients: ['43', '42', '4', '80', '29']
--- Updating central model ---
Checkpoint saved in path: checkpoints/cifar10/alpha0.5_K5_N10000_cnn_E1_clr0.01_fedopt_sgd_slr1.0_sam_rho0.1_112125_19:29:43.ckpt
--- Round 342 of 10000: Training 5 Clients ---
Selected clients: ['13', '12', '55', '41', '54']
--- Updating central model ---
Checkpoint saved in path: checkpoints/cifar10/alpha0.5_K5_N10000_cnn_E1_clr0.01_fedopt_sgd_slr1.0_sam_rho0.1_112125_19:29:43.ckpt
--- Round 343 of 10000: Training 5 Clients ---
Selected clients: ['32', '13', '94', '29', '16']
--- Updating central model ---
Checkpoint saved in path: checkpoints/cifar10/alpha0.5_K5_N10000_cnn_E1_clr0.01_fedopt_sgd_slr1.0_sam_rho0.1_112125_19:29:43.ckpt
--- Round 344 of 10000: Training 5 Clients ---
Selected clients: ['53', '13', '94', '39', '70']
--- Updating central model ---
Checkpoint saved in path: checkpoints/cifar10/alpha0.5_K5_N10000_cnn_E1_clr0.01_fedopt_sgd_slr1.0_sam_rho0.1_112125_19:29:43.ckpt
--- Round 345 of 10000: Training 5 Clients ---
Selected clients: ['7', '26', '22', '1', '64']
--- Updating central model ---
Checkpoint saved in path: checkpoints/cifar10/alpha0.5_K5_N10000_cnn_E1_clr0.01_fedopt_sgd_slr1.0_sam_rho0.1_112125_19:29:43.ckpt
--- Round 346 of 10000: Training 5 Clients ---
Selected clients: ['32', '93', '69', '28', '66']
--- Updating central model ---
Checkpoint saved in path: checkpoints/cifar10/alpha0.5_K5_N10000_cnn_E1_clr0.01_fedopt_sgd_slr1.0_sam_rho0.1_112125_19:29:43.ckpt
--- Round 347 of 10000: Training 5 Clients ---
Selected clients: ['74', '38', '26', '95', '18']
--- Updating central model ---
Checkpoint saved in path: checkpoints/cifar10/alpha0.5_K5_N10000_cnn_E1_clr0.01_fedopt_sgd_slr1.0_sam_rho0.1_112125_19:29:43.ckpt
--- Round 348 of 10000: Training 5 Clients ---
Selected clients: ['64', '80', '19', '4', '24']
--- Updating central model ---
Checkpoint saved in path: checkpoints/cifar10/alpha0.5_K5_N10000_cnn_E1_clr0.01_fedopt_sgd_slr1.0_sam_rho0.1_112125_19:29:43.ckpt